.version 2

.init
.proc init
1802:   3B0001310000F6917354D80EDE03C0A4000061A240FC00010200020100000000                        door_aot_se             ID_AOT_0, SCE_DOOR, SAT_PL | SAT_MANUAL | SAT_FRONT, 0, 0, -28170, 21619, 3800, 990, -23360, 0, -23967, -960, 0, 1, 2, 0, 2, 1, 0, 0, UNLOCKED, 0
1822:   3B0101310000AD97FF367404FC0804DC0000D809580500180B000A0100000000                        door_aot_se             ID_AOT_1, SCE_DOOR, SAT_PL | SAT_MANUAL | SAT_FRONT, 0, 0, -26707, 14079, 1140, 2300, -9212, 0, 2520, 1368, 0, 24, 11, 0, 10, 1, 0, 0, UNLOCKED, 0
1842:   2D0000000000000000000A000000FFC98EF91C3E000000000000000000000000000000000000            obj_model_set           ID_OBJ_0, 0, 0, 0, 0, 0, 0, 10, 0, -13825, -1650, 15900, 0, 0, 0, 0, 0, 0, 0, 0, 0, 0, 0
1868:   4400001F46000008023318B50000D53C280000000000                                            sce_em_set              0, ID_EM_0, ENEMY_ZOMBIE_RANDOM, 70, AI_DEFAULT, 0, SBK_8, 2, 51, -19176, 0, 15573, 40, 0, 0
187E:   4400011F4600000701341FBD00008B38B80F00000000                                            sce_em_set              0, ID_EM_1, ENEMY_ZOMBIE_RANDOM, 70, AI_DEFAULT, 0, SBK_7, 1, 52, -17121, 0, 14475, 4024, 0, 0
1894:   4400021F468000070036204E204E204ED80F00000000                                            sce_em_set              0, ID_EM_2, ENEMY_ZOMBIE_RANDOM, 70, AI_INACTIVE, 0, SBK_7, 0, 54, 20000, 20000, 20000, 4056, 0, 0
18AA:   4400031F408000070037204E204E204EB80F00000000                                            sce_em_set              0, ID_EM_3, ENEMY_ZOMBIE_RANDOM, 64, AI_INACTIVE, 0, SBK_7, 0, 55, 20000, 20000, 20000, 4024, 0, 0
18C0:   0100                                                                                    evt_end                 0
18C2:   ED47                                                                                    db                      0xED, 0x47

.main
.proc main
18EC:   04FF180A                                                                                evt_exec                255, I_GOSUB, main_0A
18F0:   04FF180B                                                                                evt_exec                255, I_GOSUB, main_0B
18F4:   06002400                                                                                if                      0, off_191C
18F8:   21041B00                                                                                ck                      FG_COMMON, 27, 0
18FC:   46000531FF0018020000                                                                    aot_reset               ID_AOT_0, SCE_EVENT, SAT_PL | SAT_MANUAL | SAT_FRONT, 255, 0, I_GOSUB, main_02, 0, 0
1906:   2C06054100003BA8E344800C7017FF0018020000                                                aot_set                 ID_AOT_6, SCE_EVENT, SAT_PL | SAT_UNDER, 0, 0, -22469, 17635, 3200, 6000, 255, 0, I_GOSUB, main_02, 0, 0
191A:   08                                                                                      endif
191B:   00                                                                                      nop

off_191C:
191C:   1804                                                                                    gosub                   main_04
191E:   1813                                                                                    gosub                   main_13
1920:   04FF1811                                                                                evt_exec                255, I_GOSUB, main_11
1924:   0100                                                                                    evt_end                 0

.proc aot
1926:   0100                                                                                    evt_end                 0

.proc main_02
1928:   46060000000000000000                                                                    aot_reset               ID_AOT_6, SCE_AUTO, SAT_AUTO, 0, 0, 0, 0, 0, 0
1932:   46000131C0A4000061A2                                                                    aot_reset               ID_AOT_0, SCE_DOOR, SAT_PL | SAT_MANUAL | SAT_FRONT, 192, 164, 0, 0, 97, 162
193C:   22041B01                                                                                set                     FG_COMMON, 27, 1
1940:   22011B01                                                                                set                     FG_STATUS, 27, 1
1944:   22020701                                                                                set                     FG_STOP, 7, 1
1948:   090A1E00                                                                                sleep                   10, 30
194C:   360221010000A9A218FCB250                                                                se_on                   2, 289, 0, -23895, -1000, 20658
1958:   04FF1803                                                                                evt_exec                255, I_GOSUB, main_03
195C:   090A0A00                                                                                sleep                   10, 10
1960:   5F64                                                                                    xa_vol                  100
1962:   59000B00                                                                                xa_on                   0, 11
1966:   090A8200                                                                                sleep                   10, 130
196A:   22020700                                                                                set                     FG_STOP, 7, 0
196E:   22011B00                                                                                set                     FG_STATUS, 27, 0
1972:   0100                                                                                    evt_end                 0

.proc main_03
1974:   090A0100                                                                                sleep                   10, 1
1978:   2E0100                                                                                  work_set                WK_PLAYER, 0
197B:   00                                                                                      nop
197C:   41020000000080FF5050                                                                    plc_neck                2, 0, 0, -128, 80, 80
1986:   090A1400                                                                                sleep                   10, 20
198A:   4101D99F30F8BA5D5050                                                                    plc_neck                1, -24615, -2000, 23994, 80, 80
1994:   090A5000                                                                                sleep                   10, 80
1998:   41000000000000001E1E                                                                    plc_neck                0, 0, 0, 0, 30, 30
19A2:   090A3C00                                                                                sleep                   10, 60
19A6:   42                                                                                      plc_ret
19A7:   00                                                                                      nop
19A8:   0100                                                                                    evt_end                 0

.proc main_04
19AA:   06005C00                                                                                if                      0, off_1A0A
19AE:   21048700                                                                                ck                      FG_COMMON, 135, 0
19B2:   2C0403420000BCC28C3C6009FC08000000000000                                                aot_set                 ID_AOT_4, SCE_NORMAL, SAT_EM | SAT_UNDER, 0, 0, -15684, 15500, 2400, 2300, 0, 0, 0, 0, 0, 0
19C6:   2C0503420000BCC248266009A00F000000000000                                                aot_set                 ID_AOT_5, SCE_NORMAL, SAT_EM | SAT_UNDER, 0, 0, -15684, 9800, 2400, 4000, 0, 0, 0, 0, 0, 0
19DA:   2C020641000068C560F0581BB80B050008000100                                                aot_set                 ID_AOT_2, SCE_FLAG_CHG, SAT_PL | SAT_UNDER, 0, 0, -15000, -4000, 7000, 3000, 5, 0, ITEM_CUSTOMSHOTGUN, 0, aot, 0
19EE:   2C030541000054C7890CEC138C0AFF0018060000                                                aot_set                 ID_AOT_3, SCE_EVENT, SAT_PL | SAT_UNDER, 0, 0, -14508, 3209, 5100, 2700, 255, 0, I_GOSUB, main_06, 0, 0
1A02:   370000F4                                                                                sca_id_set              0, 0, 244
1A06:   07001600                                                                                else                    0, off_1A1C

off_1A0A:
1A0A:   2E0400                                                                                  work_set                WK_OBJECT, ID_OBJ_0
1A0D:   00                                                                                      nop
1A0E:   340F0008                                                                                member_set              M_Y_DIR, 2048
1A12:   37000000                                                                                sca_id_set              0, 0, 0
1A16:   04FF1812                                                                                evt_exec                255, I_GOSUB, main_12
1A1A:   00                                                                                      nop
1A1B:   00                                                                                      nop

off_1A1C:
1A1C:   0100                                                                                    evt_end                 0

.proc main_05
1A1E:   06001200                                                                                if                      0, off_1A34
1A22:   21050801                                                                                ck                      FG_ROOM, 8, 1
1A26:   21048700                                                                                ck                      FG_COMMON, 135, 0
1A2A:   22048701                                                                                set                     FG_COMMON, 135, 1
1A2E:   04FF1806                                                                                evt_exec                255, I_GOSUB, main_06
1A32:   08                                                                                      endif
1A33:   00                                                                                      nop

off_1A34:
1A34:   0100                                                                                    evt_end                 0

.proc main_06
1A36:   46030000000000000000                                                                    aot_reset               ID_AOT_3, SCE_AUTO, SAT_AUTO, 0, 0, 0, 0, 0, 0
1A40:   0F043C00                                                                                while                   4, off_1A80
1A44:   21050A00                                                                                ck                      FG_ROOM, 10, 0
1A48:   02                                                                                      evt_next
1A49:   00                                                                                      nop
1A4A:   06001600                                                                                if                      0, off_1A64
1A4E:   23001A000400                                                                            cmp                     0, V_CUT, CMP_EQ, 4
1A54:   06000A00                                                                                if                      0, off_1A62
1A58:   21050400                                                                                ck                      FG_ROOM, 4, 0
1A5C:   22050A01                                                                                set                     FG_ROOM, 10, 1
1A60:   08                                                                                      endif
1A61:   00                                                                                      nop

off_1A62:
1A62:   08                                                                                      endif
1A63:   00                                                                                      nop

off_1A64:
1A64:   06001600                                                                                if                      0, off_1A7E
1A68:   23001A000500                                                                            cmp                     0, V_CUT, CMP_EQ, 5
1A6E:   06000A00                                                                                if                      0, off_1A7C
1A72:   21050400                                                                                ck                      FG_ROOM, 4, 0
1A76:   22050A01                                                                                set                     FG_ROOM, 10, 1
1A7A:   08                                                                                      endif
1A7B:   00                                                                                      nop

off_1A7C:
1A7C:   08                                                                                      endif
1A7D:   00                                                                                      nop

off_1A7E:
1A7E:   1000                                                                                    ewhile                  0

off_1A80:
1A80:   46040000000000000000                                                                    aot_reset               ID_AOT_4, SCE_AUTO, SAT_AUTO, 0, 0, 0, 0, 0, 0
1A8A:   46050000000000000000                                                                    aot_reset               ID_AOT_5, SCE_AUTO, SAT_AUTO, 0, 0, 0, 0, 0, 0
1A94:   22048701                                                                                set                     FG_COMMON, 135, 1
1A98:   22011B01                                                                                set                     FG_STATUS, 27, 1
1A9C:   22020701                                                                                set                     FG_STOP, 7, 1
1AA0:   2902                                                                                    cut_chg                 2
1AA2:   04FF1807                                                                                evt_exec                255, I_GOSUB, main_07
1AA6:   04FF1808                                                                                evt_exec                255, I_GOSUB, main_08
1AAA:   090A1E00                                                                                sleep                   10, 30
1AAE:   22020700                                                                                set                     FG_STOP, 7, 0
1AB2:   22011B00                                                                                set                     FG_STATUS, 27, 0
1AB6:   2904                                                                                    cut_chg                 4
1AB8:   3C01                                                                                    cut_auto                1
1ABA:   0100                                                                                    evt_end                 0

.proc main_07
1ABC:   2E0400                                                                                  work_set                WK_OBJECT, ID_OBJ_0
1ABF:   00                                                                                      nop
1AC0:   340F0000                                                                                member_set              M_Y_DIR, 0
1AC4:   2F04B0FF                                                                                speed_set               4, -80
1AC8:   2F0AF6FF                                                                                speed_set               10, -10
1ACC:   8A0008000000                                                                            nop_8a                  0, 8, 0, 0, 0
1AD2:   8BB401000000                                                                            nop_8b                  180, 1, 0, 0, 0
1AD8:   8BFA05000100                                                                            nop_8b                  250, 5, 0, 1, 0
1ADE:   0D0004000300                                                                            for                     0, off_1AE8, 3
1AE4:   30                                                                                      add_speed
1AE5:   31                                                                                      add_aspeed
1AE6:   0E00                                                                                    next                    0

off_1AE8:
1AE8:   02                                                                                      evt_next
1AE9:   00                                                                                      nop
1AEA:   36020A010400000000000000                                                                se_on                   2, 266, 4, 0, 0, 0
1AF6:   0D0006000400                                                                            for                     0, off_1B02, 4
1AFC:   30                                                                                      add_speed
1AFD:   31                                                                                      add_aspeed
1AFE:   02                                                                                      evt_next
1AFF:   00                                                                                      nop
1B00:   0E00                                                                                    next                    0

off_1B02:
1B02:   0D0006000700                                                                            for                     0, off_1B0E, 7
1B08:   30                                                                                      add_speed
1B09:   31                                                                                      add_aspeed
1B0A:   02                                                                                      evt_next
1B0B:   00                                                                                      nop
1B0C:   0E00                                                                                    next                    0

off_1B0E:
1B0E:   340F0008                                                                                member_set              M_Y_DIR, 2048
1B12:   02                                                                                      evt_next
1B13:   00                                                                                      nop
1B14:   2F043C00                                                                                speed_set               4, 60
1B18:   2F0AECFF                                                                                speed_set               10, -20
1B1C:   0D0006000600                                                                            for                     0, off_1B28, 6
1B22:   30                                                                                      add_speed
1B23:   31                                                                                      add_aspeed
1B24:   02                                                                                      evt_next
1B25:   00                                                                                      nop
1B26:   0E00                                                                                    next                    0

off_1B28:
1B28:   0100                                                                                    evt_end                 0

.proc main_08
1B2A:   37000000                                                                                sca_id_set              0, 0, 0
1B2E:   2E0302                                                                                  work_set                WK_ENEMY, ID_EM_2
1B31:   00                                                                                      nop
1B32:   320019CA0000F33A                                                                        pos_set                 0, -13799, 0, 15091
1B3A:   3D1007                                                                                  member_copy             V_TEMP, M_TYPE
1B3D:   00                                                                                      nop
1B3E:   260001100080                                                                            calc                    0, OP_SUB, V_TEMP, -32768
1B44:   350710                                                                                  member_set2             M_TYPE, V_TEMP
1B47:   00                                                                                      nop
1B48:   2E0303                                                                                  work_set                WK_ENEMY, ID_EM_3
1B4B:   00                                                                                      nop
1B4C:   3200AFA500003A3A                                                                        pos_set                 0, -23121, 0, 14906
1B54:   3D1007                                                                                  member_copy             V_TEMP, M_TYPE
1B57:   00                                                                                      nop
1B58:   260001100080                                                                            calc                    0, OP_SUB, V_TEMP, -32768
1B5E:   350710                                                                                  member_set2             M_TYPE, V_TEMP
1B61:   00                                                                                      nop
1B62:   0100                                                                                    evt_end                 0

.proc main_09
1B64:   2E0300                                                                                  work_set                WK_ENEMY, ID_EM_0
1B67:   00                                                                                      nop
1B68:   34020100                                                                                member_set              M_ROUTINE0, 1
1B6C:   34030D00                                                                                member_set              M_ROUTINE1, 13
1B70:   34040000                                                                                member_set              M_ROUTINE2, 0
1B74:   34050000                                                                                member_set              M_ROUTINE3, 0
1B78:   02                                                                                      evt_next
1B79:   00                                                                                      nop
1B7A:   34030200                                                                                member_set              M_ROUTINE1, 2
1B7E:   34040000                                                                                member_set              M_ROUTINE2, 0
1B82:   0100                                                                                    evt_end                 0

.proc main_0A

off_1B84:
1B84:   06009000                                                                                if                      0, off_1C18
1B88:   23001A000200                                                                            cmp                     0, V_CUT, CMP_EQ, 2
1B8E:   06004200                                                                                if                      0, off_1BD4
1B92:   21050400                                                                                ck                      FG_ROOM, 4, 0
1B96:   2E0300                                                                                  work_set                WK_ENEMY, ID_EM_0
1B99:   00                                                                                      nop
1B9A:   06003400                                                                                if                      0, off_1BD2
1B9E:   21063300                                                                                ck                      FG_ENEMY, 51, 0
1BA2:   06002A00                                                                                if                      0, off_1BD0
1BA6:   3E0002050600                                                                            member_cmp              0, 2, 5, 6, 0
1BAC:   06001E00                                                                                if                      0, off_1BCE
1BB0:   3E0009000400                                                                            member_cmp              0, 9, 0, 4, 0
1BB6:   06001200                                                                                if                      0, off_1BCC
1BBA:   23001D020050                                                                            cmp                     0, V_RNG, CMP_GE, 20480
1BC0:   22050401                                                                                set                     FG_ROOM, 4, 1
1BC4:   04FF180C                                                                                evt_exec                255, I_GOSUB, main_0C
1BC8:   28                                                                                      sce_rnd
1BC9:   00                                                                                      nop
1BCA:   08                                                                                      endif
1BCB:   00                                                                                      nop

off_1BCC:
1BCC:   08                                                                                      endif
1BCD:   00                                                                                      nop

off_1BCE:
1BCE:   08                                                                                      endif
1BCF:   00                                                                                      nop

off_1BD0:
1BD0:   08                                                                                      endif
1BD1:   00                                                                                      nop

off_1BD2:
1BD2:   08                                                                                      endif
1BD3:   00                                                                                      nop

off_1BD4:
1BD4:   06003E00                                                                                if                      0, off_1C16
1BD8:   21050500                                                                                ck                      FG_ROOM, 5, 0
1BDC:   2E0301                                                                                  work_set                WK_ENEMY, ID_EM_1
1BDF:   00                                                                                      nop
1BE0:   06003000                                                                                if                      0, off_1C14
1BE4:   21063400                                                                                ck                      FG_ENEMY, 52, 0
1BE8:   06002600                                                                                if                      0, off_1C12
1BEC:   3E0002050600                                                                            member_cmp              0, 2, 5, 6, 0
1BF2:   06001A00                                                                                if                      0, off_1C10
1BF6:   3E0009000500                                                                            member_cmp              0, 9, 0, 5, 0
1BFC:   06000E00                                                                                if                      0, off_1C0E
1C00:   23001D020070                                                                            cmp                     0, V_RNG, CMP_GE, 28672
1C06:   04FF180D                                                                                evt_exec                255, I_GOSUB, main_0D
1C0A:   28                                                                                      sce_rnd
1C0B:   00                                                                                      nop
1C0C:   08                                                                                      endif
1C0D:   00                                                                                      nop

off_1C0E:
1C0E:   08                                                                                      endif
1C0F:   00                                                                                      nop

off_1C10:
1C10:   08                                                                                      endif
1C11:   00                                                                                      nop

off_1C12:
1C12:   08                                                                                      endif
1C13:   00                                                                                      nop

off_1C14:
1C14:   08                                                                                      endif
1C15:   00                                                                                      nop

off_1C16:
1C16:   08                                                                                      endif
1C17:   00                                                                                      nop

off_1C18:
1C18:   090A0200                                                                                sleep                   10, 2
1C1C:   17FFFF0068FF                                                                            goto                    255, 255, 0, off_1B84
1C22:   0100                                                                                    evt_end                 0

.proc main_0B

off_1C24:
1C24:   06005800                                                                                if                      0, off_1C80
1C28:   21050401                                                                                ck                      FG_ROOM, 4, 1
1C2C:   2E0300                                                                                  work_set                WK_ENEMY, ID_EM_0
1C2F:   00                                                                                      nop
1C30:   06002E00                                                                                if                      0, off_1C62
1C34:   3E0018060080                                                                            member_cmp              0, 24, 6, 0, 128
1C3A:   360220010300000000000000                                                                se_on                   2, 288, 3, 0, 0, 0
1C46:   06000E00                                                                                if                      0, off_1C58
1C4A:   21050700                                                                                ck                      FG_ROOM, 7, 0
1C4E:   22050701                                                                                set                     FG_ROOM, 7, 1
1C52:   180F                                                                                    gosub                   main_0F
1C54:   07000C00                                                                                else                    0, off_1C60

off_1C58:
1C58:   22050700                                                                                set                     FG_ROOM, 7, 0
1C5C:   1810                                                                                    gosub                   main_10
1C5E:   00                                                                                      nop
1C5F:   00                                                                                      nop

off_1C60:
1C60:   08                                                                                      endif
1C61:   00                                                                                      nop

off_1C62:
1C62:   2E0300                                                                                  work_set                WK_ENEMY, ID_EM_0
1C65:   00                                                                                      nop
1C66:   06000A00                                                                                if                      0, off_1C74
1C6A:   3E0018060040                                                                            member_cmp              0, 24, 6, 0, 64
1C70:   07000A00                                                                                else                    0, off_1C7A

off_1C74:
1C74:   22050400                                                                                set                     FG_ROOM, 4, 0
1C78:   00                                                                                      nop
1C79:   00                                                                                      nop

off_1C7A:
1C7A:   34180000                                                                                member_set              M_SCE_FREE1, 0
1C7E:   08                                                                                      endif
1C7F:   00                                                                                      nop

off_1C80:
1C80:   06003A00                                                                                if                      0, off_1CBE
1C84:   21050501                                                                                ck                      FG_ROOM, 5, 1
1C88:   2E0301                                                                                  work_set                WK_ENEMY, ID_EM_1
1C8B:   00                                                                                      nop
1C8C:   06001400                                                                                if                      0, off_1CA4
1C90:   3E0018060080                                                                            member_cmp              0, 24, 6, 0, 128
1C96:   360220010301000000000000                                                                se_on                   2, 288, 259, 0, 0, 0
1CA2:   08                                                                                      endif
1CA3:   00                                                                                      nop

off_1CA4:
1CA4:   06000A00                                                                                if                      0, off_1CB2
1CA8:   3E0018060040                                                                            member_cmp              0, 24, 6, 0, 64
1CAE:   07000A00                                                                                else                    0, off_1CB8

off_1CB2:
1CB2:   22050500                                                                                set                     FG_ROOM, 5, 0
1CB6:   00                                                                                      nop
1CB7:   00                                                                                      nop

off_1CB8:
1CB8:   34180000                                                                                member_set              M_SCE_FREE1, 0
1CBC:   08                                                                                      endif
1CBD:   00                                                                                      nop

off_1CBE:
1CBE:   02                                                                                      evt_next
1CBF:   00                                                                                      nop
1CC0:   17FFFF0064FF                                                                            goto                    255, 255, 0, off_1C24
1CC6:   0100                                                                                    evt_end                 0

.proc main_0C
1CC8:   2E0300                                                                                  work_set                WK_ENEMY, ID_EM_0
1CCB:   00                                                                                      nop
1CCC:   34170080                                                                                member_set              M_SCE_FREE0, -32768
1CD0:   090A0100                                                                                sleep                   10, 1
1CD4:   3D1017                                                                                  member_copy             V_TEMP, M_SCE_FREE0
1CD7:   00                                                                                      nop
1CD8:   26000610FF7F                                                                            calc                    0, OP_AND, V_TEMP, 32767
1CDE:   351710                                                                                  member_set2             M_SCE_FREE0, V_TEMP
1CE1:   00                                                                                      nop
1CE2:   0100                                                                                    evt_end                 0

.proc main_0D
1CE4:   2E0301                                                                                  work_set                WK_ENEMY, ID_EM_1
1CE7:   22050501                                                                                set                     FG_ROOM, 5, 1
1CEB:   00                                                                                      nop
1CEC:   34170040                                                                                member_set              M_SCE_FREE0, 16384
1CF0:   090A0100                                                                                sleep                   10, 1
1CF4:   3D1017                                                                                  member_copy             V_TEMP, M_SCE_FREE0
1CF7:   00                                                                                      nop
1CF8:   26000610FFBF                                                                            calc                    0, OP_AND, V_TEMP, -16385
1CFE:   351710                                                                                  member_set2             M_SCE_FREE0, V_TEMP
1D01:   00                                                                                      nop
1D02:   0100                                                                                    evt_end                 0

.proc main_0E
1D04:   0100                                                                                    evt_end                 0

.proc main_0F
1D06:   2E0400                                                                                  work_set                WK_OBJECT, ID_OBJ_0
1D09:   00                                                                                      nop
1D0A:   340FE2FF                                                                                member_set              M_Y_DIR, -30
1D0E:   02                                                                                      evt_next
1D0F:   00                                                                                      nop
1D10:   340FDDFF                                                                                member_set              M_Y_DIR, -35
1D14:   02                                                                                      evt_next
1D15:   00                                                                                      nop
1D16:   340FE2FF                                                                                member_set              M_Y_DIR, -30
1D1A:   02                                                                                      evt_next
1D1B:   00                                                                                      nop
1D1C:   0100                                                                                    evt_end                 0

.proc main_10
1D1E:   2E0400                                                                                  work_set                WK_OBJECT, ID_OBJ_0
1D21:   00                                                                                      nop
1D22:   340F0000                                                                                member_set              M_Y_DIR, 0
1D26:   02                                                                                      evt_next
1D27:   00                                                                                      nop
1D28:   340F0500                                                                                member_set              M_Y_DIR, 5
1D2C:   02                                                                                      evt_next
1D2D:   00                                                                                      nop
1D2E:   340F0000                                                                                member_set              M_Y_DIR, 0
1D32:   02                                                                                      evt_next
1D33:   00                                                                                      nop
1D34:   0100                                                                                    evt_end                 0

.proc main_11
1D36:   02                                                                                      evt_next

off_1D37:
1D37:   00                                                                                      nop
1D38:   131AD200                                                                                switch                  26, off_1E0E
1D3C:   140014000000                                                                            case                    0, off_1D56, 0
1D42:   510000010141                                                                            sce_bgm_control         BGM_CHANNEL_MAIN, BGM_OP_NOP, BGM_TYPE_PROG0_VOL, 1, 65
1D48:   510000023D41                                                                            sce_bgm_control         BGM_CHANNEL_MAIN, BGM_OP_NOP, BGM_TYPE_PROG1_VOL, 61, 65
1D4E:   510000033341                                                                            sce_bgm_control         BGM_CHANNEL_MAIN, BGM_OP_NOP, BGM_TYPE_PROG2_VOL, 51, 65
1D54:   1A00                                                                                    break                   0

off_1D56:
1D56:   140014000100                                                                            case                    0, off_1D70, 1
1D5C:   510000010141                                                                            sce_bgm_control         BGM_CHANNEL_MAIN, BGM_OP_NOP, BGM_TYPE_PROG0_VOL, 1, 65
1D62:   510000023D41                                                                            sce_bgm_control         BGM_CHANNEL_MAIN, BGM_OP_NOP, BGM_TYPE_PROG1_VOL, 61, 65
1D68:   510000033341                                                                            sce_bgm_control         BGM_CHANNEL_MAIN, BGM_OP_NOP, BGM_TYPE_PROG2_VOL, 51, 65
1D6E:   1A00                                                                                    break                   0

off_1D70:
1D70:   140014000200                                                                            case                    0, off_1D8A, 2
1D76:   510000010141                                                                            sce_bgm_control         BGM_CHANNEL_MAIN, BGM_OP_NOP, BGM_TYPE_PROG0_VOL, 1, 65
1D7C:   510000023D41                                                                            sce_bgm_control         BGM_CHANNEL_MAIN, BGM_OP_NOP, BGM_TYPE_PROG1_VOL, 61, 65
1D82:   510000033341                                                                            sce_bgm_control         BGM_CHANNEL_MAIN, BGM_OP_NOP, BGM_TYPE_PROG2_VOL, 51, 65
1D88:   1A00                                                                                    break                   0

off_1D8A:
1D8A:   140014000300                                                                            case                    0, off_1DA4, 3
1D90:   510000010141                                                                            sce_bgm_control         BGM_CHANNEL_MAIN, BGM_OP_NOP, BGM_TYPE_PROG0_VOL, 1, 65
1D96:   510000023D41                                                                            sce_bgm_control         BGM_CHANNEL_MAIN, BGM_OP_NOP, BGM_TYPE_PROG1_VOL, 61, 65
1D9C:   510000033341                                                                            sce_bgm_control         BGM_CHANNEL_MAIN, BGM_OP_NOP, BGM_TYPE_PROG2_VOL, 51, 65
1DA2:   1A00                                                                                    break                   0

off_1DA4:
1DA4:   140014000400                                                                            case                    0, off_1DBE, 4
1DAA:   510000010141                                                                            sce_bgm_control         BGM_CHANNEL_MAIN, BGM_OP_NOP, BGM_TYPE_PROG0_VOL, 1, 65
1DB0:   510000024741                                                                            sce_bgm_control         BGM_CHANNEL_MAIN, BGM_OP_NOP, BGM_TYPE_PROG1_VOL, 71, 65
1DB6:   510000033341                                                                            sce_bgm_control         BGM_CHANNEL_MAIN, BGM_OP_NOP, BGM_TYPE_PROG2_VOL, 51, 65
1DBC:   1A00                                                                                    break                   0

off_1DBE:
1DBE:   140014000500                                                                            case                    0, off_1DD8, 5
1DC4:   510000010141                                                                            sce_bgm_control         BGM_CHANNEL_MAIN, BGM_OP_NOP, BGM_TYPE_PROG0_VOL, 1, 65
1DCA:   510000024741                                                                            sce_bgm_control         BGM_CHANNEL_MAIN, BGM_OP_NOP, BGM_TYPE_PROG1_VOL, 71, 65
1DD0:   510000033D41                                                                            sce_bgm_control         BGM_CHANNEL_MAIN, BGM_OP_NOP, BGM_TYPE_PROG2_VOL, 61, 65
1DD6:   1A00                                                                                    break                   0

off_1DD8:
1DD8:   140014000600                                                                            case                    0, off_1DF2, 6
1DDE:   510000010141                                                                            sce_bgm_control         BGM_CHANNEL_MAIN, BGM_OP_NOP, BGM_TYPE_PROG0_VOL, 1, 65
1DE4:   510000023D41                                                                            sce_bgm_control         BGM_CHANNEL_MAIN, BGM_OP_NOP, BGM_TYPE_PROG1_VOL, 61, 65
1DEA:   510000033341                                                                            sce_bgm_control         BGM_CHANNEL_MAIN, BGM_OP_NOP, BGM_TYPE_PROG2_VOL, 51, 65
1DF0:   1A00                                                                                    break                   0

off_1DF2:
1DF2:   140014000700                                                                            case                    0, off_1E0C, 7
1DF8:   510000010141                                                                            sce_bgm_control         BGM_CHANNEL_MAIN, BGM_OP_NOP, BGM_TYPE_PROG0_VOL, 1, 65
1DFE:   510000023D41                                                                            sce_bgm_control         BGM_CHANNEL_MAIN, BGM_OP_NOP, BGM_TYPE_PROG1_VOL, 61, 65
1E04:   510000033341                                                                            sce_bgm_control         BGM_CHANNEL_MAIN, BGM_OP_NOP, BGM_TYPE_PROG2_VOL, 51, 65
1E0A:   1A00                                                                                    break                   0

off_1E0C:
1E0C:   1600                                                                                    eswitch                 0

off_1E0E:
1E0E:   11000A00                                                                                do                      0, off_1E1C
1E12:   090A0100                                                                                sleep                   10, 1
1E16:   1204                                                                                    edwhile                 off_1E1C
1E18:   21010B00                                                                                ck                      FG_STATUS, 11, 0

off_1E1C:
1E1C:   17FFFF001BFF                                                                            goto                    255, 255, 0, off_1D37
1E22:   0100                                                                                    evt_end                 0

.proc main_12
1E24:   02                                                                                      evt_next
1E25:   00                                                                                      nop
1E26:   06002000                                                                                if                      0, off_1E4A
1E2A:   21063600                                                                                ck                      FG_ENEMY, 54, 0
1E2E:   2E0302                                                                                  work_set                WK_ENEMY, ID_EM_2
1E31:   00                                                                                      nop
1E32:   3200AFA500003A3A                                                                        pos_set                 0, -23121, 0, 14906
1E3A:   3D1007                                                                                  member_copy             V_TEMP, M_TYPE
1E3D:   00                                                                                      nop
1E3E:   260001100080                                                                            calc                    0, OP_SUB, V_TEMP, -32768
1E44:   350710                                                                                  member_set2             M_TYPE, V_TEMP
1E47:   00                                                                                      nop
1E48:   08                                                                                      endif
1E49:   00                                                                                      nop

off_1E4A:
1E4A:   06002000                                                                                if                      0, off_1E6E
1E4E:   21063700                                                                                ck                      FG_ENEMY, 55, 0
1E52:   2E0303                                                                                  work_set                WK_ENEMY, ID_EM_3
1E55:   00                                                                                      nop
1E56:   3200D4BA0000EA36                                                                        pos_set                 0, -17708, 0, 14058
1E5E:   3D1007                                                                                  member_copy             V_TEMP, M_TYPE
1E61:   00                                                                                      nop
1E62:   260001100080                                                                            calc                    0, OP_SUB, V_TEMP, -32768
1E68:   350710                                                                                  member_set2             M_TYPE, V_TEMP
1E6B:   00                                                                                      nop
1E6C:   08                                                                                      endif
1E6D:   00                                                                                      nop

off_1E6E:
1E6E:   0100                                                                                    evt_end                 0

.proc main_13
1E70:   2D0100000000000000000A0010009AD17CFC53EC000000F70000000000000000000000000000            obj_model_set           ID_OBJ_1, 0, 0, 0, 0, 0, 0, 10, 16, -11878, -900, -5037, 0, -2304, 0, 0, 0, 0, 0, 0, 0, 0, 0
1E96:   06001E00                                                                                if                      0, off_1EB8
1E9A:   21001900                                                                                ck                      FG_SYSTEM, F_DIFFICULT, 0
1E9E:   4E0702310000E4CDCFE8540B8C0A14001E009A000100                                            item_aot_set            ID_AOT_7, SCE_ITEM, SAT_PL | SAT_MANUAL | SAT_FRONT, 0, 0, -12828, -5937, 2900, 2700, ITEM_HANDGUNAMMO, 30, 154, ID_OBJ_1, IF_DEFAULT
1EB4:   07001C00                                                                                else                    0, off_1ED0

off_1EB8:
1EB8:   4E0702310000E4CDCFE8540B8C0A14000F009A000100                                            item_aot_set            ID_AOT_7, SCE_ITEM, SAT_PL | SAT_MANUAL | SAT_FRONT, 0, 0, -12828, -5937, 2900, 2700, ITEM_HANDGUNAMMO, 15, 154, ID_OBJ_1, IF_DEFAULT
1ECE:   00                                                                                      nop
1ECF:   00                                                                                      nop

off_1ED0:
1ED0:   0100                                                                                    evt_end                 0
1ED2:   2800                                                                                    db                      0x28, 0x00
