.version 2

.init
.proc init
0BBE:   3B0001310000C39255FACE048E08B14B00007CC1C00800050100080100000000                        door_aot_se             0, SCE_DOOR, SAT_PL | SAT_MANUAL | SAT_FRONT, 0, 0, -27965, -1451, 1230, 2190, 19377, 0, -16004, 2240, 0, 5, 1, 0, 8, 1, 0, 0, UNLOCKED, 0
0BDE:   3B0101310000C7BE13FADE03FC08A8C60000CFFF000000070000080000000000                        door_aot_se             1, SCE_DOOR, SAT_PL | SAT_MANUAL | SAT_FRONT, 0, 0, -16697, -1517, 990, 2300, -14680, 0, -49, 0, 0, 7, 0, 0, 8, 0, 0, 0, UNLOCKED, 0
0BFE:   0100                                                                                    evt_end                 0

.main
.proc main
0C22:   1802                                                                                    gosub                   main_02
0C24:   4E02023100007998E50CE803E8031E00030007000300                                            item_aot_set            2, SCE_ITEM, SAT_PL | SAT_MANUAL | SAT_FRONT, 0, 0, -26503, 3301, 1000, 1000, ITEM_INKRIBBON, 3, 7, 3, 0
0C3A:   06003400                                                                                if                      0, off_0C72
0C3E:   21010100                                                                                ck                      FG_GAME, F_SCENARIO, 0
0C42:   4E0402310000919EAB149204A6043200010008000401                                            item_aot_set            4, SCE_ITEM, SAT_PL | SAT_MANUAL | SAT_FRONT, 0, 0, -24943, 5291, 1170, 1190, ITEM_VALVEHANDLE, 1, 8, 4, 1
0C58:   4E0302310000AB98EB103606060414000F0009000500                                            item_aot_set            3, SCE_ITEM, SAT_PL | SAT_MANUAL | SAT_FRONT, 0, 0, -26453, 4331, 1590, 1030, ITEM_HANDGUNAMMO, 15, 9, 5, 0
0C6E:   07001C00                                                                                else                    0, off_0C8A

off_0C72:
0C72:   4E0302310000AB98EB103606060414000F0009000500                                            item_aot_set            3, SCE_ITEM, SAT_PL | SAT_MANUAL | SAT_FRONT, 0, 0, -26453, 4331, 1590, 1030, ITEM_HANDGUNAMMO, 15, 9, 5, 0
0C88:   00                                                                                      nop
0C89:   00                                                                                      nop

off_0C8A:
0C8A:   2D0300000000000000000A001000089BFCF91E0E0000C0FC0000000000000000000000000000            obj_model_set           3, 0, 0, 0, 0, 0, 0, 10, 16, -25848, -1540, 3614, 0, -832, 0, 0, 0, 0, 0, 0, 0, 0, 0
0CB0:   2D0500000000000000000A0010004499FCF956130000C0FC0000000000000000000000000000            obj_model_set           5, 0, 0, 0, 0, 0, 0, 10, 16, -26300, -1540, 4950, 0, -832, 0, 0, 0, 0, 0, 0, 0, 0, 0
0CD6:   06002C00                                                                                if                      0, off_0D06
0CDA:   21010100                                                                                ck                      FG_GAME, F_SCENARIO, 0
0CDE:   2D0400000000000000000A001000329F0000B6180000C0004002000000000000000000000000            obj_model_set           4, 0, 0, 0, 0, 0, 0, 10, 16, -24782, 0, 6326, 0, 192, 576, 0, 0, 0, 0, 0, 0, 0, 0
0D04:   08                                                                                      endif
0D05:   00                                                                                      nop

off_0D06:
0D06:   0100                                                                                    evt_end                 0

.proc aot
0D08:   1803                                                                                    gosub                   main_03
0D0A:   0100                                                                                    evt_end                 0

.proc main_02
0D0C:   06000A00                                                                                if                      0, off_0D1A
0D10:   21010100                                                                                ck                      FG_GAME, F_SCENARIO, 0
0D14:   22040A01                                                                                set                     FG_GENERAL_1, 10, 1
0D18:   08                                                                                      endif
0D19:   00                                                                                      nop

off_0D1A:
0D1A:   2C0504310000CBA756020807F81100000000FFFF                                                aot_set                 5, SCE_MESSAGE, SAT_PL | SAT_MANUAL | SAT_FRONT, 0, 0, -22581, 598, 1800, 4600, 0, 0, 0, 0, 255, 255
0D2E:   2C06043100006FAE22138A0C1A0401000000FFFF                                                aot_set                 6, SCE_MESSAGE, SAT_PL | SAT_MANUAL | SAT_FRONT, 0, 0, -20881, 4898, 3210, 1050, 1, 0, 0, 0, 255, 255
0D42:   2C0704310000A5B96A073E08160D02000000FFFF                                                aot_set                 7, SCE_MESSAGE, SAT_PL | SAT_MANUAL | SAT_FRONT, 0, 0, -18011, 1898, 2110, 3350, 2, 0, 0, 0, 255, 255
0D56:   2C0804310000EE925B05B004D00703000000FFFF                                                aot_set                 8, SCE_MESSAGE, SAT_PL | SAT_MANUAL | SAT_FRONT, 0, 0, -27922, 1371, 1200, 2000, 3, 0, 0, 0, 255, 255
0D6A:   2C09093100007998E50CE803E8030D0000000000                                                aot_set                 9, SCE_SAVE, SAT_PL | SAT_MANUAL | SAT_FRONT, 0, 0, -26503, 3301, 1000, 1000, 13, 0, 0, 0, 0, 0
0D7E:   0600F000                                                                                if                      0, off_0E72
0D82:   21040100                                                                                ck                      FG_GENERAL_1, 1, 0
0D86:   06003000                                                                                if                      0, off_0DBA
0D8A:   21040A00                                                                                ck                      FG_GENERAL_1, 10, 0
0D8E:   2C0A054100005B94BF0A8E129812FF0018040000                                                aot_set                 10, SCE_EVENT, SAT_PL | SAT_UNDER, 0, 0, -27557, 2751, 4750, 4760, 255, 0, I_GOSUB, main_04, 0, 0
0DA2:   2C0B00000000EB95C3012A12B405000000000000                                                aot_set                 11, SCE_AUTO, SAT_AUTO, 0, 0, -27157, 451, 4650, 1460, 0, 0, 0, 0, 0, 0
0DB6:   07001A00                                                                                else                    0, off_0DD0

off_0DBA:
0DBA:   46000531FF00180B0000                                                                    aot_reset               0, SCE_EVENT, SAT_PL | SAT_MANUAL | SAT_FRONT, 255, 0, I_GOSUB, main_0B, 0, 0
0DC4:   4608043104000000FFFF                                                                    aot_reset               8, SCE_MESSAGE, SAT_PL | SAT_MANUAL | SAT_FRONT, 4, 0, 0, 0, 255, 255
0DCE:   00                                                                                      nop
0DCF:   00                                                                                      nop

off_0DD0:
0DD0:   44000012008000050042007D0000007D000000000000                                            sce_em_set              0, 0, ENEMY_ZOMBIE_GUY1, 0, 128, 0, 5, 0, 66, 32000, 0, 32000, 0, 0, 0
0DE6:   440001130080000A0043007D00003075000000000000                                            sce_em_set              0, 1, ENEMY_ZOMBIE_GIRL, 0, 128, 0, 10, 0, 67, 32000, 0, 30000, 0, 0, 0
0DFC:   2D0000000000000000000A000000007D00003075000000080000000000000000000000000000            obj_model_set           0, 0, 0, 0, 0, 0, 0, 10, 0, 32000, 0, 30000, 0, 2048, 0, 0, 0, 0, 0, 0, 0, 0, 0
0E22:   2D010000000000C000000A000000640076F808F8000000000000000000000000000000000000            obj_model_set           1, 0, 0, 0, 0, 49152, 0, 10, 0, 100, -1930, -2040, 0, 0, 0, 0, 0, 0, 0, 0, 0, 0, 0
0E48:   2D020000000000C000000A0000009CFF76F808F8000000080000000000000000000000000000            obj_model_set           2, 0, 0, 0, 0, 49152, 0, 10, 0, -100, -1930, -2040, 0, 2048, 0, 0, 0, 0, 0, 0, 0, 0, 0
0E6E:   07006600                                                                                else                    0, off_0ED4

off_0E72:
0E72:   4600043105000000FFFF                                                                    aot_reset               0, SCE_MESSAGE, SAT_PL | SAT_MANUAL | SAT_FRONT, 5, 0, 0, 0, 255, 255
0E7C:   4608043104000000FFFF                                                                    aot_reset               8, SCE_MESSAGE, SAT_PL | SAT_MANUAL | SAT_FRONT, 4, 0, 0, 0, 255, 255
0E86:   44000012000000050042C29900004EFFB80400000000                                            sce_em_set              0, 0, ENEMY_ZOMBIE_GUY1, 0, 0, 0, 5, 0, 66, -26174, 0, -178, 1208, 0, 0
0E9C:   440001130000000A00434BA40000FB08980300000000                                            sce_em_set              0, 1, ENEMY_ZOMBIE_GIRL, 0, 0, 0, 10, 0, 67, -23477, 0, 2299, 920, 0, 0
0EB2:   06000C00                                                                                if                      0, off_0EC2
0EB6:   21064201                                                                                ck                      FG_ENEMY, 66, 1
0EBA:   21064301                                                                                ck                      FG_ENEMY, 67, 1
0EBE:   07001400                                                                                else                    0, off_0ED2

off_0EC2:
0EC2:   4609043106000000FFFF                                                                    aot_reset               9, SCE_MESSAGE, SAT_PL | SAT_MANUAL | SAT_FRONT, 6, 0, 0, 0, 255, 255
0ECC:   22050101                                                                                set                     FG_GENERAL_2, 1, 1
0ED0:   00                                                                                      nop
0ED1:   00                                                                                      nop

off_0ED2:
0ED2:   00                                                                                      nop
0ED3:   00                                                                                      nop

off_0ED4:
0ED4:   0100                                                                                    evt_end                 0

.proc main_03
0ED6:   06001800                                                                                if                      0, off_0EF2
0EDA:   21050001                                                                                ck                      FG_GENERAL_2, 0, 1
0EDE:   21064201                                                                                ck                      FG_ENEMY, 66, 1
0EE2:   21064301                                                                                ck                      FG_ENEMY, 67, 1
0EE6:   22050000                                                                                set                     FG_GENERAL_2, 0, 0
0EEA:   510105005A41                                                                            sce_bgm_control         1, 5, 0, 90, 65
0EF0:   08                                                                                      endif
0EF1:   00                                                                                      nop

off_0EF2:
0EF2:   06001800                                                                                if                      0, off_0F0E
0EF6:   21050101                                                                                ck                      FG_GENERAL_2, 1, 1
0EFA:   21064201                                                                                ck                      FG_ENEMY, 66, 1
0EFE:   21064301                                                                                ck                      FG_ENEMY, 67, 1
0F02:   460909310D0000000000                                                                    aot_reset               9, SCE_SAVE, SAT_PL | SAT_MANUAL | SAT_FRONT, 13, 0, 0, 0, 0, 0
0F0C:   08                                                                                      endif
0F0D:   00                                                                                      nop

off_0F0E:
0F0E:   0100                                                                                    evt_end                 0

.proc main_04
0F10:   460A0000000000000000                                                                    aot_reset               10, SCE_AUTO, SAT_AUTO, 0, 0, 0, 0, 0, 0
0F1A:   460B0541FF0018050000                                                                    aot_reset               11, SCE_EVENT, SAT_PL | SAT_UNDER, 255, 0, I_GOSUB, main_05, 0, 0
0F24:   0100                                                                                    evt_end                 0

.proc main_05
0F26:   22040A01                                                                                set                     FG_GENERAL_1, 10, 1
0F2A:   460B0000000000000000                                                                    aot_reset               11, SCE_AUTO, SAT_AUTO, 0, 0, 0, 0, 0, 0
0F34:   46000531FF00180B0000                                                                    aot_reset               0, SCE_EVENT, SAT_PL | SAT_MANUAL | SAT_FRONT, 255, 0, I_GOSUB, main_0B, 0, 0
0F3E:   4608043104000000FFFF                                                                    aot_reset               8, SCE_MESSAGE, SAT_PL | SAT_MANUAL | SAT_FRONT, 4, 0, 0, 0, 255, 255
0F48:   36020A010000DC88F8F83D05                                                                se_on                   2, 266, 0, -30500, -1800, 1341
0F54:   090A1E00                                                                                sleep                   10, 30
0F58:   36020B010000DC88F8F83D05                                                                se_on                   2, 267, 0, -30500, -1800, 1341
0F64:   090A1E00                                                                                sleep                   10, 30

off_0F68:
0F68:   06001800                                                                                if                      0, off_0F84
0F6C:   23001D02007D                                                                            cmp                     0, V_1D, CMP_GE, 32000
0F72:   36020B010000DC88F8F83D05                                                                se_on                   2, 267, 0, -30500, -1800, 1341
0F7E:   090A5A00                                                                                sleep                   10, 90
0F82:   08                                                                                      endif
0F83:   00                                                                                      nop

off_0F84:
0F84:   090A5A00                                                                                sleep                   10, 90
0F88:   17FFFF00E0FF                                                                            goto                    255, 255, 0, off_0F68
0F8E:   0100                                                                                    evt_end                 0

.proc main_06
0F90:   04FF1807                                                                                evt_exec                255, I_GOSUB, main_07
0F94:   090A1E00                                                                                sleep                   10, 30
0F98:   22050001                                                                                set                     FG_GENERAL_2, 0, 1
0F9C:   510101005A41                                                                            sce_bgm_control         1, 1, 0, 90, 65
0FA2:   04FF1809                                                                                evt_exec                255, I_GOSUB, main_09
0FA6:   0100                                                                                    evt_end                 0

.proc main_07
0FA8:   2E0300                                                                                  work_set                WK_ENEMY, 0
0FAB:   00                                                                                      nop
0FAC:   3D1000                                                                                  member_copy             V_TEMP, 0
0FAF:   00                                                                                      nop
0FB0:   260005100800                                                                            calc                    0, OP_OR, V_TEMP, 8
0FB6:   350010                                                                                  member_set2             0, V_TEMP
0FB9:   00                                                                                      nop
0FBA:   3200B7A50000F5FE                                                                        pos_set                 0, -23113, 0, -267
0FC2:   340F3000                                                                                member_set              15, 48, 0
0FC6:   24040000                                                                                save                    V_04, 0
0FCA:   24050000                                                                                save                    V_05, 0
0FCE:   1808                                                                                    gosub                   main_08
0FD0:   090A0A00                                                                                sleep                   10, 10
0FD4:   34020800                                                                                member_set              2, 8, 0
0FD8:   34030100                                                                                member_set              3, 1, 0
0FDC:   34040000                                                                                member_set              4, 0, 0
0FE0:   34050000                                                                                member_set              5, 0, 0
0FE4:   3D1007                                                                                  member_copy             V_TEMP, 7
0FE7:   00                                                                                      nop
0FE8:   26000610FF7F                                                                            calc                    0, OP_AND, V_TEMP, 32767
0FEE:   350710                                                                                  member_set2             7, V_TEMP
0FF1:   00                                                                                      nop
0FF2:   3D1007                                                                                  member_copy             V_TEMP, 7
0FF5:   00                                                                                      nop
0FF6:   260005100040                                                                            calc                    0, OP_OR, V_TEMP, 16384
0FFC:   350710                                                                                  member_set2             7, V_TEMP
0FFF:   00                                                                                      nop
1000:   341484BE                                                                                member_set              20, 132, 190
1004:   3415B9FF                                                                                member_set              21, 185, 255
1008:   0D0022002000                                                                            for                     0, off_1030, 32
100E:   251004                                                                                  copy                    V_TEMP, V_04
1011:   00                                                                                      nop
1012:   260000100404                                                                            calc                    0, OP_ADD, V_TEMP, 1028
1018:   250410                                                                                  copy                    V_04, V_TEMP
101B:   00                                                                                      nop
101C:   251005                                                                                  copy                    V_TEMP, V_05
101F:   00                                                                                      nop
1020:   260000100400                                                                            calc                    0, OP_ADD, V_TEMP, 4
1026:   250510                                                                                  copy                    V_05, V_TEMP
1029:   00                                                                                      nop
102A:   1808                                                                                    gosub                   main_08
102C:   02                                                                                      evt_next
102D:   00                                                                                      nop
102E:   0E00                                                                                    next                    0

off_1030:
1030:   0100                                                                                    evt_end                 0

.proc main_08
1032:   24060000                                                                                save                    V_06, 0
1036:   0D002C000F00                                                                            for                     0, off_1068, 15
103C:   1D040801                                                                                work_copy               4, 8, 1
1040:   1D060200                                                                                work_copy               6, 2, 0
1044:   6E0000000000                                                                            parts_set               0, 0, 0, 0
104A:   1D050801                                                                                work_copy               5, 8, 1
104E:   1D060200                                                                                work_copy               6, 2, 0
1052:   6E0000010000                                                                            parts_set               0, 0, 1, 0
1058:   251006                                                                                  copy                    V_TEMP, V_06
105B:   00                                                                                      nop
105C:   260000100100                                                                            calc                    0, OP_ADD, V_TEMP, 1
1062:   250610                                                                                  copy                    V_06, V_TEMP
1065:   00                                                                                      nop
1066:   0E00                                                                                    next                    0

off_1068:
1068:   0100                                                                                    evt_end                 0

.proc main_09
106A:   2E0301                                                                                  work_set                WK_ENEMY, 1
106D:   00                                                                                      nop
106E:   3D1000                                                                                  member_copy             V_TEMP, 0
1071:   00                                                                                      nop
1072:   260005100800                                                                            calc                    0, OP_OR, V_TEMP, 8
1078:   350010                                                                                  member_set2             0, V_TEMP
107B:   00                                                                                      nop
107C:   3200ABA30000FC00                                                                        pos_set                 0, -23637, 0, 252
1084:   340FB90F                                                                                member_set              15, 185, 15
1088:   24070000                                                                                save                    V_07, 0
108C:   24080000                                                                                save                    V_08, 0
1090:   180A                                                                                    gosub                   main_0A
1092:   090A0A00                                                                                sleep                   10, 10
1096:   34020800                                                                                member_set              2, 8, 0
109A:   34030100                                                                                member_set              3, 1, 0
109E:   34040000                                                                                member_set              4, 0, 0
10A2:   34050000                                                                                member_set              5, 0, 0
10A6:   3D1007                                                                                  member_copy             V_TEMP, 7
10A9:   00                                                                                      nop
10AA:   26000610FF7F                                                                            calc                    0, OP_AND, V_TEMP, 32767
10B0:   350710                                                                                  member_set2             7, V_TEMP
10B3:   00                                                                                      nop
10B4:   3D1007                                                                                  member_copy             V_TEMP, 7
10B7:   00                                                                                      nop
10B8:   260005100040                                                                            calc                    0, OP_OR, V_TEMP, 16384
10BE:   350710                                                                                  member_set2             7, V_TEMP
10C1:   00                                                                                      nop
10C2:   341484BE                                                                                member_set              20, 132, 190
10C6:   3415B9FF                                                                                member_set              21, 185, 255
10CA:   0D0022002000                                                                            for                     0, off_10F2, 32
10D0:   251007                                                                                  copy                    V_TEMP, V_07
10D3:   00                                                                                      nop
10D4:   260000100404                                                                            calc                    0, OP_ADD, V_TEMP, 1028
10DA:   250710                                                                                  copy                    V_07, V_TEMP
10DD:   00                                                                                      nop
10DE:   251008                                                                                  copy                    V_TEMP, V_08
10E1:   00                                                                                      nop
10E2:   260000100400                                                                            calc                    0, OP_ADD, V_TEMP, 4
10E8:   250810                                                                                  copy                    V_08, V_TEMP
10EB:   00                                                                                      nop
10EC:   180A                                                                                    gosub                   main_0A
10EE:   02                                                                                      evt_next
10EF:   00                                                                                      nop
10F0:   0E00                                                                                    next                    0

off_10F2:
10F2:   0100                                                                                    evt_end                 0

.proc main_0A
10F4:   24090000                                                                                save                    V_09, 0
10F8:   0D002C000F00                                                                            for                     0, off_112A, 15
10FE:   1D070801                                                                                work_copy               7, 8, 1
1102:   1D090200                                                                                work_copy               9, 2, 0
1106:   6E0000000000                                                                            parts_set               0, 0, 0, 0
110C:   1D080801                                                                                work_copy               8, 8, 1
1110:   1D090200                                                                                work_copy               9, 2, 0
1114:   6E0000010000                                                                            parts_set               0, 0, 1, 0
111A:   251009                                                                                  copy                    V_TEMP, V_09
111D:   00                                                                                      nop
111E:   260000100100                                                                            calc                    0, OP_ADD, V_TEMP, 1
1124:   250910                                                                                  copy                    V_09, V_TEMP
1127:   00                                                                                      nop
1128:   0E00                                                                                    next                    0

off_112A:
112A:   0100                                                                                    evt_end                 0

.proc main_0B
112C:   22020701                                                                                set                     FG_STATE, 7, 1
1130:   22040101                                                                                set                     FG_GENERAL_1, 1, 1
1134:   4609043106000000FFFF                                                                    aot_reset               9, SCE_MESSAGE, SAT_PL | SAT_MANUAL | SAT_FRONT, 6, 0, 0, 0, 255, 255
113E:   22050101                                                                                set                     FG_GENERAL_2, 1, 1
1142:   37060000                                                                                sca_id_set              6, 0, 0
1146:   530002070004                                                                            sce_fade_set            0, 2, 7, 0, 4
114C:   090A2000                                                                                sleep                   10, 32
1150:   2E0400                                                                                  work_set                WK_OBJECT, 0
1153:   00                                                                                      nop
1154:   320036AC26028AFD                                                                        pos_set                 0, -21450, 550, -630
115C:   340F0008                                                                                member_set              15, 0, 8
1160:   2E0100                                                                                  work_set                WK_PLAYER, 0
1163:   00                                                                                      nop
1164:   3200007D00003075                                                                        pos_set                 0, 32000, 0, 30000
116C:   2904                                                                                    cut_chg                 4
116E:   5300020700FC                                                                            sce_fade_set            0, 2, 7, 0, 252
1174:   090A1400                                                                                sleep                   10, 20
1178:   04FF180D                                                                                evt_exec                255, I_GOSUB, main_0D
117C:   04FF180E                                                                                evt_exec                255, I_GOSUB, main_0E
1180:   090A0500                                                                                sleep                   10, 5
1184:   36020C010400000000000000                                                                se_on                   2, 268, 4, 0, 0, 0
1190:   090A1400                                                                                sleep                   10, 20
1194:   04FF180C                                                                                evt_exec                255, I_GOSUB, main_0C
1198:   090A1E00                                                                                sleep                   10, 30
119C:   04FF1806                                                                                evt_exec                255, I_GOSUB, main_06
11A0:   090A2600                                                                                sleep                   10, 38
11A4:   04FF180F                                                                                evt_exec                255, I_GOSUB, main_0F
11A8:   090A5F00                                                                                sleep                   10, 95
11AC:   2E0400                                                                                  work_set                WK_OBJECT, 0
11AF:   00                                                                                      nop
11B0:   3200007D0000007D                                                                        pos_set                 0, 32000, 0, 32000
11B8:   2E0100                                                                                  work_set                WK_PLAYER, 0
11BB:   00                                                                                      nop
11BC:   32007EA9000018FD                                                                        pos_set                 0, -22146, 0, -744
11C4:   2E0300                                                                                  work_set                WK_ENEMY, 0
11C7:   00                                                                                      nop
11C8:   3200AD9C000012FB                                                                        pos_set                 0, -25427, 0, -1262
11D0:   3D1000                                                                                  member_copy             V_TEMP, 0
11D3:   00                                                                                      nop
11D4:   26000610F7FF                                                                            calc                    0, OP_AND, V_TEMP, -9
11DA:   350010                                                                                  member_set2             0, V_TEMP
11DD:   00                                                                                      nop
11DE:   3D1007                                                                                  member_copy             V_TEMP, 7
11E1:   00                                                                                      nop
11E2:   26000610FFBF                                                                            calc                    0, OP_AND, V_TEMP, -16385
11E8:   350710                                                                                  member_set2             7, V_TEMP
11EB:   00                                                                                      nop
11EC:   34020100                                                                                member_set              2, 1, 0
11F0:   34030000                                                                                member_set              3, 0, 0
11F4:   34040000                                                                                member_set              4, 0, 0
11F8:   34050000                                                                                member_set              5, 0, 0
11FC:   2E0301                                                                                  work_set                WK_ENEMY, 1
11FF:   00                                                                                      nop
1200:   320016980000CAFF                                                                        pos_set                 0, -26602, 0, -54
1208:   3D1000                                                                                  member_copy             V_TEMP, 0
120B:   00                                                                                      nop
120C:   26000610F7FF                                                                            calc                    0, OP_AND, V_TEMP, -9
1212:   350010                                                                                  member_set2             0, V_TEMP
1215:   00                                                                                      nop
1216:   3D1007                                                                                  member_copy             V_TEMP, 7
1219:   00                                                                                      nop
121A:   26000610FFBF                                                                            calc                    0, OP_AND, V_TEMP, -16385
1220:   350710                                                                                  member_set2             7, V_TEMP
1223:   00                                                                                      nop
1224:   34020100                                                                                member_set              2, 1, 0
1228:   34030000                                                                                member_set              3, 0, 0
122C:   34040000                                                                                member_set              4, 0, 0
1230:   34050000                                                                                member_set              5, 0, 0
1234:   2900                                                                                    cut_chg                 0
1236:   3C01                                                                                    cut_auto                1
1238:   4600043105000000FFFF                                                                    aot_reset               0, SCE_MESSAGE, SAT_PL | SAT_MANUAL | SAT_FRONT, 5, 0, 0, 0, 255, 255
1242:   370600FC                                                                                sca_id_set              6, 0, 252
1246:   22020700                                                                                set                     FG_STATE, 7, 0
124A:   0100                                                                                    evt_end                 0

.proc main_0C
124C:   2E0400                                                                                  work_set                WK_OBJECT, 0
124F:   00                                                                                      nop
1250:   2F040C00                                                                                speed_set               4, 12
1254:   2F0AFEFF                                                                                speed_set               10, -2
1258:   0D000C000200                                                                            for                     0, off_126A, 2
125E:   30                                                                                      add_speed
125F:   02                                                                                      evt_next
1260:   30                                                                                      add_speed
1261:   02                                                                                      evt_next
1262:   30                                                                                      add_speed
1263:   02                                                                                      evt_next
1264:   30                                                                                      add_speed
1265:   02                                                                                      evt_next
1266:   31                                                                                      add_aspeed
1267:   31                                                                                      add_aspeed
1268:   0E00                                                                                    next                    0

off_126A:
126A:   30                                                                                      add_speed
126B:   02                                                                                      evt_next
126C:   30                                                                                      add_speed
126D:   02                                                                                      evt_next
126E:   31                                                                                      add_aspeed
126F:   31                                                                                      add_aspeed
1270:   090A0900                                                                                sleep                   10, 9
1274:   2F000000                                                                                speed_set               0, 0
1278:   2F0A0200                                                                                speed_set               10, 2
127C:   2F040000                                                                                speed_set               4, 0
1280:   0D000C000200                                                                            for                     0, off_1292, 2
1286:   31                                                                                      add_aspeed
1287:   31                                                                                      add_aspeed
1288:   30                                                                                      add_speed
1289:   02                                                                                      evt_next
128A:   30                                                                                      add_speed
128B:   02                                                                                      evt_next
128C:   30                                                                                      add_speed
128D:   02                                                                                      evt_next
128E:   02                                                                                      evt_next
128F:   00                                                                                      nop
1290:   0E00                                                                                    next                    0

off_1292:
1292:   0D000C000700                                                                            for                     0, off_12A4, 7
1298:   31                                                                                      add_aspeed
1299:   31                                                                                      add_aspeed
129A:   30                                                                                      add_speed
129B:   02                                                                                      evt_next
129C:   30                                                                                      add_speed
129D:   02                                                                                      evt_next
129E:   30                                                                                      add_speed
129F:   02                                                                                      evt_next
12A0:   30                                                                                      add_speed
12A1:   02                                                                                      evt_next
12A2:   0E00                                                                                    next                    0

off_12A4:
12A4:   2F0AFCFF                                                                                speed_set               10, -4
12A8:   0D000C000200                                                                            for                     0, off_12BA, 2
12AE:   31                                                                                      add_aspeed
12AF:   31                                                                                      add_aspeed
12B0:   30                                                                                      add_speed
12B1:   02                                                                                      evt_next
12B2:   30                                                                                      add_speed
12B3:   02                                                                                      evt_next
12B4:   30                                                                                      add_speed
12B5:   02                                                                                      evt_next
12B6:   30                                                                                      add_speed
12B7:   02                                                                                      evt_next
12B8:   0E00                                                                                    next                    0

off_12BA:
12BA:   31                                                                                      add_aspeed
12BB:   31                                                                                      add_aspeed
12BC:   30                                                                                      add_speed
12BD:   02                                                                                      evt_next
12BE:   30                                                                                      add_speed
12BF:   02                                                                                      evt_next
12C0:   0D000C000200                                                                            for                     0, off_12D2, 2
12C6:   31                                                                                      add_aspeed
12C7:   31                                                                                      add_aspeed
12C8:   30                                                                                      add_speed
12C9:   02                                                                                      evt_next
12CA:   30                                                                                      add_speed
12CB:   02                                                                                      evt_next
12CC:   30                                                                                      add_speed
12CD:   02                                                                                      evt_next
12CE:   02                                                                                      evt_next
12CF:   00                                                                                      nop
12D0:   0E00                                                                                    next                    0

off_12D2:
12D2:   0100                                                                                    evt_end                 0

.proc main_0D
12D4:   2E0401                                                                                  work_set                WK_OBJECT, 1
12D7:   00                                                                                      nop
12D8:   2F036400                                                                                speed_set               3, 100
12DC:   0D0004000F00                                                                            for                     0, off_12E6, 15
12E2:   30                                                                                      add_speed
12E3:   02                                                                                      evt_next
12E4:   0E00                                                                                    next                    0

off_12E6:
12E6:   0100                                                                                    evt_end                 0

.proc main_0E
12E8:   2E0402                                                                                  work_set                WK_OBJECT, 2
12EB:   00                                                                                      nop
12EC:   2F036400                                                                                speed_set               3, 100
12F0:   0D0004000F00                                                                            for                     0, off_12FA, 15
12F6:   30                                                                                      add_speed
12F7:   02                                                                                      evt_next
12F8:   0E00                                                                                    next                    0

off_12FA:
12FA:   0100                                                                                    evt_end                 0

.proc main_0F
12FC:   2E0400                                                                                  work_set                WK_OBJECT, 0
12FF:   00                                                                                      nop
1300:   2F000000                                                                                speed_set               0, 0
1304:   2F060A00                                                                                speed_set               6, 10
1308:   0D0006000A00                                                                            for                     0, off_1314, 10
130E:   30                                                                                      add_speed
130F:   31                                                                                      add_aspeed
1310:   02                                                                                      evt_next
1311:   00                                                                                      nop
1312:   0E00                                                                                    next                    0

off_1314:
1314:   0D0004000A00                                                                            for                     0, off_131E, 10
131A:   30                                                                                      add_speed
131B:   02                                                                                      evt_next
131C:   0E00                                                                                    next                    0

off_131E:
131E:   0D0004001400                                                                            for                     0, off_1328, 20
1324:   30                                                                                      add_speed
1325:   02                                                                                      evt_next
1326:   0E00                                                                                    next                    0

off_1328:
1328:   0100                                                                                    evt_end                 0

.proc main_10
132A:   57000601FF000000                                                                        sce_bgmtbl_set          0, 6, 1, 255, 0
1332:   0100                                                                                    evt_end                 0
