.version 2
.init
.proc init_00
19CA:   3B0001310000AFA2F5980807980877980000C09E000000090600000000000000                        door_aot_se             0, SCE_DOOR, SAT_PL | SAT_MANUAL | SAT_FRONT, 0, 0, -23889, -26379, 1800, 2200, -26505, 0, -24896, 0, 0, 9, 6, 0, 0, 0, 0, 0, UNLOCKED, 0
19EA:   3B0101310000019262A740069C130DC50000EDB83008000F0000058000000000                        door_aot_se             1, SCE_DOOR, SAT_PL | SAT_MANUAL | SAT_FRONT, 0, 0, -28159, -22686, 1600, 5020, -15091, 0, -18195, 2096, 0, 15, 0, 0, 5, 128, 0, 0, UNLOCKED, 0
1A0A:   3B020131000087C31CDBF00AEC0445B8000038CB0F04000B0000030100000000                        door_aot_se             2, SCE_DOOR, SAT_PL | SAT_MANUAL | SAT_FRONT, 0, 0, -15481, -9444, 2800, 1260, -18363, 0, -13512, 1039, 0, 11, 0, 0, 3, 1, 0, 0, UNLOCKED, 0
1A2A:   3B03013100003CAB9E2096059A06BAD9000071B1A1F7011B0000000000000000                        door_aot_se             3, SCE_DOOR, SAT_PL | SAT_MANUAL | SAT_FRONT, 0, 0, -21700, 8350, 1430, 1690, -9798, 0, -20111, -2143, 1, 27, 0, 0, 0, 0, 0, 0, UNLOCKED, 0
1A4A:   06009600                                                                                if                      0, off_1AE4
1A4E:   21010601                                                                                ck                      1, 6, 1
1A52:   4400001F06000006004AF0A00000769A2B0B00000000                                            sce_em_set              0, 0, ENEMY_ZOMBIERANDOM, 6, 0, 0, 6, 0, 74, -24336, 0, -25994, 2859, 0, 0
1A68:   4400011F0000002B007BACA20000D1A6350C00000000                                            sce_em_set              0, 1, ENEMY_ZOMBIERANDOM, 0, 0, 0, 43, 0, 123, -23892, 0, -22831, 3125, 0, 0
1A7E:   4400021F00000006007CDD9C00000AA1B30B00000000                                            sce_em_set              0, 2, ENEMY_ZOMBIERANDOM, 0, 0, 0, 6, 0, 124, -25379, 0, -24310, 2995, 0, 0
1A94:   4400031F0600002B007DBD9A0000E69AF50B00000000                                            sce_em_set              0, 3, ENEMY_ZOMBIERANDOM, 6, 0, 0, 43, 0, 125, -25923, 0, -25882, 3061, 0, 0
1AAA:   4400041F00000006007ECBA20000B0B7970800000000                                            sce_em_set              0, 4, ENEMY_ZOMBIERANDOM, 0, 0, 0, 6, 0, 126, -23861, 0, -18512, 2199, 0, 0
1AC0:   4400051F0000002B007FF7A0000020D3000500000000                                            sce_em_set              0, 5, ENEMY_ZOMBIERANDOM, 0, 0, 0, 43, 0, 127, -24329, 0, -11488, 1280, 0, 0
1AD6:   460204310300000000FF                                                                    aot_reset               2, SCE_MESSAGE, SAT_PL | SAT_MANUAL | SAT_FRONT, 3, 0, 0, 0, 0, 255
1AE0:   0100                                                                                    evt_end                 0
1AE2:   08                                                                                      endif
1AE3:   00                                                                                      nop

off_1AE4:
1AE4:   0600FE00                                                                                if                      0, off_1BE6
1AE8:   21040000                                                                                ck                      4, 0, 0
1AEC:   3A000D000000001E6EBF9CFFF3EC0002                                                        sce_espr_on             0, 13, 0, 7680, -16530, -100, -4877, 512
1AFC:   3A000E000000002816BC9CFF6EE70000                                                        sce_espr_on             0, 14, 0, 10240, -17386, -100, -6290, 0
1B0C:   3A000D000000002823BF9CFF36E3000E                                                        sce_espr_on             0, 13, 0, 10240, -16605, -100, -7370, 3584
1B1C:   3A000E00000000249DBCD4FE79E91400                                                        sce_espr_on             0, 14, 0, 9216, -17251, -300, -5767, 20
1B2C:   3A000D000000002221BC0CFE76EE0000                                                        sce_espr_on             0, 13, 0, 8704, -17375, -500, -4490, 0
1B3C:   3A000D000000002E4BC338FF32E1000E                                                        sce_espr_on             0, 13, 0, 11776, -15541, -200, -7886, 3584
1B4C:   3A000E0000000028EDCA9CFF76E20002                                                        sce_espr_on             0, 14, 0, 10240, -13587, -100, -7562, 512
1B5C:   3A000D000000002EE2BB0000EAED0000                                                        sce_espr_on             0, 13, 0, 11776, -17438, 0, -4630, 0
1B6C:   3A000E000000001E62C1E0FC84EA0000                                                        sce_espr_on             0, 14, 0, 7680, -16030, -800, -5500, 0
1B7C:   06003400                                                                                if                      0, off_1BB4
1B80:   21010100                                                                                ck                      1, 1, 0
1B84:   4400001006000005004C60A20000EBCFE30400000000                                            sce_em_set              0, 0, ENEMY_ZOMBIECOP, 6, 0, 0, 5, 0, 76, -23968, 0, -12309, 1251, 0, 0
1B9A:   4400011080000006004D7DAB000069ED080700000000                                            sce_em_set              0, 1, ENEMY_ZOMBIECOP, 128, 0, 0, 6, 0, 77, -21635, 0, -4759, 1800, 0, 0
1BB0:   07003200                                                                                else                    0, off_1BE2

off_1BB4:
1BB4:   440000220101000E004C889648F490CF000400000000                                            sce_em_set              0, 0, ENEMY_LICKERRED, 1, 1, 0, 14, 0, 76, -27000, -3000, -12400, 1024, 0, 0
1BCA:   440001220000000E004D48A70000A5E7080700000000                                            sce_em_set              0, 1, ENEMY_LICKERRED, 0, 0, 0, 14, 0, 77, -22712, 0, -6235, 1800, 0, 0
1BE0:   00                                                                                      nop
1BE1:   00                                                                                      nop

off_1BE2:
1BE2:   07008A00                                                                                else                    0, off_1C6C

off_1BE6:
1BE6:   2C040431000050B06CEE9C09C4090100000000FF                                                aot_set                 4, SCE_MESSAGE, SAT_PL | SAT_MANUAL | SAT_FRONT, 0, 0, -20400, -4500, 2460, 2500, 1, 0, 0, 0, 0, 255
1BFA:   06006C00                                                                                if                      0, off_1C6A
1BFE:   21010000                                                                                ck                      1, 0, 0
1C02:   06003400                                                                                if                      0, off_1C3A
1C06:   21010100                                                                                ck                      1, 1, 0
1C0A:   4400001006000005004C60A20000EBCFE30400000000                                            sce_em_set              0, 0, ENEMY_ZOMBIECOP, 6, 0, 0, 5, 0, 76, -23968, 0, -12309, 1251, 0, 0
1C20:   4400011000000006004D7DAB000069ED080700000000                                            sce_em_set              0, 1, ENEMY_ZOMBIECOP, 0, 0, 0, 6, 0, 77, -21635, 0, -4759, 1800, 0, 0
1C36:   07003200                                                                                else                    0, off_1C68

off_1C3A:
1C3A:   440000220101000E004C889648F490CF000400000000                                            sce_em_set              0, 0, ENEMY_LICKERRED, 1, 1, 0, 14, 0, 76, -27000, -3000, -12400, 1024, 0, 0
1C50:   440001220000000E004D48A70000A5E7080700000000                                            sce_em_set              0, 1, ENEMY_LICKERRED, 0, 0, 0, 14, 0, 77, -22712, 0, -6235, 1800, 0, 0
1C66:   00                                                                                      nop
1C67:   00                                                                                      nop

off_1C68:
1C68:   08                                                                                      endif
1C69:   00                                                                                      nop

off_1C6A:
1C6A:   00                                                                                      nop
1C6B:   00                                                                                      nop

off_1C6C:
1C6C:   0100                                                                                    evt_end                 0
1C6E:   48B0                                                                                    db                      0x48, 0xB0

.main
.proc main_00
1C7A:   06001800                                                                                if                      0, off_1C96
1C7E:   21010601                                                                                ck                      1, 6, 1
1C82:   61000201                                                                                cut_be_set              0, 2, 1
1C86:   61010301                                                                                cut_be_set              1, 3, 1
1C8A:   61040101                                                                                cut_be_set              4, 1, 1
1C8E:   37060000                                                                                sca_id_set              6, 0, 0
1C92:   0100                                                                                    evt_end                 0
1C94:   08                                                                                      endif
1C95:   00                                                                                      nop

off_1C96:
1C96:   22050000                                                                                set                     5, 0, 0
1C9A:   06001E00                                                                                if                      0, off_1CBC
1C9E:   21040001                                                                                ck                      4, 0, 1
1CA2:   61000201                                                                                cut_be_set              0, 2, 1
1CA6:   61010301                                                                                cut_be_set              1, 3, 1
1CAA:   61040101                                                                                cut_be_set              4, 1, 1
1CAE:   37060000                                                                                sca_id_set              6, 0, 0
1CB2:   510000010100                                                                            sce_bgm_control         0, 0, 1, 1, 0
1CB8:   07009E00                                                                                else                    0, off_1D56

off_1CBC:
1CBC:   61000200                                                                                cut_be_set              0, 2, 0
1CC0:   61010300                                                                                cut_be_set              1, 3, 0
1CC4:   61040100                                                                                cut_be_set              4, 1, 0
1CC8:   2C040B4100000EB66FE908070807000000000000                                                aot_set                 4, SCE_DAMAGE, SAT_PL | SAT_UNDER, 0, 0, -18930, -5777, 1800, 1800, 0, 0, 0, 0, 0, 0
1CDC:   2C050B41000092B8EAE308070807000000000000                                                aot_set                 5, SCE_DAMAGE, SAT_PL | SAT_UNDER, 0, 0, -18286, -7190, 1800, 1800, 0, 0, 0, 0, 0, 0
1CF0:   2C060B4100009FBB88DC08070807000000000000                                                aot_set                 6, SCE_DAMAGE, SAT_PL | SAT_UNDER, 0, 0, -17505, -9080, 1800, 1800, 0, 0, 0, 0, 0, 0
1D04:   2C070B41000005B4F5E508070807000000000000                                                aot_set                 7, SCE_DAMAGE, SAT_PL | SAT_UNDER, 0, 0, -19451, -6667, 1800, 1800, 0, 0, 0, 0, 0, 0
1D18:   2C080B4100009DB8F2EA08070807000000000000                                                aot_set                 8, SCE_DAMAGE, SAT_PL | SAT_UNDER, 0, 0, -18275, -5390, 1800, 1800, 0, 0, 0, 0, 0, 0
1D2C:   2C090B410000C7BFAEDD08070807000000000000                                                aot_set                 9, SCE_DAMAGE, SAT_PL | SAT_UNDER, 0, 0, -16441, -8786, 1800, 1800, 0, 0, 0, 0, 0, 0
1D40:   2C0A0B41000069C7F2DE08070807000000000000                                                aot_set                 10, SCE_DAMAGE, SAT_PL | SAT_UNDER, 0, 0, -14487, -8462, 1800, 1800, 0, 0, 0, 0, 0, 0
1D54:   00                                                                                      nop
1D55:   00                                                                                      nop

off_1D56:
1D56:   06002600                                                                                if                      0, off_1D80
1D5A:   21045701                                                                                ck                      4, 87, 1
1D5E:   370C0000                                                                                sca_id_set              12, 0, 0
1D62:   61040100                                                                                cut_be_set              4, 1, 0
1D66:   61040201                                                                                cut_be_set              4, 2, 1
1D6A:   61080200                                                                                cut_be_set              8, 2, 0
1D6E:   61080301                                                                                cut_be_set              8, 3, 1
1D72:   46040000000000000000                                                                    aot_reset               4, SCE_AUTO, SAT_AUTO, 0, 0, 0, 0, 0, 0
1D7C:   07001600                                                                                else                    0, off_1D92

off_1D80:
1D80:   61040101                                                                                cut_be_set              4, 1, 1
1D84:   61040200                                                                                cut_be_set              4, 2, 0
1D88:   61080201                                                                                cut_be_set              8, 2, 1
1D8C:   61080300                                                                                cut_be_set              8, 3, 0
1D90:   00                                                                                      nop
1D91:   00                                                                                      nop

off_1D92:
1D92:   04FF1802                                                                                evt_exec                255, I_GOSUB, main_02
1D96:   0100                                                                                    evt_end                 0

.proc main_01
1D98:   06005000                                                                                if                      0, off_1DEC
1D9C:   21010600                                                                                ck                      1, 6, 0
1DA0:   06004400                                                                                if                      0, off_1DE8
1DA4:   21040000                                                                                ck                      4, 0, 0
1DA8:   06001A00                                                                                if                      0, off_1DC6
1DAC:   23001A000200                                                                            cmp                     0, 26, CMP_EQ, 2
1DB2:   06000E00                                                                                if                      0, off_1DC4
1DB6:   21050000                                                                                ck                      5, 0, 0
1DBA:   22050001                                                                                set                     5, 0, 1
1DBE:   04FF1803                                                                                evt_exec                255, I_GOSUB, main_03
1DC2:   08                                                                                      endif
1DC3:   00                                                                                      nop

off_1DC4:
1DC4:   08                                                                                      endif
1DC5:   00                                                                                      nop

off_1DC6:
1DC6:   06001A00                                                                                if                      0, off_1DE4
1DCA:   23001A020300                                                                            cmp                     0, 26, CMP_GE, 3
1DD0:   06000E00                                                                                if                      0, off_1DE2
1DD4:   21050000                                                                                ck                      5, 0, 0
1DD8:   22050001                                                                                set                     5, 0, 1
1DDC:   04FF1804                                                                                evt_exec                255, I_GOSUB, main_04
1DE0:   08                                                                                      endif
1DE1:   00                                                                                      nop

off_1DE2:
1DE2:   08                                                                                      endif
1DE3:   00                                                                                      nop

off_1DE4:
1DE4:   07000600                                                                                else                    0, off_1DEA

off_1DE8:
1DE8:   00                                                                                      nop
1DE9:   00                                                                                      nop

off_1DEA:
1DEA:   08                                                                                      endif
1DEB:   00                                                                                      nop

off_1DEC:
1DEC:   0100                                                                                    evt_end                 0

.proc main_02
1DEE:   06006000                                                                                if                      0, off_1E52

off_1DF2:
1DF2:   21040000                                                                                ck                      4, 0, 0
1DF6:   131A5600                                                                                switch                  26, off_1E50
1DFA:   140008000000                                                                            case                    0, off_1E08, 0
1E00:   51000001342D                                                                            sce_bgm_control         0, 0, 1, 52, 45
1E06:   1A00                                                                                    break                   0

off_1E08:
1E08:   140008000100                                                                            case                    0, off_1E16, 1
1E0E:   51000001382D                                                                            sce_bgm_control         0, 0, 1, 56, 45
1E14:   1A00                                                                                    break                   0

off_1E16:
1E16:   140008000200                                                                            case                    0, off_1E24, 2
1E1C:   51000001485C                                                                            sce_bgm_control         0, 0, 1, 72, 92
1E22:   1A00                                                                                    break                   0

off_1E24:
1E24:   140008000300                                                                            case                    0, off_1E32, 3
1E2A:   51000001603A                                                                            sce_bgm_control         0, 0, 1, 96, 58
1E30:   1A00                                                                                    break                   0

off_1E32:
1E32:   140008000400                                                                            case                    0, off_1E40, 4
1E38:   510000017F42                                                                            sce_bgm_control         0, 0, 1, 127, 66
1E3E:   1A00                                                                                    break                   0

off_1E40:
1E40:   140008000500                                                                            case                    0, off_1E4E, 5
1E46:   510000016E40                                                                            sce_bgm_control         0, 0, 1, 110, 64
1E4C:   1A00                                                                                    break                   0

off_1E4E:
1E4E:   1600                                                                                    eswitch                 0

off_1E50:
1E50:   08                                                                                      endif
1E51:   00                                                                                      nop

off_1E52:
1E52:   11000800                                                                                do                      0, off_1E5E
1E56:   02                                                                                      evt_next
1E57:   00                                                                                      nop
1E58:   1204                                                                                    edwhile                 off_1E5E
1E5A:   21010B00                                                                                ck                      1, 11, 0

off_1E5E:
1E5E:   17FFFF0090FF                                                                            goto                    255, 255, 0, off_1DF2
1E64:   0100                                                                                    evt_end                 0

.proc main_03
1E66:   6A00000BECAF                                                                            light_pos_set           0, 0, 11, -20500
1E6C:   6A00000D0CEF                                                                            light_pos_set           0, 0, 13, -4340
1E72:   0D0004000300                                                                            for                     0, off_1E7C, 3
1E78:   02                                                                                      evt_next
1E79:   00                                                                                      nop
1E7A:   0E00                                                                                    next                    0

off_1E7C:
1E7C:   6A00000B30AD                                                                            light_pos_set           0, 0, 11, -21200
1E82:   6A00000D3CE7                                                                            light_pos_set           0, 0, 13, -6340
1E88:   02                                                                                      evt_next
1E89:   00                                                                                      nop
1E8A:   6A00000BF8AD                                                                            light_pos_set           0, 0, 11, -21000
1E90:   6A00000D24EB                                                                            light_pos_set           0, 0, 13, -5340
1E96:   0D0004000200                                                                            for                     0, off_1EA0, 2
1E9C:   02                                                                                      evt_next
1E9D:   00                                                                                      nop
1E9E:   0E00                                                                                    next                    0

off_1EA0:
1EA0:   22050000                                                                                set                     5, 0, 0
1EA4:   0100                                                                                    evt_end                 0

.proc main_04
1EA6:   6B00204E                                                                                light_kido_set          0, 20000
1EAA:   6A00010BB0B9                                                                            light_pos_set           0, 1, 11, -18000
1EB0:   6A00010D84EA                                                                            light_pos_set           0, 1, 13, -5500
1EB6:   0D0004000300                                                                            for                     0, off_1EC0, 3
1EBC:   02                                                                                      evt_next
1EBD:   00                                                                                      nop
1EBE:   0E00                                                                                    next                    0

off_1EC0:
1EC0:   6B001C25                                                                                light_kido_set          0, 9500
1EC4:   6A00010BE8B8                                                                            light_pos_set           0, 1, 11, -18200
1ECA:   6A00010D20EA                                                                            light_pos_set           0, 1, 13, -5600
1ED0:   02                                                                                      evt_next
1ED1:   00                                                                                      nop
1ED2:   6B00C832                                                                                light_kido_set          0, 13000
1ED6:   6A00010B4CB9                                                                            light_pos_set           0, 1, 11, -18100
1EDC:   6A00010DBCE9                                                                            light_pos_set           0, 1, 13, -5700
1EE2:   0D0004000200                                                                            for                     0, off_1EEC, 2
1EE8:   02                                                                                      evt_next
1EE9:   00                                                                                      nop
1EEA:   0E00                                                                                    next                    0

off_1EEC:
1EEC:   22050000                                                                                set                     5, 0, 0
1EF0:   0100                                                                                    evt_end                 0
1EF2:   0004                                                                                    db                      0x00, 0x04
