.version 2
.init
.proc init_00
158E:   3B0101310000EDB725CDC4094407F5C7000082E140FC000A0400030000000000                        door_aot_se             1, SCE_DOOR, SAT_PL | SAT_MANUAL | SAT_FRONT, 0, 0, -18451, -13019, 2500, 1860, -14347, 0, -7806, -960, 0, 10, 4, 0, 3, 0, 0, 0, UNLOCKED, 0
15AE:   2C090431000067A68ECCCE09140502000000FFFF                                                aot_set                 9, SCE_MESSAGE, SAT_PL | SAT_MANUAL | SAT_FRONT, 0, 0, -22937, -13170, 2510, 1300, 2, 0, 0, 0, 255, 255
15C2:   2C0A0431000057B14EB20C084C0903000000FFFF                                                aot_set                 10, SCE_MESSAGE, SAT_PL | SAT_MANUAL | SAT_FRONT, 0, 0, -20137, -19890, 2060, 2380, 3, 0, 0, 0, 255, 255
15D6:   2C0B043100003795FCB3880EE80804000000FFFF                                                aot_set                 11, SCE_MESSAGE, SAT_PL | SAT_MANUAL | SAT_FRONT, 0, 0, -27337, -19460, 3720, 2280, 4, 0, 0, 0, 255, 255
15EA:   2C0C043100004B95C6C6260CCE0905000000FFFF                                                aot_set                 12, SCE_MESSAGE, SAT_PL | SAT_MANUAL | SAT_FRONT, 0, 0, -27317, -14650, 3110, 2510, 5, 0, 0, 0, 255, 255
15FE:   06001A00                                                                                if                      0, off_161C
1602:   21041200                                                                                ck                      4, 18, 0
1606:   2C0E06210000B7A114974006E4020A0033000100                                                aot_set                 14, SCE_FLAG_CHG, SAT_PL | SAT_FRONT, 0, 0, -24137, -26860, 1600, 740, 10, 0, 51, 0, 1, 0
161A:   08                                                                                      endif
161B:   00                                                                                      nop

off_161C:
161C:   06001A00                                                                                if                      0, off_163A
1620:   21041300                                                                                ck                      4, 19, 0
1624:   2C0F0621000063AFB096A00534030A0033000100                                                aot_set                 15, SCE_FLAG_CHG, SAT_PL | SAT_FRONT, 0, 0, -20637, -26960, 1440, 820, 10, 0, 51, 0, 1, 0
1638:   08                                                                                      endif
1639:   00                                                                                      nop

off_163A:
163A:   2D0000000000000000000A001200835BD2F67B6600FE00000000000000000000000000000000            obj_model_set           0, 0, 0, 0, 0, 0, 0, 10, 18, 23427, -2350, 26235, -512, 0, 0, 0, 0, 0, 0, 0, 0, 0, 0
1660:   2D0100000000000000000A001200634DD2F67B6600FE00000000000000000000000000000000            obj_model_set           1, 0, 0, 0, 0, 0, 0, 10, 18, 19811, -2350, 26235, -512, 0, 0, 0, 0, 0, 0, 0, 0, 0, 0
1686:   06001200                                                                                if                      0, off_169C
168A:   21041201                                                                                ck                      4, 18, 1
168E:   2E0400                                                                                  work_set                WK_OBJECT, 0
1691:   00                                                                                      nop
1692:   3200B9A4A4F67699                                                                        pos_set                 0, -23367, -2396, -26250
169A:   08                                                                                      endif
169B:   00                                                                                      nop

off_169C:
169C:   06001200                                                                                if                      0, off_16B2
16A0:   21041301                                                                                ck                      4, 19, 1
16A4:   2E0401                                                                                  work_set                WK_OBJECT, 1
16A7:   00                                                                                      nop
16A8:   320079B2A4F67699                                                                        pos_set                 0, -19847, -2396, -26250
16B0:   08                                                                                      endif
16B1:   00                                                                                      nop

off_16B2:
16B2:   06001600                                                                                if                      0, off_16CC
16B6:   21042B01                                                                                ck                      4, 43, 1
16BA:   4B0A0B                                                                                  cut_replace             10, 11
16BD:   4B020C                                                                                  cut_replace             2, 12
16C0:   4B030D                                                                                  cut_replace             3, 13
16C3:   4B040E                                                                                  cut_replace             4, 14
16C6:   4B050F                                                                                  cut_replace             5, 15
16C9:   00                                                                                      nop
16CA:   08                                                                                      endif
16CB:   00                                                                                      nop

off_16CC:
16CC:   06004400                                                                                if                      0, off_1714
16D0:   21010100                                                                                ck                      1, 1, 0
16D4:   4E020231000075B2CD982A0894075A000200610003A0                                            item_aot_set            2, SCE_ITEM, SAT_PL | SAT_MANUAL | SAT_FRONT, 0, 0, -19851, -26419, 2090, 1940, ITEM_DIAMONDKEY, 2, 97, 3, 160
16EA:   2D0300000000000000000A001000A7B730F8A49AC004000040F3000000000000000000000000            obj_model_set           3, 0, 0, 0, 0, 0, 0, 10, 16, -18521, -2000, -25948, 1216, 0, -3264, 0, 0, 0, 0, 0, 0, 0, 0
1710:   07004200                                                                                else                    0, off_1752

off_1714:
1714:   4E020231000075B2CD982A08940735000100620004C0                                            item_aot_set            2, SCE_ITEM, SAT_PL | SAT_MANUAL | SAT_FRONT, 0, 0, -19851, -26419, 2090, 1940, ITEM_BLUECARD, 1, 98, 4, 192
172A:   2D0400000000000000000A001000A7B730F8A49AC004000040F3000000000000000000000000            obj_model_set           4, 0, 0, 0, 0, 0, 0, 10, 16, -18521, -2000, -25948, 1216, 0, -3264, 0, 0, 0, 0, 0, 0, 0, 0
1750:   00                                                                                      nop
1751:   00                                                                                      nop

off_1752:
1752:   06001C00                                                                                if                      0, off_1772
1756:   21001901                                                                                ck                      0, 25, 1
175A:   4E050231000049B10DB3C409EE071E000300DC00FF00                                            item_aot_set            5, SCE_ITEM, SAT_PL | SAT_MANUAL | SAT_FRONT, 0, 0, -20151, -19699, 2500, 2030, ITEM_INKRIBBON, 3, 220, 255, 0
1770:   08                                                                                      endif
1771:   00                                                                                      nop

off_1772:
1772:   0100                                                                                    evt_end                 0

.main
.proc main_00
1794:   06002200                                                                                if                      0, off_17BA
1798:   2104FE01                                                                                ck                      4, 254, 1
179C:   22041200                                                                                set                     4, 18, 0
17A0:   22041300                                                                                set                     4, 19, 0
17A4:   22042B00                                                                                set                     4, 43, 0
17A8:   22085F00                                                                                set                     8, 95, 0
17AC:   22086000                                                                                set                     8, 96, 0
17B0:   2204AB00                                                                                set                     4, 171, 0
17B4:   22061400                                                                                set                     6, 20, 0
17B8:   08                                                                                      endif
17B9:   00                                                                                      nop

off_17BA:
17BA:   1804                                                                                    gosub                   4
17BC:   4E100231000000000000010001003E0001005F000200                                            item_aot_set            16, SCE_ITEM, SAT_PL | SAT_MANUAL | SAT_FRONT, 0, 0, 0, 0, 1, 1, ITEM_KINGPLUG, 1, 95, 2, 0
17D2:   2D0200000000000000000A0010008CAB31F4619B800300B00000000000000000000000000000            obj_model_set           2, 0, 0, 0, 0, 0, 0, 10, 16, -21620, -3023, -25759, 896, -20480, 0, 0, 0, 0, 0, 0, 0, 0, 0
17F8:   06001200                                                                                if                      0, off_180E
17FC:   21042B00                                                                                ck                      4, 43, 0
1800:   2E0402                                                                                  work_set                WK_OBJECT, 2
1803:   00                                                                                      nop
1804:   3200000000000000                                                                        pos_set                 0, 0, 0, 0
180C:   08                                                                                      endif
180D:   00                                                                                      nop

off_180E:
180E:   06004400                                                                                if                      0, off_1856
1812:   21001900                                                                                ck                      0, 25, 0
1816:   4E03023100003D9A15BF7805F6091500070063000500                                            item_aot_set            3, SCE_ITEM, SAT_PL | SAT_MANUAL | SAT_FRONT, 0, 0, -26051, -16619, 1400, 2550, ITEM_SHOTGUNAMMO, 7, 99, 5, 0
182C:   2D0500000000000000000A0010005A9D24FAA4C4000000000000000000000000000000000000            obj_model_set           5, 0, 0, 0, 0, 0, 0, 10, 16, -25254, -1500, -15196, 0, 0, 0, 0, 0, 0, 0, 0, 0, 0, 0
1852:   07001C00                                                                                else                    0, off_186E

off_1856:
1856:   4E03023100003D9A15BF7805F609150007006300FF01                                            item_aot_set            3, SCE_ITEM, SAT_PL | SAT_MANUAL | SAT_FRONT, 0, 0, -26051, -16619, 1400, 2550, ITEM_SHOTGUNAMMO, 7, 99, 255, 1
186C:   00                                                                                      nop
186D:   00                                                                                      nop

off_186E:
186E:   0100                                                                                    evt_end                 0

.proc main_01
1870:   1805                                                                                    gosub                   5
1872:   0100                                                                                    evt_end                 0

.proc main_02
1874:   57000B0116FF0000                                                                        sce_bgmtbl_set          0, 11, 1, 65302, 0
187C:   0100                                                                                    evt_end                 0

.proc main_03
187E:   22020701                                                                                set                     2, 7, 1
1882:   22020201                                                                                set                     2, 2, 1
1886:   22020301                                                                                set                     2, 3, 1
188A:   06003600                                                                                if                      0, off_18C4
188E:   21041201                                                                                ck                      4, 18, 1
1892:   21041301                                                                                ck                      4, 19, 1
1896:   06001600                                                                                if                      0, off_18B0
189A:   21085F00                                                                                ck                      8, 95, 0
189E:   290B                                                                                    cut_chg                 11
18A0:   090A1E00                                                                                sleep                   10, 30
18A4:   4710                                                                                    aot_on                  16
18A6:   02                                                                                      evt_next
18A7:   290D                                                                                    cut_chg                 13
18A9:   3C01                                                                                    cut_auto                1
18AB:   00                                                                                      nop
18AC:   07001400                                                                                else                    0, off_18C0

off_18B0:
18B0:   290B                                                                                    cut_chg                 11
18B2:   2B000700FFFF                                                                            message_on              0, 7, 0, 255, 255
18B8:   02                                                                                      evt_next
18B9:   290D                                                                                    cut_chg                 13
18BB:   3C01                                                                                    cut_auto                1
18BD:   00                                                                                      nop
18BE:   00                                                                                      nop
18BF:   00                                                                                      nop

off_18C0:
18C0:   07001400                                                                                else                    0, off_18D4

off_18C4:
18C4:   290A                                                                                    cut_chg                 10
18C6:   2B000100FFFF                                                                            message_on              0, 1, 0, 255, 255
18CC:   02                                                                                      evt_next
18CD:   2903                                                                                    cut_chg                 3
18CF:   3C01                                                                                    cut_auto                1
18D1:   00                                                                                      nop
18D2:   00                                                                                      nop
18D3:   00                                                                                      nop

off_18D4:
18D4:   22020300                                                                                set                     2, 3, 0
18D8:   22020200                                                                                set                     2, 2, 0
18DC:   22020700                                                                                set                     2, 7, 0
18E0:   0100                                                                                    evt_end                 0

.proc main_04
18E2:   2C0705310000B7A114974006E402FF0018080000                                                aot_set                 7, SCE_EVENT, SAT_PL | SAT_MANUAL | SAT_FRONT, 0, 0, -24137, -26860, 1600, 740, 255, 0, I_GOSUB, main_08, 0, 0
18F6:   2C080531000063AFB096A0053403FF0018090000                                                aot_set                 8, SCE_EVENT, SAT_PL | SAT_MANUAL | SAT_FRONT, 0, 0, -20637, -26960, 1440, 820, 255, 0, I_GOSUB, main_09, 0, 0
190A:   2C060531000071A654985A0A1806FF0018030000                                                aot_set                 6, SCE_EVENT, SAT_PL | SAT_MANUAL | SAT_FRONT, 0, 0, -22927, -26540, 2650, 1560, 255, 0, I_GOSUB, main_03, 0, 0
191E:   06008600                                                                                if                      0, off_19A8
1922:   21010101                                                                                ck                      1, 1, 1
1926:   06003200                                                                                if                      0, off_195C
192A:   2104AB00                                                                                ck                      4, 171, 0
192E:   440000221140000E0014F854D0BC3E4FC70300000000                                            sce_em_set              0, 0, ENEMY_LICKERRED, 17, 64, 0, 14, 0, 20, 21752, -17200, 20286, 967, 0, 0
1944:   2C0D034100000D966AAE6829C409000000000000                                                aot_set                 13, SCE_NORMAL, SAT_PL | SAT_UNDER, 0, 0, -27123, -20886, 10600, 2500, 0, 0, 0, 0, 0, 0
1958:   07004E00                                                                                else                    0, off_19A6

off_195C:
195C:   440000221000000E001408AB0000C2B0C70300000000                                            sce_em_set              0, 0, ENEMY_LICKERRED, 16, 0, 0, 14, 0, 20, -21752, 0, -20286, 967, 0, 0
1972:   380101                                                                                  flr_set                 1, 1
1975:   22120200                                                                                set                     18, 2, 0
1979:   221C0200                                                                                set                     28, 2, 0
197D:   22050301                                                                                set                     5, 3, 1
1981:   00                                                                                      nop
1982:   06001200                                                                                if                      0, off_1998
1986:   21061400                                                                                ck                      6, 20, 0
198A:   4B0204                                                                                  cut_replace             2, 4
198D:   4B0C0E                                                                                  cut_replace             12, 14
1990:   4B0107                                                                                  cut_replace             1, 7
1993:   00                                                                                      nop
1994:   07001000                                                                                else                    0, off_19A4

off_1998:
1998:   4B0205                                                                                  cut_replace             2, 5
199B:   4B0C0F                                                                                  cut_replace             12, 15
199E:   4B0107                                                                                  cut_replace             1, 7
19A1:   00                                                                                      nop
19A2:   00                                                                                      nop
19A3:   00                                                                                      nop

off_19A4:
19A4:   00                                                                                      nop
19A5:   00                                                                                      nop

off_19A6:
19A6:   08                                                                                      endif
19A7:   00                                                                                      nop

off_19A8:
19A8:   24041000                                                                                save                    4, 16
19AC:   1807                                                                                    gosub                   7
19AE:   2C0005310000EDB725CDC4094407FF0018060000                                                aot_set                 0, SCE_EVENT, SAT_PL | SAT_MANUAL | SAT_FRONT, 0, 0, -18451, -13019, 2500, 1860, 255, 0, I_GOSUB, main_06, 0, 0
19C2:   0100                                                                                    evt_end                 0

.proc main_05
19C4:   06002600                                                                                if                      0, off_19EE
19C8:   21041200                                                                                ck                      4, 18, 0
19CC:   06001C00                                                                                if                      0, off_19EC
19D0:   230000000E00                                                                            cmp                     0, 0, CMP_EQ, 14
19D6:   06001000                                                                                if                      0, off_19EA
19DA:   230002003300                                                                            cmp                     0, 2, CMP_EQ, 51
19E0:   22041201                                                                                set                     4, 18, 1
19E4:   04FF180A                                                                                evt_exec                255, I_GOSUB, main_0A
19E8:   08                                                                                      endif
19E9:   00                                                                                      nop

off_19EA:
19EA:   08                                                                                      endif
19EB:   00                                                                                      nop

off_19EC:
19EC:   08                                                                                      endif
19ED:   00                                                                                      nop

off_19EE:
19EE:   06002600                                                                                if                      0, off_1A18
19F2:   21041300                                                                                ck                      4, 19, 0
19F6:   06001C00                                                                                if                      0, off_1A16
19FA:   230000000F00                                                                            cmp                     0, 0, CMP_EQ, 15
1A00:   06001000                                                                                if                      0, off_1A14
1A04:   230002003300                                                                            cmp                     0, 2, CMP_EQ, 51
1A0A:   22041301                                                                                set                     4, 19, 1
1A0E:   04FF180B                                                                                evt_exec                255, I_GOSUB, main_0B
1A12:   08                                                                                      endif
1A13:   00                                                                                      nop

off_1A14:
1A14:   08                                                                                      endif
1A15:   00                                                                                      nop

off_1A16:
1A16:   08                                                                                      endif
1A17:   00                                                                                      nop

off_1A18:
1A18:   06006200                                                                                if                      0, off_1A7E
1A1C:   21010101                                                                                ck                      1, 1, 1
1A20:   06002400                                                                                if                      0, off_1A48
1A24:   5E35                                                                                    keep_item_ck            53
1A26:   06001C00                                                                                if                      0, off_1A46
1A2A:   2104AB00                                                                                ck                      4, 171, 0
1A2E:   06001200                                                                                if                      0, off_1A44
1A32:   230001000D00                                                                            cmp                     0, 1, CMP_EQ, 13
1A38:   2204AB01                                                                                set                     4, 171, 1
1A3C:   04FF180D                                                                                evt_exec                255, I_GOSUB, main_0D
1A40:   1802                                                                                    gosub                   2
1A42:   08                                                                                      endif
1A43:   00                                                                                      nop

off_1A44:
1A44:   08                                                                                      endif
1A45:   00                                                                                      nop

off_1A46:
1A46:   08                                                                                      endif
1A47:   00                                                                                      nop

off_1A48:
1A48:   06002400                                                                                if                      0, off_1A70
1A4C:   21061401                                                                                ck                      6, 20, 1
1A50:   06001A00                                                                                if                      0, off_1A6E
1A54:   21050300                                                                                ck                      5, 3, 0
1A58:   06001000                                                                                if                      0, off_1A6C
1A5C:   21050200                                                                                ck                      5, 2, 0
1A60:   22050201                                                                                set                     5, 2, 1
1A64:   510102000000                                                                            sce_bgm_control         1, 2, 0, 0, 0
1A6A:   08                                                                                      endif
1A6B:   00                                                                                      nop

off_1A6C:
1A6C:   08                                                                                      endif
1A6D:   00                                                                                      nop

off_1A6E:
1A6E:   08                                                                                      endif
1A6F:   00                                                                                      nop

off_1A70:
1A70:   06000800                                                                                if                      0, off_1A7C
1A74:   21050301                                                                                ck                      5, 3, 1
1A78:   1807                                                                                    gosub                   7
1A7A:   08                                                                                      endif
1A7B:   00                                                                                      nop

off_1A7C:
1A7C:   08                                                                                      endif
1A7D:   00                                                                                      nop

off_1A7E:
1A7E:   0100                                                                                    evt_end                 0

.proc main_06
1A80:   510000010100                                                                            sce_bgm_control         0, 0, 1, 1, 0
1A86:   4701                                                                                    aot_on                  1
1A88:   0100                                                                                    evt_end                 0

.proc main_07
1A8A:   0600F600                                                                                if                      0, off_1B84
1A8E:   1D040401                                                                                work_copy               4, 4, 1
1A92:   23001A050000                                                                            cmp                     0, 26, CMP_NE, 0
1A98:   131AE200                                                                                switch                  26, off_1B7E
1A9C:   140008000000                                                                            case                    0, off_1AAA, 0
1AA2:   510000014040                                                                            sce_bgm_control         0, 0, 1, 64, 64
1AA8:   1A00                                                                                    break                   0

off_1AAA:
1AAA:   140008000100                                                                            case                    0, off_1AB8, 1
1AB0:   510000014040                                                                            sce_bgm_control         0, 0, 1, 64, 64
1AB6:   1A00                                                                                    break                   0

off_1AB8:
1AB8:   140008000200                                                                            case                    0, off_1AC6, 2
1ABE:   510000014040                                                                            sce_bgm_control         0, 0, 1, 64, 64
1AC4:   1A00                                                                                    break                   0

off_1AC6:
1AC6:   140008000300                                                                            case                    0, off_1AD4, 3
1ACC:   510000014040                                                                            sce_bgm_control         0, 0, 1, 64, 64
1AD2:   1A00                                                                                    break                   0

off_1AD4:
1AD4:   140008000400                                                                            case                    0, off_1AE2, 4
1ADA:   510000014040                                                                            sce_bgm_control         0, 0, 1, 64, 64
1AE0:   1A00                                                                                    break                   0

off_1AE2:
1AE2:   140008000500                                                                            case                    0, off_1AF0, 5
1AE8:   510000014040                                                                            sce_bgm_control         0, 0, 1, 64, 64
1AEE:   1A00                                                                                    break                   0

off_1AF0:
1AF0:   140008000600                                                                            case                    0, off_1AFE, 6
1AF6:   510000014040                                                                            sce_bgm_control         0, 0, 1, 64, 64
1AFC:   1A00                                                                                    break                   0

off_1AFE:
1AFE:   140008000700                                                                            case                    0, off_1B0C, 7
1B04:   510000014040                                                                            sce_bgm_control         0, 0, 1, 64, 64
1B0A:   1A00                                                                                    break                   0

off_1B0C:
1B0C:   140008000800                                                                            case                    0, off_1B1A, 8
1B12:   510000014040                                                                            sce_bgm_control         0, 0, 1, 64, 64
1B18:   1A00                                                                                    break                   0

off_1B1A:
1B1A:   140008000900                                                                            case                    0, off_1B28, 9
1B20:   510000014040                                                                            sce_bgm_control         0, 0, 1, 64, 64
1B26:   1A00                                                                                    break                   0

off_1B28:
1B28:   140008000A00                                                                            case                    0, off_1B36, 10
1B2E:   510000014040                                                                            sce_bgm_control         0, 0, 1, 64, 64
1B34:   1A00                                                                                    break                   0

off_1B36:
1B36:   140008000B00                                                                            case                    0, off_1B44, 11
1B3C:   510000014040                                                                            sce_bgm_control         0, 0, 1, 64, 64
1B42:   1A00                                                                                    break                   0

off_1B44:
1B44:   140008000C00                                                                            case                    0, off_1B52, 12
1B4A:   510000014040                                                                            sce_bgm_control         0, 0, 1, 64, 64
1B50:   1A00                                                                                    break                   0

off_1B52:
1B52:   140008000D00                                                                            case                    0, off_1B60, 13
1B58:   510000014040                                                                            sce_bgm_control         0, 0, 1, 64, 64
1B5E:   1A00                                                                                    break                   0

off_1B60:
1B60:   140008000E00                                                                            case                    0, off_1B6E, 14
1B66:   510000014040                                                                            sce_bgm_control         0, 0, 1, 64, 64
1B6C:   1A00                                                                                    break                   0

off_1B6E:
1B6E:   140008000F00                                                                            case                    0, off_1B7C, 15
1B74:   510000014040                                                                            sce_bgm_control         0, 0, 1, 64, 64
1B7A:   1A00                                                                                    break                   0

off_1B7C:
1B7C:   1600                                                                                    eswitch                 0

off_1B7E:
1B7E:   25041A                                                                                  copy                    4, 26
1B81:   00                                                                                      nop
1B82:   08                                                                                      endif
1B83:   00                                                                                      nop

off_1B84:
1B84:   0100                                                                                    evt_end                 0

.proc main_08
1B86:   22020701                                                                                set                     2, 7, 1
1B8A:   22020201                                                                                set                     2, 2, 1
1B8E:   22020301                                                                                set                     2, 3, 1
1B92:   2909                                                                                    cut_chg                 9
1B94:   06000E00                                                                                if                      0, off_1BA6
1B98:   21041200                                                                                ck                      4, 18, 0
1B9C:   2B000000FFFF                                                                            message_on              0, 0, 0, 255, 255
1BA2:   07000C00                                                                                else                    0, off_1BAE

off_1BA6:
1BA6:   2B000600FFFF                                                                            message_on              0, 6, 0, 255, 255
1BAC:   00                                                                                      nop
1BAD:   00                                                                                      nop

off_1BAE:
1BAE:   02                                                                                      evt_next
1BAF:   00                                                                                      nop
1BB0:   06000A00                                                                                if                      0, off_1BBE
1BB4:   21042B00                                                                                ck                      4, 43, 0
1BB8:   2903                                                                                    cut_chg                 3
1BBA:   07000800                                                                                else                    0, off_1BC2

off_1BBE:
1BBE:   290D                                                                                    cut_chg                 13
1BC0:   00                                                                                      nop
1BC1:   00                                                                                      nop

off_1BC2:
1BC2:   3C01                                                                                    cut_auto                1
1BC4:   22020300                                                                                set                     2, 3, 0
1BC8:   22020200                                                                                set                     2, 2, 0
1BCC:   22020700                                                                                set                     2, 7, 0
1BD0:   0100                                                                                    evt_end                 0

.proc main_09
1BD2:   22020701                                                                                set                     2, 7, 1
1BD6:   22020201                                                                                set                     2, 2, 1
1BDA:   22020301                                                                                set                     2, 3, 1
1BDE:   2908                                                                                    cut_chg                 8
1BE0:   06000E00                                                                                if                      0, off_1BF2
1BE4:   21041300                                                                                ck                      4, 19, 0
1BE8:   2B000000FFFF                                                                            message_on              0, 0, 0, 255, 255
1BEE:   07000C00                                                                                else                    0, off_1BFA

off_1BF2:
1BF2:   2B000600FFFF                                                                            message_on              0, 6, 0, 255, 255
1BF8:   00                                                                                      nop
1BF9:   00                                                                                      nop

off_1BFA:
1BFA:   02                                                                                      evt_next
1BFB:   00                                                                                      nop
1BFC:   06000A00                                                                                if                      0, off_1C0A
1C00:   21042B00                                                                                ck                      4, 43, 0
1C04:   2903                                                                                    cut_chg                 3
1C06:   07000800                                                                                else                    0, off_1C0E

off_1C0A:
1C0A:   290D                                                                                    cut_chg                 13
1C0C:   00                                                                                      nop
1C0D:   00                                                                                      nop

off_1C0E:
1C0E:   3C01                                                                                    cut_auto                1
1C10:   22020300                                                                                set                     2, 3, 0
1C14:   22020200                                                                                set                     2, 2, 0
1C18:   22020700                                                                                set                     2, 7, 0
1C1C:   0100                                                                                    evt_end                 0

.proc main_0A
1C1E:   22020701                                                                                set                     2, 7, 1
1C22:   22020201                                                                                set                     2, 2, 1
1C26:   22020301                                                                                set                     2, 3, 1
1C2A:   2909                                                                                    cut_chg                 9
1C2C:   6233                                                                                    sce_item_lost           51
1C2E:   460E0041000000000000                                                                    aot_reset               14, SCE_AUTO, SAT_PL | SAT_UNDER, 0, 0, 0, 0, 0, 0
1C38:   2E0400                                                                                  work_set                WK_OBJECT, 0
1C3B:   00                                                                                      nop
1C3C:   3200B9A4A4F67699                                                                        pos_set                 0, -23367, -2396, -26250
1C44:   090A0300                                                                                sleep                   10, 3
1C48:   36020B000000B1A48DF67699                                                                se_on                   2, 11, 0, -23375, -2419, -26250
1C54:   090A3C00                                                                                sleep                   10, 60
1C58:   2903                                                                                    cut_chg                 3
1C5A:   3C01                                                                                    cut_auto                1
1C5C:   06002200                                                                                if                      0, off_1C82
1C60:   21041201                                                                                ck                      4, 18, 1
1C64:   06001800                                                                                if                      0, off_1C80
1C68:   21041301                                                                                ck                      4, 19, 1
1C6C:   06000E00                                                                                if                      0, off_1C7E
1C70:   21042B00                                                                                ck                      4, 43, 0
1C74:   22042B01                                                                                set                     4, 43, 1
1C78:   04FF180C                                                                                evt_exec                255, I_GOSUB, main_0C
1C7C:   08                                                                                      endif
1C7D:   00                                                                                      nop

off_1C7E:
1C7E:   08                                                                                      endif
1C7F:   00                                                                                      nop

off_1C80:
1C80:   08                                                                                      endif
1C81:   00                                                                                      nop

off_1C82:
1C82:   22020300                                                                                set                     2, 3, 0
1C86:   22020200                                                                                set                     2, 2, 0
1C8A:   22020700                                                                                set                     2, 7, 0
1C8E:   0100                                                                                    evt_end                 0

.proc main_0B
1C90:   22020701                                                                                set                     2, 7, 1
1C94:   22020201                                                                                set                     2, 2, 1
1C98:   22020301                                                                                set                     2, 3, 1
1C9C:   2908                                                                                    cut_chg                 8
1C9E:   6233                                                                                    sce_item_lost           51
1CA0:   460F0041000000000000                                                                    aot_reset               15, SCE_AUTO, SAT_PL | SAT_UNDER, 0, 0, 0, 0, 0, 0
1CAA:   2E0401                                                                                  work_set                WK_OBJECT, 1
1CAD:   00                                                                                      nop
1CAE:   320079B2A4F67699                                                                        pos_set                 0, -19847, -2396, -26250
1CB6:   090A0300                                                                                sleep                   10, 3
1CBA:   36020B00000088B28DF67699                                                                se_on                   2, 11, 0, -19832, -2419, -26250
1CC6:   090A3C00                                                                                sleep                   10, 60
1CCA:   2903                                                                                    cut_chg                 3
1CCC:   3C01                                                                                    cut_auto                1
1CCE:   06002200                                                                                if                      0, off_1CF4
1CD2:   21041201                                                                                ck                      4, 18, 1
1CD6:   06001800                                                                                if                      0, off_1CF2
1CDA:   21041301                                                                                ck                      4, 19, 1
1CDE:   06000E00                                                                                if                      0, off_1CF0
1CE2:   21042B00                                                                                ck                      4, 43, 0
1CE6:   22042B01                                                                                set                     4, 43, 1
1CEA:   04FF180C                                                                                evt_exec                255, I_GOSUB, main_0C
1CEE:   08                                                                                      endif
1CEF:   00                                                                                      nop

off_1CF0:
1CF0:   08                                                                                      endif
1CF1:   00                                                                                      nop

off_1CF2:
1CF2:   08                                                                                      endif
1CF3:   00                                                                                      nop

off_1CF4:
1CF4:   22020300                                                                                set                     2, 3, 0
1CF8:   22020200                                                                                set                     2, 2, 0
1CFC:   22020700                                                                                set                     2, 7, 0
1D00:   0100                                                                                    evt_end                 0

.proc main_0C
1D02:   22020701                                                                                set                     2, 7, 1
1D06:   22020201                                                                                set                     2, 2, 1
1D0A:   22020301                                                                                set                     2, 3, 1
1D0E:   4B0A0B                                                                                  cut_replace             10, 11
1D11:   4B020C                                                                                  cut_replace             2, 12
1D14:   4B030D                                                                                  cut_replace             3, 13
1D17:   4B040E                                                                                  cut_replace             4, 14
1D1A:   4B050F                                                                                  cut_replace             5, 15
1D1D:   290D                                                                                    cut_chg                 13
1D1F:   02                                                                                      evt_next
1D20:   06001800                                                                                if                      0, off_1D3C
1D24:   21010100                                                                                ck                      1, 1, 0
1D28:   510002000000                                                                            sce_bgm_control         0, 2, 0, 0, 0
1D2E:   6F04                                                                                    movie_on                4
1D30:   02                                                                                      evt_next
1D31:   510001000000                                                                            sce_bgm_control         0, 1, 0, 0, 0
1D37:   00                                                                                      nop
1D38:   07007000                                                                                else                    0, off_1DA8

off_1D3C:
1D3C:   06005400                                                                                if                      0, off_1D94
1D40:   21050300                                                                                ck                      5, 3, 0
1D44:   06000C00                                                                                if                      0, off_1D54
1D48:   2104AB00                                                                                ck                      4, 171, 0
1D4C:   6F04                                                                                    movie_on                4
1D4E:   02                                                                                      evt_next
1D4F:   00                                                                                      nop
1D50:   07004000                                                                                else                    0, off_1D90

off_1D54:
1D54:   06002400                                                                                if                      0, off_1D7C
1D58:   21050200                                                                                ck                      5, 2, 0
1D5C:   510002000000                                                                            sce_bgm_control         0, 2, 0, 0, 0
1D62:   510102000000                                                                            sce_bgm_control         1, 2, 0, 0, 0
1D68:   6F04                                                                                    movie_on                4
1D6A:   02                                                                                      evt_next
1D6B:   510001000000                                                                            sce_bgm_control         0, 1, 0, 0, 0
1D71:   510101000000                                                                            sce_bgm_control         1, 1, 0, 0, 0
1D77:   00                                                                                      nop
1D78:   07001600                                                                                else                    0, off_1D8E

off_1D7C:
1D7C:   510002000000                                                                            sce_bgm_control         0, 2, 0, 0, 0
1D82:   6F04                                                                                    movie_on                4
1D84:   02                                                                                      evt_next
1D85:   510001000000                                                                            sce_bgm_control         0, 1, 0, 0, 0
1D8B:   00                                                                                      nop
1D8C:   00                                                                                      nop
1D8D:   00                                                                                      nop

off_1D8E:
1D8E:   00                                                                                      nop
1D8F:   00                                                                                      nop

off_1D90:
1D90:   07001600                                                                                else                    0, off_1DA6

off_1D94:
1D94:   510002000000                                                                            sce_bgm_control         0, 2, 0, 0, 0
1D9A:   6F04                                                                                    movie_on                4
1D9C:   02                                                                                      evt_next
1D9D:   510001000000                                                                            sce_bgm_control         0, 1, 0, 0, 0
1DA3:   00                                                                                      nop
1DA4:   00                                                                                      nop
1DA5:   00                                                                                      nop

off_1DA6:
1DA6:   00                                                                                      nop
1DA7:   00                                                                                      nop

off_1DA8:
1DA8:   2E0402                                                                                  work_set                WK_OBJECT, 2
1DAB:   00                                                                                      nop
1DAC:   06001800                                                                                if                      0, off_1DC8
1DB0:   21010000                                                                                ck                      1, 0, 0
1DB4:   32008CAB31F4619B                                                                        pos_set                 0, -21620, -3023, -25759
1DBC:   3300800300B00000                                                                        dir_set                 0, 896, -20480, 0
1DC4:   07001600                                                                                else                    0, off_1DDA

off_1DC8:
1DC8:   3200CBAB09F4C09A                                                                        pos_set                 0, -21557, -3063, -25920
1DD0:   330040FF00000000                                                                        dir_set                 0, -192, 0, 0
1DD8:   00                                                                                      nop
1DD9:   00                                                                                      nop

off_1DDA:
1DDA:   3C01                                                                                    cut_auto                1
1DDC:   22020300                                                                                set                     2, 3, 0
1DE0:   22020200                                                                                set                     2, 2, 0
1DE4:   22020700                                                                                set                     2, 7, 0
1DE8:   0100                                                                                    evt_end                 0

.proc main_0D
1DEA:   2906                                                                                    cut_chg                 6
1DEC:   22020701                                                                                set                     2, 7, 1
1DF0:   2E0300                                                                                  work_set                WK_ENEMY, 0
1DF3:   00                                                                                      nop
1DF4:   32002CACA0DD0AB3                                                                        pos_set                 0, -21460, -8800, -19702
1DFC:   34170100                                                                                member_set              23, 1, 0
1E00:   341D9600                                                                                member_set              29, 150, 0
1E04:   180E                                                                                    gosub                   14
1E06:   02                                                                                      evt_next
1E07:   00                                                                                      nop
1E08:   090A0600                                                                                sleep                   10, 6
1E0C:   360221000000A2AAB0EBDEBC                                                                se_on                   2, 33, 0, -21854, -5200, -17186
1E18:   8A0005000000                                                                            nop_8a                  0, 5, 0, 0, 0
1E1E:   8BFF04000000                                                                            nop_8b                  255, 4, 0, 0, 0
1E24:   8C00FA320A000500                                                                        nop_8c                  0, 250, 50, 10, 0, 5, 0
1E2C:   8BFF04000F00                                                                            nop_8b                  255, 4, 0, 15, 0
1E32:   8C00FA3205001300                                                                        nop_8c                  0, 250, 50, 5, 0, 19, 0
1E3A:   8A0001000F00                                                                            nop_8a                  0, 1, 0, 15, 0
1E40:   8A0001001200                                                                            nop_8a                  0, 1, 0, 18, 0
1E46:   8A0001001400                                                                            nop_8a                  0, 1, 0, 20, 0
1E4C:   8A0001001800                                                                            nop_8a                  0, 1, 0, 24, 0
1E52:   8A0001001C00                                                                            nop_8a                  0, 1, 0, 28, 0
1E58:   8A0001002300                                                                            nop_8a                  0, 1, 0, 35, 0
1E5E:   8A0001002D00                                                                            nop_8a                  0, 1, 0, 45, 0
1E64:   8A0001003700                                                                            nop_8a                  0, 1, 0, 55, 0
1E6A:   360308000300000000000000                                                                se_on                   3, 8, 3, 0, 0, 0
1E76:   180F                                                                                    gosub                   15
1E78:   2E0100                                                                                  work_set                WK_PLAYER, 0
1E7B:   00                                                                                      nop
1E7C:   4000092008AB37BD                                                                        plc_dest                0, 9, 32, -21752, -17097
1E84:   58000001                                                                                plc_rot                 0, 256
1E88:   090A0200                                                                                sleep                   10, 2
1E8C:   2E0100                                                                                  work_set                WK_PLAYER, 0
1E8F:   00                                                                                      nop
1E90:   41050300000000006060                                                                    plc_neck                5, 3, 0, 0, 96, 96
1E9A:   4000052008AB37BD                                                                        plc_dest                0, 5, 32, -21752, -17097
1EA2:   090A0300                                                                                sleep                   10, 3
1EA6:   06000A00                                                                                if                      0, off_1EB4
1EAA:   21042B00                                                                                ck                      4, 43, 0
1EAE:   2902                                                                                    cut_chg                 2
1EB0:   07000800                                                                                else                    0, off_1EB8

off_1EB4:
1EB4:   290C                                                                                    cut_chg                 12
1EB6:   00                                                                                      nop
1EB7:   00                                                                                      nop

off_1EB8:
1EB8:   220F0200                                                                                set                     15, 2, 0
1EBC:   22190200                                                                                set                     25, 2, 0
1EC0:   2E0300                                                                                  work_set                WK_ENEMY, 0
1EC3:   00                                                                                      nop
1EC4:   341D6400                                                                                member_set              29, 100, 0
1EC8:   320007AB40ED37BD                                                                        pos_set                 0, -21753, -4800, -17097
1ED0:   22011B01                                                                                set                     1, 27, 1
1ED4:   22020701                                                                                set                     2, 7, 1
1ED8:   510001000000                                                                            sce_bgm_control         0, 1, 0, 0, 0
1EDE:   510101000000                                                                            sce_bgm_control         1, 1, 0, 0, 0
1EE4:   2E0100                                                                                  work_set                WK_PLAYER, 0
1EE7:   3F000F00                                                                                plc_motion              0, 15, 0
1EEB:   380101                                                                                  flr_set                 1, 1
1EEE:   090A0700                                                                                sleep                   10, 7
1EF2:   2E0100                                                                                  work_set                WK_PLAYER, 0
1EF5:   66                                                                                      plc_stop
1EF6:   36020A010000A2AA0000DEBC                                                                se_on                   2, 266, 0, -21854, 0, -17186
1F02:   090A0100                                                                                sleep                   10, 1
1F06:   2E0100                                                                                  work_set                WK_PLAYER, 0
1F09:   66                                                                                      plc_stop
1F0A:   090A0200                                                                                sleep                   10, 2
1F0E:   3A0011050000002020A7F8DFF2A80004                                                        sce_espr_on             0, 1297, 0, 8192, -22752, -8200, -22286, 1024
1F1E:   090A0100                                                                                sleep                   10, 1
1F22:   2E0100                                                                                  work_set                WK_PLAYER, 0
1F25:   00                                                                                      nop
1F26:   43001000                                                                                plc_flg                 0, 16
1F2A:   090A0200                                                                                sleep                   10, 2
1F2E:   36020A010000A2AA0000DEBC                                                                se_on                   2, 266, 0, -21854, 0, -17186
1F3A:   090A0300                                                                                sleep                   10, 3
1F3E:   3A00120500000010D8B2E0E3AAB40004                                                        sce_espr_on             0, 1298, 0, 4096, -19752, -7200, -19286, 1024
1F4E:   090A0A00                                                                                sleep                   10, 10
1F52:   3A0011050000003034ACCCDE76C50000                                                        sce_espr_on             0, 1297, 0, 12288, -21452, -8500, -14986, 0
1F62:   2E0100                                                                                  work_set                WK_PLAYER, 0
1F65:   00                                                                                      nop
1F66:   400008207FABE183                                                                        plc_dest                0, 8, 32, -21633, -31775
1F6E:   43001000                                                                                plc_flg                 0, 16
1F72:   090A0F00                                                                                sleep                   10, 15
1F76:   2E0100                                                                                  work_set                WK_PLAYER, 0
1F79:   00                                                                                      nop
1F7A:   4000092008AB37BD                                                                        plc_dest                0, 9, 32, -21752, -17097
1F82:   58000001                                                                                plc_rot                 0, 256
1F86:   090A0300                                                                                sleep                   10, 3
1F8A:   2E0100                                                                                  work_set                WK_PLAYER, 0
1F8D:   3F001100                                                                                plc_motion              0, 17, 0
1F91:   00                                                                                      nop
1F92:   43001000                                                                                plc_flg                 0, 16
1F96:   090A1900                                                                                sleep                   10, 25
1F9A:   360308000300000000000000                                                                se_on                   3, 8, 3, 0, 0, 0
1FA6:   090A0700                                                                                sleep                   10, 7
1FAA:   2E0100                                                                                  work_set                WK_PLAYER, 0
1FAD:   00                                                                                      nop
1FAE:   400008207FABE183                                                                        plc_dest                0, 8, 32, -21633, -31775
1FB6:   43001000                                                                                plc_flg                 0, 16
1FBA:   090A2800                                                                                sleep                   10, 40
1FBE:   06000A00                                                                                if                      0, off_1FCC
1FC2:   21042B00                                                                                ck                      4, 43, 0
1FC6:   2904                                                                                    cut_chg                 4
1FC8:   07000800                                                                                else                    0, off_1FD0

off_1FCC:
1FCC:   290E                                                                                    cut_chg                 14
1FCE:   00                                                                                      nop
1FCF:   00                                                                                      nop

off_1FD0:
1FD0:   4B0204                                                                                  cut_replace             2, 4
1FD3:   4B0C0E                                                                                  cut_replace             12, 14
1FD6:   4B0107                                                                                  cut_replace             1, 7
1FD9:   22011B00                                                                                set                     1, 27, 0
1FDD:   3C01                                                                                    cut_auto                1
1FDF:   2E0300                                                                                  work_set                WK_ENEMY, 0
1FE2:   34170100                                                                                member_set              23, 1, 0
1FE6:   2E0100                                                                                  work_set                WK_PLAYER, 0
1FE9:   42                                                                                      plc_ret
1FEA:   22020700                                                                                set                     2, 7, 0
1FEE:   0100                                                                                    evt_end                 0

.proc main_0E
1FF0:   3A0013050000001008ABF8DFDAAC0000                                                        sce_espr_on             0, 1299, 0, 4096, -21752, -8200, -21286, 0
2000:   3A0011050000002020A7E0E3DAAC0000                                                        sce_espr_on             0, 1297, 0, 8192, -22752, -7200, -21286, 0
2010:   3A0011050000001020A7F8DFDAAC0000                                                        sce_espr_on             0, 1297, 0, 4096, -22752, -8200, -21286, 0
2020:   3A0012050000004038A3C8E7DAAC0000                                                        sce_espr_on             0, 1298, 0, 16384, -23752, -6200, -21286, 0
2030:   3A0012050000002008ABE0E3F2A80000                                                        sce_espr_on             0, 1298, 0, 8192, -21752, -7200, -22286, 0
2040:   3A0010050000003008ABF8DF0AA50000                                                        sce_espr_on             0, 1296, 0, 12288, -21752, -8200, -23286, 0
2050:   3A0010050000001008ABC8E70AA50000                                                        sce_espr_on             0, 1296, 0, 4096, -21752, -6200, -23286, 0
2060:   3A0013050000002008ABF8DF22A10000                                                        sce_espr_on             0, 1299, 0, 8192, -21752, -8200, -24286, 0
2070:   3A00100500000030F0AE10DCDAAC0000                                                        sce_espr_on             0, 1296, 0, 12288, -20752, -9200, -21286, 0
2080:   3A00110500000020D8B2F8DFDAAC0000                                                        sce_espr_on             0, 1297, 0, 8192, -19752, -8200, -21286, 0
2090:   3A00110500000010D8B2C8E7DAAC0000                                                        sce_espr_on             0, 1297, 0, 4096, -19752, -6200, -21286, 0
20A0:   3A00120500000040C0B6E0E3DAAC0000                                                        sce_espr_on             0, 1298, 0, 16384, -18752, -7200, -21286, 0
20B0:   3A00110500000030F0AEF8DFC2B00000                                                        sce_espr_on             0, 1297, 0, 12288, -20752, -8200, -20286, 0
20C0:   3A00130500000010F0AE10DCAAB40000                                                        sce_espr_on             0, 1299, 0, 4096, -20752, -9200, -19286, 0
20D0:   3A00130500000010F0AEE0E3AAB40000                                                        sce_espr_on             0, 1299, 0, 4096, -20752, -7200, -19286, 0
20E0:   3A00120500000040F0AE28D892B80000                                                        sce_espr_on             0, 1298, 0, 16384, -20752, -10200, -18286, 0
20F0:   3A00110500000010F0AEE0E35EB00000                                                        sce_espr_on             0, 1297, 0, 4096, -20752, -7200, -20386, 0
2100:   3A0013050000003020A710DCAAB40000                                                        sce_espr_on             0, 1299, 0, 12288, -22752, -9200, -19286, 0
2110:   3A00130500000010F0AEC8E792B80000                                                        sce_espr_on             0, 1299, 0, 4096, -20752, -6200, -18286, 0
2120:   3A0012050000004008ABF8DF7ABC0000                                                        sce_espr_on             0, 1298, 0, 16384, -21752, -8200, -17286, 0
2130:   3A00100500000050F0AE10DC7ABC0000                                                        sce_espr_on             0, 1296, 0, 20480, -20752, -9200, -17286, 0
2140:   3A0011050000004038A310DC32C80000                                                        sce_espr_on             0, 1297, 0, 16384, -23752, -9200, -14286, 0
2150:   3A0010050000002008ABF8DFDAAC0000                                                        sce_espr_on             0, 1296, 0, 8192, -21752, -8200, -21286, 0
2160:   3A0011050000001020A7E0E3F2A80004                                                        sce_espr_on             0, 1297, 0, 4096, -22752, -7200, -22286, 1024
2170:   3A0011050000001020A7C8E7F2A80004                                                        sce_espr_on             0, 1297, 0, 4096, -22752, -6200, -22286, 1024
2180:   3A0012050000003038A310DC0AA50008                                                        sce_espr_on             0, 1298, 0, 12288, -23752, -9200, -23286, 2048
2190:   3A0011050000001008ABF8DFC2B00000                                                        sce_espr_on             0, 1297, 0, 4096, -21752, -8200, -20286, 0
21A0:   3A0012050000003020A710DCAAB40004                                                        sce_espr_on             0, 1298, 0, 12288, -22752, -9200, -19286, 1024
21B0:   3A0012050000001020A7E0E3AAB40004                                                        sce_espr_on             0, 1298, 0, 4096, -22752, -7200, -19286, 1024
21C0:   3A0013050000004038A3C0E092B80008                                                        sce_espr_on             0, 1299, 0, 16384, -23752, -8000, -18286, 2048
21D0:   3A0012050000001008ABC8E7C2B00000                                                        sce_espr_on             0, 1298, 0, 4096, -21752, -6200, -20286, 0
21E0:   3A0012050000002038A310DCAAB40004                                                        sce_espr_on             0, 1298, 0, 8192, -23752, -9200, -19286, 1024
21F0:   3A00120500000010E8A7C8E754B60004                                                        sce_espr_on             0, 1298, 0, 4096, -22552, -6200, -18860, 1024
2200:   3A0013050000003038A3D8DC7ABC0008                                                        sce_espr_on             0, 1299, 0, 12288, -23752, -9000, -17286, 2048
2210:   3A00130500000010F0AEC4DCDAAC000C                                                        sce_espr_on             0, 1299, 0, 4096, -20752, -9020, -21286, 3072
2220:   3A00110500000020D8B2F8DFF2A80008                                                        sce_espr_on             0, 1297, 0, 8192, -19752, -8200, -22286, 2048
2230:   3A00110500000010D8B228D8F2A80008                                                        sce_espr_on             0, 1297, 0, 4096, -19752, -10200, -22286, 2048
2240:   3A00120500000040C0B610DC0AA50000                                                        sce_espr_on             0, 1298, 0, 16384, -18752, -9200, -23286, 0
2250:   3A00130500000010F0AE10DCC2B00000                                                        sce_espr_on             0, 1299, 0, 4096, -20752, -9200, -20286, 0
2260:   3A00120500000040D8B2F8DFAAB40004                                                        sce_espr_on             0, 1298, 0, 16384, -19752, -8200, -19286, 1024
2270:   3A00120500000010D8B2E0E3AAB40004                                                        sce_espr_on             0, 1298, 0, 4096, -19752, -7200, -19286, 1024
2280:   3A00110500000020C0B6F8DF92B8000C                                                        sce_espr_on             0, 1297, 0, 8192, -18752, -8200, -18286, 3072
2290:   3A00130500000010F0AE10DCDAAC0000                                                        sce_espr_on             0, 1299, 0, 4096, -20752, -9200, -21286, 0
22A0:   3A00120500000030C0B6F8DF92B80004                                                        sce_espr_on             0, 1298, 0, 12288, -18752, -8200, -18286, 1024
22B0:   3A00110500000010D8B2E0E37EB30004                                                        sce_espr_on             0, 1297, 0, 4096, -19752, -7200, -19586, 1024
22C0:   3A00110500000050C0B6F8DF7ABC000C                                                        sce_espr_on             0, 1297, 0, 20480, -18752, -8200, -17286, 3072
22D0:   0100                                                                                    evt_end                 0

.proc main_0F
22D2:   3A00130500000040B0A8F8DFC2B00000                                                        sce_espr_on             0, 1299, 0, 16384, -22352, -8200, -20286, 0
22E2:   3A00110500000020C8A4B4E2F2A80000                                                        sce_espr_on             0, 1297, 0, 8192, -23352, -7500, -22286, 0
22F2:   3A00120500000040C8A410DC0AA50000                                                        sce_espr_on             0, 1298, 0, 16384, -23352, -9200, -23286, 0
2302:   3A001205000000502CA5E8BEF2A80000                                                        sce_espr_on             0, 1298, 0, 20480, -23252, -16664, -22286, 0
2312:   3A00100500000030D8B2F8DFF2A80000                                                        sce_espr_on             0, 1296, 0, 12288, -19752, -8200, -22286, 0
2322:   3A00110500000020A8BA10DC8EA80000                                                        sce_espr_on             0, 1297, 0, 8192, -17752, -9200, -22386, 0
2332:   3A00110500000010C0B6F8DFAEAB0000                                                        sce_espr_on             0, 1297, 0, 4096, -18752, -8200, -21586, 0
2342:   3A00120500000040F8B5E0E3E6AA0000                                                        sce_espr_on             0, 1298, 0, 16384, -18952, -7200, -21786, 0
2352:   3A0012050000004020A710DC0AA50000                                                        sce_espr_on             0, 1298, 0, 16384, -22752, -9200, -23286, 0
2362:   3A0010050000005038A3F8DF22A10000                                                        sce_espr_on             0, 1296, 0, 20480, -23752, -8200, -24286, 0
2372:   3A00100500000030F0AEE0E3FC9A0000                                                        sce_espr_on             0, 1296, 0, 12288, -20752, -7200, -25860, 0
2382:   3A0013050000004060ADE0E3F2A80000                                                        sce_espr_on             0, 1299, 0, 16384, -21152, -7200, -22286, 0
2392:   3A0010050000005008AB10DCE6AA0000                                                        sce_espr_on             0, 1296, 0, 20480, -21752, -9200, -21786, 0
23A2:   3A0011050000002038A3F8DFC6A70004                                                        sce_espr_on             0, 1297, 0, 8192, -23752, -8200, -22586, 1024
23B2:   3A0011050000002008ABA8E4DAAC0004                                                        sce_espr_on             0, 1297, 0, 8192, -21752, -7000, -21286, 1024
23C2:   3A0012050000005038A3F8DF22A10008                                                        sce_espr_on             0, 1298, 0, 20480, -23752, -8200, -24286, 2048
23D2:   3A00130500000030D8B2ACE0DAAC000C                                                        sce_espr_on             0, 1299, 0, 12288, -19752, -8020, -21286, 3072
23E2:   3A00110500000020A8BA10DCF2A80008                                                        sce_espr_on             0, 1297, 0, 8192, -17752, -9200, -22286, 2048
23F2:   3A00110500000050C0B610DCF2A80008                                                        sce_espr_on             0, 1297, 0, 20480, -18752, -9200, -22286, 2048
2402:   3A00120500000040A8BAE0E30AA50000                                                        sce_espr_on             0, 1298, 0, 16384, -17752, -7200, -23286, 0
2412:   3A0011050000003008AB10DC7ABC0000                                                        sce_espr_on             0, 1297, 0, 12288, -21752, -9200, -17286, 0
2422:   3A0013050000003020A75CE092B80000                                                        sce_espr_on             0, 1299, 0, 12288, -22752, -8100, -18286, 0
2432:   3A00130500000050B8AFF8DF62C00000                                                        sce_espr_on             0, 1299, 0, 20480, -20552, -8200, -16286, 0
2442:   3A0012050000001048B1E0E392B80000                                                        sce_espr_on             0, 1298, 0, 4096, -20152, -7200, -18286, 0
2452:   3A0011050000003008AB74DCE6C30000                                                        sce_espr_on             0, 1297, 0, 12288, -21752, -9100, -15386, 0
2462:   3A00130500000050509F48DB7ABC0000                                                        sce_espr_on             0, 1299, 0, 20480, -24752, -9400, -17286, 0
2472:   3A0013050000002008ABCCDE4AC40000                                                        sce_espr_on             0, 1299, 0, 8192, -21752, -8500, -15286, 0
2482:   3A00120500000040F0AE50E232C80000                                                        sce_espr_on             0, 1298, 0, 16384, -20752, -7600, -14286, 0
2492:   3A0010050000005008AB10DCF4C50000                                                        sce_espr_on             0, 1296, 0, 20480, -21752, -9200, -14860, 0
24A2:   3A0011050000002020A774DC1ACC0000                                                        sce_espr_on             0, 1297, 0, 8192, -22752, -9100, -13286, 0
24B2:   3A00110500000040509F10DCF2C10000                                                        sce_espr_on             0, 1297, 0, 16384, -24752, -9200, -15886, 0
24C2:   3A00120500000050E8A7F8DF22BA0004                                                        sce_espr_on             0, 1298, 0, 20480, -22552, -8200, -17886, 1024
24D2:   3A00120500000030689B10DC4AC40004                                                        sce_espr_on             0, 1298, 0, 12288, -25752, -9200, -15286, 1024
24E2:   3A0013050000002038A3A0DD9EB60008                                                        sce_espr_on             0, 1299, 0, 8192, -23752, -8800, -18786, 2048
24F2:   3A0012050000004018A010DCF2C10000                                                        sce_espr_on             0, 1298, 0, 16384, -24552, -9200, -15886, 0
2502:   3A00120500000050C8A410DC22BA0004                                                        sce_espr_on             0, 1298, 0, 20480, -23352, -9200, -17886, 1024
2512:   3A00120500000040BCA610DC18C00004                                                        sce_espr_on             0, 1298, 0, 16384, -22852, -9200, -16360, 1024
2522:   3A0013050000002000A4C0E09EB60008                                                        sce_espr_on             0, 1299, 0, 8192, -23552, -8000, -18786, 2048
2532:   3A00130500000010F0AEF8DF92B80000                                                        sce_espr_on             0, 1299, 0, 4096, -20752, -8200, -18286, 0
2542:   3A00120500000040D8B2E4DA4AC40004                                                        sce_espr_on             0, 1298, 0, 16384, -19752, -9500, -15286, 1024
2552:   3A00120500000050D8B2E0E362C00004                                                        sce_espr_on             0, 1298, 0, 20480, -19752, -7200, -16286, 1024
2562:   3A00110500000020C0B610DC92B8000C                                                        sce_espr_on             0, 1297, 0, 8192, -18752, -9200, -18286, 3072
2572:   3A00130500000010F0AE10DC7ABC0000                                                        sce_espr_on             0, 1299, 0, 4096, -20752, -9200, -17286, 0
2582:   3A00120500000030C0B6F8DF92B80004                                                        sce_espr_on             0, 1298, 0, 12288, -18752, -8200, -18286, 1024
2592:   3A00110500000020D8B210DC36BF0004                                                        sce_espr_on             0, 1297, 0, 8192, -19752, -9200, -16586, 1024
25A2:   3A00110500000050C0B610DC7ABC000C                                                        sce_espr_on             0, 1297, 0, 20480, -18752, -9200, -17286, 3072
25B2:   3A0010050000003008AB58D00AA50000                                                        sce_espr_on             0, 1296, 0, 12288, -21752, -12200, -23286, 0
25C2:   3A00120500000030C0B6A0C4DAAC0000                                                        sce_espr_on             0, 1298, 0, 12288, -18752, -15200, -21286, 0
25D2:   0100                                                                                    evt_end                 0
