.version 2
.init
.proc init_00
1CB2:   3B0001310000B4979C9B08070807B0A00000589E0008000D0400000100000000                        door_aot_se             0, SCE_DOOR, SAT_PL | SAT_MANUAL | SAT_FRONT, 0, 0, -26700, -25700, 1800, 1800, -24400, 0, -25000, 2048, 0, 13, 4, 0, 0, 1, 0, 0, UNLOCKED, 0
1CD2:   0100                                                                                    evt_end                 0

.main
.proc main_00
1CDA:   2D0000000000000000000A00100020B850FB76CB000000000000000000000000000000000000            obj_model_set           0, 0, 0, 0, 0, 0, 0, 10, 16, -18400, -1200, -13450, 0, 0, 0, 0, 0, 0, 0, 0, 0, 0, 0
1D00:   2D0100000000000000000A003000A89950FBBEBF000000000000000000000000000000000000            obj_model_set           1, 0, 0, 0, 0, 0, 0, 10, 48, -26200, -1200, -16450, 0, 0, 0, 0, 0, 0, 0, 0, 0, 0, 0
1D26:   4E0302310000A2B350C9400640067000010069000000                                            item_aot_set            3, SCE_ITEM, SAT_PL | SAT_MANUAL | SAT_FRONT, 0, 0, -19550, -14000, 1600, 1600, ITEM_112, 1, 105, 0, 0
1D3C:   4E04023100000000000000000000430001006A000100                                            item_aot_set            4, SCE_ITEM, SAT_PL | SAT_MANUAL | SAT_FRONT, 0, 0, 0, 0, 0, 0, ITEM_CRANK, 1, 106, 1, 0
1D52:   2C050D310000109760BE08071405120004000700                                                aot_set                 5, SCE_HIKIDASHI, SAT_PL | SAT_MANUAL | SAT_FRONT, 0, 0, -26864, -16800, 1800, 1300, 18, 0, 4, 0, 7, 0
1D66:   221F1201                                                                                set                     31, 18, 1
1D6A:   2C0604310000F0A640A2160D0A0F12000000FFFF                                                aot_set                 6, SCE_MESSAGE, SAT_PL | SAT_MANUAL | SAT_FRONT, 0, 0, -22800, -24000, 3350, 3850, 18, 0, 0, 0, 255, 255
1D7E:   2C07043100008896FCA40807881313000000FFFF                                                aot_set                 7, SCE_MESSAGE, SAT_PL | SAT_MANUAL | SAT_FRONT, 0, 0, -27000, -23300, 1800, 5000, 19, 0, 0, 0, 255, 255
1D92:   2C0804310000DCBAA8B20807B00414000000FFFF                                                aot_set                 8, SCE_MESSAGE, SAT_PL | SAT_MANUAL | SAT_FRONT, 0, 0, -17700, -19800, 1800, 1200, 20, 0, 0, 0, 255, 255
1DA6:   2C090431000028A650C9540B080715000000FFFF                                                aot_set                 9, SCE_MESSAGE, SAT_PL | SAT_MANUAL | SAT_FRONT, 0, 0, -23000, -14000, 2900, 1800, 21, 0, 0, 0, 255, 255
1DBA:   0100                                                                                    evt_end                 0

.proc main_01
1DBC:   06001600                                                                                if                      0, off_1DD6
1DC0:   21010101                                                                                ck                      1, 1, 1
1DC4:   21086A01                                                                                ck                      8, 106, 1
1DC8:   21045000                                                                                ck                      4, 80, 0
1DCC:   57000D011EFF4000                                                                        sce_bgmtbl_set          0, 13, 1, 65310, 64
1DD4:   08                                                                                      endif
1DD5:   00                                                                                      nop

off_1DD6:
1DD6:   0100                                                                                    evt_end                 0

.proc main_02
1DD8:   2E0100                                                                                  work_set                WK_PLAYER, 0
1DDB:   42                                                                                      plc_ret
1DDC:   22020700                                                                                set                     2, 7, 0
1DE0:   22011B00                                                                                set                     1, 27, 0
1DE4:   3C01                                                                                    cut_auto                1
1DE6:   0100                                                                                    evt_end                 0
