.version 2
.init
.proc init_00
05B2:   06000800                                                                                if                      0, off_05BE
05B6:   21010601                                                                                ck                      1, 6, 1
05BA:   0100                                                                                    evt_end                 0
05BC:   08                                                                                      endif
05BD:   00                                                                                      nop

off_05BE:
05BE:   3B00013100000DC5D7B408070807029B00000DB4B0FF000A0100058100000000                        door_aot_se             0, SCE_DOOR, SAT_PL | SAT_MANUAL | SAT_FRONT, 0, 0, -15091, -19241, 1800, 1800, -25854, 0, -19443, -80, 0, 10, 1, 0, 5, 129, 0, 0, UNLOCKED, 0
05DE:   3B0101310000C5998FA77C06F807BD01E0E396A7C0F9001001040D0000000000                        door_aot_se             1, SCE_DOOR, SAT_PL | SAT_MANUAL | SAT_FRONT, 0, 0, -26171, -22641, 1660, 2040, 445, -7200, -22634, -1600, 0, 16, 1, 4, 13, 0, 0, 0, UNLOCKED, 0
05FE:   2C07043100006CA1C69AD60BA80700000000FFFF                                                aot_set                 7, SCE_MESSAGE, SAT_PL | SAT_MANUAL | SAT_FRONT, 0, 0, -24212, -25914, 3030, 1960, 0, 0, 0, 0, 255, 255
0612:   2C0609310000F3BB92A992098E08000000000000                                                aot_set                 6, SCE_SAVE, SAT_PL | SAT_MANUAL | SAT_FRONT, 0, 0, -17421, -22126, 2450, 2190, 0, 0, 0, 0, 0, 0
0626:   2C090A310000B297B3B56E0AB40A000001000000                                                aot_set                 9, SCE_ITEMBOX, SAT_PL | SAT_MANUAL | SAT_FRONT, 0, 0, -26702, -19021, 2670, 2740, 0, 0, 1, 0, 0, 0
063A:   2D0000000000000000000A0010002A9A4DFA19BC000000000000000000000000000000000000            obj_model_set           0, 0, 0, 0, 0, 0, 0, 10, 16, -26070, -1459, -17383, 0, 0, 0, 0, 0, 0, 0, 0, 0, 0, 0
0660:   4E040231000005BA5DA5D007500A6F00010025000200                                            item_aot_set            4, SCE_ITEM, SAT_PL | SAT_MANUAL | SAT_FRONT, 0, 0, -17915, -23203, 2000, 2640, ITEM_111, 1, 37, 2, 0
0676:   2D0200000000000000000A00100015BE56FA8BA9000040070000000000000000000000000000            obj_model_set           2, 0, 0, 0, 0, 0, 0, 10, 16, -16875, -1450, -22133, 0, 1856, 0, 0, 0, 0, 0, 0, 0, 0, 0
069C:   4E0302310000F3BB92A992098E081E0003008B000300                                            item_aot_set            3, SCE_ITEM, SAT_PL | SAT_MANUAL | SAT_FRONT, 0, 0, -17421, -22126, 2450, 2190, ITEM_INKRIBBON, 3, 139, 3, 0
06B2:   2D0300000000000000000A0010006AC0B7FA0EAE000000000000000000000000000000000000            obj_model_set           3, 0, 0, 0, 0, 0, 0, 10, 16, -16278, -1353, -20978, 0, 0, 0, 0, 0, 0, 0, 0, 0, 0, 0
06D8:   0100                                                                                    evt_end                 0
06DA:   0000                                                                                    db                      0x00, 0x00

.main
.proc main_00
06E2:   06000A00                                                                                if                      0, off_06F0
06E6:   21010601                                                                                ck                      1, 6, 1
06EA:   1802                                                                                    gosub                   2
06EC:   0100                                                                                    evt_end                 0
06EE:   08                                                                                      endif
06EF:   00                                                                                      nop

off_06F0:
06F0:   4E050231000005B0C59C360612071F000100260004A0                                            item_aot_set            5, SCE_ITEM, SAT_PL | SAT_MANUAL | SAT_FRONT, 0, 0, -20475, -25403, 1590, 1810, ITEM_SMALLKEY, 1, 38, 4, 160
0706:   2D0400000000000000000A00100025B359FD23A0C0FD00000008000000000000000000000000            obj_model_set           4, 0, 0, 0, 0, 0, 0, 10, 16, -19675, -679, -24541, -576, 0, 2048, 0, 0, 0, 0, 0, 0, 0, 0
072C:   06004200                                                                                if                      0, off_0772
0730:   21010101                                                                                ck                      1, 1, 1
0734:   4E020231000005BA5DA5D007500A14001E009D000500                                            item_aot_set            2, SCE_ITEM, SAT_PL | SAT_MANUAL | SAT_FRONT, 0, 0, -17915, -23203, 2000, 2640, ITEM_HANDGUNAMMO, 30, 157, 5, 0
074A:   2D0500000000000000000A00100015BE56FA4DAB000000030000000000000000000000000000            obj_model_set           5, 0, 0, 0, 0, 0, 0, 10, 16, -16875, -1450, -21683, 0, 768, 0, 0, 0, 0, 0, 0, 0, 0, 0
0770:   08                                                                                      endif
0771:   00                                                                                      nop

off_0772:
0772:   0100                                                                                    evt_end                 0

.proc main_01
0774:   06000800                                                                                if                      0, off_0780
0778:   21010601                                                                                ck                      1, 6, 1
077C:   0100                                                                                    evt_end                 0
077E:   08                                                                                      endif
077F:   00                                                                                      nop

off_0780:
0780:   0100                                                                                    evt_end                 0

.proc main_02
0782:   3B00013100000DC5D7B408070807029B00000DB4B0FF000A0100058100000000                        door_aot_se             0, SCE_DOOR, SAT_PL | SAT_MANUAL | SAT_FRONT, 0, 0, -15091, -19241, 1800, 1800, -25854, 0, -19443, -80, 0, 10, 1, 0, 5, 129, 0, 0, UNLOCKED, 0
07A2:   3B0101310000C5998FA77C06F807BD01E0E396A7C0F9001001040D0000000000                        door_aot_se             1, SCE_DOOR, SAT_PL | SAT_MANUAL | SAT_FRONT, 0, 0, -26171, -22641, 1660, 2040, 445, -7200, -22634, -1600, 0, 16, 1, 4, 13, 0, 0, 0, UNLOCKED, 0
07C2:   2D0000000000000000000A0010002A9A4DFA19BC000000000000000000000000000000000000            obj_model_set           0, 0, 0, 0, 0, 0, 0, 10, 16, -26070, -1459, -17383, 0, 0, 0, 0, 0, 0, 0, 0, 0, 0, 0
07E8:   4400001F00000004007960C5000079B66D0800000000                                            sce_em_set              0, 0, ENEMY_ZOMBIERANDOM, 0, 0, 0, 4, 0, 121, -15008, 0, -18823, 2157, 0, 0
07FE:   4400011F00000004007A17A90000F2B68D1100000000                                            sce_em_set              0, 1, ENEMY_ZOMBIERANDOM, 0, 0, 0, 4, 0, 122, -22249, 0, -18702, 4493, 0, 0
0814:   4400021F00000004008FD8B4000067A6D90A00000000                                            sce_em_set              0, 2, ENEMY_ZOMBIERANDOM, 0, 0, 0, 4, 0, 143, -19240, 0, -22937, 2777, 0, 0
082A:   4400031F0000000300902E9D000058B2B90200000000                                            sce_em_set              0, 3, ENEMY_ZOMBIERANDOM, 0, 0, 0, 3, 0, 144, -25298, 0, -19880, 697, 0, 0
0840:   4400041F0000000300913DBA00009EBA59F500000000                                            sce_em_set              0, 4, ENEMY_ZOMBIERANDOM, 0, 0, 0, 3, 0, 145, -17859, 0, -17762, -2727, 0, 0
0856:   4400051F0000000300925FB70000F6AD190A00000000                                            sce_em_set              0, 5, ENEMY_ZOMBIERANDOM, 0, 0, 0, 3, 0, 146, -18593, 0, -21002, 2585, 0, 0
086C:   4400061F000000030093FAA30000A5A4790D00000000                                            sce_em_set              0, 6, ENEMY_ZOMBIERANDOM, 0, 0, 0, 3, 0, 147, -23558, 0, -23387, 3449, 0, 0
0882:   0100                                                                                    evt_end                 0
