.version 2
.init
.proc init_00
2726:   22130200                                                                                set                     19, 2, 0
272A:   06000800                                                                                if                      0, off_2736
272E:   21010601                                                                                ck                      1, 6, 1
2732:   0100                                                                                    evt_end                 0
2734:   08                                                                                      endif
2735:   00                                                                                      nop

off_2736:
2736:   06000E00                                                                                if                      0, off_2748
273A:   2104FE01                                                                                ck                      4, 254, 1
273E:   22087701                                                                                set                     8, 119, 1
2742:   22049400                                                                                set                     4, 148, 0
2746:   08                                                                                      endif
2747:   00                                                                                      nop

off_2748:
2748:   3B0201310400ABC40D17280A56097CC9F8F83819000401000501160500000000                        door_aot_se             2, SCE_DOOR, SAT_PL | SAT_MANUAL | SAT_FRONT, 4, 0, -15189, 5901, 2600, 2390, -13956, -1800, 6456, 1024, 1, 0, 5, 1, 22, 5, 0, 0, UNLOCKED, 0
2768:   3B00013104006E02BEA172064A0B33A20000DAAC0000000F01000D0100000000                        door_aot_se             0, SCE_DOOR, SAT_PL | SAT_MANUAL | SAT_FRONT, 4, 0, 622, -24130, 1650, 2890, -24013, 0, -21286, 0, 0, 15, 1, 0, 13, 1, 0, 0, UNLOCKED, 0
2788:   3B0401310400828968D948083C0F90DF00004FB63008001200000D0300000000                        door_aot_se             4, SCE_DOOR, SAT_PL | SAT_MANUAL | SAT_FRONT, 4, 0, -30334, -9880, 2120, 3900, -8304, 0, -18865, 2096, 0, 18, 0, 0, 13, 3, 0, 0, UNLOCKED, 0
27A8:   06004200                                                                                if                      0, off_27EE
27AC:   21010101                                                                                ck                      1, 1, 1
27B0:   4E0302310400649C7692C607F8074700010011000300                                            item_aot_set            3, SCE_ITEM, SAT_PL | SAT_MANUAL | SAT_FRONT, 4, 0, -25500, -28042, 1990, 2040, ITEM_UNICORNMEDAL, 1, 17, 3, 0
27C6:   2D0300000000040000000A001000C79F76D87A9800FC00000000000000000000000000000000            obj_model_set           3, 0, 0, 0, 0, 4, 0, 10, 16, -24633, -10122, -26502, -1024, 0, 0, 0, 0, 0, 0, 0, 0, 0, 0
27EC:   08                                                                                      endif
27ED:   00                                                                                      nop

off_27EE:
27EE:   2D0000000000040000000A00100098CCE0E3A81B00F800FC0000000000000000000000000000            obj_model_set           0, 0, 0, 0, 0, 4, 0, 10, 16, -13160, -7200, 7080, -2048, -1024, 0, 0, 0, 0, 0, 0, 0, 0, 0
2814:   0600D400                                                                                if                      0, off_28EC
2818:   21010100                                                                                ck                      1, 1, 0
281C:   0600B000                                                                                if                      0, off_28D0
2820:   21087700                                                                                ck                      8, 119, 0
2824:   06004A00                                                                                if                      0, off_2872
2828:   21001900                                                                                ck                      0, 25, 0
282C:   44000010000004030315599AE0E33ECF45ED00000000                                            sce_em_set              0, 0, ENEMY_ZOMBIECOP, 0, 0, 4, 3, 3, 21, -26023, -7200, -12482, -4795, 0, 0
2842:   44000110000004030316B0F1E0E33EE2A9F600000000                                            sce_em_set              0, 1, ENEMY_ZOMBIECOP, 0, 0, 4, 3, 3, 22, -3664, -7200, -7618, -2391, 0, 0
2858:   44000210060004040317F8B1E0E3492AE00400000000                                            sce_em_set              0, 2, ENEMY_ZOMBIECOP, 6, 0, 4, 4, 3, 23, -19976, -7200, 10825, 1248, 0, 0
286E:   07005E00                                                                                else                    0, off_28CC

off_2872:
2872:   44000010060004030315019CE0E31AD2030F00000000                                            sce_em_set              0, 0, ENEMY_ZOMBIECOP, 6, 0, 4, 3, 3, 21, -25599, -7200, -11750, 3843, 0, 0
2888:   44000110060004030316FDF3E0E3EFE00B0100000000                                            sce_em_set              0, 1, ENEMY_ZOMBIECOP, 6, 0, 4, 3, 3, 22, -3075, -7200, -7953, 267, 0, 0
289E:   440002100600040403170BA7E0E3932AA10C00000000                                            sce_em_set              0, 2, ENEMY_ZOMBIECOP, 6, 0, 4, 4, 3, 23, -22773, -7200, 10899, 3233, 0, 0
28B4:   440003100600040403D121F2E0E3489DF50D00000000                                            sce_em_set              0, 3, ENEMY_ZOMBIECOP, 6, 0, 4, 4, 3, 209, -3551, -7200, -25272, 3573, 0, 0
28CA:   00                                                                                      nop
28CB:   00                                                                                      nop

off_28CC:
28CC:   07001C00                                                                                else                    0, off_28E8

off_28D0:
28D0:   440000220000040E0370C3C9E0E37C297F0800000000                                            sce_em_set              0, 0, ENEMY_LICKERRED, 0, 0, 4, 14, 3, 112, -13885, -7200, 10620, 2175, 0, 0
28E6:   00                                                                                      nop
28E7:   00                                                                                      nop

off_28E8:
28E8:   0700E800                                                                                else                    0, off_29D0

off_28EC:
28EC:   0600C600                                                                                if                      0, off_29B6
28F0:   21087700                                                                                ck                      8, 119, 0
28F4:   06004A00                                                                                if                      0, off_2942
28F8:   21001900                                                                                ck                      0, 25, 0
28FC:   440000100000040303156FA4E0E351E4850900000000                                            sce_em_set              0, 0, ENEMY_ZOMBIECOP, 0, 0, 4, 3, 3, 21, -23441, -7200, -7087, 2437, 0, 0
2912:   44000110000004030316CB9EE0E3C69E910A00000000                                            sce_em_set              0, 1, ENEMY_ZOMBIECOP, 0, 0, 4, 3, 3, 22, -24885, -7200, -24890, 2705, 0, 0
2928:   440002100000040403174099E0E3E7A64F0B00000000                                            sce_em_set              0, 2, ENEMY_ZOMBIECOP, 0, 0, 4, 4, 3, 23, -26304, -7200, -22809, 2895, 0, 0
293E:   07007400                                                                                else                    0, off_29B2

off_2942:
2942:   4400001F06000403031501A4E0E370E4850900000000                                            sce_em_set              0, 0, ENEMY_ZOMBIERANDOM, 6, 0, 4, 3, 3, 21, -23551, -7200, -7056, 2437, 0, 0
2958:   4400011F000004030316AEA1E0E3CC9AD70900000000                                            sce_em_set              0, 1, ENEMY_ZOMBIERANDOM, 0, 0, 4, 3, 3, 22, -24146, -7200, -25908, 2519, 0, 0
296E:   4400021F0000040403178C9CE0E394A7190B00000000                                            sce_em_set              0, 2, ENEMY_ZOMBIERANDOM, 0, 0, 4, 4, 3, 23, -25460, -7200, -22636, 2841, 0, 0
2984:   4400031F0600040403D1709CE0E339CAD00B00000000                                            sce_em_set              0, 3, ENEMY_ZOMBIERANDOM, 6, 0, 4, 4, 3, 209, -25488, -7200, -13767, 3024, 0, 0
299A:   4400041F0000040403D29199E0E3719EB0FC00000000                                            sce_em_set              0, 4, ENEMY_ZOMBIERANDOM, 0, 0, 4, 4, 3, 210, -26223, -7200, -24975, -848, 0, 0
29B0:   00                                                                                      nop
29B1:   00                                                                                      nop

off_29B2:
29B2:   07001C00                                                                                else                    0, off_29CE

off_29B6:
29B6:   440000220000040E0370C3C9E0E37C297F0800000000                                            sce_em_set              0, 0, ENEMY_LICKERRED, 0, 0, 4, 14, 3, 112, -13885, -7200, 10620, 2175, 0, 0
29CC:   00                                                                                      nop
29CD:   00                                                                                      nop

off_29CE:
29CE:   00                                                                                      nop
29CF:   00                                                                                      nop

off_29D0:
29D0:   0100                                                                                    evt_end                 0
29D2:   0000                                                                                    db                      0x00, 0x00

.main
.proc main_00
29E2:   06000A00                                                                                if                      0, off_29F0
29E6:   21010601                                                                                ck                      1, 6, 1
29EA:   1806                                                                                    gosub                   6
29EC:   0100                                                                                    evt_end                 0
29EE:   08                                                                                      endif
29EF:   00                                                                                      nop

off_29F0:
29F0:   2C0105310400ABC40D17280A5609FF0018020000                                                aot_set                 1, SCE_EVENT, SAT_PL | SAT_MANUAL | SAT_FRONT, 4, 0, -15189, 5901, 2600, 2390, 255, 0, I_GOSUB, main_02, 0, 0
2A04:   06005E00                                                                                if                      0, off_2A66
2A08:   21049400                                                                                ck                      4, 148, 0
2A0C:   2E0400                                                                                  work_set                WK_OBJECT, 0
2A0F:   00                                                                                      nop
2A10:   32001E2DF8F89717                                                                        pos_set                 0, 11550, -1800, 6039
2A18:   2D0100000000040000000A001000D06B201CF85C00F800FC0000000000000000000000000000            obj_model_set           1, 0, 0, 0, 0, 4, 0, 10, 16, 27600, 7200, 23800, -2048, -1024, 0, 0, 0, 0, 0, 0, 0, 0, 0
2A3E:   2D0200000000040000000A001000D06B201CF85C00F800FC0000000000000000000000000000            obj_model_set           2, 0, 0, 0, 0, 4, 0, 10, 16, 27600, 7200, 23800, -2048, -1024, 0, 0, 0, 0, 0, 0, 0, 0, 0
2A64:   08                                                                                      endif
2A65:   00                                                                                      nop

off_2A66:
2A66:   06001000                                                                                if                      0, off_2A7A
2A6A:   21044600                                                                                ck                      4, 70, 0
2A6E:   46040531FF0018050000                                                                    aot_reset               4, SCE_EVENT, SAT_PL | SAT_MANUAL | SAT_FRONT, 255, 0, I_GOSUB, main_05, 0, 0
2A78:   08                                                                                      endif
2A79:   00                                                                                      nop

off_2A7A:
2A7A:   0100                                                                                    evt_end                 0

.proc main_01
2A7C:   06000800                                                                                if                      0, off_2A88
2A80:   21010601                                                                                ck                      1, 6, 1
2A84:   0100                                                                                    evt_end                 0
2A86:   08                                                                                      endif
2A87:   00                                                                                      nop

off_2A88:
2A88:   0100                                                                                    evt_end                 0

.proc main_02
2A8A:   0600BC02                                                                                if                      0, off_2D4A
2A8E:   21049400                                                                                ck                      4, 148, 0
2A92:   2B000200FFFF                                                                            message_on              0, 2, 0, 255, 255
2A98:   02                                                                                      evt_next
2A99:   00                                                                                      nop
2A9A:   0600A802                                                                                if                      0, off_2D46
2A9E:   210B1F00                                                                                ck                      11, 31, 0
2AA2:   22020701                                                                                set                     2, 7, 1
2AA6:   22020201                                                                                set                     2, 2, 1
2AAA:   22020301                                                                                set                     2, 3, 1
2AAE:   22011B01                                                                                set                     1, 27, 1
2AB2:   2E0100                                                                                  work_set                WK_PLAYER, 0
2AB5:   00                                                                                      nop
2AB6:   3D040B                                                                                  member_copy             4, 11
2AB9:   00                                                                                      nop
2ABA:   3D050D                                                                                  member_copy             5, 13
2ABD:   00                                                                                      nop
2ABE:   3D060F                                                                                  member_copy             6, 15
2AC1:   00                                                                                      nop
2AC2:   1803                                                                                    gosub                   3
2AC4:   22049401                                                                                set                     4, 148, 1
2AC8:   460201317CC9F8F83819                                                                    aot_reset               2, SCE_DOOR, SAT_PL | SAT_MANUAL | SAT_FRONT, 124, 201, 248, 248, 56, 25
2AD2:   290E                                                                                    cut_chg                 14
2AD4:   2E0400                                                                                  work_set                WK_OBJECT, 0
2AD7:   00                                                                                      nop
2AD8:   320098CC68C5A81B                                                                        pos_set                 0, -13160, -15000, 7080
2AE0:   2E0401                                                                                  work_set                WK_OBJECT, 1
2AE3:   00                                                                                      nop
2AE4:   320098CC68C5A81B                                                                        pos_set                 0, -13160, -15000, 7080
2AEC:   2E0402                                                                                  work_set                WK_OBJECT, 2
2AEF:   00                                                                                      nop
2AF0:   320098CC68C5A81B                                                                        pos_set                 0, -13160, -15000, 7080
2AF8:   2E0100                                                                                  work_set                WK_PLAYER, 0
2AFB:   00                                                                                      nop
2AFC:   3200FACFC0E06B24                                                                        pos_set                 0, -12294, -8000, 9323
2B04:   3300000000040000                                                                        dir_set                 0, 0, 1024, 0
2B0C:   36020A0100006CC3F8F89717                                                                se_on                   2, 266, 0, -15508, -1800, 6039
2B18:   090A1E00                                                                                sleep                   10, 30
2B1C:   36020B0100006CC3F8F89717                                                                se_on                   2, 267, 0, -15508, -1800, 6039
2B28:   8A0003000000                                                                            nop_8a                  0, 3, 0, 0, 0
2B2E:   8BFA03000000                                                                            nop_8b                  250, 3, 0, 0, 0
2B34:   8B6433000300                                                                            nop_8b                  100, 51, 0, 3, 0
2B3A:   8C00FF3209003600                                                                        nop_8c                  0, 255, 50, 9, 0, 54, 0
2B42:   0D003A003700                                                                            for                     0, off_2B82, 55
2B48:   2E0400                                                                                  work_set                WK_OBJECT, 0
2B4B:   00                                                                                      nop
2B4C:   3D100C                                                                                  member_copy             16, 12
2B4F:   00                                                                                      nop
2B50:   260000102800                                                                            calc                    0, OP_ADD, 16, 40
2B56:   350C10                                                                                  member_set2             12, 16
2B59:   00                                                                                      nop
2B5A:   2E0401                                                                                  work_set                WK_OBJECT, 1
2B5D:   00                                                                                      nop
2B5E:   3D100C                                                                                  member_copy             16, 12
2B61:   00                                                                                      nop
2B62:   260000102800                                                                            calc                    0, OP_ADD, 16, 40
2B68:   350C10                                                                                  member_set2             12, 16
2B6B:   00                                                                                      nop
2B6C:   2E0402                                                                                  work_set                WK_OBJECT, 2
2B6F:   00                                                                                      nop
2B70:   3D100C                                                                                  member_copy             16, 12
2B73:   00                                                                                      nop
2B74:   260000102800                                                                            calc                    0, OP_ADD, 16, 40
2B7A:   350C10                                                                                  member_set2             12, 16
2B7D:   00                                                                                      nop
2B7E:   02                                                                                      evt_next
2B7F:   00                                                                                      nop
2B80:   0E00                                                                                    next                    0

off_2B82:
2B82:   2E0400                                                                                  work_set                WK_OBJECT, 0
2B85:   00                                                                                      nop
2B86:   0D0022000500                                                                            for                     0, off_2BAE, 5
2B8C:   3D100F                                                                                  member_copy             16, 15
2B8F:   00                                                                                      nop
2B90:   260001100500                                                                            calc                    0, OP_SUB, 16, 5
2B96:   350F10                                                                                  member_set2             15, 16
2B99:   00                                                                                      nop
2B9A:   02                                                                                      evt_next
2B9B:   00                                                                                      nop
2B9C:   3D100F                                                                                  member_copy             16, 15
2B9F:   00                                                                                      nop
2BA0:   260000100500                                                                            calc                    0, OP_ADD, 16, 5
2BA6:   350F10                                                                                  member_set2             15, 16
2BA9:   00                                                                                      nop
2BAA:   02                                                                                      evt_next
2BAB:   00                                                                                      nop
2BAC:   0E00                                                                                    next                    0

off_2BAE:
2BAE:   0D0028000400                                                                            for                     0, off_2BDC, 4
2BB4:   2E0401                                                                                  work_set                WK_OBJECT, 1
2BB7:   00                                                                                      nop
2BB8:   3D100C                                                                                  member_copy             16, 12
2BBB:   00                                                                                      nop
2BBC:   260000102800                                                                            calc                    0, OP_ADD, 16, 40
2BC2:   350C10                                                                                  member_set2             12, 16
2BC5:   00                                                                                      nop
2BC6:   2E0402                                                                                  work_set                WK_OBJECT, 2
2BC9:   00                                                                                      nop
2BCA:   3D100C                                                                                  member_copy             16, 12
2BCD:   00                                                                                      nop
2BCE:   260000102800                                                                            calc                    0, OP_ADD, 16, 40
2BD4:   350C10                                                                                  member_set2             12, 16
2BD7:   00                                                                                      nop
2BD8:   02                                                                                      evt_next
2BD9:   00                                                                                      nop
2BDA:   0E00                                                                                    next                    0

off_2BDC:
2BDC:   36020B0100006CC3F8F89717                                                                se_on                   2, 267, 0, -15508, -1800, 6039
2BE8:   8A0003000000                                                                            nop_8a                  0, 3, 0, 0, 0
2BEE:   8BFA03000000                                                                            nop_8b                  250, 3, 0, 0, 0
2BF4:   8B6433000300                                                                            nop_8b                  100, 51, 0, 3, 0
2BFA:   8C00FF3209003600                                                                        nop_8c                  0, 255, 50, 9, 0, 54, 0
2C02:   0D0028003700                                                                            for                     0, off_2C30, 55
2C08:   2E0401                                                                                  work_set                WK_OBJECT, 1
2C0B:   00                                                                                      nop
2C0C:   3D100C                                                                                  member_copy             16, 12
2C0F:   00                                                                                      nop
2C10:   260000102800                                                                            calc                    0, OP_ADD, 16, 40
2C16:   350C10                                                                                  member_set2             12, 16
2C19:   00                                                                                      nop
2C1A:   2E0402                                                                                  work_set                WK_OBJECT, 2
2C1D:   00                                                                                      nop
2C1E:   3D100C                                                                                  member_copy             16, 12
2C21:   00                                                                                      nop
2C22:   260000102800                                                                            calc                    0, OP_ADD, 16, 40
2C28:   350C10                                                                                  member_set2             12, 16
2C2B:   00                                                                                      nop
2C2C:   02                                                                                      evt_next
2C2D:   00                                                                                      nop
2C2E:   0E00                                                                                    next                    0

off_2C30:
2C30:   2E0402                                                                                  work_set                WK_OBJECT, 2
2C33:   00                                                                                      nop
2C34:   340C7CD7                                                                                member_set              12, 124, 215
2C38:   2E0401                                                                                  work_set                WK_OBJECT, 1
2C3B:   00                                                                                      nop
2C3C:   340C7CD7                                                                                member_set              12, 124, 215
2C40:   0D0022000500                                                                            for                     0, off_2C68, 5
2C46:   3D100F                                                                                  member_copy             16, 15
2C49:   00                                                                                      nop
2C4A:   260001100500                                                                            calc                    0, OP_SUB, 16, 5
2C50:   350F10                                                                                  member_set2             15, 16
2C53:   00                                                                                      nop
2C54:   02                                                                                      evt_next
2C55:   00                                                                                      nop
2C56:   3D100F                                                                                  member_copy             16, 15
2C59:   00                                                                                      nop
2C5A:   260000100500                                                                            calc                    0, OP_ADD, 16, 5
2C60:   350F10                                                                                  member_set2             15, 16
2C63:   00                                                                                      nop
2C64:   02                                                                                      evt_next
2C65:   00                                                                                      nop
2C66:   0E00                                                                                    next                    0

off_2C68:
2C68:   0D0016000400                                                                            for                     0, off_2C84, 4
2C6E:   2E0402                                                                                  work_set                WK_OBJECT, 2
2C71:   00                                                                                      nop
2C72:   3D100C                                                                                  member_copy             16, 12
2C75:   00                                                                                      nop
2C76:   260000102800                                                                            calc                    0, OP_ADD, 16, 40
2C7C:   350C10                                                                                  member_set2             12, 16
2C7F:   00                                                                                      nop
2C80:   02                                                                                      evt_next
2C81:   00                                                                                      nop
2C82:   0E00                                                                                    next                    0

off_2C84:
2C84:   36020B0100006CC3F8F89717                                                                se_on                   2, 267, 0, -15508, -1800, 6039
2C90:   8A0003000000                                                                            nop_8a                  0, 3, 0, 0, 0
2C96:   8BFA03000000                                                                            nop_8b                  250, 3, 0, 0, 0
2C9C:   8B6433000300                                                                            nop_8b                  100, 51, 0, 3, 0
2CA2:   8C00FF3209003600                                                                        nop_8c                  0, 255, 50, 9, 0, 54, 0
2CAA:   0D0016003700                                                                            for                     0, off_2CC6, 55
2CB0:   2E0402                                                                                  work_set                WK_OBJECT, 2
2CB3:   00                                                                                      nop
2CB4:   3D100C                                                                                  member_copy             16, 12
2CB7:   00                                                                                      nop
2CB8:   260000102800                                                                            calc                    0, OP_ADD, 16, 40
2CBE:   350C10                                                                                  member_set2             12, 16
2CC1:   00                                                                                      nop
2CC2:   02                                                                                      evt_next
2CC3:   00                                                                                      nop
2CC4:   0E00                                                                                    next                    0

off_2CC6:
2CC6:   2E0402                                                                                  work_set                WK_OBJECT, 2
2CC9:   00                                                                                      nop
2CCA:   340CF8E0                                                                                member_set              12, 248, 224
2CCE:   0D0022000500                                                                            for                     0, off_2CF6, 5
2CD4:   3D100F                                                                                  member_copy             16, 15
2CD7:   00                                                                                      nop
2CD8:   260001100500                                                                            calc                    0, OP_SUB, 16, 5
2CDE:   350F10                                                                                  member_set2             15, 16
2CE1:   00                                                                                      nop
2CE2:   02                                                                                      evt_next
2CE3:   00                                                                                      nop
2CE4:   3D100F                                                                                  member_copy             16, 15
2CE7:   00                                                                                      nop
2CE8:   260000100500                                                                            calc                    0, OP_ADD, 16, 5
2CEE:   350F10                                                                                  member_set2             15, 16
2CF1:   00                                                                                      nop
2CF2:   02                                                                                      evt_next
2CF3:   00                                                                                      nop
2CF4:   0E00                                                                                    next                    0

off_2CF6:
2CF6:   2E0400                                                                                  work_set                WK_OBJECT, 0
2CF9:   00                                                                                      nop
2CFA:   320098CCE0E3A81B                                                                        pos_set                 0, -13160, -7200, 7080
2D02:   2E0401                                                                                  work_set                WK_OBJECT, 1
2D05:   00                                                                                      nop
2D06:   32006833E0E358E4                                                                        pos_set                 0, 13160, -7200, -7080
2D0E:   2E0402                                                                                  work_set                WK_OBJECT, 2
2D11:   00                                                                                      nop
2D12:   32006833E0E358E4                                                                        pos_set                 0, 13160, -7200, -7080
2D1A:   2E0100                                                                                  work_set                WK_PLAYER, 0
2D1D:   00                                                                                      nop
2D1E:   350B04                                                                                  member_set2             11, 4
2D21:   00                                                                                      nop
2D22:   340CE0E3                                                                                member_set              12, 224, 227
2D26:   350D05                                                                                  member_set2             13, 5
2D29:   00                                                                                      nop
2D2A:   350F06                                                                                  member_set2             15, 6
2D2D:   00                                                                                      nop
2D2E:   290D                                                                                    cut_chg                 13
2D30:   3C01                                                                                    cut_auto                1
2D32:   1804                                                                                    gosub                   4
2D34:   22011B00                                                                                set                     1, 27, 0
2D38:   22020700                                                                                set                     2, 7, 0
2D3C:   22020200                                                                                set                     2, 2, 0
2D40:   22020300                                                                                set                     2, 3, 0
2D44:   08                                                                                      endif
2D45:   00                                                                                      nop

off_2D46:
2D46:   07001A00                                                                                else                    0, off_2D60

off_2D4A:
2D4A:   2B000300FFFF                                                                            message_on              0, 3, 0, 255, 255
2D50:   02                                                                                      evt_next
2D51:   00                                                                                      nop
2D52:   06000800                                                                                if                      0, off_2D5E
2D56:   210B1F00                                                                                ck                      11, 31, 0
2D5A:   4702                                                                                    aot_on                  2
2D5C:   08                                                                                      endif
2D5D:   00                                                                                      nop

off_2D5E:
2D5E:   00                                                                                      nop
2D5F:   00                                                                                      nop

off_2D60:
2D60:   0100                                                                                    evt_end                 0

.proc main_03
2D62:   06003401                                                                                if                      0, off_2E9A
2D66:   21087700                                                                                ck                      8, 119, 0
2D6A:   06003400                                                                                if                      0, off_2DA2
2D6E:   21061500                                                                                ck                      6, 21, 0
2D72:   2E0300                                                                                  work_set                WK_ENEMY, 0
2D75:   00                                                                                      nop
2D76:   3D1000                                                                                  member_copy             16, 0
2D79:   00                                                                                      nop
2D7A:   260005100200                                                                            calc                    0, OP_OR, 16, 2
2D80:   350010                                                                                  member_set2             0, 16
2D83:   00                                                                                      nop
2D84:   3D1001                                                                                  member_copy             16, 1
2D87:   00                                                                                      nop
2D88:   260005100800                                                                            calc                    0, OP_OR, 16, 8
2D8E:   350110                                                                                  member_set2             1, 16
2D91:   00                                                                                      nop
2D92:   3D1007                                                                                  member_copy             16, 7
2D95:   00                                                                                      nop
2D96:   260005100080                                                                            calc                    0, OP_OR, 16, -32768
2D9C:   350710                                                                                  member_set2             7, 16
2D9F:   00                                                                                      nop
2DA0:   08                                                                                      endif
2DA1:   00                                                                                      nop

off_2DA2:
2DA2:   06003400                                                                                if                      0, off_2DDA
2DA6:   21061600                                                                                ck                      6, 22, 0
2DAA:   2E0301                                                                                  work_set                WK_ENEMY, 1
2DAD:   00                                                                                      nop
2DAE:   3D1000                                                                                  member_copy             16, 0
2DB1:   00                                                                                      nop
2DB2:   260005100200                                                                            calc                    0, OP_OR, 16, 2
2DB8:   350010                                                                                  member_set2             0, 16
2DBB:   00                                                                                      nop
2DBC:   3D1001                                                                                  member_copy             16, 1
2DBF:   00                                                                                      nop
2DC0:   260005100800                                                                            calc                    0, OP_OR, 16, 8
2DC6:   350110                                                                                  member_set2             1, 16
2DC9:   00                                                                                      nop
2DCA:   3D1007                                                                                  member_copy             16, 7
2DCD:   00                                                                                      nop
2DCE:   260005100080                                                                            calc                    0, OP_OR, 16, -32768
2DD4:   350710                                                                                  member_set2             7, 16
2DD7:   00                                                                                      nop
2DD8:   08                                                                                      endif
2DD9:   00                                                                                      nop

off_2DDA:
2DDA:   06003400                                                                                if                      0, off_2E12
2DDE:   21061700                                                                                ck                      6, 23, 0
2DE2:   2E0302                                                                                  work_set                WK_ENEMY, 2
2DE5:   00                                                                                      nop
2DE6:   3D1000                                                                                  member_copy             16, 0
2DE9:   00                                                                                      nop
2DEA:   260005100200                                                                            calc                    0, OP_OR, 16, 2
2DF0:   350010                                                                                  member_set2             0, 16
2DF3:   00                                                                                      nop
2DF4:   3D1001                                                                                  member_copy             16, 1
2DF7:   00                                                                                      nop
2DF8:   260005100800                                                                            calc                    0, OP_OR, 16, 8
2DFE:   350110                                                                                  member_set2             1, 16
2E01:   00                                                                                      nop
2E02:   3D1007                                                                                  member_copy             16, 7
2E05:   00                                                                                      nop
2E06:   260005100080                                                                            calc                    0, OP_OR, 16, -32768
2E0C:   350710                                                                                  member_set2             7, 16
2E0F:   00                                                                                      nop
2E10:   08                                                                                      endif
2E11:   00                                                                                      nop

off_2E12:
2E12:   06008000                                                                                if                      0, off_2E96
2E16:   21001901                                                                                ck                      0, 25, 1
2E1A:   06003400                                                                                if                      0, off_2E52
2E1E:   2106D100                                                                                ck                      6, 209, 0
2E22:   2E0303                                                                                  work_set                WK_ENEMY, 3
2E25:   00                                                                                      nop
2E26:   3D1000                                                                                  member_copy             16, 0
2E29:   00                                                                                      nop
2E2A:   260005100200                                                                            calc                    0, OP_OR, 16, 2
2E30:   350010                                                                                  member_set2             0, 16
2E33:   00                                                                                      nop
2E34:   3D1001                                                                                  member_copy             16, 1
2E37:   00                                                                                      nop
2E38:   260005100800                                                                            calc                    0, OP_OR, 16, 8
2E3E:   350110                                                                                  member_set2             1, 16
2E41:   00                                                                                      nop
2E42:   3D1007                                                                                  member_copy             16, 7
2E45:   00                                                                                      nop
2E46:   260005100080                                                                            calc                    0, OP_OR, 16, -32768
2E4C:   350710                                                                                  member_set2             7, 16
2E4F:   00                                                                                      nop
2E50:   08                                                                                      endif
2E51:   00                                                                                      nop

off_2E52:
2E52:   06003E00                                                                                if                      0, off_2E94
2E56:   21010101                                                                                ck                      1, 1, 1
2E5A:   06003400                                                                                if                      0, off_2E92
2E5E:   2106D200                                                                                ck                      6, 210, 0
2E62:   2E0304                                                                                  work_set                WK_ENEMY, 4
2E65:   00                                                                                      nop
2E66:   3D1000                                                                                  member_copy             16, 0
2E69:   00                                                                                      nop
2E6A:   260005100200                                                                            calc                    0, OP_OR, 16, 2
2E70:   350010                                                                                  member_set2             0, 16
2E73:   00                                                                                      nop
2E74:   3D1001                                                                                  member_copy             16, 1
2E77:   00                                                                                      nop
2E78:   260005100800                                                                            calc                    0, OP_OR, 16, 8
2E7E:   350110                                                                                  member_set2             1, 16
2E81:   00                                                                                      nop
2E82:   3D1007                                                                                  member_copy             16, 7
2E85:   00                                                                                      nop
2E86:   260005100080                                                                            calc                    0, OP_OR, 16, -32768
2E8C:   350710                                                                                  member_set2             7, 16
2E8F:   00                                                                                      nop
2E90:   08                                                                                      endif
2E91:   00                                                                                      nop

off_2E92:
2E92:   08                                                                                      endif
2E93:   00                                                                                      nop

off_2E94:
2E94:   08                                                                                      endif
2E95:   00                                                                                      nop

off_2E96:
2E96:   07003E00                                                                                else                    0, off_2ED4

off_2E9A:
2E9A:   06003400                                                                                if                      0, off_2ED2
2E9E:   21067000                                                                                ck                      6, 112, 0
2EA2:   2E0300                                                                                  work_set                WK_ENEMY, 0
2EA5:   00                                                                                      nop
2EA6:   3D1000                                                                                  member_copy             16, 0
2EA9:   00                                                                                      nop
2EAA:   260005100200                                                                            calc                    0, OP_OR, 16, 2
2EB0:   350010                                                                                  member_set2             0, 16
2EB3:   00                                                                                      nop
2EB4:   3D1001                                                                                  member_copy             16, 1
2EB7:   00                                                                                      nop
2EB8:   260005100800                                                                            calc                    0, OP_OR, 16, 8
2EBE:   350110                                                                                  member_set2             1, 16
2EC1:   00                                                                                      nop
2EC2:   3D1007                                                                                  member_copy             16, 7
2EC5:   00                                                                                      nop
2EC6:   260005100080                                                                            calc                    0, OP_OR, 16, -32768
2ECC:   350710                                                                                  member_set2             7, 16
2ECF:   00                                                                                      nop
2ED0:   08                                                                                      endif
2ED1:   00                                                                                      nop

off_2ED2:
2ED2:   00                                                                                      nop
2ED3:   00                                                                                      nop

off_2ED4:
2ED4:   0100                                                                                    evt_end                 0

.proc main_04
2ED6:   06003401                                                                                if                      0, off_300E
2EDA:   21087700                                                                                ck                      8, 119, 0
2EDE:   06003400                                                                                if                      0, off_2F16
2EE2:   21061500                                                                                ck                      6, 21, 0
2EE6:   2E0300                                                                                  work_set                WK_ENEMY, 0
2EE9:   00                                                                                      nop
2EEA:   3D1000                                                                                  member_copy             16, 0
2EED:   00                                                                                      nop
2EEE:   26000610FDFF                                                                            calc                    0, OP_AND, 16, -3
2EF4:   350010                                                                                  member_set2             0, 16
2EF7:   00                                                                                      nop
2EF8:   3D1001                                                                                  member_copy             16, 1
2EFB:   00                                                                                      nop
2EFC:   26000610F7FF                                                                            calc                    0, OP_AND, 16, -9
2F02:   350110                                                                                  member_set2             1, 16
2F05:   00                                                                                      nop
2F06:   3D1007                                                                                  member_copy             16, 7
2F09:   00                                                                                      nop
2F0A:   26000610FF7F                                                                            calc                    0, OP_AND, 16, 32767
2F10:   350710                                                                                  member_set2             7, 16
2F13:   00                                                                                      nop
2F14:   08                                                                                      endif
2F15:   00                                                                                      nop

off_2F16:
2F16:   06003400                                                                                if                      0, off_2F4E
2F1A:   21061600                                                                                ck                      6, 22, 0
2F1E:   2E0301                                                                                  work_set                WK_ENEMY, 1
2F21:   00                                                                                      nop
2F22:   3D1000                                                                                  member_copy             16, 0
2F25:   00                                                                                      nop
2F26:   26000610FDFF                                                                            calc                    0, OP_AND, 16, -3
2F2C:   350010                                                                                  member_set2             0, 16
2F2F:   00                                                                                      nop
2F30:   3D1001                                                                                  member_copy             16, 1
2F33:   00                                                                                      nop
2F34:   26000610F7FF                                                                            calc                    0, OP_AND, 16, -9
2F3A:   350110                                                                                  member_set2             1, 16
2F3D:   00                                                                                      nop
2F3E:   3D1007                                                                                  member_copy             16, 7
2F41:   00                                                                                      nop
2F42:   26000610FF7F                                                                            calc                    0, OP_AND, 16, 32767
2F48:   350710                                                                                  member_set2             7, 16
2F4B:   00                                                                                      nop
2F4C:   08                                                                                      endif
2F4D:   00                                                                                      nop

off_2F4E:
2F4E:   06003400                                                                                if                      0, off_2F86
2F52:   21061700                                                                                ck                      6, 23, 0
2F56:   2E0302                                                                                  work_set                WK_ENEMY, 2
2F59:   00                                                                                      nop
2F5A:   3D1000                                                                                  member_copy             16, 0
2F5D:   00                                                                                      nop
2F5E:   26000610FDFF                                                                            calc                    0, OP_AND, 16, -3
2F64:   350010                                                                                  member_set2             0, 16
2F67:   00                                                                                      nop
2F68:   3D1001                                                                                  member_copy             16, 1
2F6B:   00                                                                                      nop
2F6C:   26000610F7FF                                                                            calc                    0, OP_AND, 16, -9
2F72:   350110                                                                                  member_set2             1, 16
2F75:   00                                                                                      nop
2F76:   3D1007                                                                                  member_copy             16, 7
2F79:   00                                                                                      nop
2F7A:   26000610FF7F                                                                            calc                    0, OP_AND, 16, 32767
2F80:   350710                                                                                  member_set2             7, 16
2F83:   00                                                                                      nop
2F84:   08                                                                                      endif
2F85:   00                                                                                      nop

off_2F86:
2F86:   06008000                                                                                if                      0, off_300A
2F8A:   21001901                                                                                ck                      0, 25, 1
2F8E:   06003400                                                                                if                      0, off_2FC6
2F92:   2106D100                                                                                ck                      6, 209, 0
2F96:   2E0303                                                                                  work_set                WK_ENEMY, 3
2F99:   00                                                                                      nop
2F9A:   3D1000                                                                                  member_copy             16, 0
2F9D:   00                                                                                      nop
2F9E:   26000610FDFF                                                                            calc                    0, OP_AND, 16, -3
2FA4:   350010                                                                                  member_set2             0, 16
2FA7:   00                                                                                      nop
2FA8:   3D1001                                                                                  member_copy             16, 1
2FAB:   00                                                                                      nop
2FAC:   26000610F7FF                                                                            calc                    0, OP_AND, 16, -9
2FB2:   350110                                                                                  member_set2             1, 16
2FB5:   00                                                                                      nop
2FB6:   3D1007                                                                                  member_copy             16, 7
2FB9:   00                                                                                      nop
2FBA:   26000610FF7F                                                                            calc                    0, OP_AND, 16, 32767
2FC0:   350710                                                                                  member_set2             7, 16
2FC3:   00                                                                                      nop
2FC4:   08                                                                                      endif
2FC5:   00                                                                                      nop

off_2FC6:
2FC6:   06003E00                                                                                if                      0, off_3008
2FCA:   21010101                                                                                ck                      1, 1, 1
2FCE:   06003400                                                                                if                      0, off_3006
2FD2:   2106D200                                                                                ck                      6, 210, 0
2FD6:   2E0304                                                                                  work_set                WK_ENEMY, 4
2FD9:   00                                                                                      nop
2FDA:   3D1000                                                                                  member_copy             16, 0
2FDD:   00                                                                                      nop
2FDE:   26000610FDFF                                                                            calc                    0, OP_AND, 16, -3
2FE4:   350010                                                                                  member_set2             0, 16
2FE7:   00                                                                                      nop
2FE8:   3D1001                                                                                  member_copy             16, 1
2FEB:   00                                                                                      nop
2FEC:   26000610F7FF                                                                            calc                    0, OP_AND, 16, -9
2FF2:   350110                                                                                  member_set2             1, 16
2FF5:   00                                                                                      nop
2FF6:   3D1007                                                                                  member_copy             16, 7
2FF9:   00                                                                                      nop
2FFA:   26000610FF7F                                                                            calc                    0, OP_AND, 16, 32767
3000:   350710                                                                                  member_set2             7, 16
3003:   00                                                                                      nop
3004:   08                                                                                      endif
3005:   00                                                                                      nop

off_3006:
3006:   08                                                                                      endif
3007:   00                                                                                      nop

off_3008:
3008:   08                                                                                      endif
3009:   00                                                                                      nop

off_300A:
300A:   07003E00                                                                                else                    0, off_3048

off_300E:
300E:   06003400                                                                                if                      0, off_3046
3012:   21067000                                                                                ck                      6, 112, 0
3016:   2E0300                                                                                  work_set                WK_ENEMY, 0
3019:   00                                                                                      nop
301A:   3D1000                                                                                  member_copy             16, 0
301D:   00                                                                                      nop
301E:   26000610FDFF                                                                            calc                    0, OP_AND, 16, -3
3024:   350010                                                                                  member_set2             0, 16
3027:   00                                                                                      nop
3028:   3D1001                                                                                  member_copy             16, 1
302B:   00                                                                                      nop
302C:   26000610F7FF                                                                            calc                    0, OP_AND, 16, -9
3032:   350110                                                                                  member_set2             1, 16
3035:   00                                                                                      nop
3036:   3D1007                                                                                  member_copy             16, 7
3039:   00                                                                                      nop
303A:   26000610FF7F                                                                            calc                    0, OP_AND, 16, 32767
3040:   350710                                                                                  member_set2             7, 16
3043:   00                                                                                      nop
3044:   08                                                                                      endif
3045:   00                                                                                      nop

off_3046:
3046:   00                                                                                      nop
3047:   00                                                                                      nop

off_3048:
3048:   0100                                                                                    evt_end                 0

.proc main_05
304A:   22020701                                                                                set                     2, 7, 1
304E:   360216000000B391E0E390E0                                                                se_on                   2, 22, 0, -28237, -7200, -8048
305A:   2B000100FFFF                                                                            message_on              0, 1, 0, 255, 255
3060:   02                                                                                      evt_next
3061:   22020700                                                                                set                     2, 7, 0
3065:   00                                                                                      nop
3066:   0100                                                                                    evt_end                 0

.proc main_06
3068:   3B00013104006E02BEA172064A0B33A20000DAAC0000000F01000D0100000000                        door_aot_se             0, SCE_DOOR, SAT_PL | SAT_MANUAL | SAT_FRONT, 4, 0, 622, -24130, 1650, 2890, -24013, 0, -21286, 0, 0, 15, 1, 0, 13, 1, 0, 0, UNLOCKED, 0
3088:   3B0401310400828968D948083C0F90DF00004FB63008001200000D0300000000                        door_aot_se             4, SCE_DOOR, SAT_PL | SAT_MANUAL | SAT_FRONT, 4, 0, -30334, -9880, 2120, 3900, -8304, 0, -18865, 2096, 0, 18, 0, 0, 13, 3, 0, 0, UNLOCKED, 0
30A8:   4400003911000013008595C5E0E3532A3D0800000000                                            sce_em_set              0, 0, ENEMY_IVYPURPLE, 17, 0, 0, 19, 0, 133, -14955, -7200, 10835, 2109, 0, 0
30BE:   44000139110000130086A7F8AEE358E2C90B00000000                                            sce_em_set              0, 1, ENEMY_IVYPURPLE, 17, 0, 0, 19, 0, 134, -1881, -7250, -7592, 3017, 0, 0
30D4:   4400022F0020000000FFC3B0E0E3E227F80300000000                                            sce_em_set              0, 2, ENEMY_VINES, 0, 32, 0, 0, 0, 255, -20285, -7200, 10210, 1016, 0, 0
30EA:   0100                                                                                    evt_end                 0
