.version 2
.init
.proc init_00
0CAE:   06001200                                                                                if                      0, off_0CC4
0CB2:   2104FE01                                                                                ck                      4, 254, 1
0CB6:   22043701                                                                                set                     4, 55, 1
0CBA:   22043800                                                                                set                     4, 56, 0
0CBE:   22065700                                                                                set                     6, 87, 0
0CC2:   08                                                                                      endif
0CC3:   00                                                                                      nop

off_0CC4:
0CC4:   3B0101310800F39093F7EE072C0B1BE5E8EABBCED0F7001208030D0000000000                        door_aot_se             1, SCE_DOOR, SAT_PL | SAT_MANUAL | SAT_FRONT, 8, 0, -28429, -2157, 2030, 2860, -6885, -5400, -12613, -2096, 0, 18, 8, 3, 13, 0, 0, 0, UNLOCKED, 0
0CE4:   3B0201310800F390ADA6EE07D60B89B3000063A708F8001101000D0000000000                        door_aot_se             2, SCE_DOOR, SAT_PL | SAT_MANUAL | SAT_FRONT, 8, 0, -28429, -22867, 2030, 3030, -19575, 0, -22685, -2040, 0, 17, 1, 0, 13, 0, 0, 0, UNLOCKED, 0
0D04:   0100                                                                                    evt_end                 0
0D06:   0F93                                                                                    db                      0x0F, 0x93

.main
.proc main_00
0D0C:   0100                                                                                    evt_end                 0

.proc main_01
0D0E:   0100                                                                                    evt_end                 0
