.version 2

.init
.proc init
08EA:   3B000131000076DACBB1C4092003782300008EFA680A001A0300300000000000                        door_aot_se             ID_AOT_0, SCE_DOOR, SAT_PL | SAT_MANUAL | SAT_FRONT, 0, 0, -9610, -20021, 2500, 800, 9080, 0, -1394, 2664, 0, 26, 3, 0, 48, 0, 0, 0, UNLOCKED, 0
090A:   3B01013100003325FDC59C0EB004CDA0E8EA27B000FC000300030A0000000000                        door_aot_se             ID_AOT_1, SCE_DOOR, SAT_PL | SAT_MANUAL | SAT_FRONT, 0, 0, 9523, -14851, 3740, 1200, -24371, -5400, -20441, -1024, 0, 3, 0, 3, 10, 0, 0, 0, UNLOCKED, 0
092A:   3A000D000000003078ECD0EE088A00FE                                                        sce_espr_on             0, 13, 0, 12288, -5000, -4400, -30200, -512
093A:   3A000E0000000032D0EE34EFD6890000                                                        sce_espr_on             0, 14, 0, 12800, -4400, -4300, -30250, 0
094A:   3A000D000000002D28F102EFD6890000                                                        sce_espr_on             0, 13, 0, 11520, -3800, -4350, -30250, 0
095A:   3A000E000000003158E9D0EE088A0000                                                        sce_espr_on             0, 14, 0, 12544, -5800, -4400, -30200, 0
096A:   3A000D000000002870E534EFD68900FE                                                        sce_espr_on             0, 13, 0, 10240, -6800, -4300, -30250, -512
097A:   3A000E0000000034E0E360F0088A00FE                                                        sce_espr_on             0, 14, 0, 13312, -7200, -4000, -30200, -512
098A:   3A0004120000002EDCEC40ED088A00FE                                                        sce_espr_on             0, 4612, 0, 11776, -4900, -4800, -30200, -512
099A:   3A0004120000002ED0EE40ED088A00FE                                                        sce_espr_on             0, 4612, 0, 11776, -4400, -4800, -30200, -512
09AA:   3A00041200000028E0E3A4EDD6897805                                                        sce_espr_on             0, 4612, 0, 10240, -7200, -4700, -30250, 1400
09BA:   3A000D000000002D38453CF6988B0000                                                        sce_espr_on             0, 13, 0, 11520, 17720, -2500, -29800, 0
09CA:   3A000D000000002850413CF6C48C00FE                                                        sce_espr_on             0, 13, 0, 10240, 16720, -2500, -29500, -512
09DA:   3A000E0000000028943ED8F5288D0002                                                        sce_espr_on             0, 14, 0, 10240, 16020, -2600, -29400, 512
09EA:   3A0004120000002E38453CF6988B00FE                                                        sce_espr_on             0, 4612, 0, 11776, 17720, -2500, -29800, -512
09FA:   3A0004120000002850413CF6C48C00FF                                                        sce_espr_on             0, 4612, 0, 10240, 16720, -2500, -29500, -256
0A0A:   0100                                                                                    evt_end                 0

.main
.proc main
0A16:   1802                                                                                    gosub                   main_02
0A18:   04FF1803                                                                                evt_exec                255, I_GOSUB, main_03
0A1C:   04FF1804                                                                                evt_exec                255, I_GOSUB, main_04
0A20:   0100                                                                                    evt_end                 0

.proc aot
0A22:   0100                                                                                    evt_end                 0

.proc main_02
0A24:   06008C00                                                                                if                      0, off_0AB4
0A28:   21001900                                                                                ck                      FG_SYSTEM, F_DIFFICULT, 0
0A2C:   4400001F460000070197D6DE0000ECA2430C00000000                                            sce_em_set              0, ID_EM_0, ENEMY_ZOMBIE_RANDOM, 70, AI_DEFAULT, 0, SBK_7, 1, 151, -8490, 0, -23828, 3139, 0, 0
0A42:   4400011F40000008029849E700009B9D5D0C00000000                                            sce_em_set              0, ID_EM_1, ENEMY_ZOMBIE_RANDOM, 64, AI_DEFAULT, 0, SBK_8, 2, 152, -6327, 0, -25189, 3165, 0, 0
0A58:   4400021F40000007019947EA00004FB56D0A00000000                                            sce_em_set              0, ID_EM_2, ENEMY_ZOMBIE_RANDOM, 64, AI_DEFAULT, 0, SBK_7, 1, 153, -5561, 0, -19121, 2669, 0, 0
0A6E:   4400031F40000008039AAEFC0000D5A2550F00000000                                            sce_em_set              0, ID_EM_3, ENEMY_ZOMBIE_RANDOM, 64, AI_DEFAULT, 0, SBK_8, 3, 154, -850, 0, -23851, 3925, 0, 0
0A84:   4400041F40000007039B63270000D4AF6D0700000000                                            sce_em_set              0, ID_EM_4, ENEMY_ZOMBIE_RANDOM, 64, AI_DEFAULT, 0, SBK_7, 3, 155, 10083, 0, -20524, 1901, 0, 0
0A9A:   4400051F4000000803A3ED2A000055BAB80300000000                                            sce_em_set              0, ID_EM_5, ENEMY_ZOMBIE_RANDOM, 64, AI_DEFAULT, 0, SBK_8, 3, 163, 10989, 0, -17835, 952, 0, 0
0AB0:   07008A00                                                                                else                    0, off_0B3A

off_0AB4:
0AB4:   4400001F460000070197E2EB0000519F6D0A00000000                                            sce_em_set              0, ID_EM_0, ENEMY_ZOMBIE_RANDOM, 70, AI_DEFAULT, 0, SBK_7, 1, 151, -5150, 0, -24751, 2669, 0, 0
0ACA:   4400011F40000008029804FF000074A80D0700000000                                            sce_em_set              0, ID_EM_1, ENEMY_ZOMBIE_RANDOM, 64, AI_DEFAULT, 0, SBK_8, 2, 152, -252, 0, -22412, 1805, 0, 0
0AE0:   4400021F400000070199930500003BB4350700000000                                            sce_em_set              0, ID_EM_2, ENEMY_ZOMBIE_RANDOM, 64, AI_DEFAULT, 0, SBK_7, 1, 153, 1427, 0, -19397, 1845, 0, 0
0AF6:   4400031F40000008039AF01200003FA7850A00000000                                            sce_em_set              0, ID_EM_3, ENEMY_ZOMBIE_RANDOM, 64, AI_DEFAULT, 0, SBK_8, 3, 154, 4848, 0, -22721, 2693, 0, 0
0B0C:   4400041F40000007039BA7120000F4C0250500000000                                            sce_em_set              0, ID_EM_4, ENEMY_ZOMBIE_RANDOM, 64, AI_DEFAULT, 0, SBK_7, 3, 155, 4775, 0, -16140, 1317, 0, 0
0B22:   4400051F4000000803A3B522000060BA201400000000                                            sce_em_set              0, ID_EM_5, ENEMY_ZOMBIE_RANDOM, 64, AI_DEFAULT, 0, SBK_8, 3, 163, 8885, 0, -17824, 5152, 0, 0
0B38:   00                                                                                      nop
0B39:   00                                                                                      nop

off_0B3A:
0B3A:   0100                                                                                    evt_end                 0

.proc main_03

off_0B3C:
0B3C:   02                                                                                      evt_next
0B3D:   00                                                                                      nop
0B3E:   131A8400                                                                                switch                  26, off_0BC6
0B42:   140014000000                                                                            case                    0, off_0B5C, 0
0B48:   510000013D29                                                                            sce_bgm_control         BGM_CHANNEL_MAIN, BGM_OP_NOP, BGM_TYPE_PROG0_VOL, 61, 41
0B4E:   510000023D41                                                                            sce_bgm_control         BGM_CHANNEL_MAIN, BGM_OP_NOP, BGM_TYPE_PROG1_VOL, 61, 65
0B54:   510000033341                                                                            sce_bgm_control         BGM_CHANNEL_MAIN, BGM_OP_NOP, BGM_TYPE_PROG2_VOL, 51, 65
0B5A:   1A00                                                                                    break                   0

off_0B5C:
0B5C:   140014000100                                                                            case                    0, off_0B76, 1
0B62:   51000001471F                                                                            sce_bgm_control         BGM_CHANNEL_MAIN, BGM_OP_NOP, BGM_TYPE_PROG0_VOL, 71, 31
0B68:   510000023D41                                                                            sce_bgm_control         BGM_CHANNEL_MAIN, BGM_OP_NOP, BGM_TYPE_PROG1_VOL, 61, 65
0B6E:   510000033341                                                                            sce_bgm_control         BGM_CHANNEL_MAIN, BGM_OP_NOP, BGM_TYPE_PROG2_VOL, 51, 65
0B74:   1A00                                                                                    break                   0

off_0B76:
0B76:   140014000200                                                                            case                    0, off_0B90, 2
0B7C:   510000015133                                                                            sce_bgm_control         BGM_CHANNEL_MAIN, BGM_OP_NOP, BGM_TYPE_PROG0_VOL, 81, 51
0B82:   510000023D41                                                                            sce_bgm_control         BGM_CHANNEL_MAIN, BGM_OP_NOP, BGM_TYPE_PROG1_VOL, 61, 65
0B88:   510000033341                                                                            sce_bgm_control         BGM_CHANNEL_MAIN, BGM_OP_NOP, BGM_TYPE_PROG2_VOL, 51, 65
0B8E:   1A00                                                                                    break                   0

off_0B90:
0B90:   140014000300                                                                            case                    0, off_0BAA, 3
0B96:   51000001475B                                                                            sce_bgm_control         BGM_CHANNEL_MAIN, BGM_OP_NOP, BGM_TYPE_PROG0_VOL, 71, 91
0B9C:   510000023D41                                                                            sce_bgm_control         BGM_CHANNEL_MAIN, BGM_OP_NOP, BGM_TYPE_PROG1_VOL, 61, 65
0BA2:   510000033341                                                                            sce_bgm_control         BGM_CHANNEL_MAIN, BGM_OP_NOP, BGM_TYPE_PROG2_VOL, 51, 65
0BA8:   1A00                                                                                    break                   0

off_0BAA:
0BAA:   140014000400                                                                            case                    0, off_0BC4, 4
0BB0:   510000013D65                                                                            sce_bgm_control         BGM_CHANNEL_MAIN, BGM_OP_NOP, BGM_TYPE_PROG0_VOL, 61, 101
0BB6:   510000023D41                                                                            sce_bgm_control         BGM_CHANNEL_MAIN, BGM_OP_NOP, BGM_TYPE_PROG1_VOL, 61, 65
0BBC:   510000033341                                                                            sce_bgm_control         BGM_CHANNEL_MAIN, BGM_OP_NOP, BGM_TYPE_PROG2_VOL, 51, 65
0BC2:   1A00                                                                                    break                   0

off_0BC4:
0BC4:   1600                                                                                    eswitch                 0

off_0BC6:
0BC6:   0F040800                                                                                while                   4, off_0BD2
0BCA:   21010B00                                                                                ck                      FG_STATUS, 11, 0
0BCE:   02                                                                                      evt_next
0BCF:   00                                                                                      nop
0BD0:   1000                                                                                    ewhile                  0

off_0BD2:
0BD2:   17FFFF006AFF                                                                            goto                    255, 255, 0, off_0B3C
0BD8:   0100                                                                                    evt_end                 0

.proc main_04

off_0BDA:
0BDA:   6B00B036                                                                                light_kido_set          0, 14000
0BDE:   090A0200                                                                                sleep                   10, 2
0BE2:   6B00BC34                                                                                light_kido_set          0, 13500
0BE6:   090A0300                                                                                sleep                   10, 3
0BEA:   6B009033                                                                                light_kido_set          0, 13200
0BEE:   17FFFF00ECFF                                                                            goto                    255, 255, 0, off_0BDA
0BF4:   0100                                                                                    evt_end                 0
0BF6:   0078                                                                                    db                      0x00, 0x78
