.version 2

.init
.proc init
19FE:   3B0001310000029A1F53D80EDE03C0A4000061A240FC00010200020100000000                        door_aot_se             ID_AOT_0, SCE_DOOR, SAT_PL | SAT_MANUAL | SAT_FRONT, 0, 0, -26110, 21279, 3800, 990, -23360, 0, -23967, -960, 0, 1, 2, 0, 2, 1, 0, 0, UNLOCKED, 0
1A1E:   3B01013100002727C3C3240E1405CDA0E8EA27B000FC000300030A0000000000                        door_aot_se             ID_AOT_1, SCE_DOOR, SAT_PL | SAT_MANUAL | SAT_FRONT, 0, 0, 10023, -15421, 3620, 1300, -24371, -5400, -20441, -1024, 0, 3, 0, 3, 10, 0, 0, 0, UNLOCKED, 0
1A3E:   2C02034100005ACACA0D480D0807000000000000                                                aot_set                 ID_AOT_2, SCE_NORMAL, SAT_PL | SAT_UNDER, 0, 0, -13734, 3530, 3400, 1800, 0, 0, 0, 0, 0, 0
1A52:   2C0303410000BECA0AFBF80C9A06000000000000                                                aot_set                 ID_AOT_3, SCE_NORMAL, SAT_PL | SAT_UNDER, 0, 0, -13634, -1270, 3320, 1690, 0, 0, 0, 0, 0, 0
1A66:   2C040342000084C3B83D84039605000000000000                                                aot_set                 ID_AOT_4, SCE_NORMAL, SAT_EM | SAT_UNDER, 0, 0, -15484, 15800, 900, 1430, 0, 0, 0, 0, 0, 0
1A7A:   2C060342000084C39E3196050E06000000000000                                                aot_set                 ID_AOT_6, SCE_NORMAL, SAT_EM | SAT_UNDER, 0, 0, -15484, 12702, 1430, 1550, 0, 0, 0, 0, 0, 0
1A8E:   2C0703420000B3C805DAA00F9C09000000000000                                                aot_set                 ID_AOT_7, SCE_NORMAL, SAT_EM | SAT_UNDER, 0, 0, -14157, -9723, 4000, 2460, 0, 0, 0, 0, 0, 0
1AA2:   4400001F0600000701FF1FBD00008B38B80F00000000                                            sce_em_set              0, ID_EM_0, ENEMY_ZOMBIE_RANDOM, 6, AI_DEFAULT, 0, SBK_7, 1, 255, -17121, 0, 14475, 4024, 0, 0
1AB8:   4400011F0600000802FF18B50000D53C280000000000                                            sce_em_set              0, ID_EM_1, ENEMY_ZOMBIE_RANDOM, 6, AI_DEFAULT, 0, SBK_8, 2, 255, -19176, 0, 15573, 40, 0, 0
1ACE:   4400021F0600000700FFD3B80000FF2DD80F00000000                                            sce_em_set              0, ID_EM_2, ENEMY_ZOMBIE_RANDOM, 6, AI_DEFAULT, 0, SBK_7, 0, 255, -18221, 0, 11775, 4056, 0, 0
1AE4:   4400031F0600000800FFD3B80000FF2DD80F00000000                                            sce_em_set              0, ID_EM_3, ENEMY_ZOMBIE_RANDOM, 6, AI_DEFAULT, 0, SBK_8, 0, 255, -18221, 0, 11775, 4056, 0, 0
1AFA:   4400041F00800007023302DF00002EAA990C00000000                                            sce_em_set              0, ID_EM_4, ENEMY_ZOMBIE_RANDOM, 0, AI_INACTIVE, 0, SBK_7, 2, 51, -8446, 0, -21970, 3225, 0, 0
1B10:   4400051F008000080034A2F4000054A9F80C00000000                                            sce_em_set              0, ID_EM_5, ENEMY_ZOMBIE_RANDOM, 0, AI_INACTIVE, 0, SBK_8, 0, 52, -2910, 0, -22188, 3320, 0, 0
1B26:   4400061F008000070335372A00002BBEF80C00000000                                            sce_em_set              0, ID_EM_6, ENEMY_ZOMBIE_RANDOM, 0, AI_INACTIVE, 0, SBK_7, 3, 53, 10807, 0, -16853, 3320, 0, 0
1B3C:   0100                                                                                    evt_end                 0
1B3E:   B912                                                                                    db                      0xB9, 0x12

.main
.proc main
1B60:   04FF180B                                                                                evt_exec                255, I_GOSUB, main_0B
1B64:   04FF180C                                                                                evt_exec                255, I_GOSUB, main_0C
1B68:   04FF1803                                                                                evt_exec                255, I_GOSUB, main_03
1B6C:   04FF1802                                                                                evt_exec                255, I_GOSUB, main_02
1B70:   06002400                                                                                if                      0, off_1B98
1B74:   21041B00                                                                                ck                      FG_COMMON, 27, 0
1B78:   46000531FF0018090000                                                                    aot_reset               ID_AOT_0, SCE_EVENT, SAT_PL | SAT_MANUAL | SAT_FRONT, 255, 0, I_GOSUB, main_09, 0, 0
1B82:   2C05054100003BA8E344800C7017FF0018090000                                                aot_set                 ID_AOT_5, SCE_EVENT, SAT_PL | SAT_UNDER, 0, 0, -22469, 17635, 3200, 6000, 255, 0, I_GOSUB, main_09, 0, 0
1B96:   08                                                                                      endif
1B97:   00                                                                                      nop

off_1B98:
1B98:   0100                                                                                    evt_end                 0

.proc aot
1B9A:   06002800                                                                                if                      0, off_1BC6
1B9E:   23001A000600                                                                            cmp                     0, V_CUT, CMP_EQ, 6
1BA4:   06000E00                                                                                if                      0, off_1BB6
1BA8:   21050200                                                                                ck                      FG_ROOM, 2, 0
1BAC:   22050201                                                                                set                     FG_ROOM, 2, 1
1BB0:   04FF1806                                                                                evt_exec                255, I_GOSUB, main_06
1BB4:   08                                                                                      endif
1BB5:   00                                                                                      nop

off_1BB6:
1BB6:   06000800                                                                                if                      0, off_1BC2
1BBA:   21050300                                                                                ck                      FG_ROOM, 3, 0
1BBE:   1807                                                                                    gosub                   main_07
1BC0:   08                                                                                      endif
1BC1:   00                                                                                      nop

off_1BC2:
1BC2:   07001600                                                                                else                    0, off_1BD8

off_1BC6:
1BC6:   22050200                                                                                set                     FG_ROOM, 2, 0
1BCA:   06000800                                                                                if                      0, off_1BD6
1BCE:   21050301                                                                                ck                      FG_ROOM, 3, 1
1BD2:   1808                                                                                    gosub                   main_08
1BD4:   08                                                                                      endif
1BD5:   00                                                                                      nop

off_1BD6:
1BD6:   00                                                                                      nop
1BD7:   00                                                                                      nop

off_1BD8:
1BD8:   0100                                                                                    evt_end                 0

.proc main_02

off_1BDA:
1BDA:   2E0100                                                                                  work_set                WK_PLAYER, 0
1BDD:   00                                                                                      nop
1BDE:   06004600                                                                                if                      0, off_1C28
1BE2:   23001A000400                                                                            cmp                     0, V_CUT, CMP_EQ, 4
1BE8:   06001A00                                                                                if                      0, off_1C06
1BEC:   3E0009000200                                                                            member_cmp              0, 9, 0, 2, 0
1BF2:   06000E00                                                                                if                      0, off_1C04
1BF6:   21050000                                                                                ck                      FG_ROOM, 0, 0
1BFA:   22050001                                                                                set                     FG_ROOM, 0, 1
1BFE:   22050100                                                                                set                     FG_ROOM, 1, 0
1C02:   08                                                                                      endif
1C03:   00                                                                                      nop

off_1C04:
1C04:   08                                                                                      endif
1C05:   00                                                                                      nop

off_1C06:
1C06:   06001C00                                                                                if                      0, off_1C26
1C0A:   3E0009000300                                                                            member_cmp              0, 9, 0, 3, 0
1C10:   06001000                                                                                if                      0, off_1C24
1C14:   21050100                                                                                ck                      FG_ROOM, 1, 0
1C18:   22050101                                                                                set                     FG_ROOM, 1, 1
1C1C:   22050000                                                                                set                     FG_ROOM, 0, 0
1C20:   1805                                                                                    gosub                   main_05
1C22:   08                                                                                      endif
1C23:   00                                                                                      nop

off_1C24:
1C24:   08                                                                                      endif
1C25:   00                                                                                      nop

off_1C26:
1C26:   08                                                                                      endif
1C27:   00                                                                                      nop

off_1C28:
1C28:   090A0100                                                                                sleep                   10, 1
1C2C:   17FFFF00AEFF                                                                            goto                    255, 255, 0, off_1BDA
1C32:   0100                                                                                    evt_end                 0

.proc main_03

off_1C34:
1C34:   131A2001                                                                                switch                  26, off_1D58
1C38:   140014000000                                                                            case                    0, off_1C52, 0
1C3E:   510000011462                                                                            sce_bgm_control         BGM_CHANNEL_MAIN, BGM_OP_NOP, BGM_TYPE_PROG0_VOL, 20, 98
1C44:   510000023A41                                                                            sce_bgm_control         BGM_CHANNEL_MAIN, BGM_OP_NOP, BGM_TYPE_PROG1_VOL, 58, 65
1C4A:   510000032D41                                                                            sce_bgm_control         BGM_CHANNEL_MAIN, BGM_OP_NOP, BGM_TYPE_PROG2_VOL, 45, 65
1C50:   1A00                                                                                    break                   0

off_1C52:
1C52:   140014000100                                                                            case                    0, off_1C6C, 1
1C58:   51000001193A                                                                            sce_bgm_control         BGM_CHANNEL_MAIN, BGM_OP_NOP, BGM_TYPE_PROG0_VOL, 25, 58
1C5E:   510000023241                                                                            sce_bgm_control         BGM_CHANNEL_MAIN, BGM_OP_NOP, BGM_TYPE_PROG1_VOL, 50, 65
1C64:   510000034641                                                                            sce_bgm_control         BGM_CHANNEL_MAIN, BGM_OP_NOP, BGM_TYPE_PROG2_VOL, 70, 65
1C6A:   1A00                                                                                    break                   0

off_1C6C:
1C6C:   140014000200                                                                            case                    0, off_1C86, 2
1C72:   51000001147D                                                                            sce_bgm_control         BGM_CHANNEL_MAIN, BGM_OP_NOP, BGM_TYPE_PROG0_VOL, 20, 125
1C78:   510000023C50                                                                            sce_bgm_control         BGM_CHANNEL_MAIN, BGM_OP_NOP, BGM_TYPE_PROG1_VOL, 60, 80
1C7E:   510000034140                                                                            sce_bgm_control         BGM_CHANNEL_MAIN, BGM_OP_NOP, BGM_TYPE_PROG2_VOL, 65, 64
1C84:   1A00                                                                                    break                   0

off_1C86:
1C86:   140014000300                                                                            case                    0, off_1CA0, 3
1C8C:   51000001147D                                                                            sce_bgm_control         BGM_CHANNEL_MAIN, BGM_OP_NOP, BGM_TYPE_PROG0_VOL, 20, 125
1C92:   510000023C41                                                                            sce_bgm_control         BGM_CHANNEL_MAIN, BGM_OP_NOP, BGM_TYPE_PROG1_VOL, 60, 65
1C98:   510000034141                                                                            sce_bgm_control         BGM_CHANNEL_MAIN, BGM_OP_NOP, BGM_TYPE_PROG2_VOL, 65, 65
1C9E:   1A00                                                                                    break                   0

off_1CA0:
1CA0:   140014000400                                                                            case                    0, off_1CBA, 4
1CA6:   51000001147D                                                                            sce_bgm_control         BGM_CHANNEL_MAIN, BGM_OP_NOP, BGM_TYPE_PROG0_VOL, 20, 125
1CAC:   510000024641                                                                            sce_bgm_control         BGM_CHANNEL_MAIN, BGM_OP_NOP, BGM_TYPE_PROG1_VOL, 70, 65
1CB2:   510000033741                                                                            sce_bgm_control         BGM_CHANNEL_MAIN, BGM_OP_NOP, BGM_TYPE_PROG2_VOL, 55, 65
1CB8:   1A00                                                                                    break                   0

off_1CBA:
1CBA:   140014000500                                                                            case                    0, off_1CD4, 5
1CC0:   51000001147D                                                                            sce_bgm_control         BGM_CHANNEL_MAIN, BGM_OP_NOP, BGM_TYPE_PROG0_VOL, 20, 125
1CC6:   510000023D41                                                                            sce_bgm_control         BGM_CHANNEL_MAIN, BGM_OP_NOP, BGM_TYPE_PROG1_VOL, 61, 65
1CCC:   510000033741                                                                            sce_bgm_control         BGM_CHANNEL_MAIN, BGM_OP_NOP, BGM_TYPE_PROG2_VOL, 55, 65
1CD2:   1A00                                                                                    break                   0

off_1CD4:
1CD4:   140014000600                                                                            case                    0, off_1CEE, 6
1CDA:   510000016446                                                                            sce_bgm_control         BGM_CHANNEL_MAIN, BGM_OP_NOP, BGM_TYPE_PROG0_VOL, 100, 70
1CE0:   510000023341                                                                            sce_bgm_control         BGM_CHANNEL_MAIN, BGM_OP_NOP, BGM_TYPE_PROG1_VOL, 51, 65
1CE6:   510000033641                                                                            sce_bgm_control         BGM_CHANNEL_MAIN, BGM_OP_NOP, BGM_TYPE_PROG2_VOL, 54, 65
1CEC:   1A00                                                                                    break                   0

off_1CEE:
1CEE:   140014000700                                                                            case                    0, off_1D08, 7
1CF4:   510000014C7D                                                                            sce_bgm_control         BGM_CHANNEL_MAIN, BGM_OP_NOP, BGM_TYPE_PROG0_VOL, 76, 125
1CFA:   510000023341                                                                            sce_bgm_control         BGM_CHANNEL_MAIN, BGM_OP_NOP, BGM_TYPE_PROG1_VOL, 51, 65
1D00:   510000033641                                                                            sce_bgm_control         BGM_CHANNEL_MAIN, BGM_OP_NOP, BGM_TYPE_PROG2_VOL, 54, 65
1D06:   1A00                                                                                    break                   0

off_1D08:
1D08:   140014000800                                                                            case                    0, off_1D22, 8
1D0E:   51000001287D                                                                            sce_bgm_control         BGM_CHANNEL_MAIN, BGM_OP_NOP, BGM_TYPE_PROG0_VOL, 40, 125
1D14:   510000023341                                                                            sce_bgm_control         BGM_CHANNEL_MAIN, BGM_OP_NOP, BGM_TYPE_PROG1_VOL, 51, 65
1D1A:   510000033441                                                                            sce_bgm_control         BGM_CHANNEL_MAIN, BGM_OP_NOP, BGM_TYPE_PROG2_VOL, 52, 65
1D20:   1A00                                                                                    break                   0

off_1D22:
1D22:   140014000900                                                                            case                    0, off_1D3C, 9
1D28:   51000001147D                                                                            sce_bgm_control         BGM_CHANNEL_MAIN, BGM_OP_NOP, BGM_TYPE_PROG0_VOL, 20, 125
1D2E:   510000023341                                                                            sce_bgm_control         BGM_CHANNEL_MAIN, BGM_OP_NOP, BGM_TYPE_PROG1_VOL, 51, 65
1D34:   510000032841                                                                            sce_bgm_control         BGM_CHANNEL_MAIN, BGM_OP_NOP, BGM_TYPE_PROG2_VOL, 40, 65
1D3A:   1A00                                                                                    break                   0

off_1D3C:
1D3C:   140014000A00                                                                            case                    0, off_1D56, 10
1D42:   51000001147D                                                                            sce_bgm_control         BGM_CHANNEL_MAIN, BGM_OP_NOP, BGM_TYPE_PROG0_VOL, 20, 125
1D48:   510000023341                                                                            sce_bgm_control         BGM_CHANNEL_MAIN, BGM_OP_NOP, BGM_TYPE_PROG1_VOL, 51, 65
1D4E:   510000032841                                                                            sce_bgm_control         BGM_CHANNEL_MAIN, BGM_OP_NOP, BGM_TYPE_PROG2_VOL, 40, 65
1D54:   1A00                                                                                    break                   0

off_1D56:
1D56:   1600                                                                                    eswitch                 0

off_1D58:
1D58:   11000A00                                                                                do                      0, off_1D66
1D5C:   090A0100                                                                                sleep                   10, 1
1D60:   1204                                                                                    edwhile                 off_1D66
1D62:   21010B00                                                                                ck                      FG_STATUS, 11, 0

off_1D66:
1D66:   17FFFF00CEFE                                                                            goto                    255, 255, 0, off_1C34
1D6C:   0100                                                                                    evt_end                 0

.proc main_04
1D6E:   2E0300                                                                                  work_set                WK_ENEMY, ID_EM_0
1D71:   00                                                                                      nop
1D72:   06002600                                                                                if                      0, off_1D9C
1D76:   21063300                                                                                ck                      FG_ENEMY, 51, 0
1D7A:   34070000                                                                                member_set              M_TYPE, 0
1D7E:   34020100                                                                                member_set              M_ROUTINE0, 1
1D82:   34030D00                                                                                member_set              M_ROUTINE1, 13
1D86:   34040000                                                                                member_set              M_ROUTINE2, 0
1D8A:   34050000                                                                                member_set              M_ROUTINE3, 0
1D8E:   340FD80F                                                                                member_set              M_Y_DIR, 4056
1D92:   3200D3B80000FF2D                                                                        pos_set                 0, -18221, 0, 11775
1D9A:   08                                                                                      endif
1D9B:   00                                                                                      nop

off_1D9C:
1D9C:   2E0301                                                                                  work_set                WK_ENEMY, ID_EM_1
1D9F:   00                                                                                      nop
1DA0:   06002600                                                                                if                      0, off_1DCA
1DA4:   21063400                                                                                ck                      FG_ENEMY, 52, 0
1DA8:   34070000                                                                                member_set              M_TYPE, 0
1DAC:   34020100                                                                                member_set              M_ROUTINE0, 1
1DB0:   34030D00                                                                                member_set              M_ROUTINE1, 13
1DB4:   34040000                                                                                member_set              M_ROUTINE2, 0
1DB8:   34050000                                                                                member_set              M_ROUTINE3, 0
1DBC:   340FD80F                                                                                member_set              M_Y_DIR, 4056
1DC0:   3200B8C00000C72E                                                                        pos_set                 0, -16200, 0, 11975
1DC8:   08                                                                                      endif
1DC9:   00                                                                                      nop

off_1DCA:
1DCA:   2E0302                                                                                  work_set                WK_ENEMY, ID_EM_2
1DCD:   00                                                                                      nop
1DCE:   06002600                                                                                if                      0, off_1DF8
1DD2:   21063500                                                                                ck                      FG_ENEMY, 53, 0
1DD6:   34070000                                                                                member_set              M_TYPE, 0
1DDA:   34020100                                                                                member_set              M_ROUTINE0, 1
1DDE:   34030D00                                                                                member_set              M_ROUTINE1, 13
1DE2:   34040000                                                                                member_set              M_ROUTINE2, 0
1DE6:   34050000                                                                                member_set              M_ROUTINE3, 0
1DEA:   340FB80F                                                                                member_set              M_Y_DIR, 4024
1DEE:   32001FBD00008B38                                                                        pos_set                 0, -17121, 0, 14475
1DF6:   08                                                                                      endif
1DF7:   00                                                                                      nop

off_1DF8:
1DF8:   2E0303                                                                                  work_set                WK_ENEMY, ID_EM_3
1DFB:   00                                                                                      nop
1DFC:   06002600                                                                                if                      0, off_1E26
1E00:   21063600                                                                                ck                      FG_ENEMY, 54, 0
1E04:   34070000                                                                                member_set              M_TYPE, 0
1E08:   34020100                                                                                member_set              M_ROUTINE0, 1
1E0C:   34030D00                                                                                member_set              M_ROUTINE1, 13
1E10:   34040000                                                                                member_set              M_ROUTINE2, 0
1E14:   34050000                                                                                member_set              M_ROUTINE3, 0
1E18:   340FB80E                                                                                member_set              M_Y_DIR, 3768
1E1C:   32009CBC0000702F                                                                        pos_set                 0, -17252, 0, 12144
1E24:   08                                                                                      endif
1E25:   00                                                                                      nop

off_1E26:
1E26:   22050400                                                                                set                     FG_ROOM, 4, 0
1E2A:   22050500                                                                                set                     FG_ROOM, 5, 0
1E2E:   22050600                                                                                set                     FG_ROOM, 6, 0
1E32:   22050700                                                                                set                     FG_ROOM, 7, 0
1E36:   22050800                                                                                set                     FG_ROOM, 8, 0
1E3A:   0100                                                                                    evt_end                 0

.proc main_05
1E3C:   2E0304                                                                                  work_set                WK_ENEMY, ID_EM_4
1E3F:   00                                                                                      nop
1E40:   3D1007                                                                                  member_copy             V_TEMP, M_TYPE
1E43:   00                                                                                      nop
1E44:   26000610FF7F                                                                            calc                    0, OP_AND, V_TEMP, 32767
1E4A:   350710                                                                                  member_set2             M_TYPE, V_TEMP
1E4D:   00                                                                                      nop
1E4E:   2E0305                                                                                  work_set                WK_ENEMY, ID_EM_5
1E51:   00                                                                                      nop
1E52:   3D1007                                                                                  member_copy             V_TEMP, M_TYPE
1E55:   00                                                                                      nop
1E56:   26000610FF7F                                                                            calc                    0, OP_AND, V_TEMP, 32767
1E5C:   350710                                                                                  member_set2             M_TYPE, V_TEMP
1E5F:   00                                                                                      nop
1E60:   2E0306                                                                                  work_set                WK_ENEMY, ID_EM_6
1E63:   00                                                                                      nop
1E64:   3D1007                                                                                  member_copy             V_TEMP, M_TYPE
1E67:   00                                                                                      nop
1E68:   26000610FF7F                                                                            calc                    0, OP_AND, V_TEMP, 32767
1E6E:   350710                                                                                  member_set2             M_TYPE, V_TEMP
1E71:   00                                                                                      nop
1E72:   2E0307                                                                                  work_set                WK_ENEMY, ID_EM_7
1E75:   00                                                                                      nop
1E76:   3D1007                                                                                  member_copy             V_TEMP, M_TYPE
1E79:   00                                                                                      nop
1E7A:   26000610FF7F                                                                            calc                    0, OP_AND, V_TEMP, 32767
1E80:   350710                                                                                  member_set2             M_TYPE, V_TEMP
1E83:   00                                                                                      nop
1E84:   0100                                                                                    evt_end                 0

.proc main_06
1E86:   6B00C05D                                                                                light_kido_set          0, 24000
1E8A:   0D0016000300                                                                            for                     0, off_1EA6, 3
1E90:   02                                                                                      evt_next
1E91:   00                                                                                      nop
1E92:   06000E00                                                                                if                      0, off_1EA4
1E96:   23001A050600                                                                            cmp                     0, V_CUT, CMP_NE, 6
1E9C:   17FFFF004200                                                                            goto                    255, 255, 0, off_1EDE
1EA2:   08                                                                                      endif
1EA3:   00                                                                                      nop

off_1EA4:
1EA4:   0E00                                                                                    next                    0

off_1EA6:
1EA6:   6B003075                                                                                light_kido_set          0, 30000
1EAA:   02                                                                                      evt_next
1EAB:   00                                                                                      nop
1EAC:   06000E00                                                                                if                      0, off_1EBE
1EB0:   23001A050600                                                                            cmp                     0, V_CUT, CMP_NE, 6
1EB6:   17FFFF002800                                                                            goto                    255, 255, 0, off_1EDE
1EBC:   08                                                                                      endif
1EBD:   00                                                                                      nop

off_1EBE:
1EBE:   6B009065                                                                                light_kido_set          0, 26000
1EC2:   0D0016000200                                                                            for                     0, off_1EDE, 2
1EC8:   02                                                                                      evt_next
1EC9:   00                                                                                      nop
1ECA:   06000E00                                                                                if                      0, off_1EDC
1ECE:   23001A050600                                                                            cmp                     0, V_CUT, CMP_NE, 6
1ED4:   17FFFF000A00                                                                            goto                    255, 255, 0, off_1EDE
1EDA:   08                                                                                      endif
1EDB:   00                                                                                      nop

off_1EDC:
1EDC:   0E00                                                                                    next                    0

off_1EDE:
1EDE:   22050200                                                                                set                     FG_ROOM, 2, 0
1EE2:   0100                                                                                    evt_end                 0

.proc main_07
1EE4:   22050301                                                                                set                     FG_ROOM, 3, 1
1EE8:   3A000E0000000044B8A8A8FDB5C000FE                                                        sce_espr_on             0, 14, 0, 17408, -22344, -600, -16203, -512
1EF8:   3A000E0000000046EDA0DAFD57B50000                                                        sce_espr_on             0, 14, 0, 17920, -24339, -550, -19113, 0
1F08:   3A0004120000003EB8A8E0FCB5C000FF                                                        sce_espr_on             0, 4612, 0, 15872, -22344, -800, -16203, -256
1F18:   3A00041200000040EDA012FD57B58000                                                        sce_espr_on             0, 4612, 0, 16384, -24339, -750, -19113, 128
1F28:   0100                                                                                    evt_end                 0

.proc main_08
1F2A:   22050300                                                                                set                     FG_ROOM, 3, 0
1F2E:   4C0E000000                                                                              sce_espr_kill           14, 0, 0, 0
1F33:   4C04120000                                                                              sce_espr_kill           4, 18, 0, 0
1F38:   0100                                                                                    evt_end                 0

.proc main_09
1F3A:   46050000000000000000                                                                    aot_reset               ID_AOT_5, SCE_AUTO, SAT_AUTO, 0, 0, 0, 0, 0, 0
1F44:   46000131C0A4000061A2                                                                    aot_reset               ID_AOT_0, SCE_DOOR, SAT_PL | SAT_MANUAL | SAT_FRONT, 192, 164, 0, 0, 97, 162
1F4E:   22041B01                                                                                set                     FG_COMMON, 27, 1
1F52:   22011B01                                                                                set                     FG_STATUS, 27, 1
1F56:   22020701                                                                                set                     FG_STOP, 7, 1
1F5A:   090A1E00                                                                                sleep                   10, 30
1F5E:   360221010000A9A218FCB250                                                                se_on                   2, 289, 0, -23895, -1000, 20658
1F6A:   04FF180A                                                                                evt_exec                255, I_GOSUB, main_0A
1F6E:   090A0A00                                                                                sleep                   10, 10
1F72:   06000E00                                                                                if                      0, off_1F84
1F76:   21010000                                                                                ck                      FG_STATUS, F_PLAYER, 0
1F7A:   5F46                                                                                    xa_vol                  70
1F7C:   59000B00                                                                                xa_on                   0, 11
1F80:   07000C00                                                                                else                    0, off_1F8C

off_1F84:
1F84:   5F32                                                                                    xa_vol                  50
1F86:   59000900                                                                                xa_on                   0, 9
1F8A:   00                                                                                      nop
1F8B:   00                                                                                      nop

off_1F8C:
1F8C:   090A8200                                                                                sleep                   10, 130
1F90:   22020700                                                                                set                     FG_STOP, 7, 0
1F94:   22011B00                                                                                set                     FG_STATUS, 27, 0
1F98:   0100                                                                                    evt_end                 0

.proc main_0A
1F9A:   090A0100                                                                                sleep                   10, 1
1F9E:   2E0100                                                                                  work_set                WK_PLAYER, 0
1FA1:   00                                                                                      nop
1FA2:   41020000000080FF5050                                                                    plc_neck                2, 0, 0, -128, 80, 80
1FAC:   090A1400                                                                                sleep                   10, 20
1FB0:   4101D99F30F8BA5D5050                                                                    plc_neck                1, -24615, -2000, 23994, 80, 80
1FBA:   090A5000                                                                                sleep                   10, 80
1FBE:   41000000000000001E1E                                                                    plc_neck                0, 0, 0, 0, 30, 30
1FC8:   090A3C00                                                                                sleep                   10, 60
1FCC:   42                                                                                      plc_ret
1FCD:   00                                                                                      nop
1FCE:   0100                                                                                    evt_end                 0

.proc main_0B

off_1FD0:
1FD0:   0600B000                                                                                if                      0, off_2084
1FD4:   23001A000200                                                                            cmp                     0, V_CUT, CMP_EQ, 2
1FDA:   06003400                                                                                if                      0, off_2012
1FDE:   21050400                                                                                ck                      FG_ROOM, 4, 0
1FE2:   2E0300                                                                                  work_set                WK_ENEMY, ID_EM_0
1FE5:   00                                                                                      nop
1FE6:   06002600                                                                                if                      0, off_2010
1FEA:   3E0002050700                                                                            member_cmp              0, 2, 5, 7, 0
1FF0:   06001A00                                                                                if                      0, off_200E
1FF4:   3E0009000400                                                                            member_cmp              0, 9, 0, 4, 0
1FFA:   06000E00                                                                                if                      0, off_200C
1FFE:   23001D020070                                                                            cmp                     0, V_RNG, CMP_GE, 28672
2004:   04FF180D                                                                                evt_exec                255, I_GOSUB, main_0D
2008:   28                                                                                      sce_rnd
2009:   00                                                                                      nop
200A:   08                                                                                      endif
200B:   00                                                                                      nop

off_200C:
200C:   08                                                                                      endif
200D:   00                                                                                      nop

off_200E:
200E:   08                                                                                      endif
200F:   00                                                                                      nop

off_2010:
2010:   08                                                                                      endif
2011:   00                                                                                      nop

off_2012:
2012:   06003400                                                                                if                      0, off_204A
2016:   21050500                                                                                ck                      FG_ROOM, 5, 0
201A:   2E0301                                                                                  work_set                WK_ENEMY, ID_EM_1
201D:   00                                                                                      nop
201E:   06002600                                                                                if                      0, off_2048
2022:   3E0002050700                                                                            member_cmp              0, 2, 5, 7, 0
2028:   06001A00                                                                                if                      0, off_2046
202C:   3E0009000600                                                                            member_cmp              0, 9, 0, 6, 0
2032:   06000E00                                                                                if                      0, off_2044
2036:   23001D020070                                                                            cmp                     0, V_RNG, CMP_GE, 28672
203C:   04FF180E                                                                                evt_exec                255, I_GOSUB, main_0E
2040:   28                                                                                      sce_rnd
2041:   00                                                                                      nop
2042:   08                                                                                      endif
2043:   00                                                                                      nop

off_2044:
2044:   08                                                                                      endif
2045:   00                                                                                      nop

off_2046:
2046:   08                                                                                      endif
2047:   00                                                                                      nop

off_2048:
2048:   08                                                                                      endif
2049:   00                                                                                      nop

off_204A:
204A:   06003400                                                                                if                      0, off_2082
204E:   21050600                                                                                ck                      FG_ROOM, 6, 0
2052:   2E0302                                                                                  work_set                WK_ENEMY, ID_EM_2
2055:   00                                                                                      nop
2056:   06002600                                                                                if                      0, off_2080
205A:   3E0002050700                                                                            member_cmp              0, 2, 5, 7, 0
2060:   06001A00                                                                                if                      0, off_207E
2064:   3E0009000600                                                                            member_cmp              0, 9, 0, 6, 0
206A:   06000E00                                                                                if                      0, off_207C
206E:   23001D020070                                                                            cmp                     0, V_RNG, CMP_GE, 28672
2074:   04FF180F                                                                                evt_exec                255, I_GOSUB, main_0F
2078:   28                                                                                      sce_rnd
2079:   00                                                                                      nop
207A:   08                                                                                      endif
207B:   00                                                                                      nop

off_207C:
207C:   08                                                                                      endif
207D:   00                                                                                      nop

off_207E:
207E:   08                                                                                      endif
207F:   00                                                                                      nop

off_2080:
2080:   08                                                                                      endif
2081:   00                                                                                      nop

off_2082:
2082:   08                                                                                      endif
2083:   00                                                                                      nop

off_2084:
2084:   090A0200                                                                                sleep                   10, 2
2088:   17FFFF0048FF                                                                            goto                    255, 255, 0, off_1FD0
208E:   0100                                                                                    evt_end                 0

.proc main_0C

off_2090:
2090:   06006000                                                                                if                      0, off_20F4
2094:   21050401                                                                                ck                      FG_ROOM, 4, 1
2098:   2E0300                                                                                  work_set                WK_ENEMY, ID_EM_0
209B:   00                                                                                      nop
209C:   06003A00                                                                                if                      0, off_20DA
20A0:   3E0018060080                                                                            member_cmp              0, 24, 6, 0, 128
20A6:   360220010300000000000000                                                                se_on                   2, 288, 3, 0, 0, 0
20B2:   06001400                                                                                if                      0, off_20CA
20B6:   21050700                                                                                ck                      FG_ROOM, 7, 0
20BA:   22050701                                                                                set                     FG_ROOM, 7, 1
20BE:   220F0301                                                                                set                     FG_PBF02, 3, 1
20C2:   220F0400                                                                                set                     FG_PBF02, 4, 0
20C6:   07001200                                                                                else                    0, off_20D8

off_20CA:
20CA:   22050700                                                                                set                     FG_ROOM, 7, 0
20CE:   220F0401                                                                                set                     FG_PBF02, 4, 1
20D2:   220F0300                                                                                set                     FG_PBF02, 3, 0
20D6:   00                                                                                      nop
20D7:   00                                                                                      nop

off_20D8:
20D8:   08                                                                                      endif
20D9:   00                                                                                      nop

off_20DA:
20DA:   06000A00                                                                                if                      0, off_20E8
20DE:   3E0018060040                                                                            member_cmp              0, 24, 6, 0, 64
20E4:   07000A00                                                                                else                    0, off_20EE

off_20E8:
20E8:   22050400                                                                                set                     FG_ROOM, 4, 0
20EC:   00                                                                                      nop
20ED:   00                                                                                      nop

off_20EE:
20EE:   34180000                                                                                member_set              M_SCE_FREE1, 0
20F2:   08                                                                                      endif
20F3:   00                                                                                      nop

off_20F4:
20F4:   06003A00                                                                                if                      0, off_2132
20F8:   21050501                                                                                ck                      FG_ROOM, 5, 1
20FC:   2E0301                                                                                  work_set                WK_ENEMY, ID_EM_1
20FF:   00                                                                                      nop
2100:   06001400                                                                                if                      0, off_2118
2104:   3E0018060080                                                                            member_cmp              0, 24, 6, 0, 128
210A:   360220010301000000000000                                                                se_on                   2, 288, 259, 0, 0, 0
2116:   08                                                                                      endif
2117:   00                                                                                      nop

off_2118:
2118:   06000A00                                                                                if                      0, off_2126
211C:   3E0018060040                                                                            member_cmp              0, 24, 6, 0, 64
2122:   07000A00                                                                                else                    0, off_212C

off_2126:
2126:   22050500                                                                                set                     FG_ROOM, 5, 0
212A:   00                                                                                      nop
212B:   00                                                                                      nop

off_212C:
212C:   34180000                                                                                member_set              M_SCE_FREE1, 0
2130:   08                                                                                      endif
2131:   00                                                                                      nop

off_2132:
2132:   06003A00                                                                                if                      0, off_2170
2136:   21050601                                                                                ck                      FG_ROOM, 6, 1
213A:   2E0302                                                                                  work_set                WK_ENEMY, ID_EM_2
213D:   00                                                                                      nop
213E:   06001400                                                                                if                      0, off_2156
2142:   3E0018060080                                                                            member_cmp              0, 24, 6, 0, 128
2148:   360220010302000000000000                                                                se_on                   2, 288, 515, 0, 0, 0
2154:   08                                                                                      endif
2155:   00                                                                                      nop

off_2156:
2156:   06000A00                                                                                if                      0, off_2164
215A:   3E0018060040                                                                            member_cmp              0, 24, 6, 0, 64
2160:   07000A00                                                                                else                    0, off_216A

off_2164:
2164:   22050600                                                                                set                     FG_ROOM, 6, 0
2168:   00                                                                                      nop
2169:   00                                                                                      nop

off_216A:
216A:   34180000                                                                                member_set              M_SCE_FREE1, 0
216E:   08                                                                                      endif
216F:   00                                                                                      nop

off_2170:
2170:   02                                                                                      evt_next
2171:   00                                                                                      nop
2172:   17FFFF001EFF                                                                            goto                    255, 255, 0, off_2090
2178:   0100                                                                                    evt_end                 0

.proc main_0D
217A:   2E0300                                                                                  work_set                WK_ENEMY, ID_EM_0
217D:   22050401                                                                                set                     FG_ROOM, 4, 1
2181:   00                                                                                      nop
2182:   34170080                                                                                member_set              M_SCE_FREE0, -32768
2186:   090A0100                                                                                sleep                   10, 1
218A:   3D1017                                                                                  member_copy             V_TEMP, M_SCE_FREE0
218D:   00                                                                                      nop
218E:   26000610FF7F                                                                            calc                    0, OP_AND, V_TEMP, 32767
2194:   351710                                                                                  member_set2             M_SCE_FREE0, V_TEMP
2197:   00                                                                                      nop
2198:   0100                                                                                    evt_end                 0

.proc main_0E
219A:   2E0301                                                                                  work_set                WK_ENEMY, ID_EM_1
219D:   22050501                                                                                set                     FG_ROOM, 5, 1
21A1:   00                                                                                      nop
21A2:   34170040                                                                                member_set              M_SCE_FREE0, 16384
21A6:   090A0100                                                                                sleep                   10, 1
21AA:   3D1017                                                                                  member_copy             V_TEMP, M_SCE_FREE0
21AD:   00                                                                                      nop
21AE:   26000610FFBF                                                                            calc                    0, OP_AND, V_TEMP, -16385
21B4:   351710                                                                                  member_set2             M_SCE_FREE0, V_TEMP
21B7:   00                                                                                      nop
21B8:   0100                                                                                    evt_end                 0

.proc main_0F
21BA:   2E0302                                                                                  work_set                WK_ENEMY, ID_EM_2
21BD:   22050601                                                                                set                     FG_ROOM, 6, 1
21C1:   00                                                                                      nop
21C2:   34170040                                                                                member_set              M_SCE_FREE0, 16384
21C6:   090A0100                                                                                sleep                   10, 1
21CA:   3D1017                                                                                  member_copy             V_TEMP, M_SCE_FREE0
21CD:   00                                                                                      nop
21CE:   26000610FFBF                                                                            calc                    0, OP_AND, V_TEMP, -16385
21D4:   351710                                                                                  member_set2             M_SCE_FREE0, V_TEMP
21D7:   00                                                                                      nop
21D8:   0100                                                                                    evt_end                 0
21DA:   0800                                                                                    db                      0x08, 0x00
