.version 2

.init
.proc init
0BBA:   06000800                                                                                if                      0, off_0BC6
0BBE:   21010601                                                                                ck                      FG_STATUS, F_BONUS, 1
0BC2:   0100                                                                                    evt_end                 0
0BC4:   08                                                                                      endif
0BC5:   00                                                                                      nop

off_0BC6:
0BC6:   370F0000                                                                                sca_id_set              15, 0, 0
0BCA:   3B00013100007BC518A4E0063011B29F000086BDC8DF010002000D0200000000                        door_aot_se             ID_AOT_0, SCE_DOOR, SAT_PL | SAT_MANUAL | SAT_FRONT, 0, 0, -14981, -23528, 1760, 4400, -24654, 0, -17018, -8248, 1, 0, 2, 0, 13, 2, 0, 0, UNLOCKED, 0
0BEA:   3B0101310000EB9256975E062A08FC10000078BE200801040000090100000000                        door_aot_se             ID_AOT_1, SCE_DOOR, SAT_PL | SAT_MANUAL | SAT_FRONT, 0, 0, -27925, -26794, 1630, 2090, 4348, 0, -16776, 2080, 1, 4, 0, 0, 9, 1, 0, 0, UNLOCKED, 0
0C0A:   2C0A0A310000C7BF6C964C0EE40C000001000000                                                aot_set                 ID_AOT_10, SCE_ITEMBOX, SAT_PL | SAT_MANUAL | SAT_FRONT, 0, 0, -16441, -27028, 3660, 3300, 0, 0, 1, 0, 0, 0
0C1E:   2D0000000000000000000A00100079C75AFAEF9C000000080000000000000000000000000000            obj_model_set           ID_OBJ_0, 0, 0, 0, 0, 0, 0, 10, 16, -14471, -1446, -25361, 0, 2048, 0, 0, 0, 0, 0, 0, 0, 0, 0
0C44:   2C080D310000F9970FB9C4090807010009000600                                                aot_set                 ID_AOT_8, SCE_HIKIDASHI, SAT_PL | SAT_MANUAL | SAT_FRONT, 0, 0, -26631, -18161, 2500, 1800, 1, 0, 9, 0, 6, 0
0C58:   4E0202310000A0B06497A00A78056B0001005E000200                                            item_aot_set            ID_AOT_2, SCE_ITEM, SAT_PL | SAT_MANUAL | SAT_FRONT, 0, 0, -20320, -26780, 2720, 1400, ITEM_POLICEMEMORANDUM, 1, 94, ID_OBJ_2, IF_DEFAULT
0C6E:   2D0200000000000000000A001000EBB576FD099A0000C0060000000000000000000000000000            obj_model_set           ID_OBJ_2, 0, 0, 0, 0, 0, 0, 10, 16, -18965, -650, -26103, 0, 1728, 0, 0, 0, 0, 0, 0, 0, 0, 0
0C94:   2C0304310000DFB12FBC64191C0700000000FFFF                                                aot_set                 ID_AOT_3, SCE_MESSAGE, SAT_PL | SAT_MANUAL | SAT_FRONT, 0, 0, -20001, -17361, 6500, 1820, ID_MSG_0, 0, 0, 0, 255, 255
0CA8:   2C0404310000B9AA5BBD3007400601000000FFFF                                                aot_set                 ID_AOT_4, SCE_MESSAGE, SAT_PL | SAT_MANUAL | SAT_FRONT, 0, 0, -21831, -17061, 1840, 1600, ID_MSG_1, 0, 0, 0, 255, 255
0CBC:   2C0504310000FD9223B33C05740903000000FFFF                                                aot_set                 ID_AOT_5, SCE_MESSAGE, SAT_PL | SAT_MANUAL | SAT_FRONT, 0, 0, -27907, -19677, 1340, 2420, ID_MSG_3, 0, 0, 0, 255, 255
0CD0:   2C06043100002D9AE393B207D80404000000FFFF                                                aot_set                 ID_AOT_6, SCE_MESSAGE, SAT_PL | SAT_MANUAL | SAT_FRONT, 0, 0, -26067, -27677, 1970, 1240, ID_MSG_4, 0, 0, 0, 255, 255
0CE4:   2C07043100007CAFA4A8DA077C0605000000FFFF                                                aot_set                 ID_AOT_7, SCE_MESSAGE, SAT_PL | SAT_MANUAL | SAT_FRONT, 0, 0, -20612, -22364, 2010, 1660, ID_MSG_5, 0, 0, 0, 255, 255
0CF8:   2C0704310000FFA5D7962003641407000000FFFF                                                aot_set                 ID_AOT_7, SCE_MESSAGE, SAT_PL | SAT_MANUAL | SAT_FRONT, 0, 0, -23041, -26921, 800, 5220, ID_MSG_7, 0, 0, 0, 255, 255
0D0C:   0100                                                                                    evt_end                 0
0D0E:   0000                                                                                    db                      0x00, 0x00

.main
.proc main
0D28:   06000A00                                                                                if                      0, off_0D36
0D2C:   21010601                                                                                ck                      FG_STATUS, F_BONUS, 1
0D30:   180B                                                                                    gosub                   main_0B
0D32:   0100                                                                                    evt_end                 0
0D34:   08                                                                                      endif
0D35:   00                                                                                      nop

off_0D36:
0D36:   06004400                                                                                if                      0, off_0D7E
0D3A:   21010100                                                                                ck                      FG_STATUS, F_SCENARIO, 0
0D3E:   4E0902310000000000000A000A0014000F005C000400                                            item_aot_set            ID_AOT_9, SCE_ITEM, SAT_PL | SAT_MANUAL | SAT_FRONT, 0, 0, 0, 0, 10, 10, ITEM_HANDGUNAMMO, 15, 92, ID_OBJ_4, IF_DEFAULT
0D54:   2D0400000000010000000A003000F19B1EFB11BA00001EFD0000000000000000000000000000            obj_model_set           ID_OBJ_4, 0, 0, 0, 0, 1, 0, 10, 48, -25615, -1250, -17903, 0, -738, 0, 0, 0, 0, 0, 0, 0, 0, 0
0D7A:   07004200                                                                                else                    0, off_0DBC

off_0D7E:
0D7E:   4E0902310000000000000A000A00150007005C000300                                            item_aot_set            ID_AOT_9, SCE_ITEM, SAT_PL | SAT_MANUAL | SAT_FRONT, 0, 0, 0, 0, 10, 10, ITEM_SHOTGUNAMMO, 7, 92, ID_OBJ_3, IF_DEFAULT
0D94:   2D0300000000010000000A003000559C1EFBA7BA00040000C0FE000000000000000000000000            obj_model_set           ID_OBJ_3, 0, 0, 0, 0, 1, 0, 10, 48, -25515, -1250, -17753, 1024, 0, -320, 0, 0, 0, 0, 0, 0, 0, 0
0DBA:   00                                                                                      nop
0DBB:   00                                                                                      nop

off_0DBC:
0DBC:   1802                                                                                    gosub                   main_02
0DBE:   0100                                                                                    evt_end                 0

.proc aot
0DC0:   06000800                                                                                if                      0, off_0DCC
0DC4:   21010601                                                                                ck                      FG_STATUS, F_BONUS, 1
0DC8:   0100                                                                                    evt_end                 0
0DCA:   08                                                                                      endif
0DCB:   00                                                                                      nop

off_0DCC:
0DCC:   1803                                                                                    gosub                   main_03
0DCE:   0100                                                                                    evt_end                 0

.proc main_02
0DD0:   06003800                                                                                if                      0, off_0E0C
0DD4:   21010100                                                                                ck                      FG_STATUS, F_SCENARIO, 0
0DD8:   06002C00                                                                                if                      0, off_0E08
0DDC:   21040500                                                                                ck                      FG_COMMON, 5, 0
0DE0:   440000220244000E001859A9C8F1E591700700000000                                            sce_em_set              0, ID_EM_0, ENEMY_LICKER_RED, 2, AI_04 | AI_40, 0, SBK_14, 0, 24, -22183, -3640, -28187, 1904, 0, 0
0DF6:   2E0300                                                                                  work_set                WK_ENEMY, ID_EM_0
0DF9:   00                                                                                      nop
0DFA:   24047070                                                                                save                    V_04, 28784
0DFE:   24057000                                                                                save                    V_05, 112
0E02:   1805                                                                                    gosub                   main_05
0E04:   1808                                                                                    gosub                   main_08
0E06:   08                                                                                      endif
0E07:   00                                                                                      nop

off_0E08:
0E08:   07008200                                                                                else                    0, off_0E8A

off_0E0C:
0E0C:   06003400                                                                                if                      0, off_0E44
0E10:   21001900                                                                                ck                      FG_SYSTEM, F_DIFFICULT, 0
0E14:   440001120020002A007560A200007FA615F700000000                                            sce_em_set              0, ID_EM_1, ENEMY_ZOMBIE_GUY1, 0, AI_20, 0, SBK_42, 0, 117, -23968, 0, -22913, -2283, 0, 0
0E2A:   440002120600002B0076C2B40000369FB3FD00000000                                            sce_em_set              0, ID_EM_2, ENEMY_ZOMBIE_GUY1, 6, AI_DEFAULT, 0, SBK_43, 0, 118, -19262, 0, -24778, -589, 0, 0
0E40:   07004800                                                                                else                    0, off_0E88

off_0E44:
0E44:   440001120000002A00759A9B0000BFB48B0000000000                                            sce_em_set              0, ID_EM_1, ENEMY_ZOMBIE_GUY1, 0, AI_DEFAULT, 0, SBK_42, 0, 117, -25702, 0, -19265, 139, 0, 0
0E5A:   440002120020002B0076A5A10000BDA4550700000000                                            sce_em_set              0, ID_EM_2, ENEMY_ZOMBIE_GUY1, 0, AI_20, 0, SBK_43, 0, 118, -24155, 0, -23363, 1877, 0, 0
0E70:   440003120600002B00D46AB20000789E43FD00000000                                            sce_em_set              0, ID_EM_3, ENEMY_ZOMBIE_GUY1, 6, AI_DEFAULT, 0, SBK_43, 0, 212, -19862, 0, -24968, -701, 0, 0
0E86:   00                                                                                      nop
0E87:   00                                                                                      nop

off_0E88:
0E88:   00                                                                                      nop
0E89:   00                                                                                      nop

off_0E8A:
0E8A:   0100                                                                                    evt_end                 0

.proc main_03
0E8C:   06001E00                                                                                if                      0, off_0EAE
0E90:   21010100                                                                                ck                      FG_STATUS, F_SCENARIO, 0
0E94:   06001400                                                                                if                      0, off_0EAC
0E98:   23001A000400                                                                            cmp                     0, V_CUT, CMP_EQ, 4
0E9E:   21040500                                                                                ck                      FG_COMMON, 5, 0
0EA2:   04FF1804                                                                                evt_exec                255, I_GOSUB, main_04
0EA6:   22040501                                                                                set                     FG_COMMON, 5, 1
0EAA:   08                                                                                      endif
0EAB:   00                                                                                      nop

off_0EAC:
0EAC:   08                                                                                      endif
0EAD:   00                                                                                      nop

off_0EAE:
0EAE:   0100                                                                                    evt_end                 0

.proc main_04
0EB0:   2E0300                                                                                  work_set                WK_ENEMY, ID_EM_0
0EB3:   00                                                                                      nop
0EB4:   34170100                                                                                member_set              M_SCE_FREE0, 1
0EB8:   24070000                                                                                save                    V_07, 0
0EBC:   0F067200                                                                                while                   6, off_0F32
0EC0:   230007052D00                                                                            cmp                     0, V_07, CMP_NE, 45
0EC6:   06002C00                                                                                if                      0, off_0EF6
0ECA:   230007011000                                                                            cmp                     0, V_07, CMP_GT, 16
0ED0:   230004010000                                                                            cmp                     0, V_04, CMP_GT, 0
0ED6:   251004                                                                                  copy                    V_TEMP, V_04
0ED9:   00                                                                                      nop
0EDA:   260001100404                                                                            calc                    0, OP_SUB, V_TEMP, 1028
0EE0:   250410                                                                                  copy                    V_04, V_TEMP
0EE3:   00                                                                                      nop
0EE4:   251005                                                                                  copy                    V_TEMP, V_05
0EE7:   00                                                                                      nop
0EE8:   260001100400                                                                            calc                    0, OP_SUB, V_TEMP, 4
0EEE:   250510                                                                                  copy                    V_05, V_TEMP
0EF1:   00                                                                                      nop
0EF2:   1805                                                                                    gosub                   main_05
0EF4:   08                                                                                      endif
0EF5:   00                                                                                      nop

off_0EF6:
0EF6:   06000A00                                                                                if                      0, off_0F04
0EFA:   230007000C00                                                                            cmp                     0, V_07, CMP_EQ, 12
0F00:   1809                                                                                    gosub                   main_09
0F02:   08                                                                                      endif
0F03:   00                                                                                      nop

off_0F04:
0F04:   06000A00                                                                                if                      0, off_0F12
0F08:   230007001000                                                                            cmp                     0, V_07, CMP_EQ, 16
0F0E:   180A                                                                                    gosub                   main_0A
0F10:   08                                                                                      endif
0F11:   00                                                                                      nop

off_0F12:
0F12:   06000A00                                                                                if                      0, off_0F20
0F16:   230007001C00                                                                            cmp                     0, V_07, CMP_EQ, 28
0F1C:   1806                                                                                    gosub                   main_06
0F1E:   08                                                                                      endif
0F1F:   00                                                                                      nop

off_0F20:
0F20:   251007                                                                                  copy                    V_TEMP, V_07
0F23:   00                                                                                      nop
0F24:   260000100100                                                                            calc                    0, OP_ADD, V_TEMP, 1
0F2A:   250710                                                                                  copy                    V_07, V_TEMP
0F2D:   00                                                                                      nop
0F2E:   02                                                                                      evt_next
0F2F:   00                                                                                      nop
0F30:   1000                                                                                    ewhile                  0

off_0F32:
0F32:   1808                                                                                    gosub                   main_08
0F34:   2E0300                                                                                  work_set                WK_ENEMY, ID_EM_0
0F37:   00                                                                                      nop
0F38:   34170100                                                                                member_set              M_SCE_FREE0, 1
0F3C:   0100                                                                                    evt_end                 0

.proc main_05
0F3E:   24060000                                                                                save                    V_06, 0
0F42:   0D002C001600                                                                            for                     0, off_0F74, 22
0F48:   1D040801                                                                                work_copy               4, 8, 1
0F4C:   1D060200                                                                                work_copy               6, 2, 0
0F50:   6E0000000000                                                                            parts_set               0, 0, 0, 0
0F56:   1D050801                                                                                work_copy               5, 8, 1
0F5A:   1D060200                                                                                work_copy               6, 2, 0
0F5E:   6E0000010000                                                                            parts_set               0, 0, 1, 0
0F64:   251006                                                                                  copy                    V_TEMP, V_06
0F67:   00                                                                                      nop
0F68:   260000100100                                                                            calc                    0, OP_ADD, V_TEMP, 1
0F6E:   250610                                                                                  copy                    V_06, V_TEMP
0F71:   00                                                                                      nop
0F72:   0E00                                                                                    next                    0

off_0F74:
0F74:   0100                                                                                    evt_end                 0

.proc main_06
0F76:   6E0016020000                                                                            parts_set               0, 22, 2, 0
0F7C:   6E0008020000                                                                            parts_set               0, 8, 2, 0
0F82:   6E0009020000                                                                            parts_set               0, 9, 2, 0
0F88:   6E0007020000                                                                            parts_set               0, 7, 2, 0
0F8E:   6E0002020000                                                                            parts_set               0, 2, 2, 0
0F94:   6E0001020000                                                                            parts_set               0, 1, 2, 0
0F9A:   6E0003020000                                                                            parts_set               0, 3, 2, 0
0FA0:   6E000A020000                                                                            parts_set               0, 10, 2, 0
0FA6:   6E0004020000                                                                            parts_set               0, 4, 2, 0
0FAC:   6E0005020000                                                                            parts_set               0, 5, 2, 0
0FB2:   6E0006020000                                                                            parts_set               0, 6, 2, 0
0FB8:   6E000B020000                                                                            parts_set               0, 11, 2, 0
0FBE:   6E000C020000                                                                            parts_set               0, 12, 2, 0
0FC4:   6E000D020000                                                                            parts_set               0, 13, 2, 0
0FCA:   0100                                                                                    evt_end                 0

.proc main_07
0FCC:   6E0016020100                                                                            parts_set               0, 22, 2, 1
0FD2:   6E0008020100                                                                            parts_set               0, 8, 2, 1
0FD8:   6E0009020100                                                                            parts_set               0, 9, 2, 1
0FDE:   6E0007020100                                                                            parts_set               0, 7, 2, 1
0FE4:   6E0002020100                                                                            parts_set               0, 2, 2, 1
0FEA:   6E0001020100                                                                            parts_set               0, 1, 2, 1
0FF0:   6E0003020100                                                                            parts_set               0, 3, 2, 1
0FF6:   6E000A020100                                                                            parts_set               0, 10, 2, 1
0FFC:   6E0004020100                                                                            parts_set               0, 4, 2, 1
1002:   6E0005020100                                                                            parts_set               0, 5, 2, 1
1008:   6E0006020100                                                                            parts_set               0, 6, 2, 1
100E:   6E000B020100                                                                            parts_set               0, 11, 2, 1
1014:   6E000C020100                                                                            parts_set               0, 12, 2, 1
101A:   6E000D020100                                                                            parts_set               0, 13, 2, 1
1020:   0100                                                                                    evt_end                 0

.proc main_08
1022:   6E0012020000                                                                            parts_set               0, 18, 2, 0
1028:   6E0013020000                                                                            parts_set               0, 19, 2, 0
102E:   6E0014020000                                                                            parts_set               0, 20, 2, 0
1034:   6E0015020000                                                                            parts_set               0, 21, 2, 0
103A:   6E000E020000                                                                            parts_set               0, 14, 2, 0
1040:   6E000F020000                                                                            parts_set               0, 15, 2, 0
1046:   6E0010020000                                                                            parts_set               0, 16, 2, 0
104C:   6E0011020000                                                                            parts_set               0, 17, 2, 0
1052:   0100                                                                                    evt_end                 0

.proc main_09
1054:   6E0012020100                                                                            parts_set               0, 18, 2, 1
105A:   6E0013020100                                                                            parts_set               0, 19, 2, 1
1060:   6E000E020100                                                                            parts_set               0, 14, 2, 1
1066:   6E000F020100                                                                            parts_set               0, 15, 2, 1
106C:   0100                                                                                    evt_end                 0

.proc main_0A
106E:   6E0014020100                                                                            parts_set               0, 20, 2, 1
1074:   6E0015020100                                                                            parts_set               0, 21, 2, 1
107A:   6E0010020100                                                                            parts_set               0, 16, 2, 1
1080:   6E0011020100                                                                            parts_set               0, 17, 2, 1
1086:   0100                                                                                    evt_end                 0

.proc main_0B
1088:   3B00013100007BC518A4E0063011B29F000086BDC8DF010002000D0200000000                        door_aot_se             ID_AOT_0, SCE_DOOR, SAT_PL | SAT_MANUAL | SAT_FRONT, 0, 0, -14981, -23528, 1760, 4400, -24654, 0, -17018, -8248, 1, 0, 2, 0, 13, 2, 0, 0, UNLOCKED, 0
10A8:   3B0101310000EB9256975E062A08FC10000078BE200801040000090100000000                        door_aot_se             ID_AOT_1, SCE_DOOR, SAT_PL | SAT_MANUAL | SAT_FRONT, 0, 0, -27925, -26794, 1630, 2090, 4348, 0, -16776, 2080, 1, 4, 0, 0, 9, 1, 0, 0, UNLOCKED, 0
10C8:   2D0000000000000000000A00100079C75AFAEF9C000000080000000000000000000000000000            obj_model_set           ID_OBJ_0, 0, 0, 0, 0, 0, 0, 10, 16, -14471, -1446, -25361, 0, 2048, 0, 0, 0, 0, 0, 0, 0, 0, 0
10EE:   440000260000000000FF5BC20000CF99900100000000                                            sce_em_set              0, ID_EM_0, ENEMY_BABY_SPIDER, 0, AI_DEFAULT, 0, SBK_0, 0, 255, -15781, 0, -26161, 400, 0, 0
1104:   44000125000000100073299D0000109FB50B00000000                                            sce_em_set              0, ID_EM_1, ENEMY_SPIDER, 0, AI_DEFAULT, 0, SBK_16, 0, 115, -25303, 0, -24816, 2997, 0, 0
111A:   44000225000000100074E4A2000045B35B0F00000000                                            sce_em_set              0, ID_EM_2, ENEMY_SPIDER, 0, AI_DEFAULT, 0, SBK_16, 0, 116, -23836, 0, -19643, 3931, 0, 0
1130:   0100                                                                                    evt_end                 0
1132:   2000                                                                                    db                      0x20, 0x00
