.version 2

.init
.proc init
1B9A:   3B000131000045E8E2D2080798084DA6F8F821F4C800010004010D01008FFE00                        door_aot_se             0, SCE_DOOR, SAT_PL | SAT_MANUAL | SAT_FRONT, 0, 0, -6075, -11550, 1800, 2200, -22963, -1800, -3039, 200, 1, 0, 4, 1, 13, 1, 0, 143, UNLOCK, 0
1BBA:   3B0101310000D49FDADA0807080768A70000B898000C0109000008010083FF00                        door_aot_se             1, SCE_DOOR, SAT_PL | SAT_MANUAL | SAT_FRONT, 0, 0, -24620, -9510, 1800, 1800, -22680, 0, -26440, 3072, 1, 9, 0, 0, 8, 1, 0, 131, LOCKED, 0
1BDA:   3B140131000045E8E2D2080798084DA6F8F821F4C800010004010D0100000000                        door_aot_se             20, SCE_DOOR, SAT_PL | SAT_MANUAL | SAT_FRONT, 0, 0, -6075, -11550, 1800, 2200, -22963, -1800, -3039, 200, 1, 0, 4, 1, 13, 1, 0, 0, UNLOCKED, 0
1BFA:   0100                                                                                    evt_end                 0

.main
.proc main
1C16:   06004200                                                                                if                      0, off_1C5C
1C1A:   21010101                                                                                ck                      FG_GAME, F_SCENARIO, 1
1C1E:   2D0600000000000000000A0010007ADB88FA96B500F500000000000000000000000000000000            obj_model_set           6, 0, 0, 0, 0, 0, 0, 10, 16, -9350, -1400, -19050, -2816, 0, 0, 0, 0, 0, 0, 0, 0, 0, 0
1C44:   4E0402310000ECD7BEB0080708071F000100F90006A0                                            item_aot_set            4, SCE_ITEM, SAT_PL | SAT_MANUAL | SAT_FRONT, 0, 0, -10260, -20290, 1800, 1800, ITEM_SMALLKEY, 1, 249, 6, 160
1C5A:   08                                                                                      endif
1C5B:   00                                                                                      nop

off_1C5C:
1C5C:   4E0702310000D49F08A308076C075B000100710002A0                                            item_aot_set            7, SCE_ITEM, SAT_PL | SAT_MANUAL | SAT_FRONT, 0, 0, -24620, -23800, 1800, 1900, ITEM_HEARTKEY, 1, 113, 2, 160
1C72:   2C080431000054AC1CDAF00AB00405000000FFFF                                                aot_set                 8, SCE_MESSAGE, SAT_PL | SAT_MANUAL | SAT_FRONT, 0, 0, -21420, -9700, 2800, 1200, 5, 0, 0, 0, 255, 255
1C86:   2C090431000070DBBEB0100E080706000000FFFF                                                aot_set                 9, SCE_MESSAGE, SAT_PL | SAT_MANUAL | SAT_FRONT, 0, 0, -9360, -20290, 3600, 1800, 6, 0, 0, 0, 255, 255
1C9A:   2C0A043100008E9582B00807080707000000FFFF                                                aot_set                 10, SCE_MESSAGE, SAT_PL | SAT_MANUAL | SAT_FRONT, 0, 0, -27250, -20350, 1800, 1800, 7, 0, 0, 0, 255, 255
1CAE:   2C0B0431000078A1B09B0807340808000000FFFF                                                aot_set                 11, SCE_MESSAGE, SAT_PL | SAT_MANUAL | SAT_FRONT, 0, 0, -24200, -25680, 1800, 2100, 8, 0, 0, 0, 255, 255
1CC2:   06001C00                                                                                if                      0, off_1CE2
1CC6:   21001900                                                                                ck                      FG_0, F_DIFFICULT, 0
1CCA:   2C0C0431000048EA52B80807BC0C09000000FFFF                                                aot_set                 12, SCE_MESSAGE, SAT_PL | SAT_MANUAL | SAT_FRONT, 0, 0, -5560, -18350, 1800, 3260, 9, 0, 0, 0, 255, 255
1CDE:   07001C00                                                                                else                    0, off_1CFA

off_1CE2:
1CE2:   4E0C0231000048EA52B80807BC0C14000F007300FF00                                            item_aot_set            12, SCE_ITEM, SAT_PL | SAT_MANUAL | SAT_FRONT, 0, 0, -5560, -18350, 1800, 3260, ITEM_HANDGUNAMMO, 15, 115, 255, 0
1CF8:   00                                                                                      nop
1CF9:   00                                                                                      nop

off_1CFA:
1CFA:   06004000                                                                                if                      0, off_1D3E
1CFE:   21001900                                                                                ck                      FG_0, F_DIFFICULT, 0
1D02:   06001E00                                                                                if                      0, off_1D24
1D06:   21010100                                                                                ck                      FG_GAME, F_SCENARIO, 0
1D0A:   4E0F0231000064AB98BD8C0A080714000F0074000400                                            item_aot_set            15, SCE_ITEM, SAT_PL | SAT_MANUAL | SAT_FRONT, 0, 0, -21660, -17000, 2700, 1800, ITEM_HANDGUNAMMO, 15, 116, 4, 0
1D20:   07001C00                                                                                else                    0, off_1D3C

off_1D24:
1D24:   4E0F0231000064AB98BD8C0A080714000F0074000400                                            item_aot_set            15, SCE_ITEM, SAT_PL | SAT_MANUAL | SAT_FRONT, 0, 0, -21660, -17000, 2700, 1800, ITEM_HANDGUNAMMO, 15, 116, 4, 0
1D3A:   00                                                                                      nop
1D3B:   00                                                                                      nop

off_1D3C:
1D3C:   08                                                                                      endif
1D3D:   00                                                                                      nop

off_1D3E:
1D3E:   4E10023100002CCF3CC4080708076A0001006F000000                                            item_aot_set            16, SCE_ITEM, SAT_PL | SAT_MANUAL | SAT_FRONT, 0, 0, -12500, -15300, 1800, 1800, ITEM_6A, 1, 111, 0, 0
1D54:   4E1202310000C496BCD0E803E8032600010072000301                                            item_aot_set            18, SCE_ITEM, SAT_PL | SAT_MANUAL | SAT_FRONT, 0, 0, -26940, -12100, 1000, 1000, ITEM_HERBG, 1, 114, 3, 1
1D6A:   2D0000000000000000000A0010001AD288FA3EC7000000000000000000000000000000000000            obj_model_set           0, 0, 0, 0, 0, 0, 0, 10, 16, -11750, -1400, -14530, 0, 0, 0, 0, 0, 0, 0, 0, 0, 0, 0
1D90:   2D0200000000000000000A001000EAA224FA6EA6000000000000000000000000000000000000            obj_model_set           2, 0, 0, 0, 0, 0, 0, 10, 16, -23830, -1500, -22930, 0, 0, 0, 0, 0, 0, 0, 0, 0, 0, 0
1DB6:   2D0300000000000000000A0010007C980000B0D2000000000000000000000000000000000000            obj_model_set           3, 0, 0, 0, 0, 0, 0, 10, 16, -26500, 0, -11600, 0, 0, 0, 0, 0, 0, 0, 0, 0, 0, 0
1DDC:   06002C00                                                                                if                      0, off_1E0C
1DE0:   21001900                                                                                ck                      FG_0, F_DIFFICULT, 0
1DE4:   2D0400000000000000000A0010005EB188FA1CC1000000000000000000000000000000000000            obj_model_set           4, 0, 0, 0, 0, 0, 0, 10, 16, -20130, -1400, -16100, 0, 0, 0, 0, 0, 0, 0, 0, 0, 0, 0
1E0A:   08                                                                                      endif
1E0B:   00                                                                                      nop

off_1E0C:
1E0C:   06006A00                                                                                if                      0, off_1E7A
1E10:   21010100                                                                                ck                      FG_GAME, F_SCENARIO, 0
1E14:   06001E00                                                                                if                      0, off_1E36
1E18:   21040700                                                                                ck                      FG_GENERAL_1, 7, 0
1E1C:   4400004A00080000001C2CE800001CC1000805011400                                            sce_em_set              0, 0, ENEMY_MARVIN_BRANAGH, 0, 8, 0, 0, 0, 28, -6100, 0, -16100, 2048, 261, 20
1E32:   07004400                                                                                else                    0, off_1E76

off_1E36:
1E36:   4400004A00000004001CA0AB0000B49C180D05011400                                            sce_em_set              0, 0, ENEMY_MARVIN_BRANAGH, 0, 0, 0, 4, 0, 28, -21600, 0, -25420, 3352, 261, 20
1E4C:   4400011E0540000600FF14B00000C8B5C80200000000                                            sce_em_set              0, 1, ENEMY_ZOMBIE_GUY3, 5, 64, 0, 6, 0, 255, -20460, 0, -19000, 712, 0, 0
1E62:   2E0301                                                                                  work_set                WK_ENEMY, 1
1E65:   00                                                                                      nop
1E66:   3D1000                                                                                  member_copy             V_TEMP, 0
1E69:   00                                                                                      nop
1E6A:   260005100200                                                                            calc                    0, OP_OR, V_TEMP, 2
1E70:   350010                                                                                  member_set2             0, V_TEMP
1E73:   00                                                                                      nop
1E74:   00                                                                                      nop
1E75:   00                                                                                      nop

off_1E76:
1E76:   07000201                                                                                else                    0, off_1F78

off_1E7A:
1E7A:   06008800                                                                                if                      0, off_1F06
1E7E:   211D0400                                                                                ck                      FG_LOCK, 4, 0
1E82:   4400004A00000004001CA0AB0000B49C180D05011400                                            sce_em_set              0, 0, ENEMY_MARVIN_BRANAGH, 0, 0, 0, 4, 0, 28, -21600, 0, -25420, 3352, 261, 20
1E98:   4400011E0540000683FF14B00000C8B5C80200000000                                            sce_em_set              0, 1, ENEMY_ZOMBIE_GUY3, 5, 64, 0, 6, 131, 255, -20460, 0, -19000, 712, 0, 0
1EAE:   2E0301                                                                                  work_set                WK_ENEMY, 1
1EB1:   00                                                                                      nop
1EB2:   3D1000                                                                                  member_copy             V_TEMP, 0
1EB5:   00                                                                                      nop
1EB6:   260005100200                                                                            calc                    0, OP_OR, V_TEMP, 2
1EBC:   350010                                                                                  member_set2             0, V_TEMP
1EBF:   00                                                                                      nop
1EC0:   4400021E00000004831EC49A000068C6340C00000000                                            sce_em_set              0, 2, ENEMY_ZOMBIE_GUY3, 0, 0, 0, 4, 131, 30, -25916, 0, -14744, 3124, 0, 0
1ED6:   4400031E00000006831F9AC90000CEBAB80700000000                                            sce_em_set              0, 3, ENEMY_ZOMBIE_GUY3, 0, 0, 0, 6, 131, 31, -13926, 0, -17714, 1976, 0, 0
1EEC:   4400041E00000004837D0FB50000CED5D80800000000                                            sce_em_set              0, 4, ENEMY_ZOMBIE_GUY3, 0, 0, 0, 4, 131, 125, -19185, 0, -10802, 2264, 0, 0
1F02:   07007400                                                                                else                    0, off_1F76

off_1F06:
1F06:   4400011F00000004831D0DAD00007B9D180D00000000                                            sce_em_set              0, 1, ENEMY_ZOMBIE_RANDOM, 0, 0, 0, 4, 131, 29, -21235, 0, -25221, 3352, 0, 0
1F1C:   4400021F00000006831E14B00000C8B5C80200000000                                            sce_em_set              0, 2, ENEMY_ZOMBIE_RANDOM, 0, 0, 0, 6, 131, 30, -20460, 0, -19000, 712, 0, 0
1F32:   4400031F00000004831FC49A000068C6340C00000000                                            sce_em_set              0, 3, ENEMY_ZOMBIE_RANDOM, 0, 0, 0, 4, 131, 31, -25916, 0, -14744, 3124, 0, 0
1F48:   4400041F06000004837D9AC90000CEBAB80700000000                                            sce_em_set              0, 4, ENEMY_ZOMBIE_RANDOM, 6, 0, 0, 4, 131, 125, -13926, 0, -17714, 1976, 0, 0
1F5E:   4400051F06000006837E0FB50000CED5D80800000000                                            sce_em_set              0, 5, ENEMY_ZOMBIE_RANDOM, 6, 0, 0, 6, 131, 126, -19185, 0, -10802, 2264, 0, 0
1F74:   00                                                                                      nop
1F75:   00                                                                                      nop

off_1F76:
1F76:   00                                                                                      nop
1F77:   00                                                                                      nop

off_1F78:
1F78:   06005E00                                                                                if                      0, off_1FDA
1F7C:   21010100                                                                                ck                      FG_GAME, F_SCENARIO, 0
1F80:   06000E00                                                                                if                      0, off_1F92
1F84:   21040700                                                                                ck                      FG_GENERAL_1, 7, 0
1F88:   1809                                                                                    gosub                   main_09
1F8A:   04FF1802                                                                                evt_exec                255, I_GOSUB, main_02
1F8E:   07004800                                                                                else                    0, off_1FD6

off_1F92:
1F92:   06001C00                                                                                if                      0, off_1FB2
1F96:   21040900                                                                                ck                      FG_GENERAL_1, 9, 0
1F9A:   2C0605410000DEA9BEA1C80AEE07FF0018030000                                                aot_set                 6, SCE_EVENT, SAT_PL | SAT_UNDER, 0, 0, -22050, -24130, 2760, 2030, 255, 0, I_GOSUB, main_03, 0, 0
1FAE:   07002600                                                                                else                    0, off_1FD4

off_1FB2:
1FB2:   06001C00                                                                                if                      0, off_1FD2
1FB6:   21061C00                                                                                ck                      FG_ENEMY, 28, 0
1FBA:   2E0300                                                                                  work_set                WK_ENEMY, 0
1FBD:   00                                                                                      nop
1FBE:   3D1007                                                                                  member_copy             V_TEMP, 7
1FC1:   00                                                                                      nop
1FC2:   260005100002                                                                            calc                    0, OP_OR, V_TEMP, 512
1FC8:   350710                                                                                  member_set2             7, V_TEMP
1FCB:   00                                                                                      nop
1FCC:   04FF180B                                                                                evt_exec                255, I_GOSUB, main_0B
1FD0:   08                                                                                      endif
1FD1:   00                                                                                      nop

off_1FD2:
1FD2:   00                                                                                      nop
1FD3:   00                                                                                      nop

off_1FD4:
1FD4:   00                                                                                      nop
1FD5:   00                                                                                      nop

off_1FD6:
1FD6:   07002A00                                                                                else                    0, off_2000

off_1FDA:
1FDA:   06002000                                                                                if                      0, off_1FFE
1FDE:   211D0400                                                                                ck                      FG_LOCK, 4, 0
1FE2:   21061C00                                                                                ck                      FG_ENEMY, 28, 0
1FE6:   2E0300                                                                                  work_set                WK_ENEMY, 0
1FE9:   00                                                                                      nop
1FEA:   3D1007                                                                                  member_copy             V_TEMP, 7
1FED:   00                                                                                      nop
1FEE:   260005100002                                                                            calc                    0, OP_OR, V_TEMP, 512
1FF4:   350710                                                                                  member_set2             7, V_TEMP
1FF7:   00                                                                                      nop
1FF8:   04FF180B                                                                                evt_exec                255, I_GOSUB, main_0B
1FFC:   08                                                                                      endif
1FFD:   00                                                                                      nop

off_1FFE:
1FFE:   00                                                                                      nop
1FFF:   00                                                                                      nop

off_2000:
2000:   0100                                                                                    evt_end                 0

.proc aot
2002:   06002800                                                                                if                      0, off_202E
2006:   21061C01                                                                                ck                      FG_ENEMY, 28, 1
200A:   06001000                                                                                if                      0, off_201E
200E:   21050C00                                                                                ck                      FG_GENERAL_2, 12, 0
2012:   510105000000                                                                            sce_bgm_control         1, 5, 0, 0, 0
2018:   22050C01                                                                                set                     FG_GENERAL_2, 12, 1
201C:   08                                                                                      endif
201D:   00                                                                                      nop

off_201E:
201E:   06000A00                                                                                if                      0, off_202C
2022:   21010100                                                                                ck                      FG_GAME, F_SCENARIO, 0
2026:   221D0401                                                                                set                     FG_LOCK, 4, 1
202A:   08                                                                                      endif
202B:   00                                                                                      nop

off_202C:
202C:   08                                                                                      endif
202D:   00                                                                                      nop

off_202E:
202E:   0100                                                                                    evt_end                 0

.proc main_02
2030:   22020701                                                                                set                     FG_STATE, 7, 1
2034:   22011B01                                                                                set                     FG_GAME, 27, 1
2038:   090A0100                                                                                sleep                   10, 1
203C:   59000300                                                                                xa_on                   0, 3
2040:   090A0A00                                                                                sleep                   10, 10
2044:   2E0100                                                                                  work_set                WK_PLAYER, 0
2047:   00                                                                                      nop
2048:   41012CE830F81CC13C1E                                                                    plc_neck                1, -6100, -2000, -16100, 60, 30
2052:   4000152100048000                                                                        plc_dest                0, 21, 33, 1024, 128
205A:   1806                                                                                    gosub                   main_06
205C:   3D1007                                                                                  member_copy             V_TEMP, 7
205F:   00                                                                                      nop
2060:   26000610FF00                                                                            calc                    0, OP_AND, V_TEMP, 255
2066:   351A10                                                                                  member_set2             26, V_TEMP
2069:   00                                                                                      nop
206A:   06000A00                                                                                if                      0, off_2078
206E:   3E001A050000                                                                            member_cmp              0, 26, 5, 0, 0
2074:   07000A00                                                                                else                    0, off_207E

off_2078:
2078:   3F020204                                                                                plc_motion              2, 2, 4
207C:   00                                                                                      nop
207D:   00                                                                                      nop

off_207E:
207E:   090A0F00                                                                                sleep                   10, 15
2082:   0B                                                                                      wsleep
2083:   0C                                                                                      wsleeping
2084:   2906                                                                                    cut_chg                 6
2086:   090A1E00                                                                                sleep                   10, 30
208A:   2900                                                                                    cut_chg                 0
208C:   090A0100                                                                                sleep                   10, 1
2090:   59000100                                                                                xa_on                   0, 1
2094:   090A0F00                                                                                sleep                   10, 15
2098:   2E0100                                                                                  work_set                WK_PLAYER, 0
209B:   00                                                                                      nop
209C:   3D1007                                                                                  member_copy             V_TEMP, 7
209F:   00                                                                                      nop
20A0:   26000610FF00                                                                            calc                    0, OP_AND, V_TEMP, 255
20A6:   351A10                                                                                  member_set2             26, V_TEMP
20A9:   00                                                                                      nop
20AA:   06000800                                                                                if                      0, off_20B6
20AE:   3E001A050000                                                                            member_cmp              0, 26, 5, 0, 0
20B4:   08                                                                                      endif
20B5:   00                                                                                      nop

off_20B6:
20B6:   090A0A00                                                                                sleep                   10, 10
20BA:   3D1007                                                                                  member_copy             V_TEMP, 7
20BD:   00                                                                                      nop
20BE:   26000610FFEF                                                                            calc                    0, OP_AND, V_TEMP, -4097
20C4:   350710                                                                                  member_set2             7, V_TEMP
20C7:   00                                                                                      nop
20C8:   400005217ADB50C9                                                                        plc_dest                0, 5, 33, -9350, -14000
20D0:   43010400                                                                                plc_flg                 1, 4
20D4:   1806                                                                                    gosub                   main_06
20D6:   4000052196E23ABC                                                                        plc_dest                0, 5, 33, -7530, -17350
20DE:   1806                                                                                    gosub                   main_06
20E0:   3D1007                                                                                  member_copy             V_TEMP, 7
20E3:   00                                                                                      nop
20E4:   260005100010                                                                            calc                    0, OP_OR, V_TEMP, 4096
20EA:   350710                                                                                  member_set2             7, V_TEMP
20ED:   00                                                                                      nop
20EE:   40001521F7FE8000                                                                        plc_dest                0, 21, 33, -265, 128
20F6:   1806                                                                                    gosub                   main_06
20F8:   0B                                                                                      wsleep
20F9:   0C                                                                                      wsleeping
20FA:   2909                                                                                    cut_chg                 9
20FC:   090A0100                                                                                sleep                   10, 1
2100:   3F010600                                                                                plc_motion              1, 6, 0
2104:   2E0300                                                                                  work_set                WK_ENEMY, 0
2107:   00                                                                                      nop
2108:   410196E244FD3ABC3C1E                                                                    plc_neck                1, -7530, -700, -17350, 60, 30
2112:   090A1400                                                                                sleep                   10, 20
2116:   0B                                                                                      wsleep
2117:   0C                                                                                      wsleeping
2118:   510005000000                                                                            sce_bgm_control         0, 5, 0, 0, 0
211E:   2B000E000000                                                                            message_on              0, 14, 0, 0, 0
2124:   59000200                                                                                xa_on                   0, 2
2128:   0B                                                                                      wsleep
2129:   0C                                                                                      wsleeping
212A:   2B000F000000                                                                            message_on              0, 15, 0, 0, 0
2130:   59000400                                                                                xa_on                   0, 4
2134:   090A7800                                                                                sleep                   10, 120
2138:   2E0300                                                                                  work_set                WK_ENEMY, 0
213B:   3F000700                                                                                plc_motion              0, 7, 0
213F:   00                                                                                      nop
2140:   090A3C00                                                                                sleep                   10, 60
2144:   3F000780                                                                                plc_motion              0, 7, 128
2148:   090A2800                                                                                sleep                   10, 40
214C:   3F000514                                                                                plc_motion              0, 5, 20
2150:   0B                                                                                      wsleep
2151:   0C                                                                                      wsleeping
2152:   4000140000000000                                                                        plc_dest                0, 20, 0, 0, 0
215A:   2B0010000000                                                                            message_on              0, 16, 0, 0, 0
2160:   59000600                                                                                xa_on                   0, 6
2164:   2E0100                                                                                  work_set                WK_PLAYER, 0
2167:   3F000500                                                                                plc_motion              0, 5, 0
216B:   00                                                                                      nop
216C:   090A1E00                                                                                sleep                   10, 30
2170:   3F000580                                                                                plc_motion              0, 5, 128
2174:   090A1E00                                                                                sleep                   10, 30
2178:   3F000814                                                                                plc_motion              0, 8, 20
217C:   0B                                                                                      wsleep
217D:   0C                                                                                      wsleeping
217E:   4000140000000000                                                                        plc_dest                0, 20, 0, 0, 0
2186:   290B                                                                                    cut_chg                 11
2188:   090A0100                                                                                sleep                   10, 1
218C:   2B0011000000                                                                            message_on              0, 17, 0, 0, 0
2192:   59000700                                                                                xa_on                   0, 7
2196:   2E0300                                                                                  work_set                WK_ENEMY, 0
2199:   3F000514                                                                                plc_motion              0, 5, 20
219D:   00                                                                                      nop
219E:   090A5A00                                                                                sleep                   10, 90
21A2:   3F000700                                                                                plc_motion              0, 7, 0
21A6:   090A3C00                                                                                sleep                   10, 60
21AA:   3F000780                                                                                plc_motion              0, 7, 128
21AE:   090A3C00                                                                                sleep                   10, 60
21B2:   3F000514                                                                                plc_motion              0, 5, 20
21B6:   0B                                                                                      wsleep
21B7:   0C                                                                                      wsleeping
21B8:   2B0012000000                                                                            message_on              0, 18, 0, 0, 0
21BE:   59000800                                                                                xa_on                   0, 8
21C2:   090A1E00                                                                                sleep                   10, 30
21C6:   2E0300                                                                                  work_set                WK_ENEMY, 0
21C9:   3F000A00                                                                                plc_motion              0, 10, 0
21CD:   00                                                                                      nop
21CE:   090A3C00                                                                                sleep                   10, 60
21D2:   3F000A80                                                                                plc_motion              0, 10, 128
21D6:   090A3C00                                                                                sleep                   10, 60
21DA:   3F000514                                                                                plc_motion              0, 5, 20
21DE:   0B                                                                                      wsleep
21DF:   0C                                                                                      wsleeping
21E0:   2909                                                                                    cut_chg                 9
21E2:   090A0100                                                                                sleep                   10, 1
21E6:   2B0013000000                                                                            message_on              0, 19, 0, 0, 0
21EC:   59000900                                                                                xa_on                   0, 9
21F0:   090A1E00                                                                                sleep                   10, 30
21F4:   2E0300                                                                                  work_set                WK_ENEMY, 0
21F7:   3F000700                                                                                plc_motion              0, 7, 0
21FB:   00                                                                                      nop
21FC:   090A3C00                                                                                sleep                   10, 60
2200:   3F000780                                                                                plc_motion              0, 7, 128
2204:   090A3C00                                                                                sleep                   10, 60
2208:   3F000514                                                                                plc_motion              0, 5, 20
220C:   0B                                                                                      wsleep
220D:   0C                                                                                      wsleeping
220E:   090A1E00                                                                                sleep                   10, 30
2212:   2B0014000000                                                                            message_on              0, 20, 0, 0, 0
2218:   59000A00                                                                                xa_on                   0, 10
221C:   090A1E00                                                                                sleep                   10, 30
2220:   2E0300                                                                                  work_set                WK_ENEMY, 0
2223:   3F000600                                                                                plc_motion              0, 6, 0
2227:   00                                                                                      nop
2228:   090A3C00                                                                                sleep                   10, 60
222C:   3F000680                                                                                plc_motion              0, 6, 128
2230:   090A3C00                                                                                sleep                   10, 60
2234:   3F000514                                                                                plc_motion              0, 5, 20
2238:   090A3C00                                                                                sleep                   10, 60
223C:   4000140000000000                                                                        plc_dest                0, 20, 0, 0, 0
2244:   410196E200003ABC3C1E                                                                    plc_neck                1, -7530, 0, -17350, 60, 30
224E:   0B                                                                                      wsleep
224F:   0C                                                                                      wsleeping
2250:   2B0015000000                                                                            message_on              0, 21, 0, 0, 0
2256:   59000B00                                                                                xa_on                   0, 11
225A:   2E0100                                                                                  work_set                WK_PLAYER, 0
225D:   3F000600                                                                                plc_motion              0, 6, 0
2261:   00                                                                                      nop
2262:   090A0F00                                                                                sleep                   10, 15
2266:   3F000680                                                                                plc_motion              0, 6, 128
226A:   090A0F00                                                                                sleep                   10, 15
226E:   3F000814                                                                                plc_motion              0, 8, 20
2272:   0B                                                                                      wsleep
2273:   0C                                                                                      wsleeping
2274:   4000140000000000                                                                        plc_dest                0, 20, 0, 0, 0
227C:   290B                                                                                    cut_chg                 11
227E:   090A0100                                                                                sleep                   10, 1
2282:   2B0019000000                                                                            message_on              0, 25, 0, 0, 0
2288:   59000C00                                                                                xa_on                   0, 12
228C:   2E0300                                                                                  work_set                WK_ENEMY, 0
228F:   00                                                                                      nop
2290:   410196E244FD3ABC3C1E                                                                    plc_neck                1, -7530, -700, -17350, 60, 30
229A:   3F000600                                                                                plc_motion              0, 6, 0
229E:   090A5000                                                                                sleep                   10, 80
22A2:   3F000680                                                                                plc_motion              0, 6, 128
22A6:   090A5000                                                                                sleep                   10, 80
22AA:   0B                                                                                      wsleep
22AB:   0C                                                                                      wsleeping
22AC:   090A1E00                                                                                sleep                   10, 30
22B0:   59000D00                                                                                xa_on                   0, 13
22B4:   2B001A000000                                                                            message_on              0, 26, 0, 0, 0
22BA:   2E0300                                                                                  work_set                WK_ENEMY, 0
22BD:   3F000700                                                                                plc_motion              0, 7, 0
22C1:   00                                                                                      nop
22C2:   090A1E00                                                                                sleep                   10, 30
22C6:   090A3C00                                                                                sleep                   10, 60
22CA:   2E0100                                                                                  work_set                WK_PLAYER, 0
22CD:   3F000600                                                                                plc_motion              0, 6, 0
22D1:   00                                                                                      nop
22D2:   090A1400                                                                                sleep                   10, 20
22D6:   090A1E00                                                                                sleep                   10, 30
22DA:   2E0100                                                                                  work_set                WK_PLAYER, 0
22DD:   3F000680                                                                                plc_motion              0, 6, 128
22E1:   00                                                                                      nop
22E2:   090A1400                                                                                sleep                   10, 20
22E6:   2E0300                                                                                  work_set                WK_ENEMY, 0
22E9:   3F000780                                                                                plc_motion              0, 7, 128
22ED:   00                                                                                      nop
22EE:   0B                                                                                      wsleep
22EF:   0C                                                                                      wsleeping
22F0:   763501                                                                                  sce_item_get            53, 1
22F3:   22080501                                                                                set                     FG_ITEM, 5, 1
22F7:   00                                                                                      nop
22F8:   090A0100                                                                                sleep                   10, 1
22FC:   2B001B000000                                                                            message_on              0, 27, 0, 0, 0
2302:   59000E00                                                                                xa_on                   0, 14
2306:   2E0100                                                                                  work_set                WK_PLAYER, 0
2309:   3F000500                                                                                plc_motion              0, 5, 0
230D:   00                                                                                      nop
230E:   090A1400                                                                                sleep                   10, 20
2312:   3F000580                                                                                plc_motion              0, 5, 128
2316:   0B                                                                                      wsleep
2317:   0C                                                                                      wsleeping
2318:   2909                                                                                    cut_chg                 9
231A:   090A0100                                                                                sleep                   10, 1
231E:   2E0300                                                                                  work_set                WK_ENEMY, 0
2321:   3F000C00                                                                                plc_motion              0, 12, 0
2325:   5B0B                                                                                    plc_cnt                 11
2327:   2906                                                                                    cut_chg                 6
2329:   00                                                                                      nop
232A:   090A0100                                                                                sleep                   10, 1
232E:   2B001C000000                                                                            message_on              0, 28, 0, 0, 0
2334:   59000F00                                                                                xa_on                   0, 15
2338:   090A1E00                                                                                sleep                   10, 30
233C:   36020A000300000000000000                                                                se_on                   2, 10, 3, 0, 0, 0
2348:   0B                                                                                      wsleep
2349:   0C                                                                                      wsleeping
234A:   090A3C00                                                                                sleep                   10, 60
234E:   2B001D000000                                                                            message_on              0, 29, 0, 0, 0
2354:   59001000                                                                                xa_on                   0, 16
2358:   2E0100                                                                                  work_set                WK_PLAYER, 0
235B:   3F010680                                                                                plc_motion              1, 6, 128
235F:   00                                                                                      nop
2360:   090A1400                                                                                sleep                   10, 20
2364:   3F020200                                                                                plc_motion              2, 2, 0
2368:   0B                                                                                      wsleep
2369:   0C                                                                                      wsleeping
236A:   2E0100                                                                                  work_set                WK_PLAYER, 0
236D:   00                                                                                      nop
236E:   2B001E000000                                                                            message_on              0, 30, 0, 0, 0
2374:   59001100                                                                                xa_on                   0, 17
2378:   2E0100                                                                                  work_set                WK_PLAYER, 0
237B:   3F000900                                                                                plc_motion              0, 9, 0
237F:   2E0300                                                                                  work_set                WK_ENEMY, 0
2382:   3F000C80                                                                                plc_motion              0, 12, 128
2386:   090A1700                                                                                sleep                   10, 23
238A:   4000140000000000                                                                        plc_dest                0, 20, 0, 0, 0
2392:   090A1400                                                                                sleep                   10, 20
2396:   2E0100                                                                                  work_set                WK_PLAYER, 0
2399:   3F000980                                                                                plc_motion              0, 9, 128
239D:   00                                                                                      nop
239E:   0B                                                                                      wsleep
239F:   0C                                                                                      wsleeping
23A0:   2E0300                                                                                  work_set                WK_ENEMY, 0
23A3:   3F000514                                                                                plc_motion              0, 5, 20
23A7:   2E0100                                                                                  work_set                WK_PLAYER, 0
23AA:   41000000000000000000                                                                    plc_neck                0, 0, 0, 0, 0, 0
23B4:   3D1007                                                                                  member_copy             V_TEMP, 7
23B7:   00                                                                                      nop
23B8:   26000610FFEF                                                                            calc                    0, OP_AND, V_TEMP, -4097
23BE:   350710                                                                                  member_set2             7, V_TEMP
23C1:   00                                                                                      nop
23C2:   40000521F8DF14D3                                                                        plc_dest                0, 5, 33, -8200, -11500
23CA:   1806                                                                                    gosub                   main_06
23CC:   3D1007                                                                                  member_copy             V_TEMP, 7
23CF:   00                                                                                      nop
23D0:   260005100010                                                                            calc                    0, OP_OR, V_TEMP, 4096
23D6:   350710                                                                                  member_set2             7, V_TEMP
23D9:   00                                                                                      nop
23DA:   1808                                                                                    gosub                   main_08
23DC:   57000202060300C0                                                                        sce_bgmtbl_set          0, 2, 2, 774, 49152
23E4:   22040701                                                                                set                     FG_GENERAL_1, 7, 1
23E8:   4714                                                                                    aot_on                  20
23EA:   0100                                                                                    evt_end                 0

.proc main_03
23EC:   46060041000000000000                                                                    aot_reset               6, SCE_AUTO, SAT_PL | SAT_UNDER, 0, 0, 0, 0, 0, 0
23F6:   22020701                                                                                set                     FG_STATE, 7, 1
23FA:   22011B01                                                                                set                     FG_GAME, 27, 1
23FE:   510005000000                                                                            sce_bgm_control         0, 5, 0, 0, 0
2404:   2907                                                                                    cut_chg                 7
2406:   2E0100                                                                                  work_set                WK_PLAYER, 0
2409:   00                                                                                      nop
240A:   4000092114B2199F                                                                        plc_dest                0, 9, 33, -19948, -24807
2412:   58008000                                                                                plc_rot                 0, 128
2416:   1806                                                                                    gosub                   main_06
2418:   090A1E00                                                                                sleep                   10, 30
241C:   2905                                                                                    cut_chg                 5
241E:   2E0300                                                                                  work_set                WK_ENEMY, 0
2421:   00                                                                                      nop
2422:   3200B3AC00004F9D                                                                        pos_set                 0, -21325, 0, -25265
242A:   33000000B80D0000                                                                        dir_set                 0, 0, 3512, 0
2432:   3F000840                                                                                plc_motion              0, 8, 64
2436:   5B14                                                                                    plc_cnt                 20
2438:   090A0100                                                                                sleep                   10, 1
243C:   3D1007                                                                                  member_copy             V_TEMP, 7
243F:   00                                                                                      nop
2440:   260005100080                                                                            calc                    0, OP_OR, V_TEMP, -32768
2446:   350710                                                                                  member_set2             7, V_TEMP
2449:   00                                                                                      nop
244A:   2E0300                                                                                  work_set                WK_ENEMY, 0
244D:   00                                                                                      nop
244E:   410200000000E0FF3C1E                                                                    plc_neck                2, 0, 0, -32, 60, 30
2458:   3D1007                                                                                  member_copy             V_TEMP, 7
245B:   00                                                                                      nop
245C:   26000610FF7F                                                                            calc                    0, OP_AND, V_TEMP, 32767
2462:   350710                                                                                  member_set2             7, V_TEMP
2465:   00                                                                                      nop
2466:   3F000800                                                                                plc_motion              0, 8, 0
246A:   5B14                                                                                    plc_cnt                 20
246C:   090A2800                                                                                sleep                   10, 40
2470:   090A0E00                                                                                sleep                   10, 14
2474:   2908                                                                                    cut_chg                 8
2476:   2E0100                                                                                  work_set                WK_PLAYER, 0
2479:   00                                                                                      nop
247A:   3200E0B10000D0A3                                                                        pos_set                 0, -20000, 0, -23600
2482:   33000000E2040000                                                                        dir_set                 0, 0, 1250, 0
248A:   3F020204                                                                                plc_motion              2, 2, 4
248E:   090A0100                                                                                sleep                   10, 1
2492:   59000300                                                                                xa_on                   0, 3
2496:   510101000000                                                                            sce_bgm_control         1, 1, 0, 0, 0
249C:   2E0300                                                                                  work_set                WK_ENEMY, 0
249F:   00                                                                                      nop
24A0:   3D1007                                                                                  member_copy             V_TEMP, 7
24A3:   00                                                                                      nop
24A4:   260005100002                                                                            calc                    0, OP_OR, V_TEMP, 512
24AA:   350710                                                                                  member_set2             7, V_TEMP
24AD:   00                                                                                      nop
24AE:   320062AD0000EE9E                                                                        pos_set                 0, -21150, 0, -24850
24B6:   33000000AC0D0000                                                                        dir_set                 0, 0, 3500, 0
24BE:   090A0500                                                                                sleep                   10, 5
24C2:   3F020014                                                                                plc_motion              2, 0, 20
24C6:   11001800                                                                                do                      0, off_24E2
24CA:   3D1007                                                                                  member_copy             V_TEMP, 7
24CD:   00                                                                                      nop
24CE:   260006100002                                                                            calc                    0, OP_AND, V_TEMP, 512
24D4:   351A10                                                                                  member_set2             26, V_TEMP
24D7:   00                                                                                      nop
24D8:   02                                                                                      evt_next
24D9:   00                                                                                      nop
24DA:   1206                                                                                    edwhile                 off_24E2
24DC:   3E001A050000                                                                            member_cmp              0, 26, 5, 0, 0

off_24E2:
24E2:   090A3C00                                                                                sleep                   10, 60
24E6:   0B                                                                                      wsleep
24E7:   0C                                                                                      wsleeping
24E8:   2905                                                                                    cut_chg                 5
24EA:   2E0300                                                                                  work_set                WK_ENEMY, 0
24ED:   00                                                                                      nop
24EE:   34061E00                                                                                member_set              6, 30, 0
24F2:   34070000                                                                                member_set              7, 0, 0
24F6:   34020000                                                                                member_set              2, 0, 0
24FA:   34030000                                                                                member_set              3, 0, 0
24FE:   34040000                                                                                member_set              4, 0, 0
2502:   34050000                                                                                member_set              5, 0, 0
2506:   090A0100                                                                                sleep                   10, 1
250A:   5700020206FF0000                                                                        sce_bgmtbl_set          0, 2, 2, 65286, 0
2512:   22040901                                                                                set                     FG_GENERAL_1, 9, 1
2516:   1808                                                                                    gosub                   main_08
2518:   0100                                                                                    evt_end                 0

.proc main_04
251A:   2E0300                                                                                  work_set                WK_ENEMY, 0
251D:   3F000800                                                                                plc_motion              0, 8, 0
2521:   5B14                                                                                    plc_cnt                 20
2523:   00                                                                                      nop
2524:   090A2800                                                                                sleep                   10, 40
2528:   0100                                                                                    evt_end                 0

.proc main_05
252A:   2E0100                                                                                  work_set                WK_PLAYER, 0
252D:   00                                                                                      nop
252E:   4000042434B3ECAF                                                                        plc_dest                0, 4, 36, -19660, -20500
2536:   1807                                                                                    gosub                   main_07
2538:   3F020204                                                                                plc_motion              2, 2, 4
253C:   0100                                                                                    evt_end                 0

.proc main_06
253E:   11000800                                                                                do                      0, off_254A
2542:   02                                                                                      evt_next
2543:   00                                                                                      nop
2544:   1204                                                                                    edwhile                 off_254A
2546:   21052100                                                                                ck                      FG_GENERAL_2, 33, 0

off_254A:
254A:   0100                                                                                    evt_end                 0

.proc main_07
254C:   11000800                                                                                do                      0, off_2558
2550:   02                                                                                      evt_next
2551:   00                                                                                      nop
2552:   1204                                                                                    edwhile                 off_2558
2554:   21052400                                                                                ck                      FG_GENERAL_2, 36, 0

off_2558:
2558:   0100                                                                                    evt_end                 0

.proc main_08
255A:   2E0100                                                                                  work_set                WK_PLAYER, 0
255D:   42                                                                                      plc_ret
255E:   22020700                                                                                set                     FG_STATE, 7, 0
2562:   22011B00                                                                                set                     FG_GAME, 27, 0
2566:   3C01                                                                                    cut_auto                1
2568:   0100                                                                                    evt_end                 0

.proc main_09
256A:   2E0300                                                                                  work_set                WK_ENEMY, 0
256D:   00                                                                                      nop
256E:   3D1000                                                                                  member_copy             V_TEMP, 0
2571:   00                                                                                      nop
2572:   260005100400                                                                            calc                    0, OP_OR, V_TEMP, 4
2578:   350010                                                                                  member_set2             0, V_TEMP
257B:   00                                                                                      nop
257C:   0100                                                                                    evt_end                 0

.proc main_0A
257E:   090A0100                                                                                sleep                   10, 1
2582:   2E0300                                                                                  work_set                WK_ENEMY, 0
2585:   00                                                                                      nop
2586:   3D1007                                                                                  member_copy             V_TEMP, 7
2589:   00                                                                                      nop
258A:   260005100002                                                                            calc                    0, OP_OR, V_TEMP, 512
2590:   350710                                                                                  member_set2             7, V_TEMP
2593:   00                                                                                      nop
2594:   090A0500                                                                                sleep                   10, 5
2598:   3F020004                                                                                plc_motion              2, 0, 4
259C:   11001800                                                                                do                      0, off_25B8
25A0:   3D1007                                                                                  member_copy             V_TEMP, 7
25A3:   00                                                                                      nop
25A4:   260006100002                                                                            calc                    0, OP_AND, V_TEMP, 512
25AA:   351A10                                                                                  member_set2             26, V_TEMP
25AD:   00                                                                                      nop
25AE:   02                                                                                      evt_next
25AF:   00                                                                                      nop
25B0:   1206                                                                                    edwhile                 off_25B8
25B2:   3E001A050000                                                                            member_cmp              0, 26, 5, 0, 0

off_25B8:
25B8:   090A0100                                                                                sleep                   10, 1
25BC:   2E0300                                                                                  work_set                WK_ENEMY, 0
25BF:   00                                                                                      nop
25C0:   34061E00                                                                                member_set              6, 30, 0
25C4:   34070000                                                                                member_set              7, 0, 0
25C8:   34020000                                                                                member_set              2, 0, 0
25CC:   34030000                                                                                member_set              3, 0, 0
25D0:   34040000                                                                                member_set              4, 0, 0
25D4:   34050000                                                                                member_set              5, 0, 0
25D8:   0100                                                                                    evt_end                 0

.proc main_0B
25DA:   090A0100                                                                                sleep                   10, 1
25DE:   2E0300                                                                                  work_set                WK_ENEMY, 0
25E1:   00                                                                                      nop
25E2:   34061E00                                                                                member_set              6, 30, 0
25E6:   34070000                                                                                member_set              7, 0, 0
25EA:   34020000                                                                                member_set              2, 0, 0
25EE:   34030000                                                                                member_set              3, 0, 0
25F2:   34040000                                                                                member_set              4, 0, 0
25F6:   34050000                                                                                member_set              5, 0, 0
25FA:   0100                                                                                    evt_end                 0

.proc main_0C
25FC:   11000800                                                                                do                      0, off_2608
2600:   02                                                                                      evt_next
2601:   00                                                                                      nop
2602:   1204                                                                                    edwhile                 off_2608
2604:   21052300                                                                                ck                      FG_GENERAL_2, 35, 0

off_2608:
2608:   0100                                                                                    evt_end                 0
