.version 2
.init
.proc init_00
171E:   3B000131000038963C949808B00460BE00008C0A000401040500090000000000                        door_aot_se             0, SCE_DOOR, SAT_PL | SAT_MANUAL | SAT_FRONT, 0, 0, -27080, -27588, 2200, 1200, -16800, 0, 2700, 1024, 1, 4, 5, 0, 9, 0, 0, 0, UNLOCKED, 0
173E:   06001C00                                                                                if                      0, off_175E
1742:   21010601                                                                                ck                      1, 6, 1
1746:   2C0104310000DCB576CD100E080707000000FFFF                                                aot_set                 1, SCE_MESSAGE, SAT_PL | SAT_MANUAL | SAT_FRONT, 0, 0, -18980, -12938, 3600, 1800, 7, 0, 0, 0, 255, 255
175A:   07002600                                                                                else                    0, off_1780

off_175E:
175E:   3B0101310000DCB576CD100E08077AA9000018DE000401060000110200000000                        door_aot_se             1, SCE_DOOR, SAT_PL | SAT_MANUAL | SAT_FRONT, 0, 0, -18980, -12938, 3600, 1800, -22150, 0, -8680, 1024, 1, 6, 0, 0, 17, 2, 0, 0, UNLOCKED, 0
177E:   00                                                                                      nop
177F:   00                                                                                      nop

off_1780:
1780:   3B0201310000BEF6A2B508076009D89B000032BF000001070100000000000000                        door_aot_se             2, SCE_DOOR, SAT_PL | SAT_MANUAL | SAT_FRONT, 0, 0, -2370, -19038, 1800, 2400, -25640, 0, -16590, 0, 1, 7, 1, 0, 0, 0, 0, 0, UNLOCKED, 0
17A0:   0100                                                                                    evt_end                 0
17A2:   9C1D                                                                                    db                      0x9C, 0x1D

.main
.proc main_00
17C2:   06004A00                                                                                if                      0, off_1810
17C6:   21010601                                                                                ck                      1, 6, 1
17CA:   4400002F0020000000FFF2957CF7EED0240000000000                                            sce_em_set              0, 0, ENEMY_VINES, 0, 32, 0, 0, 0, 255, -27150, -2180, -12050, 36, 0, 0
17E0:   4400012E01000013005D3AE30000DEC3DC0900000000                                            sce_em_set              0, 1, ENEMY_IVY, 1, 0, 0, 19, 0, 93, -7366, 0, -15394, 2524, 0, 0
17F6:   4400022E01000013005EA7B40000D7DEE80700000000                                            sce_em_set              0, 2, ENEMY_IVY, 1, 0, 0, 19, 0, 94, -19289, 0, -8489, 2024, 0, 0
180C:   0100                                                                                    evt_end                 0
180E:   08                                                                                      endif
180F:   00                                                                                      nop

off_1810:
1810:   2D0000000000000000000A0010006CBCF8F8A8E40004C0000004000000000000000000000000            obj_model_set           0, 0, 0, 0, 0, 0, 0, 10, 16, -17300, -1800, -7000, 1024, 192, 1024, 0, 0, 0, 0, 0, 0, 0, 0
1836:   2D010000000000C000000A0010000000E8030000000000000000000000000000000000000000            obj_model_set           1, 0, 0, 0, 0, 49152, 0, 10, 16, 0, 1000, 0, 0, 0, 0, 0, 0, 0, 0, 0, 0, 0, 0
185C:   2D0200000000000000000A0010006CBCB8F2A8E4000400FF0004000000000000000000000000            obj_model_set           2, 0, 0, 0, 0, 0, 0, 10, 16, -17300, -3400, -7000, 1024, -256, 1024, 0, 0, 0, 0, 0, 0, 0, 0
1882:   2D030000000000C200000A0010000000E8030000000000000000000000000000000000000000            obj_model_set           3, 0, 0, 0, 0, 49664, 0, 10, 16, 0, 1000, 0, 0, 0, 0, 0, 0, 0, 0, 0, 0, 0, 0
18A8:   2D0400000000000000000A0010003EB348F4A8E4000440FF0004000000000000000000000000            obj_model_set           4, 0, 0, 0, 0, 0, 0, 10, 16, -19650, -3000, -7000, 1024, -192, 1024, 0, 0, 0, 0, 0, 0, 0, 0
18CE:   2D050000000000C400000A0010000000E8030000000000000000000000000000000000000000            obj_model_set           5, 0, 0, 0, 0, 50176, 0, 10, 16, 0, 1000, 0, 0, 0, 0, 0, 0, 0, 0, 0, 0, 0, 0
18F4:   2D0600000000000000000A0010003EB368F7A8E4000400FF0004000000000000000000000000            obj_model_set           6, 0, 0, 0, 0, 0, 0, 10, 16, -19650, -2200, -7000, 1024, -256, 1024, 0, 0, 0, 0, 0, 0, 0, 0
191A:   2D070000000000C600000A0010000000E8030000000000000000000000000000000000000000            obj_model_set           7, 0, 0, 0, 0, 50688, 0, 10, 16, 0, 1000, 0, 0, 0, 0, 0, 0, 0, 0, 0, 0, 0, 0
1940:   2C0305410000249344CBA00F800CFF0018030000                                                aot_set                 3, SCE_EVENT, SAT_PL | SAT_UNDER, 0, 0, -27868, -13500, 4000, 3200, 255, 0, I_GOSUB, main_03, 0, 0
1954:   2C04054100005CC78CD8E40C480DFF0018040000                                                aot_set                 4, SCE_EVENT, SAT_PL | SAT_UNDER, 0, 0, -14500, -10100, 3300, 3400, 255, 0, I_GOSUB, main_04, 0, 0
1968:   06009801                                                                                if                      0, off_1B04
196C:   21010100                                                                                ck                      1, 1, 0
1970:   4400002D1000001100FFF295ECF5C2CF000000000000                                            sce_em_set              0, 0, ENEMY_ZOMBIEARMS, 16, 0, 0, 17, 0, 255, -27150, -2580, -12350, 0, 0, 0
1986:   4400012D0100001100FFC09582F604CA000000000000                                            sce_em_set              0, 1, ENEMY_ZOMBIEARMS, 1, 0, 0, 17, 0, 255, -27200, -2430, -13820, 0, 0, 0
199C:   4400022D0000001100FFF2957CF7EED0000000000000                                            sce_em_set              0, 2, ENEMY_ZOMBIEARMS, 0, 0, 0, 17, 0, 255, -27150, -2180, -12050, 0, 0, 0
19B2:   4400032D0100001100FFC09576F8F8CB000000000000                                            sce_em_set              0, 3, ENEMY_ZOMBIEARMS, 1, 0, 0, 17, 0, 255, -27200, -1930, -13320, 0, 0, 0
19C8:   4400042D0000001100FF069668F750C9000000000000                                            sce_em_set              0, 4, ENEMY_ZOMBIEARMS, 0, 0, 0, 17, 0, 255, -27130, -2200, -14000, 0, 0, 0
19DE:   4400052D1000001100FFBCD050F6A8E4000400000000                                            sce_em_set              0, 5, ENEMY_ZOMBIEARMS, 16, 0, 0, 17, 0, 255, -12100, -2480, -7000, 1024, 0, 0
19F4:   4400062D0100001100FF2CCF30F8A8E4000400000000                                            sce_em_set              0, 6, ENEMY_ZOMBIEARMS, 1, 0, 0, 17, 0, 255, -12500, -2000, -7000, 1024, 0, 0
1A0A:   4400072D0000001100FF68CF74F5A8E4000400000000                                            sce_em_set              0, 7, ENEMY_ZOMBIEARMS, 0, 0, 0, 17, 0, 255, -12440, -2700, -7000, 1024, 0, 0
1A20:   4400082D0100001100FF3AD014F6A8E4000400000000                                            sce_em_set              0, 8, ENEMY_ZOMBIEARMS, 1, 0, 0, 17, 0, 255, -12230, -2540, -7000, 1024, 0, 0
1A36:   4400092D0000001100FF5ECF90F7A8E4000400000000                                            sce_em_set              0, 9, ENEMY_ZOMBIEARMS, 0, 0, 0, 17, 0, 255, -12450, -2160, -7000, 1024, 0, 0
1A4C:   2E0300                                                                                  work_set                WK_ENEMY, 0
1A4F:   00                                                                                      nop
1A50:   3D1007                                                                                  member_copy             16, 7
1A53:   00                                                                                      nop
1A54:   260005100080                                                                            calc                    0, OP_OR, 16, -32768
1A5A:   350710                                                                                  member_set2             7, 16
1A5D:   00                                                                                      nop
1A5E:   2E0301                                                                                  work_set                WK_ENEMY, 1
1A61:   00                                                                                      nop
1A62:   3D1007                                                                                  member_copy             16, 7
1A65:   00                                                                                      nop
1A66:   260005100080                                                                            calc                    0, OP_OR, 16, -32768
1A6C:   350710                                                                                  member_set2             7, 16
1A6F:   00                                                                                      nop
1A70:   2E0302                                                                                  work_set                WK_ENEMY, 2
1A73:   00                                                                                      nop
1A74:   3D1007                                                                                  member_copy             16, 7
1A77:   00                                                                                      nop
1A78:   260005100080                                                                            calc                    0, OP_OR, 16, -32768
1A7E:   350710                                                                                  member_set2             7, 16
1A81:   00                                                                                      nop
1A82:   2E0303                                                                                  work_set                WK_ENEMY, 3
1A85:   00                                                                                      nop
1A86:   3D1007                                                                                  member_copy             16, 7
1A89:   00                                                                                      nop
1A8A:   260005100080                                                                            calc                    0, OP_OR, 16, -32768
1A90:   350710                                                                                  member_set2             7, 16
1A93:   00                                                                                      nop
1A94:   2E0304                                                                                  work_set                WK_ENEMY, 4
1A97:   00                                                                                      nop
1A98:   3D1007                                                                                  member_copy             16, 7
1A9B:   00                                                                                      nop
1A9C:   260005100080                                                                            calc                    0, OP_OR, 16, -32768
1AA2:   350710                                                                                  member_set2             7, 16
1AA5:   00                                                                                      nop
1AA6:   2E0305                                                                                  work_set                WK_ENEMY, 5
1AA9:   00                                                                                      nop
1AAA:   3D1007                                                                                  member_copy             16, 7
1AAD:   00                                                                                      nop
1AAE:   260005100080                                                                            calc                    0, OP_OR, 16, -32768
1AB4:   350710                                                                                  member_set2             7, 16
1AB7:   00                                                                                      nop
1AB8:   2E0306                                                                                  work_set                WK_ENEMY, 6
1ABB:   00                                                                                      nop
1ABC:   3D1007                                                                                  member_copy             16, 7
1ABF:   00                                                                                      nop
1AC0:   260005100080                                                                            calc                    0, OP_OR, 16, -32768
1AC6:   350710                                                                                  member_set2             7, 16
1AC9:   00                                                                                      nop
1ACA:   2E0307                                                                                  work_set                WK_ENEMY, 7
1ACD:   00                                                                                      nop
1ACE:   3D1007                                                                                  member_copy             16, 7
1AD1:   00                                                                                      nop
1AD2:   260005100080                                                                            calc                    0, OP_OR, 16, -32768
1AD8:   350710                                                                                  member_set2             7, 16
1ADB:   00                                                                                      nop
1ADC:   2E0308                                                                                  work_set                WK_ENEMY, 8
1ADF:   00                                                                                      nop
1AE0:   3D1007                                                                                  member_copy             16, 7
1AE3:   00                                                                                      nop
1AE4:   260005100080                                                                            calc                    0, OP_OR, 16, -32768
1AEA:   350710                                                                                  member_set2             7, 16
1AED:   00                                                                                      nop
1AEE:   2E0309                                                                                  work_set                WK_ENEMY, 9
1AF1:   00                                                                                      nop
1AF2:   3D1007                                                                                  member_copy             16, 7
1AF5:   00                                                                                      nop
1AF6:   260005100080                                                                            calc                    0, OP_OR, 16, -32768
1AFC:   350710                                                                                  member_set2             7, 16
1AFF:   00                                                                                      nop
1B00:   07000A01                                                                                else                    0, off_1C0A

off_1B04:
1B04:   22043000                                                                                set                     4, 48, 0
1B08:   06009000                                                                                if                      0, off_1B9C
1B0C:   21049901                                                                                ck                      4, 153, 1
1B10:   211D0A00                                                                                ck                      29, 10, 0
1B14:   06006000                                                                                if                      0, off_1B78
1B18:   21087700                                                                                ck                      8, 119, 0
1B1C:   440000100000002A00BE34B600005EDC580D00000000                                            sce_em_set              0, 0, ENEMY_ZOMBIECOP, 0, 0, 0, 42, 0, 190, -18892, 0, -9122, 3416, 0, 0
1B32:   440001100000002B00CF2CDC00005DD5600F00000000                                            sce_em_set              0, 1, ENEMY_ZOMBIECOP, 0, 0, 0, 43, 0, 207, -9172, 0, -10915, 3936, 0, 0
1B48:   440002100000002A00C0699C000074CEFF0300000000                                            sce_em_set              0, 2, ENEMY_ZOMBIECOP, 0, 0, 0, 42, 0, 192, -25495, 0, -12684, 1023, 0, 0
1B5E:   440003100000002B00C15EE6000063C4F00400000000                                            sce_em_set              0, 3, ENEMY_ZOMBIECOP, 0, 0, 0, 43, 0, 193, -6562, 0, -15261, 1264, 0, 0
1B74:   07001C00                                                                                else                    0, off_1B90

off_1B78:
1B78:   440000100000000500C234B600005EDC580D00000000                                            sce_em_set              0, 0, ENEMY_ZOMBIECOP, 0, 0, 0, 5, 0, 194, -18892, 0, -9122, 3416, 0, 0
1B8E:   00                                                                                      nop
1B8F:   00                                                                                      nop

off_1B90:
1B90:   22042901                                                                                set                     4, 41, 1
1B94:   04FF180C                                                                                evt_exec                255, I_GOSUB, main_0C
1B98:   07007000                                                                                else                    0, off_1C08

off_1B9C:
1B9C:   06003400                                                                                if                      0, off_1BD4
1BA0:   21042900                                                                                ck                      4, 41, 0
1BA4:   440000100A4000050045BEBA000064E79C0300000000                                            sce_em_set              0, 0, ENEMY_ZOMBIECOP, 10, 64, 0, 5, 0, 69, -17730, 0, -6300, 924, 0, 0
1BBA:   440001100A4000050046EAB1000064E7000400000000                                            sce_em_set              0, 1, ENEMY_ZOMBIECOP, 10, 64, 0, 5, 0, 70, -19990, 0, -6300, 1024, 0, 0
1BD0:   07003600                                                                                else                    0, off_1C06

off_1BD4:
1BD4:   4400001000000005004546B50000E4DF380600000000                                            sce_em_set              0, 0, ENEMY_ZOMBIECOP, 0, 0, 0, 5, 0, 69, -19130, 0, -8220, 1592, 0, 0
1BEA:   4400011000000005004684C7000004DE800C00000000                                            sce_em_set              0, 1, ENEMY_ZOMBIECOP, 0, 0, 0, 5, 0, 70, -14460, 0, -8700, 3200, 0, 0
1C00:   04FF180C                                                                                evt_exec                255, I_GOSUB, main_0C
1C04:   00                                                                                      nop
1C05:   00                                                                                      nop

off_1C06:
1C06:   00                                                                                      nop
1C07:   00                                                                                      nop

off_1C08:
1C08:   00                                                                                      nop
1C09:   00                                                                                      nop

off_1C0A:
1C0A:   06003000                                                                                if                      0, off_1C3E
1C0E:   21043001                                                                                ck                      4, 48, 1
1C12:   06001000                                                                                if                      0, off_1C26
1C16:   21042E01                                                                                ck                      4, 46, 1
1C1A:   46030041000000000000                                                                    aot_reset               3, SCE_AUTO, SAT_PL | SAT_UNDER, 0, 0, 0, 0, 0, 0
1C24:   08                                                                                      endif
1C25:   00                                                                                      nop

off_1C26:
1C26:   06001000                                                                                if                      0, off_1C3A
1C2A:   21042F01                                                                                ck                      4, 47, 1
1C2E:   46040041000000000000                                                                    aot_reset               4, SCE_AUTO, SAT_PL | SAT_UNDER, 0, 0, 0, 0, 0, 0
1C38:   08                                                                                      endif
1C39:   00                                                                                      nop

off_1C3A:
1C3A:   07001A00                                                                                else                    0, off_1C54

off_1C3E:
1C3E:   46030041000000000000                                                                    aot_reset               3, SCE_AUTO, SAT_PL | SAT_UNDER, 0, 0, 0, 0, 0, 0
1C48:   46040041000000000000                                                                    aot_reset               4, SCE_AUTO, SAT_PL | SAT_UNDER, 0, 0, 0, 0, 0, 0
1C52:   00                                                                                      nop
1C53:   00                                                                                      nop

off_1C54:
1C54:   2C0504310000949414A10807080700000000FFFF                                                aot_set                 5, SCE_MESSAGE, SAT_PL | SAT_MANUAL | SAT_FRONT, 0, 0, -27500, -24300, 1800, 1800, 0, 0, 0, 0, 255, 255
1C68:   2C08043100001CDAECE10807080703000000FFFF                                                aot_set                 8, SCE_MESSAGE, SAT_PL | SAT_MANUAL | SAT_FRONT, 0, 0, -9700, -7700, 1800, 1800, 3, 0, 0, 0, 255, 255
1C7C:   2C09043100008CF6F0BF0807080704000000FFFF                                                aot_set                 9, SCE_MESSAGE, SAT_PL | SAT_MANUAL | SAT_FRONT, 0, 0, -2420, -16400, 1800, 1800, 4, 0, 0, 0, 255, 255
1C90:   2C0A0431000020EAF8C60807080705000000FFFF                                                aot_set                 10, SCE_MESSAGE, SAT_PL | SAT_MANUAL | SAT_FRONT, 0, 0, -5600, -14600, 1800, 1800, 5, 0, 0, 0, 255, 255
1CA4:   2C0B0431000078D320B80807080706000000FFFF                                                aot_set                 11, SCE_MESSAGE, SAT_PL | SAT_MANUAL | SAT_FRONT, 0, 0, -11400, -18400, 1800, 1800, 6, 0, 0, 0, 255, 255
1CB8:   0100                                                                                    evt_end                 0

.proc main_01
1CBA:   06002600                                                                                if                      0, off_1CE4
1CBE:   21010101                                                                                ck                      1, 1, 1
1CC2:   06001A00                                                                                if                      0, off_1CE0
1CC6:   21042900                                                                                ck                      4, 41, 0
1CCA:   23001B000402                                                                            cmp                     0, 27, CMP_EQ, 516
1CD0:   23001A000300                                                                            cmp                     0, 26, CMP_EQ, 3
1CD6:   04FF1805                                                                                evt_exec                255, I_GOSUB, main_05
1CDA:   22042901                                                                                set                     4, 41, 1
1CDE:   08                                                                                      endif
1CDF:   00                                                                                      nop

off_1CE0:
1CE0:   07005600                                                                                else                    0, off_1D36

off_1CE4:
1CE4:   06002400                                                                                if                      0, off_1D0C
1CE8:   23001A000900                                                                            cmp                     0, 26, CMP_EQ, 9
1CEE:   21051400                                                                                ck                      5, 20, 0
1CF2:   2E0100                                                                                  work_set                WK_PLAYER, 0
1CF5:   00                                                                                      nop
1CF6:   06001000                                                                                if                      0, off_1D0A
1CFA:   3E0002000500                                                                            member_cmp              0, 2, 0, 5, 0
1D00:   22051401                                                                                set                     5, 20, 1
1D04:   04FF180D                                                                                evt_exec                255, I_GOSUB, main_0D
1D08:   08                                                                                      endif
1D09:   00                                                                                      nop

off_1D0A:
1D0A:   08                                                                                      endif
1D0B:   00                                                                                      nop

off_1D0C:
1D0C:   06002400                                                                                if                      0, off_1D34
1D10:   23001A000A00                                                                            cmp                     0, 26, CMP_EQ, 10
1D16:   21051500                                                                                ck                      5, 21, 0
1D1A:   2E0100                                                                                  work_set                WK_PLAYER, 0
1D1D:   00                                                                                      nop
1D1E:   06001000                                                                                if                      0, off_1D32
1D22:   3E0002000500                                                                            member_cmp              0, 2, 0, 5, 0
1D28:   22051501                                                                                set                     5, 21, 1
1D2C:   04FF180E                                                                                evt_exec                255, I_GOSUB, main_0E
1D30:   08                                                                                      endif
1D31:   00                                                                                      nop

off_1D32:
1D32:   08                                                                                      endif
1D33:   00                                                                                      nop

off_1D34:
1D34:   00                                                                                      nop
1D35:   00                                                                                      nop

off_1D36:
1D36:   0100                                                                                    evt_end                 0

.proc main_02
1D38:   2B000000FFFF                                                                            message_on              0, 0, 0, 255, 255
1D3E:   0100                                                                                    evt_end                 0

.proc main_03
1D40:   2909                                                                                    cut_chg                 9
1D42:   8A000A000000                                                                            nop_8a                  0, 10, 0, 0, 0
1D48:   8BB402000000                                                                            nop_8b                  180, 2, 0, 0, 0
1D4E:   8BFA06000200                                                                            nop_8b                  250, 6, 0, 2, 0
1D54:   46030041000000000000                                                                    aot_reset               3, SCE_AUTO, SAT_PL | SAT_UNDER, 0, 0, 0, 0, 0, 0
1D5E:   22042E01                                                                                set                     4, 46, 1
1D62:   2E0300                                                                                  work_set                WK_ENEMY, 0
1D65:   00                                                                                      nop
1D66:   3D1007                                                                                  member_copy             16, 7
1D69:   00                                                                                      nop
1D6A:   26000610FF7F                                                                            calc                    0, OP_AND, 16, 32767
1D70:   350710                                                                                  member_set2             7, 16
1D73:   00                                                                                      nop
1D74:   2E0301                                                                                  work_set                WK_ENEMY, 1
1D77:   00                                                                                      nop
1D78:   3D1007                                                                                  member_copy             16, 7
1D7B:   00                                                                                      nop
1D7C:   26000610FF7F                                                                            calc                    0, OP_AND, 16, 32767
1D82:   350710                                                                                  member_set2             7, 16
1D85:   00                                                                                      nop
1D86:   2E0302                                                                                  work_set                WK_ENEMY, 2
1D89:   00                                                                                      nop
1D8A:   3D1007                                                                                  member_copy             16, 7
1D8D:   00                                                                                      nop
1D8E:   26000610FF7F                                                                            calc                    0, OP_AND, 16, 32767
1D94:   350710                                                                                  member_set2             7, 16
1D97:   00                                                                                      nop
1D98:   2E0303                                                                                  work_set                WK_ENEMY, 3
1D9B:   00                                                                                      nop
1D9C:   3D1007                                                                                  member_copy             16, 7
1D9F:   00                                                                                      nop
1DA0:   26000610FF7F                                                                            calc                    0, OP_AND, 16, 32767
1DA6:   350710                                                                                  member_set2             7, 16
1DA9:   00                                                                                      nop
1DAA:   2E0304                                                                                  work_set                WK_ENEMY, 4
1DAD:   00                                                                                      nop
1DAE:   3D1007                                                                                  member_copy             16, 7
1DB1:   00                                                                                      nop
1DB2:   26000610FF7F                                                                            calc                    0, OP_AND, 16, 32767
1DB8:   350710                                                                                  member_set2             7, 16
1DBB:   00                                                                                      nop
1DBC:   090A0100                                                                                sleep                   10, 1
1DC0:   36020A0000001B28F8F89ACC                                                                se_on                   2, 10, 0, 10267, -1800, -13158
1DCC:   3C01                                                                                    cut_auto                1
1DCE:   0100                                                                                    evt_end                 0

.proc main_04
1DD0:   290A                                                                                    cut_chg                 10
1DD2:   8A000A000000                                                                            nop_8a                  0, 10, 0, 0, 0
1DD8:   8BB402000000                                                                            nop_8b                  180, 2, 0, 0, 0
1DDE:   8BFA06000200                                                                            nop_8b                  250, 6, 0, 2, 0
1DE4:   46040041000000000000                                                                    aot_reset               4, SCE_AUTO, SAT_PL | SAT_UNDER, 0, 0, 0, 0, 0, 0
1DEE:   22042F01                                                                                set                     4, 47, 1
1DF2:   2E0305                                                                                  work_set                WK_ENEMY, 5
1DF5:   00                                                                                      nop
1DF6:   3D1007                                                                                  member_copy             16, 7
1DF9:   00                                                                                      nop
1DFA:   26000610FF7F                                                                            calc                    0, OP_AND, 16, 32767
1E00:   350710                                                                                  member_set2             7, 16
1E03:   00                                                                                      nop
1E04:   2E0306                                                                                  work_set                WK_ENEMY, 6
1E07:   00                                                                                      nop
1E08:   3D1007                                                                                  member_copy             16, 7
1E0B:   00                                                                                      nop
1E0C:   26000610FF7F                                                                            calc                    0, OP_AND, 16, 32767
1E12:   350710                                                                                  member_set2             7, 16
1E15:   00                                                                                      nop
1E16:   2E0307                                                                                  work_set                WK_ENEMY, 7
1E19:   00                                                                                      nop
1E1A:   3D1007                                                                                  member_copy             16, 7
1E1D:   00                                                                                      nop
1E1E:   26000610FF7F                                                                            calc                    0, OP_AND, 16, 32767
1E24:   350710                                                                                  member_set2             7, 16
1E27:   00                                                                                      nop
1E28:   2E0308                                                                                  work_set                WK_ENEMY, 8
1E2B:   00                                                                                      nop
1E2C:   3D1007                                                                                  member_copy             16, 7
1E2F:   00                                                                                      nop
1E30:   26000610FF7F                                                                            calc                    0, OP_AND, 16, 32767
1E36:   350710                                                                                  member_set2             7, 16
1E39:   00                                                                                      nop
1E3A:   2E0309                                                                                  work_set                WK_ENEMY, 9
1E3D:   00                                                                                      nop
1E3E:   3D1007                                                                                  member_copy             16, 7
1E41:   00                                                                                      nop
1E42:   26000610FF7F                                                                            calc                    0, OP_AND, 16, 32767
1E48:   350710                                                                                  member_set2             7, 16
1E4B:   00                                                                                      nop
1E4C:   090A0100                                                                                sleep                   10, 1
1E50:   36020A0000001B28F8F89ACC                                                                se_on                   2, 10, 0, 10267, -1800, -13158
1E5C:   3C01                                                                                    cut_auto                1
1E5E:   0100                                                                                    evt_end                 0

.proc main_05
1E60:   8A0008000000                                                                            nop_8a                  0, 8, 0, 0, 0
1E66:   8BB401000000                                                                            nop_8b                  180, 1, 0, 0, 0
1E6C:   8BFA05000100                                                                            nop_8b                  250, 5, 0, 1, 0
1E72:   36020B0000001B28F8F89ACC                                                                se_on                   2, 11, 0, 10267, -1800, -13158
1E7E:   04FF1806                                                                                evt_exec                255, I_GOSUB, main_06
1E82:   04FF1807                                                                                evt_exec                255, I_GOSUB, main_07
1E86:   2E0300                                                                                  work_set                WK_ENEMY, 0
1E89:   00                                                                                      nop
1E8A:   34170100                                                                                member_set              23, 1, 0
1E8E:   090A0A00                                                                                sleep                   10, 10
1E92:   8A0008000000                                                                            nop_8a                  0, 8, 0, 0, 0
1E98:   8BB401000000                                                                            nop_8b                  180, 1, 0, 0, 0
1E9E:   8BFA05000100                                                                            nop_8b                  250, 5, 0, 1, 0
1EA4:   36020B0000001B28F8F89ACC                                                                se_on                   2, 11, 0, 10267, -1800, -13158
1EB0:   04FF1809                                                                                evt_exec                255, I_GOSUB, main_09
1EB4:   04FF180A                                                                                evt_exec                255, I_GOSUB, main_0A
1EB8:   2E0301                                                                                  work_set                WK_ENEMY, 1
1EBB:   00                                                                                      nop
1EBC:   34170100                                                                                member_set              23, 1, 0
1EC0:   0100                                                                                    evt_end                 0

.proc main_06
1EC2:   2E0400                                                                                  work_set                WK_OBJECT, 0
1EC5:   00                                                                                      nop
1EC6:   2F0292FF                                                                                speed_set               2, -110
1ECA:   2F01ECFF                                                                                speed_set               1, -20
1ECE:   2F070A00                                                                                speed_set               7, 10
1ED2:   2F030000                                                                                speed_set               3, 0
1ED6:   2F09F6FF                                                                                speed_set               9, -10
1EDA:   0D0006001000                                                                            for                     0, off_1EE6, 16
1EE0:   30                                                                                      add_speed
1EE1:   31                                                                                      add_aspeed
1EE2:   02                                                                                      evt_next
1EE3:   00                                                                                      nop
1EE4:   0E00                                                                                    next                    0

off_1EE6:
1EE6:   2F02CEFF                                                                                speed_set               2, -50
1EEA:   2F071400                                                                                speed_set               7, 20
1EEE:   2F030000                                                                                speed_set               3, 0
1EF2:   2F09EBFF                                                                                speed_set               9, -21
1EF6:   0F060C00                                                                                while                   6, off_1F06
1EFA:   3E000C030000                                                                            member_cmp              0, 12, 3, 0, 0
1F00:   02                                                                                      evt_next
1F01:   30                                                                                      add_speed
1F02:   31                                                                                      add_aspeed
1F03:   00                                                                                      nop
1F04:   1000                                                                                    ewhile                  0

off_1F06:
1F06:   340CC800                                                                                member_set              12, 200, 0
1F0A:   090A0100                                                                                sleep                   10, 1
1F0E:   2F020000                                                                                speed_set               2, 0
1F12:   2F010000                                                                                speed_set               1, 0
1F16:   2F070000                                                                                speed_set               7, 0
1F1A:   2F030000                                                                                speed_set               3, 0
1F1E:   2F09ECFF                                                                                speed_set               9, -20
1F22:   0F060C00                                                                                while                   6, off_1F32
1F26:   3E000E0300F8                                                                            member_cmp              0, 14, 3, 0, 248
1F2C:   02                                                                                      evt_next
1F2D:   30                                                                                      add_speed
1F2E:   31                                                                                      add_aspeed
1F2F:   00                                                                                      nop
1F30:   1000                                                                                    ewhile                  0

off_1F32:
1F32:   340E00F8                                                                                member_set              14, 0, 248
1F36:   0100                                                                                    evt_end                 0

.proc main_07
1F38:   2E0403                                                                                  work_set                WK_OBJECT, 3
1F3B:   00                                                                                      nop
1F3C:   4900000400FF0004                                                                        super_reset             0, 1024, -256, 1024
1F44:   04FF1808                                                                                evt_exec                255, I_GOSUB, main_08
1F48:   2E0402                                                                                  work_set                WK_OBJECT, 2
1F4B:   00                                                                                      nop
1F4C:   2F0292FF                                                                                speed_set               2, -110
1F50:   2F01ECFF                                                                                speed_set               1, -20
1F54:   2F070A00                                                                                speed_set               7, 10
1F58:   2F030000                                                                                speed_set               3, 0
1F5C:   2F09F6FF                                                                                speed_set               9, -10
1F60:   0D0006001000                                                                            for                     0, off_1F6C, 16
1F66:   30                                                                                      add_speed
1F67:   31                                                                                      add_aspeed
1F68:   02                                                                                      evt_next
1F69:   00                                                                                      nop
1F6A:   0E00                                                                                    next                    0

off_1F6C:
1F6C:   2F02CEFF                                                                                speed_set               2, -50
1F70:   2F071400                                                                                speed_set               7, 20
1F74:   2F030000                                                                                speed_set               3, 0
1F78:   2F09EBFF                                                                                speed_set               9, -21
1F7C:   0F060C00                                                                                while                   6, off_1F8C
1F80:   3E000C030000                                                                            member_cmp              0, 12, 3, 0, 0
1F86:   02                                                                                      evt_next
1F87:   30                                                                                      add_speed
1F88:   31                                                                                      add_aspeed
1F89:   00                                                                                      nop
1F8A:   1000                                                                                    ewhile                  0

off_1F8C:
1F8C:   340CC800                                                                                member_set              12, 200, 0
1F90:   090A0100                                                                                sleep                   10, 1
1F94:   2F020000                                                                                speed_set               2, 0
1F98:   2F010000                                                                                speed_set               1, 0
1F9C:   2F070000                                                                                speed_set               7, 0
1FA0:   2F030000                                                                                speed_set               3, 0
1FA4:   2F09ECFF                                                                                speed_set               9, -20
1FA8:   0F060C00                                                                                while                   6, off_1FB8
1FAC:   3E000E0300F8                                                                            member_cmp              0, 14, 3, 0, 248
1FB2:   02                                                                                      evt_next
1FB3:   30                                                                                      add_speed
1FB4:   31                                                                                      add_aspeed
1FB5:   00                                                                                      nop
1FB6:   1000                                                                                    ewhile                  0

off_1FB8:
1FB8:   340E00F8                                                                                member_set              14, 0, 248
1FBC:   0100                                                                                    evt_end                 0

.proc main_08
1FBE:   2E0403                                                                                  work_set                WK_OBJECT, 3
1FC1:   00                                                                                      nop
1FC2:   2F029CFF                                                                                speed_set               2, -100
1FC6:   2F01F6FF                                                                                speed_set               1, -10
1FCA:   2F00F6FF                                                                                speed_set               0, -10
1FCE:   2F070A00                                                                                speed_set               7, 10
1FD2:   2F030000                                                                                speed_set               3, 0
1FD6:   2F09F6FF                                                                                speed_set               9, -10
1FDA:   2F040000                                                                                speed_set               4, 0
1FDE:   2F0AF6FF                                                                                speed_set               10, -10
1FE2:   0D0006001000                                                                            for                     0, off_1FEE, 16
1FE8:   30                                                                                      add_speed
1FE9:   31                                                                                      add_aspeed
1FEA:   02                                                                                      evt_next
1FEB:   00                                                                                      nop
1FEC:   0E00                                                                                    next                    0

off_1FEE:
1FEE:   2F02CEFF                                                                                speed_set               2, -50
1FF2:   2F00CEFF                                                                                speed_set               0, -50
1FF6:   2F071400                                                                                speed_set               7, 20
1FFA:   2F030000                                                                                speed_set               3, 0
1FFE:   2F09EBFF                                                                                speed_set               9, -21
2002:   2F040000                                                                                speed_set               4, 0
2006:   2F0AEBFF                                                                                speed_set               10, -21
200A:   0F060C00                                                                                while                   6, off_201A
200E:   3E000C030000                                                                            member_cmp              0, 12, 3, 0, 0
2014:   02                                                                                      evt_next
2015:   30                                                                                      add_speed
2016:   31                                                                                      add_aspeed
2017:   00                                                                                      nop
2018:   1000                                                                                    ewhile                  0

off_201A:
201A:   340CC800                                                                                member_set              12, 200, 0
201E:   090A0100                                                                                sleep                   10, 1
2022:   2F020000                                                                                speed_set               2, 0
2026:   2F010000                                                                                speed_set               1, 0
202A:   2F070000                                                                                speed_set               7, 0
202E:   2F030000                                                                                speed_set               3, 0
2032:   2F09ECFF                                                                                speed_set               9, -20
2036:   0F060C00                                                                                while                   6, off_2046
203A:   3E000E0300F8                                                                            member_cmp              0, 14, 3, 0, 248
2040:   02                                                                                      evt_next
2041:   30                                                                                      add_speed
2042:   31                                                                                      add_aspeed
2043:   00                                                                                      nop
2044:   1000                                                                                    ewhile                  0

off_2046:
2046:   340E00F8                                                                                member_set              14, 0, 248
204A:   0100                                                                                    evt_end                 0

.proc main_09
204C:   2E0405                                                                                  work_set                WK_OBJECT, 5
204F:   00                                                                                      nop
2050:   4900000440FF0004                                                                        super_reset             0, 1024, -192, 1024
2058:   2E0404                                                                                  work_set                WK_OBJECT, 4
205B:   00                                                                                      nop
205C:   2F0292FF                                                                                speed_set               2, -110
2060:   2F01ECFF                                                                                speed_set               1, -20
2064:   2F070A00                                                                                speed_set               7, 10
2068:   2F030000                                                                                speed_set               3, 0
206C:   2F09F6FF                                                                                speed_set               9, -10
2070:   0D0006001000                                                                            for                     0, off_207C, 16
2076:   30                                                                                      add_speed
2077:   31                                                                                      add_aspeed
2078:   02                                                                                      evt_next
2079:   00                                                                                      nop
207A:   0E00                                                                                    next                    0

off_207C:
207C:   2F02CEFF                                                                                speed_set               2, -50
2080:   2F071400                                                                                speed_set               7, 20
2084:   2F030000                                                                                speed_set               3, 0
2088:   2F09EBFF                                                                                speed_set               9, -21
208C:   0F060C00                                                                                while                   6, off_209C
2090:   3E000C030000                                                                            member_cmp              0, 12, 3, 0, 0
2096:   02                                                                                      evt_next
2097:   30                                                                                      add_speed
2098:   31                                                                                      add_aspeed
2099:   00                                                                                      nop
209A:   1000                                                                                    ewhile                  0

off_209C:
209C:   340CC800                                                                                member_set              12, 200, 0
20A0:   090A0100                                                                                sleep                   10, 1
20A4:   2F020000                                                                                speed_set               2, 0
20A8:   2F010000                                                                                speed_set               1, 0
20AC:   2F070000                                                                                speed_set               7, 0
20B0:   2F030000                                                                                speed_set               3, 0
20B4:   2F09ECFF                                                                                speed_set               9, -20
20B8:   0F060C00                                                                                while                   6, off_20C8
20BC:   3E000E0300F8                                                                            member_cmp              0, 14, 3, 0, 248
20C2:   02                                                                                      evt_next
20C3:   30                                                                                      add_speed
20C4:   31                                                                                      add_aspeed
20C5:   00                                                                                      nop
20C6:   1000                                                                                    ewhile                  0

off_20C8:
20C8:   340E00F8                                                                                member_set              14, 0, 248
20CC:   0100                                                                                    evt_end                 0

.proc main_0A
20CE:   2E0407                                                                                  work_set                WK_OBJECT, 7
20D1:   00                                                                                      nop
20D2:   4900000400FF0004                                                                        super_reset             0, 1024, -256, 1024
20DA:   04FF180B                                                                                evt_exec                255, I_GOSUB, main_0B
20DE:   2E0406                                                                                  work_set                WK_OBJECT, 6
20E1:   00                                                                                      nop
20E2:   2F0292FF                                                                                speed_set               2, -110
20E6:   2F01ECFF                                                                                speed_set               1, -20
20EA:   2F070A00                                                                                speed_set               7, 10
20EE:   2F030000                                                                                speed_set               3, 0
20F2:   2F09F6FF                                                                                speed_set               9, -10
20F6:   0D0006001000                                                                            for                     0, off_2102, 16
20FC:   30                                                                                      add_speed
20FD:   31                                                                                      add_aspeed
20FE:   02                                                                                      evt_next
20FF:   00                                                                                      nop
2100:   0E00                                                                                    next                    0

off_2102:
2102:   2F02CEFF                                                                                speed_set               2, -50
2106:   2F071400                                                                                speed_set               7, 20
210A:   2F030000                                                                                speed_set               3, 0
210E:   2F09EBFF                                                                                speed_set               9, -21
2112:   0F060C00                                                                                while                   6, off_2122
2116:   3E000C030000                                                                            member_cmp              0, 12, 3, 0, 0
211C:   02                                                                                      evt_next
211D:   30                                                                                      add_speed
211E:   31                                                                                      add_aspeed
211F:   00                                                                                      nop
2120:   1000                                                                                    ewhile                  0

off_2122:
2122:   340CC800                                                                                member_set              12, 200, 0
2126:   090A0100                                                                                sleep                   10, 1
212A:   2F020000                                                                                speed_set               2, 0
212E:   2F010000                                                                                speed_set               1, 0
2132:   2F070000                                                                                speed_set               7, 0
2136:   2F030000                                                                                speed_set               3, 0
213A:   2F09ECFF                                                                                speed_set               9, -20
213E:   0F060C00                                                                                while                   6, off_214E
2142:   3E000E0300F8                                                                            member_cmp              0, 14, 3, 0, 248
2148:   02                                                                                      evt_next
2149:   30                                                                                      add_speed
214A:   31                                                                                      add_aspeed
214B:   00                                                                                      nop
214C:   1000                                                                                    ewhile                  0

off_214E:
214E:   340E00F8                                                                                member_set              14, 0, 248
2152:   0100                                                                                    evt_end                 0

.proc main_0B
2154:   2E0407                                                                                  work_set                WK_OBJECT, 7
2157:   00                                                                                      nop
2158:   2F029CFF                                                                                speed_set               2, -100
215C:   2F01F6FF                                                                                speed_set               1, -10
2160:   2F00F6FF                                                                                speed_set               0, -10
2164:   2F070A00                                                                                speed_set               7, 10
2168:   2F030000                                                                                speed_set               3, 0
216C:   2F09F6FF                                                                                speed_set               9, -10
2170:   2F040000                                                                                speed_set               4, 0
2174:   2F0AF6FF                                                                                speed_set               10, -10
2178:   0D0006001000                                                                            for                     0, off_2184, 16
217E:   30                                                                                      add_speed
217F:   31                                                                                      add_aspeed
2180:   02                                                                                      evt_next
2181:   00                                                                                      nop
2182:   0E00                                                                                    next                    0

off_2184:
2184:   2F02CEFF                                                                                speed_set               2, -50
2188:   2F00CEFF                                                                                speed_set               0, -50
218C:   2F071400                                                                                speed_set               7, 20
2190:   2F030000                                                                                speed_set               3, 0
2194:   2F09EBFF                                                                                speed_set               9, -21
2198:   2F040000                                                                                speed_set               4, 0
219C:   2F0AEBFF                                                                                speed_set               10, -21
21A0:   0F060C00                                                                                while                   6, off_21B0
21A4:   3E000C030000                                                                            member_cmp              0, 12, 3, 0, 0
21AA:   02                                                                                      evt_next
21AB:   30                                                                                      add_speed
21AC:   31                                                                                      add_aspeed
21AD:   00                                                                                      nop
21AE:   1000                                                                                    ewhile                  0

off_21B0:
21B0:   340CC800                                                                                member_set              12, 200, 0
21B4:   090A0100                                                                                sleep                   10, 1
21B8:   2F020000                                                                                speed_set               2, 0
21BC:   2F010000                                                                                speed_set               1, 0
21C0:   2F070000                                                                                speed_set               7, 0
21C4:   2F030000                                                                                speed_set               3, 0
21C8:   2F09ECFF                                                                                speed_set               9, -20
21CC:   0F060C00                                                                                while                   6, off_21DC
21D0:   3E000E0300F8                                                                            member_cmp              0, 14, 3, 0, 248
21D6:   02                                                                                      evt_next
21D7:   30                                                                                      add_speed
21D8:   31                                                                                      add_aspeed
21D9:   00                                                                                      nop
21DA:   1000                                                                                    ewhile                  0

off_21DC:
21DC:   340E00F8                                                                                member_set              14, 0, 248
21E0:   0100                                                                                    evt_end                 0

.proc main_0C
21E2:   2E0400                                                                                  work_set                WK_OBJECT, 0
21E5:   00                                                                                      nop
21E6:   340CC800                                                                                member_set              12, 200, 0
21EA:   340D9CDC                                                                                member_set              13, 156, 220
21EE:   340E00F8                                                                                member_set              14, 0, 248
21F2:   2E0403                                                                                  work_set                WK_OBJECT, 3
21F5:   00                                                                                      nop
21F6:   4900000400FF0004                                                                        super_reset             0, 1024, -256, 1024
21FE:   340B6DB6                                                                                member_set              11, 109, 182
2202:   340CC800                                                                                member_set              12, 200, 0
2206:   340DA6DC                                                                                member_set              13, 166, 220
220A:   340E00F8                                                                                member_set              14, 0, 248
220E:   340F5CF7                                                                                member_set              15, 92, 247
2212:   2E0402                                                                                  work_set                WK_OBJECT, 2
2215:   00                                                                                      nop
2216:   340CC800                                                                                member_set              12, 200, 0
221A:   340DA2DB                                                                                member_set              13, 162, 219
221E:   340E00F8                                                                                member_set              14, 0, 248
2222:   2E0405                                                                                  work_set                WK_OBJECT, 5
2225:   00                                                                                      nop
2226:   4900000440FF0004                                                                        super_reset             0, 1024, -192, 1024
222E:   340B81AF                                                                                member_set              11, 129, 175
2232:   340C6AF5                                                                                member_set              12, 106, 245
2236:   340DA8E4                                                                                member_set              13, 168, 228
223A:   340E0004                                                                                member_set              14, 0, 4
223E:   340F40FF                                                                                member_set              15, 64, 255
2242:   34100004                                                                                member_set              16, 0, 4
2246:   2E0404                                                                                  work_set                WK_OBJECT, 4
2249:   00                                                                                      nop
224A:   340CC800                                                                                member_set              12, 200, 0
224E:   340DD4DB                                                                                member_set              13, 212, 219
2252:   340E00F8                                                                                member_set              14, 0, 248
2256:   2E0407                                                                                  work_set                WK_OBJECT, 7
2259:   00                                                                                      nop
225A:   4900000400FF0004                                                                        super_reset             0, 1024, -256, 1024
2262:   340B08AE                                                                                member_set              11, 8, 174
2266:   340CC800                                                                                member_set              12, 200, 0
226A:   340D6EDD                                                                                member_set              13, 110, 221
226E:   340E00F8                                                                                member_set              14, 0, 248
2272:   340F7EF9                                                                                member_set              15, 126, 249
2276:   2E0406                                                                                  work_set                WK_OBJECT, 6
2279:   00                                                                                      nop
227A:   340CC800                                                                                member_set              12, 200, 0
227E:   340D6ADC                                                                                member_set              13, 106, 220
2282:   340E00F8                                                                                member_set              14, 0, 248
2286:   090A0200                                                                                sleep                   10, 2
228A:   2E0401                                                                                  work_set                WK_OBJECT, 1
228D:   00                                                                                      nop
228E:   340CE803                                                                                member_set              12, 232, 3
2292:   0100                                                                                    evt_end                 0

.proc main_0D
2294:   090A0A00                                                                                sleep                   10, 10
2298:   2902                                                                                    cut_chg                 2
229A:   3C01                                                                                    cut_auto                1
229C:   0100                                                                                    evt_end                 0

.proc main_0E
229E:   090A0A00                                                                                sleep                   10, 10
22A2:   2905                                                                                    cut_chg                 5
22A4:   3C01                                                                                    cut_auto                1
22A6:   0100                                                                                    evt_end                 0
