.version 2

.init
.proc init
14D6:   3B00013100006FA26EDE3C0F080762BE000051D6400C01050400110300000000                        door_aot_se             ID_AOT_0, SCE_DOOR, SAT_PL | SAT_MANUAL | SAT_FRONT, 0, 0, -23953, -8594, 3900, 1800, -16798, 0, -10671, 3136, 1, 5, 4, 0, 17, 3, 0, 0, UNLOCKED, 0
14F6:   0100                                                                                    evt_end                 0

.main
.proc main
150C:   2C010531000001A40D93B80BD007FF0018080000                                                aot_set                 ID_AOT_1, SCE_EVENT, SAT_PL | SAT_MANUAL | SAT_FRONT, 0, 0, -23551, -27891, 3000, 2000, 255, 0, I_GOSUB, main_08, 0, 0
1520:   2C020621000001A40D93B80BD0070A002F000100                                                aot_set                 ID_AOT_2, SCE_FLAG_CHG, SAT_PL | SAT_FRONT, 0, 0, -23551, -27891, 3000, 2000, 10, 0, ITEM_LIGHTER, 0, aot, 0
1534:   4E03023100003075307500000000330001001F0000E0                                            item_aot_set            ID_AOT_3, SCE_ITEM, SAT_PL | SAT_MANUAL | SAT_FRONT, 0, 0, 30000, 30000, 0, 0, ITEM_REDJEWEL, 1, 31, ID_OBJ_0, IF_GLINT_RED
154A:   2C0604310000CAA4F2AED80EB00402000000FFFF                                                aot_set                 ID_AOT_6, SCE_MESSAGE, SAT_PL | SAT_MANUAL | SAT_FRONT, 0, 0, -23350, -20750, 3800, 1200, ID_MSG_2, 0, 0, 0, 255, 255
155E:   2C0704310000FE8923C2280AA20D01000000FFFF                                                aot_set                 ID_AOT_7, SCE_MESSAGE, SAT_PL | SAT_MANUAL | SAT_FRONT, 0, 0, -30210, -15837, 2600, 3490, ID_MSG_1, 0, 0, 0, 255, 255
1572:   2C0804310000F2BDBFC1B0043C0F00000000FFFF                                                aot_set                 ID_AOT_8, SCE_MESSAGE, SAT_PL | SAT_MANUAL | SAT_FRONT, 0, 0, -16910, -15937, 1200, 3900, ID_MSG_0, 0, 0, 0, 255, 255
1586:   2D0000000000000000000A001200ACA9F6A55696000C00000000000000000000000000000000            obj_model_set           ID_OBJ_0, 0, 0, 0, 0, 0, 0, 10, 18, -22100, -23050, -27050, 3072, 0, 0, 0, 0, 0, 0, 0, 0, 0, 0
15AC:   2D0200000000000000000A00100048A94CFF1898000000000000000000000000000000000000            obj_model_set           ID_OBJ_2, 0, 0, 0, 0, 0, 0, 10, 16, -22200, -180, -26600, 0, 0, 0, 0, 0, 0, 0, 0, 0, 0, 0
15D2:   2D0300000000000000000A00100074AA4CFF5097000000000000000000000000000000000000            obj_model_set           ID_OBJ_3, 0, 0, 0, 0, 0, 0, 10, 16, -21900, -180, -26800, 0, 0, 0, 0, 0, 0, 0, 0, 0, 0, 0
15F8:   2D0400000000000000000A0010001CA84CFF5097000000000000000000000000000000000000            obj_model_set           ID_OBJ_4, 0, 0, 0, 0, 0, 0, 10, 16, -22500, -180, -26800, 0, 0, 0, 0, 0, 0, 0, 0, 0, 0, 0
161E:   06004400                                                                                if                      0, off_1666
1622:   21010100                                                                                ck                      FG_STATUS, F_SCENARIO, 0
1626:   4E04023100004FB86EDE980808076C00010013000100                                            item_aot_set            ID_AOT_4, SCE_ITEM, SAT_PL | SAT_MANUAL | SAT_FRONT, 0, 0, -18353, -8594, 2200, 1800, ITEM_OPERATIONREPORT1, 1, 19, ID_OBJ_1, IF_DEFAULT
163C:   2D0100000000000000000A001000CDBCACF92AE0000000044000000000000000000000000000            obj_model_set           ID_OBJ_1, 0, 0, 0, 0, 0, 0, 10, 16, -17203, -1620, -8150, 0, 1024, 64, 0, 0, 0, 0, 0, 0, 0, 0
1662:   07004200                                                                                else                    0, off_16A4

off_1666:
1666:   4E0402310000B29C66B1DC05C4096C00010013000100                                            item_aot_set            ID_AOT_4, SCE_ITEM, SAT_PL | SAT_MANUAL | SAT_FRONT, 0, 0, -25422, -20122, 1500, 2500, ITEM_OPERATIONREPORT1, 1, 19, ID_OBJ_1, IF_DEFAULT
167C:   2D0100000000000000000A001000EE9EF8F8F4B60000C0050000000000000000000000000000            obj_model_set           ID_OBJ_1, 0, 0, 0, 0, 0, 0, 10, 16, -24850, -1800, -18700, 0, 1472, 0, 0, 0, 0, 0, 0, 0, 0, 0
16A2:   00                                                                                      nop
16A3:   00                                                                                      nop

off_16A4:
16A4:   06009800                                                                                if                      0, off_1740
16A8:   21001900                                                                                ck                      FG_SYSTEM, F_DIFFICULT, 0
16AC:   06004E00                                                                                if                      0, off_16FE
16B0:   21010100                                                                                ck                      FG_STATUS, F_SCENARIO, 0
16B4:   06004200                                                                                if                      0, off_16FA
16B8:   21010000                                                                                ck                      FG_STATUS, F_PLAYER, 0
16BC:   4E0502310000B29C66B1DC05C40914000F001C000600                                            item_aot_set            ID_AOT_5, SCE_ITEM, SAT_PL | SAT_MANUAL | SAT_FRONT, 0, 0, -25422, -20122, 1500, 2500, ITEM_HANDGUNAMMO, 15, 28, ID_OBJ_6, IF_DEFAULT
16D2:   2D0600000000000000000A001000EE9EF8F8F4B60000C0050000000000000000000000000000            obj_model_set           ID_OBJ_6, 0, 0, 0, 0, 0, 0, 10, 16, -24850, -1800, -18700, 0, 1472, 0, 0, 0, 0, 0, 0, 0, 0, 0
16F8:   08                                                                                      endif
16F9:   00                                                                                      nop

off_16FA:
16FA:   07004200                                                                                else                    0, off_173C

off_16FE:
16FE:   4E05023100004FB86EDE9808080714000F001C000600                                            item_aot_set            ID_AOT_5, SCE_ITEM, SAT_PL | SAT_MANUAL | SAT_FRONT, 0, 0, -18353, -8594, 2200, 1800, ITEM_HANDGUNAMMO, 15, 28, ID_OBJ_6, IF_DEFAULT
1714:   2D0600000000000000000A00100095BDACF95CE0000000000000000000000000000000000000            obj_model_set           ID_OBJ_6, 0, 0, 0, 0, 0, 0, 10, 16, -17003, -1620, -8100, 0, 0, 0, 0, 0, 0, 0, 0, 0, 0, 0
173A:   00                                                                                      nop
173B:   00                                                                                      nop

off_173C:
173C:   07002E00                                                                                else                    0, off_176A

off_1740:
1740:   06000C00                                                                                if                      0, off_1750
1744:   21010100                                                                                ck                      FG_STATUS, F_SCENARIO, 0
1748:   21010001                                                                                ck                      FG_STATUS, F_PLAYER, 1
174C:   07001C00                                                                                else                    0, off_1768

off_1750:
1750:   4E050231000074948CA4F40BA40614000F001C00FF01                                            item_aot_set            ID_AOT_5, SCE_ITEM, SAT_PL | SAT_MANUAL | SAT_FRONT, 0, 0, -27532, -23412, 3060, 1700, ITEM_HANDGUNAMMO, 15, 28, ID_OBJ_255, IF_FLOOR
1766:   00                                                                                      nop
1767:   00                                                                                      nop

off_1768:
1768:   00                                                                                      nop
1769:   00                                                                                      nop

off_176A:
176A:   06003E00                                                                                if                      0, off_17AC
176E:   21042401                                                                                ck                      FG_COMMON, 36, 1
1772:   5400170000000010ACA916F424960000F80700000000                                            sce_espr3d_on           0, 23, 0, 4096, -22100, -3050, -27100, 0, 2040, 0, 0
1788:   46020000000000000000                                                                    aot_reset               ID_AOT_2, SCE_AUTO, SAT_AUTO, 0, 0, 0, 0, 0, 0
1792:   2E0400                                                                                  work_set                WK_OBJECT, ID_OBJ_0
1795:   00                                                                                      nop
1796:   3200ACA9A0F61997                                                                        pos_set                 0, -22100, -2400, -26855
179E:   3300000000000000                                                                        dir_set                 0, 0, 0, 0
17A6:   61060200                                                                                cut_be_set              6, 2, 0
17AA:   08                                                                                      endif
17AB:   00                                                                                      nop

off_17AC:
17AC:   0100                                                                                    evt_end                 0

.proc aot
17AE:   06001000                                                                                if                      0, off_17C2
17B2:   21042400                                                                                ck                      FG_COMMON, 36, 0
17B6:   230002002F00                                                                            cmp                     0, V_USED_ITEM, CMP_EQ, 47
17BC:   04FF1802                                                                                evt_exec                255, I_GOSUB, main_02
17C0:   08                                                                                      endif
17C1:   00                                                                                      nop

off_17C2:
17C2:   0100                                                                                    evt_end                 0

.proc main_02
17C4:   22042401                                                                                set                     FG_COMMON, 36, 1
17C8:   22020701                                                                                set                     FG_STOP, 7, 1
17CC:   22011B01                                                                                set                     FG_STATUS, 27, 1
17D0:   290B                                                                                    cut_chg                 11
17D2:   04FF1806                                                                                evt_exec                255, I_GOSUB, main_06
17D6:   04091803                                                                                evt_exec                9, I_GOSUB, main_03
17DA:   36020B010100000000000000                                                                se_on                   2, 267, 1, 0, 0, 0
17E6:   510101016E41                                                                            sce_bgm_control         BGM_CHANNEL_SUB0, BGM_OP_START, BGM_TYPE_PROG0_VOL, 110, 65
17EC:   24040008                                                                                save                    V_04, 2048
17F0:   2405000E                                                                                save                    V_05, 3584
17F4:   24060006                                                                                save                    V_06, 1536
17F8:   2407000C                                                                                save                    V_07, 3072
17FC:   0D00D8000A00                                                                            for                     0, off_18DA, 10
1802:   4C05000402                                                                              sce_espr_kill           5, 0, 4, 2
1807:   4C05020402                                                                              sce_espr_kill           5, 2, 4, 2
180C:   1D040601                                                                                work_copy               4, 6, 1
1810:   3A000500040200000000000000000000                                                        sce_espr_on             0, 5, 516, 0, 0, 0, 0, 0
1820:   1D050601                                                                                work_copy               5, 6, 1
1824:   3A000502040200000000000000000000                                                        sce_espr_on             0, 517, 516, 0, 0, 0, 0, 0
1834:   090A0200                                                                                sleep                   10, 2
1838:   251004                                                                                  copy                    V_TEMP, V_04
183B:   00                                                                                      nop
183C:   260000100002                                                                            calc                    0, OP_ADD, V_TEMP, 512
1842:   250410                                                                                  copy                    V_04, V_TEMP
1845:   00                                                                                      nop
1846:   251005                                                                                  copy                    V_TEMP, V_05
1849:   00                                                                                      nop
184A:   260000100002                                                                            calc                    0, OP_ADD, V_TEMP, 512
1850:   250510                                                                                  copy                    V_05, V_TEMP
1853:   00                                                                                      nop
1854:   4C05000403                                                                              sce_espr_kill           5, 0, 4, 3
1859:   4C05020403                                                                              sce_espr_kill           5, 2, 4, 3
185E:   4C05000404                                                                              sce_espr_kill           5, 0, 4, 4
1863:   4C05020404                                                                              sce_espr_kill           5, 2, 4, 4
1868:   1D060601                                                                                work_copy               6, 6, 1
186C:   3A000500040300000000000000000000                                                        sce_espr_on             0, 5, 772, 0, 0, 0, 0, 0
187C:   1D070601                                                                                work_copy               7, 6, 1
1880:   3A000502040300000000000000000000                                                        sce_espr_on             0, 517, 772, 0, 0, 0, 0, 0
1890:   1D060601                                                                                work_copy               6, 6, 1
1894:   3A000500040400000000000000000000                                                        sce_espr_on             0, 5, 1028, 0, 0, 0, 0, 0
18A4:   1D070601                                                                                work_copy               7, 6, 1
18A8:   3A000502040400000000000000000000                                                        sce_espr_on             0, 517, 1028, 0, 0, 0, 0, 0
18B8:   090A0200                                                                                sleep                   10, 2
18BC:   251006                                                                                  copy                    V_TEMP, V_06
18BF:   00                                                                                      nop
18C0:   260000100002                                                                            calc                    0, OP_ADD, V_TEMP, 512
18C6:   250610                                                                                  copy                    V_06, V_TEMP
18C9:   00                                                                                      nop
18CA:   251007                                                                                  copy                    V_TEMP, V_07
18CD:   00                                                                                      nop
18CE:   260000100002                                                                            calc                    0, OP_ADD, V_TEMP, 512
18D4:   250710                                                                                  copy                    V_07, V_TEMP
18D7:   00                                                                                      nop
18D8:   0E00                                                                                    next                    0

off_18DA:
18DA:   090A1E00                                                                                sleep                   10, 30
18DE:   0509                                                                                    evt_kill                9
18E0:   290C                                                                                    cut_chg                 12
18E2:   510100015041                                                                            sce_bgm_control         BGM_CHANNEL_SUB0, BGM_OP_NOP, BGM_TYPE_PROG0_VOL, 80, 65
18E8:   5400170000000010ACA916F424960000F80700000000                                            sce_espr3d_on           0, 23, 0, 4096, -22100, -3050, -27100, 0, 2040, 0, 0
18FE:   090A2400                                                                                sleep                   10, 36
1902:   2E0400                                                                                  work_set                WK_OBJECT, ID_OBJ_0
1905:   00                                                                                      nop
1906:   340C16F4                                                                                member_set              M_Y_POS, -3050
190A:   090A1E00                                                                                sleep                   10, 30
190E:   1809                                                                                    gosub                   main_09
1910:   510102015041                                                                            sce_bgm_control         BGM_CHANNEL_SUB0, BGM_OP_STOP, BGM_TYPE_PROG0_VOL, 80, 65
1916:   510201016E41                                                                            sce_bgm_control         BGM_CHANNEL_SUB1, BGM_OP_START, BGM_TYPE_PROG0_VOL, 110, 65
191C:   2E0400                                                                                  work_set                WK_OBJECT, ID_OBJ_0
191F:   00                                                                                      nop
1920:   3300000000000000                                                                        dir_set                 0, 0, 0, 0
1928:   22020701                                                                                set                     FG_STOP, 7, 1
192C:   290B                                                                                    cut_chg                 11
192E:   04FF1807                                                                                evt_exec                255, I_GOSUB, main_07
1932:   0D00D8000A00                                                                            for                     0, off_1A10, 10
1938:   251004                                                                                  copy                    V_TEMP, V_04
193B:   00                                                                                      nop
193C:   260001100002                                                                            calc                    0, OP_SUB, V_TEMP, 512
1942:   250410                                                                                  copy                    V_04, V_TEMP
1945:   00                                                                                      nop
1946:   251005                                                                                  copy                    V_TEMP, V_05
1949:   00                                                                                      nop
194A:   260001100002                                                                            calc                    0, OP_SUB, V_TEMP, 512
1950:   250510                                                                                  copy                    V_05, V_TEMP
1953:   00                                                                                      nop
1954:   4C05000402                                                                              sce_espr_kill           5, 0, 4, 2
1959:   4C05020402                                                                              sce_espr_kill           5, 2, 4, 2
195E:   1D040601                                                                                work_copy               4, 6, 1
1962:   3A000500040200000000000000000000                                                        sce_espr_on             0, 5, 516, 0, 0, 0, 0, 0
1972:   1D050601                                                                                work_copy               5, 6, 1
1976:   3A000502040200000000000000000000                                                        sce_espr_on             0, 517, 516, 0, 0, 0, 0, 0
1986:   090A0200                                                                                sleep                   10, 2
198A:   251006                                                                                  copy                    V_TEMP, V_06
198D:   00                                                                                      nop
198E:   260001100002                                                                            calc                    0, OP_SUB, V_TEMP, 512
1994:   250610                                                                                  copy                    V_06, V_TEMP
1997:   00                                                                                      nop
1998:   251007                                                                                  copy                    V_TEMP, V_07
199B:   00                                                                                      nop
199C:   260001100002                                                                            calc                    0, OP_SUB, V_TEMP, 512
19A2:   250710                                                                                  copy                    V_07, V_TEMP
19A5:   00                                                                                      nop
19A6:   4C05000403                                                                              sce_espr_kill           5, 0, 4, 3
19AB:   4C05020403                                                                              sce_espr_kill           5, 2, 4, 3
19B0:   4C05000404                                                                              sce_espr_kill           5, 0, 4, 4
19B5:   4C05020404                                                                              sce_espr_kill           5, 2, 4, 4
19BA:   1D060601                                                                                work_copy               6, 6, 1
19BE:   3A000500040300000000000000000000                                                        sce_espr_on             0, 5, 772, 0, 0, 0, 0, 0
19CE:   1D070601                                                                                work_copy               7, 6, 1
19D2:   3A000502040300000000000000000000                                                        sce_espr_on             0, 517, 772, 0, 0, 0, 0, 0
19E2:   1D060601                                                                                work_copy               6, 6, 1
19E6:   3A000500040400000000000000000000                                                        sce_espr_on             0, 5, 1028, 0, 0, 0, 0, 0
19F6:   1D070601                                                                                work_copy               7, 6, 1
19FA:   3A000502040400000000000000000000                                                        sce_espr_on             0, 517, 1028, 0, 0, 0, 0, 0
1A0A:   090A0200                                                                                sleep                   10, 2
1A0E:   0E00                                                                                    next                    0

off_1A10:
1A10:   4C05000402                                                                              sce_espr_kill           5, 0, 4, 2
1A15:   4C05020402                                                                              sce_espr_kill           5, 2, 4, 2
1A1A:   4C05000403                                                                              sce_espr_kill           5, 0, 4, 3
1A1F:   4C05020403                                                                              sce_espr_kill           5, 2, 4, 3
1A24:   4C05000404                                                                              sce_espr_kill           5, 0, 4, 4
1A29:   4C05020404                                                                              sce_espr_kill           5, 2, 4, 4
1A2E:   46020000000000000000                                                                    aot_reset               ID_AOT_2, SCE_AUTO, SAT_AUTO, 0, 0, 0, 0, 0, 0
1A38:   5700060207FF0000                                                                        sce_bgmtbl_set          0, 6, 2, 65287, 0
1A40:   22011B00                                                                                set                     FG_STATUS, 27, 0
1A44:   22020700                                                                                set                     FG_STOP, 7, 0
1A48:   2906                                                                                    cut_chg                 6
1A4A:   3C01                                                                                    cut_auto                1
1A4C:   61060200                                                                                cut_be_set              6, 2, 0
1A50:   0100                                                                                    evt_end                 0

.proc main_03

off_1A52:
1A52:   6B00A00F                                                                                light_kido_set          0, 4000
1A56:   090A0300                                                                                sleep                   10, 3
1A5A:   6B00F00A                                                                                light_kido_set          0, 2800
1A5E:   090A0100                                                                                sleep                   10, 1
1A62:   6B00480D                                                                                light_kido_set          0, 3400
1A66:   090A0200                                                                                sleep                   10, 2
1A6A:   17FFFF00E8FF                                                                            goto                    255, 255, 0, off_1A52
1A70:   0100                                                                                    evt_end                 0

.proc main_04
1A72:   090A0A00                                                                                sleep                   10, 10
1A76:   510105016E41                                                                            sce_bgm_control         BGM_CHANNEL_SUB0, BGM_OP_FADEOUT, BGM_TYPE_PROG0_VOL, 110, 65
1A7C:   0100                                                                                    evt_end                 0

.proc main_05
1A7E:   3A00040300000004ACA916F456960004                                                        sce_espr_on             0, 772, 0, 1024, -22100, -3050, -27050, 1024
1A8E:   3A0004030000000310AA48F456960004                                                        sce_espr_on             0, 772, 0, 768, -22000, -3000, -27050, 1024
1A9E:   3A000403000000057AA916F456960004                                                        sce_espr_on             0, 772, 0, 1280, -22150, -3050, -27050, 1024
1AAE:   090A2300                                                                                sleep                   10, 35
1AB2:   4C04030000                                                                              sce_espr_kill           4, 3, 0, 0
1AB7:   00                                                                                      nop
1AB8:   0100                                                                                    evt_end                 0

.proc main_06
1ABA:   2E0100                                                                                  work_set                WK_PLAYER, 0
1ABD:   00                                                                                      nop
1ABE:   320033AA0000C59E                                                                        pos_set                 0, -21965, 0, -24891
1AC6:   340F0004                                                                                member_set              M_Y_DIR, 1024
1ACA:   3F0106C0                                                                                plc_motion              1, 6, 192
1ACE:   02                                                                                      evt_next
1ACF:   66                                                                                      plc_stop
1AD0:   0100                                                                                    evt_end                 0

.proc main_07
1AD2:   2E0100                                                                                  work_set                WK_PLAYER, 0
1AD5:   3F0106C0                                                                                plc_motion              1, 6, 192
1AD9:   00                                                                                      nop
1ADA:   090A1E00                                                                                sleep                   10, 30
1ADE:   42                                                                                      plc_ret
1ADF:   00                                                                                      nop
1AE0:   0100                                                                                    evt_end                 0

.proc main_08
1AE2:   06002600                                                                                if                      0, off_1B0C
1AE6:   21042400                                                                                ck                      FG_COMMON, 36, 0
1AEA:   22020701                                                                                set                     FG_STOP, 7, 1
1AEE:   2B000300FFFF                                                                            message_on              0, ID_MSG_3, 0, 255, 255
1AF4:   02                                                                                      evt_next
1AF5:   2908                                                                                    cut_chg                 8
1AF7:   00                                                                                      nop
1AF8:   090A0A00                                                                                sleep                   10, 10
1AFC:   2B000400FFFF                                                                            message_on              0, ID_MSG_4, 0, 255, 255
1B02:   02                                                                                      evt_next
1B03:   2A                                                                                      cut_old
1B04:   22020700                                                                                set                     FG_STOP, 7, 0
1B08:   07003000                                                                                else                    0, off_1B38

off_1B0C:
1B0C:   06001E00                                                                                if                      0, off_1B2E
1B10:   21081F00                                                                                ck                      FG_ITEM, 31, 0
1B14:   22020701                                                                                set                     FG_STOP, 7, 1
1B18:   2908                                                                                    cut_chg                 8
1B1A:   090A1E00                                                                                sleep                   10, 30
1B1E:   4703                                                                                    aot_on                  ID_AOT_3
1B20:   02                                                                                      evt_next
1B21:   2906                                                                                    cut_chg                 6
1B23:   3C01                                                                                    cut_auto                1
1B25:   22020700                                                                                set                     FG_STOP, 7, 0
1B29:   00                                                                                      nop
1B2A:   07000C00                                                                                else                    0, off_1B36

off_1B2E:
1B2E:   2B000500FFFF                                                                            message_on              0, ID_MSG_5, 0, 255, 255
1B34:   00                                                                                      nop
1B35:   00                                                                                      nop

off_1B36:
1B36:   00                                                                                      nop
1B37:   00                                                                                      nop

off_1B38:
1B38:   0100                                                                                    evt_end                 0

.proc main_09
1B3A:   2E0400                                                                                  work_set                WK_OBJECT, ID_OBJ_0
1B3D:   00                                                                                      nop
1B3E:   2F020A00                                                                                speed_set               2, 10
1B42:   30                                                                                      add_speed
1B43:   00                                                                                      nop
1B44:   090A0500                                                                                sleep                   10, 5
1B48:   2F020500                                                                                speed_set               2, 5
1B4C:   2F010000                                                                                speed_set               1, 0
1B50:   2F070100                                                                                speed_set               7, 1
1B54:   2F030000                                                                                speed_set               3, 0
1B58:   2F09F6FF                                                                                speed_set               9, -10
1B5C:   0D0006001000                                                                            for                     0, off_1B68, 16
1B62:   30                                                                                      add_speed
1B63:   31                                                                                      add_aspeed
1B64:   02                                                                                      evt_next
1B65:   00                                                                                      nop
1B66:   0E00                                                                                    next                    0

off_1B68:
1B68:   2F020200                                                                                speed_set               2, 2
1B6C:   2F071400                                                                                speed_set               7, 20
1B70:   2F030000                                                                                speed_set               3, 0
1B74:   2F09EBFF                                                                                speed_set               9, -21
1B78:   0F060C00                                                                                while                   6, off_1B88
1B7C:   3E000C03A0F6                                                                            member_cmp              0, 12, 3, 160, 246
1B82:   02                                                                                      evt_next
1B83:   30                                                                                      add_speed
1B84:   31                                                                                      add_aspeed
1B85:   00                                                                                      nop
1B86:   1000                                                                                    ewhile                  0

off_1B88:
1B88:   36020C010400000000000000                                                                se_on                   2, 268, 4, 0, 0, 0
1B94:   340C9FF6                                                                                member_set              M_Y_POS, -2401
1B98:   02                                                                                      evt_next
1B99:   00                                                                                      nop
1B9A:   2F021400                                                                                speed_set               2, 20
1B9E:   2F01E7FF                                                                                speed_set               1, -25
1BA2:   2F070A00                                                                                speed_set               7, 10
1BA6:   2F0380FF                                                                                speed_set               3, -128
1BAA:   2F09ECFF                                                                                speed_set               9, -20
1BAE:   0F060C00                                                                                while                   6, off_1BBE
1BB2:   3E000C03A0F6                                                                            member_cmp              0, 12, 3, 160, 246
1BB8:   02                                                                                      evt_next
1BB9:   30                                                                                      add_speed
1BBA:   31                                                                                      add_aspeed
1BBB:   00                                                                                      nop
1BBC:   1000                                                                                    ewhile                  0

off_1BBE:
1BBE:   340CA0F6                                                                                member_set              M_Y_POS, -2400
1BC2:   2F020000                                                                                speed_set               2, 0
1BC6:   2F010000                                                                                speed_set               1, 0
1BCA:   2F070000                                                                                speed_set               7, 0
1BCE:   2F090000                                                                                speed_set               9, 0
1BD2:   2F030A00                                                                                speed_set               3, 10
1BD6:   2F052800                                                                                speed_set               5, 40
1BDA:   2F0BF6FF                                                                                speed_set               11, -10
1BDE:   2F000A00                                                                                speed_set               0, 10
1BE2:   0D0006000300                                                                            for                     0, off_1BEE, 3
1BE8:   30                                                                                      add_speed
1BE9:   31                                                                                      add_aspeed
1BEA:   02                                                                                      evt_next
1BEB:   00                                                                                      nop
1BEC:   0E00                                                                                    next                    0

off_1BEE:
1BEE:   090A0200                                                                                sleep                   10, 2
1BF2:   2F03F6FF                                                                                speed_set               3, -10
1BF6:   2F05D8FF                                                                                speed_set               5, -40
1BFA:   2F00F6FF                                                                                speed_set               0, -10
1BFE:   0D0006000600                                                                            for                     0, off_1C0A, 6
1C04:   30                                                                                      add_speed
1C05:   31                                                                                      add_aspeed
1C06:   02                                                                                      evt_next
1C07:   00                                                                                      nop
1C08:   0E00                                                                                    next                    0

off_1C0A:
1C0A:   090A0200                                                                                sleep                   10, 2
1C0E:   2F030A00                                                                                speed_set               3, 10
1C12:   2F052800                                                                                speed_set               5, 40
1C16:   2F000A00                                                                                speed_set               0, 10
1C1A:   0D0006000300                                                                            for                     0, off_1C26, 3
1C20:   30                                                                                      add_speed
1C21:   31                                                                                      add_aspeed
1C22:   02                                                                                      evt_next
1C23:   00                                                                                      nop
1C24:   0E00                                                                                    next                    0

off_1C26:
1C26:   2F030500                                                                                speed_set               3, 5
1C2A:   2F051900                                                                                speed_set               5, 25
1C2E:   2F0BFBFF                                                                                speed_set               11, -5
1C32:   2F000500                                                                                speed_set               0, 5
1C36:   0D0006000200                                                                            for                     0, off_1C42, 2
1C3C:   30                                                                                      add_speed
1C3D:   31                                                                                      add_aspeed
1C3E:   02                                                                                      evt_next
1C3F:   00                                                                                      nop
1C40:   0E00                                                                                    next                    0

off_1C42:
1C42:   090A0200                                                                                sleep                   10, 2
1C46:   2F03FBFF                                                                                speed_set               3, -5
1C4A:   2F05ECFF                                                                                speed_set               5, -20
1C4E:   2F00FBFF                                                                                speed_set               0, -5
1C52:   0D0006000400                                                                            for                     0, off_1C5E, 4
1C58:   30                                                                                      add_speed
1C59:   31                                                                                      add_aspeed
1C5A:   02                                                                                      evt_next
1C5B:   00                                                                                      nop
1C5C:   0E00                                                                                    next                    0

off_1C5E:
1C5E:   090A0200                                                                                sleep                   10, 2
1C62:   2F030500                                                                                speed_set               3, 5
1C66:   2F051400                                                                                speed_set               5, 20
1C6A:   2F000500                                                                                speed_set               0, 5
1C6E:   0D0006000200                                                                            for                     0, off_1C7A, 2
1C74:   30                                                                                      add_speed
1C75:   31                                                                                      add_aspeed
1C76:   02                                                                                      evt_next
1C77:   00                                                                                      nop
1C78:   0E00                                                                                    next                    0

off_1C7A:
1C7A:   0100                                                                                    evt_end                 0
