.version 2

.init
.proc init
0F0A:   06000800                                                                                if                      0, off_0F16
0F0E:   21010601                                                                                ck                      FG_GAME, F_BONUS, 1
0F12:   0100                                                                                    evt_end                 0
0F14:   08                                                                                      endif
0F15:   00                                                                                      nop

off_0F16:
0F16:   3B01013100004296D1B92404280A89F40000E2BB29F801050800000100000000                        door_aot_se             1, SCE_DOOR, SAT_PL | SAT_MANUAL | SAT_FRONT, 0, 0, -27070, -17967, 1060, 2600, -2935, 0, -17438, -2007, 1, 5, 8, 0, 0, 1, 0, 0, UNLOCKED, 0
0F36:   3B0201310000C9BFF0C7960A42049AC3000018C405F401080000000100000000                        door_aot_se             2, SCE_DOOR, SAT_PL | SAT_MANUAL | SAT_FRONT, 0, 0, -16439, -14352, 2710, 1090, -15462, 0, -15336, -3067, 1, 8, 0, 0, 0, 1, 0, 0, UNLOCKED, 0
0F56:   3B0301310000B8A4A2DBD007800CDE1C0000B003C0F3000C00000F0400000000                        door_aot_se             3, SCE_DOOR, SAT_PL | SAT_MANUAL | SAT_FRONT, 0, 0, -23368, -9310, 2000, 3200, 7390, 0, 944, -3136, 0, 12, 0, 0, 15, 4, 0, 0, UNLOCKED, 0
0F76:   3B0401310000EC952E97B0042A0DDABD00004B9A4DF801090100080100885A00                        door_aot_se             4, SCE_DOOR, SAT_PL | SAT_MANUAL | SAT_FRONT, 0, 0, -27156, -26834, 1200, 3370, -16934, 0, -26037, -1971, 1, 9, 1, 0, 8, 1, 0, 136, ITEM_DIAMONDKEY, 0
0F96:   2C0804310000A69331D90208AE0602000000FFFF                                                aot_set                 8, SCE_MESSAGE, SAT_PL | SAT_MANUAL | SAT_FRONT, 0, 0, -27738, -9935, 2050, 1710, 2, 0, 0, 0, 255, 255
0FAA:   2C0A04310000029223D3CA08220603000000FFFF                                                aot_set                 10, SCE_MESSAGE, SAT_PL | SAT_MANUAL | SAT_FRONT, 0, 0, -28158, -11485, 2250, 1570, 3, 0, 0, 0, 255, 255
0FBE:   2C0B04310000B0A73FC64605E60504000000FFFF                                                aot_set                 11, SCE_MESSAGE, SAT_PL | SAT_MANUAL | SAT_FRONT, 0, 0, -22608, -14785, 1350, 1510, 4, 0, 0, 0, 255, 255
0FD2:   2C0C0431000042B1C3C49209620705000000FFFF                                                aot_set                 12, SCE_MESSAGE, SAT_PL | SAT_MANUAL | SAT_FRONT, 0, 0, -20158, -15165, 2450, 1890, 5, 0, 0, 0, 255, 255
0FE6:   2C0D04310000A8B9D3D7C611060906000000FFFF                                                aot_set                 13, SCE_MESSAGE, SAT_PL | SAT_MANUAL | SAT_FRONT, 0, 0, -18008, -10285, 4550, 2310, 6, 0, 0, 0, 255, 255
0FFA:   4E050231000029C994D3F609CC062600010094000001                                            item_aot_set            5, SCE_ITEM, SAT_PL | SAT_MANUAL | SAT_FRONT, 0, 0, -14039, -11372, 2550, 1740, ITEM_HERBG, 1, 148, 0, 1
1010:   2D0000000000000000000A00100060CA000073D6000000000000000000000000000000000000            obj_model_set           0, 0, 0, 0, 0, 0, 0, 10, 16, -13728, 0, -10637, 0, 0, 0, 0, 0, 0, 0, 0, 0, 0, 0
1036:   4E060231000029C9C8D6F609CC0626000100A7000101                                            item_aot_set            6, SCE_ITEM, SAT_PL | SAT_MANUAL | SAT_FRONT, 0, 0, -14039, -10552, 2550, 1740, ITEM_HERBG, 1, 167, 1, 1
104C:   2D0100000000000000000A00100060CA0000CBD8000000000000000000000000000000000000            obj_model_set           1, 0, 0, 0, 0, 0, 0, 10, 16, -13728, 0, -10037, 0, 0, 0, 0, 0, 0, 0, 0, 0, 0, 0
1072:   06005E00                                                                                if                      0, off_10D4
1076:   21010100                                                                                ck                      FG_GAME, F_SCENARIO, 0
107A:   440000130600002C0047EB9B0000A9B0D50000000000                                            sce_em_set              0, 0, ENEMY_ZOMBIE_GIRL, 6, 0, 0, 44, 0, 71, -25621, 0, -20311, 213, 0, 0
1090:   4400011F0000002A014876AA00005ECDE90B00000000                                            sce_em_set              0, 1, ENEMY_ZOMBIE_RANDOM, 0, 0, 0, 42, 1, 72, -21898, 0, -12962, 3049, 0, 0
10A6:   4400021F0600002A0173EEB900006AD63D0600000000                                            sce_em_set              0, 2, ENEMY_ZOMBIE_RANDOM, 6, 0, 0, 42, 1, 115, -17938, 0, -10646, 1597, 0, 0
10BC:   4400031F0600002A0174279B0000D9D08B1100000000                                            sce_em_set              0, 3, ENEMY_ZOMBIE_RANDOM, 6, 0, 0, 42, 1, 116, -25817, 0, -12071, 4491, 0, 0
10D2:   08                                                                                      endif
10D3:   00                                                                                      nop

off_10D4:
10D4:   0100                                                                                    evt_end                 0

.main
.proc main
10E4:   06000A00                                                                                if                      0, off_10F2
10E8:   21010601                                                                                ck                      FG_GAME, F_BONUS, 1
10EC:   1805                                                                                    gosub                   main_05
10EE:   0100                                                                                    evt_end                 0
10F0:   08                                                                                      endif
10F1:   00                                                                                      nop

off_10F2:
10F2:   1802                                                                                    gosub                   main_02
10F4:   0100                                                                                    evt_end                 0

.proc aot
10F6:   06000800                                                                                if                      0, off_1102
10FA:   21010601                                                                                ck                      FG_GAME, F_BONUS, 1
10FE:   0100                                                                                    evt_end                 0
1100:   08                                                                                      endif
1101:   00                                                                                      nop

off_1102:
1102:   0100                                                                                    evt_end                 0

.proc main_02
1104:   06005E00                                                                                if                      0, off_1166
1108:   21010101                                                                                ck                      FG_GAME, F_SCENARIO, 1
110C:   06002800                                                                                if                      0, off_1138
1110:   211D0901                                                                                ck                      FG_LOCK, 9, 1
1114:   06001A00                                                                                if                      0, off_1132
1118:   21049901                                                                                ck                      FG_GENERAL_1, 153, 1
111C:   06000A00                                                                                if                      0, off_112A
1120:   21087700                                                                                ck                      FG_ITEM, 119, 0
1124:   1803                                                                                    gosub                   main_03
1126:   07000800                                                                                else                    0, off_112E

off_112A:
112A:   1804                                                                                    gosub                   main_04
112C:   00                                                                                      nop
112D:   00                                                                                      nop

off_112E:
112E:   07000600                                                                                else                    0, off_1134

off_1132:
1132:   00                                                                                      nop
1133:   00                                                                                      nop

off_1134:
1134:   07003000                                                                                else                    0, off_1164

off_1138:
1138:   06002600                                                                                if                      0, off_1162
113C:   211D0A00                                                                                ck                      FG_LOCK, 10, 0
1140:   06001A00                                                                                if                      0, off_115E
1144:   21049901                                                                                ck                      FG_GENERAL_1, 153, 1
1148:   06000A00                                                                                if                      0, off_1156
114C:   21087700                                                                                ck                      FG_ITEM, 119, 0
1150:   1803                                                                                    gosub                   main_03
1152:   07000800                                                                                else                    0, off_115A

off_1156:
1156:   1804                                                                                    gosub                   main_04
1158:   00                                                                                      nop
1159:   00                                                                                      nop

off_115A:
115A:   07000600                                                                                else                    0, off_1160

off_115E:
115E:   00                                                                                      nop
115F:   00                                                                                      nop

off_1160:
1160:   08                                                                                      endif
1161:   00                                                                                      nop

off_1162:
1162:   00                                                                                      nop
1163:   00                                                                                      nop

off_1164:
1164:   08                                                                                      endif
1165:   00                                                                                      nop

off_1166:
1166:   0100                                                                                    evt_end                 0

.proc main_03
1168:   440000130600002C00475A9B0000FCCF2D0E00000000                                            sce_em_set              0, 0, ENEMY_ZOMBIE_GIRL, 6, 0, 0, 44, 0, 71, -25766, 0, -12292, 3629, 0, 0
117E:   4400011F0600002A014806A40000D6CC971900000000                                            sce_em_set              0, 1, ENEMY_ZOMBIE_RANDOM, 6, 0, 0, 42, 1, 72, -23546, 0, -13098, 6551, 0, 0
1194:   4400021F0600002A01736C9D000097B2E10E00000000                                            sce_em_set              0, 2, ENEMY_ZOMBIE_RANDOM, 6, 0, 0, 42, 1, 115, -25236, 0, -19817, 3809, 0, 0
11AA:   4400031F0600002A017409A9000020D5710600000000                                            sce_em_set              0, 3, ENEMY_ZOMBIE_RANDOM, 6, 0, 0, 42, 1, 116, -22263, 0, -10976, 1649, 0, 0
11C0:   4400041F0600002A01B7399B0000B2D751FC00000000                                            sce_em_set              0, 4, ENEMY_ZOMBIE_RANDOM, 6, 0, 0, 42, 1, 183, -25799, 0, -10318, -943, 0, 0
11D6:   0100                                                                                    evt_end                 0

.proc main_04
11D8:   440000130000002C00BA91C80000E9D7D30600000000                                            sce_em_set              0, 0, ENEMY_ZOMBIE_GIRL, 0, 0, 0, 44, 0, 186, -14191, 0, -10263, 1747, 0, 0
11EE:   4400011F0000002A01BBE899000051D5190100000000                                            sce_em_set              0, 1, ENEMY_ZOMBIE_RANDOM, 0, 0, 0, 42, 1, 187, -26136, 0, -10927, 281, 0, 0
1204:   0100                                                                                    evt_end                 0

.proc main_05
1206:   3B01013100004296D1B92404280A89F40000E2BB29F801050800000100000000                        door_aot_se             1, SCE_DOOR, SAT_PL | SAT_MANUAL | SAT_FRONT, 0, 0, -27070, -17967, 1060, 2600, -2935, 0, -17438, -2007, 1, 5, 8, 0, 0, 1, 0, 0, UNLOCKED, 0
1226:   2C0204310000C9BFF0C7960A420407000000FFFF                                                aot_set                 2, SCE_MESSAGE, SAT_PL | SAT_MANUAL | SAT_FRONT, 0, 0, -16439, -14352, 2710, 1090, 7, 0, 0, 0, 255, 255
123A:   3B0301310000B8A4A2DBD007800CDE1C0000B003C0F3000C00000F0400000000                        door_aot_se             3, SCE_DOOR, SAT_PL | SAT_MANUAL | SAT_FRONT, 0, 0, -23368, -9310, 2000, 3200, 7390, 0, 944, -3136, 0, 12, 0, 0, 15, 4, 0, 0, UNLOCKED, 0
125A:   2C0404310000EC952E97B0042A0D07000000FFFF                                                aot_set                 4, SCE_MESSAGE, SAT_PL | SAT_MANUAL | SAT_FRONT, 0, 0, -27156, -26834, 1200, 3370, 7, 0, 0, 0, 255, 255
126E:   44000039110000130075A29D000027D2D90300000000                                            sce_em_set              0, 0, ENEMY_IVY_PURPLE, 17, 0, 0, 19, 0, 117, -25182, 0, -11737, 985, 0, 0
1284:   44000139110000130076CFA50000EACEED0600000000                                            sce_em_set              0, 1, ENEMY_IVY_PURPLE, 17, 0, 0, 19, 0, 118, -23089, 0, -12566, 1773, 0, 0
129A:   4400022F0020000000FF20B30000F7D3960000000000                                            sce_em_set              0, 2, ENEMY_VINES, 0, 32, 0, 0, 0, 255, -19680, 0, -11273, 150, 0, 0
12B0:   0100                                                                                    evt_end                 0
