.version 2

.init
.proc init
0CBA:   3B0001310000ABBF6A986E052607569B0000BF9E880E01070000080000000000                        door_aot_se             0, SCE_DOOR, SAT_PL | SAT_MANUAL | SAT_FRONT, 0, 0, -16469, -26518, 1390, 1830, -25770, 0, -24897, 3720, 1, 7, 0, 0, 8, 0, 0, 0, UNLOCKED, 0
0CDA:   3B070131000057A0E8926608A20367A50000FAD990030102030008000083FE00                        door_aot_se             7, SCE_DOOR, SAT_PL | SAT_MANUAL | SAT_FRONT, 0, 0, -24489, -27928, 2150, 930, -23193, 0, -9734, 912, 1, 2, 3, 0, 8, 0, 0, 131, UNLOCK, 0
0CFA:   06001E00                                                                                if                      0, off_0D1C
0CFE:   21010100                                                                                ck                      FG_GAME, F_SCENARIO, 0
0D02:   4E020231000000000000000000004400010045000100                                            item_aot_set            2, SCE_ITEM, SAT_PL | SAT_MANUAL | SAT_FRONT, 0, 0, 0, 0, 0, 0, ITEM_FILMA, 1, 69, 1, 0
0D18:   07001C00                                                                                else                    0, off_0D34

off_0D1C:
0D1C:   4E020231000000000000000000004500010046000100                                            item_aot_set            2, SCE_ITEM, SAT_PL | SAT_MANUAL | SAT_FRONT, 0, 0, 0, 0, 0, 0, ITEM_FILMB, 1, 70, 1, 0
0D32:   00                                                                                      nop
0D33:   00                                                                                      nop

off_0D34:
0D34:   2C0403310000F5A64CA5E8082003000000000000                                                aot_set                 4, SCE_NORMAL, SAT_PL | SAT_MANUAL | SAT_FRONT, 0, 0, -22795, -23220, 2280, 800, 0, 0, 0, 0, 0, 0
0D48:   2C0503310000F69E76AA5A0A3403000000000000                                                aot_set                 5, SCE_NORMAL, SAT_PL | SAT_MANUAL | SAT_FRONT, 0, 0, -24842, -21898, 2650, 820, 0, 0, 0, 0, 0, 0
0D5C:   2C06033100004393329BFE06EA0B000000000000                                                aot_set                 6, SCE_NORMAL, SAT_PL | SAT_MANUAL | SAT_FRONT, 0, 0, -27837, -25806, 1790, 3050, 0, 0, 0, 0, 0, 0
0D70:   06008A00                                                                                if                      0, off_0DFE
0D74:   21010100                                                                                ck                      FG_GAME, F_SCENARIO, 0
0D78:   4400001F0600000303837E9C0000C99D4F0000000000                                            sce_em_set              0, 0, ENEMY_ZOMBIE_RANDOM, 6, 0, 0, 3, 3, 131, -25474, 0, -25143, 79, 0, 0
0D8E:   4400011F0600002A0384ECA6000083A31D0400000000                                            sce_em_set              0, 1, ENEMY_ZOMBIE_RANDOM, 6, 0, 0, 42, 3, 132, -22804, 0, -23677, 1053, 0, 0
0DA4:   4400021F060000030385CBB30000249F950700000000                                            sce_em_set              0, 2, ENEMY_ZOMBIE_RANDOM, 6, 0, 0, 3, 3, 133, -19509, 0, -24796, 1941, 0, 0
0DBA:   4400031F0600002A0386C4BD0000C1AC600700000000                                            sce_em_set              0, 3, ENEMY_ZOMBIE_RANDOM, 6, 0, 0, 42, 3, 134, -16956, 0, -21311, 1888, 0, 0
0DD0:   4400041F00000003038781AC0000B2AF680D00000000                                            sce_em_set              0, 4, ENEMY_ZOMBIE_RANDOM, 0, 0, 0, 3, 3, 135, -21375, 0, -20558, 3432, 0, 0
0DE6:   4400051F0000002A03882CA80000B1B3380000000000                                            sce_em_set              0, 5, ENEMY_ZOMBIE_RANDOM, 0, 0, 0, 42, 3, 136, -22484, 0, -19535, 56, 0, 0
0DFC:   08                                                                                      endif
0DFD:   00                                                                                      nop

off_0DFE:
0DFE:   0100                                                                                    evt_end                 0

.main
.proc main
0E08:   06001200                                                                                if                      0, off_0E1E
0E0C:   21084700                                                                                ck                      FG_ITEM, 71, 0
0E10:   46040531FF0018020000                                                                    aot_reset               4, SCE_EVENT, SAT_PL | SAT_MANUAL | SAT_FRONT, 255, 0, I_GOSUB, main_02, 0, 0
0E1A:   07001000                                                                                else                    0, off_0E2A

off_0E1E:
0E1E:   46040000000000000000                                                                    aot_reset               4, SCE_AUTO, SAT_AUTO, 0, 0, 0, 0, 0, 0
0E28:   00                                                                                      nop
0E29:   00                                                                                      nop

off_0E2A:
0E2A:   06002A00                                                                                if                      0, off_0E58
0E2E:   21010100                                                                                ck                      FG_GAME, F_SCENARIO, 0
0E32:   06001200                                                                                if                      0, off_0E48
0E36:   21084500                                                                                ck                      FG_ITEM, 69, 0
0E3A:   46050531FF0018030000                                                                    aot_reset               5, SCE_EVENT, SAT_PL | SAT_MANUAL | SAT_FRONT, 255, 0, I_GOSUB, main_03, 0, 0
0E44:   07001000                                                                                else                    0, off_0E54

off_0E48:
0E48:   46050000000000000000                                                                    aot_reset               5, SCE_AUTO, SAT_AUTO, 0, 0, 0, 0, 0, 0
0E52:   00                                                                                      nop
0E53:   00                                                                                      nop

off_0E54:
0E54:   07002800                                                                                else                    0, off_0E7C

off_0E58:
0E58:   06001200                                                                                if                      0, off_0E6E
0E5C:   21084600                                                                                ck                      FG_ITEM, 70, 0
0E60:   46050531FF0018030000                                                                    aot_reset               5, SCE_EVENT, SAT_PL | SAT_MANUAL | SAT_FRONT, 255, 0, I_GOSUB, main_03, 0, 0
0E6A:   07001000                                                                                else                    0, off_0E7A

off_0E6E:
0E6E:   46050000000000000000                                                                    aot_reset               5, SCE_AUTO, SAT_AUTO, 0, 0, 0, 0, 0, 0
0E78:   00                                                                                      nop
0E79:   00                                                                                      nop

off_0E7A:
0E7A:   00                                                                                      nop
0E7B:   00                                                                                      nop

off_0E7C:
0E7C:   460604310300000000FF                                                                    aot_reset               6, SCE_MESSAGE, SAT_PL | SAT_MANUAL | SAT_FRONT, 3, 0, 0, 0, 0, 255
0E86:   2D0000000000000000000A001000000000000000000000090000000000000000000000000000            obj_model_set           0, 0, 0, 0, 0, 0, 0, 10, 16, 0, 0, 0, 0, 2304, 0, 0, 0, 0, 0, 0, 0, 0, 0
0EAC:   2D0100000000000000000A001000000000000000C00DC0EE82FA000000000000000000000000            obj_model_set           1, 0, 0, 0, 0, 0, 0, 10, 16, 0, 0, 0, 3520, -4416, -1406, 0, 0, 0, 0, 0, 0, 0, 0
0ED2:   4E030231000000000000000000001500070047000000                                            item_aot_set            3, SCE_ITEM, SAT_PL | SAT_MANUAL | SAT_FRONT, 0, 0, 0, 0, 0, 0, ITEM_SHOTGUNAMMO, 7, 71, 0, 0
0EE8:   06001E00                                                                                if                      0, off_0F0A
0EEC:   21010100                                                                                ck                      FG_GAME, F_SCENARIO, 0
0EF0:   4E020231000000000000000000004400010045000100                                            item_aot_set            2, SCE_ITEM, SAT_PL | SAT_MANUAL | SAT_FRONT, 0, 0, 0, 0, 0, 0, ITEM_FILMA, 1, 69, 1, 0
0F06:   07001C00                                                                                else                    0, off_0F22

off_0F0A:
0F0A:   4E020231000000000000000000004500010046000100                                            item_aot_set            2, SCE_ITEM, SAT_PL | SAT_MANUAL | SAT_FRONT, 0, 0, 0, 0, 0, 0, ITEM_FILMB, 1, 70, 1, 0
0F20:   00                                                                                      nop
0F21:   00                                                                                      nop

off_0F22:
0F22:   0100                                                                                    evt_end                 0

.proc aot
0F24:   0100                                                                                    evt_end                 0

.proc main_02
0F26:   46040000000000000000                                                                    aot_reset               4, SCE_AUTO, SAT_AUTO, 0, 0, 0, 0, 0, 0
0F30:   22020701                                                                                set                     FG_STATE, 7, 1
0F34:   22020201                                                                                set                     FG_STATE, 2, 1
0F38:   2904                                                                                    cut_chg                 4
0F3A:   36022801000052ACF8F81AA5                                                                se_on                   2, 296, 0, -21422, -1800, -23270
0F46:   2E0100                                                                                  work_set                WK_PLAYER, 0
0F49:   00                                                                                      nop
0F4A:   3D1000                                                                                  member_copy             V_TEMP, 0
0F4D:   00                                                                                      nop
0F4E:   260005100004                                                                            calc                    0, OP_OR, V_TEMP, 1024
0F54:   350010                                                                                  member_set2             0, V_TEMP
0F57:   00                                                                                      nop
0F58:   3D1001                                                                                  member_copy             V_TEMP, 1
0F5B:   00                                                                                      nop
0F5C:   260005100800                                                                            calc                    0, OP_OR, V_TEMP, 8
0F62:   350110                                                                                  member_set2             1, V_TEMP
0F65:   00                                                                                      nop
0F66:   06002000                                                                                if                      0, off_0F8A
0F6A:   21084700                                                                                ck                      FG_ITEM, 71, 0
0F6E:   2E0400                                                                                  work_set                WK_OBJECT, 0
0F71:   00                                                                                      nop
0F72:   320082B07CFC22A7                                                                        pos_set                 0, -20350, -900, -22750
0F7A:   3D1000                                                                                  member_copy             V_TEMP, 0
0F7D:   00                                                                                      nop
0F7E:   260005101000                                                                            calc                    0, OP_OR, V_TEMP, 16
0F84:   350010                                                                                  member_set2             0, V_TEMP
0F87:   00                                                                                      nop
0F88:   08                                                                                      endif
0F89:   00                                                                                      nop

off_0F8A:
0F8A:   090A1E00                                                                                sleep                   10, 30
0F8E:   06001200                                                                                if                      0, off_0FA4
0F92:   21084700                                                                                ck                      FG_ITEM, 71, 0
0F96:   4703                                                                                    aot_on                  3
0F98:   02                                                                                      evt_next
0F99:   22020701                                                                                set                     FG_STATE, 7, 1
0F9D:   22020201                                                                                set                     FG_STATE, 2, 1
0FA1:   00                                                                                      nop
0FA2:   08                                                                                      endif
0FA3:   00                                                                                      nop

off_0FA4:
0FA4:   2A                                                                                      cut_old
0FA5:   2E0100                                                                                  work_set                WK_PLAYER, 0
0FA8:   3D1000                                                                                  member_copy             V_TEMP, 0
0FAB:   00                                                                                      nop
0FAC:   26000610FFFB                                                                            calc                    0, OP_AND, V_TEMP, -1025
0FB2:   350010                                                                                  member_set2             0, V_TEMP
0FB5:   00                                                                                      nop
0FB6:   3D1001                                                                                  member_copy             V_TEMP, 1
0FB9:   00                                                                                      nop
0FBA:   26000610F7FF                                                                            calc                    0, OP_AND, V_TEMP, -9
0FC0:   350110                                                                                  member_set2             1, V_TEMP
0FC3:   00                                                                                      nop
0FC4:   2E0400                                                                                  work_set                WK_OBJECT, 0
0FC7:   00                                                                                      nop
0FC8:   3200000000000000                                                                        pos_set                 0, 0, 0, 0
0FD0:   3C01                                                                                    cut_auto                1
0FD2:   06001000                                                                                if                      0, off_0FE6
0FD6:   21084700                                                                                ck                      FG_ITEM, 71, 0
0FDA:   46040531FF0018020000                                                                    aot_reset               4, SCE_EVENT, SAT_PL | SAT_MANUAL | SAT_FRONT, 255, 0, I_GOSUB, main_02, 0, 0
0FE4:   08                                                                                      endif
0FE5:   00                                                                                      nop

off_0FE6:
0FE6:   22020700                                                                                set                     FG_STATE, 7, 0
0FEA:   22020200                                                                                set                     FG_STATE, 2, 0
0FEE:   0100                                                                                    evt_end                 0

.proc main_03
0FF0:   46050000000000000000                                                                    aot_reset               5, SCE_AUTO, SAT_AUTO, 0, 0, 0, 0, 0, 0
0FFA:   22020701                                                                                set                     FG_STATE, 7, 1
0FFE:   22020201                                                                                set                     FG_STATE, 2, 1
1002:   2905                                                                                    cut_chg                 5
1004:   36022801000081ABF8F84EAA                                                                se_on                   2, 296, 0, -21631, -1800, -21938
1010:   2E0100                                                                                  work_set                WK_PLAYER, 0
1013:   00                                                                                      nop
1014:   3D1000                                                                                  member_copy             V_TEMP, 0
1017:   00                                                                                      nop
1018:   260005100004                                                                            calc                    0, OP_OR, V_TEMP, 1024
101E:   350010                                                                                  member_set2             0, V_TEMP
1021:   00                                                                                      nop
1022:   3D1001                                                                                  member_copy             V_TEMP, 1
1025:   00                                                                                      nop
1026:   260005100800                                                                            calc                    0, OP_OR, V_TEMP, 8
102C:   350110                                                                                  member_set2             1, V_TEMP
102F:   00                                                                                      nop
1030:   2E0401                                                                                  work_set                WK_OBJECT, 1
1033:   00                                                                                      nop
1034:   3200C4A5C0F904AC                                                                        pos_set                 0, -23100, -1600, -21500
103C:   3D1000                                                                                  member_copy             V_TEMP, 0
103F:   00                                                                                      nop
1040:   260005101000                                                                            calc                    0, OP_OR, V_TEMP, 16
1046:   350010                                                                                  member_set2             0, V_TEMP
1049:   00                                                                                      nop
104A:   090A1E00                                                                                sleep                   10, 30
104E:   4702                                                                                    aot_on                  2
1050:   02                                                                                      evt_next
1051:   22020701                                                                                set                     FG_STATE, 7, 1
1055:   22020201                                                                                set                     FG_STATE, 2, 1
1059:   2A                                                                                      cut_old
105A:   2E0401                                                                                  work_set                WK_OBJECT, 1
105D:   00                                                                                      nop
105E:   3200000000000000                                                                        pos_set                 0, 0, 0, 0
1066:   2E0100                                                                                  work_set                WK_PLAYER, 0
1069:   00                                                                                      nop
106A:   3D1000                                                                                  member_copy             V_TEMP, 0
106D:   00                                                                                      nop
106E:   26000610FFFB                                                                            calc                    0, OP_AND, V_TEMP, -1025
1074:   350010                                                                                  member_set2             0, V_TEMP
1077:   00                                                                                      nop
1078:   3D1001                                                                                  member_copy             V_TEMP, 1
107B:   00                                                                                      nop
107C:   26000610F7FF                                                                            calc                    0, OP_AND, V_TEMP, -9
1082:   350110                                                                                  member_set2             1, V_TEMP
1085:   00                                                                                      nop
1086:   3C01                                                                                    cut_auto                1
1088:   06001C00                                                                                if                      0, off_10A8
108C:   21010100                                                                                ck                      FG_GAME, F_SCENARIO, 0
1090:   06001000                                                                                if                      0, off_10A4
1094:   21084500                                                                                ck                      FG_ITEM, 69, 0
1098:   46050531FF0018030000                                                                    aot_reset               5, SCE_EVENT, SAT_PL | SAT_MANUAL | SAT_FRONT, 255, 0, I_GOSUB, main_03, 0, 0
10A2:   08                                                                                      endif
10A3:   00                                                                                      nop

off_10A4:
10A4:   07001A00                                                                                else                    0, off_10BE

off_10A8:
10A8:   06001000                                                                                if                      0, off_10BC
10AC:   21084600                                                                                ck                      FG_ITEM, 70, 0
10B0:   46050531FF0018030000                                                                    aot_reset               5, SCE_EVENT, SAT_PL | SAT_MANUAL | SAT_FRONT, 255, 0, I_GOSUB, main_03, 0, 0
10BA:   08                                                                                      endif
10BB:   00                                                                                      nop

off_10BC:
10BC:   00                                                                                      nop
10BD:   00                                                                                      nop

off_10BE:
10BE:   22020700                                                                                set                     FG_STATE, 7, 0
10C2:   22020200                                                                                set                     FG_STATE, 2, 0
10C6:   0100                                                                                    evt_end                 0
