.version 2

.init
.proc init
2F12:   3B00013100002391AEAED0070410B8CC00009ED981F8010A0000040200000000                        door_aot_se             0, SCE_DOOR, SAT_PL | SAT_MANUAL | SAT_FRONT, 0, 0, -28381, -20818, 2000, 4100, -13128, 0, -9826, -1919, 1, 10, 0, 0, 4, 2, 0, 0, UNLOCKED, 0
2F32:   06002800                                                                                if                      0, off_2F5E
2F36:   21010600                                                                                ck                      FG_GAME, F_BONUS, 0
2F3A:   3B0101310000BFF43AD2D007E204199F0000469941FC010F0000050100845B00                        door_aot_se             1, SCE_DOOR, SAT_PL | SAT_MANUAL | SAT_FRONT, 0, 0, -2881, -11718, 2000, 1250, -24807, 0, -26298, -959, 1, 15, 0, 0, 5, 1, 0, 132, ITEM_HEARTKEY, 0
2F5A:   07002600                                                                                else                    0, off_2F80

off_2F5E:
2F5E:   3B0101310000BFF43AD2D007E204199F0000469941FC010F0000050100000000                        door_aot_se             1, SCE_DOOR, SAT_PL | SAT_MANUAL | SAT_FRONT, 0, 0, -2881, -11718, 2000, 1250, -24807, 0, -26298, -959, 1, 15, 0, 0, 5, 1, 0, 0, UNLOCKED, 0
2F7E:   00                                                                                      nop
2F7F:   00                                                                                      nop

off_2F80:
2F80:   3B0201310000E9FE3F984C04280ADCAE0000AF9D680000160000130000000000                        door_aot_se             2, SCE_DOOR, SAT_PL | SAT_MANUAL | SAT_FRONT, 0, 0, -279, -26561, 1100, 2600, -20772, 0, -25169, 104, 0, 22, 0, 0, 19, 0, 0, 0, UNLOCKED, 0
2FA0:   0600AC00                                                                                if                      0, off_3050
2FA4:   21010601                                                                                ck                      FG_GAME, F_BONUS, 1
2FA8:   460204311200000000FF                                                                    aot_reset               2, SCE_MESSAGE, SAT_PL | SAT_MANUAL | SAT_FRONT, 18, 0, 0, 0, 0, 255
2FB2:   4400001F06000003034B99F9000054A9F50B00000000                                            sce_em_set              0, 0, ENEMY_ZOMBIE_RANDOM, 6, 0, 0, 3, 3, 75, -1639, 0, -22188, 3061, 0, 0
2FC8:   4400011F00000003034C81B3000044B8310000000000                                            sce_em_set              0, 1, ENEMY_ZOMBIE_RANDOM, 0, 0, 0, 3, 3, 76, -19583, 0, -18364, 49, 0, 0
2FDE:   4400021F00000003034D99C60000DBC9280400000000                                            sce_em_set              0, 2, ENEMY_ZOMBIE_RANDOM, 0, 0, 0, 3, 3, 77, -14695, 0, -13861, 1064, 0, 0
2FF4:   4400031F06000003034E25A000006A9EF10D00000000                                            sce_em_set              0, 3, ENEMY_ZOMBIE_RANDOM, 6, 0, 0, 3, 3, 78, -24539, 0, -24982, 3569, 0, 0
300A:   4400041F06000003034FFBA3000015C1D50400000000                                            sce_em_set              0, 4, ENEMY_ZOMBIE_RANDOM, 6, 0, 0, 3, 3, 79, -23557, 0, -16107, 1237, 0, 0
3020:   4400051F0000000303505FE80000E9A78B0B00000000                                            sce_em_set              0, 5, ENEMY_ZOMBIE_RANDOM, 0, 0, 0, 3, 3, 80, -6049, 0, -22551, 2955, 0, 0
3036:   4400061F06000003039A9CCA0000EE9BFF0F00000000                                            sce_em_set              0, 6, ENEMY_ZOMBIE_RANDOM, 6, 0, 0, 3, 3, 154, -13668, 0, -25618, 4095, 0, 0
304C:   07003C00                                                                                else                    0, off_3088

off_3050:
3050:   4400001F0240000303FF6FF7000075A0010E00000000                                            sce_em_set              0, 0, ENEMY_ZOMBIE_RANDOM, 2, 64, 0, 3, 3, 255, -2193, 0, -24459, 3585, 0, 0
3066:   2E0300                                                                                  work_set                WK_ENEMY, 0
3069:   00                                                                                      nop
306A:   3D1000                                                                                  member_copy             V_TEMP, 0
306D:   00                                                                                      nop
306E:   260005100400                                                                            calc                    0, OP_OR, V_TEMP, 4
3074:   350010                                                                                  member_set2             0, V_TEMP
3077:   00                                                                                      nop
3078:   3D1000                                                                                  member_copy             V_TEMP, 0
307B:   00                                                                                      nop
307C:   260005100200                                                                            calc                    0, OP_OR, V_TEMP, 2
3082:   350010                                                                                  member_set2             0, V_TEMP
3085:   00                                                                                      nop
3086:   00                                                                                      nop
3087:   00                                                                                      nop

off_3088:
3088:   2D0000000000000000000A00000064D57EEB18AB000000000000000000000000000000000000            obj_model_set           0, 0, 0, 0, 0, 0, 0, 10, 0, -10908, -5250, -21736, 0, 0, 0, 0, 0, 0, 0, 0, 0, 0, 0
30AE:   2D0100000000000000000A0000006AAB7EEB6AC6000000000000000000000000000000000000            obj_model_set           1, 0, 0, 0, 0, 0, 0, 10, 0, -21654, -5250, -14742, 0, 0, 0, 0, 0, 0, 0, 0, 0, 0, 0
30D4:   0100                                                                                    evt_end                 0

.main
.proc main
30F4:   06000C00                                                                                if                      0, off_3104
30F8:   21010601                                                                                ck                      FG_GAME, F_BONUS, 1
30FC:   04FF1809                                                                                evt_exec                255, I_GOSUB, main_09
3100:   0100                                                                                    evt_end                 0
3102:   08                                                                                      endif
3103:   00                                                                                      nop

off_3104:
3104:   180B                                                                                    gosub                   main_0B
3106:   1808                                                                                    gosub                   main_08
3108:   2C09033100004DCF5FCDBE05A406000000000000                                                aot_set                 9, SCE_NORMAL, SAT_PL | SAT_MANUAL | SAT_FRONT, 0, 0, -12467, -12961, 1470, 1700, 0, 0, 0, 0, 0, 0
311C:   2D0500000000000000000A001000204E204E204E000080F70000000000000000000000000000            obj_model_set           5, 0, 0, 0, 0, 0, 0, 10, 16, 20000, 20000, 20000, 0, -2176, 0, 0, 0, 0, 0, 0, 0, 0, 0
3142:   4E0A02310000204E204EBE05A406150007004E000500                                            item_aot_set            10, SCE_ITEM, SAT_PL | SAT_MANUAL | SAT_FRONT, 0, 0, 20000, 20000, 1470, 1700, ITEM_SHOTGUNAMMO, 7, 78, 5, 0
3158:   2D0800000000000000000A001000204E204E204E0000C0F80000000000000000000000000000            obj_model_set           8, 0, 0, 0, 0, 0, 0, 10, 16, 20000, 20000, 20000, 0, -1856, 0, 0, 0, 0, 0, 0, 0, 0, 0
317E:   2C0B05310000204E204EBE05A406FF00180A0000                                                aot_set                 11, SCE_EVENT, SAT_PL | SAT_MANUAL | SAT_FRONT, 0, 0, 20000, 20000, 1470, 1700, 255, 0, I_GOSUB, main_0A, 0, 0
3192:   06001200                                                                                if                      0, off_31A8
3196:   21042500                                                                                ck                      FG_GENERAL_1, 37, 0
319A:   46090531FF0018020000                                                                    aot_reset               9, SCE_EVENT, SAT_PL | SAT_MANUAL | SAT_FRONT, 255, 0, I_GOSUB, main_02, 0, 0
31A4:   07003600                                                                                else                    0, off_31DA

off_31A8:
31A8:   46090531FF0018040000                                                                    aot_reset               9, SCE_EVENT, SAT_PL | SAT_MANUAL | SAT_FRONT, 255, 0, I_GOSUB, main_04, 0, 0
31B2:   06001600                                                                                if                      0, off_31CC
31B6:   21084E01                                                                                ck                      FG_ITEM, 78, 1
31BA:   21085301                                                                                ck                      FG_ITEM, 83, 1
31BE:   46090000000000000000                                                                    aot_reset               9, SCE_AUTO, SAT_AUTO, 0, 0, 0, 0, 0, 0
31C8:   07001000                                                                                else                    0, off_31D8

off_31CC:
31CC:   46090531FF0018040000                                                                    aot_reset               9, SCE_EVENT, SAT_PL | SAT_MANUAL | SAT_FRONT, 255, 0, I_GOSUB, main_04, 0, 0
31D6:   00                                                                                      nop
31D7:   00                                                                                      nop

off_31D8:
31D8:   00                                                                                      nop
31D9:   00                                                                                      nop

off_31DA:
31DA:   06004200                                                                                if                      0, off_3220
31DE:   21010101                                                                                ck                      FG_GAME, F_SCENARIO, 1
31E2:   2D0700000000000000000A001000F7EC56FADB98C0FC00F000FD000000000000000000000000            obj_model_set           7, 0, 0, 0, 0, 0, 0, 10, 16, -4873, -1450, -26405, -832, -4096, -768, 0, 0, 0, 0, 0, 0, 0, 0
3208:   4E030231000013E95B9534087A083200010052000700                                            item_aot_set            3, SCE_ITEM, SAT_PL | SAT_MANUAL | SAT_FRONT, 0, 0, -5869, -27301, 2100, 2170, ITEM_VALVEHANDLE, 1, 82, 7, 0
321E:   08                                                                                      endif
321F:   00                                                                                      nop

off_3220:
3220:   04FF1809                                                                                evt_exec                255, I_GOSUB, main_09
3224:   04FF1807                                                                                evt_exec                255, I_GOSUB, main_07
3228:   0100                                                                                    evt_end                 0

.proc aot
322A:   0100                                                                                    evt_end                 0

.proc main_02
322C:   22020201                                                                                set                     FG_STATE, 2, 1
3230:   22020701                                                                                set                     FG_STATE, 7, 1
3234:   290D                                                                                    cut_chg                 13
3236:   2E0100                                                                                  work_set                WK_PLAYER, 0
3239:   00                                                                                      nop
323A:   3D1000                                                                                  member_copy             V_TEMP, 0
323D:   00                                                                                      nop
323E:   260005100004                                                                            calc                    0, OP_OR, V_TEMP, 1024
3244:   350010                                                                                  member_set2             0, V_TEMP
3247:   00                                                                                      nop
3248:   3D1001                                                                                  member_copy             V_TEMP, 1
324B:   00                                                                                      nop
324C:   260005100800                                                                            calc                    0, OP_OR, V_TEMP, 8
3252:   350110                                                                                  member_set2             1, V_TEMP
3255:   00                                                                                      nop
3256:   22050500                                                                                set                     FG_GENERAL_2, 5, 0
325A:   22050600                                                                                set                     FG_GENERAL_2, 6, 0
325E:   22050700                                                                                set                     FG_GENERAL_2, 7, 0
3262:   22050800                                                                                set                     FG_GENERAL_2, 8, 0
3266:   2B000D00007F                                                                            message_on              0, 13, 0, 0, 127
326C:   02                                                                                      evt_next
326D:   00                                                                                      nop
326E:   04FF1803                                                                                evt_exec                255, I_GOSUB, main_03
3272:   06001E00                                                                                if                      0, off_3294
3276:   210B1D00                                                                                ck                      FG_INPUT, 29, 0
327A:   06001400                                                                                if                      0, off_3292
327E:   210B1E00                                                                                ck                      FG_INPUT, 30, 0
3282:   06000A00                                                                                if                      0, off_3290
3286:   210B1F01                                                                                ck                      FG_INPUT, F_QUESTION, 1
328A:   22050501                                                                                set                     FG_GENERAL_2, 5, 1
328E:   08                                                                                      endif
328F:   00                                                                                      nop

off_3290:
3290:   08                                                                                      endif
3291:   00                                                                                      nop

off_3292:
3292:   08                                                                                      endif
3293:   00                                                                                      nop

off_3294:
3294:   2B000E00007F                                                                            message_on              0, 14, 0, 0, 127
329A:   02                                                                                      evt_next
329B:   00                                                                                      nop
329C:   04FF1803                                                                                evt_exec                255, I_GOSUB, main_03
32A0:   06001E00                                                                                if                      0, off_32C2
32A4:   210B1D00                                                                                ck                      FG_INPUT, 29, 0
32A8:   06001400                                                                                if                      0, off_32C0
32AC:   210B1E00                                                                                ck                      FG_INPUT, 30, 0
32B0:   06000A00                                                                                if                      0, off_32BE
32B4:   210B1F01                                                                                ck                      FG_INPUT, F_QUESTION, 1
32B8:   22050601                                                                                set                     FG_GENERAL_2, 6, 1
32BC:   08                                                                                      endif
32BD:   00                                                                                      nop

off_32BE:
32BE:   08                                                                                      endif
32BF:   00                                                                                      nop

off_32C0:
32C0:   08                                                                                      endif
32C1:   00                                                                                      nop

off_32C2:
32C2:   2B000F00007F                                                                            message_on              0, 15, 0, 0, 127
32C8:   02                                                                                      evt_next
32C9:   00                                                                                      nop
32CA:   04FF1803                                                                                evt_exec                255, I_GOSUB, main_03
32CE:   06001E00                                                                                if                      0, off_32F0
32D2:   210B1D00                                                                                ck                      FG_INPUT, 29, 0
32D6:   06001400                                                                                if                      0, off_32EE
32DA:   210B1E01                                                                                ck                      FG_INPUT, 30, 1
32DE:   06000A00                                                                                if                      0, off_32EC
32E2:   210B1F00                                                                                ck                      FG_INPUT, F_QUESTION, 0
32E6:   22050701                                                                                set                     FG_GENERAL_2, 7, 1
32EA:   08                                                                                      endif
32EB:   00                                                                                      nop

off_32EC:
32EC:   08                                                                                      endif
32ED:   00                                                                                      nop

off_32EE:
32EE:   08                                                                                      endif
32EF:   00                                                                                      nop

off_32F0:
32F0:   2B001000007F                                                                            message_on              0, 16, 0, 0, 127
32F6:   02                                                                                      evt_next
32F7:   00                                                                                      nop
32F8:   04FF1803                                                                                evt_exec                255, I_GOSUB, main_03
32FC:   06001E00                                                                                if                      0, off_331E
3300:   210B1D01                                                                                ck                      FG_INPUT, 29, 1
3304:   06001400                                                                                if                      0, off_331C
3308:   210B1E00                                                                                ck                      FG_INPUT, 30, 0
330C:   06000A00                                                                                if                      0, off_331A
3310:   210B1F01                                                                                ck                      FG_INPUT, F_QUESTION, 1
3314:   22050801                                                                                set                     FG_GENERAL_2, 8, 1
3318:   08                                                                                      endif
3319:   00                                                                                      nop

off_331A:
331A:   08                                                                                      endif
331B:   00                                                                                      nop

off_331C:
331C:   08                                                                                      endif
331D:   00                                                                                      nop

off_331E:
331E:   06002800                                                                                if                      0, off_334A
3322:   21050501                                                                                ck                      FG_GENERAL_2, 5, 1
3326:   06001E00                                                                                if                      0, off_3348
332A:   21050601                                                                                ck                      FG_GENERAL_2, 6, 1
332E:   06001400                                                                                if                      0, off_3346
3332:   21050701                                                                                ck                      FG_GENERAL_2, 7, 1
3336:   06000A00                                                                                if                      0, off_3344
333A:   21050801                                                                                ck                      FG_GENERAL_2, 8, 1
333E:   22050901                                                                                set                     FG_GENERAL_2, 9, 1
3342:   08                                                                                      endif
3343:   00                                                                                      nop

off_3344:
3344:   08                                                                                      endif
3345:   00                                                                                      nop

off_3346:
3346:   08                                                                                      endif
3347:   00                                                                                      nop

off_3348:
3348:   08                                                                                      endif
3349:   00                                                                                      nop

off_334A:
334A:   06002400                                                                                if                      0, off_3372
334E:   21050901                                                                                ck                      FG_GENERAL_2, 9, 1
3352:   22042501                                                                                set                     FG_GENERAL_1, 37, 1
3356:   36020B010100000000000000                                                                se_on                   2, 267, 1, 0, 0, 0
3362:   46090531FF0018040000                                                                    aot_reset               9, SCE_EVENT, SAT_PL | SAT_MANUAL | SAT_FRONT, 255, 0, I_GOSUB, main_04, 0, 0
336C:   4709                                                                                    aot_on                  9
336E:   07003200                                                                                else                    0, off_33A0

off_3372:
3372:   290A                                                                                    cut_chg                 10
3374:   2E0100                                                                                  work_set                WK_PLAYER, 0
3377:   00                                                                                      nop
3378:   3D1000                                                                                  member_copy             V_TEMP, 0
337B:   00                                                                                      nop
337C:   26000610FFFB                                                                            calc                    0, OP_AND, V_TEMP, -1025
3382:   350010                                                                                  member_set2             0, V_TEMP
3385:   00                                                                                      nop
3386:   3D1001                                                                                  member_copy             V_TEMP, 1
3389:   00                                                                                      nop
338A:   26000610F7FF                                                                            calc                    0, OP_AND, V_TEMP, -9
3390:   350110                                                                                  member_set2             1, V_TEMP
3393:   00                                                                                      nop
3394:   22020700                                                                                set                     FG_STATE, 7, 0
3398:   22020200                                                                                set                     FG_STATE, 2, 0
339C:   3C01                                                                                    cut_auto                1
339E:   00                                                                                      nop
339F:   00                                                                                      nop

off_33A0:
33A0:   0100                                                                                    evt_end                 0

.proc main_03
33A2:   36020A010100000000000000                                                                se_on                   2, 266, 1, 0, 0, 0
33AE:   090A0200                                                                                sleep                   10, 2
33B2:   0100                                                                                    evt_end                 0

.proc main_04
33B4:   46090000000000000000                                                                    aot_reset               9, SCE_AUTO, SAT_AUTO, 0, 0, 0, 0, 0, 0
33BE:   22020201                                                                                set                     FG_STATE, 2, 1
33C2:   22020701                                                                                set                     FG_STATE, 7, 1
33C6:   530202070010                                                                            sce_fade_set            2, 2, 7, 0, 16
33CC:   090A0700                                                                                sleep                   10, 7
33D0:   5302020700F0                                                                            sce_fade_set            2, 2, 7, 0, 240
33D6:   090A0100                                                                                sleep                   10, 1
33DA:   290E                                                                                    cut_chg                 14
33DC:   36020B010100000000000000                                                                se_on                   2, 267, 1, 0, 0, 0
33E8:   2E0405                                                                                  work_set                WK_OBJECT, 5
33EB:   00                                                                                      nop
33EC:   3200F9D29CFF2CD3                                                                        pos_set                 0, -11527, -100, -11476
33F4:   3D1000                                                                                  member_copy             V_TEMP, 0
33F7:   00                                                                                      nop
33F8:   260005101000                                                                            calc                    0, OP_OR, V_TEMP, 16
33FE:   350010                                                                                  member_set2             0, V_TEMP
3401:   00                                                                                      nop
3402:   06002000                                                                                if                      0, off_3426
3406:   21085300                                                                                ck                      FG_ITEM, 83, 0
340A:   2E0408                                                                                  work_set                WK_OBJECT, 8
340D:   00                                                                                      nop
340E:   3200F9D2CEFFFAD2                                                                        pos_set                 0, -11527, -50, -11526
3416:   3D1000                                                                                  member_copy             V_TEMP, 0
3419:   00                                                                                      nop
341A:   260005101000                                                                            calc                    0, OP_OR, V_TEMP, 16
3420:   350010                                                                                  member_set2             0, V_TEMP
3423:   00                                                                                      nop
3424:   08                                                                                      endif
3425:   00                                                                                      nop

off_3426:
3426:   2E0100                                                                                  work_set                WK_PLAYER, 0
3429:   00                                                                                      nop
342A:   3D1000                                                                                  member_copy             V_TEMP, 0
342D:   00                                                                                      nop
342E:   260005100004                                                                            calc                    0, OP_OR, V_TEMP, 1024
3434:   350010                                                                                  member_set2             0, V_TEMP
3437:   00                                                                                      nop
3438:   3D1001                                                                                  member_copy             V_TEMP, 1
343B:   00                                                                                      nop
343C:   260005100800                                                                            calc                    0, OP_OR, V_TEMP, 8
3442:   350110                                                                                  member_set2             1, V_TEMP
3445:   00                                                                                      nop
3446:   090A1E00                                                                                sleep                   10, 30
344A:   06001600                                                                                if                      0, off_3464
344E:   21084E00                                                                                ck                      FG_ITEM, 78, 0
3452:   470A                                                                                    aot_on                  10
3454:   02                                                                                      evt_next
3455:   22020701                                                                                set                     FG_STATE, 7, 1
3459:   22020201                                                                                set                     FG_STATE, 2, 1
345D:   00                                                                                      nop
345E:   090A1D00                                                                                sleep                   10, 29
3462:   08                                                                                      endif
3463:   00                                                                                      nop

off_3464:
3464:   06001600                                                                                if                      0, off_347E
3468:   21085300                                                                                ck                      FG_ITEM, 83, 0
346C:   470B                                                                                    aot_on                  11
346E:   02                                                                                      evt_next
346F:   22020701                                                                                set                     FG_STATE, 7, 1
3473:   22020201                                                                                set                     FG_STATE, 2, 1
3477:   00                                                                                      nop
3478:   090A1D00                                                                                sleep                   10, 29
347C:   08                                                                                      endif
347D:   00                                                                                      nop

off_347E:
347E:   530202070010                                                                            sce_fade_set            2, 2, 7, 0, 16
3484:   090A0700                                                                                sleep                   10, 7
3488:   5302020700F0                                                                            sce_fade_set            2, 2, 7, 0, 240
348E:   090A0100                                                                                sleep                   10, 1
3492:   290A                                                                                    cut_chg                 10
3494:   36020C010100000000000000                                                                se_on                   2, 268, 1, 0, 0, 0
34A0:   2E0405                                                                                  work_set                WK_OBJECT, 5
34A3:   00                                                                                      nop
34A4:   3200204E204E204E                                                                        pos_set                 0, 20000, 20000, 20000
34AC:   2E0408                                                                                  work_set                WK_OBJECT, 8
34AF:   00                                                                                      nop
34B0:   3200204E204E204E                                                                        pos_set                 0, 20000, 20000, 20000
34B8:   2E0100                                                                                  work_set                WK_PLAYER, 0
34BB:   00                                                                                      nop
34BC:   3D1000                                                                                  member_copy             V_TEMP, 0
34BF:   00                                                                                      nop
34C0:   26000610FFFB                                                                            calc                    0, OP_AND, V_TEMP, -1025
34C6:   350010                                                                                  member_set2             0, V_TEMP
34C9:   00                                                                                      nop
34CA:   3D1001                                                                                  member_copy             V_TEMP, 1
34CD:   00                                                                                      nop
34CE:   26000610F7FF                                                                            calc                    0, OP_AND, V_TEMP, -9
34D4:   350110                                                                                  member_set2             1, V_TEMP
34D7:   00                                                                                      nop
34D8:   06001600                                                                                if                      0, off_34F2
34DC:   21084E01                                                                                ck                      FG_ITEM, 78, 1
34E0:   21085301                                                                                ck                      FG_ITEM, 83, 1
34E4:   46090000000000000000                                                                    aot_reset               9, SCE_AUTO, SAT_AUTO, 0, 0, 0, 0, 0, 0
34EE:   07001000                                                                                else                    0, off_34FE

off_34F2:
34F2:   46090531FF0018040000                                                                    aot_reset               9, SCE_EVENT, SAT_PL | SAT_MANUAL | SAT_FRONT, 255, 0, I_GOSUB, main_04, 0, 0
34FC:   00                                                                                      nop
34FD:   00                                                                                      nop

off_34FE:
34FE:   22020700                                                                                set                     FG_STATE, 7, 0
3502:   22020200                                                                                set                     FG_STATE, 2, 0
3506:   3C01                                                                                    cut_auto                1
3508:   0100                                                                                    evt_end                 0

.proc main_05
350A:   11002800                                                                                do                      0, off_3536
350E:   02                                                                                      evt_next
350F:   00                                                                                      nop
3510:   06000C00                                                                                if                      0, off_3520
3514:   23001A000500                                                                            cmp                     0, V_CUT, CMP_EQ, 5
351A:   22052001                                                                                set                     FG_GENERAL_2, 32, 1
351E:   08                                                                                      endif
351F:   00                                                                                      nop

off_3520:
3520:   06000C00                                                                                if                      0, off_3530
3524:   23001A000600                                                                            cmp                     0, V_CUT, CMP_EQ, 6
352A:   22052001                                                                                set                     FG_GENERAL_2, 32, 1
352E:   08                                                                                      endif
352F:   00                                                                                      nop

off_3530:
3530:   1204                                                                                    edwhile                 off_3536
3532:   21052000                                                                                ck                      FG_GENERAL_2, 32, 0

off_3536:
3536:   2E0302                                                                                  work_set                WK_ENEMY, 2
3539:   00                                                                                      nop
353A:   3D1000                                                                                  member_copy             V_TEMP, 0
353D:   00                                                                                      nop
353E:   26000610FBFF                                                                            calc                    0, OP_AND, V_TEMP, -5
3544:   350010                                                                                  member_set2             0, V_TEMP
3547:   00                                                                                      nop
3548:   3D1007                                                                                  member_copy             V_TEMP, 7
354B:   00                                                                                      nop
354C:   26000610FFBF                                                                            calc                    0, OP_AND, V_TEMP, -16385
3552:   350710                                                                                  member_set2             7, V_TEMP
3555:   00                                                                                      nop
3556:   22041C01                                                                                set                     FG_GENERAL_1, 28, 1
355A:   0100                                                                                    evt_end                 0

.proc main_06
355C:   11002800                                                                                do                      0, off_3588
3560:   02                                                                                      evt_next
3561:   00                                                                                      nop
3562:   06000C00                                                                                if                      0, off_3572
3566:   23001A000500                                                                            cmp                     0, V_CUT, CMP_EQ, 5
356C:   22052101                                                                                set                     FG_GENERAL_2, 33, 1
3570:   08                                                                                      endif
3571:   00                                                                                      nop

off_3572:
3572:   06000C00                                                                                if                      0, off_3582
3576:   23001A000600                                                                            cmp                     0, V_CUT, CMP_EQ, 6
357C:   22052101                                                                                set                     FG_GENERAL_2, 33, 1
3580:   08                                                                                      endif
3581:   00                                                                                      nop

off_3582:
3582:   1204                                                                                    edwhile                 off_3588
3584:   21052100                                                                                ck                      FG_GENERAL_2, 33, 0

off_3588:
3588:   2E0303                                                                                  work_set                WK_ENEMY, 3
358B:   00                                                                                      nop
358C:   3D1000                                                                                  member_copy             V_TEMP, 0
358F:   00                                                                                      nop
3590:   26000610FBFF                                                                            calc                    0, OP_AND, V_TEMP, -5
3596:   350010                                                                                  member_set2             0, V_TEMP
3599:   00                                                                                      nop
359A:   3D1007                                                                                  member_copy             V_TEMP, 7
359D:   00                                                                                      nop
359E:   26000610FFBF                                                                            calc                    0, OP_AND, V_TEMP, -16385
35A4:   350710                                                                                  member_set2             7, V_TEMP
35A7:   00                                                                                      nop
35A8:   22041D01                                                                                set                     FG_GENERAL_1, 29, 1
35AC:   0100                                                                                    evt_end                 0

.proc main_07
35AE:   510001010140                                                                            sce_bgm_control         0, 1, 1, 1, 64
35B4:   02                                                                                      evt_next

off_35B5:
35B5:   00                                                                                      nop
35B6:   131AE200                                                                                switch                  26, off_369C
35BA:   140008000000                                                                            case                    0, off_35C8, 0
35C0:   510000013240                                                                            sce_bgm_control         0, 0, 1, 50, 64
35C6:   1A00                                                                                    break                   0

off_35C8:
35C8:   140008000100                                                                            case                    0, off_35D6, 1
35CE:   51000001465A                                                                            sce_bgm_control         0, 0, 1, 70, 90
35D4:   1A00                                                                                    break                   0

off_35D6:
35D6:   140008000200                                                                            case                    0, off_35E4, 2
35DC:   510000013C64                                                                            sce_bgm_control         0, 0, 1, 60, 100
35E2:   1A00                                                                                    break                   0

off_35E4:
35E4:   140008000300                                                                            case                    0, off_35F2, 3
35EA:   510000014637                                                                            sce_bgm_control         0, 0, 1, 70, 55
35F0:   1A00                                                                                    break                   0

off_35F2:
35F2:   140008000400                                                                            case                    0, off_3600, 4
35F8:   510000015A37                                                                            sce_bgm_control         0, 0, 1, 90, 55
35FE:   1A00                                                                                    break                   0

off_3600:
3600:   140008000500                                                                            case                    0, off_360E, 5
3606:   510000014640                                                                            sce_bgm_control         0, 0, 1, 70, 64
360C:   1A00                                                                                    break                   0

off_360E:
360E:   140008000600                                                                            case                    0, off_361C, 6
3614:   510000014650                                                                            sce_bgm_control         0, 0, 1, 70, 80
361A:   1A00                                                                                    break                   0

off_361C:
361C:   140008000700                                                                            case                    0, off_362A, 7
3622:   510000016E50                                                                            sce_bgm_control         0, 0, 1, 110, 80
3628:   1A00                                                                                    break                   0

off_362A:
362A:   140008000800                                                                            case                    0, off_3638, 8
3630:   510000015028                                                                            sce_bgm_control         0, 0, 1, 80, 40
3636:   1A00                                                                                    break                   0

off_3638:
3638:   140008000900                                                                            case                    0, off_3646, 9
363E:   510000015040                                                                            sce_bgm_control         0, 0, 1, 80, 64
3644:   1A00                                                                                    break                   0

off_3646:
3646:   140008000A00                                                                            case                    0, off_3654, 10
364C:   510000014628                                                                            sce_bgm_control         0, 0, 1, 70, 40
3652:   1A00                                                                                    break                   0

off_3654:
3654:   140008000B00                                                                            case                    0, off_3662, 11
365A:   510000013C64                                                                            sce_bgm_control         0, 0, 1, 60, 100
3660:   1A00                                                                                    break                   0

off_3662:
3662:   140008000C00                                                                            case                    0, off_3670, 12
3668:   510000015028                                                                            sce_bgm_control         0, 0, 1, 80, 40
366E:   1A00                                                                                    break                   0

off_3670:
3670:   140008000D00                                                                            case                    0, off_367E, 13
3676:   510000014628                                                                            sce_bgm_control         0, 0, 1, 70, 40
367C:   1A00                                                                                    break                   0

off_367E:
367E:   140008000E00                                                                            case                    0, off_368C, 14
3684:   510000014628                                                                            sce_bgm_control         0, 0, 1, 70, 40
368A:   1A00                                                                                    break                   0

off_368C:
368C:   140008000F00                                                                            case                    0, off_369A, 15
3692:   510000014628                                                                            sce_bgm_control         0, 0, 1, 70, 40
3698:   1A00                                                                                    break                   0

off_369A:
369A:   1600                                                                                    eswitch                 0

off_369C:
369C:   11000800                                                                                do                      0, off_36A8
36A0:   02                                                                                      evt_next
36A1:   00                                                                                      nop
36A2:   1204                                                                                    edwhile                 off_36A8
36A4:   21010B00                                                                                ck                      FG_GAME, 11, 0

off_36A8:
36A8:   17FFFF000DFF                                                                            goto                    255, 255, 0, off_35B5
36AE:   0100                                                                                    evt_end                 0

.proc main_08
36B0:   4E040231000071F56D9EB004B00414000F004A00FF01                                            item_aot_set            4, SCE_ITEM, SAT_PL | SAT_MANUAL | SAT_FRONT, 0, 0, -2703, -24979, 1200, 1200, ITEM_HANDGUNAMMO, 15, 74, 255, 1
36C6:   2D0900000000000000000A001000A6C1F8F8C8BC000000000000000000000000000000000000            obj_model_set           9, 0, 0, 0, 0, 0, 0, 10, 16, -15962, -1800, -17208, 0, 0, 0, 0, 0, 0, 0, 0, 0, 0, 0
36EC:   4E0502310000EBBABFC0A40608071E00030054000900                                            item_aot_set            5, SCE_ITEM, SAT_PL | SAT_MANUAL | SAT_FRONT, 0, 0, -17685, -16193, 1700, 1800, ITEM_INKRIBBON, 3, 84, 9, 0
3702:   06004200                                                                                if                      0, off_3748
3706:   21010101                                                                                ck                      FG_GAME, F_SCENARIO, 1
370A:   2D0200000000000000000A00100087E524FA7DCB000080FE0000000000000000000000000000            obj_model_set           2, 0, 0, 0, 0, 0, 0, 10, 16, -6777, -1500, -13443, 0, -384, 0, 0, 0, 0, 0, 0, 0, 0, 0
3730:   4E1F023100005FE2D3C51405A40614000F0030000200                                            item_aot_set            31, SCE_ITEM, SAT_PL | SAT_MANUAL | SAT_FRONT, 0, 0, -7585, -14893, 1300, 1700, ITEM_HANDGUNAMMO, 15, 48, 2, 0
3746:   08                                                                                      endif
3747:   00                                                                                      nop

off_3748:
3748:   4E1D02310000A7EA49CA08074006260001005100FF01                                            item_aot_set            29, SCE_ITEM, SAT_PL | SAT_MANUAL | SAT_FRONT, 0, 0, -5465, -13751, 1800, 1600, ITEM_HERBG, 1, 81, 255, 1
375E:   06001C00                                                                                if                      0, off_377E
3762:   21001901                                                                                ck                      FG_0, F_DIFFICULT, 1
3766:   4E1C02310000A7EA49CA0807400626000100D900FF01                                            item_aot_set            28, SCE_ITEM, SAT_PL | SAT_MANUAL | SAT_FRONT, 0, 0, -5465, -13751, 1800, 1600, ITEM_HERBG, 1, 217, 255, 1
377C:   08                                                                                      endif
377D:   00                                                                                      nop

off_377E:
377E:   0100                                                                                    evt_end                 0

.proc main_09

off_3780:
3780:   2E0400                                                                                  work_set                WK_OBJECT, 0
3783:   00                                                                                      nop
3784:   06001200                                                                                if                      0, off_379A
3788:   23001A000100                                                                            cmp                     0, V_CUT, CMP_EQ, 1
378E:   3200204E204E204E                                                                        pos_set                 0, 20000, 20000, 20000
3796:   07000E00                                                                                else                    0, off_37A4

off_379A:
379A:   320064D57EEB18AB                                                                        pos_set                 0, -10908, -5250, -21736
37A2:   00                                                                                      nop
37A3:   00                                                                                      nop

off_37A4:
37A4:   2F043700                                                                                speed_set               4, 55
37A8:   30                                                                                      add_speed
37A9:   2E0401                                                                                  work_set                WK_OBJECT, 1
37AC:   2F043300                                                                                speed_set               4, 51
37B0:   30                                                                                      add_speed
37B1:   02                                                                                      evt_next
37B2:   17FFFF00CEFF                                                                            goto                    255, 255, 0, off_3780
37B8:   0100                                                                                    evt_end                 0

.proc main_0A
37BA:   2B00000000FF                                                                            message_on              0, 0, 0, 0, 255
37C0:   02                                                                                      evt_next
37C1:   00                                                                                      nop
37C2:   06004400                                                                                if                      0, off_380A
37C6:   210B1F00                                                                                ck                      FG_INPUT, F_QUESTION, 0
37CA:   360406010408000000000000                                                                se_on                   4, 262, 2052, 0, 0, 0
37D6:   22085301                                                                                set                     FG_ITEM, 83, 1
37DA:   22210201                                                                                set                     33, 2, 1
37DE:   22210301                                                                                set                     33, 3, 1
37E2:   22210401                                                                                set                     33, 4, 1
37E6:   22230201                                                                                set                     35, 2, 1
37EA:   22230301                                                                                set                     35, 3, 1
37EE:   22230401                                                                                set                     35, 4, 1
37F2:   2E0408                                                                                  work_set                WK_OBJECT, 8
37F5:   00                                                                                      nop
37F6:   3200204E204E204E                                                                        pos_set                 0, 20000, 20000, 20000
37FE:   02                                                                                      evt_next
37FF:   00                                                                                      nop
3800:   2B00110000FF                                                                            message_on              0, 17, 0, 0, 255
3806:   07001200                                                                                else                    0, off_3818

off_380A:
380A:   360405010408000000000000                                                                se_on                   4, 261, 2052, 0, 0, 0
3816:   00                                                                                      nop
3817:   00                                                                                      nop

off_3818:
3818:   0100                                                                                    evt_end                 0

.proc main_0B
381A:   06000A00                                                                                if                      0, off_3828
381E:   21010100                                                                                ck                      FG_GAME, F_SCENARIO, 0
3822:   180C                                                                                    gosub                   main_0C
3824:   07003200                                                                                else                    0, off_3856

off_3828:
3828:   06000A00                                                                                if                      0, off_3836
382C:   21049900                                                                                ck                      FG_GENERAL_1, 153, 0
3830:   180C                                                                                    gosub                   main_0C
3832:   07002200                                                                                else                    0, off_3854

off_3836:
3836:   06000A00                                                                                if                      0, off_3844
383A:   211D0A01                                                                                ck                      FG_LOCK, 10, 1
383E:   180D                                                                                    gosub                   main_0D
3840:   07001200                                                                                else                    0, off_3852

off_3844:
3844:   06000800                                                                                if                      0, off_3850
3848:   211D0900                                                                                ck                      FG_LOCK, 9, 0
384C:   180D                                                                                    gosub                   main_0D
384E:   08                                                                                      endif
384F:   00                                                                                      nop

off_3850:
3850:   00                                                                                      nop
3851:   00                                                                                      nop

off_3852:
3852:   00                                                                                      nop
3853:   00                                                                                      nop

off_3854:
3854:   00                                                                                      nop
3855:   00                                                                                      nop

off_3856:
3856:   0100                                                                                    evt_end                 0

.proc main_0C
3858:   4400011F00000003034A30DE00003FCD910600000000                                            sce_em_set              0, 1, ENEMY_ZOMBIE_RANDOM, 0, 0, 0, 3, 3, 74, -8656, 0, -12993, 1681, 0, 0
386E:   4400021F06000003034B20C6000073BB030600000000                                            sce_em_set              0, 2, ENEMY_ZOMBIE_RANDOM, 6, 0, 0, 3, 3, 75, -14816, 0, -17549, 1539, 0, 0
3884:   4400031F010000030354DDC00000249D190800000000                                            sce_em_set              0, 3, ENEMY_ZOMBIE_RANDOM, 1, 0, 0, 3, 3, 84, -16163, 0, -25308, 2073, 0, 0
389A:   4400041F060000030395CAA80000EAC5890300000000                                            sce_em_set              0, 4, ENEMY_ZOMBIE_RANDOM, 6, 0, 0, 3, 3, 149, -22326, 0, -14870, 905, 0, 0
38B0:   4400051F0600000303CA01A0000091AA9F0F00000000                                            sce_em_set              0, 5, ENEMY_ZOMBIE_RANDOM, 6, 0, 0, 3, 3, 202, -24575, 0, -21871, 3999, 0, 0
38C6:   0100                                                                                    evt_end                 0

.proc main_0D
38C8:   4400011F0000000303B371F6000053BAB10000000000                                            sce_em_set              0, 1, ENEMY_ZOMBIE_RANDOM, 0, 0, 0, 3, 3, 179, -2447, 0, -17837, 177, 0, 0
38DE:   4400021F0000000303B4D3C700009EBEA00600000000                                            sce_em_set              0, 2, ENEMY_ZOMBIE_RANDOM, 0, 0, 0, 3, 3, 180, -14381, 0, -16738, 1696, 0, 0
38F4:   4400031F0600000303B568CD0000AD99190C00000000                                            sce_em_set              0, 3, ENEMY_ZOMBIE_RANDOM, 6, 0, 0, 3, 3, 181, -12952, 0, -26195, 3097, 0, 0
390A:   4400041F0600000303B623AA000046C3510300000000                                            sce_em_set              0, 4, ENEMY_ZOMBIE_RANDOM, 6, 0, 0, 3, 3, 182, -21981, 0, -15546, 849, 0, 0
3920:   0100                                                                                    evt_end                 0
