.version 2
.init
.proc init_00
1716:   3B000131000034BDB4C908070807969C000044E40000010C03001C0100000000                        door_aot_se             0, SCE_DOOR, SAT_PL | SAT_MANUAL | SAT_FRONT, 0, 0, -17100, -13900, 1800, 1800, -25450, 0, -7100, 0, 1, 12, 3, 0, 28, 1, 0, 0, UNLOCKED, 0
1736:   3B010131000034BDE09808070807A8990000BCB70000010C0600080000000000                        door_aot_se             1, SCE_DOOR, SAT_PL | SAT_MANUAL | SAT_FRONT, 0, 0, -17100, -26400, 1800, 1800, -26200, 0, -18500, 0, 1, 12, 6, 0, 8, 0, 0, 0, UNLOCKED, 0
1756:   0100                                                                                    evt_end                 0

.main
.proc main_00
175E:   0600BE00                                                                                if                      0, off_1820
1762:   23001A000300                                                                            cmp                     0, 26, CMP_EQ, 3
1768:   22200B01                                                                                set                     32, 11, 1
176C:   22200801                                                                                set                     32, 8, 1
1770:   22200900                                                                                set                     32, 9, 0
1774:   06005800                                                                                if                      0, off_17D0
1778:   21044500                                                                                ck                      4, 69, 0
177C:   7300A8B2589EC8B5                                                                        mirror_set              0, 168, 178, 88, 158, 200, 181
1784:   22100300                                                                                set                     16, 3, 0
1788:   22110500                                                                                set                     17, 5, 0
178C:   22110600                                                                                set                     17, 6, 0
1790:   22120400                                                                                set                     18, 4, 0
1794:   22130400                                                                                set                     19, 4, 0
1798:   2C020541000040A238B408078813FF0018020000                                                aot_set                 2, SCE_EVENT, SAT_PL | SAT_UNDER, 0, 0, -24000, -19400, 1800, 5000, 255, 0, I_GOSUB, main_02, 0, 0
17AC:   46020000000000000000                                                                    aot_reset               2, SCE_AUTO, SAT_AUTO, 0, 0, 0, 0, 0, 0
17B6:   440000221340000E006C1AACE0FC9194000C00000000                                            sce_em_set              0, 0, ENEMY_LICKERRED, 19, 64, 0, 14, 0, 108, -21478, -800, -27503, 3072, 0, 0
17CC:   07005000                                                                                else                    0, off_181C

off_17D0:
17D0:   37160000                                                                                sca_id_set              22, 0, 0
17D4:   37170020                                                                                sca_id_set              23, 0, 32
17D8:   37180020                                                                                sca_id_set              24, 0, 32
17DC:   22110400                                                                                set                     17, 4, 0
17E0:   22120300                                                                                set                     18, 3, 0
17E4:   440000221000000E006C78A10000A4BB000000000000                                            sce_em_set              0, 0, ENEMY_LICKERRED, 16, 0, 0, 14, 0, 108, -24200, 0, -17500, 0, 0, 0
17FA:   06001C00                                                                                if                      0, off_181A
17FE:   21010101                                                                                ck                      1, 1, 1
1802:   440001220205000E006DF4B6E8EA40BB000000000000                                            sce_em_set              0, 1, ENEMY_LICKERRED, 2, 5, 0, 14, 0, 109, -18700, -5400, -17600, 0, 0, 0
1818:   08                                                                                      endif
1819:   00                                                                                      nop

off_181A:
181A:   00                                                                                      nop
181B:   00                                                                                      nop

off_181C:
181C:   07009C00                                                                                else                    0, off_18B8

off_1820:
1820:   22200C01                                                                                set                     32, 12, 1
1824:   22200800                                                                                set                     32, 8, 0
1828:   22200901                                                                                set                     32, 9, 1
182C:   37170000                                                                                sca_id_set              23, 0, 0
1830:   37180000                                                                                sca_id_set              24, 0, 0
1834:   06004200                                                                                if                      0, off_187A
1838:   21044500                                                                                ck                      4, 69, 0
183C:   2D0000000000000000000A0016003CABF8F8A8B2000000FC0000000000000000000000000000            obj_model_set           0, 0, 0, 0, 0, 0, 0, 10, 22, -21700, -1800, -19800, 0, -1024, 0, 0, 0, 0, 0, 0, 0, 0, 0
1862:   2C0A04310000909DF8ADB004B00400000000FFFF                                                aot_set                 10, SCE_MESSAGE, SAT_PL | SAT_MANUAL | SAT_FRONT, 0, 0, -25200, -21000, 1200, 1200, 0, 0, 0, 0, 255, 255
1876:   07002000                                                                                else                    0, off_1896

off_187A:
187A:   37160000                                                                                sca_id_set              22, 0, 0
187E:   440000220000000E006CD6A20000649C000000000000                                            sce_em_set              0, 0, ENEMY_LICKERRED, 0, 0, 0, 14, 0, 108, -23850, 0, -25500, 0, 0, 0
1894:   00                                                                                      nop
1895:   00                                                                                      nop

off_1896:
1896:   06001C00                                                                                if                      0, off_18B6
189A:   21010101                                                                                ck                      1, 1, 1
189E:   440001220205000E006DDEA9E8EA649C000800000000                                            sce_em_set              0, 1, ENEMY_LICKERRED, 2, 5, 0, 14, 0, 109, -22050, -5400, -25500, 2048, 0, 0
18B4:   08                                                                                      endif
18B5:   00                                                                                      nop

off_18B6:
18B6:   00                                                                                      nop
18B7:   00                                                                                      nop

off_18B8:
18B8:   06007001                                                                                if                      0, off_1A2C
18BC:   21010000                                                                                ck                      1, 0, 0
18C0:   2D0100000000000000000A0010001299A0F640BB00FC00000000000000000000000000000000            obj_model_set           1, 0, 0, 0, 0, 0, 0, 10, 16, -26350, -2400, -17600, -1024, 0, 0, 0, 0, 0, 0, 0, 0, 0, 0
18E6:   06003C00                                                                                if                      0, off_1926
18EA:   23001A000000                                                                            cmp                     0, 26, CMP_EQ, 0
18F0:   06002E00                                                                                if                      0, off_1922
18F4:   21010100                                                                                ck                      1, 1, 0
18F8:   2D0200000000000000000A0010007AA9C0F9DEA9000000000008000000000000000000000000            obj_model_set           2, 0, 0, 0, 0, 0, 0, 10, 16, -22150, -1600, -22050, 0, 0, 2048, 0, 0, 0, 0, 0, 0, 0, 0
191E:   07000600                                                                                else                    0, off_1924

off_1922:
1922:   00                                                                                      nop
1923:   00                                                                                      nop

off_1924:
1924:   08                                                                                      endif
1925:   00                                                                                      nop

off_1926:
1926:   06002C00                                                                                if                      0, off_1956
192A:   21010100                                                                                ck                      1, 1, 0
192E:   2D0400000000000000000A00100094ADECFAE0CA0000000000FC000000000000000000000000            obj_model_set           4, 0, 0, 0, 0, 0, 0, 10, 16, -21100, -1300, -13600, 0, 0, -1024, 0, 0, 0, 0, 0, 0, 0, 0
1954:   08                                                                                      endif
1955:   00                                                                                      nop

off_1956:
1956:   2D0500000000000000000A00100094ADECFA30C60000C0F90000000000000000000000000000            obj_model_set           5, 0, 0, 0, 0, 0, 0, 10, 16, -21100, -1300, -14800, 0, -1600, 0, 0, 0, 0, 0, 0, 0, 0, 0
197C:   06002000                                                                                if                      0, off_19A0
1980:   23001A000000                                                                            cmp                     0, 26, CMP_EQ, 0
1986:   4E0302310000B497B0B9E803B0043C00010038000180                                            item_aot_set            3, SCE_ITEM, SAT_PL | SAT_MANUAL | SAT_FRONT, 0, 0, -26700, -18000, 1000, 1200, ITEM_ROOKPLUG, 1, 56, 1, 128
199C:   07001C00                                                                                else                    0, off_19B8

off_19A0:
19A0:   4E0302310000B497B0B9E803B0043C00010038000100                                            item_aot_set            3, SCE_ITEM, SAT_PL | SAT_MANUAL | SAT_FRONT, 0, 0, -26700, -18000, 1000, 1200, ITEM_ROOKPLUG, 1, 56, 1, 0
19B6:   00                                                                                      nop
19B7:   00                                                                                      nop

off_19B8:
19B8:   06001E00                                                                                if                      0, off_19DA
19BC:   21010100                                                                                ck                      1, 1, 0
19C0:   4E0402310000E8A4F6A5DC05DC051F0001003C0002A0                                            item_aot_set            4, SCE_ITEM, SAT_PL | SAT_MANUAL | SAT_FRONT, 0, 0, -23320, -23050, 1500, 1500, ITEM_SMALLKEY, 1, 60, 2, 160
19D6:   07001C00                                                                                else                    0, off_19F2

off_19DA:
19DA:   4E050231000014BA08A30807600914000F003D00FF00                                            item_aot_set            5, SCE_ITEM, SAT_PL | SAT_MANUAL | SAT_FRONT, 0, 0, -17900, -23800, 1800, 2400, ITEM_HANDGUNAMMO, 15, 61, 255, 0
19F0:   00                                                                                      nop
19F1:   00                                                                                      nop

off_19F2:
19F2:   06001C00                                                                                if                      0, off_1A12
19F6:   21010100                                                                                ck                      1, 1, 0
19FA:   4E08023100000AABE6C97805E80356000100C7000400                                            item_aot_set            8, SCE_ITEM, SAT_PL | SAT_MANUAL | SAT_FRONT, 0, 0, -21750, -13850, 1400, 1000, ITEM_CORD, 1, 199, 4, 0
1A10:   08                                                                                      endif
1A11:   00                                                                                      nop

off_1A12:
1A12:   4E06023100000AAB7AC27805E803230001006E000500                                            item_aot_set            6, SCE_ITEM, SAT_PL | SAT_MANUAL | SAT_FRONT, 0, 0, -21750, -15750, 1400, 1000, ITEM_FAIDSPRAY, 1, 110, 5, 0
1A28:   07006E01                                                                                else                    0, off_1B96

off_1A2C:
1A2C:   2D0100000000000000000A0010001299A0F640BB00FC00000004000000000000000000000000            obj_model_set           1, 0, 0, 0, 0, 0, 0, 10, 16, -26350, -2400, -17600, -1024, 0, 1024, 0, 0, 0, 0, 0, 0, 0, 0
1A52:   06003800                                                                                if                      0, off_1A8E
1A56:   23001A000000                                                                            cmp                     0, 26, CMP_EQ, 0
1A5C:   06002C00                                                                                if                      0, off_1A8C
1A60:   21010100                                                                                ck                      1, 1, 0
1A64:   2D0400000000000000000A0010005AA688FA2AAE000000000000000000000000000000000000            obj_model_set           4, 0, 0, 0, 0, 0, 0, 10, 16, -22950, -1400, -20950, 0, 0, 0, 0, 0, 0, 0, 0, 0, 0, 0
1A8A:   08                                                                                      endif
1A8B:   00                                                                                      nop

off_1A8C:
1A8C:   08                                                                                      endif
1A8D:   00                                                                                      nop

off_1A8E:
1A8E:   06002E00                                                                                if                      0, off_1AC0
1A92:   21010100                                                                                ck                      1, 1, 0
1A96:   2D0200000000000000000A00100094ADECFAE0CA0000000000FC000000000000000000000000            obj_model_set           2, 0, 0, 0, 0, 0, 0, 10, 16, -21100, -1300, -13600, 0, 0, -1024, 0, 0, 0, 0, 0, 0, 0, 0
1ABC:   07002C00                                                                                else                    0, off_1AE8

off_1AC0:
1AC0:   2D0300000000000000000A00100094ADECFA30C60000C0F90000000000000000000000000000            obj_model_set           3, 0, 0, 0, 0, 0, 0, 10, 16, -21100, -1300, -14800, 0, -1600, 0, 0, 0, 0, 0, 0, 0, 0, 0
1AE6:   00                                                                                      nop
1AE7:   00                                                                                      nop

off_1AE8:
1AE8:   06002000                                                                                if                      0, off_1B0C
1AEC:   23001A000000                                                                            cmp                     0, 26, CMP_EQ, 0
1AF2:   4E0302310000B497B0B9E803B0043A00010038000180                                            item_aot_set            3, SCE_ITEM, SAT_PL | SAT_MANUAL | SAT_FRONT, 0, 0, -26700, -18000, 1000, 1200, ITEM_EAGLESTONE, 1, 56, 1, 128
1B08:   07001C00                                                                                else                    0, off_1B24

off_1B0C:
1B0C:   4E0302310000B497B0B9E803B0043A00010038000100                                            item_aot_set            3, SCE_ITEM, SAT_PL | SAT_MANUAL | SAT_FRONT, 0, 0, -26700, -18000, 1000, 1200, ITEM_EAGLESTONE, 1, 56, 1, 0
1B22:   00                                                                                      nop
1B23:   00                                                                                      nop

off_1B24:
1B24:   06001E00                                                                                if                      0, off_1B46
1B28:   21010100                                                                                ck                      1, 1, 0
1B2C:   4E07023100006AA0E6AB0807080714000F00AB000400                                            item_aot_set            7, SCE_ITEM, SAT_PL | SAT_MANUAL | SAT_FRONT, 0, 0, -24470, -21530, 1800, 1800, ITEM_HANDGUNAMMO, 15, 171, 4, 0
1B42:   07003200                                                                                else                    0, off_1B74

off_1B46:
1B46:   4E050231000014BA08A30807600914000F003D00FF00                                            item_aot_set            5, SCE_ITEM, SAT_PL | SAT_MANUAL | SAT_FRONT, 0, 0, -17900, -23800, 1800, 2400, ITEM_HANDGUNAMMO, 15, 61, 255, 0
1B5C:   4E06023100000AAB7AC27805E803230001006E000300                                            item_aot_set            6, SCE_ITEM, SAT_PL | SAT_MANUAL | SAT_FRONT, 0, 0, -21750, -15750, 1400, 1000, ITEM_FAIDSPRAY, 1, 110, 3, 0
1B72:   00                                                                                      nop
1B73:   00                                                                                      nop

off_1B74:
1B74:   06001C00                                                                                if                      0, off_1B94
1B78:   21010100                                                                                ck                      1, 1, 0
1B7C:   4E08023100000AABE6C97805E80356000100C7000200                                            item_aot_set            8, SCE_ITEM, SAT_PL | SAT_MANUAL | SAT_FRONT, 0, 0, -21750, -13850, 1400, 1000, ITEM_CORD, 1, 199, 2, 0
1B92:   08                                                                                      endif
1B93:   00                                                                                      nop

off_1B94:
1B94:   00                                                                                      nop
1B95:   00                                                                                      nop

off_1B96:
1B96:   2C0B043100005C9534A40807B80B01000000FFFF                                                aot_set                 11, SCE_MESSAGE, SAT_PL | SAT_MANUAL | SAT_FRONT, 0, 0, -27300, -23500, 1800, 3000, 1, 0, 0, 0, 255, 255
1BAA:   0100                                                                                    evt_end                 0

.proc main_01
1BAC:   06003E00                                                                                if                      0, off_1BEE
1BB0:   21044500                                                                                ck                      4, 69, 0
1BB4:   06001A00                                                                                if                      0, off_1BD2
1BB8:   21010101                                                                                ck                      1, 1, 1
1BBC:   06000E00                                                                                if                      0, off_1BCE
1BC0:   21086E01                                                                                ck                      8, 110, 1
1BC4:   04FF1802                                                                                evt_exec                255, I_GOSUB, main_02
1BC8:   22044501                                                                                set                     4, 69, 1
1BCC:   08                                                                                      endif
1BCD:   00                                                                                      nop

off_1BCE:
1BCE:   07001E00                                                                                else                    0, off_1BEC

off_1BD2:
1BD2:   06001400                                                                                if                      0, off_1BEA
1BD6:   21083801                                                                                ck                      8, 56, 1
1BDA:   46020541FF0018020000                                                                    aot_reset               2, SCE_EVENT, SAT_PL | SAT_UNDER, 255, 0, I_GOSUB, main_02, 0, 0
1BE4:   22044501                                                                                set                     4, 69, 1
1BE8:   08                                                                                      endif
1BE9:   00                                                                                      nop

off_1BEA:
1BEA:   00                                                                                      nop
1BEB:   00                                                                                      nop

off_1BEC:
1BEC:   08                                                                                      endif
1BED:   00                                                                                      nop

off_1BEE:
1BEE:   06001400                                                                                if                      0, off_1C06
1BF2:   21066C01                                                                                ck                      6, 108, 1
1BF6:   21051400                                                                                ck                      5, 20, 0
1BFA:   510105000000                                                                            sce_bgm_control         1, 5, 0, 0, 0
1C00:   22051401                                                                                set                     5, 20, 1
1C04:   08                                                                                      endif
1C05:   00                                                                                      nop

off_1C06:
1C06:   0100                                                                                    evt_end                 0

.proc main_02
1C08:   46020000000000000000                                                                    aot_reset               2, SCE_AUTO, SAT_AUTO, 0, 0, 0, 0, 0, 0
1C12:   2E0300                                                                                  work_set                WK_ENEMY, 0
1C15:   00                                                                                      nop
1C16:   34170100                                                                                member_set              23, 1, 0
1C1A:   090A0500                                                                                sleep                   10, 5
1C1E:   8A000A000000                                                                            nop_8a                  0, 10, 0, 0, 0
1C24:   8BC802000000                                                                            nop_8b                  200, 2, 0, 0, 0
1C2A:   8BFA06000200                                                                            nop_8b                  250, 6, 0, 2, 0
1C30:   36022100000010AAF8F8A8B2                                                                se_on                   2, 33, 0, -22000, -1800, -19800
1C3C:   22010F00                                                                                set                     1, 15, 0
1C40:   22110400                                                                                set                     17, 4, 0
1C44:   22120300                                                                                set                     18, 3, 0
1C48:   3A0010020000002848A968F790B6000C                                                        sce_espr_on             0, 528, 0, 10240, -22200, -2200, -18800, 3072
1C58:   3A0010030000002648A9CCF790B6000C                                                        sce_espr_on             0, 784, 0, 9728, -22200, -2100, -18800, 3072
1C68:   3A0010040000002748A936F790B6000C                                                        sce_espr_on             0, 1040, 0, 9984, -22200, -2250, -18800, 3072
1C78:   3A0011020000002030AD9AF790B6000C                                                        sce_espr_on             0, 529, 0, 8192, -21200, -2150, -18800, 3072
1C88:   3A0011030000001830ADCCF790B6000C                                                        sce_espr_on             0, 785, 0, 6144, -21200, -2100, -18800, 3072
1C98:   3A0011040000002130AD68F790B6000C                                                        sce_espr_on             0, 1041, 0, 8448, -21200, -2200, -18800, 3072
1CA8:   3A001300000000203CABF0F190B6000C                                                        sce_espr_on             0, 19, 0, 8192, -21700, -3600, -18800, 3072
1CB8:   3A00130000000020CCAC80F390B6000C                                                        sce_espr_on             0, 19, 0, 8192, -21300, -3200, -18800, 3072
1CC8:   3A0013000000002074AAB8F290B6000C                                                        sce_espr_on             0, 19, 0, 8192, -21900, -3400, -18800, 3072
1CD8:   3A00120100000020F8AD80F390B6000C                                                        sce_espr_on             0, 274, 0, 8192, -21000, -3200, -18800, 3072
1CE8:   3A0012010000002018B1E4F390B6000C                                                        sce_espr_on             0, 274, 0, 8192, -20200, -3100, -18800, 3072
1CF8:   3A00120100000020C0AE1CF390B6000C                                                        sce_espr_on             0, 274, 0, 8192, -20800, -3300, -18800, 3072
1D08:   3A00110200000018D8AA48F490B6000C                                                        sce_espr_on             0, 529, 0, 6144, -21800, -3000, -18800, 3072
1D18:   3A00110200000018B4B0ACF490B6000C                                                        sce_espr_on             0, 529, 0, 6144, -20300, -2900, -18800, 3072
1D28:   3A00110200000018C0AE10F590B6000C                                                        sce_espr_on             0, 529, 0, 6144, -20800, -2800, -18800, 3072
1D38:   3A00100300000018EAA774F590B6000C                                                        sce_espr_on             0, 784, 0, 6144, -22550, -2700, -18800, 3072
1D48:   3A0010030000001882B0D8F590B6000C                                                        sce_espr_on             0, 784, 0, 6144, -20350, -2600, -18800, 3072
1D58:   3A00100300000018E0B13CF690B6000C                                                        sce_espr_on             0, 784, 0, 6144, -20000, -2500, -18800, 3072
1D68:   3A00100400000010A0ABCCF790B6000C                                                        sce_espr_on             0, 1040, 0, 4096, -21600, -2100, -18800, 3072
1D78:   3A0010040000001004AC10F590B6000C                                                        sce_espr_on             0, 1040, 0, 4096, -21500, -2800, -18800, 3072
1D88:   3A00100400000010C0AE04F790B6000C                                                        sce_espr_on             0, 1040, 0, 4096, -20800, -2300, -18800, 3072
1D98:   3A001104000000103CABF8F890B6000C                                                        sce_espr_on             0, 1041, 0, 4096, -21700, -1800, -18800, 3072
1DA8:   3A00110400000010B4B05CF990B6000C                                                        sce_espr_on             0, 1041, 0, 4096, -20300, -1700, -18800, 3072
1DB8:   3A00110400000010F2AED8F590B6000C                                                        sce_espr_on             0, 1041, 0, 4096, -20750, -2600, -18800, 3072
1DC8:   3A00110300000010A8B294F890B6000C                                                        sce_espr_on             0, 785, 0, 4096, -19800, -1900, -18800, 3072
1DD8:   3A0011030000001006B4C0F990B6000C                                                        sce_espr_on             0, 785, 0, 4096, -19450, -1600, -18800, 3072
1DE8:   3A001103000000103EB30AF690B6000C                                                        sce_espr_on             0, 785, 0, 4096, -19650, -2550, -18800, 3072
1DF8:   090A0500                                                                                sleep                   10, 5
1DFC:   3A001104000000106CA3F8F890B6000C                                                        sce_espr_on             0, 1041, 0, 4096, -23700, -1800, -18800, 3072
1E0C:   3A00110400000010FCA45CF990B6000C                                                        sce_espr_on             0, 1041, 0, 4096, -23300, -1700, -18800, 3072
1E1C:   3A001104000000103AA3D8F590B6000C                                                        sce_espr_on             0, 1041, 0, 4096, -23750, -2600, -18800, 3072
1E2C:   3A0011030000001008A394F890B6000C                                                        sce_espr_on             0, 785, 0, 4096, -23800, -1900, -18800, 3072
1E3C:   3A0011030000001066A4C0F990B6000C                                                        sce_espr_on             0, 785, 0, 4096, -23450, -1600, -18800, 3072
1E4C:   3A001103000000109EA30AF690B6000C                                                        sce_espr_on             0, 785, 0, 4096, -23650, -2550, -18800, 3072
1E5C:   090A0500                                                                                sleep                   10, 5
1E60:   510101000000                                                                            sce_bgm_control         1, 1, 0, 0, 0
1E66:   57000E02FF000000                                                                        sce_bgmtbl_set          0, 14, 2, 255, 0
1E6E:   37160000                                                                                sca_id_set              22, 0, 0
1E72:   22100301                                                                                set                     16, 3, 1
1E76:   22110501                                                                                set                     17, 5, 1
1E7A:   22110601                                                                                set                     17, 6, 1
1E7E:   22120401                                                                                set                     18, 4, 1
1E82:   22130401                                                                                set                     19, 4, 1
1E86:   0100                                                                                    evt_end                 0
