.version 2
.init
.proc init_00
07C2:   3B0001310000BFCA0191F811D007A2270000CFDB700401110600060200000000                        door_aot_se             0, SCE_DOOR, SAT_PL | SAT_MANUAL | SAT_FRONT, 0, 0, -13633, -28415, 4600, 2000, 10146, 0, -9265, 1136, 1, 17, 6, 0, 6, 2, 0, 0, UNLOCKED, 0
07E2:   3B0101310000204E204E0A000A0037F7000008C0F70B02070000160500000000                        door_aot_se             1, SCE_DOOR, SAT_PL | SAT_MANUAL | SAT_FRONT, 0, 0, 20000, 20000, 10, 10, -2249, 0, -16376, 3063, 2, 7, 0, 0, 22, 5, 0, 0, UNLOCKED, 0
0802:   06003400                                                                                if                      0, off_083A
0806:   21045300                                                                                ck                      4, 83, 0
080A:   440000200000030C008D00E4E8EA68DD000C00000000                                            sce_em_set              0, 0, ENEMY_CEREBRUS, 0, 0, 3, 12, 0, 141, -7168, -5400, -8856, 3072, 0, 0
0820:   440001200000030C008E268CE8EA68DDB00800000000                                            sce_em_set              0, 1, ENEMY_CEREBRUS, 0, 0, 3, 12, 0, 142, -29658, -5400, -8856, 2224, 0, 0
0836:   07003200                                                                                else                    0, off_0868

off_083A:
083A:   440000200000000C008D48D50000F5BFB00300000000                                            sce_em_set              0, 0, ENEMY_CEREBRUS, 0, 0, 0, 12, 0, 141, -10936, 0, -16395, 944, 0, 0
0850:   440001200000000C008E1FC400007BDA200800000000                                            sce_em_set              0, 1, ENEMY_CEREBRUS, 0, 0, 0, 12, 0, 142, -15329, 0, -9605, 2080, 0, 0
0866:   00                                                                                      nop
0867:   00                                                                                      nop

off_0868:
0868:   2D0000000000000000000A001000C5CF000076AE000000000000000000000000000000000000            obj_model_set           0, 0, 0, 0, 0, 0, 0, 10, 16, -12347, 0, -20874, 0, 0, 0, 0, 0, 0, 0, 0, 0, 0, 0
088E:   4E1F023100004DCAE6AC08077805270002008E000001                                            item_aot_set            31, SCE_ITEM, SAT_PL | SAT_MANUAL | SAT_FRONT, 0, 0, -13747, -21274, 1800, 1400, ITEM_HERBR, 2, 142, 0, 1
08A4:   0100                                                                                    evt_end                 0
08A6:   181A                                                                                    db                      0x18, 0x1A

.main
.proc main_00
08BA:   06001A00                                                                                if                      0, off_08D8
08BE:   21045300                                                                                ck                      4, 83, 0
08C2:   2C03054100008EB589CCF00A1815FF0018030000                                                aot_set                 3, SCE_EVENT, SAT_PL | SAT_UNDER, 0, 0, -19058, -13175, 2800, 5400, 255, 0, I_GOSUB, main_03, 0, 0
08D6:   08                                                                                      endif
08D7:   00                                                                                      nop

off_08D8:
08D8:   04FF1806                                                                                evt_exec                255, I_GOSUB, main_06
08DC:   04FF1808                                                                                evt_exec                255, I_GOSUB, main_08
08E0:   3A00220000000012DCD3C4F0D0A30000                                                        sce_espr_on             0, 34, 0, 4608, -11300, -3900, -23600, 0
08F0:   3A00220000000012DCD3C4F098BD0000                                                        sce_espr_on             0, 34, 0, 4608, -11300, -3900, -17000, 0
0900:   2C0205310000E397E7D77A080005FF0018020000                                                aot_set                 2, SCE_EVENT, SAT_PL | SAT_MANUAL | SAT_FRONT, 0, 0, -26653, -10265, 2170, 1280, 255, 0, I_GOSUB, main_02, 0, 0
0914:   0100                                                                                    evt_end                 0

.proc main_01
0916:   0100                                                                                    evt_end                 0

.proc main_02
0918:   46020000000000000000                                                                    aot_reset               2, SCE_AUTO, SAT_AUTO, 0, 0, 0, 0, 0, 0
0922:   2B00000000FF                                                                            message_on              0, 0, 0, 0, 255
0928:   02                                                                                      evt_next
0929:   00                                                                                      nop
092A:   06001600                                                                                if                      0, off_0944
092E:   210B1F00                                                                                ck                      11, 31, 0
0932:   360406000000000000000000                                                                se_on                   4, 6, 0, 0, 0, 0
093E:   4701                                                                                    aot_on                  1
0940:   07001200                                                                                else                    0, off_0952

off_0944:
0944:   360405000000000000000000                                                                se_on                   4, 5, 0, 0, 0, 0
0950:   00                                                                                      nop
0951:   00                                                                                      nop

off_0952:
0952:   46020531FF0018020000                                                                    aot_reset               2, SCE_EVENT, SAT_PL | SAT_MANUAL | SAT_FRONT, 255, 0, I_GOSUB, main_02, 0, 0
095C:   0100                                                                                    evt_end                 0

.proc main_03
095E:   22045301                                                                                set                     4, 83, 1
0962:   46030000000000000000                                                                    aot_reset               3, SCE_AUTO, SAT_AUTO, 0, 0, 0, 0, 0, 0
096C:   090A0F00                                                                                sleep                   10, 15
0970:   04FF1805                                                                                evt_exec                255, I_GOSUB, main_05
0974:   090A1C00                                                                                sleep                   10, 28
0978:   04FF1804                                                                                evt_exec                255, I_GOSUB, main_04
097C:   0100                                                                                    evt_end                 0

.proc main_04
097E:   2E0301                                                                                  work_set                WK_ENEMY, 1
0981:   00                                                                                      nop
0982:   340F0000                                                                                member_set              15, 0, 0
0986:   34031000                                                                                member_set              3, 16, 0
098A:   34040000                                                                                member_set              4, 0, 0
098E:   34050000                                                                                member_set              5, 0, 0
0992:   0100                                                                                    evt_end                 0

.proc main_05
0994:   2E0300                                                                                  work_set                WK_ENEMY, 0
0997:   00                                                                                      nop
0998:   340F0008                                                                                member_set              15, 0, 8
099C:   34031000                                                                                member_set              3, 16, 0
09A0:   34040000                                                                                member_set              4, 0, 0
09A4:   34050000                                                                                member_set              5, 0, 0
09A8:   0100                                                                                    evt_end                 0

.proc main_06
09AA:   090A0A00                                                                                sleep                   10, 10
09AE:   06000C00                                                                                if                      0, off_09BE

off_09B2:
09B2:   23001A040100                                                                            cmp                     0, 26, CMP_LE, 1
09B8:   04FF1807                                                                                evt_exec                255, I_GOSUB, main_07
09BC:   08                                                                                      endif
09BD:   00                                                                                      nop

off_09BE:
09BE:   11000800                                                                                do                      0, off_09CA
09C2:   02                                                                                      evt_next
09C3:   00                                                                                      nop
09C4:   1204                                                                                    edwhile                 off_09CA
09C6:   21010B00                                                                                ck                      1, 11, 0

off_09CA:
09CA:   17FFFF00E4FF                                                                            goto                    255, 255, 0, off_09B2
09D0:   0100                                                                                    evt_end                 0

.proc main_07
09D2:   0F067600                                                                                while                   6, off_0A4C
09D6:   23001A040100                                                                            cmp                     0, 26, CMP_LE, 1
09DC:   06006600                                                                                if                      0, off_0A46
09E0:   23001D020070                                                                            cmp                     0, 29, CMP_GE, 28672
09E6:   28                                                                                      sce_rnd
09E7:   00                                                                                      nop
09E8:   06002600                                                                                if                      0, off_0A12
09EC:   23001D060100                                                                            cmp                     0, 29, 6, 1
09F2:   06001800                                                                                if                      0, off_0A0E
09F6:   23001D060200                                                                            cmp                     0, 29, 6, 2
09FC:   3A0000150000000A60D76CEEF49D0000                                                        sce_espr_on             0, 5376, 0, 2560, -10400, -4500, -25100, 0
0A0C:   08                                                                                      endif
0A0D:   00                                                                                      nop

off_0A0E:
0A0E:   07003600                                                                                else                    0, off_0A44

off_0A12:
0A12:   06001A00                                                                                if                      0, off_0A30
0A16:   23001D060200                                                                            cmp                     0, 29, 6, 2
0A1C:   3A0000150000000828D86CEE84B80000                                                        sce_espr_on             0, 5376, 0, 2048, -10200, -4500, -18300, 0
0A2C:   07001600                                                                                else                    0, off_0A42

off_0A30:
0A30:   3A00001500000008C4D76CEE80C10000                                                        sce_espr_on             0, 5376, 0, 2048, -10300, -4500, -16000, 0
0A40:   00                                                                                      nop
0A41:   00                                                                                      nop

off_0A42:
0A42:   00                                                                                      nop
0A43:   00                                                                                      nop

off_0A44:
0A44:   08                                                                                      endif
0A45:   00                                                                                      nop

off_0A46:
0A46:   090A1400                                                                                sleep                   10, 20
0A4A:   1000                                                                                    ewhile                  0

off_0A4C:
0A4C:   0100                                                                                    evt_end                 0

.proc main_08
0A4E:   131A4800                                                                                switch                  26, off_0A9A

off_0A52:
0A52:   140008000000                                                                            case                    0, off_0A60, 0
0A58:   510000023240                                                                            sce_bgm_control         0, 0, 2, 50, 64
0A5E:   1A00                                                                                    break                   0

off_0A60:
0A60:   140008000100                                                                            case                    0, off_0A6E, 1
0A66:   510000023C40                                                                            sce_bgm_control         0, 0, 2, 60, 64
0A6C:   1A00                                                                                    break                   0

off_0A6E:
0A6E:   140008000200                                                                            case                    0, off_0A7C, 2
0A74:   510000024B40                                                                            sce_bgm_control         0, 0, 2, 75, 64
0A7A:   1A00                                                                                    break                   0

off_0A7C:
0A7C:   140008000300                                                                            case                    0, off_0A8A, 3
0A82:   510000024B40                                                                            sce_bgm_control         0, 0, 2, 75, 64
0A88:   1A00                                                                                    break                   0

off_0A8A:
0A8A:   140008000400                                                                            case                    0, off_0A98, 4
0A90:   510000024B40                                                                            sce_bgm_control         0, 0, 2, 75, 64
0A96:   1A00                                                                                    break                   0

off_0A98:
0A98:   1600                                                                                    eswitch                 0

off_0A9A:
0A9A:   11000800                                                                                do                      0, off_0AA6
0A9E:   02                                                                                      evt_next
0A9F:   00                                                                                      nop
0AA0:   1204                                                                                    edwhile                 off_0AA6
0AA2:   21010B00                                                                                ck                      1, 11, 0

off_0AA6:
0AA6:   17FFFF00A8FF                                                                            goto                    255, 255, 0, off_0A52
0AAC:   0100                                                                                    evt_end                 0
0AAE:   4068                                                                                    db                      0x40, 0x68
