.version 2
.init
.proc init_00
036A:   3B000131000042C890B6FC081405BEAA000093CCE30301110900190100000000                        door_aot_se             0, SCE_DOOR, SAT_PL | SAT_MANUAL | SAT_FRONT, 0, 0, -14270, -18800, 2300, 1300, -21826, 0, -13165, 995, 1, 17, 9, 0, 25, 1, 0, 0, UNLOCKED, 0
038A:   3B0D01310400000000000100010095C50000D0E3000C01140200340000000000                        door_aot_se             13, SCE_DOOR, SAT_PL | SAT_MANUAL | SAT_FRONT, 4, 0, 0, 0, 1, 1, -14955, 0, -7216, 3072, 1, 20, 2, 0, 52, 0, 0, 0, UNLOCKED, 0
03AA:   0100                                                                                    evt_end                 0

.main
.proc main_00
03BA:   4E0102310000BCD00AD3CE041A0414000F0040000000                                            item_aot_set            1, SCE_ITEM, SAT_PL | SAT_MANUAL | SAT_FRONT, 0, 0, -12100, -11510, 1230, 1050, ITEM_HANDGUNAMMO, 15, 64, 0, 0
03D0:   4E0202310000BCD078CECE041A0414000F0041000100                                            item_aot_set            2, SCE_ITEM, SAT_PL | SAT_MANUAL | SAT_FRONT, 0, 0, -12100, -12680, 1230, 1050, ITEM_HANDGUNAMMO, 15, 65, 1, 0
03E6:   06001E00                                                                                if                      0, off_0408
03EA:   21010101                                                                                ck                      1, 1, 1
03EE:   4E0502310000A8D066C76E0564051600080044000780                                            item_aot_set            5, SCE_ITEM, SAT_PL | SAT_MANUAL | SAT_FRONT, 0, 0, -12120, -14490, 1390, 1380, ITEM_MAGNUMAMMO, 8, 68, 7, 128
0404:   07001C00                                                                                else                    0, off_0420

off_0408:
0408:   4E0502310000A8D066C76E0564051500070044000400                                            item_aot_set            5, SCE_ITEM, SAT_PL | SAT_MANUAL | SAT_FRONT, 0, 0, -12120, -14490, 1390, 1380, ITEM_SHOTGUNAMMO, 7, 68, 4, 0
041E:   00                                                                                      nop
041F:   00                                                                                      nop

off_0420:
0420:   1802                                                                                    gosub                   2
0422:   2D0000000000000000000A0010004CD2C0F914D3000068FE0000000000000000000000000000            obj_model_set           0, 0, 0, 0, 0, 0, 0, 10, 16, -11700, -1600, -11500, 0, -408, 0, 0, 0, 0, 0, 0, 0, 0, 0
0448:   2D0100000000040000000A0010007ED2C0F9EED0000040FD0000000000000000000000000000            obj_model_set           1, 0, 0, 0, 0, 4, 0, 10, 16, -11650, -1600, -12050, 0, -704, 0, 0, 0, 0, 0, 0, 0, 0, 0
046E:   06002E00                                                                                if                      0, off_04A0
0472:   21010101                                                                                ck                      1, 1, 1
0476:   2D0700000000000000000A0010001AD2C0F944CB40FC00004000000000000000000000000000            obj_model_set           7, 0, 0, 0, 0, 0, 0, 10, 16, -11750, -1600, -13500, -960, 0, 64, 0, 0, 0, 0, 0, 0, 0, 0
049C:   07002C00                                                                                else                    0, off_04C8

off_04A0:
04A0:   2D0400000000000000000A0010001AD2C0F944CB000000000000000000000000000000000000            obj_model_set           4, 0, 0, 0, 0, 0, 0, 10, 16, -11750, -1600, -13500, 0, 0, 0, 0, 0, 0, 0, 0, 0, 0, 0
04C6:   00                                                                                      nop
04C7:   00                                                                                      nop

off_04C8:
04C8:   0100                                                                                    evt_end                 0

.proc main_01
04CA:   1804                                                                                    gosub                   4
04CC:   0100                                                                                    evt_end                 0

.proc main_02
04CE:   4E060230000000000000010001000F0064003E000600                                            item_aot_set            6, SCE_ITEM, SAT_MANUAL | SAT_FRONT, 0, 0, 0, 0, 1, 1, ITEM_SMG, 100, 62, 6, 0
04E4:   2C07053100005CC238E6220BCE04FF0018030000                                                aot_set                 7, SCE_EVENT, SAT_PL | SAT_MANUAL | SAT_FRONT, 0, 0, -15780, -6600, 2850, 1230, 255, 0, I_GOSUB, main_03, 0, 0
04F8:   2D0500000000000000000A001000FEC524AFE42B000040030000000000000000000000000000            obj_model_set           5, 0, 0, 0, 0, 0, 0, 10, 16, -14850, -20700, 11236, 0, 832, 0, 0, 0, 0, 0, 0, 0, 0, 0
051E:   2D0600000000000000000A0010002AC724AF4CEB000000FA0000000000000000000000000000            obj_model_set           6, 0, 0, 0, 0, 0, 0, 10, 16, -14550, -20700, -5300, 0, -1536, 0, 0, 0, 0, 0, 0, 0, 0, 0
0544:   0100                                                                                    evt_end                 0

.proc main_03
0546:   22020701                                                                                set                     2, 7, 1
054A:   2904                                                                                    cut_chg                 4
054C:   360228010000ACC700FC2C1A                                                                se_on                   2, 296, 0, -14420, -1024, 6700
0558:   06001C00                                                                                if                      0, off_0578
055C:   211D0100                                                                                ck                      29, 1, 0
0560:   2E0405                                                                                  work_set                WK_OBJECT, 5
0563:   00                                                                                      nop
0564:   32000CCC44FDE8EA                                                                        pos_set                 0, -13300, -700, -5400
056C:   3300000040030000                                                                        dir_set                 0, 0, 832, 0
0574:   07001E00                                                                                else                    0, off_0592

off_0578:
0578:   2E0406                                                                                  work_set                WK_OBJECT, 6
057B:   00                                                                                      nop
057C:   32004ACA44FD4CEB                                                                        pos_set                 0, -13750, -700, -5300
0584:   3300000000FA0000                                                                        dir_set                 0, 0, -1536, 0
058C:   03001805                                                                                evt_chain               0, 24, 5
0590:   00                                                                                      nop
0591:   00                                                                                      nop

off_0592:
0592:   06001C00                                                                                if                      0, off_05B2
0596:   211D0000                                                                                ck                      29, 0, 0
059A:   2E0406                                                                                  work_set                WK_OBJECT, 6
059D:   00                                                                                      nop
059E:   32004ACA44FD4CEB                                                                        pos_set                 0, -13750, -700, -5300
05A6:   3300000000FA0000                                                                        dir_set                 0, 0, -1536, 0
05AE:   07001E00                                                                                else                    0, off_05CC

off_05B2:
05B2:   2E0405                                                                                  work_set                WK_OBJECT, 5
05B5:   00                                                                                      nop
05B6:   32000CCC44FDE8EA                                                                        pos_set                 0, -13300, -700, -5400
05BE:   3300000040030000                                                                        dir_set                 0, 0, 832, 0
05C6:   03001806                                                                                evt_chain               0, 24, 6
05CA:   00                                                                                      nop
05CB:   00                                                                                      nop

off_05CC:
05CC:   090A2800                                                                                sleep                   10, 40
05D0:   2B000400FFFF                                                                            message_on              0, 4, 0, 255, 255
05D6:   090A0100                                                                                sleep                   10, 1
05DA:   360406000000ACC700FC2C1A                                                                se_on                   4, 6, 0, -14420, -1024, 6700
05E6:   06000E00                                                                                if                      0, off_05F8
05EA:   210B1F00                                                                                ck                      11, 31, 0
05EE:   4706                                                                                    aot_on                  6
05F0:   090A0100                                                                                sleep                   10, 1
05F4:   07005A00                                                                                else                    0, off_064E

off_05F8:
05F8:   2B000500FFFF                                                                            message_on              0, 5, 0, 255, 255
05FE:   090A0100                                                                                sleep                   10, 1
0602:   06004600                                                                                if                      0, off_064C
0606:   210B1F00                                                                                ck                      11, 31, 0
060A:   530202078001                                                                            sce_fade_set            2, 2, 7, 128, 1
0610:   090A1E00                                                                                sleep                   10, 30
0614:   0D0008000500                                                                            for                     0, off_0622, 5
061A:   7402FF7F                                                                                sce_fade_adjust         2, 255, 127
061E:   02                                                                                      evt_next
061F:   00                                                                                      nop
0620:   0E00                                                                                    next                    0

off_0622:
0622:   221D0101                                                                                set                     29, 1, 1
0626:   22083F01                                                                                set                     8, 63, 1
062A:   06001000                                                                                if                      0, off_063E
062E:   21010000                                                                                ck                      1, 0, 0
0632:   2E0100                                                                                  work_set                WK_PLAYER, 0
0635:   00                                                                                      nop
0636:   24200200                                                                                save                    32, 2
063A:   07000E00                                                                                else                    0, off_0648

off_063E:
063E:   2E0100                                                                                  work_set                WK_PLAYER, 0
0641:   00                                                                                      nop
0642:   24200300                                                                                save                    32, 3
0646:   00                                                                                      nop
0647:   00                                                                                      nop

off_0648:
0648:   470D                                                                                    aot_on                  13
064A:   08                                                                                      endif
064B:   00                                                                                      nop

off_064C:
064C:   00                                                                                      nop
064D:   00                                                                                      nop

off_064E:
064E:   2E0406                                                                                  work_set                WK_OBJECT, 6
0651:   00                                                                                      nop
0652:   32004ACA24AF4CEB                                                                        pos_set                 0, -13750, -20700, -5300
065A:   2E0405                                                                                  work_set                WK_OBJECT, 5
065D:   00                                                                                      nop
065E:   32000CCC24AFE8EA                                                                        pos_set                 0, -13300, -20700, -5400
0666:   2902                                                                                    cut_chg                 2
0668:   22020700                                                                                set                     2, 7, 0
066C:   3C01                                                                                    cut_auto                1
066E:   0100                                                                                    evt_end                 0

.proc main_04
0670:   06000A00                                                                                if                      0, off_067E
0674:   21083E01                                                                                ck                      8, 62, 1
0678:   221D0001                                                                                set                     29, 0, 1
067C:   08                                                                                      endif
067D:   00                                                                                      nop

off_067E:
067E:   06001400                                                                                if                      0, off_0696
0682:   211D0101                                                                                ck                      29, 1, 1
0686:   211D0001                                                                                ck                      29, 0, 1
068A:   46070031000000000000                                                                    aot_reset               7, SCE_AUTO, SAT_PL | SAT_MANUAL | SAT_FRONT, 0, 0, 0, 0, 0, 0
0694:   08                                                                                      endif
0695:   00                                                                                      nop

off_0696:
0696:   0100                                                                                    evt_end                 0

.proc main_05
0698:   2B000600FFFF                                                                            message_on              0, 6, 0, 255, 255
069E:   090A0100                                                                                sleep                   10, 1
06A2:   06002400                                                                                if                      0, off_06CA
06A6:   21010100                                                                                ck                      1, 1, 0
06AA:   06000E00                                                                                if                      0, off_06BC
06AE:   21010000                                                                                ck                      1, 0, 0
06B2:   2B000900FFFF                                                                            message_on              0, 9, 0, 255, 255
06B8:   07000C00                                                                                else                    0, off_06C4

off_06BC:
06BC:   2B000800FFFF                                                                            message_on              0, 8, 0, 255, 255
06C2:   00                                                                                      nop
06C3:   00                                                                                      nop

off_06C4:
06C4:   090A0100                                                                                sleep                   10, 1
06C8:   08                                                                                      endif
06C9:   00                                                                                      nop

off_06CA:
06CA:   4706                                                                                    aot_on                  6
06CC:   090A0100                                                                                sleep                   10, 1
06D0:   2E0406                                                                                  work_set                WK_OBJECT, 6
06D3:   00                                                                                      nop
06D4:   32004ACA24AF4CEB                                                                        pos_set                 0, -13750, -20700, -5300
06DC:   2902                                                                                    cut_chg                 2
06DE:   22020700                                                                                set                     2, 7, 0
06E2:   3C01                                                                                    cut_auto                1
06E4:   0100                                                                                    evt_end                 0

.proc main_06
06E6:   2B000700FFFF                                                                            message_on              0, 7, 0, 255, 255
06EC:   090A0100                                                                                sleep                   10, 1
06F0:   06002400                                                                                if                      0, off_0718
06F4:   21010100                                                                                ck                      1, 1, 0
06F8:   06000E00                                                                                if                      0, off_070A
06FC:   21010000                                                                                ck                      1, 0, 0
0700:   2B000900FFFF                                                                            message_on              0, 9, 0, 255, 255
0706:   07000C00                                                                                else                    0, off_0712

off_070A:
070A:   2B000800FFFF                                                                            message_on              0, 8, 0, 255, 255
0710:   00                                                                                      nop
0711:   00                                                                                      nop

off_0712:
0712:   090A0100                                                                                sleep                   10, 1
0716:   08                                                                                      endif
0717:   00                                                                                      nop

off_0718:
0718:   2B000500FFFF                                                                            message_on              0, 5, 0, 255, 255
071E:   090A0100                                                                                sleep                   10, 1
0722:   06002E00                                                                                if                      0, off_0754
0726:   210B1F00                                                                                ck                      11, 31, 0
072A:   221D0101                                                                                set                     29, 1, 1
072E:   22083F01                                                                                set                     8, 63, 1
0732:   06001000                                                                                if                      0, off_0746
0736:   21010000                                                                                ck                      1, 0, 0
073A:   2E0100                                                                                  work_set                WK_PLAYER, 0
073D:   00                                                                                      nop
073E:   24200200                                                                                save                    32, 2
0742:   07000E00                                                                                else                    0, off_0750

off_0746:
0746:   2E0100                                                                                  work_set                WK_PLAYER, 0
0749:   00                                                                                      nop
074A:   24200300                                                                                save                    32, 3
074E:   00                                                                                      nop
074F:   00                                                                                      nop

off_0750:
0750:   470D                                                                                    aot_on                  13
0752:   08                                                                                      endif
0753:   00                                                                                      nop

off_0754:
0754:   2E0405                                                                                  work_set                WK_OBJECT, 5
0757:   00                                                                                      nop
0758:   3200BAC824AFE8EA                                                                        pos_set                 0, -14150, -20700, -5400
0760:   2902                                                                                    cut_chg                 2
0762:   22020700                                                                                set                     2, 7, 0
0766:   3C01                                                                                    cut_auto                1
0768:   0100                                                                                    evt_end                 0
076A:   D412                                                                                    db                      0xD4, 0x12
