.version 2
.init
.proc init_00
095A:   3B0001310000A0139DA9B004080724AF00008CF10000011603001C0000000000                        door_aot_se             0, SCE_DOOR, SAT_PL | SAT_MANUAL | SAT_FRONT, 0, 0, 5024, -22115, 1200, 1800, -20700, 0, -3700, 0, 1, 22, 3, 0, 28, 0, 0, 0, UNLOCKED, 0
097A:   3B0201310000A8E3E9D00807B0043CC400001CDA000C011A00001A0100000000                        door_aot_se             2, SCE_DOOR, SAT_PL | SAT_MANUAL | SAT_FRONT, 0, 0, -7256, -12055, 1800, 1200, -15300, 0, -9700, 3072, 1, 26, 0, 0, 26, 1, 0, 0, UNLOCKED, 0
099A:   06001C00                                                                                if                      0, off_09BA
099E:   21010601                                                                                ck                      1, 6, 1
09A2:   2C03043100003A9817C16009B00404000000FFFF                                                aot_set                 3, SCE_MESSAGE, SAT_PL | SAT_MANUAL | SAT_FRONT, 0, 0, -26566, -16105, 2400, 1200, 4, 0, 0, 0, 255, 255
09B6:   07002600                                                                                else                    0, off_09DC

off_09BA:
09BA:   3B03013100003A9817C16009B004F49D0000BEBF000402010000140000000000                        door_aot_se             3, SCE_DOOR, SAT_PL | SAT_MANUAL | SAT_FRONT, 0, 0, -26566, -16105, 2400, 1200, -25100, 0, -16450, 1024, 2, 1, 0, 0, 20, 0, 0, 0, UNLOCKED, 0
09DA:   00                                                                                      nop
09DB:   00                                                                                      nop

off_09DC:
09DC:   0100                                                                                    evt_end                 0
09DE:   1A13                                                                                    db                      0x1A, 0x13

.main
.proc main_00
0A0A:   06008C00                                                                                if                      0, off_0A9A
0A0E:   21010601                                                                                ck                      1, 6, 1
0A12:   4400001F86000005005FF0D200007DCC9F0000000000                                            sce_em_set              0, 0, ENEMY_ZOMBIERANDOM, 134, 0, 0, 5, 0, 95, -11536, 0, -13187, 159, 0, 0
0A28:   4400011F0000000500608BFE00003DAC5D0A00000000                                            sce_em_set              0, 1, ENEMY_ZOMBIERANDOM, 0, 0, 0, 5, 0, 96, -373, 0, -21443, 2653, 0, 0
0A3E:   4400021F03200005008CA0E90000C7B6900D00000000                                            sce_em_set              0, 2, ENEMY_ZOMBIERANDOM, 3, 32, 0, 5, 0, 140, -5728, 0, -18745, 3472, 0, 0
0A54:   4400031F0120000500941CEE0000DCBA400C00000000                                            sce_em_set              0, 3, ENEMY_ZOMBIERANDOM, 1, 32, 0, 5, 0, 148, -4580, 0, -17700, 3136, 0, 0
0A6A:   4400041F0000000500A1F40800002AABF80B00000000                                            sce_em_set              0, 4, ENEMY_ZOMBIERANDOM, 0, 0, 0, 5, 0, 161, 2292, 0, -21718, 3064, 0, 0
0A80:   4400051F8600000500A28ACF000021C8A80F00000000                                            sce_em_set              0, 5, ENEMY_ZOMBIERANDOM, 134, 0, 0, 5, 0, 162, -12406, 0, -14303, 4008, 0, 0
0A96:   0100                                                                                    evt_end                 0
0A98:   08                                                                                      endif
0A99:   00                                                                                      nop

off_0A9A:
0A9A:   1807                                                                                    gosub                   7
0A9C:   06004400                                                                                if                      0, off_0AE4
0AA0:   21010100                                                                                ck                      1, 1, 0
0AA4:   2D0000000000000000000A001000709A24FA2CCF000000000000000000000000000000000000            obj_model_set           0, 0, 0, 0, 0, 0, 0, 10, 16, -26000, -1500, -12500, 0, 0, 0, 0, 0, 0, 0, 0, 0, 0, 0
0ACA:   4E040231000088969CCD0807080714000F0075000000                                            item_aot_set            4, SCE_ITEM, SAT_PL | SAT_MANUAL | SAT_FRONT, 0, 0, -27000, -12900, 1800, 1800, ITEM_HANDGUNAMMO, 15, 117, 0, 0
0AE0:   07004200                                                                                else                    0, off_0B22

off_0AE4:
0AE4:   2D0100000000000000000A001000709AC0F92CCF000000000000000000000000000000000000            obj_model_set           1, 0, 0, 0, 0, 0, 0, 10, 16, -26000, -1600, -12500, 0, 0, 0, 0, 0, 0, 0, 0, 0, 0, 0
0B0A:   4E040231000088969CCD080708074600010075000100                                            item_aot_set            4, SCE_ITEM, SAT_PL | SAT_MANUAL | SAT_FRONT, 0, 0, -27000, -12900, 1800, 1800, ITEM_FILMC, 1, 117, 1, 0
0B20:   00                                                                                      nop
0B21:   00                                                                                      nop

off_0B22:
0B22:   2C0A04310000489030C60807780502000000FFFF                                                aot_set                 10, SCE_MESSAGE, SAT_PL | SAT_MANUAL | SAT_FRONT, 0, 0, -28600, -14800, 1800, 1400, 2, 0, 0, 0, 255, 255
0B36:   06002400                                                                                if                      0, off_0B5E
0B3A:   21034300                                                                                ck                      3, 67, 0
0B3E:   4400FF410000000000FF940C000058B2000800000000                                            sce_em_set              0, 255, ENEMY_ADAWONG1, 0, 0, 0, 0, 0, 255, 3220, 0, -19880, 2048, 0, 0
0B54:   22034301                                                                                set                     3, 67, 1
0B58:   04FF1803                                                                                evt_exec                255, I_GOSUB, main_03
0B5C:   08                                                                                      endif
0B5D:   00                                                                                      nop

off_0B5E:
0B5E:   06001400                                                                                if                      0, off_0B76
0B62:   21034201                                                                                ck                      3, 66, 1
0B66:   21034100                                                                                ck                      3, 65, 0
0B6A:   46020531FF0018020000                                                                    aot_reset               2, SCE_EVENT, SAT_PL | SAT_MANUAL | SAT_FRONT, 255, 0, I_GOSUB, main_02, 0, 0
0B74:   08                                                                                      endif
0B75:   00                                                                                      nop

off_0B76:
0B76:   0100                                                                                    evt_end                 0

.proc main_01
0B78:   0100                                                                                    evt_end                 0

.proc main_02
0B7A:   2B000000FFFF                                                                            message_on              0, 0, 0, 255, 255
0B80:   0100                                                                                    evt_end                 0

.proc main_03
0B82:   1805                                                                                    gosub                   5
0B84:   090A1E00                                                                                sleep                   10, 30
0B88:   2E0200                                                                                  work_set                WK_SPLAYER, 0
0B8B:   00                                                                                      nop
0B8C:   3D1007                                                                                  member_copy             16, 7
0B8F:   00                                                                                      nop
0B90:   26000610FFEF                                                                            calc                    0, OP_AND, 16, -4097
0B96:   350710                                                                                  member_set2             7, 16
0B99:   00                                                                                      nop
0B9A:   4000052908EEF2AE                                                                        plc_dest                0, 5, 41, -4600, -20750
0BA2:   090A1400                                                                                sleep                   10, 20
0BA6:   090A0100                                                                                sleep                   10, 1
0BAA:   59002000                                                                                xa_on                   0, 32
0BAE:   2B0001000000                                                                            message_on              0, 1, 0, 0, 0
0BB4:   2E0100                                                                                  work_set                WK_PLAYER, 0
0BB7:   3F001300                                                                                plc_motion              0, 19, 0
0BBB:   00                                                                                      nop
0BBC:   090A1400                                                                                sleep                   10, 20
0BC0:   090A0A00                                                                                sleep                   10, 10
0BC4:   3F001380                                                                                plc_motion              0, 19, 128
0BC8:   090A1400                                                                                sleep                   10, 20
0BCC:   2E0200                                                                                  work_set                WK_SPLAYER, 0
0BCF:   00                                                                                      nop
0BD0:   3D1007                                                                                  member_copy             16, 7
0BD3:   00                                                                                      nop
0BD4:   260005100010                                                                            calc                    0, OP_OR, 16, 4096
0BDA:   350710                                                                                  member_set2             7, 16
0BDD:   00                                                                                      nop
0BDE:   3D1007                                                                                  member_copy             16, 7
0BE1:   00                                                                                      nop
0BE2:   260005100080                                                                            calc                    0, OP_OR, 16, -32768
0BE8:   350710                                                                                  member_set2             7, 16
0BEB:   00                                                                                      nop
0BEC:   3D1000                                                                                  member_copy             16, 0
0BEF:   00                                                                                      nop
0BF0:   260005100200                                                                            calc                    0, OP_OR, 16, 2
0BF6:   350010                                                                                  member_set2             0, 16
0BF9:   00                                                                                      nop
0BFA:   3D1000                                                                                  member_copy             16, 0
0BFD:   00                                                                                      nop
0BFE:   260005100800                                                                            calc                    0, OP_OR, 16, 8
0C04:   350010                                                                                  member_set2             0, 16
0C07:   00                                                                                      nop
0C08:   3200B80B000038CD                                                                        pos_set                 0, 3000, 0, -13000
0C10:   0B                                                                                      wsleep
0C11:   0C                                                                                      wsleeping
0C12:   1806                                                                                    gosub                   6
0C14:   0100                                                                                    evt_end                 0

.proc main_04
0C16:   11000800                                                                                do                      0, off_0C22
0C1A:   02                                                                                      evt_next
0C1B:   00                                                                                      nop
0C1C:   1204                                                                                    edwhile                 off_0C22
0C1E:   21052900                                                                                ck                      5, 41, 0

off_0C22:
0C22:   0100                                                                                    evt_end                 0

.proc main_05
0C24:   22020701                                                                                set                     2, 7, 1
0C28:   22011B01                                                                                set                     1, 27, 1
0C2C:   0100                                                                                    evt_end                 0

.proc main_06
0C2E:   2E0100                                                                                  work_set                WK_PLAYER, 0
0C31:   42                                                                                      plc_ret
0C32:   22020700                                                                                set                     2, 7, 0
0C36:   22011B00                                                                                set                     1, 27, 0
0C3A:   3C01                                                                                    cut_auto                1
0C3C:   0100                                                                                    evt_end                 0

.proc main_07
0C3E:   06002C00                                                                                if                      0, off_0C6E
0C42:   2104FE01                                                                                ck                      4, 254, 1
0C46:   22043701                                                                                set                     4, 55, 1
0C4A:   22036200                                                                                set                     3, 98, 0
0C4E:   06001000                                                                                if                      0, off_0C62
0C52:   21010100                                                                                ck                      1, 1, 0
0C56:   57001902FF1200C0                                                                        sce_bgmtbl_set          0, 25, 2, 4863, 49152
0C5E:   07000E00                                                                                else                    0, off_0C6C

off_0C62:
0C62:   57001902FF1200C0                                                                        sce_bgmtbl_set          0, 25, 2, 4863, 49152
0C6A:   00                                                                                      nop
0C6B:   00                                                                                      nop

off_0C6C:
0C6C:   08                                                                                      endif
0C6D:   00                                                                                      nop

off_0C6E:
0C6E:   06002A00                                                                                if                      0, off_0C9C
0C72:   21043701                                                                                ck                      4, 55, 1
0C76:   06002000                                                                                if                      0, off_0C9A
0C7A:   21034301                                                                                ck                      3, 67, 1
0C7E:   06001600                                                                                if                      0, off_0C98
0C82:   21036201                                                                                ck                      3, 98, 1
0C86:   06000C00                                                                                if                      0, off_0C96
0C8A:   23001B001101                                                                            cmp                     0, 27, CMP_EQ, 273
0C90:   04FF1808                                                                                evt_exec                255, I_GOSUB, main_08
0C94:   08                                                                                      endif
0C95:   00                                                                                      nop

off_0C96:
0C96:   08                                                                                      endif
0C97:   00                                                                                      nop

off_0C98:
0C98:   08                                                                                      endif
0C99:   00                                                                                      nop

off_0C9A:
0C9A:   08                                                                                      endif
0C9B:   00                                                                                      nop

off_0C9C:
0C9C:   06009200                                                                                if                      0, off_0D32
0CA0:   21043701                                                                                ck                      4, 55, 1
0CA4:   06008800                                                                                if                      0, off_0D30
0CA8:   21034301                                                                                ck                      3, 67, 1
0CAC:   06007E00                                                                                if                      0, off_0D2E
0CB0:   21036200                                                                                ck                      3, 98, 0
0CB4:   06001E00                                                                                if                      0, off_0CD6
0CB8:   23001B001602                                                                            cmp                     0, 27, CMP_EQ, 534
0CBE:   2C070541000010EF1DA288139C18FF0018090000                                                aot_set                 7, SCE_EVENT, SAT_PL | SAT_UNDER, 0, 0, -4336, -24035, 5000, 6300, 255, 0, I_GOSUB, main_09, 0, 0
0CD2:   07000A00                                                                                else                    0, off_0CDC

off_0CD6:
0CD6:   04FF180A                                                                                evt_exec                255, I_GOSUB, main_0A
0CDA:   00                                                                                      nop
0CDB:   00                                                                                      nop

off_0CDC:
0CDC:   440000440000000000FFFCA9000082A0730200000000                                            sce_em_set              0, 0, ENEMY_BENBERTOLUCCI1, 0, 0, 0, 0, 0, 255, -22020, 0, -24446, 627, 0, 0
0CF2:   06001E00                                                                                if                      0, off_0D14
0CF6:   21010100                                                                                ck                      1, 1, 0
0CFA:   440001300200001C00FF44B10CFEAD97B90900000000                                            sce_em_set              0, 1, ENEMY_48, 2, 0, 0, 28, 0, 255, -20156, -500, -26707, 2489, 0, 0
0D10:   07001C00                                                                                else                    0, off_0D2C

off_0D14:
0D14:   440001300440001C00FF44B10CFEAD97B90900000000                                            sce_em_set              0, 1, ENEMY_48, 4, 64, 0, 28, 0, 255, -20156, -500, -26707, 2489, 0, 0
0D2A:   00                                                                                      nop
0D2B:   00                                                                                      nop

off_0D2C:
0D2C:   08                                                                                      endif
0D2D:   00                                                                                      nop

off_0D2E:
0D2E:   08                                                                                      endif
0D2F:   00                                                                                      nop

off_0D30:
0D30:   08                                                                                      endif
0D31:   00                                                                                      nop

off_0D32:
0D32:   0100                                                                                    evt_end                 0

.proc main_08
0D34:   22020701                                                                                set                     2, 7, 1
0D38:   02                                                                                      evt_next
0D39:   22020701                                                                                set                     2, 7, 1
0D3D:   22011B01                                                                                set                     1, 27, 1
0D41:   22036201                                                                                set                     3, 98, 1
0D45:   2901                                                                                    cut_chg                 1
0D47:   2E0100                                                                                  work_set                WK_PLAYER, 0
0D4A:   32002D053CF6F9A9                                                                        pos_set                 0, 1325, -2500, -22023
0D52:   33000000790C0000                                                                        dir_set                 0, 0, 3193, 0
0D5A:   3F001900                                                                                plc_motion              0, 25, 0
0D5E:   24080000                                                                                save                    8, 0
0D62:   0D001E000700                                                                            for                     0, off_0D86, 7
0D68:   3D100C                                                                                  member_copy             16, 12
0D6B:   00                                                                                      nop
0D6C:   27001008                                                                                calc2                   OP_ADD, 16, 8
0D70:   350C10                                                                                  member_set2             12, 16
0D73:   00                                                                                      nop
0D74:   02                                                                                      evt_next
0D75:   00                                                                                      nop
0D76:   251008                                                                                  copy                    16, 8
0D79:   00                                                                                      nop
0D7A:   260000105A00                                                                            calc                    0, OP_ADD, 16, 90
0D80:   250810                                                                                  copy                    8, 16
0D83:   00                                                                                      nop
0D84:   0E00                                                                                    next                    0

off_0D86:
0D86:   36021D0000002D050000F9A9                                                                se_on                   2, 29, 0, 1325, 0, -22023
0D92:   8A0002000000                                                                            nop_8a                  0, 2, 0, 0, 0
0D98:   8BFF03000000                                                                            nop_8b                  255, 3, 0, 0, 0
0D9E:   32002D050000F9A9                                                                        pos_set                 0, 1325, 0, -22023
0DA6:   3F001800                                                                                plc_motion              0, 24, 0
0DAA:   090A3200                                                                                sleep                   10, 50
0DAE:   2E0100                                                                                  work_set                WK_PLAYER, 0
0DB1:   42                                                                                      plc_ret
0DB2:   3C01                                                                                    cut_auto                1
0DB4:   22011B00                                                                                set                     1, 27, 0
0DB8:   22020700                                                                                set                     2, 7, 0
0DBC:   0100                                                                                    evt_end                 0

.proc main_09
0DBE:   22020701                                                                                set                     2, 7, 1
0DC2:   22011B01                                                                                set                     1, 27, 1
0DC6:   22036201                                                                                set                     3, 98, 1
0DCA:   460700317431000075F0                                                                    aot_reset               7, SCE_AUTO, SAT_PL | SAT_MANUAL | SAT_FRONT, 116, 49, 0, 0, 117, 240
0DD4:   180B                                                                                    gosub                   11
0DD6:   0100                                                                                    evt_end                 0

.proc main_0A
0DD8:   22020701                                                                                set                     2, 7, 1
0DDC:   02                                                                                      evt_next
0DDD:   22020701                                                                                set                     2, 7, 1
0DE1:   22011B01                                                                                set                     1, 27, 1
0DE5:   22036201                                                                                set                     3, 98, 1
0DE9:   2901                                                                                    cut_chg                 1
0DEB:   2E0100                                                                                  work_set                WK_PLAYER, 0
0DEE:   32002D053CF6F9A9                                                                        pos_set                 0, 1325, -2500, -22023
0DF6:   33000000790C0000                                                                        dir_set                 0, 0, 3193, 0
0DFE:   3F001900                                                                                plc_motion              0, 25, 0
0E02:   24080000                                                                                save                    8, 0
0E06:   0D001E000700                                                                            for                     0, off_0E2A, 7
0E0C:   3D100C                                                                                  member_copy             16, 12
0E0F:   00                                                                                      nop
0E10:   27001008                                                                                calc2                   OP_ADD, 16, 8
0E14:   350C10                                                                                  member_set2             12, 16
0E17:   00                                                                                      nop
0E18:   02                                                                                      evt_next
0E19:   00                                                                                      nop
0E1A:   251008                                                                                  copy                    16, 8
0E1D:   00                                                                                      nop
0E1E:   260000105A00                                                                            calc                    0, OP_ADD, 16, 90
0E24:   250810                                                                                  copy                    8, 16
0E27:   00                                                                                      nop
0E28:   0E00                                                                                    next                    0

off_0E2A:
0E2A:   36021D0000002D050000F9A9                                                                se_on                   2, 29, 0, 1325, 0, -22023
0E36:   8A0002000000                                                                            nop_8a                  0, 2, 0, 0, 0
0E3C:   8BFF03000000                                                                            nop_8b                  255, 3, 0, 0, 0
0E42:   32002D050000F9A9                                                                        pos_set                 0, 1325, 0, -22023
0E4A:   3F001800                                                                                plc_motion              0, 24, 0
0E4E:   090A3200                                                                                sleep                   10, 50
0E52:   3F001700                                                                                plc_motion              0, 23, 0
0E56:   090A2800                                                                                sleep                   10, 40
0E5A:   180B                                                                                    gosub                   11
0E5C:   0100                                                                                    evt_end                 0

.proc main_0B
0E5E:   02                                                                                      evt_next
0E5F:   00                                                                                      nop
0E60:   59001A00                                                                                xa_on                   0, 26
0E64:   5F46                                                                                    xa_vol                  70
0E66:   090A0F00                                                                                sleep                   10, 15
0E6A:   2E0100                                                                                  work_set                WK_PLAYER, 0
0E6D:   00                                                                                      nop
0E6E:   410130E5F8F823AF6060                                                                    plc_neck                1, -6864, -1800, -20701, 96, 96
0E78:   090A0A00                                                                                sleep                   10, 10
0E7C:   4000092030E523AF                                                                        plc_dest                0, 9, 32, -6864, -20701
0E84:   1813                                                                                    gosub                   19
0E86:   40000820043708AF                                                                        plc_dest                0, 8, 32, 14084, -20728
0E8E:   090A0A00                                                                                sleep                   10, 10
0E92:   66                                                                                      plc_stop
0E93:   00                                                                                      nop
0E94:   0B                                                                                      wsleep
0E95:   0C                                                                                      wsleeping
0E96:   5F78                                                                                    xa_vol                  120
0E98:   2906                                                                                    cut_chg                 6
0E9A:   090A0100                                                                                sleep                   10, 1
0E9E:   06001000                                                                                if                      0, off_0EB2
0EA2:   21010100                                                                                ck                      1, 1, 0
0EA6:   510101000000                                                                            sce_bgm_control         1, 1, 0, 0, 0
0EAC:   180C                                                                                    gosub                   12
0EAE:   07000E00                                                                                else                    0, off_0EBC

off_0EB2:
0EB2:   510201000000                                                                            sce_bgm_control         2, 1, 0, 0, 0
0EB8:   1811                                                                                    gosub                   17
0EBA:   00                                                                                      nop
0EBB:   00                                                                                      nop

off_0EBC:
0EBC:   22034201                                                                                set                     3, 66, 1
0EC0:   46020531FF0018020000                                                                    aot_reset               2, SCE_EVENT, SAT_PL | SAT_MANUAL | SAT_FRONT, 255, 0, I_GOSUB, main_02, 0, 0
0ECA:   530102070002                                                                            sce_fade_set            1, 2, 7, 0, 2
0ED0:   0D0004004000                                                                            for                     0, off_0EDA, 64
0ED6:   02                                                                                      evt_next
0ED7:   00                                                                                      nop
0ED8:   0E00                                                                                    next                    0

off_0EDA:
0EDA:   2901                                                                                    cut_chg                 1
0EDC:   06001000                                                                                if                      0, off_0EF0
0EE0:   21010100                                                                                ck                      1, 1, 0
0EE4:   5700190203FF0000                                                                        sce_bgmtbl_set          0, 25, 2, 65283, 0
0EEC:   07000E00                                                                                else                    0, off_0EFA

off_0EF0:
0EF0:   5700190203FF0000                                                                        sce_bgmtbl_set          0, 25, 2, 65283, 0
0EF8:   00                                                                                      nop
0EF9:   00                                                                                      nop

off_0EFA:
0EFA:   2E0100                                                                                  work_set                WK_PLAYER, 0
0EFD:   42                                                                                      plc_ret
0EFE:   3C01                                                                                    cut_auto                1
0F00:   22011B00                                                                                set                     1, 27, 0
0F04:   22020700                                                                                set                     2, 7, 0
0F08:   0100                                                                                    evt_end                 0

.proc main_0C
0F0A:   2E0301                                                                                  work_set                WK_ENEMY, 1
0F0D:   00                                                                                      nop
0F0E:   320072B19EFD029B                                                                        pos_set                 0, -20110, -610, -25854
0F16:   33000000C4090000                                                                        dir_set                 0, 0, 2500, 0
0F1E:   2E0300                                                                                  work_set                WK_ENEMY, 0
0F21:   00                                                                                      nop
0F22:   41050300010000006060                                                                    plc_neck                5, 3, 1, 0, 96, 96
0F2C:   3200B6AC00005C9C                                                                        pos_set                 0, -21322, 0, -25508
0F34:   3300000073020000                                                                        dir_set                 0, 0, 627, 0
0F3C:   59001B00                                                                                xa_on                   0, 27
0F40:   2E0300                                                                                  work_set                WK_ENEMY, 0
0F43:   00                                                                                      nop
0F44:   4000082417A7B9A4                                                                        plc_dest                0, 8, 36, -22761, -23367
0F4C:   090A0500                                                                                sleep                   10, 5
0F50:   4102000000FC00006060                                                                    plc_neck                2, 0, -1024, 0, 96, 96
0F5A:   090A0700                                                                                sleep                   10, 7
0F5E:   41050300010000006060                                                                    plc_neck                5, 3, 1, 0, 96, 96
0F68:   090A0800                                                                                sleep                   10, 8
0F6C:   41020000000400006060                                                                    plc_neck                2, 0, 1024, 0, 96, 96
0F76:   090A0A00                                                                                sleep                   10, 10
0F7A:   41050300010000006060                                                                    plc_neck                5, 3, 1, 0, 96, 96
0F84:   090A0500                                                                                sleep                   10, 5
0F88:   4000042418A9CEA1                                                                        plc_dest                0, 4, 36, -22248, -24114
0F90:   04FF180E                                                                                evt_exec                255, I_GOSUB, main_0E
0F94:   090A0200                                                                                sleep                   10, 2
0F98:   41020000000000044040                                                                    plc_neck                2, 0, 0, 1024, 64, 64
0FA2:   090A0100                                                                                sleep                   10, 1
0FA6:   3F010108                                                                                plc_motion              1, 1, 8
0FAA:   090A0200                                                                                sleep                   10, 2
0FAE:   41050300010000008080                                                                    plc_neck                5, 3, 1, 0, 128, 128
0FB8:   66                                                                                      plc_stop
0FB9:   3F001300                                                                                plc_motion              0, 19, 0
0FBD:   00                                                                                      nop
0FBE:   090A0500                                                                                sleep                   10, 5
0FC2:   41020000C0FE9CFF6060                                                                    plc_neck                2, 0, -320, -100, 96, 96
0FCC:   090A0300                                                                                sleep                   10, 3
0FD0:   4102000040019CFF6060                                                                    plc_neck                2, 0, 320, -100, 96, 96
0FDA:   090A0600                                                                                sleep                   10, 6
0FDE:   41020000C0FE9CFF6060                                                                    plc_neck                2, 0, -320, -100, 96, 96
0FE8:   2E0301                                                                                  work_set                WK_ENEMY, 1
0FEB:   00                                                                                      nop
0FEC:   34170100                                                                                member_set              23, 1, 0
0FF0:   22050001                                                                                set                     5, 0, 1
0FF4:   36020A0000001AADF8F8F89B                                                                se_on                   2, 10, 0, -21222, -1800, -25608
1000:   090A0600                                                                                sleep                   10, 6
1004:   2E0300                                                                                  work_set                WK_ENEMY, 0
1007:   00                                                                                      nop
1008:   3200D7A80000FBA1                                                                        pos_set                 0, -22313, 0, -24069
1010:   41020000C0FE00FC8080                                                                    plc_neck                2, 0, -320, -1024, 128, 128
101A:   090A0200                                                                                sleep                   10, 2
101E:   3F001608                                                                                plc_motion              0, 22, 8
1022:   41020000400100048080                                                                    plc_neck                2, 0, 320, 1024, 128, 128
102C:   36020D00000017A7F8F8B9A4                                                                se_on                   2, 13, 0, -22761, -1800, -23367
1038:   04FF180F                                                                                evt_exec                255, I_GOSUB, main_0F
103C:   090A0200                                                                                sleep                   10, 2
1040:   41020000000000FC8080                                                                    plc_neck                2, 0, 0, -1024, 128, 128
104A:   3F001408                                                                                plc_motion              0, 20, 8
104E:   090A0400                                                                                sleep                   10, 4
1052:   3F000F08                                                                                plc_motion              0, 15, 8
1056:   090A0800                                                                                sleep                   10, 8
105A:   36020B0000001AADF8F8F89B                                                                se_on                   2, 11, 0, -21222, -1800, -25608
1066:   2E0300                                                                                  work_set                WK_ENEMY, 0
1069:   3F00100C                                                                                plc_motion              0, 16, 12
106D:   00                                                                                      nop
106E:   090A0A00                                                                                sleep                   10, 10
1072:   0B                                                                                      wsleep
1073:   0C                                                                                      wsleeping
1074:   2E0300                                                                                  work_set                WK_ENEMY, 0
1077:   00                                                                                      nop
1078:   320036A8F4014BA1                                                                        pos_set                 0, -22474, 500, -24245
1080:   3300000030020000                                                                        dir_set                 0, 0, 560, 0
1088:   2E0301                                                                                  work_set                WK_ENEMY, 1
108B:   00                                                                                      nop
108C:   320031B0BAFF129C                                                                        pos_set                 0, -20431, -70, -25582
1094:   3300000044090000                                                                        dir_set                 0, 0, 2372, 0
109C:   2907                                                                                    cut_chg                 7
109E:   02                                                                                      evt_next
109F:   00                                                                                      nop
10A0:   59001C00                                                                                xa_on                   0, 28
10A4:   090A1400                                                                                sleep                   10, 20
10A8:   2E0300                                                                                  work_set                WK_ENEMY, 0
10AB:   3F001100                                                                                plc_motion              0, 17, 0
10AF:   00                                                                                      nop
10B0:   0B                                                                                      wsleep
10B1:   0C                                                                                      wsleeping
10B2:   2908                                                                                    cut_chg                 8
10B4:   2E0300                                                                                  work_set                WK_ENEMY, 0
10B7:   00                                                                                      nop
10B8:   320009AC00001EA0                                                                        pos_set                 0, -21495, 0, -24546
10C0:   33000000B0030000                                                                        dir_set                 0, 0, 944, 0
10C8:   3F001200                                                                                plc_motion              0, 18, 0
10CC:   2E0301                                                                                  work_set                WK_ENEMY, 1
10CF:   00                                                                                      nop
10D0:   320001B90000D19E                                                                        pos_set                 0, -18175, 0, -24879
10D8:   33000000E4070000                                                                        dir_set                 0, 0, 2020, 0
10E0:   02                                                                                      evt_next
10E1:   00                                                                                      nop
10E2:   59001E00                                                                                xa_on                   0, 30
10E6:   090A1900                                                                                sleep                   10, 25
10EA:   36021F0000001AAD0000F89B                                                                se_on                   2, 31, 0, -21222, 0, -25608
10F6:   090A0F00                                                                                sleep                   10, 15
10FA:   36020D0000001AAD0000F89B                                                                se_on                   2, 13, 0, -21222, 0, -25608
1106:   090A0A00                                                                                sleep                   10, 10
110A:   2E0301                                                                                  work_set                WK_ENEMY, 1
110D:   00                                                                                      nop
110E:   34170400                                                                                member_set              23, 4, 0
1112:   090A4600                                                                                sleep                   10, 70
1116:   0B                                                                                      wsleep
1117:   0C                                                                                      wsleeping
1118:   2907                                                                                    cut_chg                 7
111A:   2E0301                                                                                  work_set                WK_ENEMY, 1
111D:   00                                                                                      nop
111E:   320093ACD4FE2EA0                                                                        pos_set                 0, -21357, -300, -24530
1126:   33000000A4060000                                                                        dir_set                 0, 0, 1700, 0
112E:   2E0301                                                                                  work_set                WK_ENEMY, 1
1131:   00                                                                                      nop
1132:   34170200                                                                                member_set              23, 2, 0
1136:   090A0100                                                                                sleep                   10, 1
113A:   59001D00                                                                                xa_on                   0, 29
113E:   090A2800                                                                                sleep                   10, 40
1142:   34172000                                                                                member_set              23, 32, 0
1146:   090A3C00                                                                                sleep                   10, 60
114A:   34174000                                                                                member_set              23, 64, 0
114E:   090A2800                                                                                sleep                   10, 40
1152:   34172000                                                                                member_set              23, 32, 0
1156:   090A1E00                                                                                sleep                   10, 30
115A:   34178000                                                                                member_set              23, 128, 0
115E:   090A1400                                                                                sleep                   10, 20
1162:   34170001                                                                                member_set              23, 0, 1
1166:   090A1400                                                                                sleep                   10, 20
116A:   04FF180D                                                                                evt_exec                255, I_GOSUB, main_0D
116E:   0B                                                                                      wsleep
116F:   0C                                                                                      wsleeping
1170:   0100                                                                                    evt_end                 0

.proc main_0D
1172:   2E0301                                                                                  work_set                WK_ENEMY, 1
1175:   00                                                                                      nop
1176:   0D0012008200                                                                            for                     0, off_118E, 130
117C:   3D100B                                                                                  member_copy             16, 11
117F:   00                                                                                      nop
1180:   260000100F00                                                                            calc                    0, OP_ADD, 16, 15
1186:   350B10                                                                                  member_set2             11, 16
1189:   00                                                                                      nop
118A:   02                                                                                      evt_next
118B:   00                                                                                      nop
118C:   0E00                                                                                    next                    0

off_118E:
118E:   0100                                                                                    evt_end                 0

.proc main_0E
1190:   2E0301                                                                                  work_set                WK_ENEMY, 1
1193:   00                                                                                      nop
1194:   320072B19EFD029B                                                                        pos_set                 0, -20110, -610, -25854
119C:   33000000C4090000                                                                        dir_set                 0, 0, 2500, 0
11A4:   0F042400                                                                                while                   4, off_11CC
11A8:   21050000                                                                                ck                      5, 0, 0
11AC:   3D100B                                                                                  member_copy             16, 11
11AF:   00                                                                                      nop
11B0:   260001101000                                                                            calc                    0, OP_SUB, 16, 16
11B6:   350B10                                                                                  member_set2             11, 16
11B9:   00                                                                                      nop
11BA:   3D100D                                                                                  member_copy             16, 13
11BD:   00                                                                                      nop
11BE:   260000100C00                                                                            calc                    0, OP_ADD, 16, 12
11C4:   350D10                                                                                  member_set2             13, 16
11C7:   00                                                                                      nop
11C8:   02                                                                                      evt_next
11C9:   00                                                                                      nop
11CA:   1000                                                                                    ewhile                  0

off_11CC:
11CC:   22050000                                                                                set                     5, 0, 0
11D0:   0100                                                                                    evt_end                 0

.proc main_0F
11D2:   2E0300                                                                                  work_set                WK_ENEMY, 0
11D5:   00                                                                                      nop
11D6:   0D0020000500                                                                            for                     0, off_11FC, 5
11DC:   3D100C                                                                                  member_copy             16, 12
11DF:   00                                                                                      nop
11E0:   260001101400                                                                            calc                    0, OP_SUB, 16, 20
11E6:   350C10                                                                                  member_set2             12, 16
11E9:   00                                                                                      nop
11EA:   3D100B                                                                                  member_copy             16, 11
11ED:   00                                                                                      nop
11EE:   260001101400                                                                            calc                    0, OP_SUB, 16, 20
11F4:   350B10                                                                                  member_set2             11, 16
11F7:   00                                                                                      nop
11F8:   02                                                                                      evt_next
11F9:   00                                                                                      nop
11FA:   0E00                                                                                    next                    0

off_11FC:
11FC:   0100                                                                                    evt_end                 0

.proc main_10
11FE:   2E0300                                                                                  work_set                WK_ENEMY, 0
1201:   00                                                                                      nop
1202:   0D0012000500                                                                            for                     0, off_121A, 5
1208:   3D100B                                                                                  member_copy             16, 11
120B:   00                                                                                      nop
120C:   260000100A00                                                                            calc                    0, OP_ADD, 16, 10
1212:   350B10                                                                                  member_set2             11, 16
1215:   00                                                                                      nop
1216:   02                                                                                      evt_next
1217:   00                                                                                      nop
1218:   0E00                                                                                    next                    0

off_121A:
121A:   0100                                                                                    evt_end                 0

.proc main_11
121C:   2E0301                                                                                  work_set                WK_ENEMY, 1
121F:   00                                                                                      nop
1220:   320000B070FE4D98                                                                        pos_set                 0, -20480, -400, -26547
1228:   33000000B80B0000                                                                        dir_set                 0, 0, 3000, 0
1230:   2E0300                                                                                  work_set                WK_ENEMY, 0
1233:   00                                                                                      nop
1234:   41050300010000006060                                                                    plc_neck                5, 3, 1, 0, 96, 96
123E:   32001AAD0000F89B                                                                        pos_set                 0, -21222, 0, -25608
1246:   3300000073020000                                                                        dir_set                 0, 0, 627, 0
124E:   59001B00                                                                                xa_on                   0, 27
1252:   02                                                                                      evt_next
1253:   2E0300                                                                                  work_set                WK_ENEMY, 0
1256:   4000082417A7B9A4                                                                        plc_dest                0, 8, 36, -22761, -23367
125E:   090A0500                                                                                sleep                   10, 5
1262:   4102000000FC00006060                                                                    plc_neck                2, 0, -1024, 0, 96, 96
126C:   090A0700                                                                                sleep                   10, 7
1270:   41050300010000006060                                                                    plc_neck                5, 3, 1, 0, 96, 96
127A:   090A0800                                                                                sleep                   10, 8
127E:   41020000000400006060                                                                    plc_neck                2, 0, 1024, 0, 96, 96
1288:   090A0A00                                                                                sleep                   10, 10
128C:   41050300010000006060                                                                    plc_neck                5, 3, 1, 0, 96, 96
1296:   2E0301                                                                                  work_set                WK_ENEMY, 1
1299:   00                                                                                      nop
129A:   34170100                                                                                member_set              23, 1, 0
129E:   2E0300                                                                                  work_set                WK_ENEMY, 0
12A1:   00                                                                                      nop
12A2:   090A0500                                                                                sleep                   10, 5
12A6:   4000042418A9CEA1                                                                        plc_dest                0, 4, 36, -22248, -24114
12AE:   090A0300                                                                                sleep                   10, 3
12B2:   41020000000000044040                                                                    plc_neck                2, 0, 0, 1024, 64, 64
12BC:   3F010100                                                                                plc_motion              1, 1, 0
12C0:   090A0200                                                                                sleep                   10, 2
12C4:   41050300010000008080                                                                    plc_neck                5, 3, 1, 0, 128, 128
12CE:   66                                                                                      plc_stop
12CF:   3F001300                                                                                plc_motion              0, 19, 0
12D3:   2E0301                                                                                  work_set                WK_ENEMY, 1
12D6:   34170200                                                                                member_set              23, 2, 0
12DA:   090A0500                                                                                sleep                   10, 5
12DE:   2E0300                                                                                  work_set                WK_ENEMY, 0
12E1:   00                                                                                      nop
12E2:   41020000C0FE9CFF6060                                                                    plc_neck                2, 0, -320, -100, 96, 96
12EC:   090A0300                                                                                sleep                   10, 3
12F0:   4102000040019CFF6060                                                                    plc_neck                2, 0, 320, -100, 96, 96
12FA:   090A0600                                                                                sleep                   10, 6
12FE:   41020000C0FE9CFF6060                                                                    plc_neck                2, 0, -320, -100, 96, 96
1308:   090A0A00                                                                                sleep                   10, 10
130C:   36020C0000001AADF8F8F89B                                                                se_on                   2, 12, 0, -21222, -1800, -25608
1318:   2E0300                                                                                  work_set                WK_ENEMY, 0
131B:   00                                                                                      nop
131C:   3200D7A80000FBA1                                                                        pos_set                 0, -22313, 0, -24069
1324:   41020000C0FE00FC8080                                                                    plc_neck                2, 0, -320, -1024, 128, 128
132E:   090A0200                                                                                sleep                   10, 2
1332:   3D1007                                                                                  member_copy             16, 7
1335:   00                                                                                      nop
1336:   260005100001                                                                            calc                    0, OP_OR, 16, 256
133C:   350710                                                                                  member_set2             7, 16
133F:   00                                                                                      nop
1340:   3A00000103000030F401F8F800000000                                                        sce_espr_on             0, 256, 3, 12288, 500, -1800, 0, 0
1350:   3F001608                                                                                plc_motion              0, 22, 8
1354:   41020000400100048080                                                                    plc_neck                2, 0, 320, 1024, 128, 128
135E:   36020D00000017A7F8F8B9A4                                                                se_on                   2, 13, 0, -22761, -1800, -23367
136A:   04FF180F                                                                                evt_exec                255, I_GOSUB, main_0F
136E:   090A0200                                                                                sleep                   10, 2
1372:   3A00000003000030F401F8F800000000                                                        sce_espr_on             0, 0, 3, 12288, 500, -1800, 0, 0
1382:   41020000000000FC8080                                                                    plc_neck                2, 0, 0, -1024, 128, 128
138C:   090A0300                                                                                sleep                   10, 3
1390:   2E0300                                                                                  work_set                WK_ENEMY, 0
1393:   3F001400                                                                                plc_motion              0, 20, 0
1397:   00                                                                                      nop
1398:   04FF1810                                                                                evt_exec                255, I_GOSUB, main_10
139C:   3A00000203000030F401F8F800000000                                                        sce_espr_on             0, 512, 3, 12288, 500, -1800, 0, 0
13AC:   090A1400                                                                                sleep                   10, 20
13B0:   0B                                                                                      wsleep
13B1:   0C                                                                                      wsleeping
13B2:   2908                                                                                    cut_chg                 8
13B4:   2E0300                                                                                  work_set                WK_ENEMY, 0
13B7:   00                                                                                      nop
13B8:   320009AC00001EA0                                                                        pos_set                 0, -21495, 0, -24546
13C0:   33000000B0030000                                                                        dir_set                 0, 0, 944, 0
13C8:   3F001200                                                                                plc_motion              0, 18, 0
13CC:   2E0301                                                                                  work_set                WK_ENEMY, 1
13CF:   00                                                                                      nop
13D0:   320001B90000D19E                                                                        pos_set                 0, -18175, 0, -24879
13D8:   33000000E4070000                                                                        dir_set                 0, 0, 2020, 0
13E0:   02                                                                                      evt_next
13E1:   00                                                                                      nop
13E2:   59001E00                                                                                xa_on                   0, 30
13E6:   090A1900                                                                                sleep                   10, 25
13EA:   36021F0000001AAD0000F89B                                                                se_on                   2, 31, 0, -21222, 0, -25608
13F6:   090A0500                                                                                sleep                   10, 5
13FA:   3A00000103000030F4010CFE00000000                                                        sce_espr_on             0, 256, 3, 12288, 500, -500, 0, 0
140A:   090A0A00                                                                                sleep                   10, 10
140E:   3A00000003000030F4019CFF00000000                                                        sce_espr_on             0, 0, 3, 12288, 500, -100, 0, 0
141E:   090A0500                                                                                sleep                   10, 5
1422:   36020D0000001AAD0000F89B                                                                se_on                   2, 13, 0, -21222, 0, -25608
142E:   090A0500                                                                                sleep                   10, 5
1432:   04FF1812                                                                                evt_exec                255, I_GOSUB, main_12
1436:   2E0301                                                                                  work_set                WK_ENEMY, 1
1439:   00                                                                                      nop
143A:   34170400                                                                                member_set              23, 4, 0
143E:   090A4600                                                                                sleep                   10, 70
1442:   0B                                                                                      wsleep
1443:   0C                                                                                      wsleeping
1444:   34171000                                                                                member_set              23, 16, 0
1448:   2907                                                                                    cut_chg                 7
144A:   2E0301                                                                                  work_set                WK_ENEMY, 1
144D:   00                                                                                      nop
144E:   3200BCAC38FF64A0                                                                        pos_set                 0, -21316, -200, -24476
1456:   3300000000050000                                                                        dir_set                 0, 0, 1280, 0
145E:   02                                                                                      evt_next
145F:   2E0301                                                                                  work_set                WK_ENEMY, 1
1462:   34170800                                                                                member_set              23, 8, 0
1466:   090A0100                                                                                sleep                   10, 1
146A:   59001D00                                                                                xa_on                   0, 29
146E:   090A2800                                                                                sleep                   10, 40
1472:   34172000                                                                                member_set              23, 32, 0
1476:   090A3C00                                                                                sleep                   10, 60
147A:   34174000                                                                                member_set              23, 64, 0
147E:   090A2800                                                                                sleep                   10, 40
1482:   34172000                                                                                member_set              23, 32, 0
1486:   090A1E00                                                                                sleep                   10, 30
148A:   34178000                                                                                member_set              23, 128, 0
148E:   090A1400                                                                                sleep                   10, 20
1492:   34170001                                                                                member_set              23, 0, 1
1496:   090A1400                                                                                sleep                   10, 20
149A:   04FF180D                                                                                evt_exec                255, I_GOSUB, main_0D
149E:   0B                                                                                      wsleep
149F:   0C                                                                                      wsleeping
14A0:   0100                                                                                    evt_end                 0

.proc main_12
14A2:   2E0300                                                                                  work_set                WK_ENEMY, 0
14A5:   00                                                                                      nop
14A6:   24092C01                                                                                save                    9, 300
14AA:   0D0028004600                                                                            for                     0, off_14D8, 70
14B0:   251009                                                                                  copy                    16, 9
14B3:   00                                                                                      nop
14B4:   260000100500                                                                            calc                    0, OP_ADD, 16, 5
14BA:   250910                                                                                  copy                    9, 16
14BD:   00                                                                                      nop
14BE:   1D090C01                                                                                work_copy               9, 12, 1
14C2:   1D090601                                                                                work_copy               9, 6, 1
14C6:   60030010BFBF000000000000F401                                                            kage_set                3, 0, 16, 191, 191, 0, 0, 0, 0, 0, 0, 244, 1
14D4:   02                                                                                      evt_next
14D5:   00                                                                                      nop
14D6:   0E00                                                                                    next                    0

off_14D8:
14D8:   0100                                                                                    evt_end                 0

.proc main_13
14DA:   11000800                                                                                do                      0, off_14E6
14DE:   02                                                                                      evt_next
14DF:   00                                                                                      nop
14E0:   1204                                                                                    edwhile                 off_14E6
14E2:   21052000                                                                                ck                      5, 32, 0

off_14E6:
14E6:   0100                                                                                    evt_end                 0

.proc main_14
14E8:   11000800                                                                                do                      0, off_14F4
14EC:   02                                                                                      evt_next
14ED:   00                                                                                      nop
14EE:   1204                                                                                    edwhile                 off_14F4
14F0:   21052400                                                                                ck                      5, 36, 0

off_14F4:
14F4:   0100                                                                                    evt_end                 0
14F6:   3A51                                                                                    db                      0x3A, 0x51
