.version 2

.init
.proc init
1682:   06000E00                                                                                if                      0, off_1694
1686:   2104FE01                                                                                ck                      FG_COMMON, 254, 1
168A:   22036300                                                                                set                     FG_SCENARIO, 99, 0
168E:   22010301                                                                                set                     FG_STATUS, 3, 1
1692:   08                                                                                      endif
1693:   00                                                                                      nop

off_1694:
1694:   3B050131010072B996B69808640587BCE8EA8E06E80102090303160500000000                        door_aot_se             ID_AOT_5, SCE_DOOR, SAT_PL | SAT_MANUAL | SAT_FRONT, 1, 0, -18062, -18794, 2200, 1380, -17273, -5400, 1678, 488, 2, 9, 3, 3, 22, 5, 0, 0, UNLOCKED, 0
16B4:   3B0601310000BCEC80C72607B60DCCE0E0E3899C28E8030000041F0000000000                        door_aot_se             ID_AOT_6, SCE_DOOR, SAT_PL | SAT_MANUAL | SAT_FRONT, 0, 0, -4932, -14464, 1830, 3510, -7988, -7200, -25463, -6104, 3, 0, 0, 4, 31, 0, 0, 0, UNLOCKED, 0
16D4:   5D02                                                                                    mizu_div_set            2
16D6:   2D0001820404000001000A001A0022F244FDD0D5000000040000000000000000000000000000            obj_model_set           ID_OBJ_0, 1, 130, 4, 4, 0, 1, 10, 26, -3550, -700, -10800, 0, 1024, 0, 0, 0, 0, 0, 0, 0, 0, 0
16FC:   2D0100820404000000000A001A00B60344FD3CC4000000040000000000000000000000000000            obj_model_set           ID_OBJ_1, 0, 130, 4, 4, 0, 0, 10, 26, 950, -700, -15300, 0, 1024, 0, 0, 0, 0, 0, 0, 0, 0, 0
1722:   2C07074F0000BEEA9EBD942A141E44FD00000000                                                aot_set                 ID_AOT_7, SCE_WATER, SAT_PL | SAT_EM | SAT_SPL | SAT_OB | SAT_UNDER, 0, 0, -5442, -16994, 10900, 7700, 68, 253, 0, 0, 0, 0
1736:   0100                                                                                    evt_end                 0

.main
.proc main
1744:   1802                                                                                    gosub                   main_02
1746:   0100                                                                                    evt_end                 0

.proc aot
1748:   1805                                                                                    gosub                   main_05
174A:   0100                                                                                    evt_end                 0

.proc main_02
174C:   24081000                                                                                save                    V_08, 16
1750:   510000020100                                                                            sce_bgm_control         BGM_CHANNEL_MAIN, BGM_OP_NOP, BGM_TYPE_PROG1_VOL, 1, 0
1756:   1805                                                                                    gosub                   main_05
1758:   2C010531010072B996B698086405FF0018030000                                                aot_set                 ID_AOT_1, SCE_EVENT, SAT_PL | SAT_MANUAL | SAT_FRONT, 1, 0, -18062, -18794, 2200, 1380, 255, 0, I_GOSUB, main_03, 0, 0
176C:   2C0205310000BCEC80C72607B60DFF0018040000                                                aot_set                 ID_AOT_2, SCE_EVENT, SAT_PL | SAT_MANUAL | SAT_FRONT, 0, 0, -4932, -14464, 1830, 3510, 255, 0, I_GOSUB, main_04, 0, 0
1780:   0100                                                                                    evt_end                 0

.proc main_03
1782:   2B000400FFFF                                                                            message_on              0, ID_MSG_4, 0, 255, 255
1788:   02                                                                                      evt_next
1789:   00                                                                                      nop
178A:   06000800                                                                                if                      0, off_1796
178E:   210B1F00                                                                                ck                      FG_MESSAGE, F_QUESTION, 0
1792:   4705                                                                                    aot_on                  ID_AOT_5
1794:   08                                                                                      endif
1795:   00                                                                                      nop

off_1796:
1796:   0100                                                                                    evt_end                 0

.proc main_04
1798:   4706                                                                                    aot_on                  ID_AOT_6
179A:   0100                                                                                    evt_end                 0

.proc main_05
179C:   06008600                                                                                if                      0, off_1826
17A0:   1D080401                                                                                work_copy               8, 4, 1
17A4:   23001A050000                                                                            cmp                     0, V_CUT, CMP_NE, 0
17AA:   131A7200                                                                                switch                  26, off_1820
17AE:   140008000000                                                                            case                    0, off_17BC, 0
17B4:   510000013240                                                                            sce_bgm_control         BGM_CHANNEL_MAIN, BGM_OP_NOP, BGM_TYPE_PROG0_VOL, 50, 64
17BA:   1A00                                                                                    break                   0

off_17BC:
17BC:   140008000100                                                                            case                    0, off_17CA, 1
17C2:   510000013C40                                                                            sce_bgm_control         BGM_CHANNEL_MAIN, BGM_OP_NOP, BGM_TYPE_PROG0_VOL, 60, 64
17C8:   1A00                                                                                    break                   0

off_17CA:
17CA:   140008000200                                                                            case                    0, off_17D8, 2
17D0:   510000014640                                                                            sce_bgm_control         BGM_CHANNEL_MAIN, BGM_OP_NOP, BGM_TYPE_PROG0_VOL, 70, 64
17D6:   1A00                                                                                    break                   0

off_17D8:
17D8:   140008000300                                                                            case                    0, off_17E6, 3
17DE:   510000015A28                                                                            sce_bgm_control         BGM_CHANNEL_MAIN, BGM_OP_NOP, BGM_TYPE_PROG0_VOL, 90, 40
17E4:   1A00                                                                                    break                   0

off_17E6:
17E6:   140008000400                                                                            case                    0, off_17F4, 4
17EC:   510000016440                                                                            sce_bgm_control         BGM_CHANNEL_MAIN, BGM_OP_NOP, BGM_TYPE_PROG0_VOL, 100, 64
17F2:   1A00                                                                                    break                   0

off_17F4:
17F4:   140008000500                                                                            case                    0, off_1802, 5
17FA:   510000016440                                                                            sce_bgm_control         BGM_CHANNEL_MAIN, BGM_OP_NOP, BGM_TYPE_PROG0_VOL, 100, 64
1800:   1A00                                                                                    break                   0

off_1802:
1802:   140008000600                                                                            case                    0, off_1810, 6
1808:   510000016440                                                                            sce_bgm_control         BGM_CHANNEL_MAIN, BGM_OP_NOP, BGM_TYPE_PROG0_VOL, 100, 64
180E:   1A00                                                                                    break                   0

off_1810:
1810:   140008000700                                                                            case                    0, off_181E, 7
1816:   510000016440                                                                            sce_bgm_control         BGM_CHANNEL_MAIN, BGM_OP_NOP, BGM_TYPE_PROG0_VOL, 100, 64
181C:   1A00                                                                                    break                   0

off_181E:
181E:   1600                                                                                    eswitch                 0

off_1820:
1820:   25081A                                                                                  copy                    V_08, V_CUT
1823:   00                                                                                      nop
1824:   08                                                                                      endif
1825:   00                                                                                      nop

off_1826:
1826:   0100                                                                                    evt_end                 0
