.version 2

.init
.proc init
0402:   3B000131000068CD3ABD8403200850BC00000CCF680F020B0100080000000000                        door_aot_se             ID_AOT_0, SCE_DOOR, SAT_PL | SAT_MANUAL | SAT_FRONT, 0, 0, -12952, -17094, 900, 2080, -17328, 0, -12532, 3944, 2, 11, 1, 0, 8, 0, 0, 0, UNLOCKED, 0
0422:   2C02093100005CBB70C874099037030000000000                                                aot_set                 ID_AOT_2, SCE_SAVE, SAT_PL | SAT_MANUAL | SAT_FRONT, 0, 0, -17572, -14224, 2420, 14224, 3, 0, 0, 0, 0, 0
0436:   2C040A3100000EB976B870084A0B000001000000                                                aot_set                 ID_AOT_4, SCE_ITEMBOX, SAT_PL | SAT_MANUAL | SAT_FRONT, 0, 0, -18162, -18314, 2160, 2890, 0, 0, 1, 0, 0, 0
044A:   2D0000000000000000000A00100058BA4DFA4BBE000000000000000000000000000000000000            obj_model_set           ID_OBJ_0, 0, 0, 0, 0, 0, 0, 10, 16, -17832, -1459, -16821, 0, 0, 0, 0, 0, 0, 0, 0, 0, 0, 0
0470:   4E0302310000C8C1BFB7A00596052800010086000201                                            item_aot_set            ID_AOT_3, SCE_ITEM, SAT_PL | SAT_MANUAL | SAT_FRONT, 0, 0, -15928, -18497, 1440, 1430, ITEM_HERBB, 1, 134, ID_OBJ_2, IF_FLOOR
0486:   2D0200000000000000000A001000F4C3000038BB000000000000000000000000000000000000            obj_model_set           ID_OBJ_2, 0, 0, 0, 0, 0, 0, 10, 16, -15372, 0, -17608, 0, 0, 0, 0, 0, 0, 0, 0, 0, 0, 0
04AC:   0100                                                                                    evt_end                 0
04AE:   0000                                                                                    db                      0x00, 0x00

.main
.proc main
04B6:   4E01023100005CBB70C8740990371E0003008C000300                                            item_aot_set            ID_AOT_1, SCE_ITEM, SAT_PL | SAT_MANUAL | SAT_FRONT, 0, 0, -17572, -14224, 2420, 14224, ITEM_INKRIBBON, 3, 140, ID_OBJ_3, IF_DEFAULT
04CC:   2D0300000000000000000A00100009C1E0FC67CA000000000000000000000000000000000000            obj_model_set           ID_OBJ_3, 0, 0, 0, 0, 0, 0, 10, 16, -16119, -800, -13721, 0, 0, 0, 0, 0, 0, 0, 0, 0, 0, 0
04F2:   06001A00                                                                                if                      0, off_0510
04F6:   2104FE01                                                                                ck                      FG_COMMON, 254, 1
04FA:   2C0605310000D0C624C8A0058C05FF0018020000                                                aot_set                 ID_AOT_6, SCE_EVENT, SAT_PL | SAT_MANUAL | SAT_FRONT, 0, 0, -14640, -14300, 1440, 1420, 255, 0, I_GOSUB, main_02, 0, 0
050E:   08                                                                                      endif
050F:   00                                                                                      nop

off_0510:
0510:   0100                                                                                    evt_end                 0

.proc aot
0512:   0100                                                                                    evt_end                 0

.proc main_02
0514:   8A003C000000                                                                            nop_8a                  0, 60, 0, 0, 0
051A:   8BFA3C003C00                                                                            nop_8b                  250, 60, 0, 60, 0
0520:   8BFF3C007800                                                                            nop_8b                  255, 60, 0, 120, 0
0526:   8C00FF323C00B400                                                                        nop_8c                  0, 255, 50, 60, 0, 180, 0
052E:   8C0032FF3C00F000                                                                        nop_8c                  0, 50, 255, 60, 0, 240, 0
0536:   0100                                                                                    evt_end                 0
