.version 2

.init
.proc init
0856:   3B01013100000DB84E938412DE032BE100001FA82805020403001F0100000000                        door_aot_se             ID_AOT_1, SCE_DOOR, SAT_PL | SAT_MANUAL | SAT_FRONT, 0, 0, -18419, -27826, 4740, 990, -7893, 0, -22497, 1320, 2, 4, 3, 0, 31, 1, 0, 0, UNLOCKED, 0
0876:   3B0201310100359502DA2E096E0551B1E0E30EA7300C03030004060100000000                        door_aot_se             ID_AOT_2, SCE_DOOR, SAT_PL | SAT_MANUAL | SAT_FRONT, 1, 0, -27339, -9726, 2350, 1390, -20143, -7200, -22770, 3120, 3, 3, 0, 4, 6, 1, 0, 0, UNLOCKED, 0
0896:   0100                                                                                    evt_end                 0

.main
.proc main
08A6:   1802                                                                                    gosub                   main_02
08A8:   1806                                                                                    gosub                   main_06
08AA:   1805                                                                                    gosub                   main_05
08AC:   0100                                                                                    evt_end                 0

.proc aot
08AE:   1804                                                                                    gosub                   main_04
08B0:   0100                                                                                    evt_end                 0

.proc main_02
08B2:   5D02                                                                                    mizu_div_set            2
08B4:   2D0001820404000005000A001A0095B944FD2A94000000000000000000000000000000000000            obj_model_set           ID_OBJ_0, 1, 130, 4, 4, 0, 5, 10, 26, -18027, -700, -27606, 0, 0, 0, 0, 0, 0, 0, 0, 0, 0, 0
08DA:   2C00074F0000BBB8CF949411485844FD00000000                                                aot_set                 ID_AOT_0, SCE_WATER, SAT_PL | SAT_EM | SAT_SPL | SAT_OB | SAT_UNDER, 0, 0, -18245, -27441, 4500, 22600, 68, 253, 0, 0, 0, 0
08EE:   2C050431000011B8BFE81013080700000000FFFF                                                aot_set                 ID_AOT_5, SCE_MESSAGE, SAT_PL | SAT_MANUAL | SAT_FRONT, 0, 0, -18415, -5953, 4880, 1800, ID_MSG_0, 0, 0, 0, 255, 255
0902:   3A001C010000001078BAA0F68CBF0000                                                        sce_espr_on             0, 284, 0, 4096, -17800, -2400, -16500, 0
0912:   3A001C0100000010DCBAA0F690E80000                                                        sce_espr_on             0, 284, 0, 4096, -17700, -2400, -6000, 0
0922:   1803                                                                                    gosub                   main_03
0924:   2404FF00                                                                                save                    V_04, 255
0928:   510000016440                                                                            sce_bgm_control         BGM_CHANNEL_MAIN, BGM_OP_NOP, BGM_TYPE_PROG0_VOL, 100, 64
092E:   0100                                                                                    evt_end                 0

.proc main_03
0930:   3A0022000000001014C02EF067980000                                                        sce_espr_on             0, 34, 0, 4096, -16364, -4050, -26521, 0
0940:   3A0022000000001080C198EF67980000                                                        sce_espr_on             0, 34, 0, 4096, -16000, -4200, -26521, 0
0950:   3A0022000000001048C260F067980000                                                        sce_espr_on             0, 34, 0, 4096, -15800, -4000, -26521, 0
0960:   3A002200000000100FAF46ECAFD20000                                                        sce_espr_on             0, 34, 0, 4096, -20721, -5050, -11601, 0
0970:   3A00220000000010A8B2B0EBAFD20000                                                        sce_espr_on             0, 34, 0, 4096, -19800, -5200, -11601, 0
0980:   3A00220000000010C0AE78ECAFD20000                                                        sce_espr_on             0, 34, 0, 4096, -20800, -5000, -11601, 0
0990:   3A002200000000106C9A46EC3DD20000                                                        sce_espr_on             0, 34, 0, 4096, -26004, -5050, -11715, 0
09A0:   3A002200000000104099B0EB3DD20000                                                        sce_espr_on             0, 34, 0, 4096, -26304, -5200, -11715, 0
09B0:   3A00220000000010B49778EC3DD20000                                                        sce_espr_on             0, 34, 0, 4096, -26700, -5000, -11715, 0
09C0:   0100                                                                                    evt_end                 0

.proc main_04
09C2:   06009800                                                                                if                      0, off_0A5E
09C6:   1D040401                                                                                work_copy               4, 4, 1
09CA:   23001A050000                                                                            cmp                     0, V_CUT, CMP_NE, 0
09D0:   25041A                                                                                  copy                    V_04, V_CUT
09D3:   00                                                                                      nop
09D4:   131A8400                                                                                switch                  26, off_0A5C
09D8:   140014000000                                                                            case                    0, off_09F2, 0
09DE:   510000015A40                                                                            sce_bgm_control         BGM_CHANNEL_MAIN, BGM_OP_NOP, BGM_TYPE_PROG0_VOL, 90, 64
09E4:   510000023C5A                                                                            sce_bgm_control         BGM_CHANNEL_MAIN, BGM_OP_NOP, BGM_TYPE_PROG1_VOL, 60, 90
09EA:   510000030040                                                                            sce_bgm_control         BGM_CHANNEL_MAIN, BGM_OP_NOP, BGM_TYPE_PROG2_VOL, 0, 64
09F0:   1A00                                                                                    break                   0

off_09F2:
09F2:   140014000100                                                                            case                    0, off_0A0C, 1
09F8:   510000015A40                                                                            sce_bgm_control         BGM_CHANNEL_MAIN, BGM_OP_NOP, BGM_TYPE_PROG0_VOL, 90, 64
09FE:   510000024640                                                                            sce_bgm_control         BGM_CHANNEL_MAIN, BGM_OP_NOP, BGM_TYPE_PROG1_VOL, 70, 64
0A04:   510000030040                                                                            sce_bgm_control         BGM_CHANNEL_MAIN, BGM_OP_NOP, BGM_TYPE_PROG2_VOL, 0, 64
0A0A:   1A00                                                                                    break                   0

off_0A0C:
0A0C:   140014000200                                                                            case                    0, off_0A26, 2
0A12:   510000015A40                                                                            sce_bgm_control         BGM_CHANNEL_MAIN, BGM_OP_NOP, BGM_TYPE_PROG0_VOL, 90, 64
0A18:   51000002641E                                                                            sce_bgm_control         BGM_CHANNEL_MAIN, BGM_OP_NOP, BGM_TYPE_PROG1_VOL, 100, 30
0A1E:   510000030040                                                                            sce_bgm_control         BGM_CHANNEL_MAIN, BGM_OP_NOP, BGM_TYPE_PROG2_VOL, 0, 64
0A24:   1A00                                                                                    break                   0

off_0A26:
0A26:   140014000300                                                                            case                    0, off_0A40, 3
0A2C:   510000015A40                                                                            sce_bgm_control         BGM_CHANNEL_MAIN, BGM_OP_NOP, BGM_TYPE_PROG0_VOL, 90, 64
0A32:   510000026428                                                                            sce_bgm_control         BGM_CHANNEL_MAIN, BGM_OP_NOP, BGM_TYPE_PROG1_VOL, 100, 40
0A38:   510000030040                                                                            sce_bgm_control         BGM_CHANNEL_MAIN, BGM_OP_NOP, BGM_TYPE_PROG2_VOL, 0, 64
0A3E:   1A00                                                                                    break                   0

off_0A40:
0A40:   140014000400                                                                            case                    0, off_0A5A, 4
0A46:   510000014640                                                                            sce_bgm_control         BGM_CHANNEL_MAIN, BGM_OP_NOP, BGM_TYPE_PROG0_VOL, 70, 64
0A4C:   510000024640                                                                            sce_bgm_control         BGM_CHANNEL_MAIN, BGM_OP_NOP, BGM_TYPE_PROG1_VOL, 70, 64
0A52:   510000030040                                                                            sce_bgm_control         BGM_CHANNEL_MAIN, BGM_OP_NOP, BGM_TYPE_PROG2_VOL, 0, 64
0A58:   1A00                                                                                    break                   0

off_0A5A:
0A5A:   1600                                                                                    eswitch                 0

off_0A5C:
0A5C:   08                                                                                      endif
0A5D:   00                                                                                      nop

off_0A5E:
0A5E:   0100                                                                                    evt_end                 0

.proc main_05
0A60:   06004200                                                                                if                      0, off_0AA6
0A64:   21010301                                                                                ck                      FG_STATUS, 3, 1
0A68:   06002000                                                                                if                      0, off_0A8C
0A6C:   23001B000403                                                                            cmp                     0, V_LAST_RDT, CMP_EQ, 772
0A72:   4400FF41000C001F00FF41C40000729A380B00000000                                            sce_em_set              0, ID_EM_255, ENEMY_ADA_WONG_1, 0, AI_04 | AI_08, 0, SBK_31, 0, 255, -15295, 0, -25998, 2872, 0, 0
0A88:   07001C00                                                                                else                    0, off_0AA4

off_0A8C:
0A8C:   4400FF41000C011F00FFBD99F8F856DAF90000000000                                            sce_em_set              0, ID_EM_255, ENEMY_ADA_WONG_1, 0, AI_04 | AI_08, 1, SBK_31, 0, 255, -26179, -1800, -9642, 249, 0, 0
0AA2:   00                                                                                      nop
0AA3:   00                                                                                      nop

off_0AA4:
0AA4:   08                                                                                      endif
0AA5:   00                                                                                      nop

off_0AA6:
0AA6:   0100                                                                                    evt_end                 0

.proc main_06
0AA8:   4E0302310100C6AADDD91405B00428000100A4000101                                            item_aot_set            ID_AOT_3, SCE_ITEM, SAT_PL | SAT_MANUAL | SAT_FRONT, 1, 0, -21818, -9763, 1300, 1200, ITEM_HERBB, 1, 164, ID_OBJ_1, IF_FLOOR
0ABE:   2D0100000000010000000A00100056ACF8F83BDB0000000880FF000000000000000000000000            obj_model_set           ID_OBJ_1, 0, 0, 0, 0, 1, 0, 10, 16, -21418, -1800, -9413, 0, 2048, -128, 0, 0, 0, 0, 0, 0, 0, 0
0AE4:   4E040231010092A2B5D98205140528000100A5000201                                            item_aot_set            ID_AOT_4, SCE_ITEM, SAT_PL | SAT_MANUAL | SAT_FRONT, 1, 0, -23918, -9803, 1410, 1300, ITEM_HERBB, 1, 165, ID_OBJ_2, IF_FLOOR
0AFA:   2D0200000000010000000A00100028A3F8F845DB0000000880FF000000000000000000000000            obj_model_set           ID_OBJ_2, 0, 0, 0, 0, 1, 0, 10, 16, -23768, -1800, -9403, 0, 2048, -128, 0, 0, 0, 0, 0, 0, 0, 0
0B20:   0100                                                                                    evt_end                 0
0B22:   1800                                                                                    db                      0x18, 0x00
