.version 2

.init
.proc init
21BA:   3B0001310400BBAC9F9F8007FA05839BF8F880DA000403020401060000000000                        door_aot_se             ID_AOT_0, SCE_DOOR, SAT_PL | SAT_MANUAL | SAT_FRONT, 4, 0, -21317, -24673, 1920, 1530, -25725, -1800, -9600, 1024, 3, 2, 4, 1, 6, 0, 0, 0, UNLOCKED, 0
21DA:   3B040131040000000000010001004A93000058B7000003030400160500000000                        door_aot_se             ID_AOT_4, SCE_DOOR, SAT_PL | SAT_MANUAL | SAT_FRONT, 4, 0, 0, 0, 1, 1, -27830, 0, -18600, 0, 3, 3, 4, 0, 22, 5, 0, 0, UNLOCKED, 0
21FA:   3B050131040000000000010001004A93000058B7000003030800160500000000                        door_aot_se             ID_AOT_5, SCE_DOOR, SAT_PL | SAT_MANUAL | SAT_FRONT, 4, 0, 0, 0, 1, 1, -27830, 0, -18600, 0, 3, 3, 8, 0, 22, 5, 0, 0, UNLOCKED, 0
221A:   3B06013100000000000001000100A092E0E38AB7000003030204160400000000                        door_aot_se             ID_AOT_6, SCE_DOOR, SAT_PL | SAT_MANUAL | SAT_FRONT, 0, 0, 0, 0, 1, 1, -28000, -7200, -18550, 0, 3, 3, 2, 4, 22, 4, 0, 0, UNLOCKED, 0
223A:   3B010151040011964496A40626074ACF0000C2FC000403040200280500000000                        door_aot_se             ID_AOT_1, SCE_DOOR, SAT_PL | SAT_MANUAL | SAT_UNDER, 4, 0, -27119, -27068, 1700, 1830, -12470, 0, -830, 1024, 3, 4, 2, 0, 40, 5, 0, 0, UNLOCKED, 0
225A:   2D0000000000040000000A001000CECD04DE7CCA000000080000000000000000000000000000            obj_model_set           ID_OBJ_0, 0, 0, 0, 0, 4, 0, 10, 16, -12850, -8700, -13700, 0, 2048, 0, 0, 0, 0, 0, 0, 0, 0, 0
2280:   2C020A31040075C734C5E20E5609000001000000                                                aot_set                 ID_AOT_2, SCE_ITEMBOX, SAT_PL | SAT_MANUAL | SAT_FRONT, 4, 0, -14475, -15052, 3810, 2390, 0, 0, 1, 0, 0, 0
2294:   2C0D0931040039C7F2BD9808DC05060000000000                                                aot_set                 ID_AOT_13, SCE_SAVE, SAT_PL | SAT_MANUAL | SAT_FRONT, 4, 0, -14535, -16910, 2200, 1500, 6, 0, 0, 0, 0, 0
22A8:   0100                                                                                    evt_end                 0
22AA:   7291                                                                                    db                      0x72, 0x91

.main
.proc main
22E6:   2E0100                                                                                  work_set                WK_PLAYER, 0
22E9:   00                                                                                      nop
22EA:   06006201                                                                                if                      0, off_2450
22EE:   3E0011000400                                                                            member_cmp              0, 17, 0, 4, 0
22F4:   181A                                                                                    gosub                   main_1A
22F6:   1819                                                                                    gosub                   main_19
22F8:   2C0705310400938A74AD42090807FF0018020000                                                aot_set                 ID_AOT_7, SCE_EVENT, SAT_PL | SAT_MANUAL | SAT_FRONT, 4, 0, -30061, -21132, 2370, 1800, 255, 0, I_GOSUB, main_02, 0, 0
230C:   2C0C05310400DF8E88B24209F00AFF0018080000                                                aot_set                 ID_AOT_12, SCE_EVENT, SAT_PL | SAT_MANUAL | SAT_FRONT, 4, 0, -28961, -19832, 2370, 2800, 255, 0, I_GOSUB, main_08, 0, 0
2320:   2C1E04310400B3A5A3960807F00A07000000FFFF                                                aot_set                 ID_AOT_30, SCE_MESSAGE, SAT_PL | SAT_MANUAL | SAT_FRONT, 4, 0, -23117, -26973, 1800, 2800, ID_MSG_7, 0, 0, 0, 255, 255
2334:   2C1F04310400E1C455A508079C1805000000FFFF                                                aot_set                 ID_AOT_31, SCE_MESSAGE, SAT_PL | SAT_MANUAL | SAT_FRONT, 4, 0, -15135, -23211, 1800, 6300, ID_MSG_5, 0, 0, 0, 255, 255
2348:   06005800                                                                                if                      0, off_23A4
234C:   21010301                                                                                ck                      FG_STATUS, 3, 1
2350:   1813                                                                                    gosub                   main_13
2352:   06002600                                                                                if                      0, off_237C
2356:   21043E00                                                                                ck                      FG_COMMON, 62, 0
235A:   460100511AD00000B8FB                                                                    aot_reset               ID_AOT_1, SCE_AUTO, SAT_PL | SAT_MANUAL | SAT_UNDER, 26, 208, 0, 0, 184, 251
2364:   2C090551040011964496A4062607FF0018120000                                                aot_set                 ID_AOT_9, SCE_EVENT, SAT_PL | SAT_MANUAL | SAT_UNDER, 4, 0, -27119, -27068, 1700, 1830, 255, 0, I_GOSUB, main_12, 0, 0
2378:   07002800                                                                                else                    0, off_23A0

off_237C:
237C:   06001E00                                                                                if                      0, off_239E
2380:   21043401                                                                                ck                      FG_COMMON, 52, 1
2384:   21044D00                                                                                ck                      FG_COMMON, 77, 0
2388:   2C0905310400119644966C078A07FF0018070000                                                aot_set                 ID_AOT_9, SCE_EVENT, SAT_PL | SAT_MANUAL | SAT_FRONT, 4, 0, -27119, -27068, 1900, 1930, 255, 0, I_GOSUB, main_07, 0, 0
239C:   08                                                                                      endif
239D:   00                                                                                      nop

off_239E:
239E:   00                                                                                      nop
239F:   00                                                                                      nop

off_23A0:
23A0:   07004C00                                                                                else                    0, off_23EC

off_23A4:
23A4:   06001200                                                                                if                      0, off_23BA
23A8:   21044D00                                                                                ck                      FG_COMMON, 77, 0
23AC:   21043401                                                                                ck                      FG_COMMON, 52, 1
23B0:   1813                                                                                    gosub                   main_13
23B2:   22010301                                                                                set                     FG_STATUS, 3, 1
23B6:   07003400                                                                                else                    0, off_23EA

off_23BA:
23BA:   06002A00                                                                                if                      0, off_23E8
23BE:   21043E00                                                                                ck                      FG_COMMON, 62, 0
23C2:   1813                                                                                    gosub                   main_13
23C4:   22010301                                                                                set                     FG_STATUS, 3, 1
23C8:   460100511AD00000B8FB                                                                    aot_reset               ID_AOT_1, SCE_AUTO, SAT_PL | SAT_MANUAL | SAT_UNDER, 26, 208, 0, 0, 184, 251
23D2:   2C0905510400119644966C078A07FF0018120000                                                aot_set                 ID_AOT_9, SCE_EVENT, SAT_PL | SAT_MANUAL | SAT_UNDER, 4, 0, -27119, -27068, 1900, 1930, 255, 0, I_GOSUB, main_12, 0, 0
23E6:   08                                                                                      endif
23E7:   00                                                                                      nop

off_23E8:
23E8:   00                                                                                      nop
23E9:   00                                                                                      nop

off_23EA:
23EA:   00                                                                                      nop
23EB:   00                                                                                      nop

off_23EC:
23EC:   06000C00                                                                                if                      0, off_23FC
23F0:   23001B000404                                                                            cmp                     0, V_LAST_RDT, CMP_EQ, 1028
23F6:   04FF1809                                                                                evt_exec                255, I_GOSUB, main_09
23FA:   08                                                                                      endif
23FB:   00                                                                                      nop

off_23FC:
23FC:   06000E00                                                                                if                      0, off_240E
2400:   2104A101                                                                                ck                      FG_COMMON, 161, 1
2404:   2E0402                                                                                  work_set                WK_OBJECT, ID_OBJ_2
2407:   00                                                                                      nop
2408:   340D9CC3                                                                                member_set              M_Z_POS, -15460
240C:   08                                                                                      endif
240D:   00                                                                                      nop

off_240E:
240E:   06000E00                                                                                if                      0, off_2420
2412:   2104A201                                                                                ck                      FG_COMMON, 162, 1
2416:   2E0402                                                                                  work_set                WK_OBJECT, ID_OBJ_2
2419:   00                                                                                      nop
241A:   340DBCAD                                                                                member_set              M_Z_POS, -21060
241E:   08                                                                                      endif
241F:   00                                                                                      nop

off_2420:
2420:   06002000                                                                                if                      0, off_2444
2424:   2104A301                                                                                ck                      FG_COMMON, 163, 1
2428:   37140018                                                                                sca_id_set              20, 0, 24
242C:   460C0031000000000000                                                                    aot_reset               ID_AOT_12, SCE_AUTO, SAT_PL | SAT_MANUAL | SAT_FRONT, 0, 0, 0, 0, 0, 0
2436:   2E0404                                                                                  work_set                WK_OBJECT, ID_OBJ_4
2439:   00                                                                                      nop
243A:   3200008300830083                                                                        pos_set                 0, -32000, -32000, -32000
2442:   08                                                                                      endif
2443:   00                                                                                      nop

off_2444:
2444:   22098501                                                                                set                     FG_MAP, 133, 1
2448:   22230701                                                                                set                     35, 7, 1
244C:   07003000                                                                                else                    0, off_247C

off_2450:
2450:   181B                                                                                    gosub                   main_1B
2452:   181C                                                                                    gosub                   main_1C
2454:   2C0705310000938A74AD42090807FF0018030000                                                aot_set                 ID_AOT_7, SCE_EVENT, SAT_PL | SAT_MANUAL | SAT_FRONT, 0, 0, -30061, -21132, 2370, 1800, 255, 0, I_GOSUB, main_03, 0, 0
2468:   37140018                                                                                sca_id_set              20, 0, 24
246C:   22098601                                                                                set                     FG_MAP, 134, 1
2470:   22230801                                                                                set                     35, 8, 1
2474:   510002000000                                                                            sce_bgm_control         BGM_CHANNEL_MAIN, BGM_OP_STOP, BGM_TYPE_MAIN_VOL, 0, 0
247A:   00                                                                                      nop
247B:   00                                                                                      nop

off_247C:
247C:   24040000                                                                                save                    V_04, 0
2480:   24050000                                                                                save                    V_05, 0
2484:   24060000                                                                                save                    V_06, 0
2488:   24070000                                                                                save                    V_07, 0
248C:   0100                                                                                    evt_end                 0

.proc aot
248E:   1805                                                                                    gosub                   main_05
2490:   1804                                                                                    gosub                   main_04
2492:   180E                                                                                    gosub                   main_0E
2494:   0100                                                                                    evt_end                 0

.proc main_02
2496:   2B000100FFFF                                                                            message_on              0, ID_MSG_1, 0, 255, 255
249C:   02                                                                                      evt_next
249D:   00                                                                                      nop
249E:   06002400                                                                                if                      0, off_24C6
24A2:   210B1F00                                                                                ck                      FG_MESSAGE, F_QUESTION, 0
24A6:   22020701                                                                                set                     FG_STOP, 7, 1
24AA:   3C00                                                                                    cut_auto                0
24AC:   06000A00                                                                                if                      0, off_24BA
24B0:   21047C00                                                                                ck                      FG_COMMON, 124, 0
24B4:   4704                                                                                    aot_on                  ID_AOT_4
24B6:   07000800                                                                                else                    0, off_24BE

off_24BA:
24BA:   4705                                                                                    aot_on                  ID_AOT_5
24BC:   00                                                                                      nop
24BD:   00                                                                                      nop

off_24BE:
24BE:   3C01                                                                                    cut_auto                1
24C0:   22020700                                                                                set                     FG_STOP, 7, 0
24C4:   08                                                                                      endif
24C5:   00                                                                                      nop

off_24C6:
24C6:   0100                                                                                    evt_end                 0

.proc main_03
24C8:   2B000200FFFF                                                                            message_on              0, ID_MSG_2, 0, 255, 255
24CE:   02                                                                                      evt_next
24CF:   00                                                                                      nop
24D0:   06001400                                                                                if                      0, off_24E8
24D4:   210B1F00                                                                                ck                      FG_MESSAGE, F_QUESTION, 0
24D8:   22020701                                                                                set                     FG_STOP, 7, 1
24DC:   3C00                                                                                    cut_auto                0
24DE:   4706                                                                                    aot_on                  ID_AOT_6
24E0:   3C01                                                                                    cut_auto                1
24E2:   22020700                                                                                set                     FG_STOP, 7, 0
24E6:   08                                                                                      endif
24E7:   00                                                                                      nop

off_24E8:
24E8:   0100                                                                                    evt_end                 0

.proc main_04
24EA:   2E0100                                                                                  work_set                WK_PLAYER, 0
24ED:   00                                                                                      nop
24EE:   06000C00                                                                                if                      0, off_24FE
24F2:   3E000B03E0B1                                                                            member_cmp              0, 11, 3, 224, 177
24F8:   1814                                                                                    gosub                   main_14
24FA:   07000800                                                                                else                    0, off_2502

off_24FE:
24FE:   1815                                                                                    gosub                   main_15
2500:   00                                                                                      nop
2501:   00                                                                                      nop

off_2502:
2502:   0100                                                                                    evt_end                 0

.proc main_05
2504:   2E0402                                                                                  work_set                WK_OBJECT, ID_OBJ_2
2507:   00                                                                                      nop
2508:   06001200                                                                                if                      0, off_251E
250C:   3E000D03A8B2                                                                            member_cmp              0, 13, 3, 168, 178
2512:   2204A201                                                                                set                     FG_COMMON, 162, 1
2516:   371B0000                                                                                sca_id_set              27, 0, 0
251A:   07002A00                                                                                else                    0, off_2544

off_251E:
251E:   06001200                                                                                if                      0, off_2534
2522:   3E000D01A4BB                                                                            member_cmp              0, 13, 1, 164, 187
2528:   2204A101                                                                                set                     FG_COMMON, 161, 1
252C:   371B0000                                                                                sca_id_set              27, 0, 0
2530:   07001200                                                                                else                    0, off_2542

off_2534:
2534:   2204A100                                                                                set                     FG_COMMON, 161, 0
2538:   2204A200                                                                                set                     FG_COMMON, 162, 0
253C:   371B0098                                                                                sca_id_set              27, 0, 152
2540:   00                                                                                      nop
2541:   00                                                                                      nop

off_2542:
2542:   00                                                                                      nop
2543:   00                                                                                      nop

off_2544:
2544:   06002C00                                                                                if                      0, off_2574
2548:   2104A300                                                                                ck                      FG_COMMON, 163, 0
254C:   06001600                                                                                if                      0, off_2566
2550:   2104A100                                                                                ck                      FG_COMMON, 161, 0
2554:   2104A200                                                                                ck                      FG_COMMON, 162, 0
2558:   460C0031000000000000                                                                    aot_reset               ID_AOT_12, SCE_AUTO, SAT_PL | SAT_MANUAL | SAT_FRONT, 0, 0, 0, 0, 0, 0
2562:   07001000                                                                                else                    0, off_2572

off_2566:
2566:   460C0531FF0018080000                                                                    aot_reset               ID_AOT_12, SCE_EVENT, SAT_PL | SAT_MANUAL | SAT_FRONT, 255, 0, I_GOSUB, main_08, 0, 0
2570:   00                                                                                      nop
2571:   00                                                                                      nop

off_2572:
2572:   08                                                                                      endif
2573:   00                                                                                      nop

off_2574:
2574:   0100                                                                                    evt_end                 0

.proc main_06
2576:   22010300                                                                                set                     FG_STATUS, 3, 0
257A:   46000121629BF8F892D7                                                                    aot_reset               ID_AOT_0, SCE_DOOR, SAT_PL | SAT_FRONT, 98, 155, 248, 248, 146, 215
2584:   46080021000000000000                                                                    aot_reset               ID_AOT_8, SCE_AUTO, SAT_PL | SAT_FRONT, 0, 0, 0, 0, 0, 0
258E:   0100                                                                                    evt_end                 0

.proc main_07
2590:   22010301                                                                                set                     FG_STATUS, 3, 1
2594:   460101411AD00000B8FB                                                                    aot_reset               ID_AOT_1, SCE_DOOR, SAT_PL | SAT_UNDER, 26, 208, 0, 0, 184, 251
259E:   0100                                                                                    evt_end                 0

.proc main_08
25A0:   2B000000FFFF                                                                            message_on              0, ID_MSG_0, 0, 255, 255
25A6:   02                                                                                      evt_next
25A7:   00                                                                                      nop
25A8:   06008E00                                                                                if                      0, off_263A
25AC:   210B1F00                                                                                ck                      FG_MESSAGE, F_QUESTION, 0
25B0:   22020701                                                                                set                     FG_STOP, 7, 1
25B4:   22011B01                                                                                set                     FG_STATUS, 27, 1
25B8:   36020B00000044CB1CF334BD                                                                se_on                   2, 11, 0, -13500, -3300, -17100
25C4:   2E0404                                                                                  work_set                WK_OBJECT, ID_OBJ_4
25C7:   00                                                                                      nop
25C8:   2F021400                                                                                speed_set               2, 20
25CC:   2F00F6FF                                                                                speed_set               0, -10
25D0:   2F080100                                                                                speed_set               8, 1
25D4:   3D100B                                                                                  member_copy             V_TEMP, M_X_POS
25D7:   00                                                                                      nop
25D8:   260001106400                                                                            calc                    0, OP_SUB, V_TEMP, 100
25DE:   350B10                                                                                  member_set2             M_X_POS, V_TEMP
25E1:   00                                                                                      nop
25E2:   8C0050462B000000                                                                        nop_8c                  0, 80, 70, 43, 0, 0, 0
25EA:   8B7805002B00                                                                            nop_8b                  120, 5, 0, 43, 0
25F0:   0F061800                                                                                while                   6, off_260C
25F4:   3E000D0402BD                                                                            member_cmp              0, 13, 4, 2, 189
25FA:   06000A00                                                                                if                      0, off_2608
25FE:   3E0002042800                                                                            member_cmp              0, 2, 4, 40, 0
2604:   31                                                                                      add_aspeed
2605:   00                                                                                      nop
2606:   08                                                                                      endif
2607:   00                                                                                      nop

off_2608:
2608:   30                                                                                      add_speed
2609:   02                                                                                      evt_next
260A:   1000                                                                                    ewhile                  0

off_260C:
260C:   3200008300830083                                                                        pos_set                 0, -32000, -32000, -32000
2614:   37140018                                                                                sca_id_set              20, 0, 24
2618:   460C0031000000000000                                                                    aot_reset               ID_AOT_12, SCE_AUTO, SAT_PL | SAT_MANUAL | SAT_FRONT, 0, 0, 0, 0, 0, 0
2622:   46070531FF0018020000                                                                    aot_reset               ID_AOT_7, SCE_EVENT, SAT_PL | SAT_MANUAL | SAT_FRONT, 255, 0, I_GOSUB, main_02, 0, 0
262C:   2204A301                                                                                set                     FG_COMMON, 163, 1
2630:   22020700                                                                                set                     FG_STOP, 7, 0
2634:   22011B00                                                                                set                     FG_STATUS, 27, 0
2638:   08                                                                                      endif
2639:   00                                                                                      nop

off_263A:
263A:   0100                                                                                    evt_end                 0

.proc main_09
263C:   22020701                                                                                set                     FG_STOP, 7, 1
2640:   04FF1811                                                                                evt_exec                255, I_GOSUB, main_11
2644:   360001000403000000000000                                                                se_on                   0, 1, 772, 0, 0, 0
2650:   04FF180A                                                                                evt_exec                255, I_GOSUB, main_0A
2654:   04FF180B                                                                                evt_exec                255, I_GOSUB, main_0B
2658:   06000A00                                                                                if                      0, off_2666
265C:   21010301                                                                                ck                      FG_STATUS, 3, 1
2660:   04FF180C                                                                                evt_exec                255, I_GOSUB, main_0C
2664:   08                                                                                      endif
2665:   00                                                                                      nop

off_2666:
2666:   090A5A00                                                                                sleep                   10, 90
266A:   22020700                                                                                set                     FG_STOP, 7, 0
266E:   0100                                                                                    evt_end                 0

.proc main_0A
2670:   2E0403                                                                                  work_set                WK_OBJECT, ID_OBJ_3
2673:   00                                                                                      nop
2674:   340C40ED                                                                                member_set              M_Y_POS, -4800
2678:   180D                                                                                    gosub                   main_0D
267A:   0100                                                                                    evt_end                 0

.proc main_0B
267C:   2E0100                                                                                  work_set                WK_PLAYER, 0
267F:   00                                                                                      nop
2680:   3200749B40ED569B                                                                        pos_set                 0, -25740, -4800, -25770
2688:   340F0000                                                                                member_set              M_Y_DIR, 0
268C:   3D1000                                                                                  member_copy             V_TEMP, M_POINTER
268F:   00                                                                                      nop
2690:   260005100004                                                                            calc                    0, OP_OR, V_TEMP, 1024
2696:   350010                                                                                  member_set2             M_POINTER, V_TEMP
2699:   00                                                                                      nop
269A:   180D                                                                                    gosub                   main_0D
269C:   3D1000                                                                                  member_copy             V_TEMP, M_POINTER
269F:   00                                                                                      nop
26A0:   26000610FFFB                                                                            calc                    0, OP_AND, V_TEMP, -1025
26A6:   350010                                                                                  member_set2             M_POINTER, V_TEMP
26A9:   00                                                                                      nop
26AA:   0100                                                                                    evt_end                 0

.proc main_0C
26AC:   2E0200                                                                                  work_set                WK_SPLAYER, 0
26AF:   00                                                                                      nop
26B0:   3200AE9840EDC298                                                                        pos_set                 0, -26450, -4800, -26430
26B8:   340F0000                                                                                member_set              M_Y_DIR, 0
26BC:   3D1000                                                                                  member_copy             V_TEMP, M_POINTER
26BF:   00                                                                                      nop
26C0:   260005100004                                                                            calc                    0, OP_OR, V_TEMP, 1024
26C6:   350010                                                                                  member_set2             M_POINTER, V_TEMP
26C9:   00                                                                                      nop
26CA:   180D                                                                                    gosub                   main_0D
26CC:   3D1000                                                                                  member_copy             V_TEMP, M_POINTER
26CF:   00                                                                                      nop
26D0:   26000610FFFB                                                                            calc                    0, OP_AND, V_TEMP, -1025
26D6:   350010                                                                                  member_set2             M_POINTER, V_TEMP
26D9:   00                                                                                      nop
26DA:   0100                                                                                    evt_end                 0

.proc main_0D
26DC:   2F01D8FF                                                                                speed_set               1, -40
26E0:   0D0004000A00                                                                            for                     0, off_26EA, 10
26E6:   30                                                                                      add_speed
26E7:   02                                                                                      evt_next
26E8:   0E00                                                                                    next                    0

off_26EA:
26EA:   2F01DDFF                                                                                speed_set               1, -35
26EE:   0D0004001400                                                                            for                     0, off_26F8, 20
26F4:   30                                                                                      add_speed
26F5:   02                                                                                      evt_next
26F6:   0E00                                                                                    next                    0

off_26F8:
26F8:   2F01E2FF                                                                                speed_set               1, -30
26FC:   0D0004000F00                                                                            for                     0, off_2706, 15
2702:   30                                                                                      add_speed
2703:   02                                                                                      evt_next
2704:   0E00                                                                                    next                    0

off_2706:
2706:   2F01E7FF                                                                                speed_set               1, -25
270A:   0D0004000F00                                                                            for                     0, off_2714, 15
2710:   30                                                                                      add_speed
2711:   02                                                                                      evt_next
2712:   0E00                                                                                    next                    0

off_2714:
2714:   2F01ECFF                                                                                speed_set               1, -20
2718:   0D0004000F00                                                                            for                     0, off_2722, 15
271E:   30                                                                                      add_speed
271F:   02                                                                                      evt_next
2720:   0E00                                                                                    next                    0

off_2722:
2722:   2F01F1FF                                                                                speed_set               1, -15
2726:   0D0004000A00                                                                            for                     0, off_2730, 10
272C:   30                                                                                      add_speed
272D:   02                                                                                      evt_next
272E:   0E00                                                                                    next                    0

off_2730:
2730:   3D100C                                                                                  member_copy             V_TEMP, M_Y_POS
2733:   00                                                                                      nop
2734:   260000100A00                                                                            calc                    0, OP_ADD, V_TEMP, 10
273A:   350C10                                                                                  member_set2             M_Y_POS, V_TEMP
273D:   00                                                                                      nop
273E:   090A0500                                                                                sleep                   10, 5
2742:   3D100C                                                                                  member_copy             V_TEMP, M_Y_POS
2745:   00                                                                                      nop
2746:   260001102300                                                                            calc                    0, OP_SUB, V_TEMP, 35
274C:   350C10                                                                                  member_set2             M_Y_POS, V_TEMP
274F:   00                                                                                      nop
2750:   0100                                                                                    evt_end                 0

.proc main_0E
2752:   2E0100                                                                                  work_set                WK_PLAYER, 0
2755:   00                                                                                      nop
2756:   06001000                                                                                if                      0, off_276A
275A:   3E0011000000                                                                            member_cmp              0, 17, 0, 0, 0
2760:   370D0000                                                                                sca_id_set              13, 0, 0
2764:   180F                                                                                    gosub                   main_0F
2766:   07000A00                                                                                else                    0, off_2770

off_276A:
276A:   370D80FC                                                                                sca_id_set              13, 128, 252
276E:   00                                                                                      nop
276F:   00                                                                                      nop

off_2770:
2770:   0100                                                                                    evt_end                 0

.proc main_0F
2772:   2E0100                                                                                  work_set                WK_PLAYER, 0
2775:   00                                                                                      nop
2776:   0600FA02                                                                                if                      0, off_2A74
277A:   3E0011000000                                                                            member_cmp              0, 17, 0, 0, 0
2780:   0600DE02                                                                                if                      0, off_2A62
2784:   230007000000                                                                            cmp                     0, V_07, CMP_EQ, 0
278A:   28                                                                                      sce_rnd
278B:   00                                                                                      nop
278C:   25101D                                                                                  copy                    V_TEMP, V_RNG
278F:   00                                                                                      nop
2790:   260006100700                                                                            calc                    0, OP_AND, V_TEMP, 7
2796:   250610                                                                                  copy                    V_06, V_TEMP
2799:   00                                                                                      nop
279A:   0600BC02                                                                                if                      0, off_2A5A
279E:   230006000000                                                                            cmp                     0, V_06, CMP_EQ, 0
27A4:   28                                                                                      sce_rnd
27A5:   00                                                                                      nop
27A6:   25101D                                                                                  copy                    V_TEMP, V_RNG
27A9:   00                                                                                      nop
27AA:   260004102800                                                                            calc                    0, OP_MOD, V_TEMP, 40
27B0:   250610                                                                                  copy                    V_06, V_TEMP
27B3:   00                                                                                      nop
27B4:   13068202                                                                                switch                  6, off_2A3A
27B8:   14000A000000                                                                            case                    0, off_27C8, 0
27BE:   2404E8C7                                                                                save                    V_04, -14360
27C2:   2405C0AE                                                                                save                    V_05, -20800
27C6:   1A00                                                                                    break                   0

off_27C8:
27C8:   14000A000100                                                                            case                    0, off_27D8, 1
27CE:   2404B6B3                                                                                save                    V_04, -19530
27D2:   240562AD                                                                                save                    V_05, -21150
27D6:   1A00                                                                                    break                   0

off_27D8:
27D8:   14000A000200                                                                            case                    0, off_27E8, 2
27DE:   24040AC9                                                                                save                    V_04, -14070
27E2:   240528BA                                                                                save                    V_05, -17880
27E6:   1A00                                                                                    break                   0

off_27E8:
27E8:   14000A000300                                                                            case                    0, off_27F8, 3
27EE:   24042EBE                                                                                save                    V_04, -16850
27F2:   2405B0B9                                                                                save                    V_05, -18000
27F6:   1A00                                                                                    break                   0

off_27F8:
27F8:   14000A000400                                                                            case                    0, off_2808, 4
27FE:   240436B6                                                                                save                    V_04, -18890
2802:   240538B4                                                                                save                    V_05, -19400
2806:   1A00                                                                                    break                   0

off_2808:
2808:   14000A000500                                                                            case                    0, off_2818, 5
280E:   24047CB1                                                                                save                    V_04, -20100
2812:   240564BA                                                                                save                    V_05, -17820
2816:   1A00                                                                                    break                   0

off_2818:
2818:   14000A000600                                                                            case                    0, off_2828, 6
281E:   240496B0                                                                                save                    V_04, -20330
2822:   240558C1                                                                                save                    V_05, -16040
2826:   1A00                                                                                    break                   0

off_2828:
2828:   14000A000700                                                                            case                    0, off_2838, 7
282E:   2404FCBD                                                                                save                    V_04, -16900
2832:   240558C1                                                                                save                    V_05, -16040
2836:   1A00                                                                                    break                   0

off_2838:
2838:   14000A000800                                                                            case                    0, off_2848, 8
283E:   2404D8BE                                                                                save                    V_04, -16680
2842:   2405DEC7                                                                                save                    V_05, -14370
2846:   1A00                                                                                    break                   0

off_2848:
2848:   14000A000900                                                                            case                    0, off_2858, 9
284E:   240426B7                                                                                save                    V_04, -18650
2852:   2405D6C5                                                                                save                    V_05, -14890
2856:   1A00                                                                                    break                   0

off_2858:
2858:   14000A000A00                                                                            case                    0, off_2868, 10
285E:   24040ABF                                                                                save                    V_04, -16630
2862:   2405B8C0                                                                                save                    V_05, -16200
2866:   1A00                                                                                    break                   0

off_2868:
2868:   14000A000B00                                                                            case                    0, off_2878, 11
286E:   2404A4C5                                                                                save                    V_04, -14940
2872:   24056EB5                                                                                save                    V_05, -19090
2876:   1A00                                                                                    break                   0

off_2878:
2878:   14000A000C00                                                                            case                    0, off_2888, 12
287E:   2404D0BC                                                                                save                    V_04, -17200
2882:   240518CA                                                                                save                    V_05, -13800
2886:   1A00                                                                                    break                   0

off_2888:
2888:   14000A000D00                                                                            case                    0, off_2898, 13
288E:   240430A3                                                                                save                    V_04, -23760
2892:   2405DACB                                                                                save                    V_05, -13350
2896:   1A00                                                                                    break                   0

off_2898:
2898:   14000A000E00                                                                            case                    0, off_28A8, 14
289E:   240402A9                                                                                save                    V_04, -22270
28A2:   2405DAC6                                                                                save                    V_05, -14630
28A6:   1A00                                                                                    break                   0

off_28A8:
28A8:   14000A000F00                                                                            case                    0, off_28B8, 15
28AE:   240456AF                                                                                save                    V_04, -20650
28B2:   240580CB                                                                                save                    V_05, -13440
28B6:   1A00                                                                                    break                   0

off_28B8:
28B8:   14000A001000                                                                            case                    0, off_28C8, 16
28BE:   240406B4                                                                                save                    V_04, -19450
28C2:   2405B8C5                                                                                save                    V_05, -14920
28C6:   1A00                                                                                    break                   0

off_28C8:
28C8:   14000A001100                                                                            case                    0, off_28D8, 17
28CE:   24042CA2                                                                                save                    V_04, -24020
28D2:   2405C2C5                                                                                save                    V_05, -14910
28D6:   1A00                                                                                    break                   0

off_28D8:
28D8:   14000A001200                                                                            case                    0, off_28E8, 18
28DE:   24040899                                                                                save                    V_04, -26360
28E2:   2405A4BB                                                                                save                    V_05, -17500
28E6:   1A00                                                                                    break                   0

off_28E8:
28E8:   14000A001300                                                                            case                    0, off_28F8, 19
28EE:   2404849F                                                                                save                    V_04, -24700
28F2:   240592BE                                                                                save                    V_05, -16750
28F6:   1A00                                                                                    break                   0

off_28F8:
28F8:   14000A001400                                                                            case                    0, off_2908, 20
28FE:   2404BC99                                                                                save                    V_04, -26180
2902:   2405F4C5                                                                                save                    V_05, -14860
2906:   1A00                                                                                    break                   0

off_2908:
2908:   14000A001500                                                                            case                    0, off_2918, 21
290E:   24044A9D                                                                                save                    V_04, -25270
2912:   2405B4C9                                                                                save                    V_05, -13900
2916:   1A00                                                                                    break                   0

off_2918:
2918:   14000A001600                                                                            case                    0, off_2928, 22
291E:   2404B29E                                                                                save                    V_04, -24910
2922:   2405ACC2                                                                                save                    V_05, -15700
2926:   1A00                                                                                    break                   0

off_2928:
2928:   14000A001700                                                                            case                    0, off_2938, 23
292E:   2404DCA1                                                                                save                    V_04, -24100
2932:   2405BC9E                                                                                save                    V_05, -24900
2936:   1A00                                                                                    break                   0

off_2938:
2938:   14000A001800                                                                            case                    0, off_2948, 24
293E:   2404709A                                                                                save                    V_04, -26000
2942:   240528A6                                                                                save                    V_05, -23000
2946:   1A00                                                                                    break                   0

off_2948:
2948:   14000A001900                                                                            case                    0, off_2958, 25
294E:   24044499                                                                                save                    V_04, -26300
2952:   240504AC                                                                                save                    V_05, -21500
2956:   1A00                                                                                    break                   0

off_2958:
2958:   14000A001A00                                                                            case                    0, off_2968, 26
295E:   2404169F                                                                                save                    V_04, -24810
2962:   240520AE                                                                                save                    V_05, -20960
2966:   1A00                                                                                    break                   0

off_2968:
2968:   14000A001B00                                                                            case                    0, off_2978, 27
296E:   2404AAA1                                                                                save                    V_04, -24150
2972:   2405E4B2                                                                                save                    V_05, -19740
2976:   1A00                                                                                    break                   0

off_2978:
2978:   14000A001C00                                                                            case                    0, off_2988, 28
297E:   2404AE9D                                                                                save                    V_04, -25170
2982:   24051EB5                                                                                save                    V_05, -19170
2986:   1A00                                                                                    break                   0

off_2988:
2988:   14000A001D00                                                                            case                    0, off_2998, 29
298E:   2404829C                                                                                save                    V_04, -25470
2992:   2405BEBA                                                                                save                    V_05, -17730
2996:   1A00                                                                                    break                   0

off_2998:
2998:   14000A001E00                                                                            case                    0, off_29A8, 30
299E:   2404E6A1                                                                                save                    V_04, -24090
29A2:   240564B5                                                                                save                    V_05, -19100
29A6:   1A00                                                                                    break                   0

off_29A8:
29A8:   14000A001F00                                                                            case                    0, off_29B8, 31
29AE:   240454C0                                                                                save                    V_04, -16300
29B2:   24059CB4                                                                                save                    V_05, -19300
29B6:   1A00                                                                                    break                   0

off_29B8:
29B8:   14000A002000                                                                            case                    0, off_29C8, 32
29BE:   2404F4B1                                                                                save                    V_04, -19980
29C2:   2405F6BE                                                                                save                    V_05, -16650
29C6:   1A00                                                                                    break                   0

off_29C8:
29C8:   14000A002100                                                                            case                    0, off_29D8, 33
29CE:   240472C5                                                                                save                    V_04, -14990
29D2:   2405D8C3                                                                                save                    V_05, -15400
29D6:   1A00                                                                                    break                   0

off_29D8:
29D8:   14000A002200                                                                            case                    0, off_29E8, 34
29DE:   240402AE                                                                                save                    V_04, -20990
29E2:   2405D4B8                                                                                save                    V_05, -18220
29E6:   1A00                                                                                    break                   0

off_29E8:
29E8:   14000A002300                                                                            case                    0, off_29F8, 35
29EE:   240470BD                                                                                save                    V_04, -17040
29F2:   240538B4                                                                                save                    V_05, -19400
29F6:   1A00                                                                                    break                   0

off_29F8:
29F8:   14000A002400                                                                            case                    0, off_2A08, 36
29FE:   240408BC                                                                                save                    V_04, -17400
2A02:   240594C6                                                                                save                    V_05, -14700
2A06:   1A00                                                                                    break                   0

off_2A08:
2A08:   14000A002500                                                                            case                    0, off_2A18, 37
2A0E:   24048AB2                                                                                save                    V_04, -19830
2A12:   2405C6BC                                                                                save                    V_05, -17210
2A16:   1A00                                                                                    break                   0

off_2A18:
2A18:   14000A002600                                                                            case                    0, off_2A28, 38
2A1E:   240498B8                                                                                save                    V_04, -18280
2A22:   2405CCC5                                                                                save                    V_05, -14900
2A26:   1A00                                                                                    break                   0

off_2A28:
2A28:   14000A002700                                                                            case                    0, off_2A38, 39
2A2E:   2404FAA1                                                                                save                    V_04, -24070
2A32:   240524C8                                                                                save                    V_05, -14300
2A36:   1A00                                                                                    break                   0

off_2A38:
2A38:   1600                                                                                    eswitch                 0

off_2A3A:
2A3A:   1D051001                                                                                work_copy               5, 16, 1
2A3E:   1D040801                                                                                work_copy               4, 8, 1
2A42:   3A000015000000100000D0E900000000                                                        sce_espr_on             0, 5376, 0, 4096, 0, -5680, 0, 0
2A52:   04FF1810                                                                                evt_exec                255, I_GOSUB, main_10
2A56:   1C                                                                                      break_point
2A57:   00                                                                                      nop
2A58:   08                                                                                      endif
2A59:   00                                                                                      nop

off_2A5A:
2A5A:   24071000                                                                                save                    V_07, 16
2A5E:   07001400                                                                                else                    0, off_2A72

off_2A62:
2A62:   251007                                                                                  copy                    V_TEMP, V_07
2A65:   00                                                                                      nop
2A66:   260001100100                                                                            calc                    0, OP_SUB, V_TEMP, 1
2A6C:   250710                                                                                  copy                    V_07, V_TEMP
2A6F:   00                                                                                      nop
2A70:   00                                                                                      nop
2A71:   00                                                                                      nop

off_2A72:
2A72:   08                                                                                      endif
2A73:   00                                                                                      nop

off_2A74:
2A74:   0100                                                                                    evt_end                 0

.proc main_10
2A76:   090A2600                                                                                sleep                   10, 38
2A7A:   1D050E01                                                                                work_copy               5, 14, 1
2A7E:   1D040601                                                                                work_copy               4, 6, 1
2A82:   36020C000000000000000000                                                                se_on                   2, 12, 0, 0, 0, 0
2A8E:   0100                                                                                    evt_end                 0

.proc main_11
2A90:   02                                                                                      evt_next
2A91:   00                                                                                      nop
2A92:   8B645A000000                                                                            nop_8b                  100, 90, 0, 0, 0
2A98:   8C00A05014005700                                                                        nop_8c                  0, 160, 80, 20, 0, 87, 0
2AA0:   8A0003005500                                                                            nop_8a                  0, 3, 0, 85, 0
2AA6:   0100                                                                                    evt_end                 0

.proc main_12
2AA8:   24200E00                                                                                save                    V_NEXT_PLD, 14
2AAC:   22010300                                                                                set                     FG_STATUS, 3, 0
2AB0:   460101411AD00000B8FB                                                                    aot_reset               ID_AOT_1, SCE_DOOR, SAT_PL | SAT_UNDER, 26, 208, 0, 0, 184, 251
2ABA:   0100                                                                                    evt_end                 0

.proc main_13
2ABC:   4400FF410004041F00FF18ACE0E30EA7200D00000000                                            sce_em_set              0, ID_EM_255, ENEMY_ADA_WONG_1, 0, AI_04, 4, SBK_31, 0, 255, -21480, -7200, -22770, 3360, 0, 0
2AD2:   2C0805310400BBAC9F9F8007FA05FF0018060000                                                aot_set                 ID_AOT_8, SCE_EVENT, SAT_PL | SAT_MANUAL | SAT_FRONT, 4, 0, -21317, -24673, 1920, 1530, 255, 0, I_GOSUB, main_06, 0, 0
2AE6:   46000031629BF8F892D7                                                                    aot_reset               ID_AOT_0, SCE_AUTO, SAT_PL | SAT_MANUAL | SAT_FRONT, 98, 155, 248, 248, 146, 215
2AF0:   0100                                                                                    evt_end                 0

.proc main_14
2AF2:   06006C00                                                                                if                      0, off_2B62
2AF6:   21047C00                                                                                ck                      FG_COMMON, 124, 0
2AFA:   230002002F00                                                                            cmp                     0, V_USED_ITEM, CMP_EQ, 47
2B00:   5301020700F8                                                                            sce_fade_set            1, 2, 7, 0, 248
2B06:   3C00                                                                                    cut_auto                0
2B08:   61040200                                                                                cut_be_set              4, 2, 0
2B0C:   610C0100                                                                                cut_be_set              12, 1, 0
2B10:   2908                                                                                    cut_chg                 8
2B12:   4B0408                                                                                  cut_replace             4, 8
2B15:   4B0509                                                                                  cut_replace             5, 9
2B18:   22047C01                                                                                set                     FG_COMMON, 124, 1
2B1C:   04FF1816                                                                                evt_exec                255, I_GOSUB, main_16
2B20:   2E0409                                                                                  work_set                WK_OBJECT, ID_OBJ_9
2B23:   00                                                                                      nop
2B24:   3200D7A694F85CAE                                                                        pos_set                 0, -22825, -1900, -20900
2B2C:   4614023116000800B000                                                                    aot_reset               ID_AOT_20, SCE_ITEM, SAT_PL | SAT_MANUAL | SAT_FRONT, 22, 0, 8, 0, 176, 0
2B36:   4619003109000000FFFF                                                                    aot_reset               ID_AOT_25, SCE_AUTO, SAT_PL | SAT_MANUAL | SAT_FRONT, 9, 0, 0, 0, 255, 255
2B40:   461A0031000000000000                                                                    aot_reset               ID_AOT_26, SCE_AUTO, SAT_PL | SAT_MANUAL | SAT_FRONT, 0, 0, 0, 0, 0, 0
2B4A:   46080031000000000000                                                                    aot_reset               ID_AOT_8, SCE_AUTO, SAT_PL | SAT_MANUAL | SAT_FRONT, 0, 0, 0, 0, 0, 0
2B54:   46090031000000000000                                                                    aot_reset               ID_AOT_9, SCE_AUTO, SAT_PL | SAT_MANUAL | SAT_FRONT, 0, 0, 0, 0, 0, 0
2B5E:   3C01                                                                                    cut_auto                1
2B60:   08                                                                                      endif
2B61:   00                                                                                      nop

off_2B62:
2B62:   0100                                                                                    evt_end                 0

.proc main_15
2B64:   06007E00                                                                                if                      0, off_2BE6
2B68:   21047D00                                                                                ck                      FG_COMMON, 125, 0
2B6C:   230002002F00                                                                            cmp                     0, V_USED_ITEM, CMP_EQ, 47
2B72:   5301020700F8                                                                            sce_fade_set            1, 2, 7, 0, 248
2B78:   3C00                                                                                    cut_auto                0
2B7A:   61070200                                                                                cut_be_set              7, 2, 0
2B7E:   610D0100                                                                                cut_be_set              13, 1, 0
2B82:   610D0200                                                                                cut_be_set              13, 2, 0
2B86:   610D0300                                                                                cut_be_set              13, 3, 0
2B8A:   290B                                                                                    cut_chg                 11
2B8C:   4B060A                                                                                  cut_replace             6, 10
2B8F:   4B070B                                                                                  cut_replace             7, 11
2B92:   22047D01                                                                                set                     FG_COMMON, 125, 1
2B96:   04FF1817                                                                                evt_exec                255, I_GOSUB, main_17
2B9A:   2E0408                                                                                  work_set                WK_OBJECT, ID_OBJ_8
2B9D:   00                                                                                      nop
2B9E:   32009CC33CF64CAA                                                                        pos_set                 0, -15460, -2500, -21940
2BA6:   4613023115000700AF00                                                                    aot_reset               ID_AOT_19, SCE_ITEM, SAT_PL | SAT_MANUAL | SAT_FRONT, 21, 0, 7, 0, 175, 0
2BB0:   461B003109000000FFFF                                                                    aot_reset               ID_AOT_27, SCE_AUTO, SAT_PL | SAT_MANUAL | SAT_FRONT, 9, 0, 0, 0, 255, 255
2BBA:   461D003108000000FFFF                                                                    aot_reset               ID_AOT_29, SCE_AUTO, SAT_PL | SAT_MANUAL | SAT_FRONT, 8, 0, 0, 0, 255, 255
2BC4:   461C0031000000000000                                                                    aot_reset               ID_AOT_28, SCE_AUTO, SAT_PL | SAT_MANUAL | SAT_FRONT, 0, 0, 0, 0, 0, 0
2BCE:   460A0031000000000000                                                                    aot_reset               ID_AOT_10, SCE_AUTO, SAT_PL | SAT_MANUAL | SAT_FRONT, 0, 0, 0, 0, 0, 0
2BD8:   460B0031000000000000                                                                    aot_reset               ID_AOT_11, SCE_AUTO, SAT_PL | SAT_MANUAL | SAT_FRONT, 0, 0, 0, 0, 0, 0
2BE2:   3C01                                                                                    cut_auto                1
2BE4:   08                                                                                      endif
2BE5:   00                                                                                      nop

off_2BE6:
2BE6:   0100                                                                                    evt_end                 0

.proc main_16
2BE8:   36020A000100209A1CF3589E                                                                se_on                   2, 10, 1, -26080, -3300, -25000
2BF4:   090A0A00                                                                                sleep                   10, 10
2BF8:   360208000100209A1CF3589E                                                                se_on                   2, 8, 1, -26080, -3300, -25000
2C04:   0100                                                                                    evt_end                 0

.proc main_17
2C06:   36020A00010044CB1CF334BD                                                                se_on                   2, 10, 1, -13500, -3300, -17100
2C12:   090A0A00                                                                                sleep                   10, 10
2C16:   36020800010044CB1CF334BD                                                                se_on                   2, 8, 1, -13500, -3300, -17100
2C22:   0100                                                                                    evt_end                 0

.proc main_18
2C24:   360228000100000000000000                                                                se_on                   2, 40, 1, 0, 0, 0
2C30:   470E                                                                                    aot_on                  ID_AOT_14
2C32:   090A0200                                                                                sleep                   10, 2
2C36:   06001000                                                                                if                      0, off_2C4A
2C3A:   21083401                                                                                ck                      FG_ITEM, 52, 1
2C3E:   46170031000000000000                                                                    aot_reset               ID_AOT_23, SCE_AUTO, SAT_PL | SAT_MANUAL | SAT_FRONT, 0, 0, 0, 0, 0, 0
2C48:   08                                                                                      endif
2C49:   00                                                                                      nop

off_2C4A:
2C4A:   0100                                                                                    evt_end                 0

.proc main_19
2C4C:   2D0500000000040000000A001000C9D2F4DEEBBF000000000000000000000000000000000000            obj_model_set           ID_OBJ_5, 0, 0, 0, 0, 4, 0, 10, 16, -11575, -8460, -16405, 0, 0, 0, 0, 0, 0, 0, 0, 0, 0, 0
2C72:   2D0A00000000000000000A001000DBAFF4DEDEBE0000000000FC000000000000000000000000            obj_model_set           ID_OBJ_10, 0, 0, 0, 0, 0, 0, 10, 16, -20517, -8460, -16674, 0, 0, -1024, 0, 0, 0, 0, 0, 0, 0, 0
2C98:   4E030231040039C7F2BD9808DC051E00030033000500                                            item_aot_set            ID_AOT_3, SCE_ITEM, SAT_PL | SAT_MANUAL | SAT_FRONT, 4, 0, -14535, -16910, 2200, 1500, ITEM_INKRIBBON, 3, 51, ID_OBJ_5, IF_DEFAULT
2CAE:   4E0E023104000000000001000100230001003400FF00                                            item_aot_set            ID_AOT_14, SCE_ITEM, SAT_PL | SAT_MANUAL | SAT_FRONT, 4, 0, 0, 0, 1, 1, ITEM_FAIDSPRAY, 1, 52, ID_OBJ_255, IF_DEFAULT
2CC4:   06001A00                                                                                if                      0, off_2CE2
2CC8:   21083400                                                                                ck                      FG_ITEM, 52, 0
2CCC:   2C1705310400B3A5A3960807F00AFF0018180000                                                aot_set                 ID_AOT_23, SCE_EVENT, SAT_PL | SAT_MANUAL | SAT_FRONT, 4, 0, -23117, -26973, 1800, 2800, 255, 0, I_GOSUB, main_18, 0, 0
2CE0:   08                                                                                      endif
2CE1:   00                                                                                      nop

off_2CE2:
2CE2:   4E100231040083946BC90807080714001E00AD00FF00                                            item_aot_set            ID_AOT_16, SCE_ITEM, SAT_PL | SAT_MANUAL | SAT_FRONT, 4, 0, -27517, -13973, 1800, 1800, ITEM_HANDGUNAMMO, 30, 173, ID_OBJ_255, IF_DEFAULT
2CF8:   4E150231040057AC7BBE080708077A000100C0000A00                                            item_aot_set            ID_AOT_21, SCE_ITEM, SAT_PL | SAT_MANUAL | SAT_FRONT, 4, 0, -21417, -16773, 1800, 1800, ITEM_SEWERMANAGERFAX, 1, 192, ID_OBJ_10, IF_DEFAULT
2D0E:   0100                                                                                    evt_end                 0

.proc main_1A
2D10:   2D020000000004000000800010005598E0E306B9000000000000000000000000C2018C0A4605            obj_model_set           ID_OBJ_2, 0, 0, 0, 0, 4, 0, 128, 16, -26539, -7200, -18170, 0, 0, 0, 0, 0, 0, 450, 140, 10, 70, 5
2D36:   2D0400000000040000000A001000C095E0E3C6B2000000000000000000000000000000000000            obj_model_set           ID_OBJ_4, 0, 0, 0, 0, 4, 0, 10, 16, -27200, -7200, -19770, 0, 0, 0, 0, 0, 0, 0, 0, 0, 0, 0
2D5C:   2D0300000000040000000A001000A899E0E3709A000000080000000000000000000000000000            obj_model_set           ID_OBJ_3, 0, 0, 0, 0, 4, 0, 10, 16, -26200, -7200, -26000, 0, 2048, 0, 0, 0, 0, 0, 0, 0, 0, 0
2D82:   0100                                                                                    evt_end                 0

.proc main_1B
2D84:   2D0800000000000000000A0010009CC33CF64CAA000000000000000000000000000000000000            obj_model_set           ID_OBJ_8, 0, 0, 0, 0, 0, 0, 10, 16, -15460, -2500, -21940, 0, 0, 0, 0, 0, 0, 0, 0, 0, 0, 0
2DAA:   2D0900000000000000000A001000D7A694F85CAE000000040000000000000000000000000000            obj_model_set           ID_OBJ_9, 0, 0, 0, 0, 0, 0, 10, 16, -22825, -1900, -20900, 0, 1024, 0, 0, 0, 0, 0, 0, 0, 0, 0
2DD0:   4E1302310000ECBE1AA5D007D00715000700AF000800                                            item_aot_set            ID_AOT_19, SCE_ITEM, SAT_PL | SAT_MANUAL | SAT_FRONT, 0, 0, -16660, -23270, 2000, 2000, ITEM_SHOTGUNAMMO, 7, 175, ID_OBJ_8, IF_DEFAULT
2DE6:   4E140231000053A348A90807080716000800B0000980                                            item_aot_set            ID_AOT_20, SCE_ITEM, SAT_PL | SAT_MANUAL | SAT_FRONT, 0, 0, -23725, -22200, 1800, 1800, ITEM_MAGNUMAMMO, 8, 176, ID_OBJ_9, 128
2DFC:   0100                                                                                    evt_end                 0

.proc main_1C
2DFE:   06003C00                                                                                if                      0, off_2E3E
2E02:   21047C00                                                                                ck                      FG_COMMON, 124, 0
2E06:   2C08043100006695039A8007DC0503000000FFFF                                                aot_set                 ID_AOT_8, SCE_MESSAGE, SAT_PL | SAT_MANUAL | SAT_FRONT, 0, 0, -27290, -26109, 1920, 1500, ID_MSG_3, 0, 0, 0, 255, 255
2E1A:   2C09062100006695039A8007DC050A002F000100                                                aot_set                 ID_AOT_9, SCE_FLAG_CHG, SAT_PL | SAT_FRONT, 0, 0, -27290, -26109, 1920, 1500, 10, 0, ITEM_LIGHTER, 0, aot, 0
2E2E:   2E0409                                                                                  work_set                WK_OBJECT, ID_OBJ_9
2E31:   00                                                                                      nop
2E32:   3200008300830083                                                                        pos_set                 0, -32000, -32000, -32000
2E3A:   07001400                                                                                else                    0, off_2E4E

off_2E3E:
2E3E:   61040200                                                                                cut_be_set              4, 2, 0
2E42:   610C0100                                                                                cut_be_set              12, 1, 0
2E46:   4B0408                                                                                  cut_replace             4, 8
2E49:   4B0509                                                                                  cut_replace             5, 9
2E4C:   00                                                                                      nop
2E4D:   00                                                                                      nop

off_2E4E:
2E4E:   06003C00                                                                                if                      0, off_2E8E
2E52:   21047D00                                                                                ck                      FG_COMMON, 125, 0
2E56:   2C0A043100001EC90EBB90069C0403000000FFFF                                                aot_set                 ID_AOT_10, SCE_MESSAGE, SAT_PL | SAT_MANUAL | SAT_FRONT, 0, 0, -14050, -17650, 1680, 1180, ID_MSG_3, 0, 0, 0, 255, 255
2E6A:   2C0B062100001EC90EBB90069C040A002F000100                                                aot_set                 ID_AOT_11, SCE_FLAG_CHG, SAT_PL | SAT_FRONT, 0, 0, -14050, -17650, 1680, 1180, 10, 0, ITEM_LIGHTER, 0, aot, 0
2E7E:   2E0408                                                                                  work_set                WK_OBJECT, ID_OBJ_8
2E81:   00                                                                                      nop
2E82:   3200008300830083                                                                        pos_set                 0, -32000, -32000, -32000
2E8A:   07001C00                                                                                else                    0, off_2EA6

off_2E8E:
2E8E:   61070200                                                                                cut_be_set              7, 2, 0
2E92:   610D0100                                                                                cut_be_set              13, 1, 0
2E96:   610D0200                                                                                cut_be_set              13, 2, 0
2E9A:   610D0300                                                                                cut_be_set              13, 3, 0
2E9E:   4B060A                                                                                  cut_replace             6, 10
2EA1:   4B070B                                                                                  cut_replace             7, 11
2EA4:   00                                                                                      nop
2EA5:   00                                                                                      nop

off_2EA6:
2EA6:   06003800                                                                                if                      0, off_2EE2
2EAA:   21047C00                                                                                ck                      FG_COMMON, 124, 0
2EAE:   2C19043100008BA2899E0807BC2504000000FFFF                                                aot_set                 ID_AOT_25, SCE_MESSAGE, SAT_PL | SAT_MANUAL | SAT_FRONT, 0, 0, -23925, -24951, 1800, 9660, ID_MSG_4, 0, 0, 0, 255, 255
2EC2:   2C1A043100000F9FAB9D0807080704000000FFFF                                                aot_set                 ID_AOT_26, SCE_MESSAGE, SAT_PL | SAT_MANUAL | SAT_FRONT, 0, 0, -24817, -25173, 1800, 1800, ID_MSG_4, 0, 0, 0, 255, 255
2ED6:   4614003116000800B000                                                                    aot_reset               ID_AOT_20, SCE_AUTO, SAT_PL | SAT_MANUAL | SAT_FRONT, 22, 0, 8, 0, 176, 0
2EE0:   08                                                                                      endif
2EE1:   00                                                                                      nop

off_2EE2:
2EE2:   06004C00                                                                                if                      0, off_2F32
2EE6:   21047D00                                                                                ck                      FG_COMMON, 125, 0
2EEA:   2C1B043100000FA6899E0807BC2504000000FFFF                                                aot_set                 ID_AOT_27, SCE_MESSAGE, SAT_PL | SAT_MANUAL | SAT_FRONT, 0, 0, -23025, -24951, 1800, 9660, ID_MSG_4, 0, 0, 0, 255, 255
2EFE:   2C1C0431000023ABF5A5F023080704000000FFFF                                                aot_set                 ID_AOT_28, SCE_MESSAGE, SAT_PL | SAT_MANUAL | SAT_FRONT, 0, 0, -21725, -23051, 9200, 1800, ID_MSG_4, 0, 0, 0, 255, 255
2F12:   2C1D04310000B3C521C00807CC1004000000FFFF                                                aot_set                 ID_AOT_29, SCE_MESSAGE, SAT_PL | SAT_MANUAL | SAT_FRONT, 0, 0, -14925, -16351, 1800, 4300, ID_MSG_4, 0, 0, 0, 255, 255
2F26:   4613003115000700AF00                                                                    aot_reset               ID_AOT_19, SCE_AUTO, SAT_PL | SAT_MANUAL | SAT_FRONT, 21, 0, 7, 0, 175, 0
2F30:   08                                                                                      endif
2F31:   00                                                                                      nop

off_2F32:
2F32:   0100                                                                                    evt_end                 0
