.version 2
.init
.proc init_00
0D0E:   06002800                                                                                if                      0, off_0D3A
0D12:   21010101                                                                                ck                      1, 1, 1
0D16:   3B000151000074C956931C0C540BCFC4E0E31AC940F603010204280400000000                        door_aot_se             0, SCE_DOOR, SAT_PL | SAT_MANUAL | SAT_UNDER, 0, 0, -13964, -27818, 3100, 2900, -15153, -7200, -14054, -2496, 3, 1, 2, 4, 40, 4, 0, 0, UNLOCKED, 0
0D36:   07003000                                                                                else                    0, off_0D66

off_0D3A:
0D3A:   06002600                                                                                if                      0, off_0D64
0D3E:   21010001                                                                                ck                      1, 0, 1
0D42:   3B000151000074C956931C0C540BCFC4E0E31AC940F603010204280400000000                        door_aot_se             0, SCE_DOOR, SAT_PL | SAT_MANUAL | SAT_UNDER, 0, 0, -13964, -27818, 3100, 2900, -15153, -7200, -14054, -2496, 3, 1, 2, 4, 40, 4, 0, 0, UNLOCKED, 0
0D62:   08                                                                                      endif
0D63:   00                                                                                      nop

off_0D64:
0D64:   00                                                                                      nop
0D65:   00                                                                                      nop

off_0D66:
0D66:   06002800                                                                                if                      0, off_0D92
0D6A:   21010101                                                                                ck                      1, 1, 1
0D6E:   3B01015100000ECA66FE480D920E8B9BE0E336A0580D03030304280400000000                        door_aot_se             1, SCE_DOOR, SAT_PL | SAT_MANUAL | SAT_UNDER, 0, 0, -13810, -410, 3400, 3730, -25717, -7200, -24522, 3416, 3, 3, 3, 4, 40, 4, 0, 0, UNLOCKED, 0
0D8E:   07003000                                                                                else                    0, off_0DBE

off_0D92:
0D92:   06002600                                                                                if                      0, off_0DBC
0D96:   21010000                                                                                ck                      1, 0, 0
0D9A:   3B01015100000ECA66FE480D920E8B9BE0E336A0580D03030304280400000000                        door_aot_se             1, SCE_DOOR, SAT_PL | SAT_MANUAL | SAT_UNDER, 0, 0, -13810, -410, 3400, 3730, -25717, -7200, -24522, 3416, 3, 3, 3, 4, 40, 4, 0, 0, UNLOCKED, 0
0DBA:   08                                                                                      endif
0DBB:   00                                                                                      nop

off_0DBC:
0DBC:   00                                                                                      nop
0DBD:   00                                                                                      nop

off_0DBE:
0DBE:   3B02013100007B918ED20807F00AE2D8F8F8EEC8000803050601230000000000                        door_aot_se             2, SCE_DOOR, SAT_PL | SAT_MANUAL | SAT_FRONT, 0, 0, -28293, -11634, 1800, 2800, -10014, -1800, -14098, 2048, 3, 5, 6, 1, 35, 0, 0, 0, UNLOCKED, 0
0DDE:   0100                                                                                    evt_end                 0

.main
.proc main_00
0E24:   1802                                                                                    gosub                   2
0E26:   22042000                                                                                set                     4, 32, 0
0E2A:   1807                                                                                    gosub                   7
0E2C:   1805                                                                                    gosub                   5
0E2E:   1803                                                                                    gosub                   3
0E30:   181B                                                                                    gosub                   27
0E32:   1804                                                                                    gosub                   4
0E34:   0100                                                                                    evt_end                 0

.proc main_01
0E36:   0100                                                                                    evt_end                 0

.proc main_02
0E38:   06001000                                                                                if                      0, off_0E4C
0E3C:   23001B001004                                                                            cmp                     0, 27, CMP_EQ, 1040
0E42:   221E0101                                                                                set                     30, 1, 1
0E46:   6C                                                                                      rbj_reset
0E47:   00                                                                                      nop
0E48:   07000C00                                                                                else                    0, off_0E54

off_0E4C:
0E4C:   221E0201                                                                                set                     30, 2, 1
0E50:   6C                                                                                      rbj_reset
0E51:   00                                                                                      nop
0E52:   00                                                                                      nop
0E53:   00                                                                                      nop

off_0E54:
0E54:   0100                                                                                    evt_end                 0

.proc main_03
0E56:   06006A00                                                                                if                      0, off_0EC4
0E5A:   21043E00                                                                                ck                      4, 62, 0
0E5E:   440000500000000000FF19D300005DFC100500000000                                            sce_em_set              0, 0, ENEMY_LEONKENNEDYRPD, 0, 0, 0, 0, 0, 255, -11495, 0, -931, 1296, 0, 0
0E74:   440001470008000000FF2CCF0000DCEC600700000000                                            sce_em_set              0, 1, ENEMY_ANNETTEBIRKIN1, 0, 8, 0, 0, 0, 255, -12500, 0, -4900, 1888, 0, 0
0E8A:   2C0304310000EBC91ACADC05CC060800000000FF                                                aot_set                 3, SCE_MESSAGE, SAT_PL | SAT_MANUAL | SAT_FRONT, 0, 0, -13845, -13798, 1500, 1740, 8, 0, 0, 0, 0, 255
0E9E:   460104510900000000FF                                                                    aot_reset               1, SCE_MESSAGE, SAT_PL | SAT_MANUAL | SAT_UNDER, 9, 0, 0, 0, 0, 255
0EA8:   06001000                                                                                if                      0, off_0EBC
0EAC:   21010101                                                                                ck                      1, 1, 1
0EB0:   460004510900000000FF                                                                    aot_reset               0, SCE_MESSAGE, SAT_PL | SAT_MANUAL | SAT_UNDER, 9, 0, 0, 0, 0, 255
0EBA:   08                                                                                      endif
0EBB:   00                                                                                      nop

off_0EBC:
0EBC:   04FF1812                                                                                evt_exec                255, I_GOSUB, main_12
0EC0:   07007E00                                                                                else                    0, off_0F3E

off_0EC4:
0EC4:   06000E00                                                                                if                      0, off_0ED6
0EC8:   23001B001004                                                                            cmp                     0, 27, CMP_EQ, 1040
0ECE:   04FF181A                                                                                evt_exec                255, I_GOSUB, main_1A
0ED2:   07006A00                                                                                else                    0, off_0F3C

off_0ED6:
0ED6:   06006000                                                                                if                      0, off_0F3A
0EDA:   21044401                                                                                ck                      4, 68, 1
0EDE:   440000500000000000FFC7CD0000B9CEF80713010800                                            sce_em_set              0, 0, ENEMY_LEONKENNEDYRPD, 0, 0, 0, 0, 0, 255, -12857, 0, -12615, 2040, 275, 8
0EF4:   2E0300                                                                                  work_set                WK_ENEMY, 0
0EF7:   00                                                                                      nop
0EF8:   3D1000                                                                                  member_copy             16, 0
0EFB:   00                                                                                      nop
0EFC:   260005100400                                                                            calc                    0, OP_OR, 16, 4
0F02:   350010                                                                                  member_set2             0, 16
0F05:   00                                                                                      nop
0F06:   2C0304310000EBC91ACADC05CC060800000000FF                                                aot_set                 3, SCE_MESSAGE, SAT_PL | SAT_MANUAL | SAT_FRONT, 0, 0, -13845, -13798, 1500, 1740, 8, 0, 0, 0, 0, 255
0F1A:   460104510900000000FF                                                                    aot_reset               1, SCE_MESSAGE, SAT_PL | SAT_MANUAL | SAT_UNDER, 9, 0, 0, 0, 0, 255
0F24:   06001000                                                                                if                      0, off_0F38
0F28:   21010101                                                                                ck                      1, 1, 1
0F2C:   460004510900000000FF                                                                    aot_reset               0, SCE_MESSAGE, SAT_PL | SAT_MANUAL | SAT_UNDER, 9, 0, 0, 0, 0, 255
0F36:   08                                                                                      endif
0F37:   00                                                                                      nop

off_0F38:
0F38:   08                                                                                      endif
0F39:   00                                                                                      nop

off_0F3A:
0F3A:   00                                                                                      nop
0F3B:   00                                                                                      nop

off_0F3C:
0F3C:   00                                                                                      nop
0F3D:   00                                                                                      nop

off_0F3E:
0F3E:   0100                                                                                    evt_end                 0

.proc main_04
0F40:   06000C00                                                                                if                      0, off_0F50
0F44:   23001B000304                                                                            cmp                     0, 27, CMP_EQ, 1027
0F4A:   04FF1808                                                                                evt_exec                255, I_GOSUB, main_08
0F4E:   08                                                                                      endif
0F4F:   00                                                                                      nop

off_0F50:
0F50:   06000C00                                                                                if                      0, off_0F60
0F54:   23001B000104                                                                            cmp                     0, 27, CMP_EQ, 1025
0F5A:   04FF180D                                                                                evt_exec                255, I_GOSUB, main_0D
0F5E:   08                                                                                      endif
0F5F:   00                                                                                      nop

off_0F60:
0F60:   0100                                                                                    evt_end                 0

.proc main_05
0F62:   06004000                                                                                if                      0, off_0FA6
0F66:   2108A200                                                                                ck                      8, 162, 0
0F6A:   2C0405310000A7A3A6CF14057404FF0018060000                                                aot_set                 4, SCE_EVENT, SAT_PL | SAT_MANUAL | SAT_FRONT, 0, 0, -23641, -12378, 1300, 1140, 255, 0, I_GOSUB, main_06, 0, 0
0F7E:   2D0200000000000000000A001000E2A6D2F608D200FC00000000000000000000000000000000            obj_model_set           2, 0, 0, 0, 0, 0, 0, 10, 16, -22814, -2350, -11768, -1024, 0, 0, 0, 0, 0, 0, 0, 0, 0, 0
0FA4:   08                                                                                      endif
0FA5:   00                                                                                      nop

off_0FA6:
0FA6:   0100                                                                                    evt_end                 0

.proc main_06
0FA8:   2B000A00FFFF                                                                            message_on              0, 10, 0, 255, 255
0FAE:   02                                                                                      evt_next
0FAF:   00                                                                                      nop
0FB0:   06003000                                                                                if                      0, off_0FE4
0FB4:   210B1F00                                                                                ck                      11, 31, 0
0FB8:   2208A201                                                                                set                     8, 162, 1
0FBC:   22210701                                                                                set                     33, 7, 1
0FC0:   22210801                                                                                set                     33, 8, 1
0FC4:   2E0402                                                                                  work_set                WK_OBJECT, 2
0FC7:   00                                                                                      nop
0FC8:   3200000000000000                                                                        pos_set                 0, 0, 0, 0
0FD0:   46040031000000000000                                                                    aot_reset               4, SCE_AUTO, SAT_PL | SAT_MANUAL | SAT_FRONT, 0, 0, 0, 0, 0, 0
0FDA:   2B000B00FFFF                                                                            message_on              0, 11, 0, 255, 255
0FE0:   02                                                                                      evt_next
0FE1:   00                                                                                      nop
0FE2:   08                                                                                      endif
0FE3:   00                                                                                      nop

off_0FE4:
0FE4:   0100                                                                                    evt_end                 0

.proc main_07
0FE6:   06002E00                                                                                if                      0, off_1018
0FEA:   21010101                                                                                ck                      1, 1, 1
0FEE:   2D0000000000040000000200100076D000003E03000000080000000000000000000000000000            obj_model_set           0, 0, 0, 0, 0, 4, 0, 2, 16, -12170, 0, 830, 0, 2048, 0, 0, 0, 0, 0, 0, 0, 0, 0
1014:   07003600                                                                                else                    0, off_104A

off_1018:
1018:   06002C00                                                                                if                      0, off_1048
101C:   21010000                                                                                ck                      1, 0, 0
1020:   2D0000000000040000000200100076D000003E03000000080000000000000000000000000000            obj_model_set           0, 0, 0, 0, 0, 4, 0, 2, 16, -12170, 0, 830, 0, 2048, 0, 0, 0, 0, 0, 0, 0, 0, 0
1046:   08                                                                                      endif
1047:   00                                                                                      nop

off_1048:
1048:   00                                                                                      nop
1049:   00                                                                                      nop

off_104A:
104A:   06002E00                                                                                if                      0, off_107C
104E:   21010101                                                                                ck                      1, 1, 1
1052:   2D0100000000040000000200100044D000005F99000000000000000000000000000000000000            obj_model_set           1, 0, 0, 0, 0, 4, 0, 2, 16, -12220, 0, -26273, 0, 0, 0, 0, 0, 0, 0, 0, 0, 0, 0
1078:   07003600                                                                                else                    0, off_10AE

off_107C:
107C:   06002C00                                                                                if                      0, off_10AC
1080:   21010001                                                                                ck                      1, 0, 1
1084:   2D0100000000040000000200100044D000005F99000000000000000000000000000000000000            obj_model_set           1, 0, 0, 0, 0, 4, 0, 2, 16, -12220, 0, -26273, 0, 0, 0, 0, 0, 0, 0, 0, 0, 0, 0
10AA:   08                                                                                      endif
10AB:   00                                                                                      nop

off_10AC:
10AC:   00                                                                                      nop
10AD:   00                                                                                      nop

off_10AE:
10AE:   0100                                                                                    evt_end                 0

.proc main_08
10B0:   22020701                                                                                set                     2, 7, 1
10B4:   04FF180C                                                                                evt_exec                255, I_GOSUB, main_0C
10B8:   04FF1809                                                                                evt_exec                255, I_GOSUB, main_09
10BC:   04FF180A                                                                                evt_exec                255, I_GOSUB, main_0A
10C0:   06000C00                                                                                if                      0, off_10D0
10C4:   21010301                                                                                ck                      1, 3, 1
10C8:   04FF180B                                                                                evt_exec                255, I_GOSUB, main_0B
10CC:   07001E00                                                                                else                    0, off_10EA

off_10D0:
10D0:   06001400                                                                                if                      0, off_10E8
10D4:   21010000                                                                                ck                      1, 0, 0
10D8:   06000A00                                                                                if                      0, off_10E6
10DC:   21043E00                                                                                ck                      4, 62, 0
10E0:   04FF180B                                                                                evt_exec                255, I_GOSUB, main_0B
10E4:   08                                                                                      endif
10E5:   00                                                                                      nop

off_10E6:
10E6:   08                                                                                      endif
10E7:   00                                                                                      nop

off_10E8:
10E8:   00                                                                                      nop
10E9:   00                                                                                      nop

off_10EA:
10EA:   1820                                                                                    gosub                   32
10EC:   090A0500                                                                                sleep                   10, 5
10F0:   22020700                                                                                set                     2, 7, 0
10F4:   0100                                                                                    evt_end                 0

.proc main_09
10F6:   2E0400                                                                                  work_set                WK_OBJECT, 0
10F9:   00                                                                                      nop
10FA:   340CA0F6                                                                                member_set              12, 160, 246
10FE:   1811                                                                                    gosub                   17
1100:   0100                                                                                    evt_end                 0

.proc main_0A
1102:   2E0100                                                                                  work_set                WK_PLAYER, 0
1105:   00                                                                                      nop
1106:   3D1000                                                                                  member_copy             16, 0
1109:   00                                                                                      nop
110A:   260005100004                                                                            calc                    0, OP_OR, 16, 1024
1110:   350010                                                                                  member_set2             0, 16
1113:   00                                                                                      nop
1114:   320059CFA0F66301                                                                        pos_set                 0, -12455, -2400, 355
111C:   340F4803                                                                                member_set              15, 72, 3
1120:   1811                                                                                    gosub                   17
1122:   06001400                                                                                if                      0, off_113A
1126:   21050101                                                                                ck                      5, 1, 1
112A:   3D1000                                                                                  member_copy             16, 0
112D:   00                                                                                      nop
112E:   260001100004                                                                            calc                    0, OP_SUB, 16, 1024
1134:   350010                                                                                  member_set2             0, 16
1137:   00                                                                                      nop
1138:   08                                                                                      endif
1139:   00                                                                                      nop

off_113A:
113A:   0100                                                                                    evt_end                 0

.proc main_0B
113C:   2E0200                                                                                  work_set                WK_SPLAYER, 0
113F:   00                                                                                      nop
1140:   06001400                                                                                if                      0, off_1158
1144:   21010000                                                                                ck                      1, 0, 0
1148:   06000A00                                                                                if                      0, off_1156
114C:   21043E00                                                                                ck                      4, 62, 0
1150:   2E0300                                                                                  work_set                WK_ENEMY, 0
1153:   00                                                                                      nop
1154:   08                                                                                      endif
1155:   00                                                                                      nop

off_1156:
1156:   08                                                                                      endif
1157:   00                                                                                      nop

off_1158:
1158:   3D1000                                                                                  member_copy             16, 0
115B:   00                                                                                      nop
115C:   260005100004                                                                            calc                    0, OP_OR, 16, 1024
1162:   350010                                                                                  member_set2             0, 16
1165:   00                                                                                      nop
1166:   32000ED2A0F6B803                                                                        pos_set                 0, -11762, -2400, 952
116E:   340F4804                                                                                member_set              15, 72, 4
1172:   1811                                                                                    gosub                   17
1174:   06001400                                                                                if                      0, off_118C
1178:   21050101                                                                                ck                      5, 1, 1
117C:   3D1000                                                                                  member_copy             16, 0
117F:   00                                                                                      nop
1180:   260001100004                                                                            calc                    0, OP_SUB, 16, 1024
1186:   350010                                                                                  member_set2             0, 16
1189:   00                                                                                      nop
118A:   08                                                                                      endif
118B:   00                                                                                      nop

off_118C:
118C:   0100                                                                                    evt_end                 0

.proc main_0C
118E:   02                                                                                      evt_next
118F:   00                                                                                      nop
1190:   8B645A000000                                                                            nop_8b                  100, 90, 0, 0, 0
1196:   8C00A05014005700                                                                        nop_8c                  0, 160, 80, 20, 0, 87, 0
119E:   8A0003005500                                                                            nop_8a                  0, 3, 0, 85, 0
11A4:   0100                                                                                    evt_end                 0

.proc main_0D
11A6:   22020701                                                                                set                     2, 7, 1
11AA:   04FF180C                                                                                evt_exec                255, I_GOSUB, main_0C
11AE:   04FF180E                                                                                evt_exec                255, I_GOSUB, main_0E
11B2:   04FF180F                                                                                evt_exec                255, I_GOSUB, main_0F
11B6:   06000A00                                                                                if                      0, off_11C4
11BA:   21010301                                                                                ck                      1, 3, 1
11BE:   04FF1810                                                                                evt_exec                255, I_GOSUB, main_10
11C2:   08                                                                                      endif
11C3:   00                                                                                      nop

off_11C4:
11C4:   1820                                                                                    gosub                   32
11C6:   090A0500                                                                                sleep                   10, 5
11CA:   22020700                                                                                set                     2, 7, 0
11CE:   0100                                                                                    evt_end                 0

.proc main_0E
11D0:   2E0401                                                                                  work_set                WK_OBJECT, 1
11D3:   00                                                                                      nop
11D4:   340CA0F6                                                                                member_set              12, 160, 246
11D8:   1811                                                                                    gosub                   17
11DA:   0100                                                                                    evt_end                 0

.proc main_0F
11DC:   2E0100                                                                                  work_set                WK_PLAYER, 0
11DF:   00                                                                                      nop
11E0:   3D1000                                                                                  member_copy             16, 0
11E3:   00                                                                                      nop
11E4:   260005100004                                                                            calc                    0, OP_OR, 16, 1024
11EA:   350010                                                                                  member_set2             0, 16
11ED:   00                                                                                      nop
11EE:   320026D2A0F64D9A                                                                        pos_set                 0, -11738, -2400, -26035
11F6:   340F4B0B                                                                                member_set              15, 75, 11
11FA:   1811                                                                                    gosub                   17
11FC:   06001400                                                                                if                      0, off_1214
1200:   21050101                                                                                ck                      5, 1, 1
1204:   3D1000                                                                                  member_copy             16, 0
1207:   00                                                                                      nop
1208:   260001100004                                                                            calc                    0, OP_SUB, 16, 1024
120E:   350010                                                                                  member_set2             0, 16
1211:   00                                                                                      nop
1212:   08                                                                                      endif
1213:   00                                                                                      nop

off_1214:
1214:   0100                                                                                    evt_end                 0

.proc main_10
1216:   2E0200                                                                                  work_set                WK_SPLAYER, 0
1219:   00                                                                                      nop
121A:   3D1000                                                                                  member_copy             16, 0
121D:   00                                                                                      nop
121E:   260005100004                                                                            calc                    0, OP_OR, 16, 1024
1224:   350010                                                                                  member_set2             0, 16
1227:   00                                                                                      nop
1228:   32002BCFA0F69298                                                                        pos_set                 0, -12501, -2400, -26478
1230:   340F6B0C                                                                                member_set              15, 107, 12
1234:   1811                                                                                    gosub                   17
1236:   06001400                                                                                if                      0, off_124E
123A:   21050101                                                                                ck                      5, 1, 1
123E:   3D1000                                                                                  member_copy             16, 0
1241:   00                                                                                      nop
1242:   260001100004                                                                            calc                    0, OP_SUB, 16, 1024
1248:   350010                                                                                  member_set2             0, 16
124B:   00                                                                                      nop
124C:   08                                                                                      endif
124D:   00                                                                                      nop

off_124E:
124E:   0100                                                                                    evt_end                 0

.proc main_11
1250:   2F000000                                                                                speed_set               0, 0
1254:   2F020000                                                                                speed_set               2, 0
1258:   2F012800                                                                                speed_set               1, 40
125C:   0D0004000200                                                                            for                     0, off_1266, 2
1262:   30                                                                                      add_speed
1263:   02                                                                                      evt_next
1264:   0E00                                                                                    next                    0

off_1266:
1266:   360001000000000000000000                                                                se_on                   0, 1, 0, 0, 0, 0
1272:   0D0004000800                                                                            for                     0, off_127C, 8
1278:   30                                                                                      add_speed
1279:   02                                                                                      evt_next
127A:   0E00                                                                                    next                    0

off_127C:
127C:   2F012300                                                                                speed_set               1, 35
1280:   0D0004001400                                                                            for                     0, off_128A, 20
1286:   30                                                                                      add_speed
1287:   02                                                                                      evt_next
1288:   0E00                                                                                    next                    0

off_128A:
128A:   2F011E00                                                                                speed_set               1, 30
128E:   0D0004000F00                                                                            for                     0, off_1298, 15
1294:   30                                                                                      add_speed
1295:   02                                                                                      evt_next
1296:   0E00                                                                                    next                    0

off_1298:
1298:   2F011900                                                                                speed_set               1, 25
129C:   0D0004000F00                                                                            for                     0, off_12A6, 15
12A2:   30                                                                                      add_speed
12A3:   02                                                                                      evt_next
12A4:   0E00                                                                                    next                    0

off_12A6:
12A6:   2F011400                                                                                speed_set               1, 20
12AA:   0D0004000F00                                                                            for                     0, off_12B4, 15
12B0:   30                                                                                      add_speed
12B1:   02                                                                                      evt_next
12B2:   0E00                                                                                    next                    0

off_12B4:
12B4:   2F010F00                                                                                speed_set               1, 15
12B8:   0D0004000A00                                                                            for                     0, off_12C2, 10
12BE:   30                                                                                      add_speed
12BF:   02                                                                                      evt_next
12C0:   0E00                                                                                    next                    0

off_12C2:
12C2:   3D100C                                                                                  member_copy             16, 12
12C5:   00                                                                                      nop
12C6:   260001100A00                                                                            calc                    0, OP_SUB, 16, 10
12CC:   350C10                                                                                  member_set2             12, 16
12CF:   00                                                                                      nop
12D0:   090A0500                                                                                sleep                   10, 5
12D4:   3D100C                                                                                  member_copy             16, 12
12D7:   00                                                                                      nop
12D8:   260000102300                                                                            calc                    0, OP_ADD, 16, 35
12DE:   350C10                                                                                  member_set2             12, 16
12E1:   00                                                                                      nop
12E2:   22050101                                                                                set                     5, 1, 1
12E6:   0100                                                                                    evt_end                 0

.proc main_12
12E8:   02                                                                                      evt_next
12E9:   2902                                                                                    cut_chg                 2
12EB:   00                                                                                      nop
12EC:   1820                                                                                    gosub                   32
12EE:   22020701                                                                                set                     2, 7, 1
12F2:   22011B01                                                                                set                     1, 27, 1
12F6:   2907                                                                                    cut_chg                 7
12F8:   510001000000                                                                            sce_bgm_control         0, 1, 0, 0, 0
12FE:   2E0301                                                                                  work_set                WK_ENEMY, 1
1301:   00                                                                                      nop
1302:   41050100000000002828                                                                    plc_neck                5, 1, 0, 0, 40, 40
130C:   090A1400                                                                                sleep                   10, 20
1310:   2E0100                                                                                  work_set                WK_PLAYER, 0
1313:   00                                                                                      nop
1314:   41050300010000005050                                                                    plc_neck                5, 3, 1, 0, 80, 80
131E:   3F001108                                                                                plc_motion              0, 17, 8
1322:   090A0600                                                                                sleep                   10, 6
1326:   66                                                                                      plc_stop
1327:   00                                                                                      nop
1328:   41060000000000005050                                                                    plc_neck                6, 0, 0, 0, 80, 80
1332:   090A0C00                                                                                sleep                   10, 12
1336:   04FF1813                                                                                evt_exec                255, I_GOSUB, main_13
133A:   090A0F00                                                                                sleep                   10, 15
133E:   2908                                                                                    cut_chg                 8
1340:   090A2800                                                                                sleep                   10, 40
1344:   2907                                                                                    cut_chg                 7
1346:   04FF1814                                                                                evt_exec                255, I_GOSUB, main_14
134A:   090A0700                                                                                sleep                   10, 7
134E:   2E0300                                                                                  work_set                WK_ENEMY, 0
1351:   3F001200                                                                                plc_motion              0, 18, 0
1355:   00                                                                                      nop
1356:   360211000301000000000000                                                                se_on                   2, 17, 259, 0, 0, 0
1362:   2B000D000000                                                                            message_on              0, 13, 0, 0, 0
1368:   090A1800                                                                                sleep                   10, 24
136C:   0B                                                                                      wsleep
136D:   0C                                                                                      wsleeping
136E:   2908                                                                                    cut_chg                 8
1370:   090A1400                                                                                sleep                   10, 20
1374:   2909                                                                                    cut_chg                 9
1376:   181F                                                                                    gosub                   31
1378:   2E0301                                                                                  work_set                WK_ENEMY, 1
137B:   3F020908                                                                                plc_motion              2, 9, 8
137F:   00                                                                                      nop
1380:   04FF1815                                                                                evt_exec                255, I_GOSUB, main_15
1384:   090A0400                                                                                sleep                   10, 4
1388:   2E0100                                                                                  work_set                WK_PLAYER, 0
138B:   3F010110                                                                                plc_motion              1, 1, 16
138F:   00                                                                                      nop
1390:   090A0A00                                                                                sleep                   10, 10
1394:   04FF1818                                                                                evt_exec                255, I_GOSUB, main_18
1398:   1820                                                                                    gosub                   32
139A:   22044401                                                                                set                     4, 68, 1
139E:   2E0300                                                                                  work_set                WK_ENEMY, 0
13A1:   00                                                                                      nop
13A2:   3D1000                                                                                  member_copy             16, 0
13A5:   00                                                                                      nop
13A6:   260005100400                                                                            calc                    0, OP_OR, 16, 4
13AC:   350010                                                                                  member_set2             0, 16
13AF:   00                                                                                      nop
13B0:   2E0100                                                                                  work_set                WK_PLAYER, 0
13B3:   00                                                                                      nop
13B4:   340B4CD2                                                                                member_set              11, 76, 210
13B8:   340FE508                                                                                member_set              15, 229, 8
13BC:   0B                                                                                      wsleep
13BD:   0C                                                                                      wsleeping
13BE:   290A                                                                                    cut_chg                 10
13C0:   090A0A00                                                                                sleep                   10, 10
13C4:   2E0100                                                                                  work_set                WK_PLAYER, 0
13C7:   00                                                                                      nop
13C8:   41040200000000005A50                                                                    plc_neck                4, 2, 0, 0, 90, 80
13D2:   090A0E00                                                                                sleep                   10, 14
13D6:   41040200000000009650                                                                    plc_neck                4, 2, 0, 0, 150, 80
13E0:   090A0A00                                                                                sleep                   10, 10
13E4:   04FF1816                                                                                evt_exec                255, I_GOSUB, main_16
13E8:   090A0A00                                                                                sleep                   10, 10
13EC:   2E0100                                                                                  work_set                WK_PLAYER, 0
13EF:   3F000F10                                                                                plc_motion              0, 15, 16
13F3:   00                                                                                      nop
13F4:   090A0E00                                                                                sleep                   10, 14
13F8:   66                                                                                      plc_stop
13F9:   00                                                                                      nop
13FA:   59000100                                                                                xa_on                   0, 1
13FE:   090A0200                                                                                sleep                   10, 2
1402:   2B0000000000                                                                            message_on              0, 0, 0, 0, 0
1408:   0B                                                                                      wsleep
1409:   0C                                                                                      wsleeping
140A:   59000200                                                                                xa_on                   0, 2
140E:   090A0200                                                                                sleep                   10, 2
1412:   2B000C000000                                                                            message_on              0, 12, 0, 0, 0
1418:   2E0100                                                                                  work_set                WK_PLAYER, 0
141B:   00                                                                                      nop
141C:   41020000000400002020                                                                    plc_neck                2, 0, 1024, 0, 32, 32
1426:   090A3200                                                                                sleep                   10, 50
142A:   3F010690                                                                                plc_motion              1, 6, 144
142E:   41060000000000002020                                                                    plc_neck                6, 0, 0, 0, 32, 32
1438:   5B00                                                                                    plc_cnt                 0
143A:   090A2800                                                                                sleep                   10, 40
143E:   0B                                                                                      wsleep
143F:   0C                                                                                      wsleeping
1440:   2904                                                                                    cut_chg                 4
1442:   3C01                                                                                    cut_auto                1
1444:   090A0A00                                                                                sleep                   10, 10
1448:   090A0A00                                                                                sleep                   10, 10
144C:   2E0301                                                                                  work_set                WK_ENEMY, 1
144F:   00                                                                                      nop
1450:   3200204E204E204E                                                                        pos_set                 0, 20000, 20000, 20000
1458:   66                                                                                      plc_stop
1459:   00                                                                                      nop
145A:   090A1400                                                                                sleep                   10, 20
145E:   460104510900000000FF                                                                    aot_reset               1, SCE_MESSAGE, SAT_PL | SAT_MANUAL | SAT_UNDER, 9, 0, 0, 0, 0, 255
1468:   57000404FF000000                                                                        sce_bgmtbl_set          0, 4, 4, 255, 0
1470:   22043E01                                                                                set                     4, 62, 1
1474:   06000A00                                                                                if                      0, off_1482
1478:   21010101                                                                                ck                      1, 1, 1
147C:   22200201                                                                                set                     32, 2, 1
1480:   08                                                                                      endif
1481:   00                                                                                      nop

off_1482:
1482:   2E0100                                                                                  work_set                WK_PLAYER, 0
1485:   42                                                                                      plc_ret
1486:   22020700                                                                                set                     2, 7, 0
148A:   22011B00                                                                                set                     1, 27, 0
148E:   0100                                                                                    evt_end                 0

.proc main_13
1490:   2E0301                                                                                  work_set                WK_ENEMY, 1
1493:   00                                                                                      nop
1494:   4000052186D06DD8                                                                        plc_dest                0, 5, 33, -12154, -10131
149C:   181D                                                                                    gosub                   29
149E:   400009216EBB09D8                                                                        plc_dest                0, 9, 33, -17554, -10231
14A6:   181D                                                                                    gosub                   29
14A8:   40000521DEAF09D8                                                                        plc_dest                0, 5, 33, -20514, -10231
14B0:   181D                                                                                    gosub                   29
14B2:   4000092158D0AAD7                                                                        plc_dest                0, 9, 33, -12200, -10326
14BA:   181D                                                                                    gosub                   29
14BC:   0100                                                                                    evt_end                 0

.proc main_14
14BE:   2E0100                                                                                  work_set                WK_PLAYER, 0
14C1:   00                                                                                      nop
14C2:   4000052058D0AAD7                                                                        plc_dest                0, 5, 32, -12200, -10326
14CA:   181E                                                                                    gosub                   30
14CC:   4000152037085A00                                                                        plc_dest                0, 21, 32, 2103, 90
14D4:   181E                                                                                    gosub                   30
14D6:   3F001100                                                                                plc_motion              0, 17, 0
14DA:   090A0F00                                                                                sleep                   10, 15
14DE:   22050001                                                                                set                     5, 0, 1
14E2:   0100                                                                                    evt_end                 0

.proc main_15
14E4:   36020A000301000000000000                                                                se_on                   2, 10, 259, 0, 0, 0
14F0:   3A0018000000001035D5B4F6F0D80000                                                        sce_espr_on             0, 24, 0, 4096, -10955, -2380, -10000, 0
1500:   02                                                                                      evt_next
1501:   00                                                                                      nop
1502:   36020B000301000000000000                                                                se_on                   2, 11, 259, 0, 0, 0
150E:   090A0900                                                                                sleep                   10, 9
1512:   36020F000100000000000000                                                                se_on                   2, 15, 1, 0, 0, 0
151E:   090A0200                                                                                sleep                   10, 2
1522:   2B0001000000                                                                            message_on              0, 1, 0, 0, 0
1528:   36020A000301000000000000                                                                se_on                   2, 10, 259, 0, 0, 0
1534:   3A0018000000001035D50CF96CD50000                                                        sce_espr_on             0, 24, 0, 4096, -10955, -1780, -10900, 0
1544:   02                                                                                      evt_next
1545:   00                                                                                      nop
1546:   36020B000301000000000000                                                                se_on                   2, 11, 259, 0, 0, 0
1552:   090A0500                                                                                sleep                   10, 5
1556:   0100                                                                                    evt_end                 0

.proc main_16
1558:   36020A000301000000000000                                                                se_on                   2, 10, 259, 0, 0, 0
1564:   090A0200                                                                                sleep                   10, 2
1568:   36020B000301000000000000                                                                se_on                   2, 11, 259, 0, 0, 0
1574:   090A0900                                                                                sleep                   10, 9
1578:   36020A000301000000000000                                                                se_on                   2, 10, 259, 0, 0, 0
1584:   090A0200                                                                                sleep                   10, 2
1588:   36020B000301000000000000                                                                se_on                   2, 11, 259, 0, 0, 0
1594:   090A0500                                                                                sleep                   10, 5
1598:   04FF1817                                                                                evt_exec                255, I_GOSUB, main_17
159C:   0100                                                                                    evt_end                 0

.proc main_17
159E:   36021D000301000000000000                                                                se_on                   2, 29, 259, 0, 0, 0
15AA:   090A0C00                                                                                sleep                   10, 12
15AE:   36021D000301000000000000                                                                se_on                   2, 29, 259, 0, 0, 0
15BA:   090A0C00                                                                                sleep                   10, 12
15BE:   36021D000301000000000000                                                                se_on                   2, 29, 259, 0, 0, 0
15CA:   090A0C00                                                                                sleep                   10, 12
15CE:   36021D000301000000000000                                                                se_on                   2, 29, 259, 0, 0, 0
15DA:   090A0C00                                                                                sleep                   10, 12
15DE:   36020D000301000000000000                                                                se_on                   2, 13, 259, 0, 0, 0
15EA:   090A1E00                                                                                sleep                   10, 30
15EE:   36020E000301000000000000                                                                se_on                   2, 14, 259, 0, 0, 0
15FA:   0100                                                                                    evt_end                 0

.proc main_18
15FC:   2E0300                                                                                  work_set                WK_ENEMY, 0
15FF:   00                                                                                      nop
1600:   32006ACE0000B7E6                                                                        pos_set                 0, -12694, 0, -6473
1608:   340FF807                                                                                member_set              15, 248, 7
160C:   2F02A2FE                                                                                speed_set               2, -350
1610:   2F080900                                                                                speed_set               8, 9
1614:   2F01B0FF                                                                                speed_set               1, -80
1618:   2F070500                                                                                speed_set               7, 5
161C:   3F001300                                                                                plc_motion              0, 19, 0
1620:   090A0500                                                                                sleep                   10, 5
1624:   0D0006000A00                                                                            for                     0, off_1630, 10
162A:   30                                                                                      add_speed
162B:   31                                                                                      add_aspeed
162C:   02                                                                                      evt_next
162D:   00                                                                                      nop
162E:   0E00                                                                                    next                    0

off_1630:
1630:   04FF1819                                                                                evt_exec                255, I_GOSUB, main_19
1634:   11000C00                                                                                do                      0, off_1644
1638:   30                                                                                      add_speed
1639:   31                                                                                      add_aspeed
163A:   02                                                                                      evt_next
163B:   00                                                                                      nop
163C:   1206                                                                                    edwhile                 off_1644
163E:   3E000C030000                                                                            member_cmp              0, 12, 3, 0, 0

off_1644:
1644:   36020C000100000000000000                                                                se_on                   2, 12, 1, 0, 0, 0
1650:   22050101                                                                                set                     5, 1, 1
1654:   0100                                                                                    evt_end                 0

.proc main_19
1656:   2E0300                                                                                  work_set                WK_ENEMY, 0
1659:   00                                                                                      nop
165A:   3D1007                                                                                  member_copy             16, 7
165D:   00                                                                                      nop
165E:   260005100001                                                                            calc                    0, OP_OR, 16, 256
1664:   350710                                                                                  member_set2             7, 16
1667:   00                                                                                      nop
1668:   36020A000301000000000000                                                                se_on                   2, 10, 259, 0, 0, 0
1674:   3A000006C800001038FF640000003408                                                        sce_espr_on             0, 1536, 200, 4096, -200, 100, 0, 2100
1684:   8A0008000000                                                                            nop_8a                  0, 8, 0, 0, 0
168A:   8BB401000000                                                                            nop_8b                  180, 1, 0, 0, 0
1690:   8BFA05000100                                                                            nop_8b                  250, 5, 0, 1, 0
1696:   02                                                                                      evt_next
1697:   00                                                                                      nop
1698:   3A000006C800001038FF640000003408                                                        sce_espr_on             0, 1536, 200, 4096, -200, 100, 0, 2100
16A8:   3A000001C800001038FF640000003408                                                        sce_espr_on             0, 256, 200, 4096, -200, 100, 0, 2100
16B8:   360210000300000000000000                                                                se_on                   2, 16, 3, 0, 0, 0
16C4:   2E0100                                                                                  work_set                WK_PLAYER, 0
16C7:   00                                                                                      nop
16C8:   2F020BFF                                                                                speed_set               2, -245
16CC:   2F080A00                                                                                speed_set               8, 10
16D0:   2F01A6FF                                                                                speed_set               1, -90
16D4:   2F070A00                                                                                speed_set               7, 10
16D8:   3F001000                                                                                plc_motion              0, 16, 0
16DC:   11000C00                                                                                do                      0, off_16EC
16E0:   30                                                                                      add_speed
16E1:   31                                                                                      add_aspeed
16E2:   02                                                                                      evt_next
16E3:   00                                                                                      nop
16E4:   1206                                                                                    edwhile                 off_16EC
16E6:   3E000C030000                                                                            member_cmp              0, 12, 3, 0, 0

off_16EC:
16EC:   0100                                                                                    evt_end                 0

.proc main_1A
16EE:   22020701                                                                                set                     2, 7, 1
16F2:   22011B01                                                                                set                     1, 27, 1
16F6:   02                                                                                      evt_next
16F7:   290A                                                                                    cut_chg                 10
16F9:   2E0100                                                                                  work_set                WK_PLAYER, 0
16FC:   3D1000                                                                                  member_copy             16, 0
16FF:   00                                                                                      nop
1700:   260005100800                                                                            calc                    0, OP_OR, 16, 8
1706:   260005100004                                                                            calc                    0, OP_OR, 16, 1024
170C:   350010                                                                                  member_set2             0, 16
170F:   00                                                                                      nop
1710:   3200F3CDFA00D0CD                                                                        pos_set                 0, -12813, 250, -12848
1718:   340F0000                                                                                member_set              15, 0, 0
171C:   3F001144                                                                                plc_motion              0, 17, 68
1720:   090A0200                                                                                sleep                   10, 2
1724:   59000300                                                                                xa_on                   0, 3
1728:   41040200000000002850                                                                    plc_neck                4, 2, 0, 0, 40, 80
1732:   090A1E00                                                                                sleep                   10, 30
1736:   41040200000000005050                                                                    plc_neck                4, 2, 0, 0, 80, 80
1740:   090A5A00                                                                                sleep                   10, 90
1744:   41020000000000FC2828                                                                    plc_neck                2, 0, 0, -1024, 40, 40
174E:   0B                                                                                      wsleep
174F:   0C                                                                                      wsleeping
1750:   41060000000000002828                                                                    plc_neck                6, 0, 0, 0, 40, 40
175A:   3F001400                                                                                plc_motion              0, 20, 0
175E:   5B12                                                                                    plc_cnt                 18
1760:   090A1900                                                                                sleep                   10, 25
1764:   3D1000                                                                                  member_copy             16, 0
1767:   00                                                                                      nop
1768:   26000610FFFF                                                                            calc                    0, OP_AND, 16, -1
176E:   260007100004                                                                            calc                    0, OP_XOR, 16, 1024
1774:   350010                                                                                  member_set2             0, 16
1777:   00                                                                                      nop
1778:   090A2D00                                                                                sleep                   10, 45
177C:   2904                                                                                    cut_chg                 4
177E:   320034CF0000D0CD                                                                        pos_set                 0, -12492, 0, -12848
1786:   3F020204                                                                                plc_motion              2, 2, 4
178A:   340C0000                                                                                member_set              12, 0, 0
178E:   3C01                                                                                    cut_auto                1
1790:   090A1E00                                                                                sleep                   10, 30
1794:   3D1000                                                                                  member_copy             16, 0
1797:   00                                                                                      nop
1798:   26000610FFFF                                                                            calc                    0, OP_AND, 16, -1
179E:   260007100800                                                                            calc                    0, OP_XOR, 16, 8
17A4:   350010                                                                                  member_set2             0, 16
17A7:   00                                                                                      nop
17A8:   42                                                                                      plc_ret
17A9:   22044400                                                                                set                     4, 68, 0
17AD:   22020700                                                                                set                     2, 7, 0
17B1:   22011B00                                                                                set                     1, 27, 0
17B5:   00                                                                                      nop
17B6:   0100                                                                                    evt_end                 0

.proc main_1B
17B8:   06001C00                                                                                if                      0, off_17D8
17BC:   21010301                                                                                ck                      1, 3, 1
17C0:   4400FF41000C001F00FF069A000051DA740000000000                                            sce_em_set              0, 255, ENEMY_ADAWONG1, 0, 12, 0, 31, 0, 255, -26106, 0, -9647, 116, 0, 0
17D6:   08                                                                                      endif
17D7:   00                                                                                      nop

off_17D8:
17D8:   0100                                                                                    evt_end                 0

.proc main_1C
17DA:   530202070010                                                                            sce_fade_set            2, 2, 7, 0, 16
17E0:   0D0008000200                                                                            for                     0, off_17EE, 2
17E6:   7402FF7F                                                                                sce_fade_adjust         2, 255, 127
17EA:   02                                                                                      evt_next
17EB:   00                                                                                      nop
17EC:   0E00                                                                                    next                    0

off_17EE:
17EE:   5302020700FC                                                                            sce_fade_set            2, 2, 7, 0, 252
17F4:   0100                                                                                    evt_end                 0

.proc main_1D
17F6:   11000800                                                                                do                      0, off_1802
17FA:   02                                                                                      evt_next
17FB:   00                                                                                      nop
17FC:   1204                                                                                    edwhile                 off_1802
17FE:   21052100                                                                                ck                      5, 33, 0

off_1802:
1802:   0100                                                                                    evt_end                 0

.proc main_1E
1804:   11000800                                                                                do                      0, off_1810
1808:   02                                                                                      evt_next
1809:   00                                                                                      nop
180A:   1204                                                                                    edwhile                 off_1810
180C:   21052000                                                                                ck                      5, 32, 0

off_1810:
1810:   0100                                                                                    evt_end                 0

.proc main_1F
1812:   11000800                                                                                do                      0, off_181E
1816:   02                                                                                      evt_next
1817:   00                                                                                      nop
1818:   1204                                                                                    edwhile                 off_181E
181A:   21050000                                                                                ck                      5, 0, 0

off_181E:
181E:   22050000                                                                                set                     5, 0, 0
1822:   0100                                                                                    evt_end                 0

.proc main_20
1824:   11000800                                                                                do                      0, off_1830
1828:   02                                                                                      evt_next
1829:   00                                                                                      nop
182A:   1204                                                                                    edwhile                 off_1830
182C:   21050100                                                                                ck                      5, 1, 0

off_1830:
1830:   22050100                                                                                set                     5, 1, 0
1834:   0100                                                                                    evt_end                 0

.proc main_21
1836:   11000800                                                                                do                      0, off_1842
183A:   02                                                                                      evt_next
183B:   00                                                                                      nop
183C:   1204                                                                                    edwhile                 off_1842
183E:   21050200                                                                                ck                      5, 2, 0

off_1842:
1842:   22050200                                                                                set                     5, 2, 0
1846:   0100                                                                                    evt_end                 0
