.version 2

.init
.proc init
0E2E:   3B00013100009C8F91F29808F00A74F5000088B2ECF7030704000A0000000000                        door_aot_se             ID_AOT_0, SCE_DOOR, SAT_PL | SAT_MANUAL | SAT_FRONT, 0, 0, -28772, -3439, 2200, 2800, -2700, 0, -19832, -2068, 3, 7, 4, 0, 10, 0, 0, 0, UNLOCKED, 0
0E4E:   3B010131010048D926C512072E0911990000A6D794EF03040000230100000000                        door_aot_se             ID_AOT_1, SCE_DOOR, SAT_PL | SAT_MANUAL | SAT_FRONT, 1, 0, -9912, -15066, 1810, 2350, -26351, 0, -10330, -4204, 3, 4, 0, 0, 35, 1, 0, 0, UNLOCKED, 0
0E6E:   3B020131070086B9B2A7AC085A0570E10000CC9DD007030B0000160400000000                        door_aot_se             ID_AOT_2, SCE_DOOR, SAT_PL | SAT_MANUAL | SAT_FRONT, 7, 0, -18042, -22606, 2220, 1370, -7824, 0, -25140, 2000, 3, 11, 0, 0, 22, 4, 0, 0, UNLOCKED, 0
0E8E:   0100                                                                                    evt_end                 0

.main
.proc main
0EA8:   2E0100                                                                                  work_set                WK_PLAYER, 0
0EAB:   00                                                                                      nop
0EAC:   06001400                                                                                if                      0, off_0EC4
0EB0:   3E0006000E00                                                                            member_cmp              0, 6, 0, 14, 0
0EB6:   221E0001                                                                                set                     FG_RBJ_SET, 0, 1
0EBA:   221E0201                                                                                set                     FG_RBJ_SET, 2, 1
0EBE:   6C                                                                                      rbj_reset
0EBF:   00                                                                                      nop
0EC0:   07000C00                                                                                else                    0, off_0ECC

off_0EC4:
0EC4:   221E0101                                                                                set                     FG_RBJ_SET, 1, 1
0EC8:   6C                                                                                      rbj_reset
0EC9:   00                                                                                      nop
0ECA:   00                                                                                      nop
0ECB:   00                                                                                      nop

off_0ECC:
0ECC:   06004000                                                                                if                      0, off_0F10
0ED0:   23001B000404                                                                            cmp                     0, V_LAST_RDT, CMP_EQ, 1028
0ED6:   2E0100                                                                                  work_set                WK_PLAYER, 0
0ED9:   00                                                                                      nop
0EDA:   06003000                                                                                if                      0, off_0F0E
0EDE:   3E0006000E00                                                                            member_cmp              0, 6, 0, 14, 0
0EE4:   22042001                                                                                set                     FG_COMMON, 32, 1
0EE8:   06002000                                                                                if                      0, off_0F0C
0EEC:   21047900                                                                                ck                      FG_COMMON, 121, 0
0EF0:   440007470040000000FF72C8000017BF000400000000                                            sce_em_set              0, ID_EM_7, ENEMY_ANNETTEBIRKIN_1, 0, AI_40, 0, SBK_0, 0, 255, -14222, 0, -16617, 1024, 0, 0
0F06:   04FF180B                                                                                evt_exec                255, I_GOSUB, main_0B
0F0A:   08                                                                                      endif
0F0B:   00                                                                                      nop

off_0F0C:
0F0C:   08                                                                                      endif
0F0D:   00                                                                                      nop

off_0F0E:
0F0E:   08                                                                                      endif
0F0F:   00                                                                                      nop

off_0F10:
0F10:   06005A00                                                                                if                      0, off_0F6E
0F14:   3E0006050E00                                                                            member_cmp              0, 6, 5, 14, 0
0F1A:   4E060231010074DCD4957E09AA0549000100BE00FF01                                            item_aot_set            ID_AOT_6, SCE_ITEM, SAT_PL | SAT_MANUAL | SAT_FRONT, 1, 0, -9100, -27180, 2430, 1450, ITEM_WOLFMEDAL, 1, 190, ID_OBJ_255, IF_FLOOR
0F30:   06001E00                                                                                if                      0, off_0F52
0F34:   21010101                                                                                ck                      FG_STATUS, F_SCENARIO, 1
0F38:   4E0702310100CEDC649C520846051F000100BF00FF01                                            item_aot_set            ID_AOT_7, SCE_ITEM, SAT_PL | SAT_MANUAL | SAT_FRONT, 1, 0, -9010, -25500, 2130, 1350, ITEM_SMALLKEY, 1, 191, ID_OBJ_255, IF_FLOOR
0F4E:   07001C00                                                                                else                    0, off_0F6A

off_0F52:
0F52:   4E0702310100CEDC649C5208460515000700BF00FF01                                            item_aot_set            ID_AOT_7, SCE_ITEM, SAT_PL | SAT_MANUAL | SAT_FRONT, 1, 0, -9010, -25500, 2130, 1350, ITEM_SHOTGUNAMMO, 7, 191, ID_OBJ_255, IF_FLOOR
0F68:   00                                                                                      nop
0F69:   00                                                                                      nop

off_0F6A:
0F6A:   07002E00                                                                                else                    0, off_0F98

off_0F6E:
0F6E:   2C0504310000B6DE0DEA7C06D80407000000FFFF                                                aot_set                 ID_AOT_5, SCE_MESSAGE, SAT_PL | SAT_MANUAL | SAT_FRONT, 0, 0, -8522, -5619, 1660, 1240, ID_MSG_7, 0, 0, 0, 255, 255
0F82:   2C060431010074DCD4957E09AA0508000000FFFF                                                aot_set                 ID_AOT_6, SCE_MESSAGE, SAT_PL | SAT_MANUAL | SAT_FRONT, 1, 0, -9100, -27180, 2430, 1450, ID_MSG_8, 0, 0, 0, 255, 255
0F96:   00                                                                                      nop
0F97:   00                                                                                      nop

off_0F98:
0F98:   06006C00                                                                                if                      0, off_1008
0F9C:   21010301                                                                                ck                      FG_STATUS, 3, 1
0FA0:   06001E00                                                                                if                      0, off_0FC2
0FA4:   23001B000404                                                                            cmp                     0, V_LAST_RDT, CMP_EQ, 1028
0FAA:   4400FF410004011F00FFC7CFF8F8FBCB18F800000000                                            sce_em_set              0, ID_EM_255, ENEMY_ADA_WONG_1, 0, AI_04, 1, SBK_31, 0, 255, -12345, -1800, -13317, -2024, 0, 0
0FC0:   08                                                                                      endif
0FC1:   00                                                                                      nop

off_0FC2:
0FC2:   06001E00                                                                                if                      0, off_0FE4
0FC6:   23001B000704                                                                            cmp                     0, V_LAST_RDT, CMP_EQ, 1031
0FCC:   4400FF410004001F00FF679F000063F5040000000000                                            sce_em_set              0, ID_EM_255, ENEMY_ADA_WONG_1, 0, AI_04, 0, SBK_31, 0, 255, -24729, 0, -2717, 4, 0, 0
0FE2:   08                                                                                      endif
0FE3:   00                                                                                      nop

off_0FE4:
0FE4:   06001E00                                                                                if                      0, off_1006
0FE8:   23001B000B04                                                                            cmp                     0, V_LAST_RDT, CMP_EQ, 1035
0FEE:   4400FF410004001F00FF27CB000013AF040000000000                                            sce_em_set              0, ID_EM_255, ENEMY_ADA_WONG_1, 0, AI_04, 0, SBK_31, 0, 255, -13529, 0, -20717, 4, 0, 0
1004:   08                                                                                      endif
1005:   00                                                                                      nop

off_1006:
1006:   08                                                                                      endif
1007:   00                                                                                      nop

off_1008:
1008:   1802                                                                                    gosub                   main_02
100A:   1803                                                                                    gosub                   main_03
100C:   0100                                                                                    evt_end                 0

.proc aot
100E:   2E0100                                                                                  work_set                WK_PLAYER, 0
1011:   00                                                                                      nop
1012:   06001200                                                                                if                      0, off_1028
1016:   3E0006000E00                                                                            member_cmp              0, 6, 0, 14, 0
101C:   4600043100000000FFFF                                                                    aot_reset               ID_AOT_0, SCE_MESSAGE, SAT_PL | SAT_MANUAL | SAT_FRONT, ID_MSG_0, 0, 0, 0, 255, 255
1026:   08                                                                                      endif
1027:   00                                                                                      nop

off_1028:
1028:   1804                                                                                    gosub                   main_04
102A:   0100                                                                                    evt_end                 0

.proc main_02
102C:   06004E01                                                                                if                      0, off_117E
1030:   2108B801                                                                                ck                      FG_ITEM, 184, 1
1034:   06009A00                                                                                if                      0, off_10D2
1038:   2104BD01                                                                                ck                      FG_COMMON, 189, 1
103C:   06004A00                                                                                if                      0, off_108A
1040:   21047600                                                                                ck                      FG_COMMON, 118, 0
1044:   44000012000000250042F8AD0000E8EF570D00000000                                            sce_em_set              0, ID_EM_0, ENEMY_ZOMBIE_GUY1, 0, AI_DEFAULT, 0, SBK_37, 0, 66, -21000, 0, -4120, 3415, 0, 0
105A:   4400011200000025004308D50000D8F5D80400000000                                            sce_em_set              0, ID_EM_1, ENEMY_ZOMBIE_GUY1, 0, AI_DEFAULT, 0, SBK_37, 0, 67, -11000, 0, -2600, 1240, 0, 0
1070:   44000212000000250044DCC90000F8DF080500000000                                            sce_em_set              0, ID_EM_2, ENEMY_ZOMBIE_GUY1, 0, AI_DEFAULT, 0, SBK_37, 0, 68, -13860, 0, -8200, 1288, 0, 0
1086:   07004800                                                                                else                    0, off_10CE

off_108A:
108A:   44000012000000030042F8AD0000E8EF570D00000000                                            sce_em_set              0, ID_EM_0, ENEMY_ZOMBIE_GUY1, 0, AI_DEFAULT, 0, SBK_3, 0, 66, -21000, 0, -4120, 3415, 0, 0
10A0:   4400011200000003004308D50000D8F5D80400000000                                            sce_em_set              0, ID_EM_1, ENEMY_ZOMBIE_GUY1, 0, AI_DEFAULT, 0, SBK_3, 0, 67, -11000, 0, -2600, 1240, 0, 0
10B6:   44000212000000030044DCC90000F8DF080500000000                                            sce_em_set              0, ID_EM_2, ENEMY_ZOMBIE_GUY1, 0, AI_DEFAULT, 0, SBK_3, 0, 68, -13860, 0, -8200, 1288, 0, 0
10CC:   00                                                                                      nop
10CD:   00                                                                                      nop

off_10CE:
10CE:   0700AC00                                                                                else                    0, off_117A

off_10D2:
10D2:   2C12054100006CBC82E7F014D818FF00180A0000                                                aot_set                 ID_AOT_18, SCE_EVENT, SAT_PL | SAT_UNDER, 0, 0, -17300, -6270, 5360, 6360, 255, 0, I_GOSUB, main_0A, 0, 0
10E6:   06004A00                                                                                if                      0, off_1134
10EA:   21047600                                                                                ck                      FG_COMMON, 118, 0
10EE:   44000012024000250042F8AD0000E8EF570D00000000                                            sce_em_set              0, ID_EM_0, ENEMY_ZOMBIE_GUY1, 2, AI_40, 0, SBK_37, 0, 66, -21000, 0, -4120, 3415, 0, 0
1104:   4400011204400025004308D50000D8F5D80400000000                                            sce_em_set              0, ID_EM_1, ENEMY_ZOMBIE_GUY1, 4, AI_40, 0, SBK_37, 0, 67, -11000, 0, -2600, 1240, 0, 0
111A:   44000212044000250044DCC90000F8DF080500000000                                            sce_em_set              0, ID_EM_2, ENEMY_ZOMBIE_GUY1, 4, AI_40, 0, SBK_37, 0, 68, -13860, 0, -8200, 1288, 0, 0
1130:   07004800                                                                                else                    0, off_1178

off_1134:
1134:   44000012024000030042F8AD0000E8EF570D00000000                                            sce_em_set              0, ID_EM_0, ENEMY_ZOMBIE_GUY1, 2, AI_40, 0, SBK_3, 0, 66, -21000, 0, -4120, 3415, 0, 0
114A:   4400011204400003004308D50000D8F5D80400000000                                            sce_em_set              0, ID_EM_1, ENEMY_ZOMBIE_GUY1, 4, AI_40, 0, SBK_3, 0, 67, -11000, 0, -2600, 1240, 0, 0
1160:   44000212044000030044DCC90000F8DF080500000000                                            sce_em_set              0, ID_EM_2, ENEMY_ZOMBIE_GUY1, 4, AI_40, 0, SBK_3, 0, 68, -13860, 0, -8200, 1288, 0, 0
1176:   00                                                                                      nop
1177:   00                                                                                      nop

off_1178:
1178:   00                                                                                      nop
1179:   00                                                                                      nop

off_117A:
117A:   07003200                                                                                else                    0, off_11AC

off_117E:
117E:   440000254B000110001FE8BBF0F12DECF80F00000000                                            sce_em_set              0, ID_EM_0, ENEMY_SPIDER, 75, AI_DEFAULT, 1, SBK_16, 0, 31, -17432, -3600, -5075, 4088, 0, 0
1194:   44000125430000100020DFC8E0E330F7E00700000000                                            sce_em_set              0, ID_EM_1, ENEMY_SPIDER, 67, AI_DEFAULT, 0, SBK_16, 0, 32, -14113, -7200, -2256, 2016, 0, 0
11AA:   00                                                                                      nop
11AB:   00                                                                                      nop

off_11AC:
11AC:   0100                                                                                    evt_end                 0

.proc main_03
11AE:   2C110531000086B9B2A7AC085A05FF0018090000                                                aot_set                 ID_AOT_17, SCE_EVENT, SAT_PL | SAT_MANUAL | SAT_FRONT, 0, 0, -18042, -22606, 2220, 1370, 255, 0, I_GOSUB, main_09, 0, 0
11C2:   06009E00                                                                                if                      0, off_1264
11C6:   21047600                                                                                ck                      FG_COMMON, 118, 0
11CA:   5D06                                                                                    mizu_div_set            6
11CC:   2D0001820407000006000A001A00C297F0FBA0FF000000040000000000000000000000000000            obj_model_set           ID_OBJ_0, 1, 130, 4, 7, 0, 6, 10, 26, -26686, -1040, -96, 0, 1024, 0, 0, 0, 0, 0, 0, 0, 0, 0
11F2:   2D0101820407000007000A001A00C3C0F0FB8C96000000000000000000000000000000000000            obj_model_set           ID_OBJ_1, 1, 130, 4, 7, 0, 7, 10, 26, -16189, -1040, -26996, 0, 0, 0, 0, 0, 0, 0, 0, 0, 0, 0
1218:   2C03074F00003891C0EA5E560235F0FB00000000                                                aot_set                 ID_AOT_3, SCE_WATER, SAT_PL | SAT_EM | SAT_SPL | SAT_OB | SAT_UNDER, 0, 0, -28360, -5440, 22110, 13570, 240, 251, 0, 0, 0, 0
122C:   2C04074F0000CAB8FA929E16465AF0FB00000000                                                aot_set                 ID_AOT_4, SCE_WATER, SAT_PL | SAT_EM | SAT_SPL | SAT_OB | SAT_UNDER, 0, 0, -18230, -27910, 5790, 23110, 240, 251, 0, 0, 0, 0
1240:   64011C01000000108CB3D6F16DEA000C                                                        sce_espr_on2            1, 28, 1, 0, 0, 0, 16, 140, 179, 214, 241, 109, 234, 0, 12
1250:   64021C01000000108CB3D6F16DEA000C                                                        sce_espr_on2            2, 28, 1, 0, 0, 0, 16, 140, 179, 214, 241, 109, 234, 0, 12
1260:   07002E00                                                                                else                    0, off_128E

off_1264:
1264:   2C0C04310000CA9506EBAC0D820506000000FFFF                                                aot_set                 ID_AOT_12, SCE_MESSAGE, SAT_PL | SAT_MANUAL | SAT_FRONT, 0, 0, -27190, -5370, 3500, 1410, ID_MSG_6, 0, 0, 0, 255, 255
1278:   2C0D043100006ABE86931806BE0A07000000FFFF                                                aot_set                 ID_AOT_13, SCE_MESSAGE, SAT_PL | SAT_MANUAL | SAT_FRONT, 0, 0, -16790, -27770, 1560, 2750, ID_MSG_7, 0, 0, 0, 255, 255
128C:   00                                                                                      nop
128D:   00                                                                                      nop

off_128E:
128E:   2D0200000000000000000A001000A6C0D8E5B6AA000400000000000000000000000000000000            obj_model_set           ID_OBJ_2, 0, 0, 0, 0, 0, 0, 10, 16, -16218, -6696, -21834, 1024, 0, 0, 0, 0, 0, 0, 0, 0, 0, 0
12B4:   06001600                                                                                if                      0, off_12CE
12B8:   21042000                                                                                ck                      FG_COMMON, 32, 0
12BC:   4611043101000000FFFF                                                                    aot_reset               ID_AOT_17, SCE_MESSAGE, SAT_PL | SAT_MANUAL | SAT_FRONT, ID_MSG_1, 0, 0, 0, 255, 255
12C6:   04FF1808                                                                                evt_exec                255, I_GOSUB, main_08
12CA:   07000A00                                                                                else                    0, off_12D4

off_12CE:
12CE:   04FF1807                                                                                evt_exec                255, I_GOSUB, main_07
12D2:   00                                                                                      nop
12D3:   00                                                                                      nop

off_12D4:
12D4:   2C08043100004CE13EEABA09121602000000FFFF                                                aot_set                 ID_AOT_8, SCE_MESSAGE, SAT_PL | SAT_MANUAL | SAT_FRONT, 0, 0, -7860, -5570, 2490, 5650, ID_MSG_2, 0, 0, 0, 255, 255
12E8:   2C09043100007EBE0290B211080703000000FFFF                                                aot_set                 ID_AOT_9, SCE_MESSAGE, SAT_PL | SAT_MANUAL | SAT_FRONT, 0, 0, -16770, -28670, 4530, 1800, ID_MSG_3, 0, 0, 0, 255, 255
12FC:   2C0A04310000FECF76E9840D1A0404000000FFFF                                                aot_set                 ID_AOT_10, SCE_MESSAGE, SAT_PL | SAT_MANUAL | SAT_FRONT, 0, 0, -12290, -5770, 3460, 1050, ID_MSG_4, 0, 0, 0, 255, 255
1310:   2C0B04310000DECC1ABED007E20405000000FFFF                                                aot_set                 ID_AOT_11, SCE_MESSAGE, SAT_PL | SAT_MANUAL | SAT_FRONT, 0, 0, -13090, -16870, 2000, 1250, ID_MSG_5, 0, 0, 0, 255, 255
1324:   0100                                                                                    evt_end                 0

.proc main_04
1326:   06001600                                                                                if                      0, off_1340
132A:   23001A000700                                                                            cmp                     0, V_CUT, CMP_EQ, 7
1330:   2E0402                                                                                  work_set                WK_OBJECT, ID_OBJ_2
1333:   00                                                                                      nop
1334:   3200A6C0D8E5B6AA                                                                        pos_set                 0, -16218, -6696, -21834
133C:   07001200                                                                                else                    0, off_134E

off_1340:
1340:   2E0402                                                                                  work_set                WK_OBJECT, ID_OBJ_2
1343:   00                                                                                      nop
1344:   3200A6C0E0B1B6AA                                                                        pos_set                 0, -16218, -20000, -21834
134C:   00                                                                                      nop
134D:   00                                                                                      nop

off_134E:
134E:   1805                                                                                    gosub                   main_05
1350:   0100                                                                                    evt_end                 0

.proc main_05

off_1352:
1352:   06004E01                                                                                if                      0, off_14A4
1356:   21042000                                                                                ck                      FG_COMMON, 32, 0
135A:   131A4201                                                                                switch                  26, off_14A0
135E:   14001A000000                                                                            case                    0, off_137E, 0
1364:   510000015A40                                                                            sce_bgm_control         BGM_CHANNEL_MAIN, BGM_OP_NOP, BGM_TYPE_PROG0_VOL, 90, 64
136A:   510000025028                                                                            sce_bgm_control         BGM_CHANNEL_MAIN, BGM_OP_NOP, BGM_TYPE_PROG1_VOL, 80, 40
1370:   510000030040                                                                            sce_bgm_control         BGM_CHANNEL_MAIN, BGM_OP_NOP, BGM_TYPE_PROG2_VOL, 0, 64
1376:   510100010128                                                                            sce_bgm_control         BGM_CHANNEL_SUB0, BGM_OP_NOP, BGM_TYPE_PROG0_VOL, 1, 40
137C:   1A00                                                                                    break                   0

off_137E:
137E:   14001A000100                                                                            case                    0, off_139E, 1
1384:   510000015A40                                                                            sce_bgm_control         BGM_CHANNEL_MAIN, BGM_OP_NOP, BGM_TYPE_PROG0_VOL, 90, 64
138A:   510000024632                                                                            sce_bgm_control         BGM_CHANNEL_MAIN, BGM_OP_NOP, BGM_TYPE_PROG1_VOL, 70, 50
1390:   510000030040                                                                            sce_bgm_control         BGM_CHANNEL_MAIN, BGM_OP_NOP, BGM_TYPE_PROG2_VOL, 0, 64
1396:   510100010128                                                                            sce_bgm_control         BGM_CHANNEL_SUB0, BGM_OP_NOP, BGM_TYPE_PROG0_VOL, 1, 40
139C:   1A00                                                                                    break                   0

off_139E:
139E:   14001A000200                                                                            case                    0, off_13BE, 2
13A4:   510000015A40                                                                            sce_bgm_control         BGM_CHANNEL_MAIN, BGM_OP_NOP, BGM_TYPE_PROG0_VOL, 90, 64
13AA:   510000025A50                                                                            sce_bgm_control         BGM_CHANNEL_MAIN, BGM_OP_NOP, BGM_TYPE_PROG1_VOL, 90, 80
13B0:   510000030040                                                                            sce_bgm_control         BGM_CHANNEL_MAIN, BGM_OP_NOP, BGM_TYPE_PROG2_VOL, 0, 64
13B6:   510100010040                                                                            sce_bgm_control         BGM_CHANNEL_SUB0, BGM_OP_NOP, BGM_TYPE_PROG0_VOL, 0, 64
13BC:   1A00                                                                                    break                   0

off_13BE:
13BE:   14001A000300                                                                            case                    0, off_13DE, 3
13C4:   510000015A40                                                                            sce_bgm_control         BGM_CHANNEL_MAIN, BGM_OP_NOP, BGM_TYPE_PROG0_VOL, 90, 64
13CA:   510000023C46                                                                            sce_bgm_control         BGM_CHANNEL_MAIN, BGM_OP_NOP, BGM_TYPE_PROG1_VOL, 60, 70
13D0:   510000030040                                                                            sce_bgm_control         BGM_CHANNEL_MAIN, BGM_OP_NOP, BGM_TYPE_PROG2_VOL, 0, 64
13D6:   510100010150                                                                            sce_bgm_control         BGM_CHANNEL_SUB0, BGM_OP_NOP, BGM_TYPE_PROG0_VOL, 1, 80
13DC:   1A00                                                                                    break                   0

off_13DE:
13DE:   14001A000400                                                                            case                    0, off_13FE, 4
13E4:   510000015A40                                                                            sce_bgm_control         BGM_CHANNEL_MAIN, BGM_OP_NOP, BGM_TYPE_PROG0_VOL, 90, 64
13EA:   51000002505A                                                                            sce_bgm_control         BGM_CHANNEL_MAIN, BGM_OP_NOP, BGM_TYPE_PROG1_VOL, 80, 90
13F0:   510000030040                                                                            sce_bgm_control         BGM_CHANNEL_MAIN, BGM_OP_NOP, BGM_TYPE_PROG2_VOL, 0, 64
13F6:   510100013240                                                                            sce_bgm_control         BGM_CHANNEL_SUB0, BGM_OP_NOP, BGM_TYPE_PROG0_VOL, 50, 64
13FC:   1A00                                                                                    break                   0

off_13FE:
13FE:   14001A000500                                                                            case                    0, off_141E, 5
1404:   510000015A40                                                                            sce_bgm_control         BGM_CHANNEL_MAIN, BGM_OP_NOP, BGM_TYPE_PROG0_VOL, 90, 64
140A:   510000023240                                                                            sce_bgm_control         BGM_CHANNEL_MAIN, BGM_OP_NOP, BGM_TYPE_PROG1_VOL, 50, 64
1410:   510000030040                                                                            sce_bgm_control         BGM_CHANNEL_MAIN, BGM_OP_NOP, BGM_TYPE_PROG2_VOL, 0, 64
1416:   510100015046                                                                            sce_bgm_control         BGM_CHANNEL_SUB0, BGM_OP_NOP, BGM_TYPE_PROG0_VOL, 80, 70
141C:   1A00                                                                                    break                   0

off_141E:
141E:   14001A000600                                                                            case                    0, off_143E, 6
1424:   510000015A40                                                                            sce_bgm_control         BGM_CHANNEL_MAIN, BGM_OP_NOP, BGM_TYPE_PROG0_VOL, 90, 64
142A:   510000023214                                                                            sce_bgm_control         BGM_CHANNEL_MAIN, BGM_OP_NOP, BGM_TYPE_PROG1_VOL, 50, 20
1430:   510000030040                                                                            sce_bgm_control         BGM_CHANNEL_MAIN, BGM_OP_NOP, BGM_TYPE_PROG2_VOL, 0, 64
1436:   51010001505A                                                                            sce_bgm_control         BGM_CHANNEL_SUB0, BGM_OP_NOP, BGM_TYPE_PROG0_VOL, 80, 90
143C:   1A00                                                                                    break                   0

off_143E:
143E:   14001A000700                                                                            case                    0, off_145E, 7
1444:   510000015A40                                                                            sce_bgm_control         BGM_CHANNEL_MAIN, BGM_OP_NOP, BGM_TYPE_PROG0_VOL, 90, 64
144A:   510000022840                                                                            sce_bgm_control         BGM_CHANNEL_MAIN, BGM_OP_NOP, BGM_TYPE_PROG1_VOL, 40, 64
1450:   510000030040                                                                            sce_bgm_control         BGM_CHANNEL_MAIN, BGM_OP_NOP, BGM_TYPE_PROG2_VOL, 0, 64
1456:   51010001645A                                                                            sce_bgm_control         BGM_CHANNEL_SUB0, BGM_OP_NOP, BGM_TYPE_PROG0_VOL, 100, 90
145C:   1A00                                                                                    break                   0

off_145E:
145E:   14001A000800                                                                            case                    0, off_147E, 8
1464:   510000015A40                                                                            sce_bgm_control         BGM_CHANNEL_MAIN, BGM_OP_NOP, BGM_TYPE_PROG0_VOL, 90, 64
146A:   510000023214                                                                            sce_bgm_control         BGM_CHANNEL_MAIN, BGM_OP_NOP, BGM_TYPE_PROG1_VOL, 50, 20
1470:   510000030040                                                                            sce_bgm_control         BGM_CHANNEL_MAIN, BGM_OP_NOP, BGM_TYPE_PROG2_VOL, 0, 64
1476:   510100015028                                                                            sce_bgm_control         BGM_CHANNEL_SUB0, BGM_OP_NOP, BGM_TYPE_PROG0_VOL, 80, 40
147C:   1A00                                                                                    break                   0

off_147E:
147E:   14001A000900                                                                            case                    0, off_149E, 9
1484:   510000015A40                                                                            sce_bgm_control         BGM_CHANNEL_MAIN, BGM_OP_NOP, BGM_TYPE_PROG0_VOL, 90, 64
148A:   510000021E40                                                                            sce_bgm_control         BGM_CHANNEL_MAIN, BGM_OP_NOP, BGM_TYPE_PROG1_VOL, 30, 64
1490:   510000030040                                                                            sce_bgm_control         BGM_CHANNEL_MAIN, BGM_OP_NOP, BGM_TYPE_PROG2_VOL, 0, 64
1496:   510100016440                                                                            sce_bgm_control         BGM_CHANNEL_SUB0, BGM_OP_NOP, BGM_TYPE_PROG0_VOL, 100, 64
149C:   1A00                                                                                    break                   0

off_149E:
149E:   1600                                                                                    eswitch                 0

off_14A0:
14A0:   07001001                                                                                else                    0, off_15B0

off_14A4:
14A4:   131A0601                                                                                switch                  26, off_15AE
14A8:   140014000000                                                                            case                    0, off_14C2, 0
14AE:   510000015A40                                                                            sce_bgm_control         BGM_CHANNEL_MAIN, BGM_OP_NOP, BGM_TYPE_PROG0_VOL, 90, 64
14B4:   510000025028                                                                            sce_bgm_control         BGM_CHANNEL_MAIN, BGM_OP_NOP, BGM_TYPE_PROG1_VOL, 80, 40
14BA:   510100010128                                                                            sce_bgm_control         BGM_CHANNEL_SUB0, BGM_OP_NOP, BGM_TYPE_PROG0_VOL, 1, 40
14C0:   1A00                                                                                    break                   0

off_14C2:
14C2:   140014000100                                                                            case                    0, off_14DC, 1
14C8:   510000015A40                                                                            sce_bgm_control         BGM_CHANNEL_MAIN, BGM_OP_NOP, BGM_TYPE_PROG0_VOL, 90, 64
14CE:   510000024632                                                                            sce_bgm_control         BGM_CHANNEL_MAIN, BGM_OP_NOP, BGM_TYPE_PROG1_VOL, 70, 50
14D4:   510100010128                                                                            sce_bgm_control         BGM_CHANNEL_SUB0, BGM_OP_NOP, BGM_TYPE_PROG0_VOL, 1, 40
14DA:   1A00                                                                                    break                   0

off_14DC:
14DC:   140014000200                                                                            case                    0, off_14F6, 2
14E2:   510000015A40                                                                            sce_bgm_control         BGM_CHANNEL_MAIN, BGM_OP_NOP, BGM_TYPE_PROG0_VOL, 90, 64
14E8:   510000025A50                                                                            sce_bgm_control         BGM_CHANNEL_MAIN, BGM_OP_NOP, BGM_TYPE_PROG1_VOL, 90, 80
14EE:   510100010140                                                                            sce_bgm_control         BGM_CHANNEL_SUB0, BGM_OP_NOP, BGM_TYPE_PROG0_VOL, 1, 64
14F4:   1A00                                                                                    break                   0

off_14F6:
14F6:   140014000300                                                                            case                    0, off_1510, 3
14FC:   510000015A40                                                                            sce_bgm_control         BGM_CHANNEL_MAIN, BGM_OP_NOP, BGM_TYPE_PROG0_VOL, 90, 64
1502:   510000023C46                                                                            sce_bgm_control         BGM_CHANNEL_MAIN, BGM_OP_NOP, BGM_TYPE_PROG1_VOL, 60, 70
1508:   510100010150                                                                            sce_bgm_control         BGM_CHANNEL_SUB0, BGM_OP_NOP, BGM_TYPE_PROG0_VOL, 1, 80
150E:   1A00                                                                                    break                   0

off_1510:
1510:   140014000400                                                                            case                    0, off_152A, 4
1516:   510000015A40                                                                            sce_bgm_control         BGM_CHANNEL_MAIN, BGM_OP_NOP, BGM_TYPE_PROG0_VOL, 90, 64
151C:   51000002505A                                                                            sce_bgm_control         BGM_CHANNEL_MAIN, BGM_OP_NOP, BGM_TYPE_PROG1_VOL, 80, 90
1522:   510100010140                                                                            sce_bgm_control         BGM_CHANNEL_SUB0, BGM_OP_NOP, BGM_TYPE_PROG0_VOL, 1, 64
1528:   1A00                                                                                    break                   0

off_152A:
152A:   140014000500                                                                            case                    0, off_1544, 5
1530:   510000015A40                                                                            sce_bgm_control         BGM_CHANNEL_MAIN, BGM_OP_NOP, BGM_TYPE_PROG0_VOL, 90, 64
1536:   510000023240                                                                            sce_bgm_control         BGM_CHANNEL_MAIN, BGM_OP_NOP, BGM_TYPE_PROG1_VOL, 50, 64
153C:   510100010146                                                                            sce_bgm_control         BGM_CHANNEL_SUB0, BGM_OP_NOP, BGM_TYPE_PROG0_VOL, 1, 70
1542:   1A00                                                                                    break                   0

off_1544:
1544:   140014000600                                                                            case                    0, off_155E, 6
154A:   510000015A40                                                                            sce_bgm_control         BGM_CHANNEL_MAIN, BGM_OP_NOP, BGM_TYPE_PROG0_VOL, 90, 64
1550:   510000023214                                                                            sce_bgm_control         BGM_CHANNEL_MAIN, BGM_OP_NOP, BGM_TYPE_PROG1_VOL, 50, 20
1556:   51010001015A                                                                            sce_bgm_control         BGM_CHANNEL_SUB0, BGM_OP_NOP, BGM_TYPE_PROG0_VOL, 1, 90
155C:   1A00                                                                                    break                   0

off_155E:
155E:   140014000700                                                                            case                    0, off_1578, 7
1564:   510000015A40                                                                            sce_bgm_control         BGM_CHANNEL_MAIN, BGM_OP_NOP, BGM_TYPE_PROG0_VOL, 90, 64
156A:   510000022840                                                                            sce_bgm_control         BGM_CHANNEL_MAIN, BGM_OP_NOP, BGM_TYPE_PROG1_VOL, 40, 64
1570:   51010001015A                                                                            sce_bgm_control         BGM_CHANNEL_SUB0, BGM_OP_NOP, BGM_TYPE_PROG0_VOL, 1, 90
1576:   1A00                                                                                    break                   0

off_1578:
1578:   140014000800                                                                            case                    0, off_1592, 8
157E:   510000015A40                                                                            sce_bgm_control         BGM_CHANNEL_MAIN, BGM_OP_NOP, BGM_TYPE_PROG0_VOL, 90, 64
1584:   510000023214                                                                            sce_bgm_control         BGM_CHANNEL_MAIN, BGM_OP_NOP, BGM_TYPE_PROG1_VOL, 50, 20
158A:   510100010128                                                                            sce_bgm_control         BGM_CHANNEL_SUB0, BGM_OP_NOP, BGM_TYPE_PROG0_VOL, 1, 40
1590:   1A00                                                                                    break                   0

off_1592:
1592:   140014000900                                                                            case                    0, off_15AC, 9
1598:   510000015A40                                                                            sce_bgm_control         BGM_CHANNEL_MAIN, BGM_OP_NOP, BGM_TYPE_PROG0_VOL, 90, 64
159E:   510000021E40                                                                            sce_bgm_control         BGM_CHANNEL_MAIN, BGM_OP_NOP, BGM_TYPE_PROG1_VOL, 30, 64
15A4:   510100010140                                                                            sce_bgm_control         BGM_CHANNEL_SUB0, BGM_OP_NOP, BGM_TYPE_PROG0_VOL, 1, 64
15AA:   1A00                                                                                    break                   0

off_15AC:
15AC:   1600                                                                                    eswitch                 0

off_15AE:
15AE:   00                                                                                      nop
15AF:   00                                                                                      nop

off_15B0:
15B0:   11000A00                                                                                do                      0, off_15BE
15B4:   090A0100                                                                                sleep                   10, 1
15B8:   1204                                                                                    edwhile                 off_15BE
15BA:   21010B00                                                                                ck                      FG_STATUS, 11, 0

off_15BE:
15BE:   17FFFF0094FD                                                                            goto                    255, 255, 0, off_1352
15C4:   0100                                                                                    evt_end                 0

.proc main_06
15C6:   34020100                                                                                member_set              M_ROUTINE0, 1
15CA:   34030800                                                                                member_set              M_ROUTINE1, 8
15CE:   34040300                                                                                member_set              M_ROUTINE2, 3
15D2:   34050000                                                                                member_set              M_ROUTINE3, 0
15D6:   3D1007                                                                                  member_copy             V_TEMP, M_TYPE
15D9:   00                                                                                      nop
15DA:   26000610FFBF                                                                            calc                    0, OP_AND, V_TEMP, -16385
15E0:   350710                                                                                  member_set2             M_TYPE, V_TEMP
15E3:   00                                                                                      nop
15E4:   0100                                                                                    evt_end                 0

.proc main_07
15E6:   2E0402                                                                                  work_set                WK_OBJECT, ID_OBJ_2

off_15E9:
15E9:   00                                                                                      nop
15EA:   3D100E                                                                                  member_copy             V_TEMP, M_X_DIR
15ED:   00                                                                                      nop
15EE:   260000100400                                                                            calc                    0, OP_ADD, V_TEMP, 4
15F4:   350E10                                                                                  member_set2             M_X_DIR, V_TEMP
15F7:   00                                                                                      nop
15F8:   02                                                                                      evt_next
15F9:   00                                                                                      nop
15FA:   17FFFF00EFFF                                                                            goto                    255, 255, 0, off_15E9
1600:   0100                                                                                    evt_end                 0

.proc main_08
1602:   2E0402                                                                                  work_set                WK_OBJECT, ID_OBJ_2

off_1605:
1605:   00                                                                                      nop
1606:   3D100E                                                                                  member_copy             V_TEMP, M_X_DIR
1609:   00                                                                                      nop
160A:   260000109001                                                                            calc                    0, OP_ADD, V_TEMP, 400
1610:   350E10                                                                                  member_set2             M_X_DIR, V_TEMP
1613:   00                                                                                      nop
1614:   02                                                                                      evt_next
1615:   00                                                                                      nop
1616:   17FFFF00EFFF                                                                            goto                    255, 255, 0, off_1605
161C:   0100                                                                                    evt_end                 0

.proc main_09
161E:   2B000900FFFF                                                                            message_on              0, ID_MSG_9, 0, 255, 255
1624:   02                                                                                      evt_next
1625:   00                                                                                      nop
1626:   06000800                                                                                if                      0, off_1632
162A:   210B1F00                                                                                ck                      FG_MESSAGE, F_QUESTION, 0
162E:   4702                                                                                    aot_on                  ID_AOT_2
1630:   08                                                                                      endif
1631:   00                                                                                      nop

off_1632:
1632:   0100                                                                                    evt_end                 0

.proc main_0A
1634:   2204BD01                                                                                set                     FG_COMMON, 189, 1
1638:   46120041000000000000                                                                    aot_reset               ID_AOT_18, SCE_AUTO, SAT_PL | SAT_UNDER, 0, 0, 0, 0, 0, 0
1642:   2E0300                                                                                  work_set                WK_ENEMY, ID_EM_0
1645:   00                                                                                      nop
1646:   3D1007                                                                                  member_copy             V_TEMP, M_TYPE
1649:   00                                                                                      nop
164A:   26000610FFBF                                                                            calc                    0, OP_AND, V_TEMP, -16385
1650:   350710                                                                                  member_set2             M_TYPE, V_TEMP
1653:   00                                                                                      nop
1654:   090A0500                                                                                sleep                   10, 5
1658:   2E0301                                                                                  work_set                WK_ENEMY, ID_EM_1
165B:   00                                                                                      nop
165C:   3D1007                                                                                  member_copy             V_TEMP, M_TYPE
165F:   00                                                                                      nop
1660:   26000610FFBF                                                                            calc                    0, OP_AND, V_TEMP, -16385
1666:   350710                                                                                  member_set2             M_TYPE, V_TEMP
1669:   00                                                                                      nop
166A:   090A1E00                                                                                sleep                   10, 30
166E:   2E0302                                                                                  work_set                WK_ENEMY, ID_EM_2
1671:   00                                                                                      nop
1672:   3D1007                                                                                  member_copy             V_TEMP, M_TYPE
1675:   00                                                                                      nop
1676:   26000610FFBF                                                                            calc                    0, OP_AND, V_TEMP, -16385
167C:   350710                                                                                  member_set2             M_TYPE, V_TEMP
167F:   00                                                                                      nop
1680:   0100                                                                                    evt_end                 0

.proc main_0B
1682:   22020701                                                                                set                     FG_STOP, 7, 1
1686:   22011B01                                                                                set                     FG_STATUS, 27, 1
168A:   090A0100                                                                                sleep                   10, 1
168E:   2E0307                                                                                  work_set                WK_ENEMY, ID_EM_7
1691:   00                                                                                      nop
1692:   4000050010C340AC                                                                        plc_dest                0, 5, 0, -15600, -21440
169A:   090A0500                                                                                sleep                   10, 5
169E:   2905                                                                                    cut_chg                 5
16A0:   090A1900                                                                                sleep                   10, 25
16A4:   22047901                                                                                set                     FG_COMMON, 121, 1
16A8:   2906                                                                                    cut_chg                 6
16AA:   22020700                                                                                set                     FG_STOP, 7, 0
16AE:   22011B00                                                                                set                     FG_STATUS, 27, 0
16B2:   3C01                                                                                    cut_auto                1
16B4:   090A0500                                                                                sleep                   10, 5
16B8:   32000000E0B10000                                                                        pos_set                 0, 0, -20000, 0
16C0:   0100                                                                                    evt_end                 0
16C2:   1F1F                                                                                    db                      0x1F, 0x1F
