.version 2
.init
.proc init_00
3638:   06000A00                                                                                if                      0, off_3646
363C:   21010001                                                                                ck                      1, 0, 1
3640:   22046701                                                                                set                     4, 103, 1
3644:   08                                                                                      endif
3645:   00                                                                                      nop

off_3646:
3646:   06002800                                                                                if                      0, off_3672
364A:   21046700                                                                                ck                      4, 103, 0
364E:   3B0001310000E4DA99D4100EA406F8B20000F0A69600040000002C0000000000                        door_aot_se             0, SCE_DOOR, SAT_PL | SAT_MANUAL | SAT_FRONT, 0, 0, -9500, -11111, 3600, 1700, -19720, 0, -22800, 150, 4, 0, 0, 0, 44, 0, 0, 0, UNLOCKED, 0
366E:   07002600                                                                                else                    0, off_3694

off_3672:
3672:   3B0501310000E4DA99D4100EA406008300830083000C040101002C0200000000                        door_aot_se             5, SCE_DOOR, SAT_PL | SAT_MANUAL | SAT_FRONT, 0, 0, -9500, -11111, 3600, 1700, -32000, -32000, -32000, 3072, 4, 1, 1, 0, 44, 2, 0, 0, UNLOCKED, 0
3692:   00                                                                                      nop
3693:   00                                                                                      nop

off_3694:
3694:   3B01013100007A9DCD9108070807609C7FFFAAC60004030D0000070000000000                        door_aot_se             1, SCE_DOOR, SAT_PL | SAT_MANUAL | SAT_FRONT, 0, 0, -25222, -28211, 1800, 1800, -25504, -129, -14678, 1024, 3, 13, 0, 0, 7, 0, 0, 0, UNLOCKED, 0
36B4:   46010031609C7FFFAAC6                                                                    aot_reset               1, SCE_AUTO, SAT_PL | SAT_MANUAL | SAT_FRONT, 96, 156, 127, 255, 170, 198
36BE:   2D0000000000000000000A000000008300830083000000000000000000000000000000000000            obj_model_set           0, 0, 0, 0, 0, 0, 0, 10, 0, -32000, -32000, -32000, 0, 0, 0, 0, 0, 0, 0, 0, 0, 0, 0
36E4:   0100                                                                                    evt_end                 0

.proc init_01
36E6:   0100                                                                                    evt_end                 0

.main
.proc main_00
370C:   540015000000002092D7C0F992BE000C800000040000                                            sce_espr3d_on           0, 21, 0, 8192, -10350, -1600, -16750, 3072, 128, 1024, 0
3722:   540016040000000B98D6C0F908BC000C000100040000                                            sce_espr3d_on           0, 1046, 0, 2816, -10600, -1600, -17400, 3072, 256, 1024, 0
3738:   06003200                                                                                if                      0, off_376E
373C:   21010101                                                                                ck                      1, 1, 1
3740:   06002000                                                                                if                      0, off_3764
3744:   21045D00                                                                                ck                      4, 93, 0
3748:   2C020531000048D4A8BC1405DC05FF0018110000                                                aot_set                 2, SCE_EVENT, SAT_PL | SAT_MANUAL | SAT_FRONT, 0, 0, -11192, -17240, 1300, 1500, 255, 0, I_GOSUB, main_11, 0, 0
375C:   37130090                                                                                sca_id_set              19, 0, 144
3760:   07000A00                                                                                else                    0, off_376A

off_3764:
3764:   371380FC                                                                                sca_id_set              19, 128, 252
3768:   00                                                                                      nop
3769:   00                                                                                      nop

off_376A:
376A:   07005000                                                                                else                    0, off_37BA

off_376E:
376E:   06003000                                                                                if                      0, off_37A2
3772:   21045D00                                                                                ck                      4, 93, 0
3776:   2C020531000048D4A8BC1405DC05FF0018020000                                                aot_set                 2, SCE_EVENT, SAT_PL | SAT_MANUAL | SAT_FRONT, 0, 0, -11192, -17240, 1300, 1500, 255, 0, I_GOSUB, main_02, 0, 0
378A:   2C030431000046D899D4480DA40600000000FFFF                                                aot_set                 3, SCE_MESSAGE, SAT_PL | SAT_MANUAL | SAT_FRONT, 0, 0, -10170, -11111, 3400, 1700, 0, 0, 0, 0, 255, 255
379E:   07001A00                                                                                else                    0, off_37B8

off_37A2:
37A2:   2C020431000048D4A8BC1405DC0502000000FFFF                                                aot_set                 2, SCE_MESSAGE, SAT_PL | SAT_MANUAL | SAT_FRONT, 0, 0, -11192, -17240, 1300, 1500, 2, 0, 0, 0, 255, 255
37B6:   00                                                                                      nop
37B7:   00                                                                                      nop

off_37B8:
37B8:   00                                                                                      nop
37B9:   00                                                                                      nop

off_37BA:
37BA:   06001000                                                                                if                      0, off_37CE
37BE:   21045D00                                                                                ck                      4, 93, 0
37C2:   46000031000000000000                                                                    aot_reset               0, SCE_AUTO, SAT_PL | SAT_MANUAL | SAT_FRONT, 0, 0, 0, 0, 0, 0
37CC:   08                                                                                      endif
37CD:   00                                                                                      nop

off_37CE:
37CE:   06001E00                                                                                if                      0, off_37F0
37D2:   21010301                                                                                ck                      1, 3, 1
37D6:   4400FF410004001F00FF3C9C0000609B4E0C00000000                                            sce_em_set              0, 255, ENEMY_ADAWONG1, 0, 4, 0, 31, 0, 255, -25540, 0, -25760, 3150, 0, 0
37EC:   07003000                                                                                else                    0, off_381C

off_37F0:
37F0:   06002600                                                                                if                      0, off_381A
37F4:   23001B000D04                                                                            cmp                     0, 27, CMP_EQ, 1037
37FA:   21047100                                                                                ck                      4, 113, 0
37FE:   4400FF410004001F00FF3C9C0000609B4E0C00000000                                            sce_em_set              0, 255, ENEMY_ADAWONG1, 0, 4, 0, 31, 0, 255, -25540, 0, -25760, 3150, 0, 0
3814:   22010301                                                                                set                     1, 3, 1
3818:   08                                                                                      endif
3819:   00                                                                                      nop

off_381A:
381A:   00                                                                                      nop
381B:   00                                                                                      nop

off_381C:
381C:   06008200                                                                                if                      0, off_38A2
3820:   21010100                                                                                ck                      1, 1, 0
3824:   21049C00                                                                                ck                      4, 156, 0
3828:   2D0200000000000000000A001000BB9A7CFC8ADF000040050000000000000000000000000000            obj_model_set           2, 0, 0, 0, 0, 0, 0, 10, 16, -25925, -900, -8310, 0, 1344, 0, 0, 0, 0, 0, 0, 0, 0, 0
384E:   2D0100000000000000000A001000FC9A28F6FCDB000040010000000000000000000000000000            obj_model_set           1, 0, 0, 0, 0, 0, 0, 10, 16, -25860, -2520, -9220, 0, 320, 0, 0, 0, 0, 0, 0, 0, 0, 0
3874:   4E07023100000097F6DC7805080715000700CA000200                                            item_aot_set            7, SCE_ITEM, SAT_PL | SAT_MANUAL | SAT_FRONT, 0, 0, -26880, -8970, 1400, 1800, ITEM_SHOTGUNAMMO, 7, 202, 2, 0
388A:   4E0802310000C697FCD678056C0714000F00CB000100                                            item_aot_set            8, SCE_ITEM, SAT_PL | SAT_MANUAL | SAT_FRONT, 0, 0, -26682, -10500, 1400, 1900, ITEM_HANDGUNAMMO, 15, 203, 1, 0
38A0:   08                                                                                      endif
38A1:   00                                                                                      nop

off_38A2:
38A2:   2C04053100007A9DCD9108070807FF0018040000                                                aot_set                 4, SCE_EVENT, SAT_PL | SAT_MANUAL | SAT_FRONT, 0, 0, -25222, -28211, 1800, 1800, 255, 0, I_GOSUB, main_04, 0, 0
38B6:   06001200                                                                                if                      0, off_38CC
38BA:   21046701                                                                                ck                      4, 103, 1
38BE:   23001B000105                                                                            cmp                     0, 27, CMP_EQ, 1281
38C4:   04FF180C                                                                                evt_exec                255, I_GOSUB, main_0C
38C8:   07000800                                                                                else                    0, off_38D0

off_38CC:
38CC:   1806                                                                                    gosub                   6
38CE:   00                                                                                      nop
38CF:   00                                                                                      nop

off_38D0:
38D0:   22180500                                                                                set                     24, 5, 0
38D4:   22180600                                                                                set                     24, 6, 0
38D8:   06000C00                                                                                if                      0, off_38E8
38DC:   21044D00                                                                                ck                      4, 77, 0
38E0:   22044D01                                                                                set                     4, 77, 1
38E4:   07002A00                                                                                else                    0, off_390E

off_38E8:
38E8:   06002000                                                                                if                      0, off_390C
38EC:   23001B000D04                                                                            cmp                     0, 27, CMP_EQ, 1037
38F2:   21047100                                                                                ck                      4, 113, 0
38F6:   2E0200                                                                                  work_set                WK_SPLAYER, 0
38F9:   00                                                                                      nop
38FA:   3200FBA00000ECAF                                                                        pos_set                 0, -24325, 0, -20500
3902:   3300000000040000                                                                        dir_set                 0, 0, 1024, 0
390A:   08                                                                                      endif
390B:   00                                                                                      nop

off_390C:
390C:   00                                                                                      nop
390D:   00                                                                                      nop

off_390E:
390E:   0100                                                                                    evt_end                 0

.proc main_01
3910:   0100                                                                                    evt_end                 0

.proc main_02
3912:   2B000100FFFF                                                                            message_on              0, 1, 0, 255, 255
3918:   02                                                                                      evt_next
3919:   00                                                                                      nop
391A:   06006400                                                                                if                      0, off_3982
391E:   210B1F00                                                                                ck                      11, 31, 0
3922:   22045D01                                                                                set                     4, 93, 1
3926:   4602043102000000FFFF                                                                    aot_reset               2, SCE_MESSAGE, SAT_PL | SAT_MANUAL | SAT_FRONT, 2, 0, 0, 0, 255, 255
3930:   06001200                                                                                if                      0, off_3946
3934:   21010000                                                                                ck                      1, 0, 0
3938:   46000131E0B10000C6A8                                                                    aot_reset               0, SCE_DOOR, SAT_PL | SAT_MANUAL | SAT_FRONT, 224, 177, 0, 0, 198, 168
3942:   07001000                                                                                else                    0, off_3952

off_3946:
3946:   46050131008300830083                                                                    aot_reset               5, SCE_DOOR, SAT_PL | SAT_MANUAL | SAT_FRONT, 0, 131, 0, 131, 0, 131
3950:   00                                                                                      nop
3951:   00                                                                                      nop

off_3952:
3952:   46030031000000000000                                                                    aot_reset               3, SCE_AUTO, SAT_PL | SAT_MANUAL | SAT_FRONT, 0, 0, 0, 0, 0, 0
395C:   36020F00000008D560FA5ABF                                                                se_on                   2, 15, 0, -11000, -1440, -16550
3968:   090A0A00                                                                                sleep                   10, 10
396C:   36020E00000008D560FA5ABF                                                                se_on                   2, 14, 0, -11000, -1440, -16550
3978:   2909                                                                                    cut_chg                 9
397A:   3C01                                                                                    cut_auto                1
397C:   1805                                                                                    gosub                   5
397E:   02                                                                                      evt_next
397F:   00                                                                                      nop
3980:   08                                                                                      endif
3981:   00                                                                                      nop

off_3982:
3982:   0100                                                                                    evt_end                 0

.proc main_03
3984:   2E0100                                                                                  work_set                WK_PLAYER, 0
3987:   00                                                                                      nop
3988:   06000E00                                                                                if                      0, off_399A
398C:   3E000D0180C1                                                                            member_cmp              0, 13, 1, 128, 193
3992:   2404FA00                                                                                save                    4, 250
3996:   07001E00                                                                                else                    0, off_39B4

off_399A:
399A:   06000C00                                                                                if                      0, off_39AA
399E:   3E000D0398BD                                                                            member_cmp              0, 13, 3, 152, 189
39A4:   2404960F                                                                                save                    4, 3990
39A8:   08                                                                                      endif
39A9:   00                                                                                      nop

off_39AA:
39AA:   4000152005006400                                                                        plc_dest                0, 21, 32, 5, 100
39B2:   00                                                                                      nop
39B3:   00                                                                                      nop

off_39B4:
39B4:   11000800                                                                                do                      0, off_39C0
39B8:   02                                                                                      evt_next
39B9:   00                                                                                      nop
39BA:   1204                                                                                    edwhile                 off_39C0
39BC:   21052000                                                                                ck                      5, 32, 0

off_39C0:
39C0:   410134D67CFCBEBF2020                                                                    plc_neck                1, -10700, -900, -16450, 32, 32
39CA:   090A1400                                                                                sleep                   10, 20
39CE:   41040200000000002000                                                                    plc_neck                4, 2, 0, 0, 32, 0
39D8:   090A1E00                                                                                sleep                   10, 30
39DC:   4000092045D445C0                                                                        plc_dest                0, 9, 32, -11195, -16315
39E4:   11000800                                                                                do                      0, off_39F0
39E8:   02                                                                                      evt_next
39E9:   00                                                                                      nop
39EA:   1204                                                                                    edwhile                 off_39F0
39EC:   21052000                                                                                ck                      5, 32, 0

off_39F0:
39F0:   4000042045D445C0                                                                        plc_dest                0, 4, 32, -11195, -16315
39F8:   06001800                                                                                if                      0, off_3A14
39FC:   3E000D01A9C0                                                                            member_cmp              0, 13, 1, 169, 192
3A02:   11000A00                                                                                do                      0, off_3A10
3A06:   02                                                                                      evt_next
3A07:   00                                                                                      nop
3A08:   1206                                                                                    edwhile                 off_3A10
3A0A:   3E000D01A9C0                                                                            member_cmp              0, 13, 1, 169, 192

off_3A10:
3A10:   07001400                                                                                else                    0, off_3A24

off_3A14:
3A14:   11000A00                                                                                do                      0, off_3A22
3A18:   02                                                                                      evt_next
3A19:   00                                                                                      nop
3A1A:   1206                                                                                    edwhile                 off_3A22
3A1C:   3E000D03E1BF                                                                            member_cmp              0, 13, 3, 225, 191

off_3A22:
3A22:   00                                                                                      nop
3A23:   00                                                                                      nop

off_3A24:
3A24:   0D0012000A00                                                                            for                     0, off_3A3C, 10
3A2A:   06000A00                                                                                if                      0, off_3A38
3A2E:   3E000B01E1D3                                                                            member_cmp              0, 11, 1, 225, 211
3A34:   1A00                                                                                    break                   0
3A36:   08                                                                                      endif
3A37:   00                                                                                      nop

off_3A38:
3A38:   02                                                                                      evt_next
3A39:   00                                                                                      nop
3A3A:   0E00                                                                                    next                    0

off_3A3C:
3A3C:   4000152000006400                                                                        plc_dest                0, 21, 32, 0, 100
3A44:   11000800                                                                                do                      0, off_3A50
3A48:   02                                                                                      evt_next
3A49:   00                                                                                      nop
3A4A:   1204                                                                                    edwhile                 off_3A50
3A4C:   21052000                                                                                ck                      5, 32, 0

off_3A50:
3A50:   04FF180D                                                                                evt_exec                255, I_GOSUB, main_0D
3A54:   3F000F08                                                                                plc_motion              0, 15, 8
3A58:   090A2D00                                                                                sleep                   10, 45
3A5C:   3F000F88                                                                                plc_motion              0, 15, 136
3A60:   090A2D00                                                                                sleep                   10, 45
3A64:   0100                                                                                    evt_end                 0

.proc main_04
3A66:   22010300                                                                                set                     1, 3, 0
3A6A:   46010121609C7FFFAAC6                                                                    aot_reset               1, SCE_DOOR, SAT_PL | SAT_FRONT, 96, 156, 127, 255, 170, 198
3A74:   0100                                                                                    evt_end                 0

.proc main_05
3A76:   61020200                                                                                cut_be_set              2, 2, 0
3A7A:   4B0106                                                                                  cut_replace             1, 6
3A7D:   4B0207                                                                                  cut_replace             2, 7
3A80:   4B0308                                                                                  cut_replace             3, 8
3A83:   4B0409                                                                                  cut_replace             4, 9
3A86:   4B050A                                                                                  cut_replace             5, 10
3A89:   00                                                                                      nop
3A8A:   0100                                                                                    evt_end                 0

.proc main_06
3A8C:   06001E00                                                                                if                      0, off_3AAE
3A90:   21045D00                                                                                ck                      4, 93, 0
3A94:   06000C00                                                                                if                      0, off_3AA4
3A98:   21010101                                                                                ck                      1, 1, 1
3A9C:   61020300                                                                                cut_be_set              2, 3, 0
3AA0:   07000A00                                                                                else                    0, off_3AAA

off_3AA4:
3AA4:   61020200                                                                                cut_be_set              2, 2, 0
3AA8:   00                                                                                      nop
3AA9:   00                                                                                      nop

off_3AAA:
3AAA:   07000800                                                                                else                    0, off_3AB2

off_3AAE:
3AAE:   1805                                                                                    gosub                   5
3AB0:   00                                                                                      nop
3AB1:   00                                                                                      nop

off_3AB2:
3AB2:   0100                                                                                    evt_end                 0

.proc main_07
3AB4:   22045D01                                                                                set                     4, 93, 1
3AB8:   36020B000400000000000000                                                                se_on                   2, 11, 4, 0, 0, 0
3AC4:   22180501                                                                                set                     24, 5, 1
3AC8:   22180601                                                                                set                     24, 6, 1
3ACC:   04FF180E                                                                                evt_exec                255, I_GOSUB, main_0E
3AD0:   090A1E00                                                                                sleep                   10, 30
3AD4:   1808                                                                                    gosub                   8
3AD6:   2E0400                                                                                  work_set                WK_OBJECT, 0
3AD9:   00                                                                                      nop
3ADA:   3200008300830083                                                                        pos_set                 0, -32000, -32000, -32000
3AE2:   22050001                                                                                set                     5, 0, 1
3AE6:   2909                                                                                    cut_chg                 9
3AE8:   3C01                                                                                    cut_auto                1
3AEA:   4B0106                                                                                  cut_replace             1, 6
3AED:   4B0207                                                                                  cut_replace             2, 7
3AF0:   4B0B08                                                                                  cut_replace             11, 8
3AF3:   4B0C09                                                                                  cut_replace             12, 9
3AF6:   4B0D0A                                                                                  cut_replace             13, 10
3AF9:   00                                                                                      nop
3AFA:   371380FC                                                                                sca_id_set              19, 128, 252
3AFE:   22180500                                                                                set                     24, 5, 0
3B02:   22180600                                                                                set                     24, 6, 0
3B06:   0100                                                                                    evt_end                 0

.proc main_08
3B08:   290D                                                                                    cut_chg                 13
3B0A:   06001E00                                                                                if                      0, off_3B2C
3B0E:   21010000                                                                                ck                      1, 0, 0
3B12:   21010101                                                                                ck                      1, 1, 1
3B16:   2E0200                                                                                  work_set                WK_SPLAYER, 0
3B19:   00                                                                                      nop
3B1A:   320066CC000060BE                                                                        pos_set                 0, -13210, 0, -16800
3B22:   3300000000000000                                                                        dir_set                 0, 0, 0, 0
3B2A:   08                                                                                      endif
3B2B:   00                                                                                      nop

off_3B2C:
3B2C:   2E0400                                                                                  work_set                WK_OBJECT, 0
3B2F:   00                                                                                      nop
3B30:   3200307584030CCC                                                                        pos_set                 0, 30000, 900, -13300
3B38:   180F                                                                                    gosub                   15
3B3A:   04FF180A                                                                                evt_exec                255, I_GOSUB, main_0A
3B3E:   04FF1809                                                                                evt_exec                255, I_GOSUB, main_09
3B42:   2F006AFF                                                                                speed_set               0, -150
3B46:   0D0004005000                                                                            for                     0, off_3B50, 80
3B4C:   30                                                                                      add_speed
3B4D:   02                                                                                      evt_next
3B4E:   0E00                                                                                    next                    0

off_3B50:
3B50:   36020C000400000000000000                                                                se_on                   2, 12, 4, 0, 0, 0
3B5C:   0D0004001400                                                                            for                     0, off_3B66, 20
3B62:   30                                                                                      add_speed
3B63:   02                                                                                      evt_next
3B64:   0E00                                                                                    next                    0

off_3B66:
3B66:   290B                                                                                    cut_chg                 11
3B68:   04FF180A                                                                                evt_exec                255, I_GOSUB, main_0A
3B6C:   2E0400                                                                                  work_set                WK_OBJECT, 0
3B6F:   00                                                                                      nop
3B70:   3D100B                                                                                  member_copy             16, 11
3B73:   00                                                                                      nop
3B74:   260001101027                                                                            calc                    0, OP_SUB, 16, 10000
3B7A:   350B10                                                                                  member_set2             11, 16
3B7D:   00                                                                                      nop
3B7E:   2F009CFF                                                                                speed_set               0, -100
3B82:   0D0004005700                                                                            for                     0, off_3B8C, 87
3B88:   30                                                                                      add_speed
3B89:   02                                                                                      evt_next
3B8A:   0E00                                                                                    next                    0

off_3B8C:
3B8C:   2F00B0FF                                                                                speed_set               0, -80
3B90:   0D0004001E00                                                                            for                     0, off_3B9A, 30
3B96:   30                                                                                      add_speed
3B97:   02                                                                                      evt_next
3B98:   0E00                                                                                    next                    0

off_3B9A:
3B9A:   2F00C4FF                                                                                speed_set               0, -60
3B9E:   0D0004000A00                                                                            for                     0, off_3BA8, 10
3BA4:   30                                                                                      add_speed
3BA5:   02                                                                                      evt_next
3BA6:   0E00                                                                                    next                    0

off_3BA8:
3BA8:   2F00CEFF                                                                                speed_set               0, -50
3BAC:   0D0004001400                                                                            for                     0, off_3BB6, 20
3BB2:   30                                                                                      add_speed
3BB3:   02                                                                                      evt_next
3BB4:   0E00                                                                                    next                    0

off_3BB6:
3BB6:   36020D000400000000000000                                                                se_on                   2, 13, 4, 0, 0, 0
3BC2:   2F00E7FF                                                                                speed_set               0, -25
3BC6:   0D0004002800                                                                            for                     0, off_3BD0, 40
3BCC:   30                                                                                      add_speed
3BCD:   02                                                                                      evt_next
3BCE:   0E00                                                                                    next                    0

off_3BD0:
3BD0:   090A0A00                                                                                sleep                   10, 10
3BD4:   2F000500                                                                                speed_set               0, 5
3BD8:   0D0004000500                                                                            for                     0, off_3BE2, 5
3BDE:   30                                                                                      add_speed
3BDF:   02                                                                                      evt_next
3BE0:   0E00                                                                                    next                    0

off_3BE2:
3BE2:   2F000A00                                                                                speed_set               0, 10
3BE6:   0D0004000A00                                                                            for                     0, off_3BF0, 10
3BEC:   30                                                                                      add_speed
3BED:   02                                                                                      evt_next
3BEE:   0E00                                                                                    next                    0

off_3BF0:
3BF0:   2F000F00                                                                                speed_set               0, 15
3BF4:   0D0004000F00                                                                            for                     0, off_3BFE, 15
3BFA:   30                                                                                      add_speed
3BFB:   02                                                                                      evt_next
3BFC:   0E00                                                                                    next                    0

off_3BFE:
3BFE:   2F00F1FF                                                                                speed_set               0, -15
3C02:   0D0004000F00                                                                            for                     0, off_3C0C, 15
3C08:   30                                                                                      add_speed
3C09:   02                                                                                      evt_next
3C0A:   0E00                                                                                    next                    0

off_3C0C:
3C0C:   2F00F6FF                                                                                speed_set               0, -10
3C10:   0D0004000A00                                                                            for                     0, off_3C1A, 10
3C16:   30                                                                                      add_speed
3C17:   02                                                                                      evt_next
3C18:   0E00                                                                                    next                    0

off_3C1A:
3C1A:   2F00FBFF                                                                                speed_set               0, -5
3C1E:   0D0004000500                                                                            for                     0, off_3C28, 5
3C24:   30                                                                                      add_speed
3C25:   02                                                                                      evt_next
3C26:   0E00                                                                                    next                    0

off_3C28:
3C28:   2F000500                                                                                speed_set               0, 5
3C2C:   0D0004000500                                                                            for                     0, off_3C36, 5
3C32:   30                                                                                      add_speed
3C33:   02                                                                                      evt_next
3C34:   0E00                                                                                    next                    0

off_3C36:
3C36:   2F000A00                                                                                speed_set               0, 10
3C3A:   0D0004000500                                                                            for                     0, off_3C44, 5
3C40:   30                                                                                      add_speed
3C41:   02                                                                                      evt_next
3C42:   0E00                                                                                    next                    0

off_3C44:
3C44:   2F00F6FF                                                                                speed_set               0, -10
3C48:   0D0004000500                                                                            for                     0, off_3C52, 5
3C4E:   30                                                                                      add_speed
3C4F:   02                                                                                      evt_next
3C50:   0E00                                                                                    next                    0

off_3C52:
3C52:   2F00FBFF                                                                                speed_set               0, -5
3C56:   0D0004000500                                                                            for                     0, off_3C60, 5
3C5C:   30                                                                                      add_speed
3C5D:   02                                                                                      evt_next
3C5E:   0E00                                                                                    next                    0

off_3C60:
3C60:   090A1400                                                                                sleep                   10, 20
3C64:   0100                                                                                    evt_end                 0

.proc main_09
3C66:   2E0400                                                                                  work_set                WK_OBJECT, 0
3C69:   00                                                                                      nop
3C6A:   2F01ECFF                                                                                speed_set               1, -20
3C6E:   0D0004000A00                                                                            for                     0, off_3C78, 10
3C74:   30                                                                                      add_speed
3C75:   02                                                                                      evt_next
3C76:   0E00                                                                                    next                    0

off_3C78:
3C78:   2F01F1FF                                                                                speed_set               1, -15
3C7C:   0D0004001000                                                                            for                     0, off_3C86, 16
3C82:   30                                                                                      add_speed
3C83:   02                                                                                      evt_next
3C84:   0E00                                                                                    next                    0

off_3C86:
3C86:   2F01F6FF                                                                                speed_set               1, -10
3C8A:   0D0004001F00                                                                            for                     0, off_3C94, 31
3C90:   30                                                                                      add_speed
3C91:   02                                                                                      evt_next
3C92:   0E00                                                                                    next                    0

off_3C94:
3C94:   2F01FBFF                                                                                speed_set               1, -5
3C98:   0D0004001E00                                                                            for                     0, off_3CA2, 30
3C9E:   30                                                                                      add_speed
3C9F:   02                                                                                      evt_next
3CA0:   0E00                                                                                    next                    0

off_3CA2:
3CA2:   2F010000                                                                                speed_set               1, 0
3CA6:   0100                                                                                    evt_end                 0

.proc main_0A
3CA8:   24050000                                                                                save                    5, 0
3CAC:   24060000                                                                                save                    6, 0
3CB0:   11008600                                                                                do                      0, off_3D3A
3CB4:   2E0400                                                                                  work_set                WK_OBJECT, 0
3CB7:   00                                                                                      nop
3CB8:   3D100B                                                                                  member_copy             16, 11
3CBB:   00                                                                                      nop
3CBC:   26000110803E                                                                            calc                    0, OP_SUB, 16, 16000
3CC2:   250510                                                                                  copy                    5, 16
3CC5:   00                                                                                      nop
3CC6:   06003E00                                                                                if                      0, off_3D08
3CCA:   23001A000D00                                                                            cmp                     0, 26, CMP_EQ, 13
3CD0:   6B00204E                                                                                light_kido_set          0, 20000
3CD4:   6B01204E                                                                                light_kido_set          1, 20000
3CD8:   6A00000C7CFC                                                                            light_pos_set           0, 0, 12, -900
3CDE:   6A00000D20D1                                                                            light_pos_set           0, 0, 13, -12000
3CE4:   1D050401                                                                                work_copy               5, 4, 1
3CE8:   6A00000B0000                                                                            light_pos_set           0, 0, 11, 0
3CEE:   6A00010C6CEE                                                                            light_pos_set           0, 1, 12, -4500
3CF4:   6A00010D20D1                                                                            light_pos_set           0, 1, 13, -12000
3CFA:   1D050401                                                                                work_copy               5, 4, 1
3CFE:   6A00010B0000                                                                            light_pos_set           0, 1, 11, 0
3D04:   07002000                                                                                else                    0, off_3D24

off_3D08:
3D08:   6B00C8AF                                                                                light_kido_set          0, -20536
3D0C:   6A00000C7CFC                                                                            light_pos_set           0, 0, 12, -900
3D12:   6A00000D20D1                                                                            light_pos_set           0, 0, 13, -12000
3D18:   1D050401                                                                                work_copy               5, 4, 1
3D1C:   6A00000B0000                                                                            light_pos_set           0, 0, 11, 0
3D22:   00                                                                                      nop
3D23:   00                                                                                      nop

off_3D24:
3D24:   251005                                                                                  copy                    16, 5
3D27:   00                                                                                      nop
3D28:   26000110C409                                                                            calc                    0, OP_SUB, 16, 2500
3D2E:   250610                                                                                  copy                    6, 16
3D31:   00                                                                                      nop
3D32:   02                                                                                      evt_next
3D33:   00                                                                                      nop
3D34:   1204                                                                                    edwhile                 off_3D3A
3D36:   21050000                                                                                ck                      5, 0, 0

off_3D3A:
3D3A:   0100                                                                                    evt_end                 0

.proc main_0B
3D3C:   02                                                                                      evt_next
3D3D:   2E0400                                                                                  work_set                WK_OBJECT, 0
3D40:   3200881300000CCC                                                                        pos_set                 0, 5000, 0, -13300
3D48:   290B                                                                                    cut_chg                 11
3D4A:   04FF180A                                                                                evt_exec                255, I_GOSUB, main_0A
3D4E:   1810                                                                                    gosub                   16
3D50:   36020C000400000000000000                                                                se_on                   2, 12, 4, 0, 0, 0
3D5C:   2E0400                                                                                  work_set                WK_OBJECT, 0
3D5F:   00                                                                                      nop
3D60:   2F009CFF                                                                                speed_set               0, -100
3D64:   0D0004005700                                                                            for                     0, off_3D6E, 87
3D6A:   30                                                                                      add_speed
3D6B:   02                                                                                      evt_next
3D6C:   0E00                                                                                    next                    0

off_3D6E:
3D6E:   2F00B0FF                                                                                speed_set               0, -80
3D72:   0D0004000A00                                                                            for                     0, off_3D7C, 10
3D78:   30                                                                                      add_speed
3D79:   02                                                                                      evt_next
3D7A:   0E00                                                                                    next                    0

off_3D7C:
3D7C:   2F00B0FF                                                                                speed_set               0, -80
3D80:   0D0004001400                                                                            for                     0, off_3D8A, 20
3D86:   30                                                                                      add_speed
3D87:   02                                                                                      evt_next
3D88:   0E00                                                                                    next                    0

off_3D8A:
3D8A:   53010207FF02                                                                            sce_fade_set            1, 2, 7, 255, 2
3D90:   0D0004000A00                                                                            for                     0, off_3D9A, 10
3D96:   30                                                                                      add_speed
3D97:   02                                                                                      evt_next
3D98:   0E00                                                                                    next                    0

off_3D9A:
3D9A:   360210000400000000000000                                                                se_on                   2, 16, 4, 0, 0, 0
3DA6:   090A1400                                                                                sleep                   10, 20
3DAA:   0100                                                                                    evt_end                 0

.proc main_0C
3DAC:   22020701                                                                                set                     2, 7, 1
3DB0:   22011B01                                                                                set                     1, 27, 1
3DB4:   06001800                                                                                if                      0, off_3DD0
3DB8:   21010301                                                                                ck                      1, 3, 1
3DBC:   2E0200                                                                                  work_set                WK_SPLAYER, 0
3DBF:   00                                                                                      nop
3DC0:   3D1007                                                                                  member_copy             16, 7
3DC3:   00                                                                                      nop
3DC4:   260000100080                                                                            calc                    0, OP_ADD, 16, -32768
3DCA:   350710                                                                                  member_set2             7, 16
3DCD:   00                                                                                      nop
3DCE:   08                                                                                      endif
3DCF:   00                                                                                      nop

off_3DD0:
3DD0:   3C00                                                                                    cut_auto                0
3DD2:   290B                                                                                    cut_chg                 11
3DD4:   22180501                                                                                set                     24, 5, 1
3DD8:   22180601                                                                                set                     24, 6, 1
3DDC:   180B                                                                                    gosub                   11
3DDE:   53010207FFF1                                                                            sce_fade_set            1, 2, 7, 255, 241
3DE4:   2E0400                                                                                  work_set                WK_OBJECT, 0
3DE7:   00                                                                                      nop
3DE8:   3200008300830083                                                                        pos_set                 0, -32000, -32000, -32000
3DF0:   22050001                                                                                set                     5, 0, 1
3DF4:   61020200                                                                                cut_be_set              2, 2, 0
3DF8:   4B0106                                                                                  cut_replace             1, 6
3DFB:   4B0207                                                                                  cut_replace             2, 7
3DFE:   4B0308                                                                                  cut_replace             3, 8
3E01:   4B0409                                                                                  cut_replace             4, 9
3E04:   4B050A                                                                                  cut_replace             5, 10
3E07:   2E0100                                                                                  work_set                WK_PLAYER, 0
3E0A:   3200BAE1000082DD                                                                        pos_set                 0, -7750, 0, -8830
3E12:   33000000CA080000                                                                        dir_set                 0, 0, 2250, 0
3E1A:   06002800                                                                                if                      0, off_3E46
3E1E:   21010301                                                                                ck                      1, 3, 1
3E22:   2E0200                                                                                  work_set                WK_SPLAYER, 0
3E25:   00                                                                                      nop
3E26:   32002EE600000ADD                                                                        pos_set                 0, -6610, 0, -8950
3E2E:   33000000CA080000                                                                        dir_set                 0, 0, 2250, 0
3E36:   3D1007                                                                                  member_copy             16, 7
3E39:   00                                                                                      nop
3E3A:   260001100080                                                                            calc                    0, OP_SUB, 16, -32768
3E40:   350710                                                                                  member_set2             7, 16
3E43:   00                                                                                      nop
3E44:   08                                                                                      endif
3E45:   00                                                                                      nop

off_3E46:
3E46:   290A                                                                                    cut_chg                 10
3E48:   22180500                                                                                set                     24, 5, 0
3E4C:   22180600                                                                                set                     24, 6, 0
3E50:   3C01                                                                                    cut_auto                1
3E52:   090A1000                                                                                sleep                   10, 16
3E56:   22020700                                                                                set                     2, 7, 0
3E5A:   22011B00                                                                                set                     1, 27, 0
3E5E:   0100                                                                                    evt_end                 0

.proc main_0D
3E60:   090A0C00                                                                                sleep                   10, 12
3E64:   36020A000100000000000000                                                                se_on                   2, 10, 1, 0, 0, 0
3E70:   090A1000                                                                                sleep                   10, 16
3E74:   36020A000100000000000000                                                                se_on                   2, 10, 1, 0, 0, 0
3E80:   090A1000                                                                                sleep                   10, 16
3E84:   36020A000100000000000000                                                                se_on                   2, 10, 1, 0, 0, 0
3E90:   090A1000                                                                                sleep                   10, 16
3E94:   36020A000100000000000000                                                                se_on                   2, 10, 1, 0, 0, 0
3EA0:   090A1000                                                                                sleep                   10, 16
3EA4:   36020A000100000000000000                                                                se_on                   2, 10, 1, 0, 0, 0
3EB0:   0100                                                                                    evt_end                 0

.proc main_0E
3EB2:   2E0100                                                                                  work_set                WK_PLAYER, 0
3EB5:   00                                                                                      nop
3EB6:   41020000C0FE0000191E                                                                    plc_neck                2, 0, -320, 0, 25, 30
3EC0:   090A0E00                                                                                sleep                   10, 14
3EC4:   4102000088FF0000191E                                                                    plc_neck                2, 0, -120, 0, 25, 30
3ECE:   090A0800                                                                                sleep                   10, 8
3ED2:   41020000C0FE0000191E                                                                    plc_neck                2, 0, -320, 0, 25, 30
3EDC:   090A0800                                                                                sleep                   10, 8
3EE0:   0100                                                                                    evt_end                 0

.proc main_0F
3EE2:   8B5A02000000                                                                            nop_8b                  90, 2, 0, 0, 0
3EE8:   8C001E2814000000                                                                        nop_8c                  0, 30, 40, 20, 0, 0, 0
3EF0:   8B2850001400                                                                            nop_8b                  40, 80, 0, 20, 0
3EF6:   8C00322814006400                                                                        nop_8c                  0, 50, 40, 20, 0, 100, 0
3EFE:   8B284D007800                                                                            nop_8b                  40, 77, 0, 120, 0
3F04:   8C0028321400C500                                                                        nop_8c                  0, 40, 50, 20, 0, 197, 0
3F0C:   8B2D4600D900                                                                            nop_8b                  45, 70, 0, 217, 0
3F12:   8C00285014001F01                                                                        nop_8c                  0, 40, 80, 20, 0, 31, 1
3F1A:   8B5A05003301                                                                            nop_8b                  90, 5, 0, 51, 1
3F20:   8B500F003801                                                                            nop_8b                  80, 15, 0, 56, 1
3F26:   8C00503205004701                                                                        nop_8c                  0, 80, 50, 5, 0, 71, 1
3F2E:   8C00325005004C01                                                                        nop_8c                  0, 50, 80, 5, 0, 76, 1
3F36:   8B500F005101                                                                            nop_8b                  80, 15, 0, 81, 1
3F3C:   8C00503205006001                                                                        nop_8c                  0, 80, 50, 5, 0, 96, 1
3F44:   8C00325005006501                                                                        nop_8c                  0, 50, 80, 5, 0, 101, 1
3F4C:   8B500A006A01                                                                            nop_8b                  80, 10, 0, 106, 1
3F52:   0100                                                                                    evt_end                 0

.proc main_10
3F54:   8B5005000000                                                                            nop_8b                  80, 5, 0, 0, 0
3F5A:   8C00323C1E000000                                                                        nop_8c                  0, 50, 60, 30, 0, 0, 0
3F62:   8C003C1E28001400                                                                        nop_8c                  0, 60, 30, 40, 0, 20, 0
3F6A:   8C00283C1E003200                                                                        nop_8c                  0, 40, 60, 30, 0, 50, 0
3F72:   8C003C281E004600                                                                        nop_8c                  0, 60, 40, 30, 0, 70, 0
3F7A:   8C003C001B005A00                                                                        nop_8c                  0, 60, 0, 27, 0, 90, 0
3F82:   0100                                                                                    evt_end                 0

.proc main_11
3F84:   22020701                                                                                set                     2, 7, 1
3F88:   22011B01                                                                                set                     1, 27, 1
3F8C:   2E0200                                                                                  work_set                WK_SPLAYER, 0
3F8F:   71                                                                                      splc_sce
3F90:   46020031000000000000                                                                    aot_reset               2, SCE_AUTO, SAT_PL | SAT_MANUAL | SAT_FRONT, 0, 0, 0, 0, 0, 0
3F9A:   46000131E0B10000C6A8                                                                    aot_reset               0, SCE_DOOR, SAT_PL | SAT_MANUAL | SAT_FRONT, 224, 177, 0, 0, 198, 168
3FA4:   1803                                                                                    gosub                   3
3FA6:   1807                                                                                    gosub                   7
3FA8:   2E0100                                                                                  work_set                WK_PLAYER, 0
3FAB:   42                                                                                      plc_ret
3FAC:   2E0200                                                                                  work_set                WK_SPLAYER, 0
3FAF:   70                                                                                      splc_ret
3FB0:   3C01                                                                                    cut_auto                1
3FB2:   22020700                                                                                set                     2, 7, 0
3FB6:   22011B00                                                                                set                     1, 27, 0
3FBA:   0100                                                                                    evt_end                 0
