.version 2

.init
.proc init
1302:   3B0001310000CE318CA6AC0D0807008300830083540B030E0A002C0200000000                        door_aot_se             ID_AOT_0, SCE_DOOR, SAT_PL | SAT_MANUAL | SAT_FRONT, 0, 0, 12750, -22900, 3500, 1800, -32000, -32000, -32000, 2900, 3, 14, 10, 0, 44, 2, 0, 0, UNLOCKED, 0
1322:   3B01013100003168E99C7805D007389B0000B2C60000040200001A0100000000                        door_aot_se             ID_AOT_1, SCE_DOOR, SAT_PL | SAT_MANUAL | SAT_FRONT, 0, 0, 26673, -25367, 1400, 2000, -25800, 0, -14670, 0, 4, 2, 0, 0, 26, 1, 0, 0, UNLOCKED, 0
1342:   2D0100000000000000000A00000000830000F49D000000000000000000000000000000000000            obj_model_set           ID_OBJ_1, 0, 0, 0, 0, 0, 0, 10, 0, -32000, 0, -25100, 0, 0, 0, 0, 0, 0, 0, 0, 0, 0, 0
1368:   0100                                                                                    evt_end                 0
136A:   0390                                                                                    db                      0x03, 0x90

.main
.proc main
1386:   06005A00                                                                                if                      0, off_13E4
138A:   21010301                                                                                ck                      FG_STATUS, 3, 1
138E:   4400FF410004001F00FF1C660000709FC40900000000                                            sce_em_set              0, ID_EM_255, ENEMY_ADA_WONG_1, 0, AI_04, 0, SBK_31, 0, 255, 26140, 0, -24720, 2500, 0, 0
13A4:   06001600                                                                                if                      0, off_13BE
13A8:   23001B000E04                                                                            cmp                     0, V_LAST_RDT, CMP_EQ, 1038
13AE:   2E03FF                                                                                  work_set                WK_ENEMY, ID_EM_255
13B1:   00                                                                                      nop
13B2:   3200008300830083                                                                        pos_set                 0, -32000, -32000, -32000
13BA:   07002600                                                                                else                    0, off_13E0

off_13BE:
13BE:   06001C00                                                                                if                      0, off_13DE
13C2:   23001B000005                                                                            cmp                     0, V_LAST_RDT, CMP_EQ, 1280
13C8:   2E03FF                                                                                  work_set                WK_ENEMY, ID_EM_255
13CB:   00                                                                                      nop
13CC:   320054330000AAB0                                                                        pos_set                 0, 13140, 0, -20310
13D4:   33000000000C0000                                                                        dir_set                 0, 0, 3072, 0
13DC:   08                                                                                      endif
13DD:   00                                                                                      nop

off_13DE:
13DE:   00                                                                                      nop
13DF:   00                                                                                      nop

off_13E0:
13E0:   07002800                                                                                else                    0, off_1408

off_13E4:
13E4:   06001E00                                                                                if                      0, off_1406
13E8:   23001B000005                                                                            cmp                     0, V_LAST_RDT, CMP_EQ, 1280
13EE:   4400FF410004001F00FF54330000AAB0000C00000000                                            sce_em_set              0, ID_EM_255, ENEMY_ADA_WONG_1, 0, AI_04, 0, SBK_31, 0, 255, 13140, 0, -20310, 3072, 0, 0
1404:   08                                                                                      endif
1405:   00                                                                                      nop

off_1406:
1406:   00                                                                                      nop
1407:   00                                                                                      nop

off_1408:
1408:   2D0000000000000000000A0000000083008300830000000000F8000000000000000000000000            obj_model_set           ID_OBJ_0, 0, 0, 0, 0, 0, 0, 10, 0, -32000, -32000, -32000, 0, 0, -2048, 0, 0, 0, 0, 0, 0, 0, 0
142E:   4E0202310000DE2116BC080778053F00010012000001                                            item_aot_set            ID_AOT_2, SCE_ITEM, SAT_PL | SAT_MANUAL | SAT_FRONT, 0, 0, 8670, -17386, 1800, 1400, ITEM_WEAPONBOXKEY, 1, 18, ID_OBJ_0, IF_FLOOR
1444:   06000A00                                                                                if                      0, off_1452
1448:   21221200                                                                                ck                      FG_ITEM_2, 18, 0
144C:   04FF1802                                                                                evt_exec                255, I_GOSUB, main_02
1450:   08                                                                                      endif
1451:   00                                                                                      nop

off_1452:
1452:   06003000                                                                                if                      0, off_1486
1456:   2104BB00                                                                                ck                      FG_COMMON, 187, 0
145A:   2C0705310000231EFAAE08070807FF0018070000                                                aot_set                 ID_AOT_7, SCE_EVENT, SAT_PL | SAT_MANUAL | SAT_FRONT, 0, 0, 7715, -20742, 1800, 1800, 255, 0, I_GOSUB, main_07, 0, 0
146E:   2C0606210000231EFAAE080708070A002F000100                                                aot_set                 ID_AOT_6, SCE_FLAG_CHG, SAT_PL | SAT_FRONT, 0, 0, 7715, -20742, 1800, 1800, 10, 0, ITEM_LIGHTER, 0, aot, 0
1482:   07004800                                                                                else                    0, off_14CA

off_1486:
1486:   2C0705310000231EFAAE08070807FF0018080000                                                aot_set                 ID_AOT_7, SCE_EVENT, SAT_PL | SAT_MANUAL | SAT_FRONT, 0, 0, 7715, -20742, 1800, 1800, 255, 0, I_GOSUB, main_08, 0, 0
149A:   06002A00                                                                                if                      0, off_14C8
149E:   21221200                                                                                ck                      FG_ITEM_2, 18, 0
14A2:   2E0400                                                                                  work_set                WK_OBJECT, ID_OBJ_0
14A5:   00                                                                                      nop
14A6:   3200FE2500000BBF                                                                        pos_set                 0, 9726, 0, -16629
14AE:   33000000000000F8                                                                        dir_set                 0, 0, 0, -2048
14B6:   3A000517040000200000000000000000                                                        sce_espr_on             0, 5893, 4, 8192, 0, 0, 0, 0
14C6:   08                                                                                      endif
14C7:   00                                                                                      nop

off_14C8:
14C8:   00                                                                                      nop
14C9:   00                                                                                      nop

off_14CA:
14CA:   06001800                                                                                if                      0, off_14E6
14CE:   23001B000E04                                                                            cmp                     0, V_LAST_RDT, CMP_EQ, 1038
14D4:   06000A00                                                                                if                      0, off_14E2
14D8:   21046701                                                                                ck                      FG_COMMON, 103, 1
14DC:   04FF1804                                                                                evt_exec                255, I_GOSUB, main_04
14E0:   08                                                                                      endif
14E1:   00                                                                                      nop

off_14E2:
14E2:   07000800                                                                                else                    0, off_14EA

off_14E6:
14E6:   1805                                                                                    gosub                   main_05
14E8:   00                                                                                      nop
14E9:   00                                                                                      nop

off_14EA:
14EA:   0100                                                                                    evt_end                 0

.proc aot
14EC:   180A                                                                                    gosub                   main_0A
14EE:   0100                                                                                    evt_end                 0

.proc main_02
14F0:   11000800                                                                                do                      0, off_14FC
14F4:   02                                                                                      evt_next
14F5:   00                                                                                      nop
14F6:   1204                                                                                    edwhile                 off_14FC
14F8:   21221200                                                                                ck                      FG_ITEM_2, 18, 0

off_14FC:
14FC:   4C05170400                                                                              sce_espr_kill           5, 23, 4, 0
1501:   00                                                                                      nop
1502:   0100                                                                                    evt_end                 0

.proc main_03
1504:   2E0401                                                                                  work_set                WK_OBJECT, ID_OBJ_1
1507:   00                                                                                      nop
1508:   3200A00F0000F49D                                                                        pos_set                 0, 4000, 0, -25100
1510:   04FF180B                                                                                evt_exec                255, I_GOSUB, main_0B
1514:   180C                                                                                    gosub                   main_0C
1516:   2E0401                                                                                  work_set                WK_OBJECT, ID_OBJ_1
1519:   00                                                                                      nop
151A:   36020B000401000000000000                                                                se_on                   2, 11, 260, 0, 0, 0
1526:   2F006400                                                                                speed_set               0, 100
152A:   0D0004004300                                                                            for                     0, off_1534, 67
1530:   30                                                                                      add_speed
1531:   02                                                                                      evt_next
1532:   0E00                                                                                    next                    0

off_1534:
1534:   2F005000                                                                                speed_set               0, 80
1538:   0D0004000A00                                                                            for                     0, off_1542, 10
153E:   30                                                                                      add_speed
153F:   02                                                                                      evt_next
1540:   0E00                                                                                    next                    0

off_1542:
1542:   2F005000                                                                                speed_set               0, 80
1546:   0D0004001400                                                                            for                     0, off_1550, 20
154C:   30                                                                                      add_speed
154D:   02                                                                                      evt_next
154E:   0E00                                                                                    next                    0

off_1550:
1550:   360001000401000000000000                                                                se_on                   0, 1, 260, 0, 0, 0
155C:   090A3C00                                                                                sleep                   10, 60
1560:   53000207FF02                                                                            sce_fade_set            0, 2, 7, 255, 2
1566:   0100                                                                                    evt_end                 0

.proc main_04
1568:   22020701                                                                                set                     FG_STOP, 7, 1
156C:   22011B01                                                                                set                     FG_STATUS, 27, 1
1570:   02                                                                                      evt_next
1571:   2E0100                                                                                  work_set                WK_PLAYER, 0
1574:   3200008300830083                                                                        pos_set                 0, -32000, -32000, -32000
157C:   06001800                                                                                if                      0, off_1598
1580:   21010301                                                                                ck                      FG_STATUS, 3, 1
1584:   2E0200                                                                                  work_set                WK_SPLAYER, 0
1587:   00                                                                                      nop
1588:   3D1007                                                                                  member_copy             V_TEMP, M_TYPE
158B:   00                                                                                      nop
158C:   260000100080                                                                            calc                    0, OP_ADD, V_TEMP, -32768
1592:   350710                                                                                  member_set2             M_TYPE, V_TEMP
1595:   00                                                                                      nop
1596:   08                                                                                      endif
1597:   00                                                                                      nop

off_1598:
1598:   3C00                                                                                    cut_auto                0
159A:   2908                                                                                    cut_chg                 8
159C:   1803                                                                                    gosub                   main_03
159E:   53000207FFF1                                                                            sce_fade_set            0, 2, 7, 255, 241
15A4:   2E0401                                                                                  work_set                WK_OBJECT, ID_OBJ_1
15A7:   00                                                                                      nop
15A8:   3200008300830083                                                                        pos_set                 0, -32000, -32000, -32000
15B0:   2E0100                                                                                  work_set                WK_PLAYER, 0
15B3:   00                                                                                      nop
15B4:   3200F03700009AB1                                                                        pos_set                 0, 14320, 0, -20070
15BC:   33000000000C0000                                                                        dir_set                 0, 0, 3072, 0
15C4:   06002800                                                                                if                      0, off_15F0
15C8:   21010301                                                                                ck                      FG_STATUS, 3, 1
15CC:   2E0200                                                                                  work_set                WK_SPLAYER, 0
15CF:   00                                                                                      nop
15D0:   320054330000AAB0                                                                        pos_set                 0, 13140, 0, -20310
15D8:   33000000000C0000                                                                        dir_set                 0, 0, 3072, 0
15E0:   3D1007                                                                                  member_copy             V_TEMP, M_TYPE
15E3:   00                                                                                      nop
15E4:   260001100080                                                                            calc                    0, OP_SUB, V_TEMP, -32768
15EA:   350710                                                                                  member_set2             M_TYPE, V_TEMP
15ED:   00                                                                                      nop
15EE:   08                                                                                      endif
15EF:   00                                                                                      nop

off_15F0:
15F0:   1805                                                                                    gosub                   main_05
15F2:   2905                                                                                    cut_chg                 5
15F4:   3C01                                                                                    cut_auto                1
15F6:   090A1000                                                                                sleep                   10, 16
15FA:   22020700                                                                                set                     FG_STOP, 7, 0
15FE:   22011B00                                                                                set                     FG_STATUS, 27, 0
1602:   0100                                                                                    evt_end                 0

.proc main_05
1604:   4B0004                                                                                  cut_replace             0, 4
1607:   4B0105                                                                                  cut_replace             1, 5
160A:   4B0206                                                                                  cut_replace             2, 6
160D:   4B0307                                                                                  cut_replace             3, 7
1610:   06000E00                                                                                if                      0, off_1622
1614:   23001B000205                                                                            cmp                     0, V_LAST_RDT, CMP_EQ, 1282
161A:   2907                                                                                    cut_chg                 7
161C:   3C01                                                                                    cut_auto                1
161E:   07001600                                                                                else                    0, off_1634

off_1622:
1622:   06000C00                                                                                if                      0, off_1632
1626:   23001B050E04                                                                            cmp                     0, V_LAST_RDT, CMP_NE, 1038
162C:   2904                                                                                    cut_chg                 4
162E:   3C01                                                                                    cut_auto                1
1630:   08                                                                                      endif
1631:   00                                                                                      nop

off_1632:
1632:   00                                                                                      nop
1633:   00                                                                                      nop

off_1634:
1634:   0100                                                                                    evt_end                 0

.proc main_06
1636:   22020701                                                                                set                     FG_STOP, 7, 1
163A:   22011B01                                                                                set                     FG_STATUS, 27, 1
163E:   06001A00                                                                                if                      0, off_165C
1642:   21010301                                                                                ck                      FG_STATUS, 3, 1
1646:   2E0200                                                                                  work_set                WK_SPLAYER, 0
1649:   00                                                                                      nop
164A:   3200C02B0000D7B0                                                                        pos_set                 0, 11200, 0, -20265
1652:   3300000000080000                                                                        dir_set                 0, 0, 2048, 0
165A:   08                                                                                      endif
165B:   00                                                                                      nop

off_165C:
165C:   2E0100                                                                                  work_set                WK_PLAYER, 0
165F:   00                                                                                      nop
1660:   3200142800009CB4                                                                        pos_set                 0, 10260, 0, -19300
1668:   3300000000080000                                                                        dir_set                 0, 0, 2048, 0
1670:   41020000000000001E1E                                                                    plc_neck                2, 0, 0, 0, 30, 30
167A:   090A0A00                                                                                sleep                   10, 10
167E:   3F010600                                                                                plc_motion              1, 6, 0
1682:   090A1900                                                                                sleep                   10, 25
1686:   36020D000100000000000000                                                                se_on                   2, 13, 1, 0, 0, 0
1692:   090A1900                                                                                sleep                   10, 25
1696:   04FF1809                                                                                evt_exec                255, I_GOSUB, main_09
169A:   090A0100                                                                                sleep                   10, 1
169E:   8BC805000000                                                                            nop_8b                  200, 5, 0, 0, 0
16A4:   090A0400                                                                                sleep                   10, 4
16A8:   41020000000000FE001E                                                                    plc_neck                2, 0, 0, -512, 0, 30
16B2:   06001400                                                                                if                      0, off_16CA
16B6:   21010301                                                                                ck                      FG_STATUS, 3, 1
16BA:   2E0200                                                                                  work_set                WK_SPLAYER, 0
16BD:   00                                                                                      nop
16BE:   41020000000000001414                                                                    plc_neck                2, 0, 0, 0, 20, 20
16C8:   08                                                                                      endif
16C9:   00                                                                                      nop

off_16CA:
16CA:   36020A000100000000000000                                                                se_on                   2, 10, 1, 0, 0, 0
16D6:   090A2D00                                                                                sleep                   10, 45
16DA:   290C                                                                                    cut_chg                 12
16DC:   06001A00                                                                                if                      0, off_16FA
16E0:   21221200                                                                                ck                      FG_ITEM_2, 18, 0
16E4:   2E0400                                                                                  work_set                WK_OBJECT, ID_OBJ_0
16E7:   00                                                                                      nop
16E8:   3200FE2500000BBF                                                                        pos_set                 0, 9726, 0, -16629
16F0:   33000000000000F8                                                                        dir_set                 0, 0, 0, -2048
16F8:   08                                                                                      endif
16F9:   00                                                                                      nop

off_16FA:
16FA:   06001400                                                                                if                      0, off_1712
16FE:   21010301                                                                                ck                      FG_STATUS, 3, 1
1702:   2E0200                                                                                  work_set                WK_SPLAYER, 0
1705:   00                                                                                      nop
1706:   4102000020FE0001641E                                                                    plc_neck                2, 0, -480, 256, 100, 30
1710:   08                                                                                      endif
1711:   00                                                                                      nop

off_1712:
1712:   2E0100                                                                                  work_set                WK_PLAYER, 0
1715:   00                                                                                      nop
1716:   41020000E0010001641E                                                                    plc_neck                2, 0, 480, 256, 100, 30
1720:   02                                                                                      evt_next
1721:   00                                                                                      nop
1722:   36020C000100000000000000                                                                se_on                   2, 12, 1, 0, 0, 0
172E:   090A3C00                                                                                sleep                   10, 60
1732:   06004000                                                                                if                      0, off_1776
1736:   21221200                                                                                ck                      FG_ITEM_2, 18, 0
173A:   3A000517040000200000000000000000                                                        sce_espr_on             0, 5893, 4, 8192, 0, 0, 0, 0
174A:   090A0500                                                                                sleep                   10, 5
174E:   3A000517040000200000000000000000                                                        sce_espr_on             0, 5893, 4, 8192, 0, 0, 0, 0
175E:   090A0500                                                                                sleep                   10, 5
1762:   3A000517040000200000000000000000                                                        sce_espr_on             0, 5893, 4, 8192, 0, 0, 0, 0
1772:   07000A00                                                                                else                    0, off_177C

off_1776:
1776:   090A0A00                                                                                sleep                   10, 10
177A:   00                                                                                      nop
177B:   00                                                                                      nop

off_177C:
177C:   090A1E00                                                                                sleep                   10, 30
1780:   06000C00                                                                                if                      0, off_1790
1784:   21221200                                                                                ck                      FG_ITEM_2, 18, 0
1788:   4C05170400                                                                              sce_espr_kill           5, 23, 4, 0
178D:   00                                                                                      nop
178E:   08                                                                                      endif
178F:   00                                                                                      nop

off_1790:
1790:   530103070000                                                                            sce_fade_set            1, 3, 7, 0, 0
1796:   0D000E000600                                                                            for                     0, off_17AA, 6
179C:   74010010                                                                                sce_fade_adjust         1, 0, 16
17A0:   02                                                                                      evt_next
17A1:   00                                                                                      nop
17A2:   74010000                                                                                sce_fade_adjust         1, 0, 0
17A6:   02                                                                                      evt_next
17A7:   00                                                                                      nop
17A8:   0E00                                                                                    next                    0

off_17AA:
17AA:   2A                                                                                      cut_old
17AB:   00                                                                                      nop
17AC:   090A1400                                                                                sleep                   10, 20
17B0:   3C01                                                                                    cut_auto                1
17B2:   06001400                                                                                if                      0, off_17CA
17B6:   21010301                                                                                ck                      FG_STATUS, 3, 1
17BA:   2E0200                                                                                  work_set                WK_SPLAYER, 0
17BD:   00                                                                                      nop
17BE:   41060000000000000000                                                                    plc_neck                6, 0, 0, 0, 0, 0
17C8:   08                                                                                      endif
17C9:   00                                                                                      nop

off_17CA:
17CA:   2E0100                                                                                  work_set                WK_PLAYER, 0
17CD:   3F010680                                                                                plc_motion              1, 6, 128
17D1:   00                                                                                      nop
17D2:   41060000000000000000                                                                    plc_neck                6, 0, 0, 0, 0, 0
17DC:   090A1900                                                                                sleep                   10, 25
17E0:   42                                                                                      plc_ret
17E1:   22020700                                                                                set                     FG_STOP, 7, 0
17E5:   22011B00                                                                                set                     FG_STATUS, 27, 0
17E9:   00                                                                                      nop
17EA:   0100                                                                                    evt_end                 0

.proc main_07
17EC:   3C00                                                                                    cut_auto                0
17EE:   290A                                                                                    cut_chg                 10
17F0:   2B000200FFFF                                                                            message_on              0, ID_MSG_2, 0, 255, 255
17F6:   02                                                                                      evt_next
17F7:   2A                                                                                      cut_old
17F8:   3C01                                                                                    cut_auto                1
17FA:   0100                                                                                    evt_end                 0

.proc main_08
17FC:   3C00                                                                                    cut_auto                0
17FE:   290A                                                                                    cut_chg                 10
1800:   2B000300FFFF                                                                            message_on              0, ID_MSG_3, 0, 255, 255
1806:   02                                                                                      evt_next
1807:   2A                                                                                      cut_old
1808:   3C01                                                                                    cut_auto                1
180A:   0100                                                                                    evt_end                 0

.proc main_09
180C:   3A00271000000010641D52F9DAB3CA07                                                        sce_espr_on             0, 4135, 0, 4096, 7524, -1710, -19494, 1994
181C:   3A00271000000010641D52F9DAB3CA07                                                        sce_espr_on             0, 4135, 0, 4096, 7524, -1710, -19494, 1994
182C:   090A3200                                                                                sleep                   10, 50
1830:   4C27100000                                                                              sce_espr_kill           39, 16, 0, 0
1835:   00                                                                                      nop
1836:   0100                                                                                    evt_end                 0

.proc main_0A
1838:   06004600                                                                                if                      0, off_1882
183C:   2104BB00                                                                                ck                      FG_COMMON, 187, 0
1840:   230002002F00                                                                            cmp                     0, V_USED_ITEM, CMP_EQ, 47
1846:   04FF1806                                                                                evt_exec                255, I_GOSUB, main_06
184A:   2204BB01                                                                                set                     FG_COMMON, 187, 1
184E:   46060031000000000000                                                                    aot_reset               ID_AOT_6, SCE_AUTO, SAT_PL | SAT_MANUAL | SAT_FRONT, 0, 0, 0, 0, 0, 0
1858:   46050031000000000000                                                                    aot_reset               ID_AOT_5, SCE_AUTO, SAT_PL | SAT_MANUAL | SAT_FRONT, 0, 0, 0, 0, 0, 0
1862:   46070031000000000000                                                                    aot_reset               ID_AOT_7, SCE_AUTO, SAT_PL | SAT_MANUAL | SAT_FRONT, 0, 0, 0, 0, 0, 0
186C:   2C0705310000231EFAAE08070807FF0018080000                                                aot_set                 ID_AOT_7, SCE_EVENT, SAT_PL | SAT_MANUAL | SAT_FRONT, 0, 0, 7715, -20742, 1800, 1800, 255, 0, I_GOSUB, main_08, 0, 0
1880:   08                                                                                      endif
1881:   00                                                                                      nop

off_1882:
1882:   0100                                                                                    evt_end                 0

.proc main_0B
1884:   24040000                                                                                save                    V_04, 0
1888:   24050000                                                                                save                    V_05, 0
188C:   11005E00                                                                                do                      0, off_18EE
1890:   2E0401                                                                                  work_set                WK_OBJECT, ID_OBJ_1
1893:   00                                                                                      nop
1894:   3D100B                                                                                  member_copy             V_TEMP, M_X_POS
1897:   00                                                                                      nop
1898:   26000110803E                                                                            calc                    0, OP_SUB, V_TEMP, 16000
189E:   250410                                                                                  copy                    V_04, V_TEMP
18A1:   00                                                                                      nop
18A2:   6B00204E                                                                                light_kido_set          0, 20000
18A6:   6B015046                                                                                light_kido_set          1, 18000
18AA:   6A00000C7CFC                                                                            light_pos_set           0, 0, 12, -900
18B0:   6A00000D08A3                                                                            light_pos_set           0, 0, 13, -23800
18B6:   1D040401                                                                                work_copy               4, 4, 1
18BA:   6A00000B0000                                                                            light_pos_set           0, 0, 11, 0
18C0:   6A00010C6CEE                                                                            light_pos_set           0, 1, 12, -4500
18C6:   6A00010D08A3                                                                            light_pos_set           0, 1, 13, -23800
18CC:   1D040401                                                                                work_copy               4, 4, 1
18D0:   6A00010B0000                                                                            light_pos_set           0, 1, 11, 0
18D6:   251004                                                                                  copy                    V_TEMP, V_04
18D9:   00                                                                                      nop
18DA:   26000110C409                                                                            calc                    0, OP_SUB, V_TEMP, 2500
18E0:   250510                                                                                  copy                    V_05, V_TEMP
18E3:   00                                                                                      nop
18E4:   02                                                                                      evt_next
18E5:   00                                                                                      nop
18E6:   1206                                                                                    edwhile                 off_18EE
18E8:   23001A000800                                                                            cmp                     0, V_CUT, CMP_EQ, 8

off_18EE:
18EE:   0100                                                                                    evt_end                 0

.proc main_0C
18F0:   8B5005000000                                                                            nop_8b                  80, 5, 0, 0, 0
18F6:   8C00323C1E000000                                                                        nop_8c                  0, 50, 60, 30, 0, 0, 0
18FE:   8C003C281E001400                                                                        nop_8c                  0, 60, 40, 30, 0, 20, 0
1906:   8C00283C1E002800                                                                        nop_8c                  0, 40, 60, 30, 0, 40, 0
190E:   8C003C2814003C00                                                                        nop_8c                  0, 60, 40, 20, 0, 60, 0
1916:   8C003C001B004600                                                                        nop_8c                  0, 60, 0, 27, 0, 70, 0
191E:   0100                                                                                    evt_end                 0
