.version 2
.init
.proc init_00
13C2:   06005600                                                                                if                      0, off_141C
13C6:   21010001                                                                                ck                      1, 0, 1
13CA:   06002800                                                                                if                      0, off_13F6
13CE:   21010100                                                                                ck                      1, 1, 0
13D2:   3B00013100004B92429708079808EBE80000DB9AD0F7040205001A0100000000                        door_aot_se             0, SCE_DOOR, SAT_PL | SAT_MANUAL | SAT_FRONT, 0, 0, -28085, -26814, 1800, 2200, -5909, 0, -25893, -2096, 4, 2, 5, 0, 26, 1, 0, 0, UNLOCKED, 0
13F2:   07002600                                                                                else                    0, off_1418

off_13F6:
13F6:   3B00013100004B92429708079808EBE80000DB9AD0F704020B001A0100000000                        door_aot_se             0, SCE_DOOR, SAT_PL | SAT_MANUAL | SAT_FRONT, 0, 0, -28085, -26814, 1800, 2200, -5909, 0, -25893, -2096, 4, 2, 11, 0, 26, 1, 0, 0, UNLOCKED, 0
1416:   00                                                                                      nop
1417:   00                                                                                      nop

off_1418:
1418:   07002600                                                                                else                    0, off_143E

off_141C:
141C:   3B00013100004B92429708079808EBE80000DB9AD0F704020B001A0100000000                        door_aot_se             0, SCE_DOOR, SAT_PL | SAT_MANUAL | SAT_FRONT, 0, 0, -28085, -26814, 1800, 2200, -5909, 0, -25893, -2096, 4, 2, 11, 0, 26, 1, 0, 0, UNLOCKED, 0
143C:   00                                                                                      nop
143D:   00                                                                                      nop

off_143E:
143E:   3B01013100000000000000000000E8A000003D9B40FF04030000160400000000                        door_aot_se             1, SCE_DOOR, SAT_PL | SAT_MANUAL | SAT_FRONT, 0, 0, 0, 0, 0, 0, -24344, 0, -25795, -192, 4, 3, 0, 0, 22, 4, 0, 0, UNLOCKED, 0
145E:   06006000                                                                                if                      0, off_14C2
1462:   21010101                                                                                ck                      1, 1, 1
1466:   4400001F06000005010BACB7000063C42DFF00000000                                            sce_em_set              0, 0, ENEMY_ZOMBIERANDOM, 6, 0, 0, 5, 1, 11, -18516, 0, -15261, -211, 0, 0
147C:   4400011F06000005010C36B90000A7CB470200000000                                            sce_em_set              0, 1, ENEMY_ZOMBIERANDOM, 6, 0, 0, 5, 1, 12, -18122, 0, -13401, 583, 0, 0
1492:   4400021F06000005010DB8AE000041EE0D0700000000                                            sce_em_set              0, 2, ENEMY_ZOMBIERANDOM, 6, 0, 0, 5, 1, 13, -20808, 0, -4543, 1805, 0, 0
14A8:   4400031F06000005023762D400005EC7CD0700000000                                            sce_em_set              0, 3, ENEMY_ZOMBIERANDOM, 6, 0, 0, 5, 2, 55, -11166, 0, -14498, 1997, 0, 0
14BE:   07005E00                                                                                else                    0, off_151C

off_14C2:
14C2:   4400001F00000005010B69B10000B8C5510E00000000                                            sce_em_set              0, 0, ENEMY_ZOMBIERANDOM, 0, 0, 0, 5, 1, 11, -20119, 0, -14920, 3665, 0, 0
14D8:   4400011F00000005010CB5EE00009BE7BF0300000000                                            sce_em_set              0, 1, ENEMY_ZOMBIERANDOM, 0, 0, 0, 5, 1, 12, -4427, 0, -6245, 959, 0, 0
14EE:   4400021F06000005010DF0AE000006EC310700000000                                            sce_em_set              0, 2, ENEMY_ZOMBIERANDOM, 6, 0, 0, 5, 1, 13, -20752, 0, -5114, 1841, 0, 0
1504:   4400031F06000005023798E0000042C9730700000000                                            sce_em_set              0, 3, ENEMY_ZOMBIERANDOM, 6, 0, 0, 5, 2, 55, -8040, 0, -14014, 1907, 0, 0
151A:   00                                                                                      nop
151B:   00                                                                                      nop

off_151C:
151C:   0100                                                                                    evt_end                 0
151E:   2000                                                                                    db                      0x20, 0x00

.main
.proc main_00
152A:   2C060531000028A6B4FBB80BF005FF0018030000                                                aot_set                 6, SCE_EVENT, SAT_PL | SAT_MANUAL | SAT_FRONT, 0, 0, -23000, -1100, 3000, 1520, 255, 0, I_GOSUB, main_03, 0, 0
153E:   4B020A                                                                                  cut_replace             2, 10
1541:   4B030B                                                                                  cut_replace             3, 11
1544:   1804                                                                                    gosub                   4
1546:   1802                                                                                    gosub                   2
1548:   0100                                                                                    evt_end                 0

.proc main_01
154A:   0100                                                                                    evt_end                 0

.proc main_02
154C:   4E0202310000D9E67EE6F00582052600010040000001                                            item_aot_set            2, SCE_ITEM, SAT_PL | SAT_MANUAL | SAT_FRONT, 0, 0, -6439, -6530, 1520, 1410, ITEM_HERBG, 1, 64, 0, 1
1562:   2D0000000000000000000A0010008FEA00000EE8000000080000000000000000000000000000            obj_model_set           0, 0, 0, 0, 0, 0, 0, 10, 16, -5489, 0, -6130, 0, 2048, 0, 0, 0, 0, 0, 0, 0, 0, 0
1588:   06004400                                                                                if                      0, off_15D0
158C:   21010100                                                                                ck                      1, 1, 0
1590:   4E03023100006BF000E76E0540062600010041000101                                            item_aot_set            3, SCE_ITEM, SAT_PL | SAT_MANUAL | SAT_FRONT, 0, 0, -3989, -6400, 1390, 1600, ITEM_HERBG, 1, 65, 1, 1
15A6:   2D0100000000000000000A001000F5F2000026E9000000080000000000000000000000000000            obj_model_set           1, 0, 0, 0, 0, 0, 0, 10, 16, -3339, 0, -5850, 0, 2048, 0, 0, 0, 0, 0, 0, 0, 0, 0
15CC:   07004200                                                                                else                    0, off_160E

off_15D0:
15D0:   4E03023100006BF000E76E0540062800010041000201                                            item_aot_set            3, SCE_ITEM, SAT_PL | SAT_MANUAL | SAT_FRONT, 0, 0, -3989, -6400, 1390, 1600, ITEM_HERBB, 1, 65, 2, 1
15E6:   2D0200000000000000000A001000F5F2000026E9000000080000000000000000000000000000            obj_model_set           2, 0, 0, 0, 0, 0, 0, 10, 16, -3339, 0, -5850, 0, 2048, 0, 0, 0, 0, 0, 0, 0, 0, 0
160C:   00                                                                                      nop
160D:   00                                                                                      nop

off_160E:
160E:   0100                                                                                    evt_end                 0

.proc main_03
1610:   2B000000FFFF                                                                            message_on              0, 0, 0, 255, 255
1616:   02                                                                                      evt_next
1617:   00                                                                                      nop
1618:   06000800                                                                                if                      0, off_1624
161C:   210B1F00                                                                                ck                      11, 31, 0
1620:   4701                                                                                    aot_on                  1
1622:   08                                                                                      endif
1623:   00                                                                                      nop

off_1624:
1624:   0100                                                                                    evt_end                 0

.proc main_04
1626:   06004200                                                                                if                      0, off_166C
162A:   21010301                                                                                ck                      1, 3, 1
162E:   06002000                                                                                if                      0, off_1652
1632:   23001B000205                                                                            cmp                     0, 27, CMP_EQ, 1282
1638:   4400FF41000C001F00FF53990000E698500F00000000                                            sce_em_set              0, 255, ENEMY_ADAWONG1, 0, 12, 0, 31, 0, 255, -26285, 0, -26394, 3920, 0, 0
164E:   07001C00                                                                                else                    0, off_166A

off_1652:
1652:   4400FF41000C001F00FFF5A7000023FC200300000000                                            sce_em_set              0, 255, ENEMY_ADAWONG1, 0, 12, 0, 31, 0, 255, -22539, 0, -989, 800, 0, 0
1668:   00                                                                                      nop
1669:   00                                                                                      nop

off_166A:
166A:   08                                                                                      endif
166B:   00                                                                                      nop

off_166C:
166C:   0100                                                                                    evt_end                 0
166E:   98E0                                                                                    db                      0x98, 0xE0
