.version 2

.init
.proc init
0E0A:   3B0001310100772CA3B850052A0818D00000E79D380804050000070100000000                        door_aot_se             ID_AOT_0, SCE_DOOR, SAT_PL | SAT_MANUAL | SAT_FRONT, 1, 0, 11383, -18269, 1360, 2090, -12264, 0, -25113, 2104, 4, 5, 0, 0, 7, 1, 0, 0, UNLOCKED, 0
0E2A:   06002C00                                                                                if                      0, off_0E5A
0E2E:   21010000                                                                                ck                      FG_STATUS, F_PLAYER, 0
0E32:   21010101                                                                                ck                      FG_STATUS, F_SCENARIO, 1
0E36:   3B01013100006ECA6DC70C08F807C0AC000065A5000805070000290000986200                        door_aot_se             ID_AOT_1, SCE_DOOR, SAT_PL | SAT_MANUAL | SAT_FRONT, 0, 0, -13714, -14483, 2060, 2040, -21312, 0, -23195, 2048, 5, 7, 0, 0, 41, 0, 0, 152, ITEM_MASTERKEY, 0
0E56:   07002600                                                                                else                    0, off_0E7C

off_0E5A:
0E5A:   3B01013100006ECA6DC70C08F807C0AC000065A5000805070000290000000000                        door_aot_se             ID_AOT_1, SCE_DOOR, SAT_PL | SAT_MANUAL | SAT_FRONT, 0, 0, -13714, -14483, 2060, 2040, -21312, 0, -23195, 2048, 5, 7, 0, 0, 41, 0, 0, 0, UNLOCKED, 0
0E7A:   00                                                                                      nop
0E7B:   00                                                                                      nop

off_0E7C:
0E7C:   3B02013100008AA461B0D408100EE6AC0000FFA3100805010000270000000000                        door_aot_se             ID_AOT_2, SCE_DOOR, SAT_PL | SAT_MANUAL | SAT_FRONT, 0, 0, -23414, -20383, 2260, 3600, -21274, 0, -23553, 2064, 5, 1, 0, 0, 39, 0, 0, 0, UNLOCKED, 0
0E9C:   06002C00                                                                                if                      0, off_0ECC
0EA0:   21010000                                                                                ck                      FG_STATUS, F_PLAYER, 0
0EA4:   21032401                                                                                ck                      FG_SCENARIO, 36, 1
0EA8:   3B03013100004CD8918F2409760741DD0000C91D000405110000250000000000                        door_aot_se             ID_AOT_3, SCE_DOOR, SAT_PL | SAT_MANUAL | SAT_FRONT, 0, 0, -10164, -28783, 2340, 1910, -8895, 0, 7625, 1024, 5, 17, 0, 0, 37, 0, 0, 0, UNLOCKED, 0
0EC8:   07002600                                                                                else                    0, off_0EEE

off_0ECC:
0ECC:   3B03013100004CD8918F2409760741DD0000C91D000405080000250000000000                        door_aot_se             ID_AOT_3, SCE_DOOR, SAT_PL | SAT_MANUAL | SAT_FRONT, 0, 0, -10164, -28783, 2340, 1910, -8895, 0, 7625, 1024, 5, 8, 0, 0, 37, 0, 0, 0, UNLOCKED, 0
0EEC:   00                                                                                      nop
0EED:   00                                                                                      nop

off_0EEE:
0EEE:   0100                                                                                    evt_end                 0

.main
.proc main
0EFE:   06001400                                                                                if                      0, off_0F16
0F02:   21045C01                                                                                ck                      FG_COMMON, 92, 1
0F06:   21010101                                                                                ck                      FG_STATUS, F_SCENARIO, 1
0F0A:   4600043101000000FFFF                                                                    aot_reset               ID_AOT_0, SCE_MESSAGE, SAT_PL | SAT_MANUAL | SAT_FRONT, ID_MSG_1, 0, 0, 0, 255, 255
0F14:   08                                                                                      endif
0F15:   00                                                                                      nop

off_0F16:
0F16:   1802                                                                                    gosub                   main_02
0F18:   0100                                                                                    evt_end                 0

.proc aot
0F1A:   1803                                                                                    gosub                   main_03
0F1C:   0100                                                                                    evt_end                 0

.proc main_02
0F1E:   06001000                                                                                if                      0, off_0F32
0F22:   21010100                                                                                ck                      FG_STATUS, F_SCENARIO, 0
0F26:   4602043100000000FFFF                                                                    aot_reset               ID_AOT_2, SCE_MESSAGE, SAT_PL | SAT_MANUAL | SAT_FRONT, ID_MSG_0, 0, 0, 0, 255, 255
0F30:   08                                                                                      endif
0F31:   00                                                                                      nop

off_0F32:
0F32:   06002200                                                                                if                      0, off_0F58
0F36:   21010100                                                                                ck                      FG_STATUS, F_SCENARIO, 0
0F3A:   06001200                                                                                if                      0, off_0F50
0F3E:   2104BC00                                                                                ck                      FG_COMMON, 188, 0
0F42:   46030531FF0018040000                                                                    aot_reset               ID_AOT_3, SCE_EVENT, SAT_PL | SAT_MANUAL | SAT_FRONT, 255, 0, I_GOSUB, main_04, 0, 0
0F4C:   07000800                                                                                else                    0, off_0F54

off_0F50:
0F50:   1805                                                                                    gosub                   main_05
0F52:   00                                                                                      nop
0F53:   00                                                                                      nop

off_0F54:
0F54:   07000800                                                                                else                    0, off_0F5C

off_0F58:
0F58:   1806                                                                                    gosub                   main_06
0F5A:   00                                                                                      nop
0F5B:   00                                                                                      nop

off_0F5C:
0F5C:   0100                                                                                    evt_end                 0

.proc main_03
0F5E:   06001000                                                                                if                      0, off_0F72
0F62:   2104AC00                                                                                ck                      FG_COMMON, 172, 0
0F66:   211F1801                                                                                ck                      FG_KEY, 24, 1
0F6A:   2204AC01                                                                                set                     FG_COMMON, 172, 1
0F6E:   4701                                                                                    aot_on                  ID_AOT_1
0F70:   08                                                                                      endif
0F71:   00                                                                                      nop

off_0F72:
0F72:   0100                                                                                    evt_end                 0

.proc main_04
0F74:   2204BC01                                                                                set                     FG_COMMON, 188, 1
0F78:   4603013141DD0000C91D                                                                    aot_reset               ID_AOT_3, SCE_DOOR, SAT_PL | SAT_MANUAL | SAT_FRONT, 65, 221, 0, 0, 201, 29
0F82:   4703                                                                                    aot_on                  ID_AOT_3
0F84:   0100                                                                                    evt_end                 0

.proc main_05
0F86:   440000170000002E003E46CD0000D8BDEB0100000000                                            sce_em_set              0, ID_EM_0, ENEMY_ZOMBIE_NAKED, 0, AI_DEFAULT, 0, SBK_46, 0, 62, -12986, 0, -16936, 491, 0, 0
0F9C:   440001170000002E003F92CC00009EB4FB0C00000000                                            sce_em_set              0, ID_EM_1, ENEMY_ZOMBIE_NAKED, 0, AI_DEFAULT, 0, SBK_46, 0, 63, -13166, 0, -19298, 3323, 0, 0
0FB2:   440002170000002E0040F4DA000062A4050E00000000                                            sce_em_set              0, ID_EM_2, ENEMY_ZOMBIE_NAKED, 0, AI_DEFAULT, 0, SBK_46, 0, 64, -9484, 0, -23454, 3589, 0, 0
0FC8:   440003170600002E0041F2F30000B1B7C10900000000                                            sce_em_set              0, ID_EM_3, ENEMY_ZOMBIE_NAKED, 6, AI_DEFAULT, 0, SBK_46, 0, 65, -3086, 0, -18511, 2497, 0, 0
0FDE:   440004170600002E00AB97ED00004BCC500600000000                                            sce_em_set              0, ID_EM_4, ENEMY_ZOMBIE_NAKED, 6, AI_DEFAULT, 0, SBK_46, 0, 171, -4713, 0, -13237, 1616, 0, 0
0FF4:   0100                                                                                    evt_end                 0

.proc main_06
0FF6:   06000800                                                                                if                      0, off_1002
0FFA:   21045C00                                                                                ck                      FG_COMMON, 92, 0
0FFE:   1805                                                                                    gosub                   main_05
1000:   08                                                                                      endif
1001:   00                                                                                      nop

off_1002:
1002:   0100                                                                                    evt_end                 0
