.version 2

.init
.proc init
0B36:   3B0001310000B2AD209F0807080732D300009ECB000005060500290100000000                        door_aot_se             0, SCE_DOOR, SAT_PL | SAT_MANUAL | SAT_FRONT, 0, 0, -21070, -24800, 1800, 1800, -11470, 0, -13410, 0, 5, 6, 5, 0, 41, 1, 0, 0, UNLOCKED, 0
0B56:   06002600                                                                                if                      0, off_0B80
0B5A:   21010000                                                                                ck                      FG_GAME, F_PLAYER, 0
0B5E:   3B01013100000000000001000100E6AC0000FFA3100805010000270000000000                        door_aot_se             1, SCE_DOOR, SAT_PL | SAT_MANUAL | SAT_FRONT, 0, 0, 0, 0, 1, 1, -21274, 0, -23553, 2064, 5, 1, 0, 0, 39, 0, 0, 0, UNLOCKED, 0
0B7E:   08                                                                                      endif
0B7F:   00                                                                                      nop

off_0B80:
0B80:   2D0000000000000000000A0010003CABBAFA4A980000000C0000000000000000000000000000            obj_model_set           0, 0, 0, 0, 0, 0, 0, 10, 16, -21700, -1350, -26550, 0, 3072, 0, 0, 0, 0, 0, 0, 0, 0, 0
0BA6:   2C020A310000AAA6469760090807000001000000                                                aot_set                 2, SCE_ITEMBOX, SAT_PL | SAT_MANUAL | SAT_FRONT, 0, 0, -22870, -26810, 2400, 1800, 0, 0, 1, 0, 0, 0
0BBA:   2C090931000033A02C9D0807A4060A0000000000                                                aot_set                 9, SCE_SAVE, SAT_PL | SAT_MANUAL | SAT_FRONT, 0, 0, -24525, -25300, 1800, 1700, 10, 0, 0, 0, 0, 0
0BCE:   0100                                                                                    evt_end                 0

.main
.proc main
0BE8:   0600D000                                                                                if                      0, off_0CBC
0BEC:   21010100                                                                                ck                      FG_GAME, F_SCENARIO, 0
0BF0:   2D0300000000000000000A00100066A414FB969C000000000000000000000000000000000000            obj_model_set           3, 0, 0, 0, 0, 0, 0, 10, 16, -23450, -1260, -25450, 0, 0, 0, 0, 0, 0, 0, 0, 0, 0, 0
0C16:   2D0200000000000000000A00100064B504F764BF000000000000000000000000000000000000            obj_model_set           2, 0, 0, 0, 0, 0, 0, 10, 16, -19100, -2300, -16540, 0, 0, 0, 0, 0, 0, 0, 0, 0, 0, 0
0C3C:   4E030231000033A02C9D0807A4061E0003001B000300                                            item_aot_set            3, SCE_ITEM, SAT_PL | SAT_MANUAL | SAT_FRONT, 0, 0, -24525, -25300, 1800, 1700, ITEM_INKRIBBON, 3, 27, 3, 0
0C52:   4E0402310000D0B2C2BBD007D0072600010034000200                                            item_aot_set            4, SCE_ITEM, SAT_PL | SAT_MANUAL | SAT_FRONT, 0, 0, -19760, -17470, 2000, 2000, ITEM_HERBG, 1, 52, 2, 0
0C68:   4E05023100000083008301000100150007003500FF00                                            item_aot_set            5, SCE_ITEM, SAT_PL | SAT_MANUAL | SAT_FRONT, 0, 0, -32000, -32000, 1, 1, ITEM_SHOTGUNAMMO, 7, 53, 255, 0
0C7E:   2D0400000000000000000A001000649C14FB36AC0000C0FD0000000000000000000000000000            obj_model_set           4, 0, 0, 0, 0, 0, 0, 10, 16, -25500, -1260, -21450, 0, -576, 0, 0, 0, 0, 0, 0, 0, 0, 0
0CA4:   4E0602310000599896AB0807080716000800360004C0                                            item_aot_set            6, SCE_ITEM, SAT_PL | SAT_MANUAL | SAT_FRONT, 0, 0, -26535, -21610, 1800, 1800, ITEM_MAGNUMAMMO, 8, 54, 4, 192
0CBA:   08                                                                                      endif
0CBB:   00                                                                                      nop

off_0CBC:
0CBC:   2C08043100005998F2A40807401F12000000FFFF                                                aot_set                 8, SCE_MESSAGE, SAT_PL | SAT_MANUAL | SAT_FRONT, 0, 0, -26535, -23310, 1800, 8000, 18, 0, 0, 0, 255, 255
0CD0:   06005400                                                                                if                      0, off_0D28
0CD4:   21049A00                                                                                ck                      FG_GENERAL_1, 154, 0
0CD8:   06001E00                                                                                if                      0, off_0CFA
0CDC:   21010100                                                                                ck                      FG_GAME, F_SCENARIO, 0
0CE0:   4400FF430000000000FFC8B5B40070B3B80B02015400                                            sce_em_set              0, 255, ENEMY_ADA_WONG_2, 0, 0, 0, 0, 0, 255, -19000, 180, -19600, 3000, 258, 84
0CF6:   07001C00                                                                                else                    0, off_0D12

off_0CFA:
0CFA:   4400FF4F0000000000FFC8B5B400E0B1000000015400                                            sce_em_set              0, 255, ENEMY_SHERRY_JACKET, 0, 0, 0, 0, 0, 255, -19000, 180, -20000, 0, 256, 84
0D10:   00                                                                                      nop
0D11:   00                                                                                      nop

off_0D12:
0D12:   2E0200                                                                                  work_set                WK_SPLAYER, 0
0D15:   00                                                                                      nop
0D16:   3D1000                                                                                  member_copy             V_TEMP, 0
0D19:   00                                                                                      nop
0D1A:   260005100004                                                                            calc                    0, OP_OR, V_TEMP, 1024
0D20:   350010                                                                                  member_set2             0, V_TEMP
0D23:   00                                                                                      nop
0D24:   07002800                                                                                else                    0, off_0D4C

off_0D28:
0D28:   06001E00                                                                                if                      0, off_0D4A
0D2C:   21010100                                                                                ck                      FG_GAME, F_SCENARIO, 0
0D30:   21048500                                                                                ck                      FG_GENERAL_1, 133, 0
0D34:   2C07043100000AB036AC0807100E13000000FFFF                                                aot_set                 7, SCE_MESSAGE, SAT_PL | SAT_MANUAL | SAT_FRONT, 0, 0, -20470, -21450, 1800, 3600, 19, 0, 0, 0, 255, 255
0D48:   08                                                                                      endif
0D49:   00                                                                                      nop

off_0D4A:
0D4A:   00                                                                                      nop
0D4B:   00                                                                                      nop

off_0D4C:
0D4C:   06001A00                                                                                if                      0, off_0D6A
0D50:   21223500                                                                                ck                      34, 53, 0
0D54:   2C0A05310000D49F13C098080807FF00180B0000                                                aot_set                 10, SCE_EVENT, SAT_PL | SAT_MANUAL | SAT_FRONT, 0, 0, -24620, -16365, 2200, 1800, 255, 0, I_GOSUB, main_0B, 0, 0
0D68:   08                                                                                      endif
0D69:   00                                                                                      nop

off_0D6A:
0D6A:   06002200                                                                                if                      0, off_0D90
0D6E:   21048200                                                                                ck                      FG_GENERAL_1, 130, 0
0D72:   06001200                                                                                if                      0, off_0D88
0D76:   21010100                                                                                ck                      FG_GAME, F_SCENARIO, 0
0D7A:   510101000000                                                                            sce_bgm_control         1, 1, 0, 0, 0
0D80:   04FF1802                                                                                evt_exec                255, I_GOSUB, main_02
0D84:   07000A00                                                                                else                    0, off_0D8E

off_0D88:
0D88:   04FF1808                                                                                evt_exec                255, I_GOSUB, main_08
0D8C:   00                                                                                      nop
0D8D:   00                                                                                      nop

off_0D8E:
0D8E:   08                                                                                      endif
0D8F:   00                                                                                      nop

off_0D90:
0D90:   0100                                                                                    evt_end                 0

.proc aot
0D92:   0100                                                                                    evt_end                 0

.proc main_02
0D94:   02                                                                                      evt_next
0D95:   00                                                                                      nop
0D96:   5301020700F8                                                                            sce_fade_set            1, 2, 7, 0, 248
0D9C:   22020701                                                                                set                     FG_STATE, 7, 1
0DA0:   22011B01                                                                                set                     FG_GAME, 27, 1
0DA4:   22048201                                                                                set                     FG_GENERAL_1, 130, 1
0DA8:   2E0100                                                                                  work_set                WK_PLAYER, 0
0DAB:   00                                                                                      nop
0DAC:   3200D5AE00003EB2                                                                        pos_set                 0, -20779, 0, -19906
0DB4:   3300000000010000                                                                        dir_set                 0, 0, 256, 0
0DBC:   3C00                                                                                    cut_auto                0
0DBE:   2904                                                                                    cut_chg                 4
0DC0:   2E0100                                                                                  work_set                WK_PLAYER, 0
0DC3:   3F001840                                                                                plc_motion              0, 24, 64
0DC7:   00                                                                                      nop
0DC8:   41020000000001FF00FF                                                                    plc_neck                2, 0, 0, -255, 0, 255
0DD2:   02                                                                                      evt_next
0DD3:   2E0200                                                                                  work_set                WK_SPLAYER, 0
0DD6:   410200008000FF0080FF                                                                    plc_neck                2, 0, 128, 255, 128, 255
0DE0:   02                                                                                      evt_next
0DE1:   2E0100                                                                                  work_set                WK_PLAYER, 0
0DE4:   4102000080FF01FF0800                                                                    plc_neck                2, 0, -128, -255, 8, 0
0DEE:   090A2000                                                                                sleep                   10, 32
0DF2:   2E0100                                                                                  work_set                WK_PLAYER, 0
0DF5:   00                                                                                      nop
0DF6:   41020000000001FF1400                                                                    plc_neck                2, 0, 0, -255, 20, 0
0E00:   090A1000                                                                                sleep                   10, 16
0E04:   2908                                                                                    cut_chg                 8
0E06:   02                                                                                      evt_next
0E07:   00                                                                                      nop
0E08:   59002900                                                                                xa_on                   0, 41
0E0C:   2E0200                                                                                  work_set                WK_SPLAYER, 0
0E0F:   00                                                                                      nop
0E10:   410200000000FF000800                                                                    plc_neck                2, 0, 0, 255, 8, 0
0E1A:   090A2000                                                                                sleep                   10, 32
0E1E:   410200008000FF000800                                                                    plc_neck                2, 0, 128, 255, 8, 0
0E28:   090A2000                                                                                sleep                   10, 32
0E2C:   090A0A00                                                                                sleep                   10, 10
0E30:   0B                                                                                      wsleep
0E31:   0C                                                                                      wsleeping
0E32:   02                                                                                      evt_next
0E33:   2901                                                                                    cut_chg                 1
0E35:   02                                                                                      evt_next
0E36:   59001D00                                                                                xa_on                   0, 29
0E3A:   2B0000000000                                                                            message_on              0, 0, 0, 0, 0
0E40:   02                                                                                      evt_next
0E41:   2E0100                                                                                  work_set                WK_PLAYER, 0
0E44:   3F001900                                                                                plc_motion              0, 25, 0
0E48:   41020000000080FF001E                                                                    plc_neck                2, 0, 0, -128, 0, 30
0E52:   090A1400                                                                                sleep                   10, 20
0E56:   3F001980                                                                                plc_motion              0, 25, 128
0E5A:   090A1400                                                                                sleep                   10, 20
0E5E:   0B                                                                                      wsleep
0E5F:   0C                                                                                      wsleeping
0E60:   2908                                                                                    cut_chg                 8
0E62:   02                                                                                      evt_next
0E63:   00                                                                                      nop
0E64:   04FF1803                                                                                evt_exec                255, I_GOSUB, main_03
0E68:   02                                                                                      evt_next
0E69:   00                                                                                      nop
0E6A:   0B                                                                                      wsleep
0E6B:   0C                                                                                      wsleeping
0E6C:   2904                                                                                    cut_chg                 4
0E6E:   090A1400                                                                                sleep                   10, 20
0E72:   59001F00                                                                                xa_on                   0, 31
0E76:   2B0001000000                                                                            message_on              0, 1, 0, 0, 0
0E7C:   02                                                                                      evt_next
0E7D:   3F001900                                                                                plc_motion              0, 25, 0
0E81:   00                                                                                      nop
0E82:   090A1900                                                                                sleep                   10, 25
0E86:   3F001980                                                                                plc_motion              0, 25, 128
0E8A:   090A1E00                                                                                sleep                   10, 30
0E8E:   3F001A00                                                                                plc_motion              0, 26, 0
0E92:   090A3200                                                                                sleep                   10, 50
0E96:   3F001B00                                                                                plc_motion              0, 27, 0
0E9A:   090A1400                                                                                sleep                   10, 20
0E9E:   090A0F00                                                                                sleep                   10, 15
0EA2:   3F001B80                                                                                plc_motion              0, 27, 128
0EA6:   090A1900                                                                                sleep                   10, 25
0EAA:   3F001A00                                                                                plc_motion              0, 26, 0
0EAE:   090A1900                                                                                sleep                   10, 25
0EB2:   3F001A80                                                                                plc_motion              0, 26, 128
0EB6:   090A1900                                                                                sleep                   10, 25
0EBA:   0B                                                                                      wsleep
0EBB:   0C                                                                                      wsleeping
0EBC:   2908                                                                                    cut_chg                 8
0EBE:   02                                                                                      evt_next
0EBF:   00                                                                                      nop
0EC0:   04FF1804                                                                                evt_exec                255, I_GOSUB, main_04
0EC4:   090A0200                                                                                sleep                   10, 2
0EC8:   0B                                                                                      wsleep
0EC9:   0C                                                                                      wsleeping
0ECA:   2906                                                                                    cut_chg                 6
0ECC:   2E0200                                                                                  work_set                WK_SPLAYER, 0
0ECF:   02                                                                                      evt_next
0ED0:   59002100                                                                                xa_on                   0, 33
0ED4:   2B0003000000                                                                            message_on              0, 3, 0, 0, 0
0EDA:   04FF1807                                                                                evt_exec                255, I_GOSUB, main_07
0EDE:   02                                                                                      evt_next
0EDF:   2E0100                                                                                  work_set                WK_PLAYER, 0
0EE2:   3F001A00                                                                                plc_motion              0, 26, 0
0EE6:   41020000F00000001E00                                                                    plc_neck                2, 0, 240, 0, 30, 0
0EF0:   090A0800                                                                                sleep                   10, 8
0EF4:   4102000010FF00001E00                                                                    plc_neck                2, 0, -240, 0, 30, 0
0EFE:   090A1000                                                                                sleep                   10, 16
0F02:   41020000000000001E00                                                                    plc_neck                2, 0, 0, 0, 30, 0
0F0C:   090A1000                                                                                sleep                   10, 16
0F10:   3F001A80                                                                                plc_motion              0, 26, 128
0F14:   4102000010FF00001E00                                                                    plc_neck                2, 0, -240, 0, 30, 0
0F1E:   090A1900                                                                                sleep                   10, 25
0F22:   0B                                                                                      wsleep
0F23:   0C                                                                                      wsleeping
0F24:   2908                                                                                    cut_chg                 8
0F26:   02                                                                                      evt_next
0F27:   00                                                                                      nop
0F28:   04FF1805                                                                                evt_exec                255, I_GOSUB, main_05
0F2C:   02                                                                                      evt_next
0F2D:   00                                                                                      nop
0F2E:   0B                                                                                      wsleep
0F2F:   0C                                                                                      wsleeping
0F30:   2904                                                                                    cut_chg                 4
0F32:   02                                                                                      evt_next
0F33:   00                                                                                      nop
0F34:   59002300                                                                                xa_on                   0, 35
0F38:   02                                                                                      evt_next
0F39:   00                                                                                      nop
0F3A:   41020000000000020014                                                                    plc_neck                2, 0, 0, 512, 0, 20
0F44:   0B                                                                                      wsleep
0F45:   0C                                                                                      wsleeping
0F46:   2908                                                                                    cut_chg                 8
0F48:   02                                                                                      evt_next
0F49:   00                                                                                      nop
0F4A:   04FF1806                                                                                evt_exec                255, I_GOSUB, main_06
0F4E:   02                                                                                      evt_next
0F4F:   00                                                                                      nop
0F50:   090A3C00                                                                                sleep                   10, 60
0F54:   41020000000080FF000F                                                                    plc_neck                2, 0, 0, -128, 0, 15
0F5E:   0B                                                                                      wsleep
0F5F:   0C                                                                                      wsleeping
0F60:   2904                                                                                    cut_chg                 4
0F62:   02                                                                                      evt_next
0F63:   00                                                                                      nop
0F64:   59002500                                                                                xa_on                   0, 37
0F68:   2B0006000000                                                                            message_on              0, 6, 0, 0, 0
0F6E:   3F001A00                                                                                plc_motion              0, 26, 0
0F72:   090A3C00                                                                                sleep                   10, 60
0F76:   3F001900                                                                                plc_motion              0, 25, 0
0F7A:   090A2800                                                                                sleep                   10, 40
0F7E:   3F001980                                                                                plc_motion              0, 25, 128
0F82:   090A1400                                                                                sleep                   10, 20
0F86:   0B                                                                                      wsleep
0F87:   0C                                                                                      wsleeping
0F88:   3F010680                                                                                plc_motion              1, 6, 128
0F8C:   090A1900                                                                                sleep                   10, 25
0F90:   2901                                                                                    cut_chg                 1
0F92:   3C01                                                                                    cut_auto                1
0F94:   42                                                                                      plc_ret
0F95:   02                                                                                      evt_next
0F96:   570007060CFF0000                                                                        sce_bgmtbl_set          0, 7, 6, 65292, 0
0F9E:   22020700                                                                                set                     FG_STATE, 7, 0
0FA2:   22011B00                                                                                set                     FG_GAME, 27, 0
0FA6:   0100                                                                                    evt_end                 0

.proc main_03
0FA8:   59001E00                                                                                xa_on                   0, 30
0FAC:   2E0200                                                                                  work_set                WK_SPLAYER, 0
0FAF:   00                                                                                      nop
0FB0:   4102000070FE00010F14                                                                    plc_neck                2, 0, -400, 256, 15, 20
0FBA:   090A2300                                                                                sleep                   10, 35
0FBE:   41020000000000010F14                                                                    plc_neck                2, 0, 0, 256, 15, 20
0FC8:   090A3C00                                                                                sleep                   10, 60
0FCC:   4102000000FE0001140A                                                                    plc_neck                2, 0, -512, 256, 20, 10
0FD6:   090A2800                                                                                sleep                   10, 40
0FDA:   0100                                                                                    evt_end                 0

.proc main_04
0FDC:   59002000                                                                                xa_on                   0, 32
0FE0:   2B0002000000                                                                            message_on              0, 2, 0, 0, 0
0FE6:   41020000780000010F00                                                                    plc_neck                2, 0, 120, 256, 15, 0
0FF0:   090A1E00                                                                                sleep                   10, 30
0FF4:   41020000A2FE00010F00                                                                    plc_neck                2, 0, -350, 256, 15, 0
0FFE:   090A1E00                                                                                sleep                   10, 30
1002:   41020000780000010F00                                                                    plc_neck                2, 0, 120, 256, 15, 0
100C:   090A1E00                                                                                sleep                   10, 30
1010:   41020000A2FE00010F00                                                                    plc_neck                2, 0, -350, 256, 15, 0
101A:   090A1E00                                                                                sleep                   10, 30
101E:   4102000000024001140A                                                                    plc_neck                2, 0, 512, 320, 20, 10
1028:   0100                                                                                    evt_end                 0

.proc main_05
102A:   59002200                                                                                xa_on                   0, 34
102E:   2B0004000000                                                                            message_on              0, 4, 0, 0, 0
1034:   02                                                                                      evt_next
1035:   00                                                                                      nop
1036:   090A1400                                                                                sleep                   10, 20
103A:   4102000000FE00011414                                                                    plc_neck                2, 0, -512, 256, 20, 20
1044:   090A3400                                                                                sleep                   10, 52
1048:   4102000080FF00011414                                                                    plc_neck                2, 0, -128, 256, 20, 20
1052:   090A1400                                                                                sleep                   10, 20
1056:   4102000000FE00011414                                                                    plc_neck                2, 0, -512, 256, 20, 20
1060:   090A3C00                                                                                sleep                   10, 60
1064:   4102000000FE8000140A                                                                    plc_neck                2, 0, -512, 128, 20, 10
106E:   0100                                                                                    evt_end                 0

.proc main_06
1070:   59002400                                                                                xa_on                   0, 36
1074:   2B0005000000                                                                            message_on              0, 5, 0, 0, 0
107A:   02                                                                                      evt_next
107B:   00                                                                                      nop
107C:   090A2800                                                                                sleep                   10, 40
1080:   41020000000080001414                                                                    plc_neck                2, 0, 0, 128, 20, 20
108A:   090A5000                                                                                sleep                   10, 80
108E:   4102000000FE40001E0A                                                                    plc_neck                2, 0, -512, 64, 30, 10
1098:   0100                                                                                    evt_end                 0

.proc main_07
109A:   2E0200                                                                                  work_set                WK_SPLAYER, 0
109D:   00                                                                                      nop
109E:   41020000000040011000                                                                    plc_neck                2, 0, 0, 320, 16, 0
10A8:   090A2000                                                                                sleep                   10, 32
10AC:   090A1400                                                                                sleep                   10, 20
10B0:   4102000080FF40011000                                                                    plc_neck                2, 0, -128, 320, 16, 0
10BA:   090A1C00                                                                                sleep                   10, 28
10BE:   0100                                                                                    evt_end                 0

.proc main_08
10C0:   22020701                                                                                set                     FG_STATE, 7, 1
10C4:   22011B01                                                                                set                     FG_GAME, 27, 1
10C8:   22048201                                                                                set                     FG_GENERAL_1, 130, 1
10CC:   2203C101                                                                                set                     FG_3, 193, 1
10D0:   2E0100                                                                                  work_set                WK_PLAYER, 0
10D3:   00                                                                                      nop
10D4:   3200C7AC000098A4                                                                        pos_set                 0, -21305, 0, -23400
10DC:   3300000000080000                                                                        dir_set                 0, 0, 2048, 0
10E4:   3C00                                                                                    cut_auto                0
10E6:   41020000000200003200                                                                    plc_neck                2, 0, 512, 0, 50, 0
10F0:   090A1400                                                                                sleep                   10, 20
10F4:   40000520F5ADE7B0                                                                        plc_dest                0, 5, 32, -21003, -20249
10FC:   090A0A00                                                                                sleep                   10, 10
1100:   41060000000000000000                                                                    plc_neck                6, 0, 0, 0, 0, 0
110A:   11000800                                                                                do                      0, off_1116
110E:   02                                                                                      evt_next
110F:   00                                                                                      nop
1110:   1204                                                                                    edwhile                 off_1116
1112:   21052000                                                                                ck                      FG_GENERAL_2, 32, 0

off_1116:
1116:   2904                                                                                    cut_chg                 4
1118:   2E0100                                                                                  work_set                WK_PLAYER, 0
111B:   00                                                                                      nop
111C:   33000000AC0F0000                                                                        dir_set                 0, 0, 4012, 0
1124:   090A0500                                                                                sleep                   10, 5
1128:   41050200000000001E1E                                                                    plc_neck                5, 2, 0, 0, 30, 30
1132:   3F000F00                                                                                plc_motion              0, 15, 0
1136:   59002700                                                                                xa_on                   0, 39
113A:   2B0007000000                                                                            message_on              0, 7, 0, 0, 0
1140:   090A1400                                                                                sleep                   10, 20
1144:   3F000F80                                                                                plc_motion              0, 15, 128
1148:   090A1400                                                                                sleep                   10, 20
114C:   3F001500                                                                                plc_motion              0, 21, 0
1150:   090A1E00                                                                                sleep                   10, 30
1154:   3F001300                                                                                plc_motion              0, 19, 0
1158:   090A1E00                                                                                sleep                   10, 30
115C:   3F001380                                                                                plc_motion              0, 19, 128
1160:   090A1E00                                                                                sleep                   10, 30
1164:   0B                                                                                      wsleep
1165:   0C                                                                                      wsleeping
1166:   2903                                                                                    cut_chg                 3
1168:   2E0100                                                                                  work_set                WK_PLAYER, 0
116B:   00                                                                                      nop
116C:   3D100B                                                                                  member_copy             V_TEMP, 11
116F:   00                                                                                      nop
1170:   26000010C800                                                                            calc                    0, OP_ADD, V_TEMP, 200
1176:   350B10                                                                                  member_set2             11, V_TEMP
1179:   00                                                                                      nop
117A:   02                                                                                      evt_next
117B:   3F001100                                                                                plc_motion              0, 17, 0
117F:   00                                                                                      nop
1180:   59002800                                                                                xa_on                   0, 40
1184:   2B0008000000                                                                            message_on              0, 8, 0, 0, 0
118A:   2E0200                                                                                  work_set                WK_SPLAYER, 0
118D:   00                                                                                      nop
118E:   4102000000FE00011E1E                                                                    plc_neck                2, 0, -512, 256, 30, 30
1198:   090A1800                                                                                sleep                   10, 24
119C:   2E0100                                                                                  work_set                WK_PLAYER, 0
119F:   3F001204                                                                                plc_motion              0, 18, 4
11A3:   00                                                                                      nop
11A4:   0B                                                                                      wsleep
11A5:   0C                                                                                      wsleeping
11A6:   3F010610                                                                                plc_motion              1, 6, 16
11AA:   090A0500                                                                                sleep                   10, 5
11AE:   53010207FF03                                                                            sce_fade_set            1, 2, 7, 255, 3
11B4:   090A1400                                                                                sleep                   10, 20
11B8:   7401FF7F                                                                                sce_fade_adjust         1, 255, 127
11BC:   5A00                                                                                    weapon_chg              0
11BE:   2E0100                                                                                  work_set                WK_PLAYER, 0
11C1:   00                                                                                      nop
11C2:   3200B2AD000022A0                                                                        pos_set                 0, -21070, 0, -24542
11CA:   53010207FFF3                                                                            sce_fade_set            1, 2, 7, 255, 243
11D0:   04FF1809                                                                                evt_exec                255, I_GOSUB, main_09
11D4:   04FF180A                                                                                evt_exec                255, I_GOSUB, main_0A
11D8:   090A1400                                                                                sleep                   10, 20
11DC:   0100                                                                                    evt_end                 0

.proc main_09
11DE:   290C                                                                                    cut_chg                 12
11E0:   37000000                                                                                sca_id_set              0, 0, 0
11E4:   37010000                                                                                sca_id_set              1, 0, 0
11E8:   37020000                                                                                sca_id_set              2, 0, 0
11EC:   37030000                                                                                sca_id_set              3, 0, 0
11F0:   37040000                                                                                sca_id_set              4, 0, 0
11F4:   37050000                                                                                sca_id_set              5, 0, 0
11F8:   37060000                                                                                sca_id_set              6, 0, 0
11FC:   37070000                                                                                sca_id_set              7, 0, 0
1200:   37080000                                                                                sca_id_set              8, 0, 0
1204:   37090000                                                                                sca_id_set              9, 0, 0
1208:   370A0000                                                                                sca_id_set              10, 0, 0
120C:   370B0000                                                                                sca_id_set              11, 0, 0
1210:   370C0000                                                                                sca_id_set              12, 0, 0
1214:   370D0000                                                                                sca_id_set              13, 0, 0
1218:   370E0000                                                                                sca_id_set              14, 0, 0
121C:   370F0000                                                                                sca_id_set              15, 0, 0
1220:   37100000                                                                                sca_id_set              16, 0, 0
1224:   2E0400                                                                                  work_set                WK_OBJECT, 0
1227:   00                                                                                      nop
1228:   3200008300830083                                                                        pos_set                 0, -32000, -32000, -32000
1230:   2E0403                                                                                  work_set                WK_OBJECT, 3
1233:   00                                                                                      nop
1234:   3200008300830083                                                                        pos_set                 0, -32000, -32000, -32000
123C:   2E0402                                                                                  work_set                WK_OBJECT, 2
123F:   00                                                                                      nop
1240:   3200008300830083                                                                        pos_set                 0, -32000, -32000, -32000
1248:   2E0404                                                                                  work_set                WK_OBJECT, 4
124B:   00                                                                                      nop
124C:   3200008300830083                                                                        pos_set                 0, -32000, -32000, -32000
1254:   2E0100                                                                                  work_set                WK_PLAYER, 0
1257:   00                                                                                      nop
1258:   3200FBD400002CCB                                                                        pos_set                 0, -11013, 0, -13524
1260:   340FE004                                                                                member_set              15, 224, 4
1264:   3F0A1C04                                                                                plc_motion              10, 28, 4
1268:   090A2D00                                                                                sleep                   10, 45
126C:   290D                                                                                    cut_chg                 13
126E:   3200B9C70000D8B5                                                                        pos_set                 0, -14407, 0, -18984
1276:   340F3808                                                                                member_set              15, 56, 8
127A:   090A5A00                                                                                sleep                   10, 90
127E:   4701                                                                                    aot_on                  1
1280:   0100                                                                                    evt_end                 0

.proc main_0A
1282:   02                                                                                      evt_next
1283:   2E0200                                                                                  work_set                WK_SPLAYER, 0
1286:   3D1000                                                                                  member_copy             V_TEMP, 0
1289:   00                                                                                      nop
128A:   260005100200                                                                            calc                    0, OP_OR, V_TEMP, 2
1290:   260005100800                                                                            calc                    0, OP_OR, V_TEMP, 8
1296:   350010                                                                                  member_set2             0, V_TEMP
1299:   00                                                                                      nop
129A:   3F000104                                                                                plc_motion              0, 1, 4

off_129E:
129E:   72004000610100002700000000000000                                                        super_on                0, 64, 0, 97, 1, 0, 0, 39, 0, 0, 0, 0, 0, 0, 0
12AE:   02                                                                                      evt_next
12AF:   00                                                                                      nop
12B0:   17FFFF00EEFF                                                                            goto                    255, 255, 0, off_129E
12B6:   0100                                                                                    evt_end                 0

.proc main_0B
12B8:   360228000100000000000000                                                                se_on                   2, 40, 1, 0, 0, 0
12C4:   4705                                                                                    aot_on                  5
12C6:   02                                                                                      evt_next
12C7:   00                                                                                      nop
12C8:   06001000                                                                                if                      0, off_12DC
12CC:   21223501                                                                                ck                      34, 53, 1
12D0:   460A0031000000000000                                                                    aot_reset               10, SCE_AUTO, SAT_PL | SAT_MANUAL | SAT_FRONT, 0, 0, 0, 0, 0, 0
12DA:   08                                                                                      endif
12DB:   00                                                                                      nop

off_12DC:
12DC:   0100                                                                                    evt_end                 0
