.version 2
.init
.proc init_00
03FE:   06000A00                                                                                if                      0, off_040C
0402:   2104A401                                                                                ck                      4, 164, 1
0406:   22010C01                                                                                set                     1, 12, 1
040A:   08                                                                                      endif
040B:   00                                                                                      nop

off_040C:
040C:   3B00013100009FE138D81405180BBE9900008BEB53A0050B000029010094FE00                        door_aot_se             0, SCE_DOOR, SAT_PL | SAT_MANUAL | SAT_FRONT, 0, 0, -7777, -10184, 1300, 2840, -26178, 0, -5237, -24493, 5, 11, 0, 0, 41, 1, 0, 148, UNLOCK, 0
042C:   2C0A0431000071C418BC1405762000000000FFFF                                                aot_set                 10, SCE_MESSAGE, SAT_PL | SAT_MANUAL | SAT_FRONT, 0, 0, -15247, -17384, 1300, 8310, 0, 0, 0, 0, 255, 255
0440:   2C0B0431000029DAE8E19808560401000000FFFF                                                aot_set                 11, SCE_MESSAGE, SAT_PL | SAT_MANUAL | SAT_FRONT, 0, 0, -9687, -7704, 2200, 1110, 1, 0, 0, 0, 255, 255
0454:   4E070231000029DAE8E1980856041E0003000600FF00                                            item_aot_set            7, SCE_ITEM, SAT_PL | SAT_MANUAL | SAT_FRONT, 0, 0, -9687, -7704, 2200, 1110, ITEM_INKRIBBON, 3, 6, 255, 0
046A:   0100                                                                                    evt_end                 0

.main
.proc main_00
0478:   1803                                                                                    gosub                   3
047A:   06001A00                                                                                if                      0, off_0498
047E:   21222600                                                                                ck                      34, 38, 0
0482:   2C01053100000EDB5DBA24099605FF0018020000                                                aot_set                 1, SCE_EVENT, SAT_PL | SAT_MANUAL | SAT_FRONT, 0, 0, -9458, -17827, 2340, 1430, 255, 0, I_GOSUB, main_02, 0, 0
0496:   08                                                                                      endif
0497:   00                                                                                      nop

off_0498:
0498:   4E080231000000000000010001001500070025000200                                            item_aot_set            8, SCE_ITEM, SAT_PL | SAT_MANUAL | SAT_FRONT, 0, 0, 0, 0, 1, 1, ITEM_SHOTGUNAMMO, 7, 37, 2, 0
04AE:   2D0200000000000000000A001000000000000000000000000000000000000000000000000000            obj_model_set           2, 0, 0, 0, 0, 0, 0, 10, 16, 0, 0, 0, 0, 0, 0, 0, 0, 0, 0, 0, 0, 0, 0
04D4:   4E090231000000000000010001001500070026000300                                            item_aot_set            9, SCE_ITEM, SAT_PL | SAT_MANUAL | SAT_FRONT, 0, 0, 0, 0, 1, 1, ITEM_SHOTGUNAMMO, 7, 38, 3, 0
04EA:   2D0300000000000000000A001000000000000000000000000000000000000000000000000000            obj_model_set           3, 0, 0, 0, 0, 0, 0, 10, 16, 0, 0, 0, 0, 0, 0, 0, 0, 0, 0, 0, 0, 0, 0
0510:   0100                                                                                    evt_end                 0

.proc main_01
0512:   0100                                                                                    evt_end                 0

.proc main_02
0514:   22020701                                                                                set                     2, 7, 1
0518:   22020201                                                                                set                     2, 2, 1
051C:   22020301                                                                                set                     2, 3, 1
0520:   06004E00                                                                                if                      0, off_0572
0524:   21222500                                                                                ck                      34, 37, 0
0528:   2903                                                                                    cut_chg                 3
052A:   2E0402                                                                                  work_set                WK_OBJECT, 2
052D:   00                                                                                      nop
052E:   32007DE072F86EBC                                                                        pos_set                 0, -8067, -1934, -17298
0536:   2E0403                                                                                  work_set                WK_OBJECT, 3
0539:   00                                                                                      nop
053A:   320025DE72F86EBC                                                                        pos_set                 0, -8667, -1934, -17298
0542:   360228010000C1DD72F8D8BB                                                                se_on                   2, 296, 0, -8767, -1934, -17448
054E:   090A1E00                                                                                sleep                   10, 30
0552:   4708                                                                                    aot_on                  8
0554:   2981                                                                                    cut_chg                 129
0556:   02                                                                                      evt_next
0557:   2E0402                                                                                  work_set                WK_OBJECT, 2
055A:   3200000000000000                                                                        pos_set                 0, 0, 0, 0
0562:   2E0403                                                                                  work_set                WK_OBJECT, 3
0565:   00                                                                                      nop
0566:   3200000000000000                                                                        pos_set                 0, 0, 0, 0
056E:   07004E00                                                                                else                    0, off_05BC

off_0572:
0572:   06004200                                                                                if                      0, off_05B8
0576:   21222600                                                                                ck                      34, 38, 0
057A:   2903                                                                                    cut_chg                 3
057C:   2E0402                                                                                  work_set                WK_OBJECT, 2
057F:   00                                                                                      nop
0580:   3200000000000000                                                                        pos_set                 0, 0, 0, 0
0588:   2E0403                                                                                  work_set                WK_OBJECT, 3
058B:   00                                                                                      nop
058C:   320025DE72F86EBC                                                                        pos_set                 0, -8667, -1934, -17298
0594:   360228010000C1DD72F8D8BB                                                                se_on                   2, 296, 0, -8767, -1934, -17448
05A0:   090A1E00                                                                                sleep                   10, 30
05A4:   4709                                                                                    aot_on                  9
05A6:   2981                                                                                    cut_chg                 129
05A8:   02                                                                                      evt_next
05A9:   2E0403                                                                                  work_set                WK_OBJECT, 3
05AC:   3200000000000000                                                                        pos_set                 0, 0, 0, 0
05B4:   07000600                                                                                else                    0, off_05BA

off_05B8:
05B8:   00                                                                                      nop
05B9:   00                                                                                      nop

off_05BA:
05BA:   00                                                                                      nop
05BB:   00                                                                                      nop

off_05BC:
05BC:   3C01                                                                                    cut_auto                1
05BE:   22020300                                                                                set                     2, 3, 0
05C2:   22020200                                                                                set                     2, 2, 0
05C6:   22020700                                                                                set                     2, 7, 0
05CA:   0100                                                                                    evt_end                 0

.proc main_03
05CC:   06000C00                                                                                if                      0, off_05DC
05D0:   23001B000A06                                                                            cmp                     0, 27, CMP_EQ, 1546
05D6:   04FF1804                                                                                evt_exec                255, I_GOSUB, main_04
05DA:   08                                                                                      endif
05DB:   00                                                                                      nop

off_05DC:
05DC:   1805                                                                                    gosub                   5
05DE:   0100                                                                                    evt_end                 0

.proc main_04
05E0:   22011B01                                                                                set                     1, 27, 1
05E4:   22020701                                                                                set                     2, 7, 1
05E8:   22020201                                                                                set                     2, 2, 1
05EC:   22020301                                                                                set                     2, 3, 1
05F0:   090A0100                                                                                sleep                   10, 1
05F4:   2902                                                                                    cut_chg                 2
05F6:   2E0100                                                                                  work_set                WK_PLAYER, 0
05F9:   00                                                                                      nop
05FA:   32003ECD3CF650E8                                                                        pos_set                 0, -12994, -2500, -6064
0602:   3300000028F30000                                                                        dir_set                 0, 0, -3288, 0
060A:   2E0100                                                                                  work_set                WK_PLAYER, 0
060D:   3F001000                                                                                plc_motion              0, 16, 0
0611:   00                                                                                      nop
0612:   24040000                                                                                save                    4, 0
0616:   0D001E000700                                                                            for                     0, off_063A, 7
061C:   3D100C                                                                                  member_copy             16, 12
061F:   00                                                                                      nop
0620:   27001004                                                                                calc2                   OP_ADD, 16, 4
0624:   350C10                                                                                  member_set2             12, 16
0627:   00                                                                                      nop
0628:   02                                                                                      evt_next
0629:   00                                                                                      nop
062A:   251004                                                                                  copy                    16, 4
062D:   00                                                                                      nop
062E:   260000105A00                                                                            calc                    0, OP_ADD, 16, 90
0634:   250410                                                                                  copy                    4, 16
0637:   00                                                                                      nop
0638:   0E00                                                                                    next                    0

off_063A:
063A:   36021D0000002D050000F9A9                                                                se_on                   2, 29, 0, 1325, 0, -22023
0646:   8A0002000000                                                                            nop_8a                  0, 2, 0, 0, 0
064C:   8BFF03000000                                                                            nop_8b                  255, 3, 0, 0, 0
0652:   32003ECD000050E8                                                                        pos_set                 0, -12994, 0, -6064
065A:   3F000F00                                                                                plc_motion              0, 15, 0
065E:   090A3200                                                                                sleep                   10, 50
0662:   3C01                                                                                    cut_auto                1
0664:   2E0100                                                                                  work_set                WK_PLAYER, 0
0667:   42                                                                                      plc_ret
0668:   22020700                                                                                set                     2, 7, 0
066C:   22020200                                                                                set                     2, 2, 0
0670:   22020300                                                                                set                     2, 3, 0
0674:   22011B00                                                                                set                     1, 27, 0
0678:   0100                                                                                    evt_end                 0

.proc main_05
067A:   4400002400000033002671CE0000DCCDB0FD00000000                                            sce_em_set              0, 0, ENEMY_LICKERGREY, 0, 0, 0, 51, 0, 38, -12687, 0, -12836, -592, 0, 0
0690:   44000124000000330027CEDA0000EEC940FB00000000                                            sce_em_set              0, 1, ENEMY_LICKERGREY, 0, 0, 0, 51, 0, 39, -9522, 0, -13842, -1216, 0, 0
06A6:   0100                                                                                    evt_end                 0
