.version 2

.init
.proc init
08A2:   3B0001000000007D800C0100010018600000F8ED2801050C0000310000000000                        door_aot_se             0, SCE_DOOR, SAT_AUTO, 0, 0, 32000, 3200, 1, 1, 24600, 0, -4616, 296, 5, 12, 0, 0, 49, 0, 0, 0, UNLOCKED, 0
08C2:   0100                                                                                    evt_end                 0

.main
.proc main
08DE:   1802                                                                                    gosub                   main_02
08E0:   0100                                                                                    evt_end                 0

.proc aot
08E2:   1803                                                                                    gosub                   main_03
08E4:   0100                                                                                    evt_end                 0

.proc main_02
08E6:   4E0102000000007D007D010001004C00010018000300                                            item_aot_set            1, SCE_ITEM, SAT_AUTO, 0, 0, 32000, 32000, 1, 1, ITEM_MAINFUSE, 1, 24, 3, 0
08FC:   69020231000041B9CEC8A1BD7ACCBFC2D0C647BDFCC24D0001003D000100                            item_aot_set_4p         2, SCE_ITEM, SAT_PL | SAT_MANUAL | SAT_FRONT, 0, 0, -18111, -14130, -16991, -13190, -15681, -14640, -17081, -15620, ITEM_FUSECASE, 1, 61, 1, 0
091A:   2C040531000007B2BFB312072404FF0018050000                                                aot_set                 4, SCE_EVENT, SAT_PL | SAT_MANUAL | SAT_FRONT, 0, 0, -19961, -19521, 1810, 1060, 255, 0, I_GOSUB, main_05, 0, 0
092E:   2C0505310000FAAE099908070410FF00180B0000                                                aot_set                 5, SCE_EVENT, SAT_PL | SAT_MANUAL | SAT_FRONT, 0, 0, -20742, -26359, 1800, 4100, 255, 0, I_GOSUB, main_0B, 0, 0
0942:   2C060621000007B2BFB3120724040A004D000100                                                aot_set                 6, SCE_FLAG_CHG, SAT_PL | SAT_FRONT, 0, 0, -19961, -19521, 1810, 1060, 10, 0, ITEM_FUSECASE, 0, aot, 0
0956:   2C070431000093BE8DB90807FC0801000000FFFD                                                aot_set                 7, SCE_MESSAGE, SAT_PL | SAT_MANUAL | SAT_FRONT, 0, 0, -16749, -18035, 1800, 2300, 1, 0, 0, 0, 255, 253
096A:   4400003E0040000000FF007D0000007D000400000000                                            sce_em_set              0, 0, ENEMY_3E, 0, 64, 0, 0, 0, 255, 32000, 0, 32000, 1024, 0, 0
0980:   2D0000000000000000000A00000018797AF81879000000000000000000000000000000000000            obj_model_set           0, 0, 0, 0, 0, 0, 0, 10, 0, 31000, -1926, 31000, 0, 0, 0, 0, 0, 0, 0, 0, 0, 0, 0
09A6:   2D0100000000000000000A0000008CC322FC2FC940FD00000000000000000000000000000000            obj_model_set           1, 0, 0, 0, 0, 0, 0, 10, 0, -15476, -990, -14033, -704, 0, 0, 0, 0, 0, 0, 0, 0, 0, 0
09CC:   2D0200000000000000000A00000030757AF83075000000000000000000000000000000000000            obj_model_set           2, 0, 0, 0, 0, 0, 0, 10, 0, 30000, -1926, 30000, 0, 0, 0, 0, 0, 0, 0, 0, 0, 0, 0
09F2:   2D0300000000000000000A00000048717AF83075000000000000000000000000000000000000            obj_model_set           3, 0, 0, 0, 0, 0, 0, 10, 0, 29000, -1926, 30000, 0, 0, 0, 0, 0, 0, 0, 0, 0, 0, 0
0A18:   2D0400000000000000000A000E00F1AC000054B2000000000000000000000000000000000000            obj_model_set           4, 0, 0, 0, 0, 0, 0, 10, 14, -21263, 0, -19884, 0, 0, 0, 0, 0, 0, 0, 0, 0, 0, 0
0A3E:   2D0500000000000000000A000E00D1A9000034AF000000000000000000000000000000000000            obj_model_set           5, 0, 0, 0, 0, 0, 0, 10, 14, -22063, 0, -20684, 0, 0, 0, 0, 0, 0, 0, 0, 0, 0, 0
0A64:   2D0600000000000000000A000E00F1AC000054B2000000000000000000000000000000000000            obj_model_set           6, 0, 0, 0, 0, 0, 0, 10, 14, -21263, 0, -19884, 0, 0, 0, 0, 0, 0, 0, 0, 0, 0, 0
0A8A:   4E030231000010AAE0C7080708072300010045000700                                            item_aot_set            3, SCE_ITEM, SAT_PL | SAT_MANUAL | SAT_FRONT, 0, 0, -22000, -14368, 1800, 1800, ITEM_FAIDSPRAY, 1, 69, 7, 0
0AA0:   2D0700000000000000000A00100094AD90F764CB000000000000000000000000000000000000            obj_model_set           7, 0, 0, 0, 0, 0, 0, 10, 16, -21100, -2160, -13468, 0, 0, 0, 0, 0, 0, 0, 0, 0, 0, 0
0AC6:   1804                                                                                    gosub                   main_04
0AC8:   54001608000000104AB37EF778B50002000000000000                                            sce_espr3d_on           0, 2070, 0, 4096, -19638, -2178, -19080, 512, 0, 0, 0
0ADE:   0100                                                                                    evt_end                 0

.proc main_03
0AE0:   06001000                                                                                if                      0, off_0AF4
0AE4:   21047700                                                                                ck                      FG_GENERAL_1, 119, 0
0AE8:   230002004D00                                                                            cmp                     0, V_USED_ITEM, CMP_EQ, 77
0AEE:   04FF1806                                                                                evt_exec                255, I_GOSUB, main_06
0AF2:   08                                                                                      endif
0AF3:   00                                                                                      nop

off_0AF4:
0AF4:   530101070080                                                                            sce_fade_set            1, 1, 7, 0, 128
0AFA:   74010010                                                                                sce_fade_adjust         1, 0, 16
0AFE:   06000800                                                                                if                      0, off_0B0A
0B02:   21010B01                                                                                ck                      FG_GAME, 11, 1
0B06:   1804                                                                                    gosub                   main_04
0B08:   08                                                                                      endif
0B09:   00                                                                                      nop

off_0B0A:
0B0A:   0100                                                                                    evt_end                 0

.proc main_04
0B0C:   131A8200                                                                                switch                  26, off_0B92
0B10:   14001A000000                                                                            case                    0, off_0B30, 0
0B16:   2E0404                                                                                  work_set                WK_OBJECT, 4
0B19:   00                                                                                      nop
0B1A:   340C0000                                                                                member_set              12, 0, 0
0B1E:   2E0405                                                                                  work_set                WK_OBJECT, 5
0B21:   00                                                                                      nop
0B22:   340C0083                                                                                member_set              12, 0, 131
0B26:   2E0406                                                                                  work_set                WK_OBJECT, 6
0B29:   00                                                                                      nop
0B2A:   340C0083                                                                                member_set              12, 0, 131
0B2E:   1A00                                                                                    break                   0

off_0B30:
0B30:   14001A000100                                                                            case                    0, off_0B50, 1
0B36:   2E0404                                                                                  work_set                WK_OBJECT, 4
0B39:   00                                                                                      nop
0B3A:   340C0083                                                                                member_set              12, 0, 131
0B3E:   2E0405                                                                                  work_set                WK_OBJECT, 5
0B41:   00                                                                                      nop
0B42:   340C0000                                                                                member_set              12, 0, 0
0B46:   2E0406                                                                                  work_set                WK_OBJECT, 6
0B49:   00                                                                                      nop
0B4A:   340C0083                                                                                member_set              12, 0, 131
0B4E:   1A00                                                                                    break                   0

off_0B50:
0B50:   140000000200                                                                            case                    0, off_0B56, 2

off_0B56:
0B56:   14001A000300                                                                            case                    0, off_0B76, 3
0B5C:   2E0404                                                                                  work_set                WK_OBJECT, 4
0B5F:   00                                                                                      nop
0B60:   340C0083                                                                                member_set              12, 0, 131
0B64:   2E0405                                                                                  work_set                WK_OBJECT, 5
0B67:   00                                                                                      nop
0B68:   340C0083                                                                                member_set              12, 0, 131
0B6C:   2E0406                                                                                  work_set                WK_OBJECT, 6
0B6F:   00                                                                                      nop
0B70:   340C0000                                                                                member_set              12, 0, 0
0B74:   1A00                                                                                    break                   0

off_0B76:
0B76:   1500                                                                                    default                 0
0B78:   2E0404                                                                                  work_set                WK_OBJECT, 4
0B7B:   00                                                                                      nop
0B7C:   340C0083                                                                                member_set              12, 0, 131
0B80:   2E0405                                                                                  work_set                WK_OBJECT, 5
0B83:   00                                                                                      nop
0B84:   340C0083                                                                                member_set              12, 0, 131
0B88:   2E0406                                                                                  work_set                WK_OBJECT, 6
0B8B:   00                                                                                      nop
0B8C:   340C0083                                                                                member_set              12, 0, 131
0B90:   1600                                                                                    eswitch                 0

off_0B92:
0B92:   0100                                                                                    evt_end                 0

.proc main_05
0B94:   06000E00                                                                                if                      0, off_0BA6
0B98:   21047700                                                                                ck                      FG_GENERAL_1, 119, 0
0B9C:   2B00000000FD                                                                            message_on              0, 0, 0, 0, 253
0BA2:   07001200                                                                                else                    0, off_0BB4

off_0BA6:
0BA6:   06000800                                                                                if                      0, off_0BB2
0BAA:   21221800                                                                                ck                      34, 24, 0
0BAE:   4701                                                                                    aot_on                  1
0BB0:   08                                                                                      endif
0BB1:   00                                                                                      nop

off_0BB2:
0BB2:   00                                                                                      nop
0BB3:   00                                                                                      nop

off_0BB4:
0BB4:   0100                                                                                    evt_end                 0

.proc main_06
0BB6:   22047701                                                                                set                     FG_GENERAL_1, 119, 1
0BBA:   22020701                                                                                set                     FG_STATE, 7, 1
0BBE:   22011B01                                                                                set                     FG_GAME, 27, 1
0BC2:   2904                                                                                    cut_chg                 4
0BC4:   1804                                                                                    gosub                   main_04
0BC6:   2E0300                                                                                  work_set                WK_ENEMY, 0
0BC9:   00                                                                                      nop
0BCA:   320078B57AF88CB0                                                                        pos_set                 0, -19080, -1926, -20340
0BD2:   340F0004                                                                                member_set              15, 0, 4
0BD6:   2E0402                                                                                  work_set                WK_OBJECT, 2
0BD9:   00                                                                                      nop
0BDA:   3200CAAEB6F870AE                                                                        pos_set                 0, -20790, -1866, -20880
0BE2:   2E0400                                                                                  work_set                WK_OBJECT, 0
0BE5:   00                                                                                      nop
0BE6:   320038B386F722B4                                                                        pos_set                 0, -19656, -2170, -19422
0BEE:   02                                                                                      evt_next
0BEF:   00                                                                                      nop
0BF0:   180C                                                                                    gosub                   main_0C
0BF2:   2F010C00                                                                                speed_set               1, 12
0BF6:   2F040001                                                                                speed_set               4, 256
0BFA:   090A0A00                                                                                sleep                   10, 10
0BFE:   0D0004002400                                                                            for                     0, off_0C08, 36
0C04:   30                                                                                      add_speed
0C05:   02                                                                                      evt_next
0C06:   0E00                                                                                    next                    0

off_0C08:
0C08:   090A0A00                                                                                sleep                   10, 10
0C0C:   2E0300                                                                                  work_set                WK_ENEMY, 0
0C0F:   00                                                                                      nop
0C10:   2F04F0FF                                                                                speed_set               4, -16
0C14:   0F060A00                                                                                while                   6, off_0C22
0C18:   3E000F023403                                                                            member_cmp              0, 15, 2, 52, 3
0C1E:   30                                                                                      add_speed
0C1F:   02                                                                                      evt_next
0C20:   1000                                                                                    ewhile                  0

off_0C22:
0C22:   340F3403                                                                                member_set              15, 52, 3
0C26:   24040A00                                                                                save                    V_04, 10
0C2A:   1807                                                                                    gosub                   main_07
0C2C:   1808                                                                                    gosub                   main_08
0C2E:   04FF1809                                                                                evt_exec                255, I_GOSUB, main_09
0C32:   24040800                                                                                save                    V_04, 8
0C36:   1807                                                                                    gosub                   main_07
0C38:   1808                                                                                    gosub                   main_08
0C3A:   24040B00                                                                                save                    V_04, 11
0C3E:   1807                                                                                    gosub                   main_07
0C40:   1808                                                                                    gosub                   main_08
0C42:   2F041000                                                                                speed_set               4, 16
0C46:   0F060A00                                                                                while                   6, off_0C54
0C4A:   3E000F038606                                                                            member_cmp              0, 15, 3, 134, 6
0C50:   30                                                                                      add_speed
0C51:   02                                                                                      evt_next
0C52:   1000                                                                                    ewhile                  0

off_0C54:
0C54:   340F8606                                                                                member_set              15, 134, 6
0C58:   04FF180A                                                                                evt_exec                255, I_GOSUB, main_0A
0C5C:   24040500                                                                                save                    V_04, 5
0C60:   1807                                                                                    gosub                   main_07
0C62:   1808                                                                                    gosub                   main_08
0C64:   2F04F0FF                                                                                speed_set               4, -16
0C68:   0F060A00                                                                                while                   6, off_0C76
0C6C:   3E000F020004                                                                            member_cmp              0, 15, 2, 0, 4
0C72:   30                                                                                      add_speed
0C73:   02                                                                                      evt_next
0C74:   1000                                                                                    ewhile                  0

off_0C76:
0C76:   340F0004                                                                                member_set              15, 0, 4
0C7A:   2E0403                                                                                  work_set                WK_OBJECT, 3
0C7D:   00                                                                                      nop
0C7E:   2F01F4FF                                                                                speed_set               1, -12
0C82:   2F0400FF                                                                                speed_set               4, -256
0C86:   0D0004002400                                                                            for                     0, off_0C90, 36
0C8C:   30                                                                                      add_speed
0C8D:   02                                                                                      evt_next
0C8E:   0E00                                                                                    next                    0

off_0C90:
0C90:   0B                                                                                      wsleep
0C91:   0C                                                                                      wsleeping
0C92:   624D                                                                                    sce_item_lost           ITEM_FUSECASE
0C94:   4701                                                                                    aot_on                  1
0C96:   2A                                                                                      cut_old
0C97:   00                                                                                      nop
0C98:   1804                                                                                    gosub                   main_04
0C9A:   2E0300                                                                                  work_set                WK_ENEMY, 0
0C9D:   00                                                                                      nop
0C9E:   3200007DD4F8007D                                                                        pos_set                 0, 32000, -1836, 32000
0CA6:   2E0402                                                                                  work_set                WK_OBJECT, 2
0CA9:   00                                                                                      nop
0CAA:   3200187910F91879                                                                        pos_set                 0, 31000, -1776, 31000
0CB2:   2E0400                                                                                  work_set                WK_OBJECT, 0
0CB5:   00                                                                                      nop
0CB6:   3200307586F73075                                                                        pos_set                 0, 30000, -2170, 30000
0CBE:   2E0403                                                                                  work_set                WK_OBJECT, 3
0CC1:   00                                                                                      nop
0CC2:   3200307586F74871                                                                        pos_set                 0, 30000, -2170, 29000
0CCA:   02                                                                                      evt_next
0CCB:   22011B00                                                                                set                     FG_GAME, 27, 0
0CCF:   22020700                                                                                set                     FG_STATE, 7, 0
0CD3:   00                                                                                      nop
0CD4:   0100                                                                                    evt_end                 0

.proc main_07
0CD6:   34020100                                                                                member_set              2, 1, 0
0CDA:   350304                                                                                  member_set2             3, V_04
0CDD:   00                                                                                      nop
0CDE:   0100                                                                                    evt_end                 0

.proc main_08
0CE0:   0F060A00                                                                                while                   6, off_0CEE
0CE4:   3E0002000100                                                                            member_cmp              0, 2, 0, 1, 0
0CEA:   02                                                                                      evt_next
0CEB:   00                                                                                      nop
0CEC:   1000                                                                                    ewhile                  0

off_0CEE:
0CEE:   0100                                                                                    evt_end                 0

.proc main_09
0CF0:   090A5B00                                                                                sleep                   10, 91
0CF4:   2E0402                                                                                  work_set                WK_OBJECT, 2
0CF7:   00                                                                                      nop
0CF8:   4800828700003CFE0000000800000000                                                        super_set               0, 130, 135, 0, -452, 0, 2048, 0, 0
0D08:   0100                                                                                    evt_end                 0

.proc main_0A
0D0A:   090A5E00                                                                                sleep                   10, 94
0D0E:   2E0402                                                                                  work_set                WK_OBJECT, 2
0D11:   00                                                                                      nop
0D12:   4900000000000000                                                                        super_reset             0, 0, 0, 0
0D1A:   320030750000007D                                                                        pos_set                 0, 30000, 0, 32000
0D22:   2E0400                                                                                  work_set                WK_OBJECT, 0
0D25:   00                                                                                      nop
0D26:   4900000000000000                                                                        super_reset             0, 0, 0, 0
0D2E:   320018790000007D                                                                        pos_set                 0, 31000, 0, 32000
0D36:   2E0403                                                                                  work_set                WK_OBJECT, 3
0D39:   00                                                                                      nop
0D3A:   320038B336F922B4                                                                        pos_set                 0, -19656, -1738, -19422
0D42:   0100                                                                                    evt_end                 0

.proc main_0B
0D44:   2E0100                                                                                  work_set                WK_PLAYER, 0
0D47:   00                                                                                      nop
0D48:   6E0002008080                                                                            parts_set               0, 2, 0, -32640
0D4E:   6E0002018080                                                                            parts_set               0, 2, 1, -32640
0D54:   6E0005008080                                                                            parts_set               0, 5, 0, -32640
0D5A:   6E0005018080                                                                            parts_set               0, 5, 1, -32640
0D60:   6E0003008080                                                                            parts_set               0, 3, 0, -32640
0D66:   6E0003018080                                                                            parts_set               0, 3, 1, -32640
0D6C:   6E0006008080                                                                            parts_set               0, 6, 0, -32640
0D72:   6E0006018080                                                                            parts_set               0, 6, 1, -32640
0D78:   6E0004008080                                                                            parts_set               0, 4, 0, -32640
0D7E:   6E0002018080                                                                            parts_set               0, 2, 1, -32640
0D84:   6E0007008080                                                                            parts_set               0, 7, 0, -32640
0D8A:   6E0005018080                                                                            parts_set               0, 5, 1, -32640
0D90:   4700                                                                                    aot_on                  0
0D92:   0100                                                                                    evt_end                 0

.proc main_0C
0D94:   59003F00                                                                                xa_on                   0, 63
0D98:   0100                                                                                    evt_end                 0
