.version 2

.init
.proc init
038E:   3B0001310A000000000000000000F1A0B0B9CEE50000050E010A160500000000                        door_aot_se             ID_AOT_0, SCE_DOOR, SAT_PL | SAT_MANUAL | SAT_FRONT, 10, 0, 0, 0, 0, 0, -24335, -18000, -6706, 0, 5, 14, 1, 10, 22, 5, 0, 0, UNLOCKED, 0
03AE:   3B0101310A000000000000000000F6A0B0B9F29F7B1F050E000A160400000000                        door_aot_se             ID_AOT_1, SCE_DOOR, SAT_PL | SAT_MANUAL | SAT_FRONT, 10, 0, 0, 0, 0, 0, -24330, -18000, -24590, 8059, 5, 14, 0, 10, 22, 4, 0, 0, UNLOCKED, 0
03CE:   3B0201310A000A929BA430071009E6E50000C79DE807050B04001D0000000000                        door_aot_se             ID_AOT_2, SCE_DOOR, SAT_PL | SAT_MANUAL | SAT_FRONT, 10, 0, -28150, -23397, 1840, 2320, -6682, 0, -25145, 2024, 5, 11, 4, 0, 29, 0, 0, 0, UNLOCKED, 0
03EE:   3B0301310A00509231EB80072008849D000064C02807051600001D0000000000                        door_aot_se             ID_AOT_3, SCE_DOOR, SAT_PL | SAT_MANUAL | SAT_FRONT, 10, 0, -28080, -5327, 1920, 2080, -25212, 0, -16284, 1832, 5, 22, 0, 0, 29, 0, 0, 0, UNLOCKED, 0
040E:   06000A00                                                                                if                      0, off_041C
0412:   2104A401                                                                                ck                      FG_COMMON, 164, 1
0416:   22010C01                                                                                set                     FG_STATUS, 12, 1
041A:   08                                                                                      endif
041B:   00                                                                                      nop

off_041C:
041C:   0100                                                                                    evt_end                 0
041E:   6DD9                                                                                    db                      0x6D, 0xD9

.main
.proc main
043C:   1802                                                                                    gosub                   main_02
043E:   06000E00                                                                                if                      0, off_0450
0442:   23001A000000                                                                            cmp                     0, V_CUT, CMP_EQ, 0
0448:   1807                                                                                    gosub                   main_07
044A:   180A                                                                                    gosub                   main_0A
044C:   07000800                                                                                else                    0, off_0454

off_0450:
0450:   1808                                                                                    gosub                   main_08
0452:   00                                                                                      nop
0453:   00                                                                                      nop

off_0454:
0454:   0100                                                                                    evt_end                 0

.proc aot
0456:   1806                                                                                    gosub                   main_06
0458:   1805                                                                                    gosub                   main_05
045A:   0100                                                                                    evt_end                 0

.proc main_02
045C:   24043200                                                                                save                    V_04, 50
0460:   4E0402310A00E89C73AE500574042600010000000001                                            item_aot_set            ID_AOT_4, SCE_ITEM, SAT_PL | SAT_MANUAL | SAT_FRONT, 10, 0, -25368, -20877, 1360, 1140, ITEM_HERBG, 1, 0, ID_OBJ_0, IF_FLOOR
0476:   2D00000000000A0000000A0010003B9FB0B926B1000000080000000000000000000000000000            obj_model_set           ID_OBJ_0, 0, 0, 0, 0, 10, 0, 10, 16, -24773, -18000, -20186, 0, 2048, 0, 0, 0, 0, 0, 0, 0, 0, 0
049C:   4E0502310A007CA4AFAE2805C4042600010001000101                                            item_aot_set            ID_AOT_5, SCE_ITEM, SAT_PL | SAT_MANUAL | SAT_FRONT, 10, 0, -23428, -20817, 1320, 1220, ITEM_HERBG, 1, 1, ID_OBJ_1, IF_FLOOR
04B2:   2D01000000000A0000000A00100061A6B0B926B1000000080000000000000000000000000000            obj_model_set           ID_OBJ_1, 0, 0, 0, 0, 10, 0, 10, 16, -22943, -18000, -20186, 0, 2048, 0, 0, 0, 0, 0, 0, 0, 0, 0
04D8:   2C0804310A004293F991EA1A1C0700000000FFFF                                                aot_set                 ID_AOT_8, SCE_MESSAGE, SAT_PL | SAT_MANUAL | SAT_FRONT, 10, 0, -27838, -28167, 6890, 1820, ID_MSG_0, 0, 0, 0, 255, 255
04EC:   2C0904310A00F19497D8BE19400600000000FFFF                                                aot_set                 ID_AOT_9, SCE_MESSAGE, SAT_PL | SAT_MANUAL | SAT_FRONT, 10, 0, -27407, -10089, 6590, 1600, ID_MSG_0, 0, 0, 0, 255, 255
0500:   2C0A03410A00AA908FD61220E41B000000000000                                                aot_set                 ID_AOT_10, SCE_NORMAL, SAT_PL | SAT_UNDER, 10, 0, -28502, -10609, 8210, 7140, 0, 0, 0, 0, 0, 0
0514:   2C0B03410A000690B292E821F023000000000000                                                aot_set                 ID_AOT_11, SCE_NORMAL, SAT_PL | SAT_UNDER, 10, 0, -28666, -27982, 8680, 9200, 0, 0, 0, 0, 0, 0
0528:   2C0C05310A0073958BDFAA0AEC09FF0018040000                                                aot_set                 ID_AOT_12, SCE_EVENT, SAT_PL | SAT_MANUAL | SAT_FRONT, 10, 0, -27277, -8309, 2730, 2540, 255, 0, I_GOSUB, main_04, 0, 0
053C:   2C0D05310A004F966D9974088809FF0018030000                                                aot_set                 ID_AOT_13, SCE_EVENT, SAT_PL | SAT_MANUAL | SAT_FRONT, 10, 0, -27057, -26259, 2164, 2440, 255, 0, I_GOSUB, main_03, 0, 0
0550:   0100                                                                                    evt_end                 0

.proc main_03
0552:   2B000200FFFF                                                                            message_on              0, ID_MSG_2, 0, 255, 255
0558:   02                                                                                      evt_next
0559:   00                                                                                      nop
055A:   06000800                                                                                if                      0, off_0566
055E:   210B1F00                                                                                ck                      FG_MESSAGE, F_QUESTION, 0
0562:   4700                                                                                    aot_on                  ID_AOT_0
0564:   08                                                                                      endif
0565:   00                                                                                      nop

off_0566:
0566:   0100                                                                                    evt_end                 0

.proc main_04
0568:   2B000100FFFF                                                                            message_on              0, ID_MSG_1, 0, 255, 255
056E:   02                                                                                      evt_next
056F:   00                                                                                      nop
0570:   06000800                                                                                if                      0, off_057C
0574:   210B1F00                                                                                ck                      FG_MESSAGE, F_QUESTION, 0
0578:   4701                                                                                    aot_on                  ID_AOT_1
057A:   08                                                                                      endif
057B:   00                                                                                      nop

off_057C:
057C:   0100                                                                                    evt_end                 0

.proc main_05
057E:   251004                                                                                  copy                    V_TEMP, V_04
0581:   00                                                                                      nop
0582:   260000100100                                                                            calc                    0, OP_ADD, V_TEMP, 1
0588:   250410                                                                                  copy                    V_04, V_TEMP
058B:   00                                                                                      nop
058C:   06002600                                                                                if                      0, off_05B6
0590:   23001D020078                                                                            cmp                     0, V_RNG, CMP_GE, 30720
0596:   06001800                                                                                if                      0, off_05B2
059A:   230004021E00                                                                            cmp                     0, V_04, CMP_GE, 30
05A0:   36020A000100000000000000                                                                se_on                   2, 10, 1, 0, 0, 0
05AC:   24040000                                                                                save                    V_04, 0
05B0:   08                                                                                      endif
05B1:   00                                                                                      nop

off_05B2:
05B2:   07002200                                                                                else                    0, off_05D4

off_05B6:
05B6:   06001800                                                                                if                      0, off_05D2
05BA:   230004024600                                                                            cmp                     0, V_04, CMP_GE, 70
05C0:   36020A000100000000000000                                                                se_on                   2, 10, 1, 0, 0, 0
05CC:   24040000                                                                                save                    V_04, 0
05D0:   08                                                                                      endif
05D1:   00                                                                                      nop

off_05D2:
05D2:   00                                                                                      nop
05D3:   00                                                                                      nop

off_05D4:
05D4:   0100                                                                                    evt_end                 0

.proc main_06
05D6:   2E0100                                                                                  work_set                WK_PLAYER, 0
05D9:   00                                                                                      nop
05DA:   06001E00                                                                                if                      0, off_05FC
05DE:   2104B100                                                                                ck                      FG_COMMON, 177, 0
05E2:   06001400                                                                                if                      0, off_05FA
05E6:   3E0009000B00                                                                            member_cmp              0, 9, 0, 11, 0
05EC:   22231001                                                                                set                     35, 16, 1
05F0:   22098901                                                                                set                     FG_MAP, 137, 1
05F4:   2204B101                                                                                set                     FG_COMMON, 177, 1
05F8:   08                                                                                      endif
05F9:   00                                                                                      nop

off_05FA:
05FA:   08                                                                                      endif
05FB:   00                                                                                      nop

off_05FC:
05FC:   06001E00                                                                                if                      0, off_061E
0600:   2104B200                                                                                ck                      FG_COMMON, 178, 0
0604:   06001400                                                                                if                      0, off_061C
0608:   3E0009000A00                                                                            member_cmp              0, 9, 0, 10, 0
060E:   22231101                                                                                set                     35, 17, 1
0612:   22098A01                                                                                set                     FG_MAP, 138, 1
0616:   2204B201                                                                                set                     FG_COMMON, 178, 1
061A:   08                                                                                      endif
061B:   00                                                                                      nop

off_061C:
061C:   08                                                                                      endif
061D:   00                                                                                      nop

off_061E:
061E:   0100                                                                                    evt_end                 0

.proc main_07
0620:   4400002F00200A0000FFD3AF589E64A2E60100000000                                            sce_em_set              0, ID_EM_0, ENEMY_VINES, 0, AI_20, 10, SBK_0, 0, 255, -20525, -25000, -23964, 486, 0, 0
0636:   4400012F21200A0000FF289B10AA668A600800000000                                            sce_em_set              0, ID_EM_1, ENEMY_VINES, 33, AI_20, 10, SBK_0, 0, 255, -25816, -22000, -30106, 2144, 0, 0
064C:   4400022F21200A0000FF8EB734A48E99400900000000                                            sce_em_set              0, ID_EM_2, ENEMY_VINES, 33, AI_20, 10, SBK_0, 0, 255, -18546, -23500, -26226, 2368, 0, 0
0662:   4400032F21200A0000FF7CA8E0B1E68700F600000000                                            sce_em_set              0, ID_EM_3, ENEMY_VINES, 33, AI_20, 10, SBK_0, 0, 255, -22404, -20000, -30746, -2560, 0, 0
0678:   4400042F21200A0000FFCDB6709AAE97A00900000000                                            sce_em_set              0, ID_EM_4, ENEMY_VINES, 33, AI_20, 10, SBK_0, 0, 255, -18739, -26000, -26706, 2464, 0, 0
068E:   4400052F21200A0000FFADBC589E129DA00400000000                                            sce_em_set              0, ID_EM_5, ENEMY_VINES, 33, AI_20, 10, SBK_0, 0, 255, -17235, -25000, -25326, 1184, 0, 0
06A4:   4400062F21200A0000FF47BAC8B504A1E00500000000                                            sce_em_set              0, ID_EM_6, ENEMY_VINES, 33, AI_20, 10, SBK_0, 0, 255, -17849, -19000, -24316, 1504, 0, 0
06BA:   0100                                                                                    evt_end                 0

.proc main_08
06BC:   4400002F00200A0000FFD5A1589ED2DCC60300000000                                            sce_em_set              0, ID_EM_0, ENEMY_VINES, 0, AI_20, 10, SBK_0, 0, 255, -24107, -25000, -9006, 966, 0, 0
06D2:   4400012F21200A0000FF4FBA28A64AE2400E00000000                                            sce_em_set              0, ID_EM_1, ENEMY_VINES, 33, AI_20, 10, SBK_0, 0, 255, -17841, -23000, -7606, 3648, 0, 0
06E8:   4400022F21200A0000FF89C234A442DB400A00000000                                            sce_em_set              0, ID_EM_2, ENEMY_VINES, 33, AI_20, 10, SBK_0, 0, 255, -15735, -23500, -9406, 2624, 0, 0
06FE:   4400032F21200A0000FF21BBE0B19ADD002000000000                                            sce_em_set              0, ID_EM_3, ENEMY_VINES, 33, AI_20, 10, SBK_0, 0, 255, -17631, -20000, -8806, 8192, 0, 0
0714:   4400042F21200A0000FFCBA7A092BED7600A00000000                                            sce_em_set              0, ID_EM_4, ENEMY_VINES, 33, AI_20, 10, SBK_0, 0, 255, -22581, -28000, -10306, 2656, 0, 0
072A:   4400052F21200A0000FFA9C5589E36DD000800000000                                            sce_em_set              0, ID_EM_5, ENEMY_VINES, 33, AI_20, 10, SBK_0, 0, 255, -14935, -25000, -8906, 2048, 0, 0
0740:   4400062F21200A0000FFBBB5C8B5AAD2C00700000000                                            sce_em_set              0, ID_EM_6, ENEMY_VINES, 33, AI_20, 10, SBK_0, 0, 255, -19013, -19000, -11606, 1984, 0, 0
0756:   0100                                                                                    evt_end                 0

.proc main_09
0758:   4400072E00000A1300499DA6A6B9F3ADC90200000000                                            sce_em_set              0, ID_EM_7, ENEMY_IVY, 0, AI_DEFAULT, 10, SBK_19, 0, 73, -22883, -18010, -21005, 713, 0, 0
076E:   4400082F0020001300FF8EB4000027AB40FE00000000                                            sce_em_set              0, ID_EM_8, ENEMY_VINES, 0, AI_20, 0, SBK_19, 0, 255, -19314, 0, -21721, -448, 0, 0
0784:   0100                                                                                    evt_end                 0

.proc main_0A
0786:   06000A00                                                                                if                      0, off_0794
078A:   21010100                                                                                ck                      FG_STATUS, F_SCENARIO, 0
078E:   180B                                                                                    gosub                   main_0B
0790:   07001800                                                                                else                    0, off_07A8

off_0794:
0794:   06000A00                                                                                if                      0, off_07A2
0798:   211D0E01                                                                                ck                      FG_ZAPPING, 14, 1
079C:   180D                                                                                    gosub                   main_0D
079E:   07000800                                                                                else                    0, off_07A6

off_07A2:
07A2:   180B                                                                                    gosub                   main_0B
07A4:   00                                                                                      nop
07A5:   00                                                                                      nop

off_07A6:
07A6:   00                                                                                      nop
07A7:   00                                                                                      nop

off_07A8:
07A8:   0100                                                                                    evt_end                 0

.proc main_0B
07AA:   4400072E00000A1300499DA6A6B9F3ADC90200000000                                            sce_em_set              0, ID_EM_7, ENEMY_IVY, 0, AI_DEFAULT, 10, SBK_19, 0, 73, -22883, -18010, -21005, 713, 0, 0
07C0:   4400082F0020001300FF9DA6A6B9F3ADC90200000000                                            sce_em_set              0, ID_EM_8, ENEMY_VINES, 0, AI_20, 0, SBK_19, 0, 255, -22883, -18010, -21005, 713, 0, 0
07D6:   0100                                                                                    evt_end                 0

.proc main_0C
07D8:   4400072E06000A1300499DA6A6B9F3ADC90200000000                                            sce_em_set              0, ID_EM_7, ENEMY_IVY, 6, AI_DEFAULT, 10, SBK_19, 0, 73, -22883, -18010, -21005, 713, 0, 0
07EE:   4400082F0020001300FF9DA6A6B9F3ADC90200000000                                            sce_em_set              0, ID_EM_8, ENEMY_VINES, 0, AI_20, 0, SBK_19, 0, 255, -22883, -18010, -21005, 713, 0, 0
0804:   0100                                                                                    evt_end                 0

.proc main_0D
0806:   4400073900000A1300499DA6A6B9F3ADC90200000000                                            sce_em_set              0, ID_EM_7, ENEMY_IVY_PURPLE, 0, AI_DEFAULT, 10, SBK_19, 0, 73, -22883, -18010, -21005, 713, 0, 0
081C:   4400082F0020001300FF9DA6A6B9F3ADC90200000000                                            sce_em_set              0, ID_EM_8, ENEMY_VINES, 0, AI_20, 0, SBK_19, 0, 255, -22883, -18010, -21005, 713, 0, 0
0832:   0100                                                                                    evt_end                 0
