.version 2

.init
.proc init
0EF6:   06003000                                                                                if                      0, off_0F2A
0EFA:   21046000                                                                                ck                      FG_COMMON, 96, 0
0EFE:   6800013100004099A2C4569644C64E9C84CC509FABCB9E3C0000BCB5170A050C0700290000000000        door_aot_set_4p         ID_AOT_0, SCE_DOOR, SAT_PL | SAT_MANUAL | SAT_FRONT, 0, 0, -26304, -15198, -27050, -14780, -25522, -13180, -24752, -13397, 15518, 0, -19012, 2583, 5, 12, 7, DOR_0, 41, 0, 0, 0, UNLOCKED, 0
0F26:   07002E00                                                                                else                    0, off_0F54

off_0F2A:
0F2A:   6800013100004099A2C4569644C64E9C84CC509FABCB9E3C0000BCB5170A050C0500290000000000        door_aot_set_4p         ID_AOT_0, SCE_DOOR, SAT_PL | SAT_MANUAL | SAT_FRONT, 0, 0, -26304, -15198, -27050, -14780, -25522, -13180, -24752, -13397, 15518, 0, -19012, 2583, 5, 12, 5, DOR_0, 41, 0, 0, 0, UNLOCKED, 0
0F52:   00                                                                                      nop
0F53:   00                                                                                      nop

off_0F54:
0F54:   06000A00                                                                                if                      0, off_0F62
0F58:   2104A401                                                                                ck                      FG_COMMON, 164, 1
0F5C:   22010C01                                                                                set                     FG_STATUS, 12, 1
0F60:   08                                                                                      endif
0F61:   00                                                                                      nop

off_0F62:
0F62:   0100                                                                                    evt_end                 0

.main
.proc main
0F80:   1804                                                                                    gosub                   main_04
0F82:   1802                                                                                    gosub                   main_02
0F84:   180B                                                                                    gosub                   main_0B
0F86:   180A                                                                                    gosub                   main_0A
0F88:   06000A00                                                                                if                      0, off_0F96
0F8C:   21010101                                                                                ck                      FG_STATUS, F_SCENARIO, 1
0F90:   1805                                                                                    gosub                   main_05
0F92:   07000800                                                                                else                    0, off_0F9A

off_0F96:
0F96:   1809                                                                                    gosub                   main_09
0F98:   00                                                                                      nop
0F99:   00                                                                                      nop

off_0F9A:
0F9A:   0100                                                                                    evt_end                 0

.proc aot
0F9C:   180D                                                                                    gosub                   main_0D
0F9E:   0100                                                                                    evt_end                 0

.proc main_02
0FA0:   2C010531000089CDA2BC7607F406FF0018030000                                                aot_set                 ID_AOT_1, SCE_EVENT, SAT_PL | SAT_MANUAL | SAT_FRONT, 0, 0, -12919, -17246, 1910, 1780, 255, 0, I_GOSUB, main_03, 0, 0
0FB4:   0100                                                                                    evt_end                 0

.proc main_03
0FB6:   0600CC00                                                                                if                      0, off_1086
0FBA:   21046400                                                                                ck                      FG_COMMON, 100, 0
0FBE:   2B000000FFFF                                                                            message_on              0, ID_MSG_0, 0, 255, 255
0FC4:   090A0100                                                                                sleep                   10, 1
0FC8:   0600A800                                                                                if                      0, off_1074
0FCC:   210B1F00                                                                                ck                      FG_MESSAGE, F_QUESTION, 0
0FD0:   22046401                                                                                set                     FG_COMMON, 100, 1
0FD4:   06002A00                                                                                if                      0, off_1002
0FD8:   21010000                                                                                ck                      FG_STATUS, F_PLAYER, 0
0FDC:   06001200                                                                                if                      0, off_0FF2
0FE0:   21010100                                                                                ck                      FG_STATUS, F_SCENARIO, 0
0FE4:   46060231600001000E00                                                                    aot_reset               ID_AOT_6, SCE_ITEM, SAT_PL | SAT_MANUAL | SAT_FRONT, 96, 0, 1, 0, 14, 0
0FEE:   07001000                                                                                else                    0, off_0FFE

off_0FF2:
0FF2:   46060231160010002D00                                                                    aot_reset               ID_AOT_6, SCE_ITEM, SAT_PL | SAT_MANUAL | SAT_FRONT, 22, 0, 16, 0, 45, 0
0FFC:   00                                                                                      nop
0FFD:   00                                                                                      nop

off_0FFE:
0FFE:   07002800                                                                                else                    0, off_1026

off_1002:
1002:   06001200                                                                                if                      0, off_1018
1006:   21010100                                                                                ck                      FG_STATUS, F_SCENARIO, 0
100A:   46060231600001000E00                                                                    aot_reset               ID_AOT_6, SCE_ITEM, SAT_PL | SAT_MANUAL | SAT_FRONT, 96, 0, 1, 0, 14, 0
1014:   07001000                                                                                else                    0, off_1024

off_1018:
1018:   46060231180006002E00                                                                    aot_reset               ID_AOT_6, SCE_ITEM, SAT_PL | SAT_MANUAL | SAT_FRONT, 24, 0, 6, 0, 46, 0
1022:   00                                                                                      nop
1023:   00                                                                                      nop

off_1024:
1024:   00                                                                                      nop
1025:   00                                                                                      nop

off_1026:
1026:   36020A000100000000000000                                                                se_on                   2, 10, 1, 0, 0, 0
1032:   6501                                                                                    sce_espr_kill2          1
1034:   7501161000000010D4CC1EF60CC2000018FC00000000                                            sce_espr3d_on2          1, 22, 16, 0, 0, 0, 16, 212, 204, 30, 246, 12, 194, 0, 0, 24, 252, 0, 0, 0, 0
104A:   540015000000002044CB68F784B80000E0FC00000000                                            sce_espr3d_on           0, 21, 0, 8192, -13500, -2200, -18300, 0, -800, 0, 0
1060:   1808                                                                                    gosub                   main_08
1062:   4B0601                                                                                  cut_replace             6, 1
1065:   4B0702                                                                                  cut_replace             7, 2
1068:   4B0803                                                                                  cut_replace             8, 3
106B:   2901                                                                                    cut_chg                 1
106D:   3C01                                                                                    cut_auto                1
106F:   00                                                                                      nop
1070:   07001200                                                                                else                    0, off_1082

off_1074:
1074:   360405000100000000000000                                                                se_on                   4, 5, 1, 0, 0, 0
1080:   00                                                                                      nop
1081:   00                                                                                      nop

off_1082:
1082:   07000C00                                                                                else                    0, off_108E

off_1086:
1086:   2B000100FFFF                                                                            message_on              0, ID_MSG_1, 0, 255, 255
108C:   00                                                                                      nop
108D:   00                                                                                      nop

off_108E:
108E:   0100                                                                                    evt_end                 0

.proc main_04
1090:   06002A00                                                                                if                      0, off_10BE
1094:   21046400                                                                                ck                      FG_COMMON, 100, 0
1098:   7501160000000010D4CC1EF60CC2000018FC00000000                                            sce_espr3d_on2          1, 22, 0, 0, 0, 0, 16, 212, 204, 30, 246, 12, 194, 0, 0, 24, 252, 0, 0, 0, 0
10AE:   4B0106                                                                                  cut_replace             1, 6
10B1:   4B0207                                                                                  cut_replace             2, 7
10B4:   4B0308                                                                                  cut_replace             3, 8
10B7:   3C01                                                                                    cut_auto                1
10B9:   00                                                                                      nop
10BA:   07004400                                                                                else                    0, off_10FE

off_10BE:
10BE:   7501161000000010D4CC1EF60CC2000018FC00000000                                            sce_espr3d_on2          1, 22, 16, 0, 0, 0, 16, 212, 204, 30, 246, 12, 194, 0, 0, 24, 252, 0, 0, 0, 0
10D4:   540015000000002044CB68F784B80000E0FC00000000                                            sce_espr3d_on           0, 21, 0, 8192, -13500, -2200, -18300, 0, -800, 0, 0
10EA:   1808                                                                                    gosub                   main_08
10EC:   06000C00                                                                                if                      0, off_10FC
10F0:   21046901                                                                                ck                      FG_COMMON, 105, 1
10F4:   4B0109                                                                                  cut_replace             1, 9
10F7:   4B020A                                                                                  cut_replace             2, 10
10FA:   08                                                                                      endif
10FB:   00                                                                                      nop

off_10FC:
10FC:   00                                                                                      nop
10FD:   00                                                                                      nop

off_10FE:
10FE:   0100                                                                                    evt_end                 0

.proc main_05
1100:   06000A00                                                                                if                      0, off_110E
1104:   21010100                                                                                ck                      FG_STATUS, F_SCENARIO, 0
1108:   1806                                                                                    gosub                   main_06
110A:   07001800                                                                                else                    0, off_1122

off_110E:
110E:   06000A00                                                                                if                      0, off_111C
1112:   211D0E01                                                                                ck                      FG_ZAPPING, 14, 1
1116:   1807                                                                                    gosub                   main_07
1118:   07000800                                                                                else                    0, off_1120

off_111C:
111C:   1806                                                                                    gosub                   main_06
111E:   00                                                                                      nop
111F:   00                                                                                      nop

off_1120:
1120:   00                                                                                      nop
1121:   00                                                                                      nop

off_1122:
1122:   4400022F0020001300FFDDB1000053A5A00E00000000                                            sce_em_set              0, ID_EM_2, ENEMY_VINES, 0, AI_20, 0, SBK_19, 0, 255, -20003, 0, -23213, 3744, 0, 0
1138:   4400032F0020001300FF1DCC00000AC2E00700000000                                            sce_em_set              0, ID_EM_3, ENEMY_VINES, 0, AI_20, 0, SBK_19, 0, 255, -13283, 0, -15862, 2016, 0, 0
114E:   0100                                                                                    evt_end                 0

.proc main_06
1150:   4400002E100000130019DDB1000053A5A00E00000000                                            sce_em_set              0, ID_EM_0, ENEMY_IVY, 16, AI_DEFAULT, 0, SBK_19, 0, 25, -20003, 0, -23213, 3744, 0, 0
1166:   4400012E10000013001A1DCC00000AC2E00700000000                                            sce_em_set              0, ID_EM_1, ENEMY_IVY, 16, AI_DEFAULT, 0, SBK_19, 0, 26, -13283, 0, -15862, 2016, 0, 0
117C:   0100                                                                                    evt_end                 0

.proc main_07
117E:   44000039100000130019DDB1000053A5A00E00000000                                            sce_em_set              0, ID_EM_0, ENEMY_IVY_PURPLE, 16, AI_DEFAULT, 0, SBK_19, 0, 25, -20003, 0, -23213, 3744, 0, 0
1194:   4400013910000013001A1DCC00000AC2E00700000000                                            sce_em_set              0, ID_EM_1, ENEMY_IVY_PURPLE, 16, AI_DEFAULT, 0, SBK_19, 0, 26, -13283, 0, -15862, 2016, 0, 0
11AA:   0100                                                                                    evt_end                 0

.proc main_08
11AC:   06003E00                                                                                if                      0, off_11EE
11B0:   21010000                                                                                ck                      FG_STATUS, F_PLAYER, 0
11B4:   06001C00                                                                                if                      0, off_11D4
11B8:   21010100                                                                                ck                      FG_STATUS, F_SCENARIO, 0
11BC:   2E0400                                                                                  work_set                WK_OBJECT, ID_OBJ_0
11BF:   00                                                                                      nop
11C0:   3200A9AF24FAADA2                                                                        pos_set                 0, -20567, -1500, -23891
11C8:   3300C0F600000008                                                                        dir_set                 0, -2368, 0, 2048
11D0:   07001A00                                                                                else                    0, off_11EA

off_11D4:
11D4:   2E0402                                                                                  work_set                WK_OBJECT, ID_OBJ_2
11D7:   00                                                                                      nop
11D8:   3200A9AF24FAADA2                                                                        pos_set                 0, -20567, -1500, -23891
11E0:   330000FC40F840FD                                                                        dir_set                 0, -1024, -1984, -704
11E8:   00                                                                                      nop
11E9:   00                                                                                      nop

off_11EA:
11EA:   07003C00                                                                                else                    0, off_1226

off_11EE:
11EE:   06001C00                                                                                if                      0, off_120E
11F2:   21010100                                                                                ck                      FG_STATUS, F_SCENARIO, 0
11F6:   2E0400                                                                                  work_set                WK_OBJECT, ID_OBJ_0
11F9:   00                                                                                      nop
11FA:   3200A9AF24FAADA2                                                                        pos_set                 0, -20567, -1500, -23891
1202:   3300C0F600000008                                                                        dir_set                 0, -2368, 0, 2048
120A:   07001A00                                                                                else                    0, off_1224

off_120E:
120E:   2E0403                                                                                  work_set                WK_OBJECT, ID_OBJ_3
1211:   00                                                                                      nop
1212:   320089AC1EFB1DA1                                                                        pos_set                 0, -21367, -1250, -24291
121A:   3300000000000000                                                                        dir_set                 0, 0, 0, 0
1222:   00                                                                                      nop
1223:   00                                                                                      nop

off_1224:
1224:   00                                                                                      nop
1225:   00                                                                                      nop

off_1226:
1226:   0100                                                                                    evt_end                 0

.proc main_09
1228:   440000150000002F8019D3B1000078AC290000000000                                            sce_em_set              0, ID_EM_0, ENEMY_ZOMBIE_TESTSUBJECT, 0, AI_DEFAULT, 0, SBK_47, 128, 25, -20013, 0, -21384, 41, 0, 0
123E:   440001150600002F801AB9CA00002DC0DD1700000000                                            sce_em_set              0, ID_EM_1, ENEMY_ZOMBIE_TESTSUBJECT, 6, AI_DEFAULT, 0, SBK_47, 128, 26, -13639, 0, -16339, 6109, 0, 0
1254:   440002150000002F80806CAB0000A298C1FE00000000                                            sce_em_set              0, ID_EM_2, ENEMY_ZOMBIE_TESTSUBJECT, 0, AI_DEFAULT, 0, SBK_47, 128, 128, -21652, 0, -26462, -319, 0, 0
126A:   440003160000002F808119B10000F8A3E11000000000                                            sce_em_set              0, ID_EM_3, ENEMY_ZOMBIE_SCIENTIST, 0, AI_DEFAULT, 0, SBK_47, 128, 129, -20199, 0, -23560, 4321, 0, 0
1280:   440004160000002F808D19B10000F8A3E11000000000                                            sce_em_set              0, ID_EM_4, ENEMY_ZOMBIE_SCIENTIST, 0, AI_DEFAULT, 0, SBK_47, 128, 141, -20199, 0, -23560, 4321, 0, 0
1296:   0100                                                                                    evt_end                 0

.proc main_0A
1298:   2C09043100004CC4C2B29A06180606000000FFFF                                                aot_set                 ID_AOT_9, SCE_MESSAGE, SAT_PL | SAT_MANUAL | SAT_FRONT, 0, 0, -15284, -19774, 1690, 1560, ID_MSG_6, 0, 0, 0, 255, 255
12AC:   0100                                                                                    evt_end                 0

.proc main_0B
12AE:   0600BC00                                                                                if                      0, off_136E
12B2:   21010100                                                                                ck                      FG_STATUS, F_SCENARIO, 0
12B6:   4E0602310000BBAC23A0B004DC05600001000E0000A0                                            item_aot_set            ID_AOT_6, SCE_ITEM, SAT_PL | SAT_MANUAL | SAT_FRONT, 0, 0, -21317, -24541, 1200, 1500, ITEM_MODISK, 1, 14, ID_OBJ_0, IF_GLINT_GRAY
12CC:   2D0000000000000000000A001000A9AF24FAADA2C0F600000008000000000000000000000000            obj_model_set           ID_OBJ_0, 0, 0, 0, 0, 0, 0, 10, 16, -20567, -1500, -23891, -2368, 0, 2048, 0, 0, 0, 0, 0, 0, 0, 0
12F2:   4E070231000023A35BB830075A05230001000C000100                                            item_aot_set            ID_AOT_7, SCE_ITEM, SAT_PL | SAT_MANUAL | SAT_FRONT, 0, 0, -23773, -18341, 1840, 1370, ITEM_FAIDSPRAY, 1, 12, ID_OBJ_1, IF_DEFAULT
1308:   2D0100000000000000000A00100062ACC6F872BB000000FA0000000000000000000000000000            obj_model_set           ID_OBJ_1, 0, 0, 0, 0, 0, 0, 10, 16, -21406, -1850, -17550, 0, -1536, 0, 0, 0, 0, 0, 0, 0, 0, 0
132E:   4E03023100004F9FD3B828055604160008002D0002A0                                            item_aot_set            ID_AOT_3, SCE_ITEM, SAT_PL | SAT_MANUAL | SAT_FRONT, 0, 0, -24753, -18221, 1320, 1110, ITEM_MAGNUMAMMO, 8, 45, ID_OBJ_2, IF_GLINT_GRAY
1344:   2D0200000000000000000A00100028A5F8F8DCBA00FC40F840FD000000000000000000000000            obj_model_set           ID_OBJ_2, 0, 0, 0, 0, 0, 0, 10, 16, -23256, -1800, -17700, -1024, -1984, -704, 0, 0, 0, 0, 0, 0, 0, 0
136A:   07004200                                                                                else                    0, off_13AC

off_136E:
136E:   4E0602310000BBAC23A0B004DC05160010002D0002A0                                            item_aot_set            ID_AOT_6, SCE_ITEM, SAT_PL | SAT_MANUAL | SAT_FRONT, 0, 0, -21317, -24541, 1200, 1500, ITEM_MAGNUMAMMO, 16, 45, ID_OBJ_2, IF_GLINT_GRAY
1384:   2D0200000000000000000A001000A9AF24FAADA200FC40F840FD000000000000000000000000            obj_model_set           ID_OBJ_2, 0, 0, 0, 0, 0, 0, 10, 16, -20567, -1500, -23891, -1024, -1984, -704, 0, 0, 0, 0, 0, 0, 0, 0
13AA:   00                                                                                      nop
13AB:   00                                                                                      nop

off_13AC:
13AC:   06003600                                                                                if                      0, off_13E6
13B0:   21046400                                                                                ck                      FG_COMMON, 100, 0
13B4:   46060000000000000000                                                                    aot_reset               ID_AOT_6, SCE_AUTO, SAT_AUTO, 0, 0, 0, 0, 0, 0
13BE:   06001400                                                                                if                      0, off_13D6
13C2:   21010100                                                                                ck                      FG_STATUS, F_SCENARIO, 0
13C6:   2E0400                                                                                  work_set                WK_OBJECT, ID_OBJ_0
13C9:   00                                                                                      nop
13CA:   3200000000000000                                                                        pos_set                 0, 0, 0, 0
13D2:   07001200                                                                                else                    0, off_13E4

off_13D6:
13D6:   2E0402                                                                                  work_set                WK_OBJECT, ID_OBJ_2
13D9:   00                                                                                      nop
13DA:   3200000000000000                                                                        pos_set                 0, 0, 0, 0
13E2:   00                                                                                      nop
13E3:   00                                                                                      nop

off_13E4:
13E4:   08                                                                                      endif
13E5:   00                                                                                      nop

off_13E6:
13E6:   0100                                                                                    evt_end                 0

.proc main_0C
13E8:   06000E00                                                                                if                      0, off_13FA
13EC:   21046400                                                                                ck                      FG_COMMON, 100, 0
13F0:   2B000200FFFF                                                                            message_on              0, ID_MSG_2, 0, 255, 255
13F6:   07000C00                                                                                else                    0, off_1402

off_13FA:
13FA:   2B000500FFFF                                                                            message_on              0, ID_MSG_5, 0, 255, 255
1400:   00                                                                                      nop
1401:   00                                                                                      nop

off_1402:
1402:   0B                                                                                      wsleep
1403:   0C                                                                                      wsleeping
1404:   06000C00                                                                                if                      0, off_1414
1408:   21046401                                                                                ck                      FG_COMMON, 100, 1
140C:   2903                                                                                    cut_chg                 3
140E:   3C01                                                                                    cut_auto                1
1410:   07000A00                                                                                else                    0, off_141A

off_1414:
1414:   2908                                                                                    cut_chg                 8
1416:   3C01                                                                                    cut_auto                1
1418:   00                                                                                      nop
1419:   00                                                                                      nop

off_141A:
141A:   0100                                                                                    evt_end                 0

.proc main_0D
141C:   06001C00                                                                                if                      0, off_143C
1420:   2103A000                                                                                ck                      FG_SCENARIO, 160, 0
1424:   06001200                                                                                if                      0, off_143A
1428:   21220E01                                                                                ck                      FG_ITEM_2, 14, 1
142C:   57000C06112A40C0                                                                        sce_bgmtbl_set          0, 12, 6, 10769, 49216
1434:   2203A001                                                                                set                     FG_SCENARIO, 160, 1
1438:   08                                                                                      endif
1439:   00                                                                                      nop

off_143A:
143A:   08                                                                                      endif
143B:   00                                                                                      nop

off_143C:
143C:   0100                                                                                    evt_end                 0
143E:   4800                                                                                    db                      0x48, 0x00
