.version 2

.init
.proc init
0BB2:   3B000131000092A5AAFE0807080744990000B0B9000005130000250000976100                        door_aot_se             ID_AOT_0, SCE_DOOR, SAT_PL | SAT_MANUAL | SAT_FRONT, 0, 0, -23150, -342, 1800, 1800, -26300, 0, -18000, 0, 5, 19, 0, 0, 37, 0, 0, 151, ITEM_UMBRELLAKEYCARD, 0
0BD2:   3B0101310000A0B0109908079411009C0000B2D0000005150000260000000000                        door_aot_se             ID_AOT_1, SCE_DOOR, SAT_PL | SAT_MANUAL | SAT_FRONT, 0, 0, -20320, -26352, 1800, 4500, -25600, 0, -12110, 0, 5, 21, 0, 0, 38, 0, 0, 0, UNLOCKED, 0
0BF2:   3B02013100003E0838C108076009589E0000A0C4000005120000250000000000                        door_aot_se             ID_AOT_2, SCE_DOOR, SAT_PL | SAT_MANUAL | SAT_FRONT, 0, 0, 2110, -16072, 1800, 2400, -25000, 0, -15200, 0, 5, 18, 0, 0, 37, 0, 0, 0, UNLOCKED, 0
0C12:   0100                                                                                    evt_end                 0

.main
.proc main
0C18:   2C0A04310000BA96F8FD6009FC0810000000FFFF                                                aot_set                 ID_AOT_10, SCE_MESSAGE, SAT_PL | SAT_MANUAL | SAT_FRONT, 0, 0, -26950, -520, 2400, 2300, ID_MSG_16, 0, 0, 0, 255, 255
0C2C:   4400003B0260002800FF4CA0E8EA84EA000000000000                                            sce_em_set              0, ID_EM_0, ENEMY_MAGGOTS, 2, AI_20 | AI_40, 0, SBK_40, 0, 255, -24500, -5400, -5500, 0, 0, 0
0C42:   2E0300                                                                                  work_set                WK_ENEMY, ID_EM_0
0C45:   00                                                                                      nop
0C46:   34170000                                                                                member_set              M_SCE_FREE0, 0
0C4A:   2D0000000000000000000A001000AE9800001299000000000000000000000000000000000000            obj_model_set           ID_OBJ_0, 0, 0, 0, 0, 0, 0, 10, 16, -26450, 0, -26350, 0, 0, 0, 0, 0, 0, 0, 0, 0, 0, 0
0C70:   4E0502310000C095C095B004B0042700010038000001                                            item_aot_set            ID_AOT_5, SCE_ITEM, SAT_PL | SAT_MANUAL | SAT_FRONT, 0, 0, -27200, -27200, 1200, 1200, ITEM_HERBR, 1, 56, ID_OBJ_0, IF_FLOOR
0C86:   0100                                                                                    evt_end                 0

.proc aot
0C88:   06001200                                                                                if                      0, off_0C9E
0C8C:   23001A000500                                                                            cmp                     0, V_CUT, CMP_EQ, 5
0C92:   2E0300                                                                                  work_set                WK_ENEMY, ID_EM_0
0C95:   00                                                                                      nop
0C96:   34170100                                                                                member_set              M_SCE_FREE0, 1
0C9A:   07002600                                                                                else                    0, off_0CC0

off_0C9E:
0C9E:   06001200                                                                                if                      0, off_0CB4
0CA2:   23001A000400                                                                            cmp                     0, V_CUT, CMP_EQ, 4
0CA8:   2E0300                                                                                  work_set                WK_ENEMY, ID_EM_0
0CAB:   00                                                                                      nop
0CAC:   34170100                                                                                member_set              M_SCE_FREE0, 1
0CB0:   07000E00                                                                                else                    0, off_0CBE

off_0CB4:
0CB4:   2E0300                                                                                  work_set                WK_ENEMY, ID_EM_0
0CB7:   00                                                                                      nop
0CB8:   34170000                                                                                member_set              M_SCE_FREE0, 0
0CBC:   00                                                                                      nop
0CBD:   00                                                                                      nop

off_0CBE:
0CBE:   00                                                                                      nop
0CBF:   00                                                                                      nop

off_0CC0:
0CC0:   0100                                                                                    evt_end                 0
0CC2:   1800                                                                                    db                      0x18, 0x00
