.version 2
.init
.proc init_00
2B96:   3B000131000020930FCA08079A101BB0000084A214F805140600260000000000                        door_aot_se             0, SCE_DOOR, SAT_PL | SAT_MANUAL | SAT_FRONT, 0, 0, -27872, -13809, 1800, 4250, -20453, 0, -23932, -2028, 5, 20, 6, 0, 38, 0, 0, 0, UNLOCKED, 0
2BB6:   0100                                                                                    evt_end                 0

.main
.proc main_00
2BD2:   1803                                                                                    gosub                   3
2BD4:   1804                                                                                    gosub                   4
2BD6:   4E070231030000000000010001002100010029000400                                            item_aot_set            7, SCE_ITEM, SAT_PL | SAT_MANUAL | SAT_FRONT, 3, 0, 0, 0, 1, 1, ITEM_MAGNUMPARTS, 1, 41, 4, 0
2BEC:   2C0C0431000096FB6C99220B400607000000FFEF                                                aot_set                 12, SCE_MESSAGE, SAT_PL | SAT_MANUAL | SAT_FRONT, 0, 0, -1130, -26260, 2850, 1600, 7, 0, 0, 0, 255, 239
2C00:   2D0400000000000000000A00100058AC70FF88E0C0FEC0EB80FC000000000000000000000000            obj_model_set           4, 0, 0, 0, 0, 0, 0, 10, 16, -21416, -144, -8056, -320, -5184, -896, 0, 0, 0, 0, 0, 0, 0, 0
2C26:   06006600                                                                                if                      0, off_2C90
2C2A:   21010101                                                                                ck                      1, 1, 1
2C2E:   06001E00                                                                                if                      0, off_2C50
2C32:   21001901                                                                                ck                      0, 25, 1
2C36:   4E0D023100008CA698BDA208B806230001003700FF00                                            item_aot_set            13, SCE_ITEM, SAT_PL | SAT_MANUAL | SAT_FRONT, 0, 0, -22900, -17000, 2210, 1720, ITEM_FAIDSPRAY, 1, 55, 255, 0
2C4C:   07004200                                                                                else                    0, off_2C8E

off_2C50:
2C50:   4E0D023100008CA698BDA208B8062300010037000900                                            item_aot_set            13, SCE_ITEM, SAT_PL | SAT_MANUAL | SAT_FRONT, 0, 0, -22900, -17000, 2210, 1720, ITEM_FAIDSPRAY, 1, 55, 9, 0
2C66:   2D09000000000000000000001000ECAAF8F8D8C0000080000000000000000000000000000000            obj_model_set           9, 0, 0, 0, 0, 0, 0, 0, 16, -21780, -1800, -16168, 0, 128, 0, 0, 0, 0, 0, 0, 0, 0, 0
2C8C:   00                                                                                      nop
2C8D:   00                                                                                      nop

off_2C8E:
2C8E:   08                                                                                      endif
2C8F:   00                                                                                      nop

off_2C90:
2C90:   06004400                                                                                if                      0, off_2CD8
2C94:   21010101                                                                                ck                      1, 1, 1
2C98:   2D08000000000000000000001000BAF1B0F8B6BCC0FF00070006000000000000000000000000            obj_model_set           8, 0, 0, 0, 0, 0, 0, 0, 16, -3654, -1872, -17226, -64, 1792, 1536, 0, 0, 0, 0, 0, 0, 0, 0
2CBE:   4E05023100008EEF4CB9E60548085F0001002B000880                                            item_aot_set            5, SCE_ITEM, SAT_PL | SAT_MANUAL | SAT_FRONT, 0, 0, -4210, -18100, 1510, 2120, ITEM_POWERROOMKEY, 1, 43, 8, 128
2CD4:   07004200                                                                                else                    0, off_2D16

off_2CD8:
2CD8:   2D03000000000000000000001000BAF1B0F8B6BC0000000C0000000000000000000000000000            obj_model_set           3, 0, 0, 0, 0, 0, 0, 0, 16, -3654, -1872, -17226, 0, 3072, 0, 0, 0, 0, 0, 0, 0, 0, 0
2CFE:   4E05023100008EEF4CB9E6054808610002002B0003E0                                            item_aot_set            5, SCE_ITEM, SAT_PL | SAT_MANUAL | SAT_FRONT, 0, 0, -4210, -18100, 1510, 2120, ITEM_UMBRELLAKEYCARD, 2, 43, 3, 224
2D14:   00                                                                                      nop
2D15:   00                                                                                      nop

off_2D16:
2D16:   0100                                                                                    evt_end                 0

.proc main_01
2D18:   06001000                                                                                if                      0, off_2D2C
2D1C:   21222901                                                                                ck                      34, 41, 1
2D20:   46030000000000000000                                                                    aot_reset               3, SCE_AUTO, SAT_AUTO, 0, 0, 0, 0, 0, 0
2D2A:   08                                                                                      endif
2D2B:   00                                                                                      nop

off_2D2C:
2D2C:   1805                                                                                    gosub                   5
2D2E:   0100                                                                                    evt_end                 0

.proc main_02
2D30:   22020701                                                                                set                     2, 7, 1
2D34:   22020201                                                                                set                     2, 2, 1
2D38:   06002400                                                                                if                      0, off_2D60
2D3C:   21049F01                                                                                ck                      4, 159, 1
2D40:   290D                                                                                    cut_chg                 13
2D42:   36022801000020AC00001CDA                                                                se_on                   2, 296, 0, -21472, 0, -9700
2D4E:   623F                                                                                    sce_item_lost           63
2D50:   090A1E00                                                                                sleep                   10, 30
2D54:   4707                                                                                    aot_on                  7
2D56:   090A0100                                                                                sleep                   10, 1
2D5A:   2900                                                                                    cut_chg                 0
2D5C:   07006000                                                                                else                    0, off_2DBC

off_2D60:
2D60:   06004A00                                                                                if                      0, off_2DAE
2D64:   5E3F                                                                                    keep_item_ck            63
2D66:   2B000A00FFFF                                                                            message_on              0, 10, 0, 255, 255
2D6C:   090A0100                                                                                sleep                   10, 1
2D70:   06003600                                                                                if                      0, off_2DAA
2D74:   210B1F00                                                                                ck                      11, 31, 0
2D78:   22049F01                                                                                set                     4, 159, 1
2D7C:   36022701000020AC00001CDA                                                                se_on                   2, 295, 0, -21472, 0, -9700
2D88:   623F                                                                                    sce_item_lost           63
2D8A:   090A1E00                                                                                sleep                   10, 30
2D8E:   290D                                                                                    cut_chg                 13
2D90:   36022801000020AC00001CDA                                                                se_on                   2, 296, 0, -21472, 0, -9700
2D9C:   090A1E00                                                                                sleep                   10, 30
2DA0:   4707                                                                                    aot_on                  7
2DA2:   090A0100                                                                                sleep                   10, 1
2DA6:   2900                                                                                    cut_chg                 0
2DA8:   08                                                                                      endif
2DA9:   00                                                                                      nop

off_2DAA:
2DAA:   07001000                                                                                else                    0, off_2DBA

off_2DAE:
2DAE:   2B000000FFFF                                                                            message_on              0, 0, 0, 255, 255
2DB4:   090A0100                                                                                sleep                   10, 1
2DB8:   00                                                                                      nop
2DB9:   00                                                                                      nop

off_2DBA:
2DBA:   00                                                                                      nop
2DBB:   00                                                                                      nop

off_2DBC:
2DBC:   22020700                                                                                set                     2, 7, 0
2DC0:   22020200                                                                                set                     2, 2, 0
2DC4:   3C01                                                                                    cut_auto                1
2DC6:   0100                                                                                    evt_end                 0

.proc main_03
2DC8:   06007600                                                                                if                      0, off_2E42
2DCC:   21010101                                                                                ck                      1, 1, 1
2DD0:   440000170000002E0029FECB0000F1B11A0300000000                                            sce_em_set              0, 0, ENEMY_ZOMBIENAKED, 0, 0, 0, 46, 0, 41, -13314, 0, -19983, 794, 0, 0
2DE6:   440001170000002E002A10C00000669A7A0700000000                                            sce_em_set              0, 1, ENEMY_ZOMBIENAKED, 0, 0, 0, 46, 0, 42, -16368, 0, -26010, 1914, 0, 0
2DFC:   440002170000002E002BCEC1000032B77A0500000000                                            sce_em_set              0, 2, ENEMY_ZOMBIENAKED, 0, 0, 0, 46, 0, 43, -15922, 0, -18638, 1402, 0, 0
2E12:   440003170000002E002C20D200004DBF5F0700000000                                            sce_em_set              0, 3, ENEMY_ZOMBIENAKED, 0, 0, 0, 46, 0, 44, -11744, 0, -16563, 1887, 0, 0
2E28:   440004170000002E002DEAD70000E7A27A0900000000                                            sce_em_set              0, 4, ENEMY_ZOMBIENAKED, 0, 0, 0, 46, 0, 45, -10262, 0, -23833, 2426, 0, 0
2E3E:   07007400                                                                                else                    0, off_2EB2

off_2E42:
2E42:   440000160000002F00298EA100004EA2FA0900000000                                            sce_em_set              0, 0, ENEMY_ZOMBIESCIENTIST, 0, 0, 0, 47, 0, 41, -24178, 0, -23986, 2554, 0, 0
2E58:   440001160000002F002A10C00000669A7A0700000000                                            sce_em_set              0, 1, ENEMY_ZOMBIESCIENTIST, 0, 0, 0, 47, 0, 42, -16368, 0, -26010, 1914, 0, 0
2E6E:   440002160000002F002B2ECB0000B2C3620900000000                                            sce_em_set              0, 2, ENEMY_ZOMBIESCIENTIST, 0, 0, 0, 47, 0, 43, -13522, 0, -15438, 2402, 0, 0
2E84:   440003160000002F002C58E0000079C7070400000000                                            sce_em_set              0, 3, ENEMY_ZOMBIESCIENTIST, 0, 0, 0, 47, 0, 44, -8104, 0, -14471, 1031, 0, 0
2E9A:   440004160000002F002D83FE000021BDFA0500000000                                            sce_em_set              0, 4, ENEMY_ZOMBIESCIENTIST, 0, 0, 0, 47, 0, 45, -381, 0, -17119, 1530, 0, 0
2EB0:   00                                                                                      nop
2EB1:   00                                                                                      nop

off_2EB2:
2EB2:   0100                                                                                    evt_end                 0

.proc main_04
2EB4:   2D00000000000000000008001000EE980000A8BB000000040000000000000000000000000000            obj_model_set           0, 0, 0, 0, 0, 0, 0, 8, 16, -26386, 0, -17496, 0, 1024, 0, 0, 0, 0, 0, 0, 0, 0, 0
2EDA:   2D010000000000000000000010007EB30000B298000000000000000000000000000000000000            obj_model_set           1, 0, 0, 0, 0, 0, 0, 0, 16, -19586, 0, -26446, 0, 0, 0, 0, 0, 0, 0, 0, 0, 0, 0
2F00:   2C0906430000129964B5280A300C050020000100                                                aot_set                 9, SCE_FLAG_CHG, SAT_PL | SAT_EM | SAT_UNDER, 0, 0, -26350, -19100, 2600, 3120, 5, 0, 32, 0, 1, 0
2F14:   2C0A06430000F8AD7298FC0DD007050021000100                                                aot_set                 10, SCE_FLAG_CHG, SAT_PL | SAT_EM | SAT_UNDER, 0, 0, -21000, -26510, 3580, 2000, 5, 0, 33, 0, 1, 0
2F28:   6407160A00000010A0AB78EC34D60000                                                        sce_espr_on2            7, 22, 10, 0, 0, 0, 16, 160, 171, 120, 236, 52, 214, 0, 0
2F38:   6408160A00000010D8AA78EC34D60000                                                        sce_espr_on2            8, 22, 10, 0, 0, 0, 16, 216, 170, 120, 236, 52, 214, 0, 0
2F48:   2C0305310000B0AA7CD9D606A406FF0018020000                                                aot_set                 3, SCE_EVENT, SAT_PL | SAT_MANUAL | SAT_FRONT, 0, 0, -21840, -9860, 1750, 1700, 255, 0, I_GOSUB, main_02, 0, 0
2F5C:   2C0B04310000D89B72D9020D640501000000FFEF                                                aot_set                 11, SCE_MESSAGE, SAT_PL | SAT_MANUAL | SAT_FRONT, 0, 0, -25640, -9870, 3330, 1380, 1, 0, 0, 0, 255, 239
2F70:   2C0F0431000010B416C78804640502000000FFEF                                                aot_set                 15, SCE_MESSAGE, SAT_PL | SAT_MANUAL | SAT_FRONT, 0, 0, -19440, -14570, 1160, 1380, 2, 0, 0, 0, 255, 239
2F84:   2C100431000010B4AEB68804640502000000FFEF                                                aot_set                 16, SCE_MESSAGE, SAT_PL | SAT_MANUAL | SAT_FRONT, 0, 0, -19440, -18770, 1160, 1380, 2, 0, 0, 0, 255, 239
2F98:   2C110431000010B446A68804640502000000FFEF                                                aot_set                 17, SCE_MESSAGE, SAT_PL | SAT_MANUAL | SAT_FRONT, 0, 0, -19440, -22970, 1160, 1380, 2, 0, 0, 0, 255, 239
2FAC:   2C12043100005EB694DFB80B300C02000000FFEF                                                aot_set                 18, SCE_MESSAGE, SAT_PL | SAT_MANUAL | SAT_FRONT, 0, 0, -18850, -8300, 3000, 3120, 2, 0, 0, 0, 255, 239
2FC0:   2C1304310000FA0088AFB80B841702000000FFEF                                                aot_set                 19, SCE_MESSAGE, SAT_PL | SAT_MANUAL | SAT_FRONT, 0, 0, 250, -20600, 3000, 6020, 2, 0, 0, 0, 255, 239
2FD4:   06001C00                                                                                if                      0, off_2FF4
2FD8:   21001901                                                                                ck                      0, 25, 1
2FDC:   4E140231000082D8B0D2E605FC031E0003005200FF00                                            item_aot_set            20, SCE_ITEM, SAT_PL | SAT_MANUAL | SAT_FRONT, 0, 0, -10110, -11600, 1510, 1020, ITEM_INKRIBBON, 3, 82, 255, 0
2FF2:   08                                                                                      endif
2FF3:   00                                                                                      nop

off_2FF4:
2FF4:   0100                                                                                    evt_end                 0

.proc main_05
2FF6:   06003000                                                                                if                      0, off_302A
2FFA:   21052001                                                                                ck                      5, 32, 1
2FFE:   06002400                                                                                if                      0, off_3026
3002:   21050000                                                                                ck                      5, 0, 0
3006:   06001600                                                                                if                      0, off_3020
300A:   21050300                                                                                ck                      5, 3, 0
300E:   22050301                                                                                set                     5, 3, 1
3012:   36020A020000499C0000B2BC                                                                se_on                   2, 522, 0, -25527, 0, -17230
301E:   08                                                                                      endif
301F:   00                                                                                      nop

off_3020:
3020:   04061806                                                                                evt_exec                6, I_GOSUB, main_06
3024:   08                                                                                      endif
3025:   00                                                                                      nop

off_3026:
3026:   07002E00                                                                                else                    0, off_3054

off_302A:
302A:   06002400                                                                                if                      0, off_3052
302E:   21050001                                                                                ck                      5, 0, 1
3032:   06001600                                                                                if                      0, off_304C
3036:   21050300                                                                                ck                      5, 3, 0
303A:   22050301                                                                                set                     5, 3, 1
303E:   36020A020000499C0000B2BC                                                                se_on                   2, 522, 0, -25527, 0, -17230
304A:   08                                                                                      endif
304B:   00                                                                                      nop

off_304C:
304C:   04071807                                                                                evt_exec                7, I_GOSUB, main_07
3050:   08                                                                                      endif
3051:   00                                                                                      nop

off_3052:
3052:   00                                                                                      nop
3053:   00                                                                                      nop

off_3054:
3054:   06003000                                                                                if                      0, off_3088
3058:   21052101                                                                                ck                      5, 33, 1
305C:   06002400                                                                                if                      0, off_3084
3060:   21050200                                                                                ck                      5, 2, 0
3064:   06001600                                                                                if                      0, off_307E
3068:   21050400                                                                                ck                      5, 4, 0
306C:   22050401                                                                                set                     5, 4, 1
3070:   36020A02000016B30000BF9B                                                                se_on                   2, 522, 0, -19690, 0, -25665
307C:   08                                                                                      endif
307D:   00                                                                                      nop

off_307E:
307E:   04081808                                                                                evt_exec                8, I_GOSUB, main_08
3082:   08                                                                                      endif
3083:   00                                                                                      nop

off_3084:
3084:   07002E00                                                                                else                    0, off_30B2

off_3088:
3088:   06002400                                                                                if                      0, off_30B0
308C:   21050201                                                                                ck                      5, 2, 1
3090:   06001600                                                                                if                      0, off_30AA
3094:   21050400                                                                                ck                      5, 4, 0
3098:   22050401                                                                                set                     5, 4, 1
309C:   36020A02000016B30000BF9B                                                                se_on                   2, 522, 0, -19690, 0, -25665
30A8:   08                                                                                      endif
30A9:   00                                                                                      nop

off_30AA:
30AA:   04091809                                                                                evt_exec                9, I_GOSUB, main_09
30AE:   08                                                                                      endif
30AF:   00                                                                                      nop

off_30B0:
30B0:   00                                                                                      nop
30B1:   00                                                                                      nop

off_30B2:
30B2:   180A                                                                                    gosub                   10
30B4:   0100                                                                                    evt_end                 0

.proc main_06
30B6:   0507                                                                                    evt_kill                7
30B8:   2E0400                                                                                  work_set                WK_OBJECT, 0
30BB:   00                                                                                      nop
30BC:   3D040C                                                                                  member_copy             4, 12
30BF:   00                                                                                      nop
30C0:   24050A00                                                                                save                    5, 10
30C4:   0F063A00                                                                                while                   6, off_3102
30C8:   230004018CF1                                                                            cmp                     0, 4, CMP_GT, -3700
30CE:   3D100C                                                                                  member_copy             16, 12
30D1:   00                                                                                      nop
30D2:   26000110B400                                                                            calc                    0, OP_SUB, 16, 180
30D8:   350C10                                                                                  member_set2             12, 16
30DB:   00                                                                                      nop
30DC:   3D040C                                                                                  member_copy             4, 12
30DF:   00                                                                                      nop
30E0:   251005                                                                                  copy                    16, 5
30E3:   00                                                                                      nop
30E4:   260001100100                                                                            calc                    0, OP_SUB, 16, 1
30EA:   250510                                                                                  copy                    5, 16
30ED:   00                                                                                      nop
30EE:   06000C00                                                                                if                      0, off_30FE
30F2:   2300040310F5                                                                            cmp                     0, 4, CMP_LT, -2800
30F8:   37130000                                                                                sca_id_set              19, 0, 0
30FC:   08                                                                                      endif
30FD:   00                                                                                      nop

off_30FE:
30FE:   02                                                                                      evt_next
30FF:   00                                                                                      nop
3100:   1000                                                                                    ewhile                  0

off_3102:
3102:   22050001                                                                                set                     5, 0, 1
3106:   22050300                                                                                set                     5, 3, 0
310A:   0100                                                                                    evt_end                 0

.proc main_07
310C:   0506                                                                                    evt_kill                6
310E:   371380FC                                                                                sca_id_set              19, 128, 252
3112:   2E0400                                                                                  work_set                WK_OBJECT, 0
3115:   00                                                                                      nop
3116:   3D040C                                                                                  member_copy             4, 12
3119:   00                                                                                      nop
311A:   0F061C00                                                                                while                   6, off_313A
311E:   230004030000                                                                            cmp                     0, 4, CMP_LT, 0
3124:   3D100C                                                                                  member_copy             16, 12
3127:   00                                                                                      nop
3128:   26000010B400                                                                            calc                    0, OP_ADD, 16, 180
312E:   350C10                                                                                  member_set2             12, 16
3131:   00                                                                                      nop
3132:   3D040C                                                                                  member_copy             4, 12
3135:   00                                                                                      nop
3136:   02                                                                                      evt_next
3137:   00                                                                                      nop
3138:   1000                                                                                    ewhile                  0

off_313A:
313A:   340C0000                                                                                member_set              12, 0, 0
313E:   22050000                                                                                set                     5, 0, 0
3142:   22050300                                                                                set                     5, 3, 0
3146:   0100                                                                                    evt_end                 0

.proc main_08
3148:   0509                                                                                    evt_kill                9
314A:   2E0401                                                                                  work_set                WK_OBJECT, 1
314D:   00                                                                                      nop
314E:   3D040C                                                                                  member_copy             4, 12
3151:   00                                                                                      nop
3152:   24050A00                                                                                save                    5, 10
3156:   0F063A00                                                                                while                   6, off_3194
315A:   230004018CF1                                                                            cmp                     0, 4, CMP_GT, -3700
3160:   3D100C                                                                                  member_copy             16, 12
3163:   00                                                                                      nop
3164:   26000110B400                                                                            calc                    0, OP_SUB, 16, 180
316A:   350C10                                                                                  member_set2             12, 16
316D:   00                                                                                      nop
316E:   3D040C                                                                                  member_copy             4, 12
3171:   00                                                                                      nop
3172:   251005                                                                                  copy                    16, 5
3175:   00                                                                                      nop
3176:   260001100100                                                                            calc                    0, OP_SUB, 16, 1
317C:   250510                                                                                  copy                    5, 16
317F:   00                                                                                      nop
3180:   06000C00                                                                                if                      0, off_3190
3184:   2300040310F5                                                                            cmp                     0, 4, CMP_LT, -2800
318A:   37140000                                                                                sca_id_set              20, 0, 0
318E:   08                                                                                      endif
318F:   00                                                                                      nop

off_3190:
3190:   02                                                                                      evt_next
3191:   00                                                                                      nop
3192:   1000                                                                                    ewhile                  0

off_3194:
3194:   22050201                                                                                set                     5, 2, 1
3198:   22050400                                                                                set                     5, 4, 0
319C:   0100                                                                                    evt_end                 0

.proc main_09
319E:   0508                                                                                    evt_kill                8
31A0:   371480FC                                                                                sca_id_set              20, 128, 252
31A4:   2E0401                                                                                  work_set                WK_OBJECT, 1
31A7:   00                                                                                      nop
31A8:   3D040C                                                                                  member_copy             4, 12
31AB:   00                                                                                      nop
31AC:   0F061C00                                                                                while                   6, off_31CC
31B0:   230004030000                                                                            cmp                     0, 4, CMP_LT, 0
31B6:   3D100C                                                                                  member_copy             16, 12
31B9:   00                                                                                      nop
31BA:   26000010B400                                                                            calc                    0, OP_ADD, 16, 180
31C0:   350C10                                                                                  member_set2             12, 16
31C3:   00                                                                                      nop
31C4:   3D040C                                                                                  member_copy             4, 12
31C7:   00                                                                                      nop
31C8:   02                                                                                      evt_next
31C9:   00                                                                                      nop
31CA:   1000                                                                                    ewhile                  0

off_31CC:
31CC:   340C0000                                                                                member_set              12, 0, 0
31D0:   22050200                                                                                set                     5, 2, 0
31D4:   22050400                                                                                set                     5, 4, 0
31D8:   0100                                                                                    evt_end                 0

.proc main_0A
31DA:   131AC600                                                                                switch                  26, off_32A4

off_31DE:
31DE:   140008000000                                                                            case                    0, off_31EC, 0
31E4:   510100011E40                                                                            sce_bgm_control         1, 0, 1, 30, 64
31EA:   1A00                                                                                    break                   0

off_31EC:
31EC:   140008000100                                                                            case                    0, off_31FA, 1
31F2:   510100013240                                                                            sce_bgm_control         1, 0, 1, 50, 64
31F8:   1A00                                                                                    break                   0

off_31FA:
31FA:   140008000200                                                                            case                    0, off_3208, 2
3200:   510100012840                                                                            sce_bgm_control         1, 0, 1, 40, 64
3206:   1A00                                                                                    break                   0

off_3208:
3208:   140008000300                                                                            case                    0, off_3216, 3
320E:   510100012840                                                                            sce_bgm_control         1, 0, 1, 40, 64
3214:   1A00                                                                                    break                   0

off_3216:
3216:   140008000400                                                                            case                    0, off_3224, 4
321C:   510100012840                                                                            sce_bgm_control         1, 0, 1, 40, 64
3222:   1A00                                                                                    break                   0

off_3224:
3224:   140008000500                                                                            case                    0, off_3232, 5
322A:   510100013240                                                                            sce_bgm_control         1, 0, 1, 50, 64
3230:   1A00                                                                                    break                   0

off_3232:
3232:   140008000600                                                                            case                    0, off_3240, 6
3238:   510100013240                                                                            sce_bgm_control         1, 0, 1, 50, 64
323E:   1A00                                                                                    break                   0

off_3240:
3240:   140008000700                                                                            case                    0, off_324E, 7
3246:   510100013240                                                                            sce_bgm_control         1, 0, 1, 50, 64
324C:   1A00                                                                                    break                   0

off_324E:
324E:   140008000800                                                                            case                    0, off_325C, 8
3254:   510100013240                                                                            sce_bgm_control         1, 0, 1, 50, 64
325A:   1A00                                                                                    break                   0

off_325C:
325C:   140008000900                                                                            case                    0, off_326A, 9
3262:   510100013240                                                                            sce_bgm_control         1, 0, 1, 50, 64
3268:   1A00                                                                                    break                   0

off_326A:
326A:   140008000A00                                                                            case                    0, off_3278, 10
3270:   510100013240                                                                            sce_bgm_control         1, 0, 1, 50, 64
3276:   1A00                                                                                    break                   0

off_3278:
3278:   140008000B00                                                                            case                    0, off_3286, 11
327E:   510100013240                                                                            sce_bgm_control         1, 0, 1, 50, 64
3284:   1A00                                                                                    break                   0

off_3286:
3286:   140008000C00                                                                            case                    0, off_3294, 12
328C:   510100013240                                                                            sce_bgm_control         1, 0, 1, 50, 64
3292:   1A00                                                                                    break                   0

off_3294:
3294:   140008000D00                                                                            case                    0, off_32A2, 13
329A:   510100011E40                                                                            sce_bgm_control         1, 0, 1, 30, 64
32A0:   1A00                                                                                    break                   0

off_32A2:
32A2:   1600                                                                                    eswitch                 0

off_32A4:
32A4:   11000A00                                                                                do                      0, off_32B2
32A8:   090A0100                                                                                sleep                   10, 1
32AC:   1204                                                                                    edwhile                 off_32B2
32AE:   21010B00                                                                                ck                      1, 11, 0

off_32B2:
32B2:   17FFFF0028FF                                                                            goto                    255, 255, 0, off_31DE
32B8:   0100                                                                                    evt_end                 0

.proc main_0B
32BA:   22020701                                                                                set                     2, 7, 1
32BE:   22020201                                                                                set                     2, 2, 1
32C2:   4705                                                                                    aot_on                  5
32C4:   06000A00                                                                                if                      0, off_32D2
32C8:   21222B00                                                                                ck                      34, 43, 0
32CC:   090A0100                                                                                sleep                   10, 1
32D0:   08                                                                                      endif
32D1:   00                                                                                      nop

off_32D2:
32D2:   22020700                                                                                set                     2, 7, 0
32D6:   22020200                                                                                set                     2, 2, 0
32DA:   0100                                                                                    evt_end                 0

.proc main_0C
32DC:   22020701                                                                                set                     2, 7, 1
32E0:   22020201                                                                                set                     2, 2, 1
32E4:   4705                                                                                    aot_on                  5
32E6:   06000A00                                                                                if                      0, off_32F4
32EA:   21222B00                                                                                ck                      34, 43, 0
32EE:   090A0100                                                                                sleep                   10, 1
32F2:   08                                                                                      endif
32F3:   00                                                                                      nop

off_32F4:
32F4:   22020700                                                                                set                     2, 7, 0
32F8:   22020200                                                                                set                     2, 2, 0
32FC:   0100                                                                                    evt_end                 0
32FE:   0000                                                                                    db                      0x00, 0x00
