.version 2

.init
.proc init
1E52:   3B0001310000F1E954DCF0053408B8EF000057E00000060005002E0000000000                        door_aot_se             ID_AOT_0, SCE_DOOR, SAT_PL | SAT_MANUAL | SAT_FRONT, 0, 0, -5647, -9132, 1520, 2100, -4168, 0, -8105, 0, 6, 0, 5, 0, 46, 0, 0, 0, UNLOCKED, 0
1E72:   3B01013100004D93BCA1FA05CE09DCD8000033CA1408060200001A0100000000                        door_aot_se             ID_AOT_1, SCE_DOOR, SAT_PL | SAT_MANUAL | SAT_FRONT, 0, 0, -27827, -24132, 1530, 2510, -10020, 0, -13773, 2068, 6, 2, 0, 0, 26, 1, 0, 0, UNLOCKED, 0
1E92:   0100                                                                                    evt_end                 0

.main
.proc main
1EB2:   1802                                                                                    gosub                   main_02
1EB4:   0100                                                                                    evt_end                 0

.proc aot
1EB6:   1803                                                                                    gosub                   main_03
1EB8:   0100                                                                                    evt_end                 0

.proc main_02
1EBA:   2C030A3100001588FAED0807D408000001000000                                                aot_set                 ID_AOT_3, SCE_ITEMBOX, SAT_PL | SAT_MANUAL | SAT_FRONT, 0, 0, -30699, -4614, 1800, 2260, 0, 0, 1, 0, 0, 0
1ECE:   4E04020000000000000001000100540001002200FF00                                            item_aot_set            ID_AOT_4, SCE_ITEM, SAT_AUTO, 0, 0, 0, 0, 1, 1, ITEM_JOINTPLUGBLUE, 1, 34, ID_OBJ_255, IF_DEFAULT
1EE4:   4E05020000000000000001000100550001002700FF00                                            item_aot_set            ID_AOT_5, SCE_ITEM, SAT_AUTO, 0, 0, 0, 0, 1, 1, ITEM_JOINTPLUGRED, 1, 39, ID_OBJ_255, IF_DEFAULT
1EFA:   2C0805310000EFE739B308070807FF0018040000                                                aot_set                 ID_AOT_8, SCE_EVENT, SAT_PL | SAT_MANUAL | SAT_FRONT, 0, 0, -6161, -19655, 1800, 1800, 255, 0, I_GOSUB, main_04, 0, 0
1F0E:   2C09053100003BECE0AAAE06A807FF00180C0000                                                aot_set                 ID_AOT_9, SCE_EVENT, SAT_PL | SAT_MANUAL | SAT_FRONT, 0, 0, -5061, -21792, 1710, 1960, 255, 0, I_GOSUB, main_0C, 0, 0
1F22:   2C0B04310000A68344E50807600901000000FFFF                                                aot_set                 ID_AOT_11, SCE_MESSAGE, SAT_PL | SAT_MANUAL | SAT_FRONT, 0, 0, -31834, -6844, 1800, 2400, ID_MSG_1, 0, 0, 0, 255, 255
1F36:   06002200                                                                                if                      0, off_1F5C
1F3A:   2104B700                                                                                ck                      FG_COMMON, 183, 0
1F3E:   670A05410000FDD49BD6EDDFB7FB61EE1BFCF9DD67CEFF00180D0000                                aot_set_4p              10, SCE_EVENT, SAT_PL | SAT_UNDER, 0, 0, -11011, -10597, -8211, -1097, -4511, -997, -8711, -12697, 255, 0, I_GOSUB, main_0D, 0, 0
1F5A:   08                                                                                      endif
1F5B:   00                                                                                      nop

off_1F5C:
1F5C:   2D0000000000000000000A001000B48860FA76F3000000000000000000000000000000000000            obj_model_set           ID_OBJ_0, 0, 0, 0, 0, 0, 0, 10, 16, -30540, -1440, -3210, 0, 0, 0, 0, 0, 0, 0, 0, 0, 0, 0
1F82:   2D0200000000000000000A00100090EE80F224AF000000000000000000000000000000000000            obj_model_set           ID_OBJ_2, 0, 0, 0, 0, 0, 0, 10, 16, -4464, -3456, -20700, 0, 0, 0, 0, 0, 0, 0, 0, 0, 0, 0
1FA8:   2D0300000000000000000A00100090EE8EF324AF000000000000000000000000000000000000            obj_model_set           ID_OBJ_3, 0, 0, 0, 0, 0, 0, 10, 16, -4464, -3186, -20700, 0, 0, 0, 0, 0, 0, 0, 0, 0, 0, 0
1FCE:   2D0400000000000000000A00100090EE9CF424AF000000000000000000000000000000000000            obj_model_set           ID_OBJ_4, 0, 0, 0, 0, 0, 0, 10, 16, -4464, -2916, -20700, 0, 0, 0, 0, 0, 0, 0, 0, 0, 0, 0
1FF4:   2D0500000000000000000A00100090EEAAF524AF000000000000000000000000000000000000            obj_model_set           ID_OBJ_5, 0, 0, 0, 0, 0, 0, 10, 16, -4464, -2646, -20700, 0, 0, 0, 0, 0, 0, 0, 0, 0, 0, 0
201A:   2D0600000000000000000A00100090EEB8F624AF000000000000000000000000000000000000            obj_model_set           ID_OBJ_6, 0, 0, 0, 0, 0, 0, 10, 16, -4464, -2376, -20700, 0, 0, 0, 0, 0, 0, 0, 0, 0, 0, 0
2040:   2D0700000000000000000A00100090EEC6F724AF000000000000000000000000000000000000            obj_model_set           ID_OBJ_7, 0, 0, 0, 0, 0, 0, 10, 16, -4464, -2106, -20700, 0, 0, 0, 0, 0, 0, 0, 0, 0, 0, 0
2066:   06004E00                                                                                if                      0, off_20B8
206A:   21049001                                                                                ck                      FG_COMMON, 144, 1
206E:   2E0402                                                                                  work_set                WK_OBJECT, ID_OBJ_2
2071:   00                                                                                      nop
2072:   320090EE60A424AF                                                                        pos_set                 0, -4464, -23456, -20700
207A:   2E0403                                                                                  work_set                WK_OBJECT, ID_OBJ_3
207D:   00                                                                                      nop
207E:   320090EE6EA524AF                                                                        pos_set                 0, -4464, -23186, -20700
2086:   2E0404                                                                                  work_set                WK_OBJECT, ID_OBJ_4
2089:   00                                                                                      nop
208A:   320090EE7CA624AF                                                                        pos_set                 0, -4464, -22916, -20700
2092:   2E0405                                                                                  work_set                WK_OBJECT, ID_OBJ_5
2095:   00                                                                                      nop
2096:   320090EE8AA724AF                                                                        pos_set                 0, -4464, -22646, -20700
209E:   2E0406                                                                                  work_set                WK_OBJECT, ID_OBJ_6
20A1:   00                                                                                      nop
20A2:   320090EE98A824AF                                                                        pos_set                 0, -4464, -22376, -20700
20AA:   2E0407                                                                                  work_set                WK_OBJECT, ID_OBJ_7
20AD:   00                                                                                      nop
20AE:   320090EEA6A924AF                                                                        pos_set                 0, -4464, -22106, -20700
20B6:   08                                                                                      endif
20B7:   00                                                                                      nop

off_20B8:
20B8:   06000E00                                                                                if                      0, off_20CA
20BC:   21222200                                                                                ck                      FG_ITEM_2, 34, 0
20C0:   22160300                                                                                set                     FG_PBF09, 3, 0
20C4:   22150300                                                                                set                     FG_PBF08, 3, 0
20C8:   08                                                                                      endif
20C9:   00                                                                                      nop

off_20CA:
20CA:   06000E00                                                                                if                      0, off_20DC
20CE:   21222700                                                                                ck                      FG_ITEM_2, 39, 0
20D2:   22160400                                                                                set                     FG_PBF09, 4, 0
20D6:   22150600                                                                                set                     FG_PBF08, 6, 0
20DA:   08                                                                                      endif
20DB:   00                                                                                      nop

off_20DC:
20DC:   220E0300                                                                                set                     FG_PBF01, 3, 0
20E0:   22150500                                                                                set                     FG_PBF08, 5, 0
20E4:   540016000000000FB0EB88F9F4B60000000400000000                                            sce_espr3d_on           0, 22, 0, 3840, -5200, -1656, -18700, 0, 1024, 0, 0
20FA:   0100                                                                                    evt_end                 0

.proc main_03
20FC:   0100                                                                                    evt_end                 0

.proc main_04
20FE:   06002000                                                                                if                      0, off_2122
2102:   21049000                                                                                ck                      FG_COMMON, 144, 0
2106:   2B000000FFFF                                                                            message_on              0, ID_MSG_0, 0, 255, 255
210C:   02                                                                                      evt_next
210D:   00                                                                                      nop
210E:   06000E00                                                                                if                      0, off_2120
2112:   210B1F00                                                                                ck                      FG_MESSAGE, F_QUESTION, 0
2116:   22049001                                                                                set                     FG_COMMON, 144, 1
211A:   04FF1805                                                                                evt_exec                255, I_GOSUB, main_05
211E:   08                                                                                      endif
211F:   00                                                                                      nop

off_2120:
2120:   08                                                                                      endif
2121:   00                                                                                      nop

off_2122:
2122:   0100                                                                                    evt_end                 0

.proc main_05
2124:   22020701                                                                                set                     FG_STOP, 7, 1
2128:   22011B01                                                                                set                     FG_STATUS, 27, 1
212C:   2E0402                                                                                  work_set                WK_OBJECT, ID_OBJ_2
212F:   00                                                                                      nop
2130:   320090EE80F224AF                                                                        pos_set                 0, -4464, -3456, -20700
2138:   2E0403                                                                                  work_set                WK_OBJECT, ID_OBJ_3
213B:   00                                                                                      nop
213C:   320090EE8EF324AF                                                                        pos_set                 0, -4464, -3186, -20700
2144:   2E0404                                                                                  work_set                WK_OBJECT, ID_OBJ_4
2147:   00                                                                                      nop
2148:   320090EE9CF424AF                                                                        pos_set                 0, -4464, -2916, -20700
2150:   2E0405                                                                                  work_set                WK_OBJECT, ID_OBJ_5
2153:   00                                                                                      nop
2154:   320090EEAAF524AF                                                                        pos_set                 0, -4464, -2646, -20700
215C:   2E0406                                                                                  work_set                WK_OBJECT, ID_OBJ_6
215F:   00                                                                                      nop
2160:   320090EEB8F624AF                                                                        pos_set                 0, -4464, -2376, -20700
2168:   2E0407                                                                                  work_set                WK_OBJECT, ID_OBJ_7
216B:   00                                                                                      nop
216C:   320090EEC6F724AF                                                                        pos_set                 0, -4464, -2106, -20700
2174:   36020A010100000000000000                                                                se_on                   2, 266, 1, 0, 0, 0
2180:   090A0A00                                                                                sleep                   10, 10
2184:   04FF1806                                                                                evt_exec                255, I_GOSUB, main_06
2188:   090A0A00                                                                                sleep                   10, 10
218C:   04FF1807                                                                                evt_exec                255, I_GOSUB, main_07
2190:   090A0A00                                                                                sleep                   10, 10
2194:   04FF1808                                                                                evt_exec                255, I_GOSUB, main_08
2198:   090A0A00                                                                                sleep                   10, 10
219C:   04FF1809                                                                                evt_exec                255, I_GOSUB, main_09
21A0:   090A0A00                                                                                sleep                   10, 10
21A4:   04FF180A                                                                                evt_exec                255, I_GOSUB, main_0A
21A8:   090A0A00                                                                                sleep                   10, 10
21AC:   04FF180B                                                                                evt_exec                255, I_GOSUB, main_0B
21B0:   090A1E00                                                                                sleep                   10, 30
21B4:   2E0402                                                                                  work_set                WK_OBJECT, ID_OBJ_2
21B7:   00                                                                                      nop
21B8:   320090EE60A424AF                                                                        pos_set                 0, -4464, -23456, -20700
21C0:   2E0403                                                                                  work_set                WK_OBJECT, ID_OBJ_3
21C3:   00                                                                                      nop
21C4:   320090EE6EA524AF                                                                        pos_set                 0, -4464, -23186, -20700
21CC:   2E0404                                                                                  work_set                WK_OBJECT, ID_OBJ_4
21CF:   00                                                                                      nop
21D0:   320090EE7CA624AF                                                                        pos_set                 0, -4464, -22916, -20700
21D8:   2E0405                                                                                  work_set                WK_OBJECT, ID_OBJ_5
21DB:   00                                                                                      nop
21DC:   320090EE8AA724AF                                                                        pos_set                 0, -4464, -22646, -20700
21E4:   2E0406                                                                                  work_set                WK_OBJECT, ID_OBJ_6
21E7:   00                                                                                      nop
21E8:   320090EE98A824AF                                                                        pos_set                 0, -4464, -22376, -20700
21F0:   2E0407                                                                                  work_set                WK_OBJECT, ID_OBJ_7
21F3:   00                                                                                      nop
21F4:   320090EEA6A924AF                                                                        pos_set                 0, -4464, -22106, -20700
21FC:   22011B00                                                                                set                     FG_STATUS, 27, 0
2200:   22020700                                                                                set                     FG_STOP, 7, 0
2204:   0100                                                                                    evt_end                 0

.proc main_06
2206:   36020B010402000000000000                                                                se_on                   2, 267, 516, 0, 0, 0
2212:   2E0402                                                                                  work_set                WK_OBJECT, ID_OBJ_2
2215:   00                                                                                      nop
2216:   2F02C9FF                                                                                speed_set               2, -55
221A:   0D0004001E00                                                                            for                     0, off_2224, 30
2220:   30                                                                                      add_speed
2221:   02                                                                                      evt_next
2222:   0E00                                                                                    next                    0

off_2224:
2224:   0100                                                                                    evt_end                 0

.proc main_07
2226:   36020B010403000000000000                                                                se_on                   2, 267, 772, 0, 0, 0
2232:   2E0403                                                                                  work_set                WK_OBJECT, ID_OBJ_3
2235:   00                                                                                      nop
2236:   2F023700                                                                                speed_set               2, 55
223A:   0D0004001E00                                                                            for                     0, off_2244, 30
2240:   30                                                                                      add_speed
2241:   02                                                                                      evt_next
2242:   0E00                                                                                    next                    0

off_2244:
2244:   0100                                                                                    evt_end                 0

.proc main_08
2246:   36020B010404000000000000                                                                se_on                   2, 267, 1028, 0, 0, 0
2252:   2E0404                                                                                  work_set                WK_OBJECT, ID_OBJ_4
2255:   00                                                                                      nop
2256:   2F02C9FF                                                                                speed_set               2, -55
225A:   0D0004001E00                                                                            for                     0, off_2264, 30
2260:   30                                                                                      add_speed
2261:   02                                                                                      evt_next
2262:   0E00                                                                                    next                    0

off_2264:
2264:   0100                                                                                    evt_end                 0

.proc main_09
2266:   36020B010405000000000000                                                                se_on                   2, 267, 1284, 0, 0, 0
2272:   2E0405                                                                                  work_set                WK_OBJECT, ID_OBJ_5
2275:   00                                                                                      nop
2276:   2F023700                                                                                speed_set               2, 55
227A:   0D0004001E00                                                                            for                     0, off_2284, 30
2280:   30                                                                                      add_speed
2281:   02                                                                                      evt_next
2282:   0E00                                                                                    next                    0

off_2284:
2284:   0100                                                                                    evt_end                 0

.proc main_0A
2286:   36020B010406000000000000                                                                se_on                   2, 267, 1540, 0, 0, 0
2292:   2E0406                                                                                  work_set                WK_OBJECT, ID_OBJ_6
2295:   00                                                                                      nop
2296:   2F02C9FF                                                                                speed_set               2, -55
229A:   0D0004001E00                                                                            for                     0, off_22A4, 30
22A0:   30                                                                                      add_speed
22A1:   02                                                                                      evt_next
22A2:   0E00                                                                                    next                    0

off_22A4:
22A4:   0100                                                                                    evt_end                 0

.proc main_0B
22A6:   36020C010407000000000000                                                                se_on                   2, 268, 1796, 0, 0, 0
22B2:   2E0407                                                                                  work_set                WK_OBJECT, ID_OBJ_7
22B5:   00                                                                                      nop
22B6:   2F023700                                                                                speed_set               2, 55
22BA:   0D0004001E00                                                                            for                     0, off_22C4, 30
22C0:   30                                                                                      add_speed
22C1:   02                                                                                      evt_next
22C2:   0E00                                                                                    next                    0

off_22C4:
22C4:   0100                                                                                    evt_end                 0

.proc main_0C
22C6:   06004A00                                                                                if                      0, off_2314
22CA:   21049001                                                                                ck                      FG_COMMON, 144, 1
22CE:   06001E00                                                                                if                      0, off_22F0
22D2:   21222200                                                                                ck                      FG_ITEM_2, 34, 0
22D6:   4704                                                                                    aot_on                  ID_AOT_4
22D8:   02                                                                                      evt_next
22D9:   00                                                                                      nop
22DA:   06000E00                                                                                if                      0, off_22EC
22DE:   21222201                                                                                ck                      FG_ITEM_2, 34, 1
22E2:   22160301                                                                                set                     FG_PBF09, 3, 1
22E6:   22150301                                                                                set                     FG_PBF08, 3, 1
22EA:   08                                                                                      endif
22EB:   00                                                                                      nop

off_22EC:
22EC:   07002600                                                                                else                    0, off_2312

off_22F0:
22F0:   06001C00                                                                                if                      0, off_2310
22F4:   21222700                                                                                ck                      FG_ITEM_2, 39, 0
22F8:   4705                                                                                    aot_on                  ID_AOT_5
22FA:   02                                                                                      evt_next
22FB:   00                                                                                      nop
22FC:   06000E00                                                                                if                      0, off_230E
2300:   21222701                                                                                ck                      FG_ITEM_2, 39, 1
2304:   22160401                                                                                set                     FG_PBF09, 4, 1
2308:   22150601                                                                                set                     FG_PBF08, 6, 1
230C:   08                                                                                      endif
230D:   00                                                                                      nop

off_230E:
230E:   08                                                                                      endif
230F:   00                                                                                      nop

off_2310:
2310:   00                                                                                      nop
2311:   00                                                                                      nop

off_2312:
2312:   08                                                                                      endif
2313:   00                                                                                      nop

off_2314:
2314:   0100                                                                                    evt_end                 0

.proc main_0D
2316:   460A0000000000000000                                                                    aot_reset               ID_AOT_10, SCE_AUTO, SAT_AUTO, 0, 0, 0, 0, 0, 0
2320:   2204B701                                                                                set                     FG_COMMON, 183, 1
2324:   22011B01                                                                                set                     FG_STATUS, 27, 1
2328:   22011901                                                                                set                     FG_STATUS, 25, 1
232C:   36020D010100000000000000                                                                se_on                   2, 269, 1, 0, 0, 0
2338:   22011D01                                                                                set                     FG_STATUS, 29, 1
233C:   8A0008000000                                                                            nop_8a                  0, 8, 0, 0, 0
2342:   8BB401000000                                                                            nop_8b                  180, 1, 0, 0, 0
2348:   8BFA07000100                                                                            nop_8b                  250, 7, 0, 1, 0
234E:   8B9614000800                                                                            nop_8b                  150, 20, 0, 8, 0
2354:   8C00961E1E001C00                                                                        nop_8c                  0, 150, 30, 30, 0, 28, 0
235C:   090A0300                                                                                sleep                   10, 3
2360:   22020701                                                                                set                     FG_STOP, 7, 1
2364:   2E0100                                                                                  work_set                WK_PLAYER, 0
2367:   3F000F00                                                                                plc_motion              0, 15, 0
236B:   00                                                                                      nop
236C:   090A1E00                                                                                sleep                   10, 30
2370:   22011D00                                                                                set                     FG_STATUS, 29, 0
2374:   180E                                                                                    gosub                   main_0E
2376:   22010401                                                                                set                     FG_STATUS, 4, 1
237A:   24232C01                                                                                save                    V_23, 300
237E:   090A0500                                                                                sleep                   10, 5
2382:   3F001000                                                                                plc_motion              0, 16, 0
2386:   41020000000200FF2424                                                                    plc_neck                2, 0, 512, -256, 36, 36
2390:   090A1E00                                                                                sleep                   10, 30
2394:   4102000000FE00FF2424                                                                    plc_neck                2, 0, -512, -256, 36, 36
239E:   090A1E00                                                                                sleep                   10, 30
23A2:   41020000000200FF2424                                                                    plc_neck                2, 0, 512, -256, 36, 36
23AC:   090A1E00                                                                                sleep                   10, 30
23B0:   41000000000000002424                                                                    plc_neck                0, 0, 0, 0, 36, 36
23BA:   0B                                                                                      wsleep
23BB:   0C                                                                                      wsleeping
23BC:   42                                                                                      plc_ret
23BD:   22011900                                                                                set                     FG_STATUS, 25, 0
23C1:   22020700                                                                                set                     FG_STOP, 7, 0
23C5:   22011B00                                                                                set                     FG_STATUS, 27, 0
23C9:   00                                                                                      nop
23CA:   0100                                                                                    evt_end                 0

.proc main_0E
23CC:   59000400                                                                                xa_on                   0, 4
23D0:   2B0002000000                                                                            message_on              0, ID_MSG_2, 0, 0, 0
23D6:   0100                                                                                    evt_end                 0
