.version 2

.init
.proc init
10FE:   3B0001310000614E089E0807480DF4980000C9A50000060304002A0200000000                        door_aot_se             ID_AOT_0, SCE_DOOR, SAT_PL | SAT_MANUAL | SAT_FRONT, 0, 0, 20065, -25080, 1800, 3400, -26380, 0, -23095, 0, 6, 3, 4, 0, 42, 2, 0, 0, UNLOCKED, 0
111E:   0100                                                                                    evt_end                 0

.main
.proc main
1140:   2C07043100005C95C4AAA438C40900000000FFFF                                                aot_set                 ID_AOT_7, SCE_MESSAGE, SAT_PL | SAT_MANUAL | SAT_FRONT, 0, 0, -27300, -21820, 14500, 2500, ID_MSG_0, 0, 0, 0, 255, 255
1154:   2C0804310000B096D9959808B01D00000000FFFF                                                aot_set                 ID_AOT_8, SCE_MESSAGE, SAT_PL | SAT_MANUAL | SAT_FRONT, 0, 0, -26960, -27175, 2200, 7600, ID_MSG_0, 0, 0, 0, 255, 255
1168:   2C0904310000B096D9950429C40900000000FFFF                                                aot_set                 ID_AOT_9, SCE_MESSAGE, SAT_PL | SAT_MANUAL | SAT_FRONT, 0, 0, -26960, -27175, 10500, 2500, ID_MSG_0, 0, 0, 0, 255, 255
117C:   2C0106310000C805A59234082823050001000100                                                aot_set                 ID_AOT_1, SCE_FLAG_CHG, SAT_PL | SAT_MANUAL | SAT_FRONT, 0, 0, 1480, -27995, 2100, 9000, 5, 0, ITEM_KNIFE, 0, aot, 0
1190:   06000A01                                                                                if                      0, off_129E
1194:   21048901                                                                                ck                      FG_COMMON, 137, 1
1198:   2C0A064100007081988B20E4803E010018000000                                                aot_set                 ID_AOT_10, SCE_FLAG_CHG, SAT_PL | SAT_UNDER, 0, 0, -32400, -29800, -7136, 16000, 1, 0, ITEM_EXPLOSIVEROUNDS, main, main, 0
11AC:   440000360080002700FF008300000083000000000000                                            sce_em_set              0, ID_EM_0, ENEMY_36, 0, AI_INACTIVE, 0, SBK_39, 0, 255, -32000, 0, -32000, 0, 0, 0
11C2:   440001370100002700FF008300000083000000000000                                            sce_em_set              0, ID_EM_1, ENEMY_37, 1, AI_DEFAULT, 0, SBK_39, 0, 255, -32000, 0, -32000, 0, 0, 0
11D8:   440002370000002700FF008300000083000000000000                                            sce_em_set              0, ID_EM_2, ENEMY_37, 0, AI_DEFAULT, 0, SBK_39, 0, 255, -32000, 0, -32000, 0, 0, 0
11EE:   440003370000002700FF008300000083000000000000                                            sce_em_set              0, ID_EM_3, ENEMY_37, 0, AI_DEFAULT, 0, SBK_39, 0, 255, -32000, 0, -32000, 0, 0, 0
1204:   440004370000002700FF008300000083000000000000                                            sce_em_set              0, ID_EM_4, ENEMY_37, 0, AI_DEFAULT, 0, SBK_39, 0, 255, -32000, 0, -32000, 0, 0, 0
121A:   2D0200000000000000000A0000002AD140ED52A4000000000000000000000000000000000000            obj_model_set           ID_OBJ_2, 0, 0, 0, 0, 0, 0, 10, 0, -11990, -4800, -23470, 0, 0, 0, 0, 0, 0, 0, 0, 0, 0, 0
1240:   2D0300000000000000000A0000000083000000830000000C0000000000000000000000000000            obj_model_set           ID_OBJ_3, 0, 0, 0, 0, 0, 0, 10, 0, -32000, 0, -32000, 0, 3072, 0, 0, 0, 0, 0, 0, 0, 0, 0
1266:   2D0400000000000000000A0000000083000000830000000C0000000000000000000000000000            obj_model_set           ID_OBJ_4, 0, 0, 0, 0, 0, 0, 10, 0, -32000, 0, -32000, 0, 3072, 0, 0, 0, 0, 0, 0, 0, 0, 0
128C:   4B0308                                                                                  cut_replace             3, 8
128F:   4B020D                                                                                  cut_replace             2, 13
1292:   04091802                                                                                evt_exec                9, I_GOSUB, main_02
1296:   0406180F                                                                                evt_exec                6, I_GOSUB, main_0F
129A:   0700EE00                                                                                else                    0, off_1388

off_129E:
129E:   2D0000000000000000000A001000909D60FAF6A5000000000000000000000000000000000000            obj_model_set           ID_OBJ_0, 0, 0, 0, 0, 0, 0, 10, 16, -25200, -1440, -23050, 0, 0, 0, 0, 0, 0, 0, 0, 0, 0, 0
12C4:   2C040A3100007D9C7CA00807D80E000001000000                                                aot_set                 ID_AOT_4, SCE_ITEMBOX, SAT_PL | SAT_MANUAL | SAT_FRONT, 0, 0, -25475, -24452, 1800, 3800, 0, 0, 1, 0, 0, 0
12D8:   06001C00                                                                                if                      0, off_12F8
12DC:   21010400                                                                                ck                      FG_STATUS, 4, 0
12E0:   2C0509310000CDA6CEAA080708070E0000000000                                                aot_set                 ID_AOT_5, SCE_SAVE, SAT_PL | SAT_MANUAL | SAT_FRONT, 0, 0, -22835, -21810, 1800, 1800, 14, 0, 0, 0, 0, 0
12F4:   07001A00                                                                                else                    0, off_130E

off_12F8:
12F8:   2C0604310000CDA6CEAA0807080702000000FFFF                                                aot_set                 ID_AOT_6, SCE_MESSAGE, SAT_PL | SAT_MANUAL | SAT_FRONT, 0, 0, -22835, -21810, 1800, 1800, ID_MSG_2, 0, 0, 0, 255, 255
130C:   00                                                                                      nop
130D:   00                                                                                      nop

off_130E:
130E:   2D0500000000000000000A00100061A95CF930AD000000000000000000000000000000000000            obj_model_set           ID_OBJ_5, 0, 0, 0, 0, 0, 0, 10, 16, -22175, -1700, -21200, 0, 0, 0, 0, 0, 0, 0, 0, 0, 0, 0
1334:   2D0600000000000000000A0010006DA70000B19F000000000000000000000000000000000000            obj_model_set           ID_OBJ_6, 0, 0, 0, 0, 0, 0, 10, 16, -22675, 0, -24655, 0, 0, 0, 0, 0, 0, 0, 0, 0, 0, 0
135A:   4E0202310000CDA6CEAA080708071E0003004E000500                                            item_aot_set            ID_AOT_2, SCE_ITEM, SAT_PL | SAT_MANUAL | SAT_FRONT, 0, 0, -22835, -21810, 1800, 1800, ITEM_INKRIBBON, 3, 78, ID_OBJ_5, IF_DEFAULT
1370:   4E0302310000D9A4929BDC057805630001004F0006C1                                            item_aot_set            ID_AOT_3, SCE_ITEM, SAT_PL | SAT_MANUAL | SAT_FRONT, 0, 0, -23335, -25710, 1500, 1400, ITEM_PLATFORMKEY, 1, 79, ID_OBJ_6, IF_GLINT_BLUE | IF_FLOOR
1386:   00                                                                                      nop
1387:   00                                                                                      nop

off_1388:
1388:   0100                                                                                    evt_end                 0

.proc aot
138A:   0100                                                                                    evt_end                 0

.proc main_02
138C:   46010031050001000100                                                                    aot_reset               ID_AOT_1, SCE_AUTO, SAT_PL | SAT_MANUAL | SAT_FRONT, 5, 0, 1, 0, 1, 0
1396:   2E0100                                                                                  work_set                WK_PLAYER, 0
1399:   00                                                                                      nop
139A:   11000A00                                                                                do                      0, off_13A8
139E:   02                                                                                      evt_next
139F:   00                                                                                      nop
13A0:   1206                                                                                    edwhile                 off_13A8
13A2:   3E000B0290E8                                                                            member_cmp              0, 11, 2, 144, 232

off_13A8:
13A8:   03001806                                                                                evt_chain               0, 24, 6
13AC:   0100                                                                                    evt_end                 0

.proc main_03
13AE:   2E0402                                                                                  work_set                WK_OBJECT, ID_OBJ_2
13B1:   00                                                                                      nop
13B2:   2F016400                                                                                speed_set               1, 100
13B6:   2F009001                                                                                speed_set               0, 400
13BA:   2F071400                                                                                speed_set               7, 20
13BE:   0D0014000200                                                                            for                     0, off_13D8, 2
13C4:   30                                                                                      add_speed
13C5:   31                                                                                      add_aspeed
13C6:   3D1010                                                                                  member_copy             V_TEMP, M_Z_DIR
13C9:   00                                                                                      nop
13CA:   260001103C00                                                                            calc                    0, OP_SUB, V_TEMP, 60
13D0:   351010                                                                                  member_set2             M_Z_DIR, V_TEMP
13D3:   00                                                                                      nop
13D4:   02                                                                                      evt_next
13D5:   00                                                                                      nop
13D6:   0E00                                                                                    next                    0

off_13D8:
13D8:   2F029600                                                                                speed_set               2, 150
13DC:   2F015802                                                                                speed_set               1, 600
13E0:   0D0014000700                                                                            for                     0, off_13FA, 7
13E6:   30                                                                                      add_speed
13E7:   31                                                                                      add_aspeed
13E8:   3D1010                                                                                  member_copy             V_TEMP, M_Z_DIR
13EB:   00                                                                                      nop
13EC:   260001103C00                                                                            calc                    0, OP_SUB, V_TEMP, 60
13F2:   351010                                                                                  member_set2             M_Z_DIR, V_TEMP
13F5:   00                                                                                      nop
13F6:   02                                                                                      evt_next
13F7:   00                                                                                      nop
13F8:   0E00                                                                                    next                    0

off_13FA:
13FA:   36020A000402000000000000                                                                se_on                   2, 10, 516, 0, 0, 0
1406:   2F002C01                                                                                speed_set               0, 300
140A:   2F010AFF                                                                                speed_set               1, -246
140E:   0D0012000300                                                                            for                     0, off_1426, 3
1414:   3D1010                                                                                  member_copy             V_TEMP, M_Z_DIR
1417:   00                                                                                      nop
1418:   260000102C01                                                                            calc                    0, OP_ADD, V_TEMP, 300
141E:   351010                                                                                  member_set2             M_Z_DIR, V_TEMP
1421:   00                                                                                      nop
1422:   30                                                                                      add_speed
1423:   02                                                                                      evt_next
1424:   0E00                                                                                    next                    0

off_1426:
1426:   2F0146FF                                                                                speed_set               1, -186
142A:   0D0012000300                                                                            for                     0, off_1442, 3
1430:   3D1010                                                                                  member_copy             V_TEMP, M_Z_DIR
1433:   00                                                                                      nop
1434:   26000010F800                                                                            calc                    0, OP_ADD, V_TEMP, 248
143A:   351010                                                                                  member_set2             M_Z_DIR, V_TEMP
143D:   00                                                                                      nop
143E:   30                                                                                      add_speed
143F:   02                                                                                      evt_next
1440:   0E00                                                                                    next                    0

off_1442:
1442:   2F002C01                                                                                speed_set               0, 300
1446:   2F010000                                                                                speed_set               1, 0
144A:   0F061800                                                                                while                   6, off_1466
144E:   3E000B0434EA                                                                            member_cmp              0, 11, 4, 52, 234
1454:   3D1010                                                                                  member_copy             V_TEMP, M_Z_DIR
1457:   00                                                                                      nop
1458:   26000010F800                                                                            calc                    0, OP_ADD, V_TEMP, 248
145E:   351010                                                                                  member_set2             M_Z_DIR, V_TEMP
1461:   00                                                                                      nop
1462:   30                                                                                      add_speed
1463:   02                                                                                      evt_next
1464:   1000                                                                                    ewhile                  0

off_1466:
1466:   2F020000                                                                                speed_set               2, 0
146A:   2F0038FF                                                                                speed_set               0, -200
146E:   2F0138FF                                                                                speed_set               1, -200
1472:   36020B000402000000000000                                                                se_on                   2, 11, 516, 0, 0, 0
147E:   0D0012000200                                                                            for                     0, off_1496, 2
1484:   3D1010                                                                                  member_copy             V_TEMP, M_Z_DIR
1487:   00                                                                                      nop
1488:   260000103800                                                                            calc                    0, OP_ADD, V_TEMP, 56
148E:   351010                                                                                  member_set2             M_Z_DIR, V_TEMP
1491:   00                                                                                      nop
1492:   30                                                                                      add_speed
1493:   02                                                                                      evt_next
1494:   0E00                                                                                    next                    0

off_1496:
1496:   2F016AFF                                                                                speed_set               1, -150
149A:   2F004CFF                                                                                speed_set               0, -180
149E:   0D0012000300                                                                            for                     0, off_14B6, 3
14A4:   3D1010                                                                                  member_copy             V_TEMP, M_Z_DIR
14A7:   00                                                                                      nop
14A8:   260000103800                                                                            calc                    0, OP_ADD, V_TEMP, 56
14AE:   351010                                                                                  member_set2             M_Z_DIR, V_TEMP
14B1:   00                                                                                      nop
14B2:   30                                                                                      add_speed
14B3:   02                                                                                      evt_next
14B4:   0E00                                                                                    next                    0

off_14B6:
14B6:   2F019CFF                                                                                speed_set               1, -100
14BA:   2F0060FF                                                                                speed_set               0, -160
14BE:   0D0012000300                                                                            for                     0, off_14D6, 3
14C4:   3D1010                                                                                  member_copy             V_TEMP, M_Z_DIR
14C7:   00                                                                                      nop
14C8:   260000103800                                                                            calc                    0, OP_ADD, V_TEMP, 56
14CE:   351010                                                                                  member_set2             M_Z_DIR, V_TEMP
14D1:   00                                                                                      nop
14D2:   30                                                                                      add_speed
14D3:   02                                                                                      evt_next
14D4:   0E00                                                                                    next                    0

off_14D6:
14D6:   2F01CEFF                                                                                speed_set               1, -50
14DA:   2F0074FF                                                                                speed_set               0, -140
14DE:   3D1010                                                                                  member_copy             V_TEMP, M_Z_DIR
14E1:   00                                                                                      nop
14E2:   260000103800                                                                            calc                    0, OP_ADD, V_TEMP, 56
14E8:   351010                                                                                  member_set2             M_Z_DIR, V_TEMP
14EB:   00                                                                                      nop
14EC:   30                                                                                      add_speed
14ED:   00                                                                                      nop
14EE:   090A0200                                                                                sleep                   10, 2
14F2:   2F009CFF                                                                                speed_set               0, -100
14F6:   2F013200                                                                                speed_set               1, 50
14FA:   2F02F6FF                                                                                speed_set               2, -10
14FE:   340C3CF6                                                                                member_set              M_Y_POS, -2500
1502:   0D0012000200                                                                            for                     0, off_151A, 2
1508:   3D1010                                                                                  member_copy             V_TEMP, M_Z_DIR
150B:   00                                                                                      nop
150C:   260001101E00                                                                            calc                    0, OP_SUB, V_TEMP, 30
1512:   351010                                                                                  member_set2             M_Z_DIR, V_TEMP
1515:   00                                                                                      nop
1516:   30                                                                                      add_speed
1517:   02                                                                                      evt_next
1518:   0E00                                                                                    next                    0

off_151A:
151A:   2F00C4FF                                                                                speed_set               0, -60
151E:   2F016400                                                                                speed_set               1, 100
1522:   2F02E2FF                                                                                speed_set               2, -30
1526:   0D0012000400                                                                            for                     0, off_153E, 4
152C:   3D1010                                                                                  member_copy             V_TEMP, M_Z_DIR
152F:   00                                                                                      nop
1530:   260001101E00                                                                            calc                    0, OP_SUB, V_TEMP, 30
1536:   351010                                                                                  member_set2             M_Z_DIR, V_TEMP
1539:   00                                                                                      nop
153A:   30                                                                                      add_speed
153B:   02                                                                                      evt_next
153C:   0E00                                                                                    next                    0

off_153E:
153E:   2F00ECFF                                                                                speed_set               0, -20
1542:   2F019600                                                                                speed_set               1, 150
1546:   2F02CEFF                                                                                speed_set               2, -50
154A:   0D0012000400                                                                            for                     0, off_1562, 4
1550:   3D1010                                                                                  member_copy             V_TEMP, M_Z_DIR
1553:   00                                                                                      nop
1554:   260001102000                                                                            calc                    0, OP_SUB, V_TEMP, 32
155A:   351010                                                                                  member_set2             M_Z_DIR, V_TEMP
155D:   00                                                                                      nop
155E:   30                                                                                      add_speed
155F:   02                                                                                      evt_next
1560:   0E00                                                                                    next                    0

off_1562:
1562:   2F01C800                                                                                speed_set               1, 200
1566:   34100008                                                                                member_set              M_Z_DIR, 2048
156A:   0D0004000700                                                                            for                     0, off_1574, 7
1570:   30                                                                                      add_speed
1571:   02                                                                                      evt_next
1572:   0E00                                                                                    next                    0

off_1574:
1574:   36020B000402000000000000                                                                se_on                   2, 11, 516, 0, 0, 0
1580:   2F000000                                                                                speed_set               0, 0
1584:   2F020000                                                                                speed_set               2, 0
1588:   2F01D8FF                                                                                speed_set               1, -40
158C:   0D0012000300                                                                            for                     0, off_15A4, 3
1592:   3D1010                                                                                  member_copy             V_TEMP, M_Z_DIR
1595:   00                                                                                      nop
1596:   260000101400                                                                            calc                    0, OP_ADD, V_TEMP, 20
159C:   351010                                                                                  member_set2             M_Z_DIR, V_TEMP
159F:   00                                                                                      nop
15A0:   30                                                                                      add_speed
15A1:   02                                                                                      evt_next
15A2:   0E00                                                                                    next                    0

off_15A4:
15A4:   2F01ECFF                                                                                speed_set               1, -20
15A8:   0D0012000300                                                                            for                     0, off_15C0, 3
15AE:   3D1010                                                                                  member_copy             V_TEMP, M_Z_DIR
15B1:   00                                                                                      nop
15B2:   260000100A00                                                                            calc                    0, OP_ADD, V_TEMP, 10
15B8:   351010                                                                                  member_set2             M_Z_DIR, V_TEMP
15BB:   00                                                                                      nop
15BC:   30                                                                                      add_speed
15BD:   02                                                                                      evt_next
15BE:   0E00                                                                                    next                    0

off_15C0:
15C0:   2F010000                                                                                speed_set               1, 0
15C4:   0D0004000200                                                                            for                     0, off_15CE, 2
15CA:   30                                                                                      add_speed
15CB:   02                                                                                      evt_next
15CC:   0E00                                                                                    next                    0

off_15CE:
15CE:   2F010000                                                                                speed_set               1, 0
15D2:   0D0004000200                                                                            for                     0, off_15DC, 2
15D8:   30                                                                                      add_speed
15D9:   02                                                                                      evt_next
15DA:   0E00                                                                                    next                    0

off_15DC:
15DC:   2F011400                                                                                speed_set               1, 20
15E0:   0D0012000300                                                                            for                     0, off_15F8, 3
15E6:   3D1010                                                                                  member_copy             V_TEMP, M_Z_DIR
15E9:   00                                                                                      nop
15EA:   260001100A00                                                                            calc                    0, OP_SUB, V_TEMP, 10
15F0:   351010                                                                                  member_set2             M_Z_DIR, V_TEMP
15F3:   00                                                                                      nop
15F4:   30                                                                                      add_speed
15F5:   02                                                                                      evt_next
15F6:   0E00                                                                                    next                    0

off_15F8:
15F8:   2F012800                                                                                speed_set               1, 40
15FC:   0D0012000300                                                                            for                     0, off_1614, 3
1602:   3D1010                                                                                  member_copy             V_TEMP, M_Z_DIR
1605:   00                                                                                      nop
1606:   260001101400                                                                            calc                    0, OP_SUB, V_TEMP, 20
160C:   351010                                                                                  member_set2             M_Z_DIR, V_TEMP
160F:   00                                                                                      nop
1610:   30                                                                                      add_speed
1611:   02                                                                                      evt_next
1612:   0E00                                                                                    next                    0

off_1614:
1614:   3D1010                                                                                  member_copy             V_TEMP, M_Z_DIR
1617:   00                                                                                      nop
1618:   260000101400                                                                            calc                    0, OP_ADD, V_TEMP, 20
161E:   351010                                                                                  member_set2             M_Z_DIR, V_TEMP
1621:   00                                                                                      nop
1622:   090A0200                                                                                sleep                   10, 2
1626:   3D1010                                                                                  member_copy             V_TEMP, M_Z_DIR
1629:   00                                                                                      nop
162A:   260001101400                                                                            calc                    0, OP_SUB, V_TEMP, 20
1630:   351010                                                                                  member_set2             M_Z_DIR, V_TEMP
1633:   00                                                                                      nop
1634:   090A0200                                                                                sleep                   10, 2
1638:   3D1010                                                                                  member_copy             V_TEMP, M_Z_DIR
163B:   00                                                                                      nop
163C:   260001101400                                                                            calc                    0, OP_SUB, V_TEMP, 20
1642:   351010                                                                                  member_set2             M_Z_DIR, V_TEMP
1645:   00                                                                                      nop
1646:   090A0200                                                                                sleep                   10, 2
164A:   3D1010                                                                                  member_copy             V_TEMP, M_Z_DIR
164D:   00                                                                                      nop
164E:   260000101400                                                                            calc                    0, OP_ADD, V_TEMP, 20
1654:   351010                                                                                  member_set2             M_Z_DIR, V_TEMP
1657:   00                                                                                      nop
1658:   090A0200                                                                                sleep                   10, 2
165C:   3D1010                                                                                  member_copy             V_TEMP, M_Z_DIR
165F:   00                                                                                      nop
1660:   260000100A00                                                                            calc                    0, OP_ADD, V_TEMP, 10
1666:   351010                                                                                  member_set2             M_Z_DIR, V_TEMP
1669:   00                                                                                      nop
166A:   02                                                                                      evt_next
166B:   00                                                                                      nop
166C:   3D1010                                                                                  member_copy             V_TEMP, M_Z_DIR
166F:   00                                                                                      nop
1670:   260001100A00                                                                            calc                    0, OP_SUB, V_TEMP, 10
1676:   351010                                                                                  member_set2             M_Z_DIR, V_TEMP
1679:   00                                                                                      nop
167A:   02                                                                                      evt_next
167B:   00                                                                                      nop
167C:   3D1010                                                                                  member_copy             V_TEMP, M_Z_DIR
167F:   00                                                                                      nop
1680:   260001100A00                                                                            calc                    0, OP_SUB, V_TEMP, 10
1686:   351010                                                                                  member_set2             M_Z_DIR, V_TEMP
1689:   00                                                                                      nop
168A:   02                                                                                      evt_next
168B:   00                                                                                      nop
168C:   3D1010                                                                                  member_copy             V_TEMP, M_Z_DIR
168F:   00                                                                                      nop
1690:   260000100A00                                                                            calc                    0, OP_ADD, V_TEMP, 10
1696:   351010                                                                                  member_set2             M_Z_DIR, V_TEMP
1699:   00                                                                                      nop
169A:   02                                                                                      evt_next
169B:   00                                                                                      nop
169C:   0100                                                                                    evt_end                 0

.proc main_04
169E:   04081805                                                                                evt_exec                8, I_GOSUB, main_05
16A2:   180E                                                                                    gosub                   main_0E
16A4:   5C00FD                                                                                  sce_shake_on            0, 253
16A7:   02                                                                                      evt_next
16A8:   5C00FB                                                                                  sce_shake_on            0, 251
16AB:   02                                                                                      evt_next
16AC:   36020C000100000000000000                                                                se_on                   2, 12, 1, 0, 0, 0
16B8:   0D0006000500                                                                            for                     0, off_16C4, 5
16BE:   5C00F9                                                                                  sce_shake_on            0, 249
16C1:   02                                                                                      evt_next
16C2:   0E00                                                                                    next                    0

off_16C4:
16C4:   5C00FA                                                                                  sce_shake_on            0, 250
16C7:   02                                                                                      evt_next
16C8:   5C00FB                                                                                  sce_shake_on            0, 251
16CB:   02                                                                                      evt_next
16CC:   5C00FC                                                                                  sce_shake_on            0, 252
16CF:   02                                                                                      evt_next
16D0:   5C00FD                                                                                  sce_shake_on            0, 253
16D3:   02                                                                                      evt_next
16D4:   5C00FE                                                                                  sce_shake_on            0, 254
16D7:   02                                                                                      evt_next
16D8:   5C00FF                                                                                  sce_shake_on            0, 255
16DB:   02                                                                                      evt_next
16DC:   0100                                                                                    evt_end                 0

.proc main_05
16DE:   3A00190000000010240450ECF0AB0000                                                        sce_espr_on             0, 25, 0, 4096, 1060, -5040, -21520, 0
16EE:   3A00190000000010B80B50EC1FA00000                                                        sce_espr_on             0, 25, 0, 4096, 3000, -5040, -24545, 0
16FE:   090A0500                                                                                sleep                   10, 5
1702:   3A001900000000106E0A50EC84A40000                                                        sce_espr_on             0, 25, 0, 4096, 2670, -5040, -23420, 0
1712:   090A0500                                                                                sleep                   10, 5
1716:   3A00190000000010F40150EC0E9D0000                                                        sce_espr_on             0, 25, 0, 4096, 500, -5040, -25330, 0
1726:   090A0300                                                                                sleep                   10, 3
172A:   3A00190000000010B80B50EC1FA00000                                                        sce_espr_on             0, 25, 0, 4096, 3000, -5040, -24545, 0
173A:   090A0500                                                                                sleep                   10, 5
173E:   3A001900000000106E0A50EC84A40000                                                        sce_espr_on             0, 25, 0, 4096, 2670, -5040, -23420, 0
174E:   3A001900000000100E0B50EC9EAD0000                                                        sce_espr_on             0, 25, 0, 4096, 2830, -5040, -21090, 0
175E:   090A0500                                                                                sleep                   10, 5
1762:   3A00190000000010F40150EC0E9D0000                                                        sce_espr_on             0, 25, 0, 4096, 500, -5040, -25330, 0
1772:   090A0300                                                                                sleep                   10, 3
1776:   0100                                                                                    evt_end                 0

.proc main_06
1778:   22020701                                                                                set                     FG_STOP, 7, 1
177C:   22011B01                                                                                set                     FG_STATUS, 27, 1
1780:   3C00                                                                                    cut_auto                0
1782:   2903                                                                                    cut_chg                 3
1784:   0506                                                                                    evt_kill                6
1786:   2E0100                                                                                  work_set                WK_PLAYER, 0
1789:   00                                                                                      nop
178A:   3200B4E20000EEA3                                                                        pos_set                 0, -7500, 0, -23570
1792:   3300000000080000                                                                        dir_set                 0, 0, 2048, 0
179A:   04071803                                                                                evt_exec                7, I_GOSUB, main_03
179E:   180D                                                                                    gosub                   main_0D
17A0:   2E0301                                                                                  work_set                WK_ENEMY, ID_EM_1
17A3:   00                                                                                      nop
17A4:   320000CE88E1EEA3                                                                        pos_set                 0, -12800, -7800, -23570
17AC:   34170100                                                                                member_set              M_SCE_FREE0, 1
17B0:   2E0100                                                                                  work_set                WK_PLAYER, 0
17B3:   00                                                                                      nop
17B4:   4102000000009CFF1E1E                                                                    plc_neck                2, 0, 0, -100, 30, 30
17BE:   3F0A1000                                                                                plc_motion              10, 16, 0
17C2:   090A0C00                                                                                sleep                   10, 12
17C6:   3F0B0110                                                                                plc_motion              11, 1, 16
17CA:   090A1400                                                                                sleep                   10, 20
17CE:   3D100C                                                                                  member_copy             V_TEMP, M_Y_POS
17D1:   00                                                                                      nop
17D2:   260001101400                                                                            calc                    0, OP_SUB, V_TEMP, 20
17D8:   350C10                                                                                  member_set2             M_Y_POS, V_TEMP
17DB:   00                                                                                      nop
17DC:   66                                                                                      plc_stop
17DD:   2E0100                                                                                  work_set                WK_PLAYER, 0
17E0:   41020000F0009CFF1E00                                                                    plc_neck                2, 0, 240, -100, 30, 0
17EA:   090A0C00                                                                                sleep                   10, 12
17EE:   4102000010FF9CFF1E00                                                                    plc_neck                2, 0, -240, -100, 30, 0
17F8:   090A1800                                                                                sleep                   10, 24
17FC:   41020000000010FF141E                                                                    plc_neck                2, 0, 0, -240, 20, 30
1806:   090A1800                                                                                sleep                   10, 24
180A:   3F001200                                                                                plc_motion              0, 18, 0
180E:   090A0B00                                                                                sleep                   10, 11
1812:   2904                                                                                    cut_chg                 4
1814:   2E0100                                                                                  work_set                WK_PLAYER, 0
1817:   00                                                                                      nop
1818:   3D100B                                                                                  member_copy             V_TEMP, M_X_POS
181B:   00                                                                                      nop
181C:   260001102C01                                                                            calc                    0, OP_SUB, V_TEMP, 300
1822:   350B10                                                                                  member_set2             M_X_POS, V_TEMP
1825:   00                                                                                      nop
1826:   33000000540B0000                                                                        dir_set                 0, 0, 2900, 0
182E:   3F0A1200                                                                                plc_motion              10, 18, 0
1832:   090A0C00                                                                                sleep                   10, 12
1836:   3F0C0104                                                                                plc_motion              12, 1, 4
183A:   11001800                                                                                do                      0, off_1856
183E:   3D100F                                                                                  member_copy             V_TEMP, M_Y_DIR
1841:   00                                                                                      nop
1842:   260000109600                                                                            calc                    0, OP_ADD, V_TEMP, 150
1848:   350F10                                                                                  member_set2             M_Y_DIR, V_TEMP
184B:   00                                                                                      nop
184C:   02                                                                                      evt_next
184D:   00                                                                                      nop
184E:   1206                                                                                    edwhile                 off_1856
1850:   3E000F040010                                                                            member_cmp              0, 15, 4, 0, 16

off_1856:
1856:   340F0000                                                                                member_set              M_Y_DIR, 0
185A:   4600043101000000FFFF                                                                    aot_reset               ID_AOT_0, SCE_MESSAGE, SAT_PL | SAT_MANUAL | SAT_FRONT, ID_MSG_1, 0, 0, 0, 255, 255
1864:   61060201                                                                                cut_be_set              6, 2, 1
1868:   61060300                                                                                cut_be_set              6, 3, 0
186C:   2E0402                                                                                  work_set                WK_OBJECT, ID_OBJ_2
186F:   00                                                                                      nop
1870:   3200008300000083                                                                        pos_set                 0, -32000, 0, -32000
1878:   2E0100                                                                                  work_set                WK_PLAYER, 0
187B:   66                                                                                      plc_stop
187C:   320028F10000EEA3                                                                        pos_set                 0, -3800, 0, -23570
1884:   3300000000000000                                                                        dir_set                 0, 0, 0, 0
188C:   22010400                                                                                set                     FG_STATUS, 4, 0
1890:   3C00                                                                                    cut_auto                0
1892:   2909                                                                                    cut_chg                 9
1894:   04071809                                                                                evt_exec                7, I_GOSUB, main_09
1898:   02                                                                                      evt_next
1899:   00                                                                                      nop
189A:   04061804                                                                                evt_exec                6, I_GOSUB, main_04
189E:   2E0100                                                                                  work_set                WK_PLAYER, 0
18A1:   00                                                                                      nop
18A2:   4102000038FF0000C864                                                                    plc_neck                2, 0, -200, 0, 200, 100
18AC:   090A1400                                                                                sleep                   10, 20
18B0:   400005207805EEA3                                                                        plc_dest                0, 5, 32, 1400, -23570
18B8:   11000800                                                                                do                      0, off_18C4
18BC:   02                                                                                      evt_next
18BD:   00                                                                                      nop
18BE:   1204                                                                                    edwhile                 off_18C4
18C0:   21052000                                                                                ck                      FG_ROOM, 32, 0

off_18C4:
18C4:   2E0100                                                                                  work_set                WK_PLAYER, 0
18C7:   3F000F08                                                                                plc_motion              0, 15, 8
18CB:   00                                                                                      nop
18CC:   4102000000FE80006410                                                                    plc_neck                2, 0, -512, 128, 100, 16
18D6:   090A0B00                                                                                sleep                   10, 11
18DA:   2E0300                                                                                  work_set                WK_ENEMY, ID_EM_0
18DD:   00                                                                                      nop
18DE:   34170100                                                                                member_set              M_SCE_FREE0, 1
18E2:   34070000                                                                                member_set              M_TYPE, 0
18E6:   02                                                                                      evt_next
18E7:   2E0100                                                                                  work_set                WK_PLAYER, 0
18EA:   3F000F80                                                                                plc_motion              0, 15, 128
18EE:   5B0B                                                                                    plc_cnt                 11
18F0:   090A0B00                                                                                sleep                   10, 11
18F4:   510000015040                                                                            sce_bgm_control         BGM_CHANNEL_MAIN, BGM_OP_NOP, BGM_TYPE_PROG0_VOL, 80, 64
18FA:   510000025040                                                                            sce_bgm_control         BGM_CHANNEL_MAIN, BGM_OP_NOP, BGM_TYPE_PROG1_VOL, 80, 64
1900:   510101008040                                                                            sce_bgm_control         BGM_CHANNEL_SUB0, BGM_OP_START, BGM_TYPE_MAIN_VOL, 128, 64
1906:   3F0C0104                                                                                plc_motion              12, 1, 4
190A:   090A3C00                                                                                sleep                   10, 60
190E:   2E0100                                                                                  work_set                WK_PLAYER, 0
1911:   00                                                                                      nop
1912:   4102000000000000FFFF                                                                    plc_neck                2, 0, 0, 0, 255, 255
191C:   090A3C00                                                                                sleep                   10, 60
1920:   59000B00                                                                                xa_on                   0, 11
1924:   0B                                                                                      wsleep
1925:   0C                                                                                      wsleeping
1926:   090A2A00                                                                                sleep                   10, 42
192A:   320064190000EEA3                                                                        pos_set                 0, 6500, 0, -23570
1932:   3300000000080000                                                                        dir_set                 0, 0, 2048, 0
193A:   290A                                                                                    cut_chg                 10
193C:   0407180A                                                                                evt_exec                7, I_GOSUB, main_0A
1940:   3F0B0154                                                                                plc_motion              11, 1, 84
1944:   02                                                                                      evt_next
1945:   00                                                                                      nop
1946:   59000C00                                                                                xa_on                   0, 12
194A:   0B                                                                                      wsleep
194B:   0C                                                                                      wsleeping
194C:   090A2000                                                                                sleep                   10, 32
1950:   2905                                                                                    cut_chg                 5
1952:   2E0100                                                                                  work_set                WK_PLAYER, 0
1955:   00                                                                                      nop
1956:   32004C2C0000EEA3                                                                        pos_set                 0, 11340, 0, -23570
195E:   090A6301                                                                                sleep                   10, 355
1962:   2906                                                                                    cut_chg                 6
1964:   2E0100                                                                                  work_set                WK_PLAYER, 0
1967:   3F020244                                                                                plc_motion              2, 2, 68
196B:   00                                                                                      nop
196C:   3200023A0000EEA3                                                                        pos_set                 0, 14850, 0, -23570
1974:   3300000000080000                                                                        dir_set                 0, 0, 2048, 0
197C:   42                                                                                      plc_ret
197D:   22010401                                                                                set                     FG_STATUS, 4, 1
1981:   3C01                                                                                    cut_auto                1
1983:   22020700                                                                                set                     FG_STOP, 7, 0
1987:   22011B00                                                                                set                     FG_STATUS, 27, 0
198B:   00                                                                                      nop
198C:   04051807                                                                                evt_exec                5, I_GOSUB, main_07
1990:   0100                                                                                    evt_end                 0

.proc main_07
1992:   11001C00                                                                                do                      0, off_19B2
1996:   2E0300                                                                                  work_set                WK_ENEMY, ID_EM_0
1999:   00                                                                                      nop
199A:   3D1017                                                                                  member_copy             V_TEMP, M_SCE_FREE0
199D:   00                                                                                      nop
199E:   260006100200                                                                            calc                    0, OP_AND, V_TEMP, 2
19A4:   250410                                                                                  copy                    V_04, V_TEMP
19A7:   00                                                                                      nop
19A8:   02                                                                                      evt_next
19A9:   00                                                                                      nop
19AA:   1206                                                                                    edwhile                 off_19B2
19AC:   230004050200                                                                            cmp                     0, V_04, CMP_NE, 2

off_19B2:
19B2:   22020701                                                                                set                     FG_STOP, 7, 1
19B6:   22011B01                                                                                set                     FG_STATUS, 27, 1
19BA:   22010400                                                                                set                     FG_STATUS, 4, 0
19BE:   510105000000                                                                            sce_bgm_control         BGM_CHANNEL_SUB0, BGM_OP_FADEOUT, BGM_TYPE_MAIN_VOL, 0, 0
19C4:   2E0100                                                                                  work_set                WK_PLAYER, 0
19C7:   3F020204                                                                                plc_motion              2, 2, 4
19CB:   02                                                                                      evt_next
19CC:   3C00                                                                                    cut_auto                0
19CE:   290B                                                                                    cut_chg                 11
19D0:   2E0100                                                                                  work_set                WK_PLAYER, 0
19D3:   00                                                                                      nop
19D4:   3200008300000083                                                                        pos_set                 0, -32000, 0, -32000
19DC:   2E0300                                                                                  work_set                WK_ENEMY, ID_EM_0
19DF:   00                                                                                      nop
19E0:   320028230000EEA3                                                                        pos_set                 0, 9000, 0, -23570
19E8:   02                                                                                      evt_next
19E9:   00                                                                                      nop
19EA:   59000D00                                                                                xa_on                   0, 13
19EE:   090A7800                                                                                sleep                   10, 120
19F2:   0B                                                                                      wsleep
19F3:   0C                                                                                      wsleeping
19F4:   02                                                                                      evt_next
19F5:   2906                                                                                    cut_chg                 6
19F7:   2E0300                                                                                  work_set                WK_ENEMY, ID_EM_0
19FA:   3200F82A0000EEA3                                                                        pos_set                 0, 11000, 0, -23570
1A02:   02                                                                                      evt_next
1A03:   00                                                                                      nop
1A04:   59000E00                                                                                xa_on                   0, 14
1A08:   090AC800                                                                                sleep                   10, 200
1A0C:   0B                                                                                      wsleep
1A0D:   0C                                                                                      wsleeping
1A0E:   2907                                                                                    cut_chg                 7
1A10:   2E0301                                                                                  work_set                WK_ENEMY, ID_EM_1
1A13:   00                                                                                      nop
1A14:   3200008300000083                                                                        pos_set                 0, -32000, 0, -32000
1A1C:   2E0303                                                                                  work_set                WK_ENEMY, ID_EM_3
1A1F:   00                                                                                      nop
1A20:   3200008300000083                                                                        pos_set                 0, -32000, 0, -32000
1A28:   2E0100                                                                                  work_set                WK_PLAYER, 0
1A2B:   00                                                                                      nop
1A2C:   3200F8430000EEA3                                                                        pos_set                 0, 17400, 0, -23570
1A34:   3300000000080000                                                                        dir_set                 0, 0, 2048, 0
1A3C:   3F020844                                                                                plc_motion              2, 8, 68
1A40:   02                                                                                      evt_next
1A41:   00                                                                                      nop
1A42:   59000F00                                                                                xa_on                   0, 15
1A46:   41020000C800C8001414                                                                    plc_neck                2, 0, 200, 200, 20, 20
1A50:   090A0A00                                                                                sleep                   10, 10
1A54:   4102000038FFC8001400                                                                    plc_neck                2, 0, -200, 200, 20, 0
1A5E:   090A1400                                                                                sleep                   10, 20
1A62:   410200000000C8001400                                                                    plc_neck                2, 0, 0, 200, 20, 0
1A6C:   090A7800                                                                                sleep                   10, 120
1A70:   3F0B0114                                                                                plc_motion              11, 1, 20
1A74:   090A5000                                                                                sleep                   10, 80
1A78:   3F001110                                                                                plc_motion              0, 17, 16
1A7C:   410200002EFF78000F14                                                                    plc_neck                2, 0, -210, 120, 15, 20
1A86:   090A0E00                                                                                sleep                   10, 14
1A8A:   41020000D20078000F00                                                                    plc_neck                2, 0, 210, 120, 15, 0
1A94:   090A1C00                                                                                sleep                   10, 28
1A98:   41020000000078000F00                                                                    plc_neck                2, 0, 0, 120, 15, 0
1AA2:   090A0E00                                                                                sleep                   10, 14
1AA6:   090A1E00                                                                                sleep                   10, 30
1AAA:   090A3B00                                                                                sleep                   10, 59
1AAE:   510102000000                                                                            sce_bgm_control         BGM_CHANNEL_SUB0, BGM_OP_STOP, BGM_TYPE_MAIN_VOL, 0, 0
1AB4:   2204BF01                                                                                set                     FG_COMMON, 191, 1
1AB8:   04021808                                                                                evt_exec                2, I_GOSUB, main_08
1ABC:   370D0080                                                                                sca_id_set              13, 0, 128
1AC0:   370E0080                                                                                sca_id_set              14, 0, 128
1AC4:   370F0080                                                                                sca_id_set              15, 0, 128
1AC8:   37100080                                                                                sca_id_set              16, 0, 128
1ACC:   46000131F4980000C9A5                                                                    aot_reset               ID_AOT_0, SCE_DOOR, SAT_PL | SAT_MANUAL | SAT_FRONT, 244, 152, 0, 0, 201, 165
1AD6:   0406180F                                                                                evt_exec                6, I_GOSUB, main_0F
1ADA:   42                                                                                      plc_ret
1ADB:   22010401                                                                                set                     FG_STATUS, 4, 1
1ADF:   22020700                                                                                set                     FG_STOP, 7, 0
1AE3:   22011B00                                                                                set                     FG_STATUS, 27, 0
1AE7:   00                                                                                      nop
1AE8:   0100                                                                                    evt_end                 0

.proc main_08
1AEA:   24085000                                                                                save                    V_08, 80
1AEE:   11002C00                                                                                do                      0, off_1B1E
1AF2:   02                                                                                      evt_next
1AF3:   00                                                                                      nop
1AF4:   251008                                                                                  copy                    V_TEMP, V_08
1AF7:   00                                                                                      nop
1AF8:   260000100200                                                                            calc                    0, OP_ADD, V_TEMP, 2
1AFE:   250810                                                                                  copy                    V_08, V_TEMP
1B01:   00                                                                                      nop
1B02:   1D080400                                                                                work_copy               8, 4, 0
1B06:   510000010040                                                                            sce_bgm_control         BGM_CHANNEL_MAIN, BGM_OP_NOP, BGM_TYPE_PROG0_VOL, 0, 64
1B0C:   1D080400                                                                                work_copy               8, 4, 0
1B10:   510000020040                                                                            sce_bgm_control         BGM_CHANNEL_MAIN, BGM_OP_NOP, BGM_TYPE_PROG1_VOL, 0, 64
1B16:   1206                                                                                    edwhile                 off_1B1E
1B18:   230008038000                                                                            cmp                     0, V_08, CMP_LT, 128

off_1B1E:
1B1E:   0100                                                                                    evt_end                 0

.proc main_09
1B20:   0404180B                                                                                evt_exec                4, I_GOSUB, main_0B
1B24:   090A0A00                                                                                sleep                   10, 10
1B28:   0403180C                                                                                evt_exec                3, I_GOSUB, main_0C
1B2C:   0100                                                                                    evt_end                 0

.proc main_0A
1B2E:   0503                                                                                    evt_kill                3
1B30:   0504                                                                                    evt_kill                4
1B32:   2E0403                                                                                  work_set                WK_OBJECT, ID_OBJ_3
1B35:   00                                                                                      nop
1B36:   3200008300000083                                                                        pos_set                 0, -32000, 0, -32000
1B3E:   2E0404                                                                                  work_set                WK_OBJECT, ID_OBJ_4
1B41:   00                                                                                      nop
1B42:   3200008300000083                                                                        pos_set                 0, -32000, 0, -32000
1B4A:   0100                                                                                    evt_end                 0

.proc main_0B
1B4C:   2E0403                                                                                  work_set                WK_OBJECT, ID_OBJ_3
1B4F:   00                                                                                      nop
1B50:   32000000D0EE60BE                                                                        pos_set                 0, 0, -4400, -16800
1B58:   3300000C000C0004                                                                        dir_set                 0, 3072, 3072, 1024

off_1B60:
1B60:   2E0403                                                                                  work_set                WK_OBJECT, ID_OBJ_3
1B63:   00                                                                                      nop
1B64:   06001400                                                                                if                      0, off_1B7C
1B68:   3E000B04E0B1                                                                            member_cmp              0, 11, 4, 224, 177
1B6E:   2E0403                                                                                  work_set                WK_OBJECT, ID_OBJ_3
1B71:   00                                                                                      nop
1B72:   32000000D0EE60BE                                                                        pos_set                 0, 0, -4400, -16800
1B7A:   08                                                                                      endif
1B7B:   00                                                                                      nop

off_1B7C:
1B7C:   2E0403                                                                                  work_set                WK_OBJECT, ID_OBJ_3
1B7F:   00                                                                                      nop
1B80:   3D100B                                                                                  member_copy             V_TEMP, M_X_POS
1B83:   00                                                                                      nop
1B84:   26000110E803                                                                            calc                    0, OP_SUB, V_TEMP, 1000
1B8A:   350B10                                                                                  member_set2             M_X_POS, V_TEMP
1B8D:   00                                                                                      nop
1B8E:   02                                                                                      evt_next
1B8F:   00                                                                                      nop
1B90:   17FFFF00D0FF                                                                            goto                    255, 255, 0, off_1B60
1B96:   0100                                                                                    evt_end                 0

.proc main_0C
1B98:   2E0404                                                                                  work_set                WK_OBJECT, ID_OBJ_4
1B9B:   00                                                                                      nop
1B9C:   32000000D0EE60BE                                                                        pos_set                 0, 0, -4400, -16800
1BA4:   3300000C000C0004                                                                        dir_set                 0, 3072, 3072, 1024

off_1BAC:
1BAC:   2E0404                                                                                  work_set                WK_OBJECT, ID_OBJ_4
1BAF:   00                                                                                      nop
1BB0:   06001400                                                                                if                      0, off_1BC8
1BB4:   3E000B04E0B1                                                                            member_cmp              0, 11, 4, 224, 177
1BBA:   2E0404                                                                                  work_set                WK_OBJECT, ID_OBJ_4
1BBD:   00                                                                                      nop
1BBE:   32000000D0EE60BE                                                                        pos_set                 0, 0, -4400, -16800
1BC6:   08                                                                                      endif
1BC7:   00                                                                                      nop

off_1BC8:
1BC8:   2E0404                                                                                  work_set                WK_OBJECT, ID_OBJ_4
1BCB:   00                                                                                      nop
1BCC:   3D100B                                                                                  member_copy             V_TEMP, M_X_POS
1BCF:   00                                                                                      nop
1BD0:   26000110E803                                                                            calc                    0, OP_SUB, V_TEMP, 1000
1BD6:   350B10                                                                                  member_set2             M_X_POS, V_TEMP
1BD9:   00                                                                                      nop
1BDA:   02                                                                                      evt_next
1BDB:   00                                                                                      nop
1BDC:   17FFFF00D0FF                                                                            goto                    255, 255, 0, off_1BAC
1BE2:   0100                                                                                    evt_end                 0

.proc main_0D
1BE4:   8A000D000100                                                                            nop_8a                  0, 13, 0, 1, 0
1BEA:   8B9602000000                                                                            nop_8b                  150, 2, 0, 0, 0
1BF0:   8C0096FA05000200                                                                        nop_8c                  0, 150, 250, 5, 0, 2, 0
1BF8:   8C00FAC80A000700                                                                        nop_8c                  0, 250, 200, 10, 0, 7, 0
1C00:   0100                                                                                    evt_end                 0

.proc main_0E
1C02:   8C0064C807000000                                                                        nop_8c                  0, 100, 200, 7, 0, 0, 0
1C0A:   8BFA05000200                                                                            nop_8b                  250, 5, 0, 2, 0
1C10:   8C00C83211000500                                                                        nop_8c                  0, 200, 50, 17, 0, 5, 0
1C18:   0100                                                                                    evt_end                 0

.proc main_0F

off_1C1A:
1C1A:   8B6E03000000                                                                            nop_8b                  110, 3, 0, 0, 0
1C20:   8B4603000700                                                                            nop_8b                  70, 3, 0, 7, 0
1C26:   8B4603001400                                                                            nop_8b                  70, 3, 0, 20, 0
1C2C:   8B6E03002000                                                                            nop_8b                  110, 3, 0, 32, 0
1C32:   8B4603002700                                                                            nop_8b                  70, 3, 0, 39, 0
1C38:   8B4603003400                                                                            nop_8b                  70, 3, 0, 52, 0
1C3E:   090A3400                                                                                sleep                   10, 52
1C42:   17FFFF00D8FF                                                                            goto                    255, 255, 0, off_1C1A
1C48:   0100                                                                                    evt_end                 0
1C4A:   0000                                                                                    db                      0x00, 0x00
