.version 2
.init
.proc init_00
1096:   3B000131000075A944B1EA06E8081CC40000E9D12807000100000B0000000000                        door_aot_se             0, SCE_DOOR, SAT_PL | SAT_MANUAL | SAT_FRONT, 0, 0, -22155, -20156, 1770, 2280, -15332, 0, -11799, 1832, 0, 1, 0, 0, 11, 0, 0, 0, UNLOCKED, 0
10B6:   670103420000251F1EE6A62C401FD4490E1F1C702CE8000000000000                                aot_set_4p              1, SCE_NORMAL, SAT_EM | SAT_UNDER, 0, 0, 7973, -6626, 11430, 8000, 18900, 7950, 28700, -6100, 0, 0, 0, 0, 0, 0
10D2:   670203420000C5FCEE1F222ED020342164E7C80072E3000000000000                                aot_set_4p              2, SCE_NORMAL, SAT_EM | SAT_UNDER, 0, 0, -827, 8174, 11810, 8400, 8500, -6300, 200, -7310, 0, 0, 0, 0, 0, 0
10EE:   67030342000089D45220D4FE98213002E0E3A0DD70E5000000000000                                aot_set_4p              3, SCE_NORMAL, SAT_EM | SAT_UNDER, 0, 0, -11127, 8274, -300, 8600, 560, -7200, -8800, -6800, 0, 0, 0, 0, 0, 0
110A:   67040342000059AAEE1F34D6FC2168DED4E59EA8C8E7000000000000                                aot_set_4p              4, SCE_NORMAL, SAT_EM | SAT_UNDER, 0, 0, -21927, 8174, -10700, 8700, -8600, -6700, -22370, -6200, 0, 0, 0, 0, 0, 0
1126:   67050342000065A8A2E92CCFF4E82ACC8AC67EAA1CC6000000000000                                aot_set_4p              5, SCE_NORMAL, SAT_EM | SAT_UNDER, 0, 0, -22427, -5726, -12500, -5900, -13270, -14710, -21890, -14820, 0, 0, 0, 0, 0, 0
1142:   2C06034200008CAA82958C232C33000000000000                                                aot_set                 6, SCE_NORMAL, SAT_EM | SAT_UNDER, 0, 0, -21876, -27262, 9100, 13100, 0, 0, 0, 0, 0, 0
1156:   2C070B410000F1494EFF08070807000000000000                                                aot_set                 7, SCE_DAMAGE, SAT_PL | SAT_UNDER, 0, 0, 18929, -178, 1800, 1800, 0, 0, 0, 0, 0, 0
116A:   2C080B4100002351D5FA08070807000000000000                                                aot_set                 8, SCE_DAMAGE, SAT_PL | SAT_UNDER, 0, 0, 20771, -1323, 1800, 1800, 0, 0, 0, 0, 0, 0
117E:   2C090B4100007A48F70F08070807000000000000                                                aot_set                 9, SCE_DAMAGE, SAT_PL | SAT_UNDER, 0, 0, 18554, 4087, 1800, 1800, 0, 0, 0, 0, 0, 0
1192:   2C0A0B410000B156A8F808070807000000000000                                                aot_set                 10, SCE_DAMAGE, SAT_PL | SAT_UNDER, 0, 0, 22193, -1880, 1800, 1800, 0, 0, 0, 0, 0, 0
11A6:   2C0B0B410000B346DD0A08070807000000000000                                                aot_set                 11, SCE_DAMAGE, SAT_PL | SAT_UNDER, 0, 0, 18099, 2781, 1800, 1800, 0, 0, 0, 0, 0, 0
11BA:   2C0C0B410000B94620036C070807000000000000                                                aot_set                 12, SCE_DAMAGE, SAT_PL | SAT_UNDER, 0, 0, 18105, 800, 1900, 1800, 0, 0, 0, 0, 0, 0
11CE:   2C0D0B410000694E7DFD08070807000000000000                                                aot_set                 13, SCE_DAMAGE, SAT_PL | SAT_UNDER, 0, 0, 20073, -643, 1800, 1800, 0, 0, 0, 0, 0, 0
11E2:   06008C00                                                                                if                      0, off_1272
11E6:   21001900                                                                                ck                      0, 25, 0
11EA:   4400001FC250000100231D590000D2009B0700000000                                            sce_em_set              0, 0, ENEMY_ZOMBIERANDOM, 194, 80, 0, 1, 0, 35, 22813, 0, 210, 1947, 0, 0
1200:   4400011FC6100002002488470000D30DCD0300000000                                            sce_em_set              0, 1, ENEMY_ZOMBIERANDOM, 198, 16, 0, 2, 0, 36, 18312, 0, 3539, 973, 0, 0
1216:   4400021F4610000100255F1B0000CFF9910F00000000                                            sce_em_set              0, 2, ENEMY_ZOMBIERANDOM, 70, 16, 0, 1, 0, 37, 7007, 0, -1585, 3985, 0, 0
122C:   4400031F46100002002613FB0000F9F5490100000000                                            sce_em_set              0, 3, ENEMY_ZOMBIERANDOM, 70, 16, 0, 2, 0, 38, -1261, 0, -2567, 329, 0, 0
1242:   4400041F401000020028FDED00001801E70900000000                                            sce_em_set              0, 4, ENEMY_ZOMBIERANDOM, 64, 16, 0, 2, 0, 40, -4611, 0, 280, 2535, 0, 0
1258:   4400051F401000010029FC09000015FC4D0D00000000                                            sce_em_set              0, 5, ENEMY_ZOMBIERANDOM, 64, 16, 0, 1, 0, 41, 2556, 0, -1003, 3405, 0, 0
126E:   07008A00                                                                                else                    0, off_12F8

off_1272:
1272:   4400001FC250000200231D590000D2009B0700000000                                            sce_em_set              0, 0, ENEMY_ZOMBIERANDOM, 194, 80, 0, 2, 0, 35, 22813, 0, 210, 1947, 0, 0
1288:   4400011FC6100001002470490000A70F7F0500000000                                            sce_em_set              0, 1, ENEMY_ZOMBIERANDOM, 198, 16, 0, 1, 0, 36, 18800, 0, 4007, 1407, 0, 0
129E:   4400021F461000020025F7200000C6F7110E00000000                                            sce_em_set              0, 2, ENEMY_ZOMBIERANDOM, 70, 16, 0, 2, 0, 37, 8439, 0, -2106, 3601, 0, 0
12B4:   4400031F461000010026452400007A09190300000000                                            sce_em_set              0, 3, ENEMY_ZOMBIERANDOM, 70, 16, 0, 1, 0, 38, 9285, 0, 2426, 793, 0, 0
12CA:   4400041F4010000200275A040000810A6D1200000000                                            sce_em_set              0, 4, ENEMY_ZOMBIERANDOM, 64, 16, 0, 2, 0, 39, 1114, 0, 2689, 4717, 0, 0
12E0:   4400051F40100001002844E30000B3F8470000000000                                            sce_em_set              0, 5, ENEMY_ZOMBIERANDOM, 64, 16, 0, 1, 0, 40, -7356, 0, -1869, 71, 0, 0
12F6:   00                                                                                      nop
12F7:   00                                                                                      nop

off_12F8:
12F8:   0100                                                                                    evt_end                 0
12FA:   2000                                                                                    db                      0x20, 0x00

.main
.proc main_00
1314:   04FF1804                                                                                evt_exec                255, I_GOSUB, main_04
1318:   04FF1802                                                                                evt_exec                255, I_GOSUB, main_02
131C:   0100                                                                                    evt_end                 0

.proc main_01
131E:   131A4E00                                                                                switch                  26, off_1370
1322:   140000000000                                                                            case                    0, off_1328, 0

off_1328:
1328:   140026000100                                                                            case                    0, off_1354, 1
132E:   06000E00                                                                                if                      0, off_1340
1332:   21050700                                                                                ck                      5, 7, 0
1336:   22050701                                                                                set                     5, 7, 1
133A:   04FF1805                                                                                evt_exec                255, I_GOSUB, main_05
133E:   08                                                                                      endif
133F:   00                                                                                      nop

off_1340:
1340:   06000E00                                                                                if                      0, off_1352
1344:   21050500                                                                                ck                      5, 5, 0
1348:   22050501                                                                                set                     5, 5, 1
134C:   04FF1806                                                                                evt_exec                255, I_GOSUB, main_06
1350:   08                                                                                      endif
1351:   00                                                                                      nop

off_1352:
1352:   1A00                                                                                    break                   0

off_1354:
1354:   140014000200                                                                            case                    0, off_136E, 2
135A:   06000E00                                                                                if                      0, off_136C
135E:   21050600                                                                                ck                      5, 6, 0
1362:   22050601                                                                                set                     5, 6, 1
1366:   04FF1807                                                                                evt_exec                255, I_GOSUB, main_07
136A:   08                                                                                      endif
136B:   00                                                                                      nop

off_136C:
136C:   1A00                                                                                    break                   0

off_136E:
136E:   1600                                                                                    eswitch                 0

off_1370:
1370:   0100                                                                                    evt_end                 0

.proc main_02
1372:   090A3200                                                                                sleep                   10, 50
1376:   2E0300                                                                                  work_set                WK_ENEMY, 0
1379:   00                                                                                      nop
137A:   3D1007                                                                                  member_copy             16, 7
137D:   00                                                                                      nop
137E:   26000610FFBF                                                                            calc                    0, OP_AND, 16, -16385
1384:   350710                                                                                  member_set2             7, 16
1387:   00                                                                                      nop
1388:   04FF1803                                                                                evt_exec                255, I_GOSUB, main_03
138C:   0100                                                                                    evt_end                 0

.proc main_03
138E:   131A5C00                                                                                switch                  26, off_13EE

off_1392:
1392:   140028000300                                                                            case                    0, off_13C0, 3
1398:   06002200                                                                                if                      0, off_13BE
139C:   21050C00                                                                                ck                      5, 12, 0
13A0:   21050E01                                                                                ck                      5, 14, 1
13A4:   22050E00                                                                                set                     5, 14, 0
13A8:   22050C01                                                                                set                     5, 12, 1
13AC:   06000A00                                                                                if                      0, off_13BA
13B0:   21001900                                                                                ck                      0, 25, 0
13B4:   1808                                                                                    gosub                   8
13B6:   07000600                                                                                else                    0, off_13BC

off_13BA:
13BA:   00                                                                                      nop
13BB:   00                                                                                      nop

off_13BC:
13BC:   08                                                                                      endif
13BD:   00                                                                                      nop

off_13BE:
13BE:   1A00                                                                                    break                   0

off_13C0:
13C0:   140026000500                                                                            case                    0, off_13EC, 5
13C6:   06002000                                                                                if                      0, off_13EA
13CA:   21050E00                                                                                ck                      5, 14, 0
13CE:   22050E01                                                                                set                     5, 14, 1
13D2:   22050C00                                                                                set                     5, 12, 0
13D6:   06000A00                                                                                if                      0, off_13E4
13DA:   21001900                                                                                ck                      0, 25, 0
13DE:   1809                                                                                    gosub                   9
13E0:   07000800                                                                                else                    0, off_13E8

off_13E4:
13E4:   180B                                                                                    gosub                   11
13E6:   00                                                                                      nop
13E7:   00                                                                                      nop

off_13E8:
13E8:   08                                                                                      endif
13E9:   00                                                                                      nop

off_13EA:
13EA:   1A00                                                                                    break                   0

off_13EC:
13EC:   1600                                                                                    eswitch                 0

off_13EE:
13EE:   02                                                                                      evt_next
13EF:   00                                                                                      nop
13F0:   17FFFF009EFF                                                                            goto                    255, 255, 0, off_1392
13F6:   0100                                                                                    evt_end                 0

.proc main_04
13F8:   02                                                                                      evt_next
13F9:   00                                                                                      nop

off_13FA:
13FA:   131AB600                                                                                switch                  26, off_14B4
13FE:   14000E000000                                                                            case                    0, off_1412, 0
1404:   510000017833                                                                            sce_bgm_control         0, 0, 1, 120, 51
140A:   510000024741                                                                            sce_bgm_control         0, 0, 2, 71, 65
1410:   1A00                                                                                    break                   0

off_1412:
1412:   14000E000100                                                                            case                    0, off_1426, 1
1418:   510000016A56                                                                            sce_bgm_control         0, 0, 1, 106, 86
141E:   510000024741                                                                            sce_bgm_control         0, 0, 2, 71, 65
1424:   1A00                                                                                    break                   0

off_1426:
1426:   14000E000200                                                                            case                    0, off_143A, 2
142C:   510000016021                                                                            sce_bgm_control         0, 0, 1, 96, 33
1432:   510000024741                                                                            sce_bgm_control         0, 0, 2, 71, 65
1438:   1A00                                                                                    break                   0

off_143A:
143A:   14000E000300                                                                            case                    0, off_144E, 3
1440:   510000016A47                                                                            sce_bgm_control         0, 0, 1, 106, 71
1446:   510000024741                                                                            sce_bgm_control         0, 0, 2, 71, 65
144C:   1A00                                                                                    break                   0

off_144E:
144E:   14000E000400                                                                            case                    0, off_1462, 4
1454:   510000015180                                                                            sce_bgm_control         0, 0, 1, 81, 128
145A:   510000024741                                                                            sce_bgm_control         0, 0, 2, 71, 65
1460:   1A00                                                                                    break                   0

off_1462:
1462:   14000E000500                                                                            case                    0, off_1476, 5
1468:   510000013380                                                                            sce_bgm_control         0, 0, 1, 51, 128
146E:   510000023D41                                                                            sce_bgm_control         0, 0, 2, 61, 65
1474:   1A00                                                                                    break                   0

off_1476:
1476:   14000E000600                                                                            case                    0, off_148A, 6
147C:   510000011F53                                                                            sce_bgm_control         0, 0, 1, 31, 83
1482:   510000023341                                                                            sce_bgm_control         0, 0, 2, 51, 65
1488:   1A00                                                                                    break                   0

off_148A:
148A:   14000E000700                                                                            case                    0, off_149E, 7
1490:   510000011A2B                                                                            sce_bgm_control         0, 0, 1, 26, 43
1496:   510000023341                                                                            sce_bgm_control         0, 0, 2, 51, 65
149C:   1A00                                                                                    break                   0

off_149E:
149E:   14000E000800                                                                            case                    0, off_14B2, 8
14A4:   510000010141                                                                            sce_bgm_control         0, 0, 1, 1, 65
14AA:   510000022941                                                                            sce_bgm_control         0, 0, 2, 41, 65
14B0:   1A00                                                                                    break                   0

off_14B2:
14B2:   1600                                                                                    eswitch                 0

off_14B4:
14B4:   11000800                                                                                do                      0, off_14C0
14B8:   02                                                                                      evt_next
14B9:   00                                                                                      nop
14BA:   1204                                                                                    edwhile                 off_14C0
14BC:   21010B00                                                                                ck                      1, 11, 0

off_14C0:
14C0:   17FFFF0039FF                                                                            goto                    255, 255, 0, off_13FA + 3
14C6:   0100                                                                                    evt_end                 0

.proc main_05
14C8:   6B00C05D                                                                                light_kido_set          0, 24000
14CC:   0D0016000300                                                                            for                     0, off_14E8, 3
14D2:   02                                                                                      evt_next
14D3:   00                                                                                      nop
14D4:   06000E00                                                                                if                      0, off_14E6
14D8:   23001A000200                                                                            cmp                     0, 26, CMP_EQ, 2
14DE:   17FFFF004200                                                                            goto                    255, 255, 0, off_1524
14E4:   08                                                                                      endif
14E5:   00                                                                                      nop

off_14E6:
14E6:   0E00                                                                                    next                    0

off_14E8:
14E8:   6B003075                                                                                light_kido_set          0, 30000
14EC:   02                                                                                      evt_next
14ED:   00                                                                                      nop
14EE:   06000E00                                                                                if                      0, off_1500
14F2:   23001A000200                                                                            cmp                     0, 26, CMP_EQ, 2
14F8:   17FFFF002800                                                                            goto                    255, 255, 0, off_1524
14FE:   08                                                                                      endif
14FF:   00                                                                                      nop

off_1500:
1500:   6B009065                                                                                light_kido_set          0, 26000
1504:   0D0016000200                                                                            for                     0, off_1520, 2
150A:   02                                                                                      evt_next
150B:   00                                                                                      nop
150C:   06000E00                                                                                if                      0, off_151E
1510:   23001A000200                                                                            cmp                     0, 26, CMP_EQ, 2
1516:   17FFFF000A00                                                                            goto                    255, 255, 0, off_1524
151C:   08                                                                                      endif
151D:   00                                                                                      nop

off_151E:
151E:   0E00                                                                                    next                    0

off_1520:
1520:   22050700                                                                                set                     5, 7, 0

off_1524:
1524:   0100                                                                                    evt_end                 0

.proc main_06
1526:   4C0D000000                                                                              sce_espr_kill           13, 0, 0, 0
152B:   4C0E000000                                                                              sce_espr_kill           14, 0, 0, 0
1530:   4C04120000                                                                              sce_espr_kill           4, 18, 0, 0
1535:   00                                                                                      nop
1536:   3A000E0000000038287480F37BED00FE                                                        sce_espr_on             0, 14, 0, 14336, 29736, -3200, -4741, -512
1546:   3A000D0000000030EB5CD0EEC61B0000                                                        sce_espr_on             0, 13, 0, 12288, 23787, -4400, 7110, 0
1556:   3A000D0000000024266710DC4E110000                                                        sce_espr_on             0, 13, 0, 9216, 26406, -9200, 4430, 0
1566:   3A0004120000003E287480F37BED0004                                                        sce_espr_on             0, 4612, 0, 15872, 29736, -3200, -4741, 1024
1576:   3A00041200000040266780DA4E1100FE                                                        sce_espr_on             0, 4612, 0, 16384, 26406, -9600, 4430, -512
1586:   3A00041200000038EB5C08EEC61B00FC                                                        sce_espr_on             0, 4612, 0, 14336, 23787, -4600, 7110, -1024
1596:   3A000D0000000030415E0000721200FE                                                        sce_espr_on             0, 13, 0, 12288, 24129, 0, 4722, -512
15A6:   3A000E0000000032BB59000059FE0000                                                        sce_espr_on             0, 14, 0, 12800, 22971, 0, -423, 0
15B6:   3A000E00000000342A4D00007B1300FE                                                        sce_espr_on             0, 14, 0, 13312, 19754, 0, 4987, -512
15C6:   3A000D000000002D15570000FC030000                                                        sce_espr_on             0, 13, 0, 11520, 22293, 0, 1020, 0
15D6:   3A000E0000000031335305008D0F0000                                                        sce_espr_on             0, 14, 0, 12544, 21299, 5, 3981, 0
15E6:   3A000D00000000283D4A0000A40600FE                                                        sce_espr_on             0, 13, 0, 10240, 19005, 0, 1700, -512
15F6:   3A000E0000000028B15B0000290B0002                                                        sce_espr_on             0, 14, 0, 10240, 23473, 0, 2857, 512
1606:   3A0004120000002E71560000721200FE                                                        sce_espr_on             0, 4612, 0, 11776, 22129, 0, 4722, -512
1616:   3A00041200000028204E0000BE0000FF                                                        sce_espr_on             0, 4612, 0, 10240, 20000, 0, 190, -256
1626:   22050501                                                                                set                     5, 5, 1
162A:   22050600                                                                                set                     5, 6, 0
162E:   0100                                                                                    evt_end                 0

.proc main_07
1630:   4C0D000000                                                                              sce_espr_kill           13, 0, 0, 0
1635:   4C0E000000                                                                              sce_espr_kill           14, 0, 0, 0
163A:   4C04120000                                                                              sce_espr_kill           4, 18, 0, 0
163F:   00                                                                                      nop
1640:   3A000D000000001E69FA24FACAEB00FE                                                        sce_espr_on             0, 13, 0, 7680, -1431, -1500, -5174, -512
1650:   3A000E000000001812FD5CF97EE70000                                                        sce_espr_on             0, 14, 0, 6144, -750, -1700, -6274, 0
1660:   3A000412000000209AF7F2F94CEB0002                                                        sce_espr_on             0, 4612, 0, 8192, -2150, -1550, -5300, 512
1670:   3A000E000000001884FA88FA73E60000                                                        sce_espr_on             0, 14, 0, 6144, -1404, -1400, -6541, 0
1680:   22050601                                                                                set                     5, 6, 1
1684:   22050500                                                                                set                     5, 5, 0
1688:   0100                                                                                    evt_end                 0

.proc main_08
168A:   06007000                                                                                if                      0, off_16FE
168E:   21062600                                                                                ck                      6, 38, 0
1692:   2E0303                                                                                  work_set                WK_ENEMY, 3
1695:   00                                                                                      nop
1696:   600303BFBFBF9001580200000000                                                            kage_set                3, 3, 191, 191, 191, 144, 1, 88, 2, 0, 0, 0, 0
16A4:   06002800                                                                                if                      0, off_16D0
16A8:   3E0009000500                                                                            member_cmp              0, 9, 0, 5, 0
16AE:   34074610                                                                                member_set              7, 70, 16
16B2:   34020100                                                                                member_set              2, 1, 0
16B6:   34030D00                                                                                member_set              3, 13, 0
16BA:   34040000                                                                                member_set              4, 0, 0
16BE:   34050000                                                                                member_set              5, 0, 0
16C2:   3200AE320000A2F9                                                                        pos_set                 0, 12974, 0, -1630
16CA:   340FF5F6                                                                                member_set              15, 245, 246
16CE:   08                                                                                      endif
16CF:   00                                                                                      nop

off_16D0:
16D0:   06002800                                                                                if                      0, off_16FC
16D4:   3E0009000600                                                                            member_cmp              0, 9, 0, 6, 0
16DA:   34074610                                                                                member_set              7, 70, 16
16DE:   34020100                                                                                member_set              2, 1, 0
16E2:   34030D00                                                                                member_set              3, 13, 0
16E6:   34040000                                                                                member_set              4, 0, 0
16EA:   34050000                                                                                member_set              5, 0, 0
16EE:   3200AE320000A2F9                                                                        pos_set                 0, 12974, 0, -1630
16F6:   340FF5F6                                                                                member_set              15, 245, 246
16FA:   08                                                                                      endif
16FB:   00                                                                                      nop

off_16FC:
16FC:   08                                                                                      endif
16FD:   00                                                                                      nop

off_16FE:
16FE:   0100                                                                                    evt_end                 0

.proc main_09
1700:   06004400                                                                                if                      0, off_1748
1704:   21062300                                                                                ck                      6, 35, 0
1708:   2E0300                                                                                  work_set                WK_ENEMY, 0
170B:   00                                                                                      nop
170C:   600300BFBFBF9001580200000000                                                            kage_set                3, 0, 191, 191, 191, 144, 1, 88, 2, 0, 0, 0, 0
171A:   06002800                                                                                if                      0, off_1746
171E:   3E0009040200                                                                            member_cmp              0, 9, 4, 2, 0
1724:   34074610                                                                                member_set              7, 70, 16
1728:   34020100                                                                                member_set              2, 1, 0
172C:   34030D00                                                                                member_set              3, 13, 0
1730:   34040000                                                                                member_set              4, 0, 0
1734:   34050000                                                                                member_set              5, 0, 0
1738:   32000ED60000DAFA                                                                        pos_set                 0, -10738, 0, -1318
1740:   340F8B08                                                                                member_set              15, 139, 8
1744:   08                                                                                      endif
1745:   00                                                                                      nop

off_1746:
1746:   08                                                                                      endif
1747:   00                                                                                      nop

off_1748:
1748:   06004400                                                                                if                      0, off_1790
174C:   21062400                                                                                ck                      6, 36, 0
1750:   2E0301                                                                                  work_set                WK_ENEMY, 1
1753:   00                                                                                      nop
1754:   600301BFBFBF9001580200000000                                                            kage_set                3, 1, 191, 191, 191, 144, 1, 88, 2, 0, 0, 0, 0
1762:   06002800                                                                                if                      0, off_178E
1766:   3E0009040200                                                                            member_cmp              0, 9, 4, 2, 0
176C:   34074610                                                                                member_set              7, 70, 16
1770:   34020100                                                                                member_set              2, 1, 0
1774:   34030D00                                                                                member_set              3, 13, 0
1778:   34040000                                                                                member_set              4, 0, 0
177C:   34050000                                                                                member_set              5, 0, 0
1780:   3200D7CD000055FE                                                                        pos_set                 0, -12841, 0, -427
1788:   340F6309                                                                                member_set              15, 99, 9
178C:   08                                                                                      endif
178D:   00                                                                                      nop

off_178E:
178E:   08                                                                                      endif
178F:   00                                                                                      nop

off_1790:
1790:   06004400                                                                                if                      0, off_17D8
1794:   21062500                                                                                ck                      6, 37, 0
1798:   2E0302                                                                                  work_set                WK_ENEMY, 2
179B:   00                                                                                      nop
179C:   600302BFBFBF9001580200000000                                                            kage_set                3, 2, 191, 191, 191, 144, 1, 88, 2, 0, 0, 0, 0
17AA:   06002800                                                                                if                      0, off_17D6
17AE:   3E0009040200                                                                            member_cmp              0, 9, 4, 2, 0
17B4:   34074610                                                                                member_set              7, 70, 16
17B8:   34020100                                                                                member_set              2, 1, 0
17BC:   34030D00                                                                                member_set              3, 13, 0
17C0:   34040000                                                                                member_set              4, 0, 0
17C4:   34050000                                                                                member_set              5, 0, 0
17C8:   32008CD0000055FE                                                                        pos_set                 0, -12148, 0, -427
17D0:   340FF808                                                                                member_set              15, 248, 8
17D4:   08                                                                                      endif
17D5:   00                                                                                      nop

off_17D6:
17D6:   08                                                                                      endif
17D7:   00                                                                                      nop

off_17D8:
17D8:   06004400                                                                                if                      0, off_1820
17DC:   21062600                                                                                ck                      6, 38, 0
17E0:   600303BFBFBF9001580200000000                                                            kage_set                3, 3, 191, 191, 191, 144, 1, 88, 2, 0, 0, 0, 0
17EE:   2E0303                                                                                  work_set                WK_ENEMY, 3
17F1:   00                                                                                      nop
17F2:   06002800                                                                                if                      0, off_181E
17F6:   3E0009040200                                                                            member_cmp              0, 9, 4, 2, 0
17FC:   34074610                                                                                member_set              7, 70, 16
1800:   34020100                                                                                member_set              2, 1, 0
1804:   34030D00                                                                                member_set              3, 13, 0
1808:   34040000                                                                                member_set              4, 0, 0
180C:   34050000                                                                                member_set              5, 0, 0
1810:   32009EBB000039C7                                                                        pos_set                 0, -17506, 0, -14535
1818:   340F610C                                                                                member_set              15, 97, 12
181C:   08                                                                                      endif
181D:   00                                                                                      nop

off_181E:
181E:   08                                                                                      endif
181F:   00                                                                                      nop

off_1820:
1820:   0100                                                                                    evt_end                 0

.proc main_0A
1822:   06007000                                                                                if                      0, off_1896
1826:   21062600                                                                                ck                      6, 38, 0
182A:   2E0303                                                                                  work_set                WK_ENEMY, 3
182D:   00                                                                                      nop
182E:   600303BFBFBF9001580200000000                                                            kage_set                3, 3, 191, 191, 191, 144, 1, 88, 2, 0, 0, 0, 0
183C:   06002800                                                                                if                      0, off_1868
1840:   3E0009000500                                                                            member_cmp              0, 9, 0, 5, 0
1846:   34074610                                                                                member_set              7, 70, 16
184A:   34020100                                                                                member_set              2, 1, 0
184E:   34030D00                                                                                member_set              3, 13, 0
1852:   34040000                                                                                member_set              4, 0, 0
1856:   34050000                                                                                member_set              5, 0, 0
185A:   3200AE320000A2F9                                                                        pos_set                 0, 12974, 0, -1630
1862:   340FF5F6                                                                                member_set              15, 245, 246
1866:   08                                                                                      endif
1867:   00                                                                                      nop

off_1868:
1868:   06002800                                                                                if                      0, off_1894
186C:   3E0009000600                                                                            member_cmp              0, 9, 0, 6, 0
1872:   34074610                                                                                member_set              7, 70, 16
1876:   34020100                                                                                member_set              2, 1, 0
187A:   34030D00                                                                                member_set              3, 13, 0
187E:   34040000                                                                                member_set              4, 0, 0
1882:   34050000                                                                                member_set              5, 0, 0
1886:   3200AE320000A2F9                                                                        pos_set                 0, 12974, 0, -1630
188E:   340FF5F6                                                                                member_set              15, 245, 246
1892:   08                                                                                      endif
1893:   00                                                                                      nop

off_1894:
1894:   08                                                                                      endif
1895:   00                                                                                      nop

off_1896:
1896:   0100                                                                                    evt_end                 0

.proc main_0B
1898:   06004400                                                                                if                      0, off_18E0
189C:   21062300                                                                                ck                      6, 35, 0
18A0:   2E0300                                                                                  work_set                WK_ENEMY, 0
18A3:   00                                                                                      nop
18A4:   600300BFBFBF9001580200000000                                                            kage_set                3, 0, 191, 191, 191, 144, 1, 88, 2, 0, 0, 0, 0
18B2:   06002800                                                                                if                      0, off_18DE
18B6:   3E0009040200                                                                            member_cmp              0, 9, 4, 2, 0
18BC:   34074610                                                                                member_set              7, 70, 16
18C0:   34020100                                                                                member_set              2, 1, 0
18C4:   34030D00                                                                                member_set              3, 13, 0
18C8:   34040000                                                                                member_set              4, 0, 0
18CC:   34050000                                                                                member_set              5, 0, 0
18D0:   3200B0D30000C9F3                                                                        pos_set                 0, -11344, 0, -3127
18D8:   340FA009                                                                                member_set              15, 160, 9
18DC:   08                                                                                      endif
18DD:   00                                                                                      nop

off_18DE:
18DE:   08                                                                                      endif
18DF:   00                                                                                      nop

off_18E0:
18E0:   06004400                                                                                if                      0, off_1928
18E4:   21062400                                                                                ck                      6, 36, 0
18E8:   2E0301                                                                                  work_set                WK_ENEMY, 1
18EB:   00                                                                                      nop
18EC:   600301BFBFBF9001580200000000                                                            kage_set                3, 1, 191, 191, 191, 144, 1, 88, 2, 0, 0, 0, 0
18FA:   06002800                                                                                if                      0, off_1926
18FE:   3E0009040200                                                                            member_cmp              0, 9, 4, 2, 0
1904:   34074010                                                                                member_set              7, 64, 16
1908:   34020100                                                                                member_set              2, 1, 0
190C:   34030D00                                                                                member_set              3, 13, 0
1910:   34040000                                                                                member_set              4, 0, 0
1914:   34050000                                                                                member_set              5, 0, 0
1918:   3200E1D70000E1FF                                                                        pos_set                 0, -10271, 0, -31
1920:   340FC108                                                                                member_set              15, 193, 8
1924:   08                                                                                      endif
1925:   00                                                                                      nop

off_1926:
1926:   08                                                                                      endif
1927:   00                                                                                      nop

off_1928:
1928:   06004400                                                                                if                      0, off_1970
192C:   21062500                                                                                ck                      6, 37, 0
1930:   2E0302                                                                                  work_set                WK_ENEMY, 2
1933:   00                                                                                      nop
1934:   600302BFBFBF9001580200000000                                                            kage_set                3, 2, 191, 191, 191, 144, 1, 88, 2, 0, 0, 0, 0
1942:   06002800                                                                                if                      0, off_196E
1946:   3E0009040200                                                                            member_cmp              0, 9, 4, 2, 0
194C:   34074610                                                                                member_set              7, 70, 16
1950:   34020100                                                                                member_set              2, 1, 0
1954:   34030D00                                                                                member_set              3, 13, 0
1958:   34040000                                                                                member_set              4, 0, 0
195C:   34050000                                                                                member_set              5, 0, 0
1960:   3200B2C100009DB6                                                                        pos_set                 0, -15950, 0, -18787
1968:   340F6B0C                                                                                member_set              15, 107, 12
196C:   08                                                                                      endif
196D:   00                                                                                      nop

off_196E:
196E:   08                                                                                      endif
196F:   00                                                                                      nop

off_1970:
1970:   06004400                                                                                if                      0, off_19B8
1974:   21062600                                                                                ck                      6, 38, 0
1978:   600303BFBFBF9001580200000000                                                            kage_set                3, 3, 191, 191, 191, 144, 1, 88, 2, 0, 0, 0, 0
1986:   2E0303                                                                                  work_set                WK_ENEMY, 3
1989:   00                                                                                      nop
198A:   06002800                                                                                if                      0, off_19B6
198E:   3E0009040200                                                                            member_cmp              0, 9, 4, 2, 0
1994:   34074610                                                                                member_set              7, 70, 16
1998:   34020100                                                                                member_set              2, 1, 0
199C:   34030D00                                                                                member_set              3, 13, 0
19A0:   34040000                                                                                member_set              4, 0, 0
19A4:   34050000                                                                                member_set              5, 0, 0
19A8:   3200E6B8000090CB                                                                        pos_set                 0, -18202, 0, -13424
19B0:   340F4B0B                                                                                member_set              15, 75, 11
19B4:   08                                                                                      endif
19B5:   00                                                                                      nop

off_19B6:
19B6:   08                                                                                      endif
19B7:   00                                                                                      nop

off_19B8:
19B8:   06004400                                                                                if                      0, off_1A00
19BC:   21062700                                                                                ck                      6, 39, 0
19C0:   600304BFBFBF9001580200000000                                                            kage_set                3, 4, 191, 191, 191, 144, 1, 88, 2, 0, 0, 0, 0
19CE:   2E0304                                                                                  work_set                WK_ENEMY, 4
19D1:   00                                                                                      nop
19D2:   06002800                                                                                if                      0, off_19FE
19D6:   3E0009040200                                                                            member_cmp              0, 9, 4, 2, 0
19DC:   34074610                                                                                member_set              7, 70, 16
19E0:   34020100                                                                                member_set              2, 1, 0
19E4:   34030D00                                                                                member_set              3, 13, 0
19E8:   34040000                                                                                member_set              4, 0, 0
19EC:   34050000                                                                                member_set              5, 0, 0
19F0:   3200F5D3000057FB                                                                        pos_set                 0, -11275, 0, -1193
19F8:   340F9D08                                                                                member_set              15, 157, 8
19FC:   08                                                                                      endif
19FD:   00                                                                                      nop

off_19FE:
19FE:   08                                                                                      endif
19FF:   00                                                                                      nop

off_1A00:
1A00:   06004400                                                                                if                      0, off_1A48
1A04:   21062800                                                                                ck                      6, 40, 0
1A08:   600305BFBFBF9001580200000000                                                            kage_set                3, 5, 191, 191, 191, 144, 1, 88, 2, 0, 0, 0, 0
1A16:   2E0305                                                                                  work_set                WK_ENEMY, 5
1A19:   00                                                                                      nop
1A1A:   06002800                                                                                if                      0, off_1A46
1A1E:   3E0009040200                                                                            member_cmp              0, 9, 4, 2, 0
1A24:   34074610                                                                                member_set              7, 70, 16
1A28:   34020100                                                                                member_set              2, 1, 0
1A2C:   34030D00                                                                                member_set              3, 13, 0
1A30:   34040000                                                                                member_set              4, 0, 0
1A34:   34050000                                                                                member_set              5, 0, 0
1A38:   3200E0E50000BAF4                                                                        pos_set                 0, -6688, 0, -2886
1A40:   340F1FFA                                                                                member_set              15, 31, 250
1A44:   08                                                                                      endif
1A45:   00                                                                                      nop

off_1A46:
1A46:   08                                                                                      endif
1A47:   00                                                                                      nop

off_1A48:
1A48:   0100                                                                                    evt_end                 0
1A4A:   0800                                                                                    db                      0x08, 0x00
