.version 2

.init
.proc init
0BB2:   3B00013100003F627090DA0CD606B22F000085D16004000500000A0000000000                        door_aot_se             ID_AOT_0, SCE_DOOR, SAT_PL | SAT_MANUAL | SAT_FRONT, 0, 0, 25151, -28560, 3290, 1750, 12210, 0, -11899, 1120, 0, 5, 0, 0, 10, 0, 0, 0, UNLOCKED, 0
0BD2:   2C01034200002DA1D2916842CC29000000000000                                                aot_set                 ID_AOT_1, SCE_NORMAL, SAT_EM | SAT_UNDER, 0, 0, -24275, -28206, 17000, 10700, 0, 0, 0, 0, 0, 0
0BE6:   2C020342000073E2C1911E23942A000000000000                                                aot_set                 ID_AOT_2, SCE_NORMAL, SAT_EM | SAT_UNDER, 0, 0, -7565, -28223, 8990, 10900, 0, 0, 0, 0, 0, 0
0BFA:   2C0303420000E7044E910820302A000000000000                                                aot_set                 ID_AOT_3, SCE_NORMAL, SAT_EM | SAT_UNDER, 0, 0, 1255, -28338, 8200, 10800, 0, 0, 0, 0, 0, 0
0C0E:   2C04034200005F234E911C3E302A000000000000                                                aot_set                 ID_AOT_4, SCE_NORMAL, SAT_EM | SAT_UNDER, 0, 0, 9055, -28338, 15900, 10800, 0, 0, 0, 0, 0, 0
0C22:   2C050B4100002CA97BAB08070807000000000000                                                aot_set                 ID_AOT_5, SCE_DAMAGE, SAT_PL | SAT_UNDER, 0, 0, -22228, -21637, 1800, 1800, 0, 0, 0, 0, 0, 0
0C36:   2C060B410000C0AA889F08070807000000000000                                                aot_set                 ID_AOT_6, SCE_DAMAGE, SAT_PL | SAT_UNDER, 0, 0, -21824, -24696, 1800, 1800, 0, 0, 0, 0, 0, 0
0C4A:   2C070B410000BCA53AB108070807000000000000                                                aot_set                 ID_AOT_7, SCE_DAMAGE, SAT_PL | SAT_UNDER, 0, 0, -23108, -20166, 1800, 1800, 0, 0, 0, 0, 0, 0
0C5E:   2C080B410000FBA986A708070807000000000000                                                aot_set                 ID_AOT_8, SCE_DAMAGE, SAT_PL | SAT_UNDER, 0, 0, -22021, -22650, 1800, 1800, 0, 0, 0, 0, 0, 0
0C72:   2C090B410000C0AA849908070807000000000000                                                aot_set                 ID_AOT_9, SCE_DAMAGE, SAT_PL | SAT_UNDER, 0, 0, -21824, -26236, 1800, 1800, 0, 0, 0, 0, 0, 0
0C86:   2C0A0B410000C0AAACA308070807000000000000                                                aot_set                 ID_AOT_10, SCE_DAMAGE, SAT_PL | SAT_UNDER, 0, 0, -21824, -23636, 1800, 1800, 0, 0, 0, 0, 0, 0
0C9A:   2C0B0B410000DFA9ACA308070807000000000000                                                aot_set                 ID_AOT_11, SCE_DAMAGE, SAT_PL | SAT_UNDER, 0, 0, -22049, -23636, 1800, 1800, 0, 0, 0, 0, 0, 0
0CAE:   06008E00                                                                                if                      0, off_0D40
0CB2:   23001A000000                                                                            cmp                     0, V_CUT, CMP_EQ, 0
0CB8:   4400001F06100001002B05A600006AB0F50000000000                                            sce_em_set              0, ID_EM_0, ENEMY_ZOMBIE_RANDOM, 6, AI_10, 0, SBK_1, 0, 43, -23035, 0, -20374, 245, 0, 0
0CCE:   4400011F06100002002C909D000013A2900F00000000                                            sce_em_set              0, ID_EM_1, ENEMY_ZOMBIE_RANDOM, 6, AI_10, 0, SBK_2, 0, 44, -25200, 0, -24045, 3984, 0, 0
0CE4:   4400021F06900001002D483700009CA4910E00000000                                            sce_em_set              0, ID_EM_2, ENEMY_ZOMBIE_RANDOM, 6, AI_10 | AI_INACTIVE, 0, SBK_1, 0, 45, 14152, 0, -23396, 3729, 0, 0
0CFA:   4400031F06900002002E47E1000097B3190600000000                                            sce_em_set              0, ID_EM_3, ENEMY_ZOMBIE_RANDOM, 6, AI_10 | AI_INACTIVE, 0, SBK_2, 0, 46, -7865, 0, -19561, 1561, 0, 0
0D10:   4400041F06900001002F9E140000F9A5610600000000                                            sce_em_set              0, ID_EM_4, ENEMY_ZOMBIE_RANDOM, 6, AI_10 | AI_INACTIVE, 0, SBK_1, 0, 47, 5278, 0, -23047, 1633, 0, 0
0D26:   4400051F861000020030E89B000060AA210100000000                                            sce_em_set              0, ID_EM_5, ENEMY_ZOMBIE_RANDOM, 134, AI_10, 0, SBK_2, 0, 48, -25624, 0, -21920, 289, 0, 0
0D3C:   07008A00                                                                                else                    0, off_0DC6

off_0D40:
0D40:   4400001F06100001002B66500000D3B3410200000000                                            sce_em_set              0, ID_EM_0, ENEMY_ZOMBIE_RANDOM, 6, AI_10, 0, SBK_1, 0, 43, 20582, 0, -19501, 577, 0, 0
0D56:   4400011F06100002002C8E620000D2B0150400000000                                            sce_em_set              0, ID_EM_1, ENEMY_ZOMBIE_RANDOM, 6, AI_10, 0, SBK_2, 0, 44, 25230, 0, -20270, 1045, 0, 0
0D6C:   4400021F00100001002DCCF4000090AB750000000000                                            sce_em_set              0, ID_EM_2, ENEMY_ZOMBIE_RANDOM, 0, AI_10, 0, SBK_1, 0, 45, -2868, 0, -21616, 117, 0, 0
0D82:   4400031F00100002002E94DD00002FA7790000000000                                            sce_em_set              0, ID_EM_3, ENEMY_ZOMBIE_RANDOM, 0, AI_10, 0, SBK_2, 0, 46, -8812, 0, -22737, 121, 0, 0
0D98:   4400041F00100001002FAB2C000003A6290E00000000                                            sce_em_set              0, ID_EM_4, ENEMY_ZOMBIE_RANDOM, 0, AI_10, 0, SBK_1, 0, 47, 11435, 0, -23037, 3625, 0, 0
0DAE:   4400051F801000020030CDD3000099AC4D0000000000                                            sce_em_set              0, ID_EM_5, ENEMY_ZOMBIE_RANDOM, 128, AI_10, 0, SBK_2, 0, 48, -11315, 0, -21351, 77, 0, 0
0DC4:   00                                                                                      nop
0DC5:   00                                                                                      nop

off_0DC6:
0DC6:   0100                                                                                    evt_end                 0

.main
.proc main
0DDC:   22050001                                                                                set                     FG_ROOM, 0, 1
0DE0:   04FF1803                                                                                evt_exec                255, I_GOSUB, main_03
0DE4:   06000C00                                                                                if                      0, off_0DF4
0DE8:   23001A000000                                                                            cmp                     0, V_CUT, CMP_EQ, 0
0DEE:   04FF1802                                                                                evt_exec                255, I_GOSUB, main_02
0DF2:   08                                                                                      endif
0DF3:   00                                                                                      nop

off_0DF4:
0DF4:   0100                                                                                    evt_end                 0

.proc aot
0DF6:   131A9C00                                                                                switch                  26, off_0E96
0DFA:   140000000000                                                                            case                    0, off_0E00, 0

off_0E00:
0E00:   14003A000100                                                                            case                    0, off_0E40, 1
0E06:   06000E00                                                                                if                      0, off_0E18
0E0A:   21050400                                                                                ck                      FG_ROOM, 4, 0
0E0E:   22050401                                                                                set                     FG_ROOM, 4, 1
0E12:   040A1808                                                                                evt_exec                10, I_GOSUB, main_08
0E16:   08                                                                                      endif
0E17:   00                                                                                      nop

off_0E18:
0E18:   06001000                                                                                if                      0, off_0E2C
0E1C:   21050000                                                                                ck                      FG_ROOM, 0, 0
0E20:   22050001                                                                                set                     FG_ROOM, 0, 1
0E24:   22050200                                                                                set                     FG_ROOM, 2, 0
0E28:   1804                                                                                    gosub                   main_04
0E2A:   08                                                                                      endif
0E2B:   00                                                                                      nop

off_0E2C:
0E2C:   06000E00                                                                                if                      0, off_0E3E
0E30:   21050500                                                                                ck                      FG_ROOM, 5, 0
0E34:   22050501                                                                                set                     FG_ROOM, 5, 1
0E38:   040A1809                                                                                evt_exec                10, I_GOSUB, main_09
0E3C:   08                                                                                      endif
0E3D:   00                                                                                      nop

off_0E3E:
0E3E:   1A00                                                                                    break                   0

off_0E40:
0E40:   140016000200                                                                            case                    0, off_0E5C, 2
0E46:   06001000                                                                                if                      0, off_0E5A
0E4A:   21050100                                                                                ck                      FG_ROOM, 1, 0
0E4E:   22050101                                                                                set                     FG_ROOM, 1, 1
0E52:   22050300                                                                                set                     FG_ROOM, 3, 0
0E56:   1805                                                                                    gosub                   main_05
0E58:   08                                                                                      endif
0E59:   00                                                                                      nop

off_0E5A:
0E5A:   1A00                                                                                    break                   0

off_0E5C:
0E5C:   140016000300                                                                            case                    0, off_0E78, 3
0E62:   06001000                                                                                if                      0, off_0E76
0E66:   21050200                                                                                ck                      FG_ROOM, 2, 0
0E6A:   22050201                                                                                set                     FG_ROOM, 2, 1
0E6E:   22050000                                                                                set                     FG_ROOM, 0, 0
0E72:   1806                                                                                    gosub                   main_06
0E74:   08                                                                                      endif
0E75:   00                                                                                      nop

off_0E76:
0E76:   1A00                                                                                    break                   0

off_0E78:
0E78:   140016000400                                                                            case                    0, off_0E94, 4
0E7E:   06001000                                                                                if                      0, off_0E92
0E82:   21050300                                                                                ck                      FG_ROOM, 3, 0
0E86:   22050301                                                                                set                     FG_ROOM, 3, 1
0E8A:   22050100                                                                                set                     FG_ROOM, 1, 0
0E8E:   1807                                                                                    gosub                   main_07
0E90:   08                                                                                      endif
0E91:   00                                                                                      nop

off_0E92:
0E92:   1A00                                                                                    break                   0

off_0E94:
0E94:   1600                                                                                    eswitch                 0

off_0E96:
0E96:   0100                                                                                    evt_end                 0

.proc main_02
0E98:   11000A00                                                                                do                      0, off_0EA6
0E9C:   02                                                                                      evt_next
0E9D:   00                                                                                      nop
0E9E:   1206                                                                                    edwhile                 off_0EA6
0EA0:   23001A050100                                                                            cmp                     0, V_CUT, CMP_NE, 1

off_0EA6:
0EA6:   2E0303                                                                                  work_set                WK_ENEMY, ID_EM_3
0EA9:   00                                                                                      nop
0EAA:   3D1007                                                                                  member_copy             V_TEMP, M_TYPE
0EAD:   00                                                                                      nop
0EAE:   26000610FF7F                                                                            calc                    0, OP_AND, V_TEMP, 32767
0EB4:   350710                                                                                  member_set2             M_TYPE, V_TEMP
0EB7:   00                                                                                      nop
0EB8:   11000A00                                                                                do                      0, off_0EC6
0EBC:   02                                                                                      evt_next
0EBD:   00                                                                                      nop
0EBE:   1206                                                                                    edwhile                 off_0EC6
0EC0:   23001A050300                                                                            cmp                     0, V_CUT, CMP_NE, 3

off_0EC6:
0EC6:   2E0304                                                                                  work_set                WK_ENEMY, ID_EM_4
0EC9:   00                                                                                      nop
0ECA:   3D1007                                                                                  member_copy             V_TEMP, M_TYPE
0ECD:   00                                                                                      nop
0ECE:   26000610FF7F                                                                            calc                    0, OP_AND, V_TEMP, 32767
0ED4:   350710                                                                                  member_set2             M_TYPE, V_TEMP
0ED7:   00                                                                                      nop
0ED8:   11000A00                                                                                do                      0, off_0EE6
0EDC:   02                                                                                      evt_next
0EDD:   00                                                                                      nop
0EDE:   1206                                                                                    edwhile                 off_0EE6
0EE0:   23001A050400                                                                            cmp                     0, V_CUT, CMP_NE, 4

off_0EE6:
0EE6:   2E0302                                                                                  work_set                WK_ENEMY, ID_EM_2
0EE9:   00                                                                                      nop
0EEA:   3D1007                                                                                  member_copy             V_TEMP, M_TYPE
0EED:   00                                                                                      nop
0EEE:   26000610FF7F                                                                            calc                    0, OP_AND, V_TEMP, 32767
0EF4:   350710                                                                                  member_set2             M_TYPE, V_TEMP
0EF7:   00                                                                                      nop
0EF8:   0100                                                                                    evt_end                 0

.proc main_03

off_0EFA:
0EFA:   131A8E00                                                                                switch                  26, off_0F8C
0EFE:   14000E000000                                                                            case                    0, off_0F12, 0
0F04:   51000001783B                                                                            sce_bgm_control         BGM_CHANNEL_MAIN, BGM_OP_NOP, BGM_TYPE_PROG0_VOL, 120, 59
0F0A:   510000024741                                                                            sce_bgm_control         BGM_CHANNEL_MAIN, BGM_OP_NOP, BGM_TYPE_PROG1_VOL, 71, 65
0F10:   1A00                                                                                    break                   0

off_0F12:
0F12:   14000E000100                                                                            case                    0, off_0F26, 1
0F18:   510000016519                                                                            sce_bgm_control         BGM_CHANNEL_MAIN, BGM_OP_NOP, BGM_TYPE_PROG0_VOL, 101, 25
0F1E:   510000024741                                                                            sce_bgm_control         BGM_CHANNEL_MAIN, BGM_OP_NOP, BGM_TYPE_PROG1_VOL, 71, 65
0F24:   1A00                                                                                    break                   0

off_0F26:
0F26:   14000E000200                                                                            case                    0, off_0F3A, 2
0F2C:   510000013D01                                                                            sce_bgm_control         BGM_CHANNEL_MAIN, BGM_OP_NOP, BGM_TYPE_PROG0_VOL, 61, 1
0F32:   510000024741                                                                            sce_bgm_control         BGM_CHANNEL_MAIN, BGM_OP_NOP, BGM_TYPE_PROG1_VOL, 71, 65
0F38:   1A00                                                                                    break                   0

off_0F3A:
0F3A:   14000E000300                                                                            case                    0, off_0F4E, 3
0F40:   510000011F01                                                                            sce_bgm_control         BGM_CHANNEL_MAIN, BGM_OP_NOP, BGM_TYPE_PROG0_VOL, 31, 1
0F46:   510000024741                                                                            sce_bgm_control         BGM_CHANNEL_MAIN, BGM_OP_NOP, BGM_TYPE_PROG1_VOL, 71, 65
0F4C:   1A00                                                                                    break                   0

off_0F4E:
0F4E:   14000E000400                                                                            case                    0, off_0F62, 4
0F54:   510000010141                                                                            sce_bgm_control         BGM_CHANNEL_MAIN, BGM_OP_NOP, BGM_TYPE_PROG0_VOL, 1, 65
0F5A:   510000024741                                                                            sce_bgm_control         BGM_CHANNEL_MAIN, BGM_OP_NOP, BGM_TYPE_PROG1_VOL, 71, 65
0F60:   1A00                                                                                    break                   0

off_0F62:
0F62:   14000E000500                                                                            case                    0, off_0F76, 5
0F68:   510000010141                                                                            sce_bgm_control         BGM_CHANNEL_MAIN, BGM_OP_NOP, BGM_TYPE_PROG0_VOL, 1, 65
0F6E:   510000023341                                                                            sce_bgm_control         BGM_CHANNEL_MAIN, BGM_OP_NOP, BGM_TYPE_PROG1_VOL, 51, 65
0F74:   1A00                                                                                    break                   0

off_0F76:
0F76:   14000E000600                                                                            case                    0, off_0F8A, 6
0F7C:   510000010141                                                                            sce_bgm_control         BGM_CHANNEL_MAIN, BGM_OP_NOP, BGM_TYPE_PROG0_VOL, 1, 65
0F82:   510000022941                                                                            sce_bgm_control         BGM_CHANNEL_MAIN, BGM_OP_NOP, BGM_TYPE_PROG1_VOL, 41, 65
0F88:   1A00                                                                                    break                   0

off_0F8A:
0F8A:   1600                                                                                    eswitch                 0

off_0F8C:
0F8C:   11000800                                                                                do                      0, off_0F98
0F90:   02                                                                                      evt_next
0F91:   00                                                                                      nop
0F92:   1204                                                                                    edwhile                 off_0F98
0F94:   21010B00                                                                                ck                      FG_STATUS, 11, 0

off_0F98:
0F98:   17FFFF0062FF                                                                            goto                    255, 255, 0, off_0EFA
0F9E:   0100                                                                                    evt_end                 0

.proc main_04
0FA0:   2E0302                                                                                  work_set                WK_ENEMY, ID_EM_2
0FA3:   00                                                                                      nop
0FA4:   06002E00                                                                                if                      0, off_0FD6
0FA8:   21062D00                                                                                ck                      FG_ENEMY, 45, 0
0FAC:   06002400                                                                                if                      0, off_0FD4
0FB0:   3E0009020300                                                                            member_cmp              0, 9, 2, 3, 0
0FB6:   34070610                                                                                member_set              M_TYPE, 4102
0FBA:   34020100                                                                                member_set              M_ROUTINE0, 1
0FBE:   34030D00                                                                                member_set              M_ROUTINE1, 13
0FC2:   34040000                                                                                member_set              M_ROUTINE2, 0
0FC6:   34050000                                                                                member_set              M_ROUTINE3, 0
0FCA:   32007904000056AA                                                                        pos_set                 0, 1145, 0, -21930
0FD2:   08                                                                                      endif
0FD3:   00                                                                                      nop

off_0FD4:
0FD4:   08                                                                                      endif
0FD5:   00                                                                                      nop

off_0FD6:
0FD6:   2E0303                                                                                  work_set                WK_ENEMY, ID_EM_3
0FD9:   00                                                                                      nop
0FDA:   06002E00                                                                                if                      0, off_100C
0FDE:   21062E00                                                                                ck                      FG_ENEMY, 46, 0
0FE2:   06002400                                                                                if                      0, off_100A
0FE6:   3E0009020300                                                                            member_cmp              0, 9, 2, 3, 0
0FEC:   34070610                                                                                member_set              M_TYPE, 4102
0FF0:   34020100                                                                                member_set              M_ROUTINE0, 1
0FF4:   34030D00                                                                                member_set              M_ROUTINE1, 13
0FF8:   34040000                                                                                member_set              M_ROUTINE2, 0
0FFC:   34050000                                                                                member_set              M_ROUTINE3, 0
1000:   3200FC130000E3A7                                                                        pos_set                 0, 5116, 0, -22557
1008:   08                                                                                      endif
1009:   00                                                                                      nop

off_100A:
100A:   08                                                                                      endif
100B:   00                                                                                      nop

off_100C:
100C:   0100                                                                                    evt_end                 0

.proc main_05
100E:   2E0300                                                                                  work_set                WK_ENEMY, ID_EM_0
1011:   00                                                                                      nop
1012:   06002E00                                                                                if                      0, off_1044
1016:   21062B00                                                                                ck                      FG_ENEMY, 43, 0
101A:   06002400                                                                                if                      0, off_1042
101E:   3E0009020400                                                                            member_cmp              0, 9, 2, 4, 0
1024:   34070610                                                                                member_set              M_TYPE, 4102
1028:   34020100                                                                                member_set              M_ROUTINE0, 1
102C:   34030D00                                                                                member_set              M_ROUTINE1, 13
1030:   34040000                                                                                member_set              M_ROUTINE2, 0
1034:   34050000                                                                                member_set              M_ROUTINE3, 0
1038:   32003DBD00001DB1                                                                        pos_set                 0, -17091, 0, -20195
1040:   08                                                                                      endif
1041:   00                                                                                      nop

off_1042:
1042:   08                                                                                      endif
1043:   00                                                                                      nop

off_1044:
1044:   2E0301                                                                                  work_set                WK_ENEMY, ID_EM_1
1047:   00                                                                                      nop
1048:   06003200                                                                                if                      0, off_107E
104C:   21062C00                                                                                ck                      FG_ENEMY, 44, 0
1050:   06002800                                                                                if                      0, off_107C
1054:   3E0009020400                                                                            member_cmp              0, 9, 2, 4, 0
105A:   34070610                                                                                member_set              M_TYPE, 4102
105E:   34020100                                                                                member_set              M_ROUTINE0, 1
1062:   34030D00                                                                                member_set              M_ROUTINE1, 13
1066:   34040000                                                                                member_set              M_ROUTINE2, 0
106A:   34050000                                                                                member_set              M_ROUTINE3, 0
106E:   340F4B0F                                                                                member_set              M_Y_DIR, 3915
1072:   3200C5C300000DA4                                                                        pos_set                 0, -15419, 0, -23539
107A:   08                                                                                      endif
107B:   00                                                                                      nop

off_107C:
107C:   08                                                                                      endif
107D:   00                                                                                      nop

off_107E:
107E:   0100                                                                                    evt_end                 0

.proc main_06
1080:   2E0302                                                                                  work_set                WK_ENEMY, ID_EM_2
1083:   00                                                                                      nop
1084:   06002E00                                                                                if                      0, off_10B6
1088:   21062D00                                                                                ck                      FG_ENEMY, 45, 0
108C:   06002400                                                                                if                      0, off_10B4
1090:   3E0009000100                                                                            member_cmp              0, 9, 0, 1, 0
1096:   34070610                                                                                member_set              M_TYPE, 4102
109A:   34020100                                                                                member_set              M_ROUTINE0, 1
109E:   34030D00                                                                                member_set              M_ROUTINE1, 13
10A2:   34040000                                                                                member_set              M_ROUTINE2, 0
10A6:   34050000                                                                                member_set              M_ROUTINE3, 0
10AA:   32004DE40000D2B5                                                                        pos_set                 0, -7091, 0, -18990
10B2:   08                                                                                      endif
10B3:   00                                                                                      nop

off_10B4:
10B4:   08                                                                                      endif
10B5:   00                                                                                      nop

off_10B6:
10B6:   2E0303                                                                                  work_set                WK_ENEMY, ID_EM_3
10B9:   00                                                                                      nop
10BA:   06003200                                                                                if                      0, off_10F0
10BE:   21062E00                                                                                ck                      FG_ENEMY, 46, 0
10C2:   06002800                                                                                if                      0, off_10EE
10C6:   3E0009000100                                                                            member_cmp              0, 9, 0, 1, 0
10CC:   34070610                                                                                member_set              M_TYPE, 4102
10D0:   34020100                                                                                member_set              M_ROUTINE0, 1
10D4:   34030D00                                                                                member_set              M_ROUTINE1, 13
10D8:   34040000                                                                                member_set              M_ROUTINE2, 0
10DC:   34050000                                                                                member_set              M_ROUTINE3, 0
10E0:   340FDE0E                                                                                member_set              M_Y_DIR, 3806
10E4:   320084E100009DA2                                                                        pos_set                 0, -7804, 0, -23907
10EC:   08                                                                                      endif
10ED:   00                                                                                      nop

off_10EE:
10EE:   08                                                                                      endif
10EF:   00                                                                                      nop

off_10F0:
10F0:   2E0300                                                                                  work_set                WK_ENEMY, ID_EM_0
10F3:   00                                                                                      nop
10F4:   06003200                                                                                if                      0, off_112A
10F8:   21062B00                                                                                ck                      FG_ENEMY, 43, 0
10FC:   06002800                                                                                if                      0, off_1128
1100:   3E0009000100                                                                            member_cmp              0, 9, 0, 1, 0
1106:   34070610                                                                                member_set              M_TYPE, 4102
110A:   34020100                                                                                member_set              M_ROUTINE0, 1
110E:   34030D00                                                                                member_set              M_ROUTINE1, 13
1112:   34040000                                                                                member_set              M_ROUTINE2, 0
1116:   34050000                                                                                member_set              M_ROUTINE3, 0
111A:   340F3104                                                                                member_set              M_Y_DIR, 1073
111E:   32003DBD00001DB1                                                                        pos_set                 0, -17091, 0, -20195
1126:   08                                                                                      endif
1127:   00                                                                                      nop

off_1128:
1128:   08                                                                                      endif
1129:   00                                                                                      nop

off_112A:
112A:   2E0301                                                                                  work_set                WK_ENEMY, ID_EM_1
112D:   00                                                                                      nop
112E:   06004A00                                                                                if                      0, off_117C
1132:   21062C00                                                                                ck                      FG_ENEMY, 44, 0
1136:   06004000                                                                                if                      0, off_117A
113A:   3E0009000100                                                                            member_cmp              0, 9, 0, 1, 0
1140:   34070610                                                                                member_set              M_TYPE, 4102
1144:   34020100                                                                                member_set              M_ROUTINE0, 1
1148:   34030D00                                                                                member_set              M_ROUTINE1, 13
114C:   34040000                                                                                member_set              M_ROUTINE2, 0
1150:   34050000                                                                                member_set              M_ROUTINE3, 0
1154:   06001200                                                                                if                      0, off_116A
1158:   3E001D060100                                                                            member_cmp              0, 29, 6, 1, 0
115E:   3200EF600000C6B5                                                                        pos_set                 0, 24815, 0, -19002
1166:   07001200                                                                                else                    0, off_1178

off_116A:
116A:   340F3B07                                                                                member_set              M_Y_DIR, 1851
116E:   32006F6500009BAF                                                                        pos_set                 0, 25967, 0, -20581
1176:   00                                                                                      nop
1177:   00                                                                                      nop

off_1178:
1178:   08                                                                                      endif
1179:   00                                                                                      nop

off_117A:
117A:   08                                                                                      endif
117B:   00                                                                                      nop

off_117C:
117C:   0100                                                                                    evt_end                 0

.proc main_07
117E:   2E0300                                                                                  work_set                WK_ENEMY, ID_EM_0
1181:   00                                                                                      nop
1182:   06002E00                                                                                if                      0, off_11B4
1186:   21062B00                                                                                ck                      FG_ENEMY, 43, 0
118A:   06002400                                                                                if                      0, off_11B2
118E:   3E0009040200                                                                            member_cmp              0, 9, 4, 2, 0
1194:   34070610                                                                                member_set              M_TYPE, 4102
1198:   34020100                                                                                member_set              M_ROUTINE0, 1
119C:   34030D00                                                                                member_set              M_ROUTINE1, 13
11A0:   34040000                                                                                member_set              M_ROUTINE2, 0
11A4:   34050000                                                                                member_set              M_ROUTINE3, 0
11A8:   32005A03000069AD                                                                        pos_set                 0, 858, 0, -21143
11B0:   08                                                                                      endif
11B1:   00                                                                                      nop

off_11B2:
11B2:   08                                                                                      endif
11B3:   00                                                                                      nop

off_11B4:
11B4:   2E0301                                                                                  work_set                WK_ENEMY, ID_EM_1
11B7:   00                                                                                      nop
11B8:   06002E00                                                                                if                      0, off_11EA
11BC:   21062C00                                                                                ck                      FG_ENEMY, 44, 0
11C0:   06002400                                                                                if                      0, off_11E8
11C4:   3E0009040200                                                                            member_cmp              0, 9, 4, 2, 0
11CA:   34070610                                                                                member_set              M_TYPE, 4102
11CE:   34020100                                                                                member_set              M_ROUTINE0, 1
11D2:   34030D00                                                                                member_set              M_ROUTINE1, 13
11D6:   34040000                                                                                member_set              M_ROUTINE2, 0
11DA:   34050000                                                                                member_set              M_ROUTINE3, 0
11DE:   3200F0FD00009BA3                                                                        pos_set                 0, -528, 0, -23653
11E6:   08                                                                                      endif
11E7:   00                                                                                      nop

off_11E8:
11E8:   08                                                                                      endif
11E9:   00                                                                                      nop

off_11EA:
11EA:   0100                                                                                    evt_end                 0

.proc main_08
11EC:   6B00B036                                                                                light_kido_set          0, 14000
11F0:   0D0016000300                                                                            for                     0, off_120C, 3
11F6:   02                                                                                      evt_next
11F7:   00                                                                                      nop
11F8:   06000E00                                                                                if                      0, off_120A
11FC:   23001A000300                                                                            cmp                     0, V_CUT, CMP_EQ, 3
1202:   17FFFF004200                                                                            goto                    255, 255, 0, off_1244
1208:   08                                                                                      endif
1209:   00                                                                                      nop

off_120A:
120A:   0E00                                                                                    next                    0

off_120C:
120C:   6B001027                                                                                light_kido_set          0, 10000
1210:   02                                                                                      evt_next
1211:   00                                                                                      nop
1212:   06000E00                                                                                if                      0, off_1224
1216:   23001A000300                                                                            cmp                     0, V_CUT, CMP_EQ, 3
121C:   17FFFF002800                                                                            goto                    255, 255, 0, off_1244
1222:   08                                                                                      endif
1223:   00                                                                                      nop

off_1224:
1224:   6B00803E                                                                                light_kido_set          0, 16000
1228:   0D0016000200                                                                            for                     0, off_1244, 2
122E:   02                                                                                      evt_next
122F:   00                                                                                      nop
1230:   06000E00                                                                                if                      0, off_1242
1234:   23001A000300                                                                            cmp                     0, V_CUT, CMP_EQ, 3
123A:   17FFFF000A00                                                                            goto                    255, 255, 0, off_1244
1240:   08                                                                                      endif
1241:   00                                                                                      nop

off_1242:
1242:   0E00                                                                                    next                    0

off_1244:
1244:   22050400                                                                                set                     FG_ROOM, 4, 0
1248:   0100                                                                                    evt_end                 0

.proc main_09
124A:   3A000E000000002ED4A600006FAD0000                                                        sce_espr_on             0, 14, 0, 11776, -22828, 0, -21137, 0
125A:   3A000E000000003488AB00000CA300FE                                                        sce_espr_on             0, 14, 0, 13312, -21624, 0, -23796, -512
126A:   3A000E000000003284A60000BEB400FE                                                        sce_espr_on             0, 14, 0, 12800, -22908, 0, -19266, -512
127A:   3A000E000000002E5FAA00000AAB0000                                                        sce_espr_on             0, 14, 0, 11776, -21921, 0, -21750, 0
128A:   3A000E000000003403A4E0FC089D0000                                                        sce_espr_on             0, 14, 0, 13312, -23549, -800, -25336, 0
129A:   3A000E0000000030D79AE8EA6AAF0000                                                        sce_espr_on             0, 14, 0, 12288, -25897, -5400, -20630, 0
12AA:   3A000E000000003C0D9E4CEB5FA800FE                                                        sce_espr_on             0, 14, 0, 15360, -25075, -5300, -22433, -512
12BA:   3A000D0000000024888810DC1ABC0000                                                        sce_espr_on             0, 13, 0, 9216, -30584, -9200, -17382, 0
12CA:   3A0004120000003C888880DA1ABC0002                                                        sce_espr_on             0, 4612, 0, 15360, -30584, -9600, -17382, 512
12DA:   3A00041200000040EF9238FFDAB204FF                                                        sce_espr_on             0, 4612, 0, 16384, -27921, -200, -19750, -252
12EA:   3A000412000000421B979CFF9AA13801                                                        sce_espr_on             0, 4612, 0, 16896, -26853, -100, -24166, 312
12FA:   22050501                                                                                set                     FG_ROOM, 5, 1
12FE:   0100                                                                                    evt_end                 0
