.version 2

.init
.proc init
0ABE:   3B0001310000A5BDA2F7CE046009F8BB0000D1FD600700060100080100000000                        door_aot_se             ID_AOT_0, SCE_DOOR, SAT_PL | SAT_MANUAL | SAT_FRONT, 0, 0, -16987, -2142, 1230, 2400, -17416, 0, -559, 1888, 0, 6, 1, 0, 8, 1, 0, 0, UNLOCKED, 0
0ADE:   3B01013100009CF8CEC3B405360611ED0000D7F4E0F7000800000E0400000000                        door_aot_se             ID_AOT_1, SCE_DOOR, SAT_PL | SAT_MANUAL | SAT_FRONT, 0, 0, -1892, -15410, 1460, 1590, -4847, 0, -2857, -2080, 0, 8, 0, 0, 14, 4, 0, 0, UNLOCKED, 0
0AFE:   0600BA00                                                                                if                      0, off_0BBC
0B02:   21001900                                                                                ck                      FG_SYSTEM, F_DIFFICULT, 0
0B06:   06005000                                                                                if                      0, off_0B5A
0B0A:   23001A000000                                                                            cmp                     0, V_CUT, CMP_EQ, 0
0B10:   21040300                                                                                ck                      FG_COMMON, 3, 0
0B14:   4400001000000009000F97DD00008B10590E00000000                                            sce_em_set              0, ID_EM_0, ENEMY_ZOMBIE_COP, 0, AI_DEFAULT, 0, SBK_9, 0, 15, -8809, 0, 4235, 3673, 0, 0
0B2A:   44000110000000090010660500000BB7C90C00000000                                            sce_em_set              0, ID_EM_1, ENEMY_ZOMBIE_COP, 0, AI_DEFAULT, 0, SBK_9, 0, 16, 1382, 0, -18677, 3273, 0, 0
0B40:   4400021000000029001161F300001CFDEF0800000000                                            sce_em_set              0, ID_EM_2, ENEMY_ZOMBIE_COP, 0, AI_DEFAULT, 0, SBK_41, 0, 17, -3231, 0, -740, 2287, 0, 0
0B56:   07006200                                                                                else                    0, off_0BB8

off_0B5A:
0B5A:   22040301                                                                                set                     FG_COMMON, 3, 1
0B5E:   4400001F000000090012FCE000007C12AD0100000000                                            sce_em_set              0, ID_EM_0, ENEMY_ZOMBIE_RANDOM, 0, AI_DEFAULT, 0, SBK_9, 0, 18, -7940, 0, 4732, 429, 0, 0
0B74:   4400011F0000000900132906000010FB790300000000                                            sce_em_set              0, ID_EM_1, ENEMY_ZOMBIE_RANDOM, 0, AI_DEFAULT, 0, SBK_9, 0, 19, 1577, 0, -1264, 889, 0, 0
0B8A:   4400021F0000000900CF58110000D8D2990700000000                                            sce_em_set              0, ID_EM_2, ENEMY_ZOMBIE_RANDOM, 0, AI_DEFAULT, 0, SBK_9, 0, 207, 4440, 0, -11560, 1945, 0, 0
0BA0:   440003130000000B00D0070700008EC7F30200000000                                            sce_em_set              0, ID_EM_3, ENEMY_ZOMBIE_GIRL, 0, AI_DEFAULT, 0, SBK_11, 0, 208, 1799, 0, -14450, 755, 0, 0
0BB6:   00                                                                                      nop
0BB7:   00                                                                                      nop

off_0BB8:
0BB8:   07006E00                                                                                else                    0, off_0C26

off_0BBC:
0BBC:   06000C00                                                                                if                      0, off_0BCC
0BC0:   23001A050000                                                                            cmp                     0, V_CUT, CMP_NE, 0
0BC6:   22040301                                                                                set                     FG_COMMON, 3, 1
0BCA:   08                                                                                      endif
0BCB:   00                                                                                      nop

off_0BCC:
0BCC:   4400001F06000009001219DC0000F40EED0100000000                                            sce_em_set              0, ID_EM_0, ENEMY_ZOMBIE_RANDOM, 6, AI_DEFAULT, 0, SBK_9, 0, 18, -9191, 0, 3828, 493, 0, 0
0BE2:   4400011F00000009001311FE0000EEFC790A00000000                                            sce_em_set              0, ID_EM_1, ENEMY_ZOMBIE_RANDOM, 0, AI_DEFAULT, 0, SBK_9, 0, 19, -495, 0, -786, 2681, 0, 0
0BF8:   4400021F0600000900CFDE110000A8D3190800000000                                            sce_em_set              0, ID_EM_2, ENEMY_ZOMBIE_RANDOM, 6, AI_DEFAULT, 0, SBK_9, 0, 207, 4574, 0, -11352, 2073, 0, 0
0C0E:   440003130600000B00D0580A0000F9C8430400000000                                            sce_em_set              0, ID_EM_3, ENEMY_ZOMBIE_GIRL, 6, AI_DEFAULT, 0, SBK_11, 0, 208, 2648, 0, -14087, 1091, 0, 0
0C24:   00                                                                                      nop
0C25:   00                                                                                      nop

off_0C26:
0C26:   06003000                                                                                if                      0, off_0C5A
0C2A:   21040301                                                                                ck                      FG_COMMON, 3, 1
0C2E:   06001E00                                                                                if                      0, off_0C50
0C32:   21040000                                                                                ck                      FG_COMMON, 0, 0
0C36:   4B0006                                                                                  cut_replace             0, 6
0C39:   4B0107                                                                                  cut_replace             1, 7
0C3C:   06000C00                                                                                if                      0, off_0C4C
0C40:   23001A000000                                                                            cmp                     0, V_CUT, CMP_EQ, 0
0C46:   2906                                                                                    cut_chg                 6
0C48:   3C01                                                                                    cut_auto                1
0C4A:   08                                                                                      endif
0C4B:   00                                                                                      nop

off_0C4C:
0C4C:   07000C00                                                                                else                    0, off_0C58

off_0C50:
0C50:   510000010100                                                                            sce_bgm_control         BGM_CHANNEL_MAIN, BGM_OP_NOP, BGM_TYPE_PROG0_VOL, 1, 0
0C56:   00                                                                                      nop
0C57:   00                                                                                      nop

off_0C58:
0C58:   08                                                                                      endif
0C59:   00                                                                                      nop

off_0C5A:
0C5A:   510000024000                                                                            sce_bgm_control         BGM_CHANNEL_MAIN, BGM_OP_NOP, BGM_TYPE_PROG1_VOL, 64, 0
0C60:   510000034000                                                                            sce_bgm_control         BGM_CHANNEL_MAIN, BGM_OP_NOP, BGM_TYPE_PROG2_VOL, 64, 0
0C66:   0100                                                                                    evt_end                 0

.main
.proc main
0C6C:   0100                                                                                    evt_end                 0

.proc aot
0C6E:   0100                                                                                    evt_end                 0
