.version 2

.init
.proc init
19CA:   3B0001310000AFA2F5980807980877980000C09E000000090600000000000000                        door_aot_se             0, SCE_DOOR, SAT_PL | SAT_MANUAL | SAT_FRONT, 0, 0, -23889, -26379, 1800, 2200, -26505, 0, -24896, 0, 0, 9, 6, 0, 0, 0, 0, 0, UNLOCKED, 0
19EA:   3B0101310000019262A740069C130DC50000EDB83008000F0000058000000000                        door_aot_se             1, SCE_DOOR, SAT_PL | SAT_MANUAL | SAT_FRONT, 0, 0, -28159, -22686, 1600, 5020, -15091, 0, -18195, 2096, 0, 15, 0, 0, 5, 128, 0, 0, UNLOCKED, 0
1A0A:   3B020131000087C31CDBF00AEC0445B8000038CB0F04000B0000030100000000                        door_aot_se             2, SCE_DOOR, SAT_PL | SAT_MANUAL | SAT_FRONT, 0, 0, -15481, -9444, 2800, 1260, -18363, 0, -13512, 1039, 0, 11, 0, 0, 3, 1, 0, 0, UNLOCKED, 0
1A2A:   3B03013100003CAB9E2096059A06BAD9000071B1A1F7011B0000000000000000                        door_aot_se             3, SCE_DOOR, SAT_PL | SAT_MANUAL | SAT_FRONT, 0, 0, -21700, 8350, 1430, 1690, -9798, 0, -20111, -2143, 1, 27, 0, 0, 0, 0, 0, 0, UNLOCKED, 0
1A4A:   06009600                                                                                if                      0, off_1AE4
1A4E:   21010601                                                                                ck                      FG_GAME, F_BONUS, 1
1A52:   4400001F06000006004AF0A00000769A2B0B00000000                                            sce_em_set              0, 0, ENEMY_ZOMBIE_RANDOM, 6, 0, 0, 6, 0, 74, -24336, 0, -25994, 2859, 0, 0
1A68:   4400011F0000002B007BACA20000D1A6350C00000000                                            sce_em_set              0, 1, ENEMY_ZOMBIE_RANDOM, 0, 0, 0, 43, 0, 123, -23892, 0, -22831, 3125, 0, 0
1A7E:   4400021F00000006007CDD9C00000AA1B30B00000000                                            sce_em_set              0, 2, ENEMY_ZOMBIE_RANDOM, 0, 0, 0, 6, 0, 124, -25379, 0, -24310, 2995, 0, 0
1A94:   4400031F0600002B007DBD9A0000E69AF50B00000000                                            sce_em_set              0, 3, ENEMY_ZOMBIE_RANDOM, 6, 0, 0, 43, 0, 125, -25923, 0, -25882, 3061, 0, 0
1AAA:   4400041F00000006007ECBA20000B0B7970800000000                                            sce_em_set              0, 4, ENEMY_ZOMBIE_RANDOM, 0, 0, 0, 6, 0, 126, -23861, 0, -18512, 2199, 0, 0
1AC0:   4400051F0000002B007FF7A0000020D3000500000000                                            sce_em_set              0, 5, ENEMY_ZOMBIE_RANDOM, 0, 0, 0, 43, 0, 127, -24329, 0, -11488, 1280, 0, 0
1AD6:   460204310300000000FF                                                                    aot_reset               2, SCE_MESSAGE, SAT_PL | SAT_MANUAL | SAT_FRONT, 3, 0, 0, 0, 0, 255
1AE0:   0100                                                                                    evt_end                 0
1AE2:   08                                                                                      endif
1AE3:   00                                                                                      nop

off_1AE4:
1AE4:   0600FE00                                                                                if                      0, off_1BE6
1AE8:   21040000                                                                                ck                      FG_GENERAL_1, 0, 0
1AEC:   3A000D000000001E6EBF9CFFF3EC0002                                                        sce_espr_on             0, 13, 0, 7680, -16530, -100, -4877, 512
1AFC:   3A000E000000002816BC9CFF6EE70000                                                        sce_espr_on             0, 14, 0, 10240, -17386, -100, -6290, 0
1B0C:   3A000D000000002823BF9CFF36E3000E                                                        sce_espr_on             0, 13, 0, 10240, -16605, -100, -7370, 3584
1B1C:   3A000E00000000249DBCD4FE79E91400                                                        sce_espr_on             0, 14, 0, 9216, -17251, -300, -5767, 20
1B2C:   3A000D000000002221BC0CFE76EE0000                                                        sce_espr_on             0, 13, 0, 8704, -17375, -500, -4490, 0
1B3C:   3A000D000000002E4BC338FF32E1000E                                                        sce_espr_on             0, 13, 0, 11776, -15541, -200, -7886, 3584
1B4C:   3A000E0000000028EDCA9CFF76E20002                                                        sce_espr_on             0, 14, 0, 10240, -13587, -100, -7562, 512
1B5C:   3A000D000000002EE2BB0000EAED0000                                                        sce_espr_on             0, 13, 0, 11776, -17438, 0, -4630, 0
1B6C:   3A000E000000001E62C1E0FC84EA0000                                                        sce_espr_on             0, 14, 0, 7680, -16030, -800, -5500, 0
1B7C:   06003400                                                                                if                      0, off_1BB4
1B80:   21010100                                                                                ck                      FG_GAME, F_SCENARIO, 0
1B84:   4400001006000005004C60A20000EBCFE30400000000                                            sce_em_set              0, 0, ENEMY_ZOMBIE_COP, 6, 0, 0, 5, 0, 76, -23968, 0, -12309, 1251, 0, 0
1B9A:   4400011080000006004D7DAB000069ED080700000000                                            sce_em_set              0, 1, ENEMY_ZOMBIE_COP, 128, 0, 0, 6, 0, 77, -21635, 0, -4759, 1800, 0, 0
1BB0:   07003200                                                                                else                    0, off_1BE2

off_1BB4:
1BB4:   440000220101000E004C889648F490CF000400000000                                            sce_em_set              0, 0, ENEMY_LICKER_RED, 1, 1, 0, 14, 0, 76, -27000, -3000, -12400, 1024, 0, 0
1BCA:   440001220000000E004D48A70000A5E7080700000000                                            sce_em_set              0, 1, ENEMY_LICKER_RED, 0, 0, 0, 14, 0, 77, -22712, 0, -6235, 1800, 0, 0
1BE0:   00                                                                                      nop
1BE1:   00                                                                                      nop

off_1BE2:
1BE2:   07008A00                                                                                else                    0, off_1C6C

off_1BE6:
1BE6:   2C040431000050B06CEE9C09C4090100000000FF                                                aot_set                 4, SCE_MESSAGE, SAT_PL | SAT_MANUAL | SAT_FRONT, 0, 0, -20400, -4500, 2460, 2500, 1, 0, 0, 0, 0, 255
1BFA:   06006C00                                                                                if                      0, off_1C6A
1BFE:   21010000                                                                                ck                      FG_GAME, F_PLAYER, 0
1C02:   06003400                                                                                if                      0, off_1C3A
1C06:   21010100                                                                                ck                      FG_GAME, F_SCENARIO, 0
1C0A:   4400001006000005004C60A20000EBCFE30400000000                                            sce_em_set              0, 0, ENEMY_ZOMBIE_COP, 6, 0, 0, 5, 0, 76, -23968, 0, -12309, 1251, 0, 0
1C20:   4400011000000006004D7DAB000069ED080700000000                                            sce_em_set              0, 1, ENEMY_ZOMBIE_COP, 0, 0, 0, 6, 0, 77, -21635, 0, -4759, 1800, 0, 0
1C36:   07003200                                                                                else                    0, off_1C68

off_1C3A:
1C3A:   440000220101000E004C889648F490CF000400000000                                            sce_em_set              0, 0, ENEMY_LICKER_RED, 1, 1, 0, 14, 0, 76, -27000, -3000, -12400, 1024, 0, 0
1C50:   440001220000000E004D48A70000A5E7080700000000                                            sce_em_set              0, 1, ENEMY_LICKER_RED, 0, 0, 0, 14, 0, 77, -22712, 0, -6235, 1800, 0, 0
1C66:   00                                                                                      nop
1C67:   00                                                                                      nop

off_1C68:
1C68:   08                                                                                      endif
1C69:   00                                                                                      nop

off_1C6A:
1C6A:   00                                                                                      nop
1C6B:   00                                                                                      nop

off_1C6C:
1C6C:   0100                                                                                    evt_end                 0

.main
.proc main
1C84:   06001800                                                                                if                      0, off_1CA0
1C88:   21010601                                                                                ck                      FG_GAME, F_BONUS, 1
1C8C:   61000201                                                                                cut_be_set              0, 2, 1
1C90:   61010301                                                                                cut_be_set              1, 3, 1
1C94:   61040101                                                                                cut_be_set              4, 1, 1
1C98:   37060000                                                                                sca_id_set              6, 0, 0
1C9C:   0100                                                                                    evt_end                 0
1C9E:   08                                                                                      endif
1C9F:   00                                                                                      nop

off_1CA0:
1CA0:   22050000                                                                                set                     FG_GENERAL_2, 0, 0
1CA4:   06002800                                                                                if                      0, off_1CD0
1CA8:   21040001                                                                                ck                      FG_GENERAL_1, 0, 1
1CAC:   61000201                                                                                cut_be_set              0, 2, 1
1CB0:   61010301                                                                                cut_be_set              1, 3, 1
1CB4:   61040101                                                                                cut_be_set              4, 1, 1
1CB8:   460404310200000000FF                                                                    aot_reset               4, SCE_MESSAGE, SAT_PL | SAT_MANUAL | SAT_FRONT, 2, 0, 0, 0, 0, 255
1CC2:   37060000                                                                                sca_id_set              6, 0, 0
1CC6:   510000010100                                                                            sce_bgm_control         0, 0, 1, 1, 0
1CCC:   07009E00                                                                                else                    0, off_1D6A

off_1CD0:
1CD0:   61000200                                                                                cut_be_set              0, 2, 0
1CD4:   61010300                                                                                cut_be_set              1, 3, 0
1CD8:   61040100                                                                                cut_be_set              4, 1, 0
1CDC:   2C040B4100000EB66FE908070807000000000000                                                aot_set                 4, SCE_DAMAGE, SAT_PL | SAT_UNDER, 0, 0, -18930, -5777, 1800, 1800, 0, 0, 0, 0, 0, 0
1CF0:   2C050B41000092B8EAE308070807000000000000                                                aot_set                 5, SCE_DAMAGE, SAT_PL | SAT_UNDER, 0, 0, -18286, -7190, 1800, 1800, 0, 0, 0, 0, 0, 0
1D04:   2C060B4100009FBB88DC08070807000000000000                                                aot_set                 6, SCE_DAMAGE, SAT_PL | SAT_UNDER, 0, 0, -17505, -9080, 1800, 1800, 0, 0, 0, 0, 0, 0
1D18:   2C070B41000005B4F5E508070807000000000000                                                aot_set                 7, SCE_DAMAGE, SAT_PL | SAT_UNDER, 0, 0, -19451, -6667, 1800, 1800, 0, 0, 0, 0, 0, 0
1D2C:   2C080B4100009DB8F2EA08070807000000000000                                                aot_set                 8, SCE_DAMAGE, SAT_PL | SAT_UNDER, 0, 0, -18275, -5390, 1800, 1800, 0, 0, 0, 0, 0, 0
1D40:   2C090B410000C7BFAEDD08070807000000000000                                                aot_set                 9, SCE_DAMAGE, SAT_PL | SAT_UNDER, 0, 0, -16441, -8786, 1800, 1800, 0, 0, 0, 0, 0, 0
1D54:   2C0A0B41000069C7F2DE08070807000000000000                                                aot_set                 10, SCE_DAMAGE, SAT_PL | SAT_UNDER, 0, 0, -14487, -8462, 1800, 1800, 0, 0, 0, 0, 0, 0
1D68:   00                                                                                      nop
1D69:   00                                                                                      nop

off_1D6A:
1D6A:   06000800                                                                                if                      0, off_1D76
1D6E:   21010601                                                                                ck                      FG_GAME, F_BONUS, 1
1D72:   0100                                                                                    evt_end                 0
1D74:   08                                                                                      endif
1D75:   00                                                                                      nop

off_1D76:
1D76:   06002600                                                                                if                      0, off_1DA0
1D7A:   21045701                                                                                ck                      FG_GENERAL_1, 87, 1
1D7E:   370C0000                                                                                sca_id_set              12, 0, 0
1D82:   61040100                                                                                cut_be_set              4, 1, 0
1D86:   61040201                                                                                cut_be_set              4, 2, 1
1D8A:   61080200                                                                                cut_be_set              8, 2, 0
1D8E:   61080301                                                                                cut_be_set              8, 3, 1
1D92:   46040000000000000000                                                                    aot_reset               4, SCE_AUTO, SAT_AUTO, 0, 0, 0, 0, 0, 0
1D9C:   07005200                                                                                else                    0, off_1DEE

off_1DA0:
1DA0:   61040101                                                                                cut_be_set              4, 1, 1
1DA4:   61040200                                                                                cut_be_set              4, 2, 0
1DA8:   61080201                                                                                cut_be_set              8, 2, 1
1DAC:   61080300                                                                                cut_be_set              8, 3, 0
1DB0:   2C050621000000B56CEE9C09C4090A0042000100                                                aot_set                 5, SCE_FLAG_CHG, SAT_PL | SAT_FRONT, 0, 0, -19200, -4500, 2460, 2500, 10, 0, ITEM_C4DETONATOR, 0, aot, 0
1DC4:   06002400                                                                                if                      0, off_1DEC
1DC8:   21032000                                                                                ck                      FG_3, 32, 0
1DCC:   06001A00                                                                                if                      0, off_1DEA
1DD0:   21040001                                                                                ck                      FG_GENERAL_1, 0, 1
1DD4:   2C060541000020BA88DC08079808FF0018020000                                                aot_set                 6, SCE_EVENT, SAT_PL | SAT_UNDER, 0, 0, -17888, -9080, 1800, 2200, 255, 0, I_GOSUB, main_02, 0, 0
1DE8:   08                                                                                      endif
1DE9:   00                                                                                      nop

off_1DEA:
1DEA:   08                                                                                      endif
1DEB:   00                                                                                      nop

off_1DEC:
1DEC:   00                                                                                      nop
1DED:   00                                                                                      nop

off_1DEE:
1DEE:   04FF1807                                                                                evt_exec                255, I_GOSUB, main_07
1DF2:   0100                                                                                    evt_end                 0

.proc aot
1DF4:   06006A00                                                                                if                      0, off_1E62
1DF8:   21010600                                                                                ck                      FG_GAME, F_BONUS, 0
1DFC:   06004400                                                                                if                      0, off_1E44
1E00:   21040000                                                                                ck                      FG_GENERAL_1, 0, 0
1E04:   06001A00                                                                                if                      0, off_1E22
1E08:   23001A000200                                                                            cmp                     0, V_CUT, CMP_EQ, 2
1E0E:   06000E00                                                                                if                      0, off_1E20
1E12:   21050000                                                                                ck                      FG_GENERAL_2, 0, 0
1E16:   22050001                                                                                set                     FG_GENERAL_2, 0, 1
1E1A:   04081808                                                                                evt_exec                8, I_GOSUB, main_08
1E1E:   08                                                                                      endif
1E1F:   00                                                                                      nop

off_1E20:
1E20:   08                                                                                      endif
1E21:   00                                                                                      nop

off_1E22:
1E22:   06001A00                                                                                if                      0, off_1E40
1E26:   23001A020300                                                                            cmp                     0, V_CUT, CMP_GE, 3
1E2C:   06000E00                                                                                if                      0, off_1E3E
1E30:   21050000                                                                                ck                      FG_GENERAL_2, 0, 0
1E34:   22050001                                                                                set                     FG_GENERAL_2, 0, 1
1E38:   04081809                                                                                evt_exec                8, I_GOSUB, main_09
1E3C:   08                                                                                      endif
1E3D:   00                                                                                      nop

off_1E3E:
1E3E:   08                                                                                      endif
1E3F:   00                                                                                      nop

off_1E40:
1E40:   07002000                                                                                else                    0, off_1E60

off_1E44:
1E44:   06001600                                                                                if                      0, off_1E5E
1E48:   21045700                                                                                ck                      FG_GENERAL_1, 87, 0
1E4C:   06000C00                                                                                if                      0, off_1E5C
1E50:   230002004200                                                                            cmp                     0, V_USED_ITEM, CMP_EQ, 66
1E56:   04FF1804                                                                                evt_exec                255, I_GOSUB, main_04
1E5A:   08                                                                                      endif
1E5B:   00                                                                                      nop

off_1E5C:
1E5C:   08                                                                                      endif
1E5D:   00                                                                                      nop

off_1E5E:
1E5E:   00                                                                                      nop
1E5F:   00                                                                                      nop

off_1E60:
1E60:   08                                                                                      endif
1E61:   00                                                                                      nop

off_1E62:
1E62:   0100                                                                                    evt_end                 0

.proc main_02
1E64:   46060000000000000000                                                                    aot_reset               6, SCE_AUTO, SAT_AUTO, 0, 0, 0, 0, 0, 0
1E6E:   22032001                                                                                set                     FG_3, 32, 1
1E72:   22020701                                                                                set                     FG_STATE, 7, 1
1E76:   22011B01                                                                                set                     FG_GAME, 27, 1
1E7A:   59002000                                                                                xa_on                   0, 32
1E7E:   04FF1803                                                                                evt_exec                255, I_GOSUB, main_03
1E82:   0B                                                                                      wsleep
1E83:   0C                                                                                      wsleeping
1E84:   090A0F00                                                                                sleep                   10, 15
1E88:   22020700                                                                                set                     FG_STATE, 7, 0
1E8C:   22011B00                                                                                set                     FG_GAME, 27, 0
1E90:   0100                                                                                    evt_end                 0

.proc main_03
1E92:   2E0100                                                                                  work_set                WK_PLAYER, 0
1E95:   00                                                                                      nop
1E96:   410121B718FCC2ED2828                                                                    plc_neck                1, -18655, -1000, -4670, 40, 40
1EA0:   090A0500                                                                                sleep                   10, 5
1EA4:   3F010100                                                                                plc_motion              1, 1, 0
1EA8:   090A0400                                                                                sleep                   10, 4
1EAC:   66                                                                                      plc_stop
1EAD:   00                                                                                      nop
1EAE:   090A1E00                                                                                sleep                   10, 30
1EB2:   66                                                                                      plc_stop
1EB3:   00                                                                                      nop
1EB4:   40001503980B2800                                                                        plc_dest                0, 21, 3, 2968, 40
1EBC:   0F040800                                                                                while                   4, off_1EC8
1EC0:   21050300                                                                                ck                      FG_GENERAL_2, 3, 0
1EC4:   02                                                                                      evt_next
1EC5:   00                                                                                      nop
1EC6:   1000                                                                                    ewhile                  0

off_1EC8:
1EC8:   22050300                                                                                set                     FG_GENERAL_2, 3, 0
1ECC:   090A0A00                                                                                sleep                   10, 10
1ED0:   42                                                                                      plc_ret
1ED1:   00                                                                                      nop
1ED2:   0100                                                                                    evt_end                 0

.proc main_04
1ED4:   22045701                                                                                set                     FG_GENERAL_1, 87, 1
1ED8:   22200101                                                                                set                     32, 1, 1
1EDC:   22020701                                                                                set                     FG_STATE, 7, 1
1EE0:   22011B01                                                                                set                     FG_GAME, 27, 1
1EE4:   6242                                                                                    sce_item_lost           ITEM_C4DETONATOR
1EE6:   46040000000000000000                                                                    aot_reset               4, SCE_AUTO, SAT_AUTO, 0, 0, 0, 0, 0, 0
1EF0:   46050000000000000000                                                                    aot_reset               5, SCE_AUTO, SAT_AUTO, 0, 0, 0, 0, 0, 0
1EFA:   090A0A00                                                                                sleep                   10, 10
1EFE:   22050201                                                                                set                     FG_GENERAL_2, 2, 1
1F02:   04FF1806                                                                                evt_exec                255, I_GOSUB, main_06
1F06:   04FF1805                                                                                evt_exec                255, I_GOSUB, main_05
1F0A:   11000800                                                                                do                      0, off_1F16
1F0E:   02                                                                                      evt_next
1F0F:   00                                                                                      nop
1F10:   1204                                                                                    edwhile                 off_1F16
1F12:   21050201                                                                                ck                      FG_GENERAL_2, 2, 1

off_1F16:
1F16:   090A1400                                                                                sleep                   10, 20
1F1A:   22011B00                                                                                set                     FG_GAME, 27, 0
1F1E:   22020700                                                                                set                     FG_STATE, 7, 0
1F22:   370C0000                                                                                sca_id_set              12, 0, 0
1F26:   61040100                                                                                cut_be_set              4, 1, 0
1F2A:   61040201                                                                                cut_be_set              4, 2, 1
1F2E:   61080200                                                                                cut_be_set              8, 2, 0
1F32:   61080301                                                                                cut_be_set              8, 3, 1
1F36:   0100                                                                                    evt_end                 0

.proc main_05
1F38:   0F060A00                                                                                while                   6, off_1F46
1F3C:   23001A050800                                                                            cmp                     0, V_CUT, CMP_NE, 8
1F42:   02                                                                                      evt_next
1F43:   00                                                                                      nop
1F44:   1000                                                                                    ewhile                  0

off_1F46:
1F46:   090A2800                                                                                sleep                   10, 40
1F4A:   8C0064C808000000                                                                        nop_8c                  0, 100, 200, 8, 0, 0, 0
1F52:   8C00DCA023000800                                                                        nop_8c                  0, 220, 160, 35, 0, 8, 0
1F5A:   8A0003000A00                                                                            nop_8a                  0, 3, 0, 10, 0
1F60:   8A0003000F00                                                                            nop_8a                  0, 3, 0, 15, 0
1F66:   8A000A001400                                                                            nop_8a                  0, 10, 0, 20, 0
1F6C:   3A00031A00000030A5A730F80CEA0000                                                        sce_espr_on             0, 6659, 0, 12288, -22619, -2000, -5620, 0
1F7C:   090A0200                                                                                sleep                   10, 2
1F80:   3A00031A000000387BA6F8F80CEA0000                                                        sce_espr_on             0, 6659, 0, 14336, -22917, -1800, -5620, 0
1F90:   3A00031A0000002EA5A728F10CEA0000                                                        sce_espr_on             0, 6659, 0, 11776, -22619, -3800, -5620, 0
1FA0:   090A0300                                                                                sleep                   10, 3
1FA4:   3A00031A0000003482A53CF6FAE40000                                                        sce_espr_on             0, 6659, 0, 13312, -23166, -2500, -6918, 0
1FB4:   3A00031A00000030A5A750FB0CEA0000                                                        sce_espr_on             0, 6659, 0, 12288, -22619, -1200, -5620, 0
1FC4:   02                                                                                      evt_next
1FC5:   00                                                                                      nop
1FC6:   3A00031A0000003013AA48F4B2E40000                                                        sce_espr_on             0, 6659, 0, 12288, -21997, -3000, -6990, 0
1FD6:   3A000404000000484FA530F857E30000                                                        sce_espr_on             0, 1028, 0, 18432, -23217, -2000, -7337, 0
1FE6:   36020A01000054B218FC26EE                                                                se_on                   2, 266, 0, -19884, -1000, -4570
1FF2:   240493A2                                                                                save                    V_04, -23917
1FF6:   2405A5A7                                                                                save                    V_05, -22619
1FFA:   24064FA5                                                                                save                    V_06, -23217
1FFE:   0D007E000200                                                                            for                     0, off_2082, 2
2004:   02                                                                                      evt_next
2005:   00                                                                                      nop
2006:   1D040801                                                                                work_copy               4, 8, 1
200A:   3A00031A00000032000028F10CEA0000                                                        sce_espr_on             0, 6659, 0, 12800, 0, -3800, -5620, 0
201A:   1D050801                                                                                work_copy               5, 8, 1
201E:   3A00031A0000002E0000A0F63FE80000                                                        sce_espr_on             0, 6659, 0, 11776, 0, -2400, -6081, 0
202E:   1D060801                                                                                work_copy               6, 8, 1
2032:   3A00031A00000038000030F857E30000                                                        sce_espr_on             0, 6659, 0, 14336, 0, -2000, -7337, 0
2042:   1D050801                                                                                work_copy               5, 8, 1
2046:   3A00031A0000002E000040ED2CED0000                                                        sce_espr_on             0, 6659, 0, 11776, 0, -4800, -4820, 0
2056:   251004                                                                                  copy                    V_TEMP, V_04
2059:   00                                                                                      nop
205A:   260001102C01                                                                            calc                    0, OP_SUB, V_TEMP, 300
2060:   250410                                                                                  copy                    V_04, V_TEMP
2063:   00                                                                                      nop
2064:   251005                                                                                  copy                    V_TEMP, V_05
2067:   00                                                                                      nop
2068:   26000110C800                                                                            calc                    0, OP_SUB, V_TEMP, 200
206E:   250510                                                                                  copy                    V_05, V_TEMP
2071:   00                                                                                      nop
2072:   251006                                                                                  copy                    V_TEMP, V_06
2075:   00                                                                                      nop
2076:   26000110FA00                                                                            calc                    0, OP_SUB, V_TEMP, 250
207C:   250610                                                                                  copy                    V_06, V_TEMP
207F:   00                                                                                      nop
2080:   0E00                                                                                    next                    0

off_2082:
2082:   5300010700F8                                                                            sce_fade_set            0, 1, 7, 0, 248
2088:   22011D01                                                                                set                     FG_GAME, 29, 1
208C:   240493A2                                                                                save                    V_04, -23917
2090:   2405A5A7                                                                                save                    V_05, -22619
2094:   24064FA5                                                                                save                    V_06, -23217
2098:   3A000404000000484FA528F157E30000                                                        sce_espr_on             0, 1028, 0, 18432, -23217, -3800, -7337, 0
20A8:   0D007E000300                                                                            for                     0, off_212C, 3
20AE:   02                                                                                      evt_next
20AF:   00                                                                                      nop
20B0:   1D040801                                                                                work_copy               4, 8, 1
20B4:   3A00031A00000033000028F10CEA0000                                                        sce_espr_on             0, 6659, 0, 13056, 0, -3800, -5620, 0
20C4:   1D050801                                                                                work_copy               5, 8, 1
20C8:   3A00031A0000002F0000A0F63FE80000                                                        sce_espr_on             0, 6659, 0, 12032, 0, -2400, -6081, 0
20D8:   1D060801                                                                                work_copy               6, 8, 1
20DC:   3A00031A00000039000030F857E30000                                                        sce_espr_on             0, 6659, 0, 14592, 0, -2000, -7337, 0
20EC:   1D050801                                                                                work_copy               5, 8, 1
20F0:   3A00031A0000002F000040ED2CED0000                                                        sce_espr_on             0, 6659, 0, 12032, 0, -4800, -4820, 0
2100:   251004                                                                                  copy                    V_TEMP, V_04
2103:   00                                                                                      nop
2104:   26000110F401                                                                            calc                    0, OP_SUB, V_TEMP, 500
210A:   250410                                                                                  copy                    V_04, V_TEMP
210D:   00                                                                                      nop
210E:   251005                                                                                  copy                    V_TEMP, V_05
2111:   00                                                                                      nop
2112:   260001109001                                                                            calc                    0, OP_SUB, V_TEMP, 400
2118:   250510                                                                                  copy                    V_05, V_TEMP
211B:   00                                                                                      nop
211C:   251006                                                                                  copy                    V_TEMP, V_06
211F:   00                                                                                      nop
2120:   260001102602                                                                            calc                    0, OP_SUB, V_TEMP, 550
2126:   250610                                                                                  copy                    V_06, V_TEMP
2129:   00                                                                                      nop
212A:   0E00                                                                                    next                    0

off_212C:
212C:   090A1400                                                                                sleep                   10, 20
2130:   3A0019000000F001209F14ECA0DD0000                                                        sce_espr_on             0, 25, 0, 496, -24800, -5100, -8800, 0
2140:   090A0A00                                                                                sleep                   10, 10
2144:   22011D00                                                                                set                     FG_GAME, 29, 0
2148:   0100                                                                                    evt_end                 0

.proc main_06
214A:   22050300                                                                                set                     FG_GENERAL_2, 3, 0
214E:   2E0100                                                                                  work_set                WK_PLAYER, 0
2151:   00                                                                                      nop
2152:   400005034D9A3DEB                                                                        plc_dest                0, 5, 3, -26035, -5315
215A:   5800A000                                                                                plc_rot                 0, 160
215E:   090A2300                                                                                sleep                   10, 35
2162:   40000503CAA1A0D5                                                                        plc_dest                0, 5, 3, -24118, -10848
216A:   0F040A00                                                                                while                   4, off_2178
216E:   21050300                                                                                ck                      FG_GENERAL_2, 3, 0
2172:   090A0100                                                                                sleep                   10, 1
2176:   1000                                                                                    ewhile                  0

off_2178:
2178:   22050300                                                                                set                     FG_GENERAL_2, 3, 0
217C:   400009034D9ACCD6                                                                        plc_dest                0, 9, 3, -26035, -10548
2184:   0F040A00                                                                                while                   4, off_2192
2188:   21050300                                                                                ck                      FG_GENERAL_2, 3, 0
218C:   090A0100                                                                                sleep                   10, 1
2190:   1000                                                                                    ewhile                  0

off_2192:
2192:   42                                                                                      plc_ret
2193:   22050200                                                                                set                     FG_GENERAL_2, 2, 0
2197:   00                                                                                      nop
2198:   0100                                                                                    evt_end                 0

.proc main_07

off_219A:
219A:   06006000                                                                                if                      0, off_21FE
219E:   21040000                                                                                ck                      FG_GENERAL_1, 0, 0
21A2:   131A5600                                                                                switch                  26, off_21FC
21A6:   140008000000                                                                            case                    0, off_21B4, 0
21AC:   51000001342D                                                                            sce_bgm_control         0, 0, 1, 52, 45
21B2:   1A00                                                                                    break                   0

off_21B4:
21B4:   140008000100                                                                            case                    0, off_21C2, 1
21BA:   51000001382D                                                                            sce_bgm_control         0, 0, 1, 56, 45
21C0:   1A00                                                                                    break                   0

off_21C2:
21C2:   140008000200                                                                            case                    0, off_21D0, 2
21C8:   51000001485C                                                                            sce_bgm_control         0, 0, 1, 72, 92
21CE:   1A00                                                                                    break                   0

off_21D0:
21D0:   140008000300                                                                            case                    0, off_21DE, 3
21D6:   51000001603A                                                                            sce_bgm_control         0, 0, 1, 96, 58
21DC:   1A00                                                                                    break                   0

off_21DE:
21DE:   140008000400                                                                            case                    0, off_21EC, 4
21E4:   510000017F42                                                                            sce_bgm_control         0, 0, 1, 127, 66
21EA:   1A00                                                                                    break                   0

off_21EC:
21EC:   140008000500                                                                            case                    0, off_21FA, 5
21F2:   510000016E40                                                                            sce_bgm_control         0, 0, 1, 110, 64
21F8:   1A00                                                                                    break                   0

off_21FA:
21FA:   1600                                                                                    eswitch                 0

off_21FC:
21FC:   08                                                                                      endif
21FD:   00                                                                                      nop

off_21FE:
21FE:   11000800                                                                                do                      0, off_220A
2202:   02                                                                                      evt_next
2203:   00                                                                                      nop
2204:   1204                                                                                    edwhile                 off_220A
2206:   21010B00                                                                                ck                      FG_GAME, 11, 0

off_220A:
220A:   17FFFF0090FF                                                                            goto                    255, 255, 0, off_219A
2210:   0100                                                                                    evt_end                 0

.proc main_08
2212:   6A00000BECAF                                                                            light_pos_set           0, 0, 11, -20500
2218:   6A00000D0CEF                                                                            light_pos_set           0, 0, 13, -4340
221E:   0D0004000300                                                                            for                     0, off_2228, 3
2224:   02                                                                                      evt_next
2225:   00                                                                                      nop
2226:   0E00                                                                                    next                    0

off_2228:
2228:   6A00000B30AD                                                                            light_pos_set           0, 0, 11, -21200
222E:   6A00000D3CE7                                                                            light_pos_set           0, 0, 13, -6340
2234:   02                                                                                      evt_next
2235:   00                                                                                      nop
2236:   6A00000BF8AD                                                                            light_pos_set           0, 0, 11, -21000
223C:   6A00000D24EB                                                                            light_pos_set           0, 0, 13, -5340
2242:   0D0004000200                                                                            for                     0, off_224C, 2
2248:   02                                                                                      evt_next
2249:   00                                                                                      nop
224A:   0E00                                                                                    next                    0

off_224C:
224C:   22050000                                                                                set                     FG_GENERAL_2, 0, 0
2250:   0100                                                                                    evt_end                 0

.proc main_09
2252:   6B00204E                                                                                light_kido_set          0, 20000
2256:   6A00010BB0B9                                                                            light_pos_set           0, 1, 11, -18000
225C:   6A00010D84EA                                                                            light_pos_set           0, 1, 13, -5500
2262:   0D0004000300                                                                            for                     0, off_226C, 3
2268:   02                                                                                      evt_next
2269:   00                                                                                      nop
226A:   0E00                                                                                    next                    0

off_226C:
226C:   6B001C25                                                                                light_kido_set          0, 9500
2270:   6A00010BE8B8                                                                            light_pos_set           0, 1, 11, -18200
2276:   6A00010D20EA                                                                            light_pos_set           0, 1, 13, -5600
227C:   02                                                                                      evt_next
227D:   00                                                                                      nop
227E:   6B00C832                                                                                light_kido_set          0, 13000
2282:   6A00010B4CB9                                                                            light_pos_set           0, 1, 11, -18100
2288:   6A00010DBCE9                                                                            light_pos_set           0, 1, 13, -5700
228E:   0D0004000200                                                                            for                     0, off_2298, 2
2294:   02                                                                                      evt_next
2295:   00                                                                                      nop
2296:   0E00                                                                                    next                    0

off_2298:
2298:   22050000                                                                                set                     FG_GENERAL_2, 0, 0
229C:   0100                                                                                    evt_end                 0
