.version 2
.init
.proc init_00
1CC2:   3B0001310000B4979C9B08070807B0A00000589E0008000D0400000100000000                        door_aot_se             0, SCE_DOOR, SAT_PL | SAT_MANUAL | SAT_FRONT, 0, 0, -26700, -25700, 1800, 1800, -24400, 0, -25000, 2048, 0, 13, 4, 0, 0, 1, 0, 0, UNLOCKED, 0
1CE2:   0100                                                                                    evt_end                 0

.main
.proc main_00
1CFE:   06001A00                                                                                if                      0, off_1D1C
1D02:   21044700                                                                                ck                      4, 71, 0
1D06:   2C010531000080B2B0B958025802FF0018050000                                                aot_set                 1, SCE_EVENT, SAT_PL | SAT_MANUAL | SAT_FRONT, 0, 0, -19840, -18000, 600, 600, 255, 0, I_GOSUB, main_05, 0, 0
1D1A:   08                                                                                      endif
1D1B:   00                                                                                      nop

off_1D1C:
1D1C:   2C0205410000F8ADB0B920039411FF0018040000                                                aot_set                 2, SCE_EVENT, SAT_PL | SAT_UNDER, 0, 0, -21000, -18000, 800, 4500, 255, 0, I_GOSUB, main_04, 0, 0
1D30:   46020000000000000000                                                                    aot_reset               2, SCE_AUTO, SAT_AUTO, 0, 0, 0, 0, 0, 0
1D3A:   06001200                                                                                if                      0, off_1D50
1D3E:   21044700                                                                                ck                      4, 71, 0
1D42:   4B0308                                                                                  cut_replace             3, 8
1D45:   4B0409                                                                                  cut_replace             4, 9
1D48:   4B050A                                                                                  cut_replace             5, 10
1D4B:   4B060B                                                                                  cut_replace             6, 11
1D4E:   08                                                                                      endif
1D4F:   00                                                                                      nop

off_1D50:
1D50:   06001C00                                                                                if                      0, off_1D70
1D54:   21034000                                                                                ck                      3, 64, 0
1D58:   4400FF450040000000FF589E0000F0D8000000000000                                            sce_em_set              0, 255, ENEMY_SHERRYWITHPENDANT, 0, 64, 0, 0, 0, 255, -25000, 0, -10000, 0, 0, 0
1D6E:   08                                                                                      endif
1D6F:   00                                                                                      nop

off_1D70:
1D70:   06001E00                                                                                if                      0, off_1D92
1D74:   21034100                                                                                ck                      3, 65, 0
1D78:   2E0200                                                                                  work_set                WK_SPLAYER, 0
1D7B:   00                                                                                      nop
1D7C:   3200B6B80000FCA4                                                                        pos_set                 0, -18250, 0, -23300
1D84:   3300000000FC0000                                                                        dir_set                 0, 0, -1024, 0
1D8C:   04FF1802                                                                                evt_exec                255, I_GOSUB, main_02
1D90:   08                                                                                      endif
1D91:   00                                                                                      nop

off_1D92:
1D92:   2D0200000000000000000A000000000000000000000000000000000000000000000000000000            obj_model_set           2, 0, 0, 0, 0, 0, 0, 10, 0, 0, 0, 0, 0, 0, 0, 0, 0, 0, 0, 0, 0, 0, 0
1DB8:   2D0000000000000000000A00100020B850FB76CB000000000000000000000000000000000000            obj_model_set           0, 0, 0, 0, 0, 0, 0, 10, 16, -18400, -1200, -13450, 0, 0, 0, 0, 0, 0, 0, 0, 0, 0, 0
1DDE:   06002E00                                                                                if                      0, off_1E10
1DE2:   21010100                                                                                ck                      1, 1, 0
1DE6:   2D0100000000000000000A003000A89950FBBEBF000000FB0000000000000000000000000000            obj_model_set           1, 0, 0, 0, 0, 0, 0, 10, 48, -26200, -1200, -16450, 0, -1280, 0, 0, 0, 0, 0, 0, 0, 0, 0
1E0C:   07002C00                                                                                else                    0, off_1E38

off_1E10:
1E10:   2D0300000000000000000A003000A89950FBBEBF000000000000000000000000000000000000            obj_model_set           3, 0, 0, 0, 0, 0, 0, 10, 48, -26200, -1200, -16450, 0, 0, 0, 0, 0, 0, 0, 0, 0, 0, 0
1E36:   00                                                                                      nop
1E37:   00                                                                                      nop

off_1E38:
1E38:   4E0302310000A2B350C9400640067000010069000000                                            item_aot_set            3, SCE_ITEM, SAT_PL | SAT_MANUAL | SAT_FRONT, 0, 0, -19550, -14000, 1600, 1600, ITEM_112, 1, 105, 0, 0
1E4E:   06001E00                                                                                if                      0, off_1E70
1E52:   21010100                                                                                ck                      1, 1, 0
1E56:   4E04023100000000000000000000230001006A000100                                            item_aot_set            4, SCE_ITEM, SAT_PL | SAT_MANUAL | SAT_FRONT, 0, 0, 0, 0, 0, 0, ITEM_FAIDSPRAY, 1, 106, 1, 0
1E6C:   07001C00                                                                                else                    0, off_1E88

off_1E70:
1E70:   4E0402310000000000000000000014000F006A000300                                            item_aot_set            4, SCE_ITEM, SAT_PL | SAT_MANUAL | SAT_FRONT, 0, 0, 0, 0, 0, 0, ITEM_HANDGUNAMMO, 15, 106, 3, 0
1E86:   00                                                                                      nop
1E87:   00                                                                                      nop

off_1E88:
1E88:   2C050D310000109760BE08071405120004000700                                                aot_set                 5, SCE_HIKIDASHI, SAT_PL | SAT_MANUAL | SAT_FRONT, 0, 0, -26864, -16800, 1800, 1300, 18, 0, 4, 0, 7, 0
1E9C:   46050000000000000000                                                                    aot_reset               5, SCE_AUTO, SAT_AUTO, 0, 0, 0, 0, 0, 0
1EA6:   221F1201                                                                                set                     31, 18, 1
1EAA:   2C0604310000F0A640A2160D0A0F12000000FFFF                                                aot_set                 6, SCE_MESSAGE, SAT_PL | SAT_MANUAL | SAT_FRONT, 0, 0, -22800, -24000, 3350, 3850, 18, 0, 0, 0, 255, 255
1EBE:   2C07043100008896FCA40807881313000000FFFF                                                aot_set                 7, SCE_MESSAGE, SAT_PL | SAT_MANUAL | SAT_FRONT, 0, 0, -27000, -23300, 1800, 5000, 19, 0, 0, 0, 255, 255
1ED2:   2C0804310000DCBAA8B20807B00414000000FFFF                                                aot_set                 8, SCE_MESSAGE, SAT_PL | SAT_MANUAL | SAT_FRONT, 0, 0, -17700, -19800, 1800, 1200, 20, 0, 0, 0, 255, 255
1EE6:   2C090431000028A650C9540B080715000000FFFF                                                aot_set                 9, SCE_MESSAGE, SAT_PL | SAT_MANUAL | SAT_FRONT, 0, 0, -23000, -14000, 2900, 1800, 21, 0, 0, 0, 255, 255
1EFA:   0100                                                                                    evt_end                 0

.proc main_01
1EFC:   06002600                                                                                if                      0, off_1F26
1F00:   21034100                                                                                ck                      3, 65, 0
1F04:   06000C00                                                                                if                      0, off_1F14
1F08:   23001A000100                                                                            cmp                     0, 26, CMP_EQ, 1
1F0E:   04FF1803                                                                                evt_exec                255, I_GOSUB, main_03
1F12:   08                                                                                      endif
1F13:   00                                                                                      nop

off_1F14:
1F14:   06000C00                                                                                if                      0, off_1F24
1F18:   23001A000800                                                                            cmp                     0, 26, CMP_EQ, 8
1F1E:   04FF1803                                                                                evt_exec                255, I_GOSUB, main_03
1F22:   08                                                                                      endif
1F23:   00                                                                                      nop

off_1F24:
1F24:   08                                                                                      endif
1F25:   00                                                                                      nop

off_1F26:
1F26:   06003C00                                                                                if                      0, off_1F66
1F2A:   21044701                                                                                ck                      4, 71, 1
1F2E:   06001800                                                                                if                      0, off_1F4A
1F32:   21034000                                                                                ck                      3, 64, 0
1F36:   21051400                                                                                ck                      5, 20, 0
1F3A:   46020541FF0018040000                                                                    aot_reset               2, SCE_EVENT, SAT_PL | SAT_UNDER, 255, 0, I_GOSUB, main_04, 0, 0
1F44:   22051401                                                                                set                     5, 20, 1
1F48:   08                                                                                      endif
1F49:   00                                                                                      nop

off_1F4A:
1F4A:   06001400                                                                                if                      0, off_1F62
1F4E:   21051500                                                                                ck                      5, 21, 0
1F52:   46050D31120004000700                                                                    aot_reset               5, SCE_HIKIDASHI, SAT_PL | SAT_MANUAL | SAT_FRONT, 18, 0, 4, 0, 7, 0
1F5C:   22051501                                                                                set                     5, 21, 1
1F60:   08                                                                                      endif
1F61:   00                                                                                      nop

off_1F62:
1F62:   07003600                                                                                else                    0, off_1F98

off_1F66:
1F66:   06001400                                                                                if                      0, off_1F7E
1F6A:   21051401                                                                                ck                      5, 20, 1
1F6E:   46020000000000000000                                                                    aot_reset               2, SCE_AUTO, SAT_AUTO, 0, 0, 0, 0, 0, 0
1F78:   22051400                                                                                set                     5, 20, 0
1F7C:   08                                                                                      endif
1F7D:   00                                                                                      nop

off_1F7E:
1F7E:   06001400                                                                                if                      0, off_1F96
1F82:   21051501                                                                                ck                      5, 21, 1
1F86:   46050000000000000000                                                                    aot_reset               5, SCE_AUTO, SAT_AUTO, 0, 0, 0, 0, 0, 0
1F90:   22051500                                                                                set                     5, 21, 0
1F94:   08                                                                                      endif
1F95:   00                                                                                      nop

off_1F96:
1F96:   00                                                                                      nop
1F97:   00                                                                                      nop

off_1F98:
1F98:   0100                                                                                    evt_end                 0

.proc main_02
1F9A:   22020701                                                                                set                     2, 7, 1
1F9E:   22011B01                                                                                set                     1, 27, 1
1FA2:   090A0100                                                                                sleep                   10, 1
1FA6:   2E0100                                                                                  work_set                WK_PLAYER, 0
1FA9:   00                                                                                      nop
1FAA:   41050200000000003C1E                                                                    plc_neck                5, 2, 0, 0, 60, 30
1FB4:   2E0200                                                                                  work_set                WK_SPLAYER, 0
1FB7:   00                                                                                      nop
1FB8:   3D1007                                                                                  member_copy             16, 7
1FBB:   00                                                                                      nop
1FBC:   26000610FFEF                                                                            calc                    0, OP_AND, 16, -4097
1FC2:   350710                                                                                  member_set2             7, 16
1FC5:   00                                                                                      nop
1FC6:   40000523B6B880C1                                                                        plc_dest                0, 5, 35, -18250, -16000
1FCE:   180B                                                                                    gosub                   11
1FD0:   3D1007                                                                                  member_copy             16, 7
1FD3:   00                                                                                      nop
1FD4:   260005100010                                                                            calc                    0, OP_OR, 16, 4096
1FDA:   350710                                                                                  member_set2             7, 16
1FDD:   00                                                                                      nop
1FDE:   180A                                                                                    gosub                   10
1FE0:   0100                                                                                    evt_end                 0

.proc main_03
1FE2:   22034101                                                                                set                     3, 65, 1
1FE6:   22020701                                                                                set                     2, 7, 1
1FEA:   22011B01                                                                                set                     1, 27, 1
1FEE:   090A0100                                                                                sleep                   10, 1
1FF2:   2E0100                                                                                  work_set                WK_PLAYER, 0
1FF5:   00                                                                                      nop
1FF6:   41050200000000003C1E                                                                    plc_neck                5, 2, 0, 0, 60, 30
2000:   2E0200                                                                                  work_set                WK_SPLAYER, 0
2003:   00                                                                                      nop
2004:   3D1007                                                                                  member_copy             16, 7
2007:   00                                                                                      nop
2008:   26000610FFEF                                                                            calc                    0, OP_AND, 16, -4097
200E:   350710                                                                                  member_set2             7, 16
2011:   00                                                                                      nop
2012:   40000523E09D68C5                                                                        plc_dest                0, 5, 35, -25120, -15000
201A:   180B                                                                                    gosub                   11
201C:   3D1007                                                                                  member_copy             16, 7
201F:   00                                                                                      nop
2020:   260005100010                                                                            calc                    0, OP_OR, 16, 4096
2026:   350710                                                                                  member_set2             7, 16
2029:   00                                                                                      nop
202A:   2E0200                                                                                  work_set                WK_SPLAYER, 0
202D:   00                                                                                      nop
202E:   3200589E0000F0D8                                                                        pos_set                 0, -25000, 0, -10000
2036:   3300000000000000                                                                        dir_set                 0, 0, 0, 0
203E:   180A                                                                                    gosub                   10
2040:   0100                                                                                    evt_end                 0

.proc main_04
2042:   46020000000000000000                                                                    aot_reset               2, SCE_AUTO, SAT_AUTO, 0, 0, 0, 0, 0, 0
204C:   22034001                                                                                set                     3, 64, 1
2050:   22020701                                                                                set                     2, 7, 1
2054:   22011B01                                                                                set                     1, 27, 1
2058:   090A0100                                                                                sleep                   10, 1
205C:   2E0200                                                                                  work_set                WK_SPLAYER, 0
205F:   00                                                                                      nop
2060:   3200E09D000068C5                                                                        pos_set                 0, -25120, 0, -15000
2068:   3300000000000000                                                                        dir_set                 0, 0, 0, 0
2070:   3F0106C0                                                                                plc_motion              1, 6, 192
2074:   090A0100                                                                                sleep                   10, 1
2078:   4000140000000000                                                                        plc_dest                0, 20, 0, 0, 0
2080:   090A0100                                                                                sleep                   10, 1
2084:   2906                                                                                    cut_chg                 6
2086:   2E0100                                                                                  work_set                WK_PLAYER, 0
2089:   00                                                                                      nop
208A:   41050200000000003C1E                                                                    plc_neck                5, 2, 0, 0, 60, 30
2094:   320031B0000052BF                                                                        pos_set                 0, -20431, 0, -16558
209C:   33000000D0070000                                                                        dir_set                 0, 0, 2000, 0
20A4:   2E0200                                                                                  work_set                WK_SPLAYER, 0
20A7:   00                                                                                      nop
20A8:   4101CEB9000086C53C1E                                                                    plc_neck                1, -17970, 0, -14970, 60, 30
20B2:   3F010680                                                                                plc_motion              1, 6, 128
20B6:   090A1E00                                                                                sleep                   10, 30
20BA:   090A0100                                                                                sleep                   10, 1
20BE:   59000C00                                                                                xa_on                   0, 12
20C2:   0509                                                                                    evt_kill                9
20C4:   04091806                                                                                evt_exec                9, I_GOSUB, main_06
20C8:   090A1E00                                                                                sleep                   10, 30
20CC:   2E0100                                                                                  work_set                WK_PLAYER, 0
20CF:   00                                                                                      nop
20D0:   40001521D00D8000                                                                        plc_dest                0, 21, 33, 3536, 128
20D8:   1807                                                                                    gosub                   7
20DA:   0B                                                                                      wsleep
20DB:   0C                                                                                      wsleeping
20DC:   2905                                                                                    cut_chg                 5
20DE:   2E0100                                                                                  work_set                WK_PLAYER, 0
20E1:   00                                                                                      nop
20E2:   41000000000000003C1E                                                                    plc_neck                0, 0, 0, 0, 60, 30
20EC:   320031B0000052BF                                                                        pos_set                 0, -20431, 0, -16558
20F4:   33000000D00D0000                                                                        dir_set                 0, 0, 3536, 0
20FC:   3F000E40                                                                                plc_motion              0, 14, 64
2100:   2E0200                                                                                  work_set                WK_SPLAYER, 0
2103:   00                                                                                      nop
2104:   320080B60000F8C3                                                                        pos_set                 0, -18816, 0, -15368
210C:   33000000150F0000                                                                        dir_set                 0, 0, 3861, 0
2114:   3F000440                                                                                plc_motion              0, 4, 64
2118:   090A0100                                                                                sleep                   10, 1
211C:   59000D00                                                                                xa_on                   0, 13
2120:   2B0002000000                                                                            message_on              0, 2, 0, 0, 0
2126:   090A1E00                                                                                sleep                   10, 30
212A:   0B                                                                                      wsleep
212B:   0C                                                                                      wsleeping
212C:   2E0100                                                                                  work_set                WK_PLAYER, 0
212F:   3F000F04                                                                                plc_motion              0, 15, 4
2133:   2E0200                                                                                  work_set                WK_SPLAYER, 0
2136:   3F000504                                                                                plc_motion              0, 5, 4
213A:   090A0100                                                                                sleep                   10, 1
213E:   59000E00                                                                                xa_on                   0, 14
2142:   2B0003000000                                                                            message_on              0, 3, 0, 0, 0
2148:   0B                                                                                      wsleep
2149:   0C                                                                                      wsleeping
214A:   090A0100                                                                                sleep                   10, 1
214E:   59000F00                                                                                xa_on                   0, 15
2152:   2B0004000000                                                                            message_on              0, 4, 0, 0, 0
2158:   0B                                                                                      wsleep
2159:   0C                                                                                      wsleeping
215A:   59001E00                                                                                xa_on                   0, 30
215E:   2B0011000000                                                                            message_on              0, 17, 0, 0, 0
2164:   2E0100                                                                                  work_set                WK_PLAYER, 0
2167:   3F001000                                                                                plc_motion              0, 16, 0
216B:   2E0200                                                                                  work_set                WK_SPLAYER, 0
216E:   41000000000000003C1E                                                                    plc_neck                0, 0, 0, 0, 60, 30
2178:   3F000600                                                                                plc_motion              0, 6, 0
217C:   090A3200                                                                                sleep                   10, 50
2180:   0B                                                                                      wsleep
2181:   0C                                                                                      wsleeping
2182:   2906                                                                                    cut_chg                 6
2184:   510001000000                                                                            sce_bgm_control         0, 1, 0, 0, 0
218A:   2E0100                                                                                  work_set                WK_PLAYER, 0
218D:   00                                                                                      nop
218E:   41000000000000003C1E                                                                    plc_neck                0, 0, 0, 0, 60, 30
2198:   320051AF000086C1                                                                        pos_set                 0, -20655, 0, -15994
21A0:   33000000500E0000                                                                        dir_set                 0, 0, 3664, 0
21A8:   3F001140                                                                                plc_motion              0, 17, 64
21AC:   2E0200                                                                                  work_set                WK_SPLAYER, 0
21AF:   00                                                                                      nop
21B0:   320098B20000F8C3                                                                        pos_set                 0, -19816, 0, -15368
21B8:   3300000075060000                                                                        dir_set                 0, 0, 1653, 0
21C0:   3F000740                                                                                plc_motion              0, 7, 64
21C4:   090A2800                                                                                sleep                   10, 40
21C8:   090A0100                                                                                sleep                   10, 1
21CC:   59001000                                                                                xa_on                   0, 16
21D0:   2E0100                                                                                  work_set                WK_PLAYER, 0
21D3:   3F001214                                                                                plc_motion              0, 18, 20
21D7:   2E0200                                                                                  work_set                WK_SPLAYER, 0
21DA:   3F000814                                                                                plc_motion              0, 8, 20
21DE:   06001200                                                                                if                      0, off_21F4
21E2:   21010100                                                                                ck                      1, 1, 0
21E6:   090A6400                                                                                sleep                   10, 100
21EA:   2E0100                                                                                  work_set                WK_PLAYER, 0
21ED:   3F020214                                                                                plc_motion              2, 2, 20
21F1:   00                                                                                      nop
21F2:   08                                                                                      endif
21F3:   00                                                                                      nop

off_21F4:
21F4:   0B                                                                                      wsleep
21F5:   0C                                                                                      wsleeping
21F6:   06004001                                                                                if                      0, off_233A
21FA:   21010100                                                                                ck                      1, 1, 0
21FE:   2905                                                                                    cut_chg                 5
2200:   2E0100                                                                                  work_set                WK_PLAYER, 0
2203:   00                                                                                      nop
2204:   320039B3000086C1                                                                        pos_set                 0, -19655, 0, -15994
220C:   33000000500E0000                                                                        dir_set                 0, 0, 3664, 0
2214:   2E0200                                                                                  work_set                WK_SPLAYER, 0
2217:   00                                                                                      nop
2218:   320080B60000F8C3                                                                        pos_set                 0, -18816, 0, -15368
2220:   3300000075060000                                                                        dir_set                 0, 0, 1653, 0
2228:   2E0402                                                                                  work_set                WK_OBJECT, 2
222B:   00                                                                                      nop
222C:   4800808E0000DC000A00000400F80000                                                        super_set               0, 128, 142, 0, 220, 10, 1024, -2048, 0
223C:   36020D000000000000000000                                                                se_on                   2, 13, 0, 0, 0, 0
2248:   090A1E00                                                                                sleep                   10, 30
224C:   2E0200                                                                                  work_set                WK_SPLAYER, 0
224F:   00                                                                                      nop
2250:   4000140000000000                                                                        plc_dest                0, 20, 0, 0, 0
2258:   090A0100                                                                                sleep                   10, 1
225C:   59001100                                                                                xa_on                   0, 17
2260:   2B0005000000                                                                            message_on              0, 5, 0, 0, 0
2266:   2E0100                                                                                  work_set                WK_PLAYER, 0
2269:   00                                                                                      nop
226A:   41000000000000000000                                                                    plc_neck                0, 0, 0, 0, 0, 0
2274:   090A0100                                                                                sleep                   10, 1
2278:   3F000610                                                                                plc_motion              0, 6, 16
227C:   090A1E00                                                                                sleep                   10, 30
2280:   3F000680                                                                                plc_motion              0, 6, 128
2284:   090A0500                                                                                sleep                   10, 5
2288:   3F000600                                                                                plc_motion              0, 6, 0
228C:   5B0A                                                                                    plc_cnt                 10
228E:   090A1400                                                                                sleep                   10, 20
2292:   090A1E00                                                                                sleep                   10, 30
2296:   3F000680                                                                                plc_motion              0, 6, 128
229A:   090A0500                                                                                sleep                   10, 5
229E:   3F000600                                                                                plc_motion              0, 6, 0
22A2:   5B0A                                                                                    plc_cnt                 10
22A4:   090A1400                                                                                sleep                   10, 20
22A8:   090A1E00                                                                                sleep                   10, 30
22AC:   3F000680                                                                                plc_motion              0, 6, 128
22B0:   090A0500                                                                                sleep                   10, 5
22B4:   3F000600                                                                                plc_motion              0, 6, 0
22B8:   5B0A                                                                                    plc_cnt                 10
22BA:   0B                                                                                      wsleep
22BB:   0C                                                                                      wsleeping
22BC:   090A0100                                                                                sleep                   10, 1
22C0:   59001200                                                                                xa_on                   0, 18
22C4:   2E0100                                                                                  work_set                WK_PLAYER, 0
22C7:   3F000680                                                                                plc_motion              0, 6, 128
22CB:   00                                                                                      nop
22CC:   090A0F00                                                                                sleep                   10, 15
22D0:   090A1E00                                                                                sleep                   10, 30
22D4:   3F000780                                                                                plc_motion              0, 7, 128
22D8:   090A1400                                                                                sleep                   10, 20
22DC:   3F020214                                                                                plc_motion              2, 2, 20
22E0:   090A0A00                                                                                sleep                   10, 10
22E4:   0B                                                                                      wsleep
22E5:   0C                                                                                      wsleeping
22E6:   4000140000000000                                                                        plc_dest                0, 20, 0, 0, 0
22EE:   2E0402                                                                                  work_set                WK_OBJECT, 2
22F1:   00                                                                                      nop
22F2:   48000000000000000000000000000000                                                        super_set               0, 0, 0, 0, 0, 0, 0, 0, 0
2302:   2906                                                                                    cut_chg                 6
2304:   2E0100                                                                                  work_set                WK_PLAYER, 0
2307:   00                                                                                      nop
2308:   320051AF000086C1                                                                        pos_set                 0, -20655, 0, -15994
2310:   33000000500E0000                                                                        dir_set                 0, 0, 3664, 0
2318:   2E0200                                                                                  work_set                WK_SPLAYER, 0
231B:   00                                                                                      nop
231C:   320098B20000F8C3                                                                        pos_set                 0, -19816, 0, -15368
2324:   3300000075060000                                                                        dir_set                 0, 0, 1653, 0
232C:   2E0100                                                                                  work_set                WK_PLAYER, 0
232F:   3F001204                                                                                plc_motion              0, 18, 4
2333:   00                                                                                      nop
2334:   090A1400                                                                                sleep                   10, 20
2338:   08                                                                                      endif
2339:   00                                                                                      nop

off_233A:
233A:   2E0100                                                                                  work_set                WK_PLAYER, 0
233D:   3F001300                                                                                plc_motion              0, 19, 0
2341:   2E0200                                                                                  work_set                WK_SPLAYER, 0
2344:   3F000900                                                                                plc_motion              0, 9, 0
2348:   090A3500                                                                                sleep                   10, 53
234C:   2905                                                                                    cut_chg                 5
234E:   2E0100                                                                                  work_set                WK_PLAYER, 0
2351:   00                                                                                      nop
2352:   320030B20000A4C0                                                                        pos_set                 0, -19920, 0, -16220
235A:   33000000500E0000                                                                        dir_set                 0, 0, 3664, 0
2362:   2E0200                                                                                  work_set                WK_SPLAYER, 0
2365:   00                                                                                      nop
2366:   320080B60000F8C3                                                                        pos_set                 0, -18816, 0, -15368
236E:   3300000075060000                                                                        dir_set                 0, 0, 1653, 0
2376:   3F020254                                                                                plc_motion              2, 2, 84
237A:   090A0A00                                                                                sleep                   10, 10
237E:   2E0100                                                                                  work_set                WK_PLAYER, 0
2381:   00                                                                                      nop
2382:   4101CEB9A8E486C53C1E                                                                    plc_neck                1, -17970, -7000, -14970, 60, 30
238C:   3F010600                                                                                plc_motion              1, 6, 0
2390:   090A1400                                                                                sleep                   10, 20
2394:   3F000B00                                                                                plc_motion              0, 11, 0
2398:   090A0100                                                                                sleep                   10, 1
239C:   59001300                                                                                xa_on                   0, 19
23A0:   2B0006000000                                                                            message_on              0, 6, 0, 0, 0
23A6:   090A1400                                                                                sleep                   10, 20
23AA:   3F000900                                                                                plc_motion              0, 9, 0
23AE:   0B                                                                                      wsleep
23AF:   0C                                                                                      wsleeping
23B0:   290D                                                                                    cut_chg                 13
23B2:   090A0100                                                                                sleep                   10, 1
23B6:   59001400                                                                                xa_on                   0, 20
23BA:   2B0007000000                                                                            message_on              0, 7, 0, 0, 0
23C0:   2E0200                                                                                  work_set                WK_SPLAYER, 0
23C3:   3F000010                                                                                plc_motion              0, 0, 16
23C7:   00                                                                                      nop
23C8:   090A1E00                                                                                sleep                   10, 30
23CC:   3F000114                                                                                plc_motion              0, 1, 20
23D0:   0B                                                                                      wsleep
23D1:   0C                                                                                      wsleeping
23D2:   4000140000000000                                                                        plc_dest                0, 20, 0, 0, 0
23DA:   090A0100                                                                                sleep                   10, 1
23DE:   59001500                                                                                xa_on                   0, 21
23E2:   2B0008000000                                                                            message_on              0, 8, 0, 0, 0
23E8:   2E0100                                                                                  work_set                WK_PLAYER, 0
23EB:   3F000980                                                                                plc_motion              0, 9, 128
23EF:   00                                                                                      nop
23F0:   090A1400                                                                                sleep                   10, 20
23F4:   3F000A00                                                                                plc_motion              0, 10, 0
23F8:   090A1900                                                                                sleep                   10, 25
23FC:   0B                                                                                      wsleep
23FD:   0C                                                                                      wsleeping
23FE:   090A0100                                                                                sleep                   10, 1
2402:   59001600                                                                                xa_on                   0, 22
2406:   2B0009000000                                                                            message_on              0, 9, 0, 0, 0
240C:   2E0200                                                                                  work_set                WK_SPLAYER, 0
240F:   3F000300                                                                                plc_motion              0, 3, 0
2413:   00                                                                                      nop
2414:   090A1E00                                                                                sleep                   10, 30
2418:   090A1E00                                                                                sleep                   10, 30
241C:   3F000380                                                                                plc_motion              0, 3, 128
2420:   090A1E00                                                                                sleep                   10, 30
2424:   3F020214                                                                                plc_motion              2, 2, 20
2428:   0B                                                                                      wsleep
2429:   0C                                                                                      wsleeping
242A:   4000140000000000                                                                        plc_dest                0, 20, 0, 0, 0
2432:   2905                                                                                    cut_chg                 5
2434:   090A0100                                                                                sleep                   10, 1
2438:   59001700                                                                                xa_on                   0, 23
243C:   2B000A000000                                                                            message_on              0, 10, 0, 0, 0
2442:   2E0100                                                                                  work_set                WK_PLAYER, 0
2445:   3F000900                                                                                plc_motion              0, 9, 0
2449:   00                                                                                      nop
244A:   090A1400                                                                                sleep                   10, 20
244E:   3F000980                                                                                plc_motion              0, 9, 128
2452:   090A0A00                                                                                sleep                   10, 10
2456:   4000140000000000                                                                        plc_dest                0, 20, 0, 0, 0
245E:   090A0A00                                                                                sleep                   10, 10
2462:   5B0A                                                                                    plc_cnt                 10
2464:   3F000B00                                                                                plc_motion              0, 11, 0
2468:   090A1400                                                                                sleep                   10, 20
246C:   3F000B80                                                                                plc_motion              0, 11, 128
2470:   090A0A00                                                                                sleep                   10, 10
2474:   4000140000000000                                                                        plc_dest                0, 20, 0, 0, 0
247C:   090A0A00                                                                                sleep                   10, 10
2480:   090A1900                                                                                sleep                   10, 25
2484:   5B0A                                                                                    plc_cnt                 10
2486:   3F000A00                                                                                plc_motion              0, 10, 0
248A:   090A1900                                                                                sleep                   10, 25
248E:   0B                                                                                      wsleep
248F:   0C                                                                                      wsleeping
2490:   290D                                                                                    cut_chg                 13
2492:   090A0100                                                                                sleep                   10, 1
2496:   59001800                                                                                xa_on                   0, 24
249A:   2B000B000000                                                                            message_on              0, 11, 0, 0, 0
24A0:   2E0200                                                                                  work_set                WK_SPLAYER, 0
24A3:   3F000300                                                                                plc_motion              0, 3, 0
24A7:   00                                                                                      nop
24A8:   090A1E00                                                                                sleep                   10, 30
24AC:   090A1E00                                                                                sleep                   10, 30
24B0:   3F000380                                                                                plc_motion              0, 3, 128
24B4:   090A1E00                                                                                sleep                   10, 30
24B8:   3F000200                                                                                plc_motion              0, 2, 0
24BC:   090A0F00                                                                                sleep                   10, 15
24C0:   090A1E00                                                                                sleep                   10, 30
24C4:   3F000280                                                                                plc_motion              0, 2, 128
24C8:   090A0F00                                                                                sleep                   10, 15
24CC:   3F000010                                                                                plc_motion              0, 0, 16
24D0:   090A1E00                                                                                sleep                   10, 30
24D4:   3F000114                                                                                plc_motion              0, 1, 20
24D8:   0B                                                                                      wsleep
24D9:   0C                                                                                      wsleeping
24DA:   090A0100                                                                                sleep                   10, 1
24DE:   59001900                                                                                xa_on                   0, 25
24E2:   2B000C000000                                                                            message_on              0, 12, 0, 0, 0
24E8:   2E0100                                                                                  work_set                WK_PLAYER, 0
24EB:   3F000C14                                                                                plc_motion              0, 12, 20
24EF:   00                                                                                      nop
24F0:   090ABE00                                                                                sleep                   10, 190
24F4:   3F000A00                                                                                plc_motion              0, 10, 0
24F8:   0B                                                                                      wsleep
24F9:   0C                                                                                      wsleeping
24FA:   2E0100                                                                                  work_set                WK_PLAYER, 0
24FD:   00                                                                                      nop
24FE:   320039B3000086C1                                                                        pos_set                 0, -19655, 0, -15994
2506:   33000000500E0000                                                                        dir_set                 0, 0, 3664, 0
250E:   290C                                                                                    cut_chg                 12
2510:   510005000000                                                                            sce_bgm_control         0, 5, 0, 0, 0
2516:   090A0100                                                                                sleep                   10, 1
251A:   59001A00                                                                                xa_on                   0, 26
251E:   2B000D000000                                                                            message_on              0, 13, 0, 0, 0
2524:   2E0200                                                                                  work_set                WK_SPLAYER, 0
2527:   00                                                                                      nop
2528:   40000823CEB986C5                                                                        plc_dest                0, 8, 35, -17970, -14970
2530:   180B                                                                                    gosub                   11
2532:   3F000300                                                                                plc_motion              0, 3, 0
2536:   090A1E00                                                                                sleep                   10, 30
253A:   3F000380                                                                                plc_motion              0, 3, 128
253E:   090A1E00                                                                                sleep                   10, 30
2542:   3F000200                                                                                plc_motion              0, 2, 0
2546:   090A0F00                                                                                sleep                   10, 15
254A:   3F000280                                                                                plc_motion              0, 2, 128
254E:   090A0F00                                                                                sleep                   10, 15
2552:   3F000300                                                                                plc_motion              0, 3, 0
2556:   090A1E00                                                                                sleep                   10, 30
255A:   090A0A00                                                                                sleep                   10, 10
255E:   3F000380                                                                                plc_motion              0, 3, 128
2562:   090A1E00                                                                                sleep                   10, 30
2566:   3F000200                                                                                plc_motion              0, 2, 0
256A:   090A0F00                                                                                sleep                   10, 15
256E:   090A0A00                                                                                sleep                   10, 10
2572:   3F000280                                                                                plc_motion              0, 2, 128
2576:   090A0F00                                                                                sleep                   10, 15
257A:   3F000300                                                                                plc_motion              0, 3, 0
257E:   090A1E00                                                                                sleep                   10, 30
2582:   090A0F00                                                                                sleep                   10, 15
2586:   3F000380                                                                                plc_motion              0, 3, 128
258A:   090A1E00                                                                                sleep                   10, 30
258E:   3F020214                                                                                plc_motion              2, 2, 20
2592:   0B                                                                                      wsleep
2593:   0C                                                                                      wsleeping
2594:   4000140000000000                                                                        plc_dest                0, 20, 0, 0, 0
259C:   510201000000                                                                            sce_bgm_control         2, 1, 0, 0, 0
25A2:   36020A000000000000000000                                                                se_on                   2, 10, 0, 0, 0, 0
25AE:   090A1E00                                                                                sleep                   10, 30
25B2:   090A0100                                                                                sleep                   10, 1
25B6:   59001B00                                                                                xa_on                   0, 27
25BA:   2B000E000000                                                                            message_on              0, 14, 0, 0, 0
25C0:   2E0200                                                                                  work_set                WK_SPLAYER, 0
25C3:   00                                                                                      nop
25C4:   41040200000000003C1E                                                                    plc_neck                4, 2, 0, 0, 60, 30
25CE:   3F000A00                                                                                plc_motion              0, 10, 0
25D2:   2E0100                                                                                  work_set                WK_PLAYER, 0
25D5:   00                                                                                      nop
25D6:   4101B6B8F0F1FCA45A3C                                                                    plc_neck                1, -18250, -3600, -23300, 90, 60
25E0:   3F010680                                                                                plc_motion              1, 6, 128
25E4:   090A1400                                                                                sleep                   10, 20
25E8:   4000152120038000                                                                        plc_dest                0, 21, 33, 800, 128
25F0:   1807                                                                                    gosub                   7
25F2:   41000000000000003C1E                                                                    plc_neck                0, 0, 0, 0, 60, 30
25FC:   0B                                                                                      wsleep
25FD:   0C                                                                                      wsleeping
25FE:   090A0100                                                                                sleep                   10, 1
2602:   59001C00                                                                                xa_on                   0, 28
2606:   2B000F000000                                                                            message_on              0, 15, 0, 0, 0
260C:   2E0200                                                                                  work_set                WK_SPLAYER, 0
260F:   3F000A80                                                                                plc_motion              0, 10, 128
2613:   00                                                                                      nop
2614:   090A0A00                                                                                sleep                   10, 10
2618:   3F020214                                                                                plc_motion              2, 2, 20
261C:   41040200000000003C1E                                                                    plc_neck                4, 2, 0, 0, 60, 30
2626:   090A2800                                                                                sleep                   10, 40
262A:   40000523B0B932A9                                                                        plc_dest                0, 5, 35, -18000, -22222
2632:   0B                                                                                      wsleep
2633:   0C                                                                                      wsleeping
2634:   090A0100                                                                                sleep                   10, 1
2638:   59001D00                                                                                xa_on                   0, 29
263C:   2B0010000000                                                                            message_on              0, 16, 0, 0, 0
2642:   2E0100                                                                                  work_set                WK_PLAYER, 0
2645:   3F000200                                                                                plc_motion              0, 2, 0
2649:   00                                                                                      nop
264A:   090A1E00                                                                                sleep                   10, 30
264E:   090A1E00                                                                                sleep                   10, 30
2652:   3F000280                                                                                plc_motion              0, 2, 128
2656:   090A1E00                                                                                sleep                   10, 30
265A:   0B                                                                                      wsleep
265B:   0C                                                                                      wsleeping
265C:   2E0200                                                                                  work_set                WK_SPLAYER, 0
265F:   00                                                                                      nop
2660:   3200589E0000F0D8                                                                        pos_set                 0, -25000, 0, -10000
2668:   3300000000000000                                                                        dir_set                 0, 0, 0, 0
2670:   3D1007                                                                                  member_copy             16, 7
2673:   00                                                                                      nop
2674:   260005100080                                                                            calc                    0, OP_OR, 16, -32768
267A:   350710                                                                                  member_set2             7, 16
267D:   00                                                                                      nop
267E:   3D1000                                                                                  member_copy             16, 0
2681:   00                                                                                      nop
2682:   260005100200                                                                            calc                    0, OP_OR, 16, 2
2688:   350010                                                                                  member_set2             0, 16
268B:   00                                                                                      nop
268C:   3D1000                                                                                  member_copy             16, 0
268F:   00                                                                                      nop
2690:   260005100800                                                                            calc                    0, OP_OR, 16, 8
2696:   350010                                                                                  member_set2             0, 16
2699:   00                                                                                      nop
269A:   06000A00                                                                                if                      0, off_26A8
269E:   21010100                                                                                ck                      1, 1, 0
26A2:   2204FF00                                                                                set                     4, 255, 0
26A6:   08                                                                                      endif
26A7:   00                                                                                      nop

off_26A8:
26A8:   2905                                                                                    cut_chg                 5
26AA:   090A0100                                                                                sleep                   10, 1
26AE:   510205000000                                                                            sce_bgm_control         2, 5, 0, 0, 0
26B4:   57000E0108FF0000                                                                        sce_bgmtbl_set          0, 14, 1, 65288, 0
26BC:   57001B0208FF0000                                                                        sce_bgmtbl_set          0, 27, 2, 65288, 0
26C4:   180A                                                                                    gosub                   10
26C6:   0100                                                                                    evt_end                 0

.proc main_05
26C8:   06004400                                                                                if                      0, off_2710
26CC:   21044700                                                                                ck                      4, 71, 0
26D0:   2B000000FFFF                                                                            message_on              0, 0, 0, 255, 255
26D6:   02                                                                                      evt_next
26D7:   00                                                                                      nop
26D8:   06003000                                                                                if                      0, off_270C
26DC:   210B1F00                                                                                ck                      11, 31, 0
26E0:   22044701                                                                                set                     4, 71, 1
26E4:   4B0803                                                                                  cut_replace             8, 3
26E7:   4B0904                                                                                  cut_replace             9, 4
26EA:   4B0A05                                                                                  cut_replace             10, 5
26ED:   4B0B06                                                                                  cut_replace             11, 6
26F0:   2905                                                                                    cut_chg                 5
26F2:   3C01                                                                                    cut_auto                1
26F4:   36020B000000000000000000                                                                se_on                   2, 11, 0, 0, 0, 0
2700:   46010000000000000000                                                                    aot_reset               1, SCE_AUTO, SAT_AUTO, 0, 0, 0, 0, 0, 0
270A:   08                                                                                      endif
270B:   00                                                                                      nop

off_270C:
270C:   07003800                                                                                else                    0, off_2744

off_2710:
2710:   2B000100FFFF                                                                            message_on              0, 1, 0, 255, 255
2716:   02                                                                                      evt_next
2717:   00                                                                                      nop
2718:   06002600                                                                                if                      0, off_2742
271C:   210B1F00                                                                                ck                      11, 31, 0
2720:   22044700                                                                                set                     4, 71, 0
2724:   4B0308                                                                                  cut_replace             3, 8
2727:   4B0409                                                                                  cut_replace             4, 9
272A:   4B050A                                                                                  cut_replace             5, 10
272D:   4B060B                                                                                  cut_replace             6, 11
2730:   290A                                                                                    cut_chg                 10
2732:   3C01                                                                                    cut_auto                1
2734:   36020B000000000000000000                                                                se_on                   2, 11, 0, 0, 0, 0
2740:   08                                                                                      endif
2741:   00                                                                                      nop

off_2742:
2742:   00                                                                                      nop
2743:   00                                                                                      nop

off_2744:
2744:   0100                                                                                    evt_end                 0

.proc main_06
2746:   2E0200                                                                                  work_set                WK_SPLAYER, 0
2749:   00                                                                                      nop
274A:   4000052380B6F8C3                                                                        plc_dest                0, 5, 35, -18816, -15368
2752:   180B                                                                                    gosub                   11
2754:   0100                                                                                    evt_end                 0

.proc main_07
2756:   11000800                                                                                do                      0, off_2762
275A:   02                                                                                      evt_next
275B:   00                                                                                      nop
275C:   1204                                                                                    edwhile                 off_2762
275E:   21052100                                                                                ck                      5, 33, 0

off_2762:
2762:   0100                                                                                    evt_end                 0

.proc main_08
2764:   11000800                                                                                do                      0, off_2770
2768:   02                                                                                      evt_next
2769:   00                                                                                      nop
276A:   1204                                                                                    edwhile                 off_2770
276C:   21052200                                                                                ck                      5, 34, 0

off_2770:
2770:   0100                                                                                    evt_end                 0

.proc main_09
2772:   11000800                                                                                do                      0, off_277E
2776:   02                                                                                      evt_next
2777:   00                                                                                      nop
2778:   1204                                                                                    edwhile                 off_277E
277A:   21050A00                                                                                ck                      5, 10, 0

off_277E:
277E:   22050A00                                                                                set                     5, 10, 0
2782:   0100                                                                                    evt_end                 0

.proc main_0A
2784:   2E0100                                                                                  work_set                WK_PLAYER, 0
2787:   42                                                                                      plc_ret
2788:   22020700                                                                                set                     2, 7, 0
278C:   22011B00                                                                                set                     1, 27, 0
2790:   3C01                                                                                    cut_auto                1
2792:   0100                                                                                    evt_end                 0

.proc main_0B
2794:   11000800                                                                                do                      0, off_27A0
2798:   02                                                                                      evt_next
2799:   00                                                                                      nop
279A:   1204                                                                                    edwhile                 off_27A0
279C:   21052300                                                                                ck                      5, 35, 0

off_27A0:
27A0:   0100                                                                                    evt_end                 0

.proc main_0C
27A2:   11000800                                                                                do                      0, off_27AE
27A6:   02                                                                                      evt_next
27A7:   00                                                                                      nop
27A8:   1204                                                                                    edwhile                 off_27AE
27AA:   21050B00                                                                                ck                      5, 11, 0

off_27AE:
27AE:   22050B00                                                                                set                     5, 11, 0
27B2:   0100                                                                                    evt_end                 0
