.version 2

.init
.proc init
09DA:   3B00013100000CA79B9808078C0A77FD0000F4A0080A010B0200130100000000                        door_aot_se             ID_AOT_0, SCE_DOOR, SAT_PL | SAT_MANUAL | SAT_FRONT, 0, 0, -22772, -26469, 1800, 2700, -649, 0, -24332, 2568, 1, 11, 2, 0, 19, 1, 0, 0, UNLOCKED, 0
09FA:   3B01013104004A918A980807F00ABAC90000369D60080009050008010090FF00                        door_aot_se             ID_AOT_1, SCE_DOOR, SAT_PL | SAT_MANUAL | SAT_FRONT, 4, 0, -28342, -26486, 1800, 2800, -13894, 0, -25290, 2144, 0, 9, 5, 0, 8, 1, 0, 144, LOCKED, 0
0A1A:   0100                                                                                    evt_end                 0

.main
.proc main
0A24:   1802                                                                                    gosub                   main_02
0A26:   4E0202310000BEABE2A5CE041E052600010039000001                                            item_aot_set            ID_AOT_2, SCE_ITEM, SAT_PL | SAT_MANUAL | SAT_FRONT, 0, 0, -21570, -23070, 1230, 1310, ITEM_HERBG, 1, 57, ID_OBJ_0, IF_FLOOR
0A3C:   4E030231040082A67C9826077404260001003A000101                                            item_aot_set            ID_AOT_3, SCE_ITEM, SAT_PL | SAT_MANUAL | SAT_FRONT, 4, 0, -22910, -26500, 1830, 1140, ITEM_HERBG, 1, 58, ID_OBJ_1, IF_FLOOR
0A52:   2D0000000000000000000A001000F8AD000080A8000000000000000000000000000000000000            obj_model_set           ID_OBJ_0, 0, 0, 0, 0, 0, 0, 10, 16, -21000, 0, -22400, 0, 0, 0, 0, 0, 0, 0, 0, 0, 0, 0
0A78:   2D0100000000040000000A00100048A9E0E33E9A000000000000000000000000000000000000            obj_model_set           ID_OBJ_1, 0, 0, 0, 0, 4, 0, 10, 16, -22200, -7200, -26050, 0, 0, 0, 0, 0, 0, 0, 0, 0, 0, 0
0A9E:   4E0402310000F0AB5EA2CE048205260001003B000201                                            item_aot_set            ID_AOT_4, SCE_ITEM, SAT_PL | SAT_MANUAL | SAT_FRONT, 0, 0, -21520, -23970, 1230, 1410, ITEM_HERBG, 1, 59, ID_OBJ_2, IF_FLOOR
0AB4:   2D0200000000000000000A0010005CAE00002EA5000000000000000000000000000000000000            obj_model_set           ID_OBJ_2, 0, 0, 0, 0, 0, 0, 10, 16, -20900, 0, -23250, 0, 0, 0, 0, 0, 0, 0, 0, 0, 0, 0
0ADA:   0100                                                                                    evt_end                 0

.proc aot
0ADC:   0100                                                                                    evt_end                 0

.proc main_02
0ADE:   2C05064104009A93F49300199E20230003000100                                                aot_set                 ID_AOT_5, SCE_FLAG_CHG, SAT_PL | SAT_UNDER, 4, 0, -27750, -27660, 6400, 8350, 35, 0, ITEM_HANDGUNCLAIRE, 0, aot, 0
0AF2:   2C08064104009A93F49300199E20090081000100                                                aot_set                 ID_AOT_8, SCE_FLAG_CHG, SAT_PL | SAT_UNDER, 4, 0, -27750, -27660, 6400, 8350, 9, 0, ITEM_81, 0, aot, 0
0B06:   2C06064100000AABBC9434216A18230002000100                                                aot_set                 ID_AOT_6, SCE_FLAG_CHG, SAT_PL | SAT_UNDER, 0, 0, -21750, -27460, 8500, 6250, 35, 0, ITEM_HANDGUNLEON, 0, aot, 0
0B1A:   2C09064100000AABBC9434216A18090082000100                                                aot_set                 ID_AOT_9, SCE_FLAG_CHG, SAT_PL | SAT_UNDER, 0, 0, -21750, -27460, 8500, 6250, 9, 0, ITEM_82, 0, aot, 0
0B2E:   2C070641010066BDF6AA580C6A0E230002000100                                                aot_set                 ID_AOT_7, SCE_FLAG_CHG, SAT_PL | SAT_UNDER, 1, 0, -17050, -21770, 3160, 3690, 35, 0, ITEM_HANDGUNLEON, 0, aot, 0
0B42:   2C0A0641010066BDF6AA580C6A0E090082000100                                                aot_set                 ID_AOT_10, SCE_FLAG_CHG, SAT_PL | SAT_UNDER, 1, 0, -17050, -21770, 3160, 3690, 9, 0, ITEM_82, 0, aot, 0
0B56:   0100                                                                                    evt_end                 0

.proc main_03

off_0B58:
0B58:   131A2C00                                                                                switch                  26, off_0B88
0B5C:   140008000000                                                                            case                    0, off_0B6A, 0
0B62:   510000026444                                                                            sce_bgm_control         BGM_CHANNEL_MAIN, BGM_OP_NOP, BGM_TYPE_PROG1_VOL, 100, 68
0B68:   1A00                                                                                    break                   0

off_0B6A:
0B6A:   140008000100                                                                            case                    0, off_0B78, 1
0B70:   51000002693A                                                                            sce_bgm_control         BGM_CHANNEL_MAIN, BGM_OP_NOP, BGM_TYPE_PROG1_VOL, 105, 58
0B76:   1A00                                                                                    break                   0

off_0B78:
0B78:   140008000200                                                                            case                    0, off_0B86, 2
0B7E:   510000026441                                                                            sce_bgm_control         BGM_CHANNEL_MAIN, BGM_OP_NOP, BGM_TYPE_PROG1_VOL, 100, 65
0B84:   1A00                                                                                    break                   0

off_0B86:
0B86:   1600                                                                                    eswitch                 0

off_0B88:
0B88:   11000A00                                                                                do                      0, off_0B96
0B8C:   090A0100                                                                                sleep                   10, 1
0B90:   1204                                                                                    edwhile                 off_0B96
0B92:   21010B00                                                                                ck                      FG_STATUS, 11, 0

off_0B96:
0B96:   17FFFF00C2FF                                                                            goto                    255, 255, 0, off_0B58
0B9C:   0100                                                                                    evt_end                 0
0B9E:   C284                                                                                    db                      0xC2, 0x84
