.version 2

.init
.proc init
0CB6:   06001200                                                                                if                      0, off_0CCC
0CBA:   2104FE01                                                                                ck                      FG_GENERAL_1, 254, 1
0CBE:   22043701                                                                                set                     FG_GENERAL_1, 55, 1
0CC2:   22043800                                                                                set                     FG_GENERAL_1, 56, 0
0CC6:   22065700                                                                                set                     FG_ENEMY, 87, 0
0CCA:   08                                                                                      endif
0CCB:   00                                                                                      nop

off_0CCC:
0CCC:   3B0101310800F39093F7EE072C0B1BE5E8EABBCED0F7001208030D0000000000                        door_aot_se             1, SCE_DOOR, SAT_PL | SAT_MANUAL | SAT_FRONT, 8, 0, -28429, -2157, 2030, 2860, -6885, -5400, -12613, -2096, 0, 18, 8, 3, 13, 0, 0, 0, UNLOCKED, 0
0CEC:   3B0201310800F390ADA6EE07D60B89B3000063A708F8001101000D0000000000                        door_aot_se             2, SCE_DOOR, SAT_PL | SAT_MANUAL | SAT_FRONT, 8, 0, -28429, -22867, 2030, 3030, -19575, 0, -22685, -2040, 0, 17, 1, 0, 13, 0, 0, 0, UNLOCKED, 0
0D0C:   0100                                                                                    evt_end                 0

.main
.proc main
0D22:   1803                                                                                    gosub                   main_03
0D24:   06001C00                                                                                if                      0, off_0D44
0D28:   21010100                                                                                ck                      FG_GAME, F_SCENARIO, 0
0D2C:   440001220000080E008F379CC0C75CBDC80B00000000                                            sce_em_set              0, 1, ENEMY_LICKER_RED, 0, 0, 8, 14, 0, 143, -25545, -14400, -17060, 3016, 0, 0
0D42:   08                                                                                      endif
0D43:   00                                                                                      nop

off_0D44:
0D44:   0100                                                                                    evt_end                 0

.proc aot
0D46:   1804                                                                                    gosub                   main_04
0D48:   0100                                                                                    evt_end                 0

.proc main_02
0D4A:   5700170105FF0000                                                                        sce_bgmtbl_set          0, 23, 1, 65285, 0
0D52:   0100                                                                                    evt_end                 0

.proc main_03
0D54:   0600E600                                                                                if                      0, off_0E3E
0D58:   21010101                                                                                ck                      FG_GAME, F_SCENARIO, 1
0D5C:   0600DC00                                                                                if                      0, off_0E3C
0D60:   21043701                                                                                ck                      FG_GENERAL_1, 55, 1
0D64:   06007200                                                                                if                      0, off_0DDA
0D68:   21043800                                                                                ck                      FG_GENERAL_1, 56, 0
0D6C:   46010531FF0018060000                                                                    aot_reset               1, SCE_EVENT, SAT_PL | SAT_MANUAL | SAT_FRONT, 255, 0, I_GOSUB, main_06, 0, 0
0D76:   4400002A0041081200574301C0C737FE000C00000000                                            sce_em_set              0, 0, ENEMY_TYRANT_1, 0, 65, 8, 18, 0, 87, 323, -14400, -457, 3072, 0, 0
0D8C:   4E00023108C27CFC7CFC0807080718000600CC00FF01                                            item_aot_set            0, SCE_ITEM, SAT_PL | SAT_MANUAL | SAT_FRONT, 8, 194, -900, -900, 1800, 1800, ITEM_EXPLOSIVEROUNDS, 6, 204, 255, 1
0DA2:   46000031000000000000                                                                    aot_reset               0, SCE_AUTO, SAT_PL | SAT_MANUAL | SAT_FRONT, 0, 0, 0, 0, 0, 0
0DAC:   3B0301310800F39093F7EE07EC041BE5E8EABBCED0F7001208030D0100000000                        door_aot_se             3, SCE_DOOR, SAT_PL | SAT_MANUAL | SAT_FRONT, 8, 0, -28429, -2157, 2030, 1260, -6885, -5400, -12613, -2096, 0, 18, 8, 3, 13, 1, 0, 0, UNLOCKED, 0
0DCC:   460300311BE5E8EABBCE                                                                    aot_reset               3, SCE_AUTO, SAT_PL | SAT_MANUAL | SAT_FRONT, 27, 229, 232, 234, 187, 206
0DD6:   07005600                                                                                else                    0, off_0E2C

off_0DDA:
0DDA:   06004C00                                                                                if                      0, off_0E2A
0DDE:   21065701                                                                                ck                      FG_ENEMY, 87, 1
0DE2:   06004200                                                                                if                      0, off_0E28
0DE6:   2108CC00                                                                                ck                      FG_ITEM, 204, 0
0DEA:   4E0002310800E0988C0A0807080718000600CC000001                                            item_aot_set            0, SCE_ITEM, SAT_PL | SAT_MANUAL | SAT_FRONT, 8, 0, -26400, 2700, 1800, 1800, ITEM_EXPLOSIVEROUNDS, 6, 204, 0, 1
0E00:   2D0000000000000000000A001000649CC0C7100E000000F30000000000000000000000000000            obj_model_set           0, 0, 0, 0, 0, 0, 0, 10, 16, -25500, -14400, 3600, 0, -3328, 0, 0, 0, 0, 0, 0, 0, 0, 0
0E26:   08                                                                                      endif
0E27:   00                                                                                      nop

off_0E28:
0E28:   08                                                                                      endif
0E29:   00                                                                                      nop

off_0E2A:
0E2A:   00                                                                                      nop
0E2B:   00                                                                                      nop

off_0E2C:
0E2C:   06000A00                                                                                if                      0, off_0E3A
0E30:   21065701                                                                                ck                      FG_ENEMY, 87, 1
0E34:   22050001                                                                                set                     FG_GENERAL_2, 0, 1
0E38:   08                                                                                      endif
0E39:   00                                                                                      nop

off_0E3A:
0E3A:   08                                                                                      endif
0E3B:   00                                                                                      nop

off_0E3C:
0E3C:   08                                                                                      endif
0E3D:   00                                                                                      nop

off_0E3E:
0E3E:   0100                                                                                    evt_end                 0

.proc main_04
0E40:   06001E00                                                                                if                      0, off_0E62
0E44:   21065701                                                                                ck                      FG_ENEMY, 87, 1
0E48:   06001400                                                                                if                      0, off_0E60
0E4C:   21050000                                                                                ck                      FG_GENERAL_2, 0, 0
0E50:   22050001                                                                                set                     FG_GENERAL_2, 0, 1
0E54:   510005000000                                                                            sce_bgm_control         0, 5, 0, 0, 0
0E5A:   04FF1805                                                                                evt_exec                255, I_GOSUB, main_05
0E5E:   08                                                                                      endif
0E5F:   00                                                                                      nop

off_0E60:
0E60:   08                                                                                      endif
0E61:   00                                                                                      nop

off_0E62:
0E62:   0100                                                                                    evt_end                 0

.proc main_05
0E64:   090A9700                                                                                sleep                   10, 151
0E68:   4600023118000600CC00                                                                    aot_reset               0, SCE_ITEM, SAT_PL | SAT_MANUAL | SAT_FRONT, 24, 0, 6, 0, 204, 0
0E72:   0100                                                                                    evt_end                 0

.proc main_06
0E74:   22020701                                                                                set                     FG_STATE, 7, 1
0E78:   22011B01                                                                                set                     FG_GAME, 27, 1
0E7C:   1802                                                                                    gosub                   main_02
0E7E:   22043801                                                                                set                     FG_GENERAL_1, 56, 1
0E82:   2E0300                                                                                  work_set                WK_ENEMY, 0
0E85:   00                                                                                      nop
0E86:   34170100                                                                                member_set              23, 1, 0
0E8A:   2904                                                                                    cut_chg                 4
0E8C:   090A0F00                                                                                sleep                   10, 15
0E90:   36020B010000A09CC0C7D2FA                                                                se_on                   2, 267, 0, -25440, -14400, -1326
0E9C:   8A0003000000                                                                            nop_8a                  0, 3, 0, 0, 0
0EA2:   8BFA05000100                                                                            nop_8b                  250, 5, 0, 1, 0
0EA8:   090A0F00                                                                                sleep                   10, 15
0EAC:   510001000000                                                                            sce_bgm_control         0, 1, 0, 0, 0
0EB2:   2E0100                                                                                  work_set                WK_PLAYER, 0
0EB5:   00                                                                                      nop
0EB6:   41050300000000006060                                                                    plc_neck                5, 3, 0, 0, 96, 96
0EC0:   090A0A00                                                                                sleep                   10, 10
0EC4:   2E0100                                                                                  work_set                WK_PLAYER, 0
0EC7:   00                                                                                      nop
0EC8:   40000920430137FE                                                                        plc_dest                0, 9, 32, 323, -457
0ED0:   090A0500                                                                                sleep                   10, 5
0ED4:   36020C010000A09CC0C7D2FA                                                                se_on                   2, 268, 0, -25440, -14400, -1326
0EE0:   2E0300                                                                                  work_set                WK_ENEMY, 0
0EE3:   00                                                                                      nop
0EE4:   0F060A00                                                                                while                   6, off_0EF2
0EE8:   3E0018000000                                                                            member_cmp              0, 24, 0, 0, 0
0EEE:   02                                                                                      evt_next
0EEF:   00                                                                                      nop
0EF0:   1000                                                                                    ewhile                  0

off_0EF2:
0EF2:   2905                                                                                    cut_chg                 5
0EF4:   2E0100                                                                                  work_set                WK_PLAYER, 0
0EF7:   00                                                                                      nop
0EF8:   3200CC9CC0C7D1FF                                                                        pos_set                 0, -25396, -14400, -47
0F00:   3300000049030000                                                                        dir_set                 0, 0, 841, 0
0F08:   40000820019E572E                                                                        plc_dest                0, 8, 32, -25087, 11863
0F10:   090A0800                                                                                sleep                   10, 8
0F14:   22011C01                                                                                set                     FG_GAME, 28, 1
0F18:   36020A010000A09CC0C7D2FA                                                                se_on                   2, 266, 0, -25440, -14400, -1326
0F24:   8A0008000000                                                                            nop_8a                  0, 8, 0, 0, 0
0F2A:   8BFF06000100                                                                            nop_8b                  255, 6, 0, 1, 0
0F30:   8C00FF320F000700                                                                        nop_8c                  0, 255, 50, 15, 0, 7, 0
0F38:   8C00320023001600                                                                        nop_8c                  0, 50, 0, 35, 0, 22, 0
0F40:   090A0200                                                                                sleep                   10, 2
0F44:   66                                                                                      plc_stop
0F45:   00                                                                                      nop
0F46:   090A0300                                                                                sleep                   10, 3
0F4A:   22011C00                                                                                set                     FG_GAME, 28, 0
0F4E:   090A3800                                                                                sleep                   10, 56
0F52:   40000820019E572E                                                                        plc_dest                0, 8, 32, -25087, 11863
0F5A:   090A4600                                                                                sleep                   10, 70
0F5E:   2901                                                                                    cut_chg                 1
0F60:   2E0100                                                                                  work_set                WK_PLAYER, 0
0F63:   00                                                                                      nop
0F64:   3200889CC0C7C40B                                                                        pos_set                 0, -25464, -14400, 3012
0F6C:   3300000050F50000                                                                        dir_set                 0, 0, -2736, 0
0F74:   460100311BE5E8EABBCE                                                                    aot_reset               1, SCE_AUTO, SAT_PL | SAT_MANUAL | SAT_FRONT, 27, 229, 232, 234, 187, 206
0F7E:   460301311BE5E8EABBCE                                                                    aot_reset               3, SCE_DOOR, SAT_PL | SAT_MANUAL | SAT_FRONT, 27, 229, 232, 234, 187, 206
0F88:   2E0100                                                                                  work_set                WK_PLAYER, 0
0F8B:   42                                                                                      plc_ret
0F8C:   3C01                                                                                    cut_auto                1
0F8E:   22011B00                                                                                set                     FG_GAME, 27, 0
0F92:   22020700                                                                                set                     FG_STATE, 7, 0
0F96:   04FF1807                                                                                evt_exec                255, I_GOSUB, main_07
0F9A:   0100                                                                                    evt_end                 0

.proc main_07
0F9C:   0D0006000500                                                                            for                     0, off_0FA8, 5
0FA2:   090A1E00                                                                                sleep                   10, 30
0FA6:   0E00                                                                                    next                    0

off_0FA8:
0FA8:   460101311BE5E8EABBCE                                                                    aot_reset               1, SCE_DOOR, SAT_PL | SAT_MANUAL | SAT_FRONT, 27, 229, 232, 234, 187, 206
0FB2:   460300311BE5E8EABBCE                                                                    aot_reset               3, SCE_AUTO, SAT_PL | SAT_MANUAL | SAT_FRONT, 27, 229, 232, 234, 187, 206
0FBC:   0100                                                                                    evt_end                 0

.proc main_08
0FBE:   11000800                                                                                do                      0, off_0FCA
0FC2:   02                                                                                      evt_next
0FC3:   00                                                                                      nop
0FC4:   1204                                                                                    edwhile                 off_0FCA
0FC6:   21052000                                                                                ck                      FG_GENERAL_2, 32, 0

off_0FCA:
0FCA:   0100                                                                                    evt_end                 0
