.version 2

.init
.proc init
08EA:   3B000131000066EAB1ED08074C0441FD000084BD3003000703000E0500000000                        door_aot_se             ID_AOT_0, SCE_DOOR, SAT_PL | SAT_MANUAL | SAT_FRONT, 0, 0, -5530, -4687, 1800, 1100, -703, 0, -17020, 816, 0, 7, 3, 0, 14, 5, 0, 0, UNLOCKED, 0
090A:   3B010131000062D375B808070807A8ED00009CFA300200090000070100000000                        door_aot_se             ID_AOT_1, SCE_DOOR, SAT_PL | SAT_MANUAL | SAT_FRONT, 0, 0, -11422, -18315, 1800, 1800, -4696, 0, -1380, 560, 0, 9, 0, 0, 7, 1, 0, 0, UNLOCKED, 0
092A:   0100                                                                                    evt_end                 0

.main
.proc main
0948:   2D0000000000000000001A0000000083B0B9709A000000FEC000000000000000000000000000            obj_model_set           ID_OBJ_0, 0, 0, 0, 0, 0, 0, 26, 0, -32000, -18000, -26000, 0, -512, 192, 0, 0, 0, 0, 0, 0, 0, 0
096E:   2D010000000000C000001A0006000000E4FD0000000000000000000000000000000000000000            obj_model_set           ID_OBJ_1, 0, 0, 0, 0, 49152, 0, 26, 6, 0, -540, 0, 0, 0, 0, 0, 0, 0, 0, 0, 0, 0, 0
0994:   2D020000000000C000001A000600F0C4DCFFB400000C0000000C000000000000000000000000            obj_model_set           ID_OBJ_2, 0, 0, 0, 0, 49152, 0, 26, 6, -15120, -36, 180, 3072, 0, 3072, 0, 0, 0, 0, 0, 0, 0, 0
09BA:   2E0402                                                                                  work_set                WK_OBJECT, ID_OBJ_2
09BD:   00                                                                                      nop
09BE:   3D1001                                                                                  member_copy             V_TEMP, M_BE_FLAG
09C1:   00                                                                                      nop
09C2:   260005100800                                                                            calc                    0, OP_OR, V_TEMP, 8
09C8:   350110                                                                                  member_set2             M_BE_FLAG, V_TEMP
09CB:   00                                                                                      nop
09CC:   2D0300000000000000000A0000001A30D4FEFE40000000000000000000000000000000000000            obj_model_set           ID_OBJ_3, 0, 0, 0, 0, 0, 0, 10, 0, 12314, -300, 16638, 0, 0, 0, 0, 0, 0, 0, 0, 0, 0, 0
09F2:   2E0403                                                                                  work_set                WK_OBJECT, ID_OBJ_3
09F5:   00                                                                                      nop
09F6:   3D1001                                                                                  member_copy             V_TEMP, M_BE_FLAG
09F9:   00                                                                                      nop
09FA:   260005100800                                                                            calc                    0, OP_OR, V_TEMP, 8
0A00:   350110                                                                                  member_set2             M_BE_FLAG, V_TEMP
0A03:   00                                                                                      nop
0A04:   04FF1802                                                                                evt_exec                255, I_GOSUB, main_02
0A08:   0100                                                                                    evt_end                 0

.proc aot
0A0A:   0100                                                                                    evt_end                 0

.proc main_02
0A0C:   22020701                                                                                set                     FG_STOP, 7, 1
0A10:   22011B01                                                                                set                     FG_STATUS, 27, 1
0A14:   2904                                                                                    cut_chg                 4
0A16:   3C01                                                                                    cut_auto                1
0A18:   2E0100                                                                                  work_set                WK_PLAYER, 0
0A1B:   00                                                                                      nop
0A1C:   32007E3D00007126                                                                        pos_set                 0, 15742, 0, 9841
0A24:   340F8009                                                                                member_set              M_Y_DIR, 2432
0A28:   02                                                                                      evt_next
0A29:   3F001000                                                                                plc_motion              0, 16, 0
0A2D:   00                                                                                      nop
0A2E:   4102000000FE00004343                                                                    plc_neck                2, 0, -512, 0, 67, 67
0A38:   090A1E00                                                                                sleep                   10, 30
0A3C:   41020000000200002828                                                                    plc_neck                2, 0, 512, 0, 40, 40
0A46:   090A2800                                                                                sleep                   10, 40
0A4A:   41000000000200003737                                                                    plc_neck                0, 0, 512, 0, 55, 55
0A54:   090A0A00                                                                                sleep                   10, 10
0A58:   40000520AE31453C                                                                        plc_dest                0, 5, 32, 12718, 15429
0A60:   180D                                                                                    gosub                   main_0D
0A62:   3F010600                                                                                plc_motion              1, 6, 0
0A66:   090A1800                                                                                sleep                   10, 24
0A6A:   2E0403                                                                                  work_set                WK_OBJECT, ID_OBJ_3
0A6D:   00                                                                                      nop
0A6E:   3D1001                                                                                  member_copy             V_TEMP, M_BE_FLAG
0A71:   00                                                                                      nop
0A72:   26000610F7FF                                                                            calc                    0, OP_AND, V_TEMP, -9
0A78:   350110                                                                                  member_set2             M_BE_FLAG, V_TEMP
0A7B:   00                                                                                      nop
0A7C:   2E0100                                                                                  work_set                WK_PLAYER, 0
0A7F:   00                                                                                      nop
0A80:   090A1200                                                                                sleep                   10, 18
0A84:   36020B010100000000000000                                                                se_on                   2, 267, 1, 0, 0, 0
0A90:   090A1200                                                                                sleep                   10, 18
0A94:   3F010680                                                                                plc_motion              1, 6, 128
0A98:   090A1800                                                                                sleep                   10, 24
0A9C:   4000072078337A38                                                                        plc_dest                0, 7, 32, 13176, 14458
0AA4:   180D                                                                                    gosub                   main_0D
0AA6:   090A0A00                                                                                sleep                   10, 10
0AAA:   2E0403                                                                                  work_set                WK_OBJECT, ID_OBJ_3
0AAD:   00                                                                                      nop
0AAE:   3D1001                                                                                  member_copy             V_TEMP, M_BE_FLAG
0AB1:   00                                                                                      nop
0AB2:   260005100800                                                                            calc                    0, OP_OR, V_TEMP, 8
0AB8:   350110                                                                                  member_set2             M_BE_FLAG, V_TEMP
0ABB:   00                                                                                      nop
0ABC:   36020A010100000000000000                                                                se_on                   2, 266, 1, 0, 0, 0
0AC8:   3A0027110000000A1A30D4FEFE400000                                                        sce_espr_on             0, 4391, 0, 2560, 12314, -300, 16638, 0
0AD8:   2E0100                                                                                  work_set                WK_PLAYER, 0
0ADB:   3F001000                                                                                plc_motion              0, 16, 0
0ADF:   00                                                                                      nop
0AE0:   4102000000FE00FE4040                                                                    plc_neck                2, 0, -512, -512, 64, 64
0AEA:   090A2800                                                                                sleep                   10, 40
0AEE:   41020000000200FE3030                                                                    plc_neck                2, 0, 512, -512, 48, 48
0AF8:   090A2800                                                                                sleep                   10, 40
0AFC:   4102000000FE00FE2626                                                                    plc_neck                2, 0, -512, -512, 38, 38
0B06:   090A1E00                                                                                sleep                   10, 30
0B0A:   510101000016                                                                            sce_bgm_control         BGM_CHANNEL_SUB0, BGM_OP_START, BGM_TYPE_MAIN_VOL, 0, 22
0B10:   090A0A00                                                                                sleep                   10, 10
0B14:   400005209B2EA142                                                                        plc_dest                0, 5, 32, 11931, 17057
0B1C:   180D                                                                                    gosub                   main_0D
0B1E:   4000152073066000                                                                        plc_dest                0, 21, 32, 1651, 96
0B26:   180D                                                                                    gosub                   main_0D
0B28:   1803                                                                                    gosub                   main_03
0B2A:   290B                                                                                    cut_chg                 11
0B2C:   2E0400                                                                                  work_set                WK_OBJECT, ID_OBJ_0
0B2F:   00                                                                                      nop
0B30:   340CE0B1                                                                                member_set              M_Y_POS, -20000
0B34:   2E0100                                                                                  work_set                WK_PLAYER, 0
0B37:   00                                                                                      nop
0B38:   32000D3100005A46                                                                        pos_set                 0, 12557, 0, 18010
0B40:   340FD009                                                                                member_set              M_Y_DIR, 2512
0B44:   3F000F40                                                                                plc_motion              0, 15, 64
0B48:   5B01                                                                                    plc_cnt                 1
0B4A:   090A5F00                                                                                sleep                   10, 95
0B4E:   66                                                                                      plc_stop
0B4F:   290A                                                                                    cut_chg                 10
0B51:   00                                                                                      nop
0B52:   04FF1806                                                                                evt_exec                255, I_GOSUB, main_06
0B56:   090A7800                                                                                sleep                   10, 120
0B5A:   510105000016                                                                            sce_bgm_control         BGM_CHANNEL_SUB0, BGM_OP_FADEOUT, BGM_TYPE_MAIN_VOL, 0, 22
0B60:   530002070002                                                                            sce_fade_set            0, 2, 7, 0, 2
0B66:   090A3B00                                                                                sleep                   10, 59
0B6A:   0D0008000A00                                                                            for                     0, off_0B78, 10
0B70:   7400FF7F                                                                                sce_fade_adjust         0, 255, 127
0B74:   02                                                                                      evt_next
0B75:   00                                                                                      nop
0B76:   0E00                                                                                    next                    0

off_0B78:
0B78:   2E0100                                                                                  work_set                WK_PLAYER, 0
0B7B:   00                                                                                      nop
0B7C:   3D1001                                                                                  member_copy             V_TEMP, M_BE_FLAG
0B7F:   00                                                                                      nop
0B80:   260005100800                                                                            calc                    0, OP_OR, V_TEMP, 8
0B86:   350110                                                                                  member_set2             M_BE_FLAG, V_TEMP
0B89:   00                                                                                      nop
0B8A:   290C                                                                                    cut_chg                 12
0B8C:   0D0008003C00                                                                            for                     0, off_0B9A, 60
0B92:   7400FF7F                                                                                sce_fade_adjust         0, 255, 127
0B96:   02                                                                                      evt_next
0B97:   00                                                                                      nop
0B98:   0E00                                                                                    next                    0

off_0B9A:
0B9A:   74000000                                                                                sce_fade_adjust         0, 0, 0
0B9E:   530002070180                                                                            sce_fade_set            0, 2, 7, 1, 128
0BA4:   04FF1807                                                                                evt_exec                255, I_GOSUB, main_07
0BA8:   090A8200                                                                                sleep                   10, 130
0BAC:   530002071101                                                                            sce_fade_set            0, 2, 7, 17, 1
0BB2:   510005005B41                                                                            sce_bgm_control         BGM_CHANNEL_MAIN, BGM_OP_FADEOUT, BGM_TYPE_MAIN_VOL, 91, 65
0BB8:   090A7700                                                                                sleep                   10, 119
0BBC:   22000A01                                                                                set                     FG_SYSTEM, 10, 1

off_0BC0:
0BC0:   7400FF7F                                                                                sce_fade_adjust         0, 255, 127
0BC4:   02                                                                                      evt_next
0BC5:   00                                                                                      nop
0BC6:   17FFFF00FAFF                                                                            goto                    255, 255, 0, off_0BC0
0BCC:   0100                                                                                    evt_end                 0

.proc main_03
0BCE:   04FF180B                                                                                evt_exec                255, I_GOSUB, main_0B
0BD2:   04FF180C                                                                                evt_exec                255, I_GOSUB, main_0C
0BD6:   04FF1809                                                                                evt_exec                255, I_GOSUB, main_09
0BDA:   04FF180A                                                                                evt_exec                255, I_GOSUB, main_0A
0BDE:   2909                                                                                    cut_chg                 9
0BE0:   2E0400                                                                                  work_set                WK_OBJECT, ID_OBJ_0
0BE3:   00                                                                                      nop
0BE4:   2F00F401                                                                                speed_set               0, 500
0BE8:   2F02F401                                                                                speed_set               2, 500
0BEC:   0D0004004000                                                                            for                     0, off_0BF6, 64
0BF2:   30                                                                                      add_speed
0BF3:   02                                                                                      evt_next
0BF4:   0E00                                                                                    next                    0

off_0BF6:
0BF6:   2F08F6FF                                                                                speed_set               8, -10
0BFA:   2F06F6FF                                                                                speed_set               6, -10
0BFE:   0D0006000A00                                                                            for                     0, off_0C0A, 10
0C04:   30                                                                                      add_speed
0C05:   31                                                                                      add_aspeed
0C06:   02                                                                                      evt_next
0C07:   00                                                                                      nop
0C08:   0E00                                                                                    next                    0

off_0C0A:
0C0A:   2907                                                                                    cut_chg                 7
0C0C:   340CB8C0                                                                                member_set              M_Y_POS, -16200
0C10:   0D0006001400                                                                            for                     0, off_0C1C, 20
0C16:   30                                                                                      add_speed
0C17:   31                                                                                      add_aspeed
0C18:   02                                                                                      evt_next
0C19:   00                                                                                      nop
0C1A:   0E00                                                                                    next                    0

off_0C1C:
0C1C:   04FF1804                                                                                evt_exec                255, I_GOSUB, main_04
0C20:   0D0006000A00                                                                            for                     0, off_0C2C, 10
0C26:   30                                                                                      add_speed
0C27:   31                                                                                      add_aspeed
0C28:   02                                                                                      evt_next
0C29:   00                                                                                      nop
0C2A:   0E00                                                                                    next                    0

off_0C2C:
0C2C:   2F08FFFF                                                                                speed_set               8, -1
0C30:   2F06FFFF                                                                                speed_set               6, -1
0C34:   0D0006006400                                                                            for                     0, off_0C40, 100
0C3A:   30                                                                                      add_speed
0C3B:   31                                                                                      add_aspeed
0C3C:   02                                                                                      evt_next
0C3D:   00                                                                                      nop
0C3E:   0E00                                                                                    next                    0

off_0C40:
0C40:   2E0402                                                                                  work_set                WK_OBJECT, ID_OBJ_2
0C43:   00                                                                                      nop
0C44:   3D1001                                                                                  member_copy             V_TEMP, M_BE_FLAG
0C47:   00                                                                                      nop
0C48:   26000610F7FF                                                                            calc                    0, OP_AND, V_TEMP, -9
0C4E:   350110                                                                                  member_set2             M_BE_FLAG, V_TEMP
0C51:   00                                                                                      nop
0C52:   2E0400                                                                                  work_set                WK_OBJECT, ID_OBJ_0
0C55:   2908                                                                                    cut_chg                 8
0C57:   00                                                                                      nop
0C58:   340CC8CE                                                                                member_set              M_Y_POS, -12600
0C5C:   2F08FEFF                                                                                speed_set               8, -2
0C60:   2F06FEFF                                                                                speed_set               6, -2
0C64:   0D0006006400                                                                            for                     0, off_0C70, 100
0C6A:   30                                                                                      add_speed
0C6B:   31                                                                                      add_aspeed
0C6C:   02                                                                                      evt_next
0C6D:   00                                                                                      nop
0C6E:   0E00                                                                                    next                    0

off_0C70:
0C70:   2F080200                                                                                speed_set               8, 2
0C74:   2F060200                                                                                speed_set               6, 2
0C78:   0D0006006000                                                                            for                     0, off_0C84, 96
0C7E:   30                                                                                      add_speed
0C7F:   31                                                                                      add_aspeed
0C80:   02                                                                                      evt_next
0C81:   00                                                                                      nop
0C82:   0E00                                                                                    next                    0

off_0C84:
0C84:   2F05FEFF                                                                                speed_set               5, -2
0C88:   0D0006006000                                                                            for                     0, off_0C94, 96
0C8E:   30                                                                                      add_speed
0C8F:   31                                                                                      add_aspeed
0C90:   02                                                                                      evt_next
0C91:   00                                                                                      nop
0C92:   0E00                                                                                    next                    0

off_0C94:
0C94:   2F050000                                                                                speed_set               5, 0
0C98:   2F08FCFF                                                                                speed_set               8, -4
0C9C:   2F06FCFF                                                                                speed_set               6, -4
0CA0:   0D0006003000                                                                            for                     0, off_0CAC, 48
0CA6:   30                                                                                      add_speed
0CA7:   31                                                                                      add_aspeed
0CA8:   02                                                                                      evt_next
0CA9:   00                                                                                      nop
0CAA:   0E00                                                                                    next                    0

off_0CAC:
0CAC:   04FF1805                                                                                evt_exec                255, I_GOSUB, main_05
0CB0:   2F08FEFF                                                                                speed_set               8, -2
0CB4:   2F06FEFF                                                                                speed_set               6, -2
0CB8:   0D0006002800                                                                            for                     0, off_0CC4, 40
0CBE:   30                                                                                      add_speed
0CBF:   31                                                                                      add_aspeed
0CC0:   02                                                                                      evt_next
0CC1:   00                                                                                      nop
0CC2:   0E00                                                                                    next                    0

off_0CC4:
0CC4:   2F02ECFF                                                                                speed_set               2, -20
0CC8:   2F00ECFF                                                                                speed_set               0, -20
0CCC:   0D0006002800                                                                            for                     0, off_0CD8, 40
0CD2:   30                                                                                      add_speed
0CD3:   31                                                                                      add_aspeed
0CD4:   02                                                                                      evt_next
0CD5:   00                                                                                      nop
0CD6:   0E00                                                                                    next                    0

off_0CD8:
0CD8:   090A0A00                                                                                sleep                   10, 10
0CDC:   36020C010400000000000000                                                                se_on                   2, 268, 4, 0, 0, 0
0CE8:   290A                                                                                    cut_chg                 10
0CEA:   090A3C00                                                                                sleep                   10, 60
0CEE:   0100                                                                                    evt_end                 0

.proc main_04
0CF0:   2E0400                                                                                  work_set                WK_OBJECT, ID_OBJ_0
0CF3:   00                                                                                      nop
0CF4:   2F040100                                                                                speed_set               4, 1
0CF8:   2F0A0100                                                                                speed_set               10, 1
0CFC:   0D0006002D00                                                                            for                     0, off_0D08, 45
0D02:   30                                                                                      add_speed
0D03:   31                                                                                      add_aspeed
0D04:   02                                                                                      evt_next
0D05:   00                                                                                      nop
0D06:   0E00                                                                                    next                    0

off_0D08:
0D08:   2F0AFFFF                                                                                speed_set               10, -1
0D0C:   0D0006004100                                                                            for                     0, off_0D18, 65
0D12:   30                                                                                      add_speed
0D13:   31                                                                                      add_aspeed
0D14:   02                                                                                      evt_next
0D15:   00                                                                                      nop
0D16:   0E00                                                                                    next                    0

off_0D18:
0D18:   2F0A0100                                                                                speed_set               10, 1
0D1C:   0D0006001E00                                                                            for                     0, off_0D28, 30
0D22:   30                                                                                      add_speed
0D23:   31                                                                                      add_aspeed
0D24:   02                                                                                      evt_next
0D25:   00                                                                                      nop
0D26:   0E00                                                                                    next                    0

off_0D28:
0D28:   2F0A0000                                                                                speed_set               10, 0
0D2C:   0D0006001400                                                                            for                     0, off_0D38, 20
0D32:   30                                                                                      add_speed
0D33:   31                                                                                      add_aspeed
0D34:   02                                                                                      evt_next
0D35:   00                                                                                      nop
0D36:   0E00                                                                                    next                    0

off_0D38:
0D38:   2F040100                                                                                speed_set               4, 1
0D3C:   0D0006005000                                                                            for                     0, off_0D48, 80
0D42:   30                                                                                      add_speed
0D43:   31                                                                                      add_aspeed
0D44:   02                                                                                      evt_next
0D45:   00                                                                                      nop
0D46:   0E00                                                                                    next                    0

off_0D48:
0D48:   090A1400                                                                                sleep                   10, 20
0D4C:   2F04FFFF                                                                                speed_set               4, -1
0D50:   0D0006005000                                                                            for                     0, off_0D5C, 80
0D56:   30                                                                                      add_speed
0D57:   31                                                                                      add_aspeed
0D58:   02                                                                                      evt_next
0D59:   00                                                                                      nop
0D5A:   0E00                                                                                    next                    0

off_0D5C:
0D5C:   0100                                                                                    evt_end                 0

.proc main_05
0D5E:   2E0400                                                                                  work_set                WK_OBJECT, ID_OBJ_0
0D61:   00                                                                                      nop
0D62:   2F04FFFF                                                                                speed_set               4, -1
0D66:   2F0AFFFF                                                                                speed_set               10, -1
0D6A:   0D0008001200                                                                            for                     0, off_0D78, 18
0D70:   30                                                                                      add_speed
0D71:   02                                                                                      evt_next
0D72:   30                                                                                      add_speed
0D73:   31                                                                                      add_aspeed
0D74:   02                                                                                      evt_next
0D75:   00                                                                                      nop
0D76:   0E00                                                                                    next                    0

off_0D78:
0D78:   2F0A0100                                                                                speed_set               10, 1
0D7C:   0D0008002000                                                                            for                     0, off_0D8A, 32
0D82:   30                                                                                      add_speed
0D83:   02                                                                                      evt_next
0D84:   30                                                                                      add_speed
0D85:   31                                                                                      add_aspeed
0D86:   02                                                                                      evt_next
0D87:   00                                                                                      nop
0D88:   0E00                                                                                    next                    0

off_0D8A:
0D8A:   2F0AFFFF                                                                                speed_set               10, -1
0D8E:   0D0008000E00                                                                            for                     0, off_0D9C, 14
0D94:   30                                                                                      add_speed
0D95:   02                                                                                      evt_next
0D96:   30                                                                                      add_speed
0D97:   31                                                                                      add_aspeed
0D98:   02                                                                                      evt_next
0D99:   00                                                                                      nop
0D9A:   0E00                                                                                    next                    0

off_0D9C:
0D9C:   2F04FBFF                                                                                speed_set               4, -5
0DA0:   0D0004002800                                                                            for                     0, off_0DAA, 40
0DA6:   30                                                                                      add_speed
0DA7:   02                                                                                      evt_next
0DA8:   0E00                                                                                    next                    0

off_0DAA:
0DAA:   2F04FEFF                                                                                speed_set               4, -2
0DAE:   0D0004000A00                                                                            for                     0, off_0DB8, 10
0DB4:   30                                                                                      add_speed
0DB5:   02                                                                                      evt_next
0DB6:   0E00                                                                                    next                    0

off_0DB8:
0DB8:   0100                                                                                    evt_end                 0

.proc main_06
0DBA:   2E0400                                                                                  work_set                WK_OBJECT, ID_OBJ_0
0DBD:   00                                                                                      nop
0DBE:   340CC8CE                                                                                member_set              M_Y_POS, -12600
0DC2:   2F012800                                                                                speed_set               1, 40
0DC6:   0D000600B400                                                                            for                     0, off_0DD2, 180
0DCC:   30                                                                                      add_speed
0DCD:   31                                                                                      add_aspeed
0DCE:   02                                                                                      evt_next
0DCF:   00                                                                                      nop
0DD0:   0E00                                                                                    next                    0

off_0DD2:
0DD2:   0100                                                                                    evt_end                 0

.proc main_07
0DD4:   2E0400                                                                                  work_set                WK_OBJECT, ID_OBJ_0
0DD7:   00                                                                                      nop
0DD8:   36020D000400000000000000                                                                se_on                   2, 13, 4, 0, 0, 0
0DE4:   32000083F0D80083                                                                        pos_set                 0, -32000, -10000, -32000
0DEC:   33000000000EC000                                                                        dir_set                 0, 0, 3584, 192
0DF4:   2F009C04                                                                                speed_set               0, 1180
0DF8:   2F06F6FF                                                                                speed_set               6, -10
0DFC:   2F029C04                                                                                speed_set               2, 1180
0E00:   2F08F6FF                                                                                speed_set               8, -10
0E04:   2F012C01                                                                                speed_set               1, 300
0E08:   0D0006002800                                                                            for                     0, off_0E14, 40
0E0E:   30                                                                                      add_speed
0E0F:   31                                                                                      add_aspeed
0E10:   02                                                                                      evt_next
0E11:   00                                                                                      nop
0E12:   0E00                                                                                    next                    0

off_0E14:
0E14:   04FF1808                                                                                evt_exec                255, I_GOSUB, main_08
0E18:   2F01C800                                                                                speed_set               1, 200
0E1C:   0D0006002800                                                                            for                     0, off_0E28, 40
0E22:   30                                                                                      add_speed
0E23:   31                                                                                      add_aspeed
0E24:   02                                                                                      evt_next
0E25:   00                                                                                      nop
0E26:   0E00                                                                                    next                    0

off_0E28:
0E28:   2F001400                                                                                speed_set               0, 20
0E2C:   2F021400                                                                                speed_set               2, 20
0E30:   2F011E00                                                                                speed_set               1, 30
0E34:   0D0004003200                                                                            for                     0, off_0E3E, 50
0E3A:   30                                                                                      add_speed
0E3B:   02                                                                                      evt_next
0E3C:   0E00                                                                                    next                    0

off_0E3E:
0E3E:   2F000A00                                                                                speed_set               0, 10
0E42:   2F020A00                                                                                speed_set               2, 10
0E46:   2F011E00                                                                                speed_set               1, 30
0E4A:   0D0004003200                                                                            for                     0, off_0E54, 50
0E50:   30                                                                                      add_speed
0E51:   02                                                                                      evt_next
0E52:   0E00                                                                                    next                    0

off_0E54:
0E54:   0100                                                                                    evt_end                 0

.proc main_08
0E56:   2E0402                                                                                  work_set                WK_OBJECT, ID_OBJ_2
0E59:   00                                                                                      nop
0E5A:   3D1001                                                                                  member_copy             V_TEMP, M_BE_FLAG
0E5D:   00                                                                                      nop
0E5E:   260005100800                                                                            calc                    0, OP_OR, V_TEMP, 8
0E64:   350110                                                                                  member_set2             M_BE_FLAG, V_TEMP
0E67:   00                                                                                      nop
0E68:   0100                                                                                    evt_end                 0

.proc main_09
0E6A:   2E0400                                                                                  work_set                WK_OBJECT, ID_OBJ_0

off_0E6D:
0E6D:   00                                                                                      nop
0E6E:   2F040300                                                                                speed_set               4, 3
0E72:   0D0008000A00                                                                            for                     0, off_0E80, 10
0E78:   30                                                                                      add_speed
0E79:   00                                                                                      nop
0E7A:   090A0200                                                                                sleep                   10, 2
0E7E:   0E00                                                                                    next                    0

off_0E80:
0E80:   2F04FDFF                                                                                speed_set               4, -3
0E84:   0D0008001400                                                                            for                     0, off_0E92, 20
0E8A:   30                                                                                      add_speed
0E8B:   00                                                                                      nop
0E8C:   090A0300                                                                                sleep                   10, 3
0E90:   0E00                                                                                    next                    0

off_0E92:
0E92:   2F040300                                                                                speed_set               4, 3
0E96:   0D0008000A00                                                                            for                     0, off_0EA4, 10
0E9C:   30                                                                                      add_speed
0E9D:   00                                                                                      nop
0E9E:   090A0400                                                                                sleep                   10, 4
0EA2:   0E00                                                                                    next                    0

off_0EA4:
0EA4:   2F040200                                                                                speed_set               4, 2
0EA8:   0D0008001900                                                                            for                     0, off_0EB6, 25
0EAE:   30                                                                                      add_speed
0EAF:   00                                                                                      nop
0EB0:   090A0200                                                                                sleep                   10, 2
0EB4:   0E00                                                                                    next                    0

off_0EB6:
0EB6:   2F04FEFF                                                                                speed_set               4, -2
0EBA:   0D0008003200                                                                            for                     0, off_0EC8, 50
0EC0:   30                                                                                      add_speed
0EC1:   00                                                                                      nop
0EC2:   090A0200                                                                                sleep                   10, 2
0EC6:   0E00                                                                                    next                    0

off_0EC8:
0EC8:   2F040200                                                                                speed_set               4, 2
0ECC:   0D0008001900                                                                            for                     0, off_0EDA, 25
0ED2:   30                                                                                      add_speed
0ED3:   00                                                                                      nop
0ED4:   090A0200                                                                                sleep                   10, 2
0ED8:   0E00                                                                                    next                    0

off_0EDA:
0EDA:   2F040200                                                                                speed_set               4, 2
0EDE:   0D0008000F00                                                                            for                     0, off_0EEC, 15
0EE4:   30                                                                                      add_speed
0EE5:   00                                                                                      nop
0EE6:   090A0100                                                                                sleep                   10, 1
0EEA:   0E00                                                                                    next                    0

off_0EEC:
0EEC:   2F04FEFF                                                                                speed_set               4, -2
0EF0:   0D0008001E00                                                                            for                     0, off_0EFE, 30
0EF6:   30                                                                                      add_speed
0EF7:   00                                                                                      nop
0EF8:   090A0200                                                                                sleep                   10, 2
0EFC:   0E00                                                                                    next                    0

off_0EFE:
0EFE:   2F040200                                                                                speed_set               4, 2
0F02:   0D0008000F00                                                                            for                     0, off_0F10, 15
0F08:   30                                                                                      add_speed
0F09:   00                                                                                      nop
0F0A:   090A0100                                                                                sleep                   10, 1
0F0E:   0E00                                                                                    next                    0

off_0F10:
0F10:   17FFFF005DFF                                                                            goto                    255, 255, 0, off_0E6D
0F16:   0100                                                                                    evt_end                 0

.proc main_0A
0F18:   2E0400                                                                                  work_set                WK_OBJECT, ID_OBJ_0

off_0F1B:
0F1B:   00                                                                                      nop
0F1C:   2F010500                                                                                speed_set               1, 5
0F20:   0D0006001400                                                                            for                     0, off_0F2C, 20
0F26:   30                                                                                      add_speed
0F27:   31                                                                                      add_aspeed
0F28:   02                                                                                      evt_next
0F29:   00                                                                                      nop
0F2A:   0E00                                                                                    next                    0

off_0F2C:
0F2C:   2F01FBFF                                                                                speed_set               1, -5
0F30:   0D0006002800                                                                            for                     0, off_0F3C, 40
0F36:   30                                                                                      add_speed
0F37:   31                                                                                      add_aspeed
0F38:   02                                                                                      evt_next
0F39:   00                                                                                      nop
0F3A:   0E00                                                                                    next                    0

off_0F3C:
0F3C:   2F010500                                                                                speed_set               1, 5
0F40:   0D0006001400                                                                            for                     0, off_0F4C, 20
0F46:   30                                                                                      add_speed
0F47:   31                                                                                      add_aspeed
0F48:   02                                                                                      evt_next
0F49:   00                                                                                      nop
0F4A:   0E00                                                                                    next                    0

off_0F4C:
0F4C:   2F010600                                                                                speed_set               1, 6
0F50:   0D0006001E00                                                                            for                     0, off_0F5C, 30
0F56:   30                                                                                      add_speed
0F57:   31                                                                                      add_aspeed
0F58:   02                                                                                      evt_next
0F59:   00                                                                                      nop
0F5A:   0E00                                                                                    next                    0

off_0F5C:
0F5C:   2F01FAFF                                                                                speed_set               1, -6
0F60:   0D0006003C00                                                                            for                     0, off_0F6C, 60
0F66:   30                                                                                      add_speed
0F67:   31                                                                                      add_aspeed
0F68:   02                                                                                      evt_next
0F69:   00                                                                                      nop
0F6A:   0E00                                                                                    next                    0

off_0F6C:
0F6C:   2F010600                                                                                speed_set               1, 6
0F70:   0D0006001E00                                                                            for                     0, off_0F7C, 30
0F76:   30                                                                                      add_speed
0F77:   31                                                                                      add_aspeed
0F78:   02                                                                                      evt_next
0F79:   00                                                                                      nop
0F7A:   0E00                                                                                    next                    0

off_0F7C:
0F7C:   2F010700                                                                                speed_set               1, 7
0F80:   0D0006001900                                                                            for                     0, off_0F8C, 25
0F86:   30                                                                                      add_speed
0F87:   31                                                                                      add_aspeed
0F88:   02                                                                                      evt_next
0F89:   00                                                                                      nop
0F8A:   0E00                                                                                    next                    0

off_0F8C:
0F8C:   2F01F9FF                                                                                speed_set               1, -7
0F90:   0D0006003200                                                                            for                     0, off_0F9C, 50
0F96:   30                                                                                      add_speed
0F97:   31                                                                                      add_aspeed
0F98:   02                                                                                      evt_next
0F99:   00                                                                                      nop
0F9A:   0E00                                                                                    next                    0

off_0F9C:
0F9C:   2F010700                                                                                speed_set               1, 7
0FA0:   0D0006001900                                                                            for                     0, off_0FAC, 25
0FA6:   30                                                                                      add_speed
0FA7:   31                                                                                      add_aspeed
0FA8:   02                                                                                      evt_next
0FA9:   00                                                                                      nop
0FAA:   0E00                                                                                    next                    0

off_0FAC:
0FAC:   17FFFF006FFF                                                                            goto                    255, 255, 0, off_0F1B
0FB2:   0100                                                                                    evt_end                 0

.proc main_0B
0FB4:   2E0401                                                                                  work_set                WK_OBJECT, ID_OBJ_1
0FB7:   00                                                                                      nop
0FB8:   2F040002                                                                                speed_set               4, 512

off_0FBC:
0FBC:   30                                                                                      add_speed
0FBD:   02                                                                                      evt_next
0FBE:   17FFFF00FEFF                                                                            goto                    255, 255, 0, off_0FBC
0FC4:   0100                                                                                    evt_end                 0

.proc main_0C
0FC6:   2E0402                                                                                  work_set                WK_OBJECT, ID_OBJ_2
0FC9:   00                                                                                      nop
0FCA:   2F040002                                                                                speed_set               4, 512

off_0FCE:
0FCE:   30                                                                                      add_speed
0FCF:   02                                                                                      evt_next
0FD0:   17FFFF00FEFF                                                                            goto                    255, 255, 0, off_0FCE
0FD6:   0100                                                                                    evt_end                 0

.proc main_0D
0FD8:   11000800                                                                                do                      0, off_0FE4
0FDC:   02                                                                                      evt_next
0FDD:   00                                                                                      nop
0FDE:   1204                                                                                    edwhile                 off_0FE4
0FE0:   21052000                                                                                ck                      FG_ROOM, 32, 0

off_0FE4:
0FE4:   0100                                                                                    evt_end                 0
0FE6:   0407                                                                                    db                      0x04, 0x07
