.version 2

.init
.proc init
2512:   06000800                                                                                if                      0, off_251E
2516:   21010601                                                                                ck                      FG_GAME, F_BONUS, 1
251A:   0100                                                                                    evt_end                 0
251C:   08                                                                                      endif
251D:   00                                                                                      nop

off_251E:
251E:   06001600                                                                                if                      0, off_2538
2522:   2104FE01                                                                                ck                      FG_GENERAL_1, 254, 1
2526:   22044800                                                                                set                     FG_GENERAL_1, 72, 0
252A:   22085D00                                                                                set                     FG_ITEM, 93, 0
252E:   22046600                                                                                set                     FG_GENERAL_1, 102, 0
2532:   22040701                                                                                set                     FG_GENERAL_1, 7, 1
2536:   08                                                                                      endif
2537:   00                                                                                      nop

off_2538:
2538:   3B000131010064C01F921A1372063E35E8EAE8D7600400030A030C0100000000                        door_aot_se             0, SCE_DOOR, SAT_PL | SAT_MANUAL | SAT_FRONT, 1, 0, -16284, -28129, 4890, 1650, 13630, -5400, -10264, 1120, 0, 3, 10, 3, 12, 1, 0, 0, UNLOCKED, 0
2558:   3B0101310000B295B9B64407D00C63C2000082ABF807010100000D0300000000                        door_aot_se             1, SCE_DOOR, SAT_PL | SAT_MANUAL | SAT_FRONT, 0, 0, -27214, -18759, 1860, 3280, -15773, 0, -21630, 2040, 1, 1, 0, 0, 13, 3, 0, 0, UNLOCKED, 0
2578:   06005600                                                                                if                      0, off_25D2
257C:   21010100                                                                                ck                      FG_GAME, F_SCENARIO, 0
2580:   06002800                                                                                if                      0, off_25AC
2584:   21040700                                                                                ck                      FG_GENERAL_1, 7, 0
2588:   3B0201310100A0983FEF96054C0E46E7000081D65807010200000D0000000000                        door_aot_se             2, SCE_DOOR, SAT_PL | SAT_MANUAL | SAT_FRONT, 1, 0, -26464, -4289, 1430, 3660, -6330, 0, -10623, 1880, 1, 2, 0, 0, 13, 0, 0, 0, UNLOCKED, 0
25A8:   07002600                                                                                else                    0, off_25CE

off_25AC:
25AC:   3B0201310100A0983FEF96054C0E46E7000081D65807010200000D00008FFF00                        door_aot_se             2, SCE_DOOR, SAT_PL | SAT_MANUAL | SAT_FRONT, 1, 0, -26464, -4289, 1430, 3660, -6330, 0, -10623, 1880, 1, 2, 0, 0, 13, 0, 0, 143, LOCKED, 0
25CC:   00                                                                                      nop
25CD:   00                                                                                      nop

off_25CE:
25CE:   07002600                                                                                else                    0, off_25F4

off_25D2:
25D2:   3B0201310100A0983FEF96054C0E46E7000081D65807010200000D00008FFF00                        door_aot_se             2, SCE_DOOR, SAT_PL | SAT_MANUAL | SAT_FRONT, 1, 0, -26464, -4289, 1430, 3660, -6330, 0, -10623, 1880, 1, 2, 0, 0, 13, 0, 0, 143, LOCKED, 0
25F2:   00                                                                                      nop
25F3:   00                                                                                      nop

off_25F4:
25F4:   3B03013101001EF7B59C3A07A2083EC300005CC4D8FF010A00000D0000000000                        door_aot_se             3, SCE_DOOR, SAT_PL | SAT_MANUAL | SAT_FRONT, 1, 0, -2274, -25419, 1850, 2210, -15554, 0, -15268, -40, 1, 10, 0, 0, 13, 0, 0, 0, UNLOCKED, 0
2614:   2C0509310100FBCE73ED180B4C09010000000000                                                aot_set                 5, SCE_SAVE, SAT_PL | SAT_MANUAL | SAT_FRONT, 1, 0, -12549, -4749, 2840, 2380, 1, 0, 0, 0, 0, 0
2628:   2C06043101000EBDA30CC409980301000000FFFF                                                aot_set                 6, SCE_MESSAGE, SAT_PL | SAT_MANUAL | SAT_FRONT, 1, 0, -17138, 3235, 2500, 920, 1, 0, 0, 0, 255, 255
263C:   06001A00                                                                                if                      0, off_265A
2640:   21044800                                                                                ck                      FG_GENERAL_1, 72, 0
2644:   2C0D06210000B4C1F3DA6C1106090A0047000100                                                aot_set                 13, SCE_FLAG_CHG, SAT_PL | SAT_FRONT, 0, 0, -15948, -9485, 4460, 2310, 10, 0, ITEM_UNICORNMEDAL, 0, aot, 0
2658:   08                                                                                      endif
2659:   00                                                                                      nop

off_265A:
265A:   06001E00                                                                                if                      0, off_267C
265E:   21010100                                                                                ck                      FG_GAME, F_SCENARIO, 0
2662:   4E09023100004C3E0D2501000100590002005D0001A0                                            item_aot_set            9, SCE_ITEM, SAT_PL | SAT_MANUAL | SAT_FRONT, 0, 0, 15948, 9485, 1, 1, ITEM_SPADEKEY, 2, 93, 1, 160
2678:   07001C00                                                                                else                    0, off_2694

off_267C:
267C:   4E09023100004C3E0D2501000100590001005D0001A0                                            item_aot_set            9, SCE_ITEM, SAT_PL | SAT_MANUAL | SAT_FRONT, 0, 0, 15948, 9485, 1, 1, ITEM_SPADEKEY, 1, 93, 1, 160
2692:   00                                                                                      nop
2693:   00                                                                                      nop

off_2694:
2694:   2D0100000000000000000A0010002ECA91F918E0000000000000000000000000000000000000            obj_model_set           1, 0, 0, 0, 0, 0, 0, 10, 16, -13778, -1647, -8168, 0, 0, 0, 0, 0, 0, 0, 0, 0, 0, 0
26BA:   2D0200000000000000000A00100070CAFEF918DD800100000000000000000000000000000000            obj_model_set           2, 0, 0, 0, 0, 0, 0, 10, 16, -13712, -1538, -8936, 384, 0, 0, 0, 0, 0, 0, 0, 0, 0, 0
26E0:   4E04023101004DD273ED140A4C091E000300A6000300                                            item_aot_set            4, SCE_ITEM, SAT_PL | SAT_MANUAL | SAT_FRONT, 1, 0, -11699, -4749, 2580, 2380, ITEM_INKRIBBON, 3, 166, 3, 0
26F6:   2D0300000000000000000A00100035D980F3D9F3000000000000000000000000000000000000            obj_model_set           3, 0, 0, 0, 0, 0, 0, 10, 16, -9931, -3200, -3111, 0, 0, 0, 0, 0, 0, 0, 0, 0, 0, 0
271C:   06004C00                                                                                if                      0, off_276C
2720:   21049401                                                                                ck                      FG_GENERAL_1, 148, 1
2724:   2D0400000000010000000A001000F8C7F8F8471C000000040000000000000000000000000000            obj_model_set           4, 0, 0, 0, 0, 1, 0, 10, 16, -14344, -1800, 7239, 0, 1024, 0, 0, 0, 0, 0, 0, 0, 0, 0
274A:   3B11013101003BC6371A480856097FCAE0E3EE2298FC00100504160400000000                        door_aot_se             17, SCE_DOOR, SAT_PL | SAT_MANUAL | SAT_FRONT, 1, 0, -14789, 6711, 2120, 2390, -13697, -7200, 8942, -872, 0, 16, 5, 4, 22, 4, 0, 0, UNLOCKED, 0
276A:   08                                                                                      endif
276B:   00                                                                                      nop

off_276C:
276C:   0100                                                                                    evt_end                 0

.main
.proc main
278A:   06000A00                                                                                if                      0, off_2798
278E:   21010601                                                                                ck                      FG_GAME, F_BONUS, 1
2792:   180C                                                                                    gosub                   main_0C
2794:   0100                                                                                    evt_end                 0
2796:   08                                                                                      endif
2797:   00                                                                                      nop

off_2798:
2798:   06001400                                                                                if                      0, off_27B0
279C:   21040F01                                                                                ck                      FG_GENERAL_1, 15, 1
27A0:   06000A00                                                                                if                      0, off_27AE
27A4:   21010101                                                                                ck                      FG_GAME, F_SCENARIO, 1
27A8:   22042101                                                                                set                     FG_GENERAL_1, 33, 1
27AC:   08                                                                                      endif
27AD:   00                                                                                      nop

off_27AE:
27AE:   08                                                                                      endif
27AF:   00                                                                                      nop

off_27B0:
27B0:   06004400                                                                                if                      0, off_27F8
27B4:   21010100                                                                                ck                      FG_GAME, F_SCENARIO, 0
27B8:   4E1302310100BED9C7FD9A06BC0714001E0098000500                                            item_aot_set            19, SCE_ITEM, SAT_PL | SAT_MANUAL | SAT_FRONT, 1, 0, -9794, -569, 1690, 1980, ITEM_HANDGUNAMMO, 30, 152, 5, 0
27CE:   2D0500000000010000000A001000B6DD4EF3CF01000040020000000000000000000000000000            obj_model_set           5, 0, 0, 0, 0, 1, 0, 10, 16, -8778, -3250, 463, 0, 576, 0, 0, 0, 0, 0, 0, 0, 0, 0
27F4:   07004200                                                                                else                    0, off_2836

off_27F8:
27F8:   4E1302310100BED9C7FD9A06BC070900060098000600                                            item_aot_set            19, SCE_ITEM, SAT_PL | SAT_MANUAL | SAT_FRONT, 1, 0, -9794, -569, 1690, 1980, ITEM_GRENADELAUNCHEREXPLOSIVE, 6, 152, 6, 0
280E:   2D0600000000010000000A001000B6DD4EF39702000040020000000000000000000000000000            obj_model_set           6, 0, 0, 0, 0, 1, 0, 10, 16, -8778, -3250, 663, 0, 576, 0, 0, 0, 0, 0, 0, 0, 0, 0
2834:   00                                                                                      nop
2835:   00                                                                                      nop

off_2836:
2836:   1802                                                                                    gosub                   main_02
2838:   0100                                                                                    evt_end                 0

.proc aot
283A:   06000800                                                                                if                      0, off_2846
283E:   21010601                                                                                ck                      FG_GAME, F_BONUS, 1
2842:   0100                                                                                    evt_end                 0
2844:   08                                                                                      endif
2845:   00                                                                                      nop

off_2846:
2846:   1803                                                                                    gosub                   main_03
2848:   0100                                                                                    evt_end                 0

.proc main_02
284A:   06001A00                                                                                if                      0, off_2868
284E:   21049401                                                                                ck                      FG_GENERAL_1, 148, 1
2852:   2C10053101003BC6371A48085609FF0018040000                                                aot_set                 16, SCE_EVENT, SAT_PL | SAT_MANUAL | SAT_FRONT, 1, 0, -14789, 6711, 2120, 2390, 255, 0, I_GOSUB, main_04, 0, 0
2866:   08                                                                                      endif
2867:   00                                                                                      nop

off_2868:
2868:   2C080E310100000000000100010000000F000000                                                aot_set                 8, SCE_WINDOWS, SAT_PL | SAT_MANUAL | SAT_FRONT, 1, 0, 0, 0, 1, 1, 0, 0, 15, 0, 0, 0
287C:   2C070531010038BB2F03A00ACA08FF0018060000                                                aot_set                 7, SCE_EVENT, SAT_PL | SAT_MANUAL | SAT_FRONT, 1, 0, -17608, 815, 2720, 2250, 255, 0, I_GOSUB, main_06, 0, 0
2890:   06001E00                                                                                if                      0, off_28B2
2894:   21044800                                                                                ck                      FG_GENERAL_1, 72, 0
2898:   2E0401                                                                                  work_set                WK_OBJECT, 1
289B:   00                                                                                      nop
289C:   3200AE2A30F86822                                                                        pos_set                 0, 10926, -2000, 8808
28A4:   2E0402                                                                                  work_set                WK_OBJECT, 2
28A7:   00                                                                                      nop
28A8:   3200CB3562FA7222                                                                        pos_set                 0, 13771, -1438, 8818
28B0:   08                                                                                      endif
28B1:   00                                                                                      nop

off_28B2:
28B2:   2C0A05310000B4C1F3DA6C110609FF0018070000                                                aot_set                 10, SCE_EVENT, SAT_PL | SAT_MANUAL | SAT_FRONT, 0, 0, -15948, -9485, 4460, 2310, 255, 0, I_GOSUB, main_07, 0, 0
28C6:   540015000000961AF8C1D2F130070A00E6FB00000000                                            sce_espr3d_on           0, 21, 0, 6806, -15880, -3630, 1840, 10, -1050, 0, 0
28DC:   06001200                                                                                if                      0, off_28F2
28E0:   21040600                                                                                ck                      FG_GENERAL_1, 6, 0
28E4:   23001A000000                                                                            cmp                     0, V_CUT, CMP_EQ, 0
28EA:   04FF180B                                                                                evt_exec                255, I_GOSUB, main_0B
28EE:   07000A00                                                                                else                    0, off_28F8

off_28F2:
28F2:   22040601                                                                                set                     FG_GENERAL_1, 6, 1
28F6:   00                                                                                      nop
28F7:   00                                                                                      nop

off_28F8:
28F8:   06002E00                                                                                if                      0, off_292A
28FC:   21046600                                                                                ck                      FG_GENERAL_1, 102, 0
2900:   06002400                                                                                if                      0, off_2928
2904:   23001A000400                                                                            cmp                     0, V_CUT, CMP_EQ, 4
290A:   06001800                                                                                if                      0, off_2926
290E:   21010100                                                                                ck                      FG_GAME, F_SCENARIO, 0
2912:   06000E00                                                                                if                      0, off_2924
2916:   21040701                                                                                ck                      FG_GENERAL_1, 7, 1
291A:   22046601                                                                                set                     FG_GENERAL_1, 102, 1
291E:   04FF1805                                                                                evt_exec                255, I_GOSUB, main_05
2922:   08                                                                                      endif
2923:   00                                                                                      nop

off_2924:
2924:   08                                                                                      endif
2925:   00                                                                                      nop

off_2926:
2926:   08                                                                                      endif
2927:   00                                                                                      nop

off_2928:
2928:   08                                                                                      endif
2929:   00                                                                                      nop

off_292A:
292A:   06002400                                                                                if                      0, off_2952
292E:   21044600                                                                                ck                      FG_GENERAL_1, 70, 0
2932:   46010531FF0018090000                                                                    aot_reset               1, SCE_EVENT, SAT_PL | SAT_MANUAL | SAT_FRONT, 255, 0, I_GOSUB, main_09, 0, 0
293C:   06001000                                                                                if                      0, off_2950
2940:   211F1100                                                                                ck                      31, 17, 0
2944:   46030531FF00180A0000                                                                    aot_reset               3, SCE_EVENT, SAT_PL | SAT_MANUAL | SAT_FRONT, 255, 0, I_GOSUB, main_0A, 0, 0
294E:   08                                                                                      endif
294F:   00                                                                                      nop

off_2950:
2950:   08                                                                                      endif
2951:   00                                                                                      nop

off_2952:
2952:   0100                                                                                    evt_end                 0

.proc main_03
2954:   06002A00                                                                                if                      0, off_2982
2958:   21044800                                                                                ck                      FG_GENERAL_1, 72, 0
295C:   06002000                                                                                if                      0, off_2980
2960:   230002004700                                                                            cmp                     0, V_USED_ITEM, CMP_EQ, 71
2966:   2E0100                                                                                  work_set                WK_PLAYER, 0
2969:   00                                                                                      nop
296A:   06001000                                                                                if                      0, off_297E
296E:   3E0009000D00                                                                            member_cmp              0, 9, 0, 13, 0
2974:   22044801                                                                                set                     FG_GENERAL_1, 72, 1
2978:   04FF1808                                                                                evt_exec                255, I_GOSUB, main_08
297C:   08                                                                                      endif
297D:   00                                                                                      nop

off_297E:
297E:   08                                                                                      endif
297F:   00                                                                                      nop

off_2980:
2980:   08                                                                                      endif
2981:   00                                                                                      nop

off_2982:
2982:   0100                                                                                    evt_end                 0

.proc main_04
2984:   2B000600FFFF                                                                            message_on              0, 6, 0, 255, 255
298A:   02                                                                                      evt_next
298B:   00                                                                                      nop
298C:   06000800                                                                                if                      0, off_2998
2990:   210B1F00                                                                                ck                      FG_INPUT, F_QUESTION, 0
2994:   4711                                                                                    aot_on                  17
2996:   08                                                                                      endif
2997:   00                                                                                      nop

off_2998:
2998:   0100                                                                                    evt_end                 0

.proc main_05
299A:   22020701                                                                                set                     FG_STATE, 7, 1
299E:   02                                                                                      evt_next
299F:   2E0100                                                                                  work_set                WK_PLAYER, 0
29A2:   3200CBA1F8F8C0F9                                                                        pos_set                 0, -24117, -1800, -1600
29AA:   3300000068020000                                                                        dir_set                 0, 0, 616, 0
29B2:   22011B01                                                                                set                     FG_GAME, 27, 1
29B6:   090A0200                                                                                sleep                   10, 2
29BA:   3602110000006F9D000087BB                                                                se_on                   2, 17, 0, -25233, 0, -17529
29C6:   090A0A00                                                                                sleep                   10, 10
29CA:   4101CB8C80F35FF52020                                                                    plc_neck                1, -29493, -3200, -2721, 32, 32
29D4:   090A0A00                                                                                sleep                   10, 10
29D8:   40000920CB8C5FF5                                                                        plc_dest                0, 9, 32, -29493, -2721
29E0:   090A1E00                                                                                sleep                   10, 30
29E4:   42                                                                                      plc_ret
29E5:   22020700                                                                                set                     FG_STATE, 7, 0
29E9:   22011B00                                                                                set                     FG_GAME, 27, 0
29ED:   00                                                                                      nop
29EE:   0100                                                                                    evt_end                 0

.proc main_06
29F0:   22020701                                                                                set                     FG_STATE, 7, 1
29F4:   2B000500FFEF                                                                            message_on              0, 5, 0, 255, 239
29FA:   02                                                                                      evt_next
29FB:   00                                                                                      nop
29FC:   06002C00                                                                                if                      0, off_2A2C
2A00:   210B1F00                                                                                ck                      FG_INPUT, F_QUESTION, 0
2A04:   4708                                                                                    aot_on                  8
2A06:   02                                                                                      evt_next
2A07:   00                                                                                      nop
2A08:   06001E00                                                                                if                      0, off_2A2A
2A0C:   21044601                                                                                ck                      FG_GENERAL_1, 70, 1
2A10:   4601013163C2000082AB                                                                    aot_reset               1, SCE_DOOR, SAT_PL | SAT_MANUAL | SAT_FRONT, 99, 194, 0, 0, 130, 171
2A1A:   460301313EC300005CC4                                                                    aot_reset               3, SCE_DOOR, SAT_PL | SAT_MANUAL | SAT_FRONT, 62, 195, 0, 0, 92, 196
2A24:   221F1101                                                                                set                     31, 17, 1
2A28:   08                                                                                      endif
2A29:   00                                                                                      nop

off_2A2A:
2A2A:   08                                                                                      endif
2A2B:   00                                                                                      nop

off_2A2C:
2A2C:   22020700                                                                                set                     FG_STATE, 7, 0
2A30:   0100                                                                                    evt_end                 0

.proc main_07
2A32:   22020701                                                                                set                     FG_STATE, 7, 1
2A36:   290D                                                                                    cut_chg                 13
2A38:   06000E00                                                                                if                      0, off_2A4A
2A3C:   21044800                                                                                ck                      FG_GENERAL_1, 72, 0
2A40:   2B000000FFFF                                                                            message_on              0, 0, 0, 255, 255
2A46:   07002400                                                                                else                    0, off_2A6A

off_2A4A:
2A4A:   06001200                                                                                if                      0, off_2A60
2A4E:   21085D00                                                                                ck                      FG_ITEM, 93, 0
2A52:   090A1E00                                                                                sleep                   10, 30
2A56:   4709                                                                                    aot_on                  9
2A58:   22020701                                                                                set                     FG_STATE, 7, 1
2A5C:   07000C00                                                                                else                    0, off_2A68

off_2A60:
2A60:   2B000300FFFF                                                                            message_on              0, 3, 0, 255, 255
2A66:   00                                                                                      nop
2A67:   00                                                                                      nop

off_2A68:
2A68:   00                                                                                      nop
2A69:   00                                                                                      nop

off_2A6A:
2A6A:   02                                                                                      evt_next
2A6B:   2908                                                                                    cut_chg                 8
2A6D:   3C01                                                                                    cut_auto                1
2A6F:   22020700                                                                                set                     FG_STATE, 7, 0
2A73:   00                                                                                      nop
2A74:   0100                                                                                    evt_end                 0

.proc main_08
2A76:   22020701                                                                                set                     FG_STATE, 7, 1
2A7A:   36020D00000035CA62FA8EDD                                                                se_on                   2, 13, 0, -13771, -1438, -8818
2A86:   2E0402                                                                                  work_set                WK_OBJECT, 2
2A89:   00                                                                                      nop
2A8A:   320070CAFEF918DD                                                                        pos_set                 0, -13712, -1538, -8936
2A92:   510002000000                                                                            sce_bgm_control         0, 2, 0, 0, 0
2A98:   290E                                                                                    cut_chg                 14
2A9A:   02                                                                                      evt_next
2A9B:   6F05                                                                                    movie_on                5
2A9D:   00                                                                                      nop
2A9E:   11000800                                                                                do                      0, off_2AAA
2AA2:   02                                                                                      evt_next
2AA3:   00                                                                                      nop
2AA4:   1204                                                                                    edwhile                 off_2AAA
2AA6:   21001601                                                                                ck                      FG_0, 22, 1

off_2AAA:
2AAA:   090A0200                                                                                sleep                   10, 2
2AAE:   460D0031000000000000                                                                    aot_reset               13, SCE_AUTO, SAT_PL | SAT_MANUAL | SAT_FRONT, 0, 0, 0, 0, 0, 0
2AB8:   06001200                                                                                if                      0, off_2ACE
2ABC:   21010100                                                                                ck                      FG_GAME, F_SCENARIO, 0
2AC0:   46090231590002005D00                                                                    aot_reset               9, SCE_ITEM, SAT_PL | SAT_MANUAL | SAT_FRONT, 89, 0, 2, 0, 93, 0
2ACA:   07001000                                                                                else                    0, off_2ADA

off_2ACE:
2ACE:   46090231590001005D00                                                                    aot_reset               9, SCE_ITEM, SAT_PL | SAT_MANUAL | SAT_FRONT, 89, 0, 1, 0, 93, 0
2AD8:   00                                                                                      nop
2AD9:   00                                                                                      nop

off_2ADA:
2ADA:   2E0401                                                                                  work_set                WK_OBJECT, 1
2ADD:   00                                                                                      nop
2ADE:   320082C96EECAAE2                                                                        pos_set                 0, -13950, -5010, -7510
2AE6:   3300800400FC0003                                                                        dir_set                 0, 1152, -1024, 768
2AEE:   24070000                                                                                save                    V_07, 0
2AF2:   36020E00000082C96EECAAE2                                                                se_on                   2, 14, 0, -13950, -5010, -7510
2AFE:   0D003A000A00                                                                            for                     0, off_2B3E, 10
2B04:   3D100D                                                                                  member_copy             V_TEMP, 13
2B07:   00                                                                                      nop
2B08:   260001100A00                                                                            calc                    0, OP_SUB, V_TEMP, 10
2B0E:   350D10                                                                                  member_set2             13, V_TEMP
2B11:   00                                                                                      nop
2B12:   3D100C                                                                                  member_copy             V_TEMP, 12
2B15:   00                                                                                      nop
2B16:   27001007                                                                                calc2                   OP_ADD, V_TEMP, V_07
2B1A:   350C10                                                                                  member_set2             12, V_TEMP
2B1D:   00                                                                                      nop
2B1E:   3D1010                                                                                  member_copy             V_TEMP, 16
2B21:   00                                                                                      nop
2B22:   260001106400                                                                            calc                    0, OP_SUB, V_TEMP, 100
2B28:   351010                                                                                  member_set2             16, V_TEMP
2B2B:   00                                                                                      nop
2B2C:   251007                                                                                  copy                    V_TEMP, V_07
2B2F:   00                                                                                      nop
2B30:   260000100700                                                                            calc                    0, OP_ADD, V_TEMP, 7
2B36:   250710                                                                                  copy                    V_07, V_TEMP
2B39:   00                                                                                      nop
2B3A:   02                                                                                      evt_next
2B3B:   00                                                                                      nop
2B3C:   0E00                                                                                    next                    0

off_2B3E:
2B3E:   0D002C000800                                                                            for                     0, off_2B70, 8
2B44:   3D100D                                                                                  member_copy             V_TEMP, 13
2B47:   00                                                                                      nop
2B48:   260001100500                                                                            calc                    0, OP_SUB, V_TEMP, 5
2B4E:   350D10                                                                                  member_set2             13, V_TEMP
2B51:   00                                                                                      nop
2B52:   3D100C                                                                                  member_copy             V_TEMP, 12
2B55:   00                                                                                      nop
2B56:   27001007                                                                                calc2                   OP_ADD, V_TEMP, V_07
2B5A:   350C10                                                                                  member_set2             12, V_TEMP
2B5D:   00                                                                                      nop
2B5E:   251007                                                                                  copy                    V_TEMP, V_07
2B61:   00                                                                                      nop
2B62:   260000100700                                                                            calc                    0, OP_ADD, V_TEMP, 7
2B68:   250710                                                                                  copy                    V_07, V_TEMP
2B6B:   00                                                                                      nop
2B6C:   02                                                                                      evt_next
2B6D:   00                                                                                      nop
2B6E:   0E00                                                                                    next                    0

off_2B70:
2B70:   290D                                                                                    cut_chg                 13
2B72:   2E0401                                                                                  work_set                WK_OBJECT, 1
2B75:   00                                                                                      nop
2B76:   320002C936F218E0                                                                        pos_set                 0, -14078, -3530, -8168
2B7E:   34100000                                                                                member_set              16, 0, 0
2B82:   0D001E000A00                                                                            for                     0, off_2BA6, 10
2B88:   3D100C                                                                                  member_copy             V_TEMP, 12
2B8B:   00                                                                                      nop
2B8C:   27001007                                                                                calc2                   OP_ADD, V_TEMP, V_07
2B90:   350C10                                                                                  member_set2             12, V_TEMP
2B93:   00                                                                                      nop
2B94:   251007                                                                                  copy                    V_TEMP, V_07
2B97:   00                                                                                      nop
2B98:   260000100700                                                                            calc                    0, OP_ADD, V_TEMP, 7
2B9E:   250710                                                                                  copy                    V_07, V_TEMP
2BA1:   00                                                                                      nop
2BA2:   02                                                                                      evt_next
2BA3:   00                                                                                      nop
2BA4:   0E00                                                                                    next                    0

off_2BA6:
2BA6:   320002C991F918E0                                                                        pos_set                 0, -14078, -1647, -8168
2BAE:   2407BAFF                                                                                save                    V_07, -70
2BB2:   0D0048000200                                                                            for                     0, off_2C00, 2
2BB8:   3D100B                                                                                  member_copy             V_TEMP, 11
2BBB:   00                                                                                      nop
2BBC:   260000101400                                                                            calc                    0, OP_ADD, V_TEMP, 20
2BC2:   350B10                                                                                  member_set2             11, V_TEMP
2BC5:   00                                                                                      nop
2BC6:   3D100C                                                                                  member_copy             V_TEMP, 12
2BC9:   00                                                                                      nop
2BCA:   27001007                                                                                calc2                   OP_ADD, V_TEMP, V_07
2BCE:   350C10                                                                                  member_set2             12, V_TEMP
2BD1:   00                                                                                      nop
2BD2:   3D100F                                                                                  member_copy             V_TEMP, 15
2BD5:   00                                                                                      nop
2BD6:   260000104400                                                                            calc                    0, OP_ADD, V_TEMP, 68
2BDC:   350F10                                                                                  member_set2             15, V_TEMP
2BDF:   00                                                                                      nop
2BE0:   3D100E                                                                                  member_copy             V_TEMP, 14
2BE3:   00                                                                                      nop
2BE4:   260001104C00                                                                            calc                    0, OP_SUB, V_TEMP, 76
2BEA:   350E10                                                                                  member_set2             14, V_TEMP
2BED:   00                                                                                      nop
2BEE:   251007                                                                                  copy                    V_TEMP, V_07
2BF1:   00                                                                                      nop
2BF2:   260000100A00                                                                            calc                    0, OP_ADD, V_TEMP, 10
2BF8:   250710                                                                                  copy                    V_07, V_TEMP
2BFB:   00                                                                                      nop
2BFC:   02                                                                                      evt_next
2BFD:   00                                                                                      nop
2BFE:   0E00                                                                                    next                    0

off_2C00:
2C00:   36020F00000035CA62FA8EDD                                                                se_on                   2, 15, 0, -13771, -1438, -8818
2C0C:   0D0048000D00                                                                            for                     0, off_2C5A, 13
2C12:   3D100B                                                                                  member_copy             V_TEMP, 11
2C15:   00                                                                                      nop
2C16:   260000101400                                                                            calc                    0, OP_ADD, V_TEMP, 20
2C1C:   350B10                                                                                  member_set2             11, V_TEMP
2C1F:   00                                                                                      nop
2C20:   3D100C                                                                                  member_copy             V_TEMP, 12
2C23:   00                                                                                      nop
2C24:   27001007                                                                                calc2                   OP_ADD, V_TEMP, V_07
2C28:   350C10                                                                                  member_set2             12, V_TEMP
2C2B:   00                                                                                      nop
2C2C:   3D100F                                                                                  member_copy             V_TEMP, 15
2C2F:   00                                                                                      nop
2C30:   260000104400                                                                            calc                    0, OP_ADD, V_TEMP, 68
2C36:   350F10                                                                                  member_set2             15, V_TEMP
2C39:   00                                                                                      nop
2C3A:   3D100E                                                                                  member_copy             V_TEMP, 14
2C3D:   00                                                                                      nop
2C3E:   260001104C00                                                                            calc                    0, OP_SUB, V_TEMP, 76
2C44:   350E10                                                                                  member_set2             14, V_TEMP
2C47:   00                                                                                      nop
2C48:   251007                                                                                  copy                    V_TEMP, V_07
2C4B:   00                                                                                      nop
2C4C:   260000100A00                                                                            calc                    0, OP_ADD, V_TEMP, 10
2C52:   250710                                                                                  copy                    V_07, V_TEMP
2C55:   00                                                                                      nop
2C56:   02                                                                                      evt_next
2C57:   00                                                                                      nop
2C58:   0E00                                                                                    next                    0

off_2C5A:
2C5A:   340F9CFF                                                                                member_set              15, 156, 255
2C5E:   02                                                                                      evt_next
2C5F:   00                                                                                      nop
2C60:   340F6400                                                                                member_set              15, 100, 0
2C64:   02                                                                                      evt_next
2C65:   00                                                                                      nop
2C66:   340FCEFF                                                                                member_set              15, 206, 255
2C6A:   02                                                                                      evt_next
2C6B:   00                                                                                      nop
2C6C:   340F3200                                                                                member_set              15, 50, 0
2C70:   02                                                                                      evt_next
2C71:   00                                                                                      nop
2C72:   340FECFF                                                                                member_set              15, 236, 255
2C76:   02                                                                                      evt_next
2C77:   00                                                                                      nop
2C78:   340F1400                                                                                member_set              15, 20, 0
2C7C:   02                                                                                      evt_next
2C7D:   00                                                                                      nop
2C7E:   340FF6FF                                                                                member_set              15, 246, 255
2C82:   02                                                                                      evt_next
2C83:   00                                                                                      nop
2C84:   340F0A00                                                                                member_set              15, 10, 0
2C88:   02                                                                                      evt_next
2C89:   00                                                                                      nop
2C8A:   3300000000000000                                                                        dir_set                 0, 0, 0, 0
2C92:   090A1E00                                                                                sleep                   10, 30
2C96:   6247                                                                                    sce_item_lost           ITEM_UNICORNMEDAL
2C98:   2908                                                                                    cut_chg                 8
2C9A:   3C01                                                                                    cut_auto                1
2C9C:   510001000000                                                                            sce_bgm_control         0, 1, 0, 0, 0
2CA2:   22020700                                                                                set                     FG_STATE, 7, 0
2CA6:   0100                                                                                    evt_end                 0

.proc main_09
2CA8:   22020701                                                                                set                     FG_STATE, 7, 1
2CAC:   3602160000006F9D000087BB                                                                se_on                   2, 22, 0, -25233, 0, -17529
2CB8:   2B000200FFFF                                                                            message_on              0, 2, 0, 255, 255
2CBE:   02                                                                                      evt_next
2CBF:   22020700                                                                                set                     FG_STATE, 7, 0
2CC3:   00                                                                                      nop
2CC4:   0100                                                                                    evt_end                 0

.proc main_0A
2CC6:   22020701                                                                                set                     FG_STATE, 7, 1
2CCA:   3602160000005FF6F8F857A2                                                                se_on                   2, 22, 0, -2465, -1800, -23977
2CD6:   2B000200FFFF                                                                            message_on              0, 2, 0, 255, 255
2CDC:   02                                                                                      evt_next
2CDD:   22020700                                                                                set                     FG_STATE, 7, 0
2CE1:   00                                                                                      nop
2CE2:   0100                                                                                    evt_end                 0

.proc main_0B
2CE4:   22020701                                                                                set                     FG_STATE, 7, 1
2CE8:   290B                                                                                    cut_chg                 11
2CEA:   22011B01                                                                                set                     FG_GAME, 27, 1
2CEE:   24046400                                                                                save                    V_04, 100
2CF2:   1D040201                                                                                work_copy               4, 2, 1
2CF6:   6D000000                                                                                sce_scr_move            0, 0
2CFA:   02                                                                                      evt_next
2CFB:   2E0100                                                                                  work_set                WK_PLAYER, 0
2CFE:   66                                                                                      plc_stop
2CFF:   2E0100                                                                                  work_set                WK_PLAYER, 0
2D02:   2405F8F8                                                                                save                    V_05, -1800
2D06:   1D050401                                                                                work_copy               5, 4, 1
2D0A:   3200C3C90000E1A4                                                                        pos_set                 0, -13885, 0, -23327
2D12:   33000000950B0000                                                                        dir_set                 0, 0, 2965, 0
2D1A:   41020000000038FFFAFA                                                                    plc_neck                2, 0, 0, -200, 250, 250
2D24:   090A1E00                                                                                sleep                   10, 30
2D28:   2E0100                                                                                  work_set                WK_PLAYER, 0
2D2B:   00                                                                                      nop
2D2C:   41020000000000000202                                                                    plc_neck                2, 0, 0, 0, 2, 2
2D36:   0D0038006900                                                                            for                     0, off_2D74, 105
2D3C:   251004                                                                                  copy                    V_TEMP, V_04
2D3F:   00                                                                                      nop
2D40:   260000100100                                                                            calc                    0, OP_ADD, V_TEMP, 1
2D46:   250410                                                                                  copy                    V_04, V_TEMP
2D49:   00                                                                                      nop
2D4A:   1D040201                                                                                work_copy               4, 2, 1
2D4E:   6D000000                                                                                sce_scr_move            0, 0
2D52:   2E0100                                                                                  work_set                WK_PLAYER, 0
2D55:   00                                                                                      nop
2D56:   251005                                                                                  copy                    V_TEMP, V_05
2D59:   00                                                                                      nop
2D5A:   260000100E00                                                                            calc                    0, OP_ADD, V_TEMP, 14
2D60:   250510                                                                                  copy                    V_05, V_TEMP
2D63:   00                                                                                      nop
2D64:   1D050401                                                                                work_copy               5, 4, 1
2D68:   3200C3C90000E1A4                                                                        pos_set                 0, -13885, 0, -23327
2D70:   02                                                                                      evt_next
2D71:   00                                                                                      nop
2D72:   0E00                                                                                    next                    0

off_2D74:
2D74:   090A1E00                                                                                sleep                   10, 30
2D78:   2900                                                                                    cut_chg                 0
2D7A:   6D000000                                                                                sce_scr_move            0, 0
2D7E:   3C01                                                                                    cut_auto                1
2D80:   2E0100                                                                                  work_set                WK_PLAYER, 0
2D83:   00                                                                                      nop
2D84:   32001BCBF8F8269B                                                                        pos_set                 0, -13541, -1800, -25818
2D8C:   3300000045FC0000                                                                        dir_set                 0, 0, -955, 0
2D94:   22011B00                                                                                set                     FG_GAME, 27, 0
2D98:   42                                                                                      plc_ret
2D99:   22040601                                                                                set                     FG_GENERAL_1, 6, 1
2D9D:   22020700                                                                                set                     FG_STATE, 7, 0
2DA1:   00                                                                                      nop
2DA2:   0100                                                                                    evt_end                 0

.proc main_0C
2DA4:   2C000431010064C01F921A13720607000000FFFF                                                aot_set                 0, SCE_MESSAGE, SAT_PL | SAT_MANUAL | SAT_FRONT, 1, 0, -16284, -28129, 4890, 1650, 7, 0, 0, 0, 255, 255
2DB8:   3B0101310000B295B9B64407D00C63C2000082ABF807010100000D0300000000                        door_aot_se             1, SCE_DOOR, SAT_PL | SAT_MANUAL | SAT_FRONT, 0, 0, -27214, -18759, 1860, 3280, -15773, 0, -21630, 2040, 1, 1, 0, 0, 13, 3, 0, 0, UNLOCKED, 0
2DD8:   2C0204310100A0983FEF96054C0E07000000FFFF                                                aot_set                 2, SCE_MESSAGE, SAT_PL | SAT_MANUAL | SAT_FRONT, 1, 0, -26464, -4289, 1430, 3660, 7, 0, 0, 0, 255, 255
2DEC:   3B03013101001EF7B59C3A07A2083EC300005CC4D8FF010A00000D0000000000                        door_aot_se             3, SCE_DOOR, SAT_PL | SAT_MANUAL | SAT_FRONT, 1, 0, -2274, -25419, 1850, 2210, -15554, 0, -15268, -40, 1, 10, 0, 0, 13, 0, 0, 0, UNLOCKED, 0
2E0C:   0100                                                                                    evt_end                 0
