.version 2
.init
.proc init_00
0BB2:   06000800                                                                                if                      0, off_0BBE
0BB6:   21010601                                                                                ck                      1, 6, 1
0BBA:   0100                                                                                    evt_end                 0
0BBC:   08                                                                                      endif
0BBD:   00                                                                                      nop

off_0BBE:
0BBE:   370F0000                                                                                sca_id_set              15, 0, 0
0BC2:   3B00013100007BC518A4E0063011B29F000086BDC8DF010002000D0200000000                        door_aot_se             0, SCE_DOOR, SAT_PL | SAT_MANUAL | SAT_FRONT, 0, 0, -14981, -23528, 1760, 4400, -24654, 0, -17018, -8248, 1, 0, 2, 0, 13, 2, 0, 0, UNLOCKED, 0
0BE2:   3B0101310000EB9256975E062A08FC10000078BE200801040000090100000000                        door_aot_se             1, SCE_DOOR, SAT_PL | SAT_MANUAL | SAT_FRONT, 0, 0, -27925, -26794, 1630, 2090, 4348, 0, -16776, 2080, 1, 4, 0, 0, 9, 1, 0, 0, UNLOCKED, 0
0C02:   2C0A0A310000C7BF6C964C0EE40C000001000000                                                aot_set                 10, SCE_ITEMBOX, SAT_PL | SAT_MANUAL | SAT_FRONT, 0, 0, -16441, -27028, 3660, 3300, 0, 0, 1, 0, 0, 0
0C16:   2D0000000000000000000A00100079C75AFAEF9C000000080000000000000000000000000000            obj_model_set           0, 0, 0, 0, 0, 0, 0, 10, 16, -14471, -1446, -25361, 0, 2048, 0, 0, 0, 0, 0, 0, 0, 0, 0
0C3C:   2C080D310000F9970FB9C4090807010009000600                                                aot_set                 8, SCE_HIKIDASHI, SAT_PL | SAT_MANUAL | SAT_FRONT, 0, 0, -26631, -18161, 2500, 1800, 1, 0, 9, 0, 6, 0
0C50:   4E0202310000A0B06497A00A78056B0001005E000200                                            item_aot_set            2, SCE_ITEM, SAT_PL | SAT_MANUAL | SAT_FRONT, 0, 0, -20320, -26780, 2720, 1400, ITEM_107, 1, 94, 2, 0
0C66:   2D0200000000000000000A001000EBB576FD099A0000C0060000000000000000000000000000            obj_model_set           2, 0, 0, 0, 0, 0, 0, 10, 16, -18965, -650, -26103, 0, 1728, 0, 0, 0, 0, 0, 0, 0, 0, 0
0C8C:   2C0304310000DFB12FBC64191C0700000000FFFF                                                aot_set                 3, SCE_MESSAGE, SAT_PL | SAT_MANUAL | SAT_FRONT, 0, 0, -20001, -17361, 6500, 1820, 0, 0, 0, 0, 255, 255
0CA0:   2C0404310000B9AA5BBD3007400601000000FFFF                                                aot_set                 4, SCE_MESSAGE, SAT_PL | SAT_MANUAL | SAT_FRONT, 0, 0, -21831, -17061, 1840, 1600, 1, 0, 0, 0, 255, 255
0CB4:   2C0504310000FD9223B33C05740903000000FFFF                                                aot_set                 5, SCE_MESSAGE, SAT_PL | SAT_MANUAL | SAT_FRONT, 0, 0, -27907, -19677, 1340, 2420, 3, 0, 0, 0, 255, 255
0CC8:   2C06043100002D9AE393B207D80404000000FFFF                                                aot_set                 6, SCE_MESSAGE, SAT_PL | SAT_MANUAL | SAT_FRONT, 0, 0, -26067, -27677, 1970, 1240, 4, 0, 0, 0, 255, 255
0CDC:   2C07043100007CAFA4A8DA077C0605000000FFFF                                                aot_set                 7, SCE_MESSAGE, SAT_PL | SAT_MANUAL | SAT_FRONT, 0, 0, -20612, -22364, 2010, 1660, 5, 0, 0, 0, 255, 255
0CF0:   2C0704310000FFA5D7962003641407000000FFFF                                                aot_set                 7, SCE_MESSAGE, SAT_PL | SAT_MANUAL | SAT_FRONT, 0, 0, -23041, -26921, 800, 5220, 7, 0, 0, 0, 255, 255
0D04:   0100                                                                                    evt_end                 0
0D06:   0000                                                                                    db                      0x00, 0x00

.main
.proc main_00
0D20:   06000A00                                                                                if                      0, off_0D2E
0D24:   21010601                                                                                ck                      1, 6, 1
0D28:   180B                                                                                    gosub                   11
0D2A:   0100                                                                                    evt_end                 0
0D2C:   08                                                                                      endif
0D2D:   00                                                                                      nop

off_0D2E:
0D2E:   4E0902310000000000000A000A00230001005C000300                                            item_aot_set            9, SCE_ITEM, SAT_PL | SAT_MANUAL | SAT_FRONT, 0, 0, 0, 0, 10, 10, ITEM_FAIDSPRAY, 1, 92, 3, 0
0D44:   2D0300000000010000000A0030005B9B1EFBA7BA00FC00000005000000000000000000000000            obj_model_set           3, 0, 0, 0, 0, 1, 0, 10, 48, -25765, -1250, -17753, -1024, 0, 1280, 0, 0, 0, 0, 0, 0, 0, 0
0D6A:   1802                                                                                    gosub                   2
0D6C:   0100                                                                                    evt_end                 0

.proc main_01
0D6E:   06000800                                                                                if                      0, off_0D7A
0D72:   21010601                                                                                ck                      1, 6, 1
0D76:   0100                                                                                    evt_end                 0
0D78:   08                                                                                      endif
0D79:   00                                                                                      nop

off_0D7A:
0D7A:   1803                                                                                    gosub                   3
0D7C:   0100                                                                                    evt_end                 0

.proc main_02
0D7E:   06003800                                                                                if                      0, off_0DBA
0D82:   21010100                                                                                ck                      1, 1, 0
0D86:   06002C00                                                                                if                      0, off_0DB6
0D8A:   21040500                                                                                ck                      4, 5, 0
0D8E:   440000220244000E001859A9C8F1E591700700000000                                            sce_em_set              0, 0, ENEMY_LICKERRED, 2, 68, 0, 14, 0, 24, -22183, -3640, -28187, 1904, 0, 0
0DA4:   2E0300                                                                                  work_set                WK_ENEMY, 0
0DA7:   00                                                                                      nop
0DA8:   24047070                                                                                save                    4, 28784
0DAC:   24057000                                                                                save                    5, 112
0DB0:   1805                                                                                    gosub                   5
0DB2:   1808                                                                                    gosub                   8
0DB4:   08                                                                                      endif
0DB5:   00                                                                                      nop

off_0DB6:
0DB6:   07008200                                                                                else                    0, off_0E38

off_0DBA:
0DBA:   06003400                                                                                if                      0, off_0DF2
0DBE:   21001900                                                                                ck                      0, 25, 0
0DC2:   440001120020002A007560A200007FA615F700000000                                            sce_em_set              0, 1, ENEMY_ZOMBIEGUY1, 0, 32, 0, 42, 0, 117, -23968, 0, -22913, -2283, 0, 0
0DD8:   440002120600002B0076C2B40000369FB3FD00000000                                            sce_em_set              0, 2, ENEMY_ZOMBIEGUY1, 6, 0, 0, 43, 0, 118, -19262, 0, -24778, -589, 0, 0
0DEE:   07004800                                                                                else                    0, off_0E36

off_0DF2:
0DF2:   440001120000002A00759A9B0000BFB48B0000000000                                            sce_em_set              0, 1, ENEMY_ZOMBIEGUY1, 0, 0, 0, 42, 0, 117, -25702, 0, -19265, 139, 0, 0
0E08:   440002120020002B0076A5A10000BDA4550700000000                                            sce_em_set              0, 2, ENEMY_ZOMBIEGUY1, 0, 32, 0, 43, 0, 118, -24155, 0, -23363, 1877, 0, 0
0E1E:   440003120600002B00D46AB20000789E43FD00000000                                            sce_em_set              0, 3, ENEMY_ZOMBIEGUY1, 6, 0, 0, 43, 0, 212, -19862, 0, -24968, -701, 0, 0
0E34:   00                                                                                      nop
0E35:   00                                                                                      nop

off_0E36:
0E36:   00                                                                                      nop
0E37:   00                                                                                      nop

off_0E38:
0E38:   0100                                                                                    evt_end                 0

.proc main_03
0E3A:   06001E00                                                                                if                      0, off_0E5C
0E3E:   21010100                                                                                ck                      1, 1, 0
0E42:   06001400                                                                                if                      0, off_0E5A
0E46:   23001A000400                                                                            cmp                     0, 26, CMP_EQ, 4
0E4C:   21040500                                                                                ck                      4, 5, 0
0E50:   04FF1804                                                                                evt_exec                255, I_GOSUB, main_04
0E54:   22040501                                                                                set                     4, 5, 1
0E58:   08                                                                                      endif
0E59:   00                                                                                      nop

off_0E5A:
0E5A:   08                                                                                      endif
0E5B:   00                                                                                      nop

off_0E5C:
0E5C:   0100                                                                                    evt_end                 0

.proc main_04
0E5E:   2E0300                                                                                  work_set                WK_ENEMY, 0
0E61:   00                                                                                      nop
0E62:   34170100                                                                                member_set              23, 1, 0
0E66:   24070000                                                                                save                    7, 0
0E6A:   0F067200                                                                                while                   6, off_0EE0
0E6E:   230007052D00                                                                            cmp                     0, 7, CMP_NE, 45
0E74:   06002C00                                                                                if                      0, off_0EA4
0E78:   230007011000                                                                            cmp                     0, 7, CMP_GT, 16
0E7E:   230004010000                                                                            cmp                     0, 4, CMP_GT, 0
0E84:   251004                                                                                  copy                    16, 4
0E87:   00                                                                                      nop
0E88:   260001100404                                                                            calc                    0, OP_SUB, 16, 1028
0E8E:   250410                                                                                  copy                    4, 16
0E91:   00                                                                                      nop
0E92:   251005                                                                                  copy                    16, 5
0E95:   00                                                                                      nop
0E96:   260001100400                                                                            calc                    0, OP_SUB, 16, 4
0E9C:   250510                                                                                  copy                    5, 16
0E9F:   00                                                                                      nop
0EA0:   1805                                                                                    gosub                   5
0EA2:   08                                                                                      endif
0EA3:   00                                                                                      nop

off_0EA4:
0EA4:   06000A00                                                                                if                      0, off_0EB2
0EA8:   230007000C00                                                                            cmp                     0, 7, CMP_EQ, 12
0EAE:   1809                                                                                    gosub                   9
0EB0:   08                                                                                      endif
0EB1:   00                                                                                      nop

off_0EB2:
0EB2:   06000A00                                                                                if                      0, off_0EC0
0EB6:   230007001000                                                                            cmp                     0, 7, CMP_EQ, 16
0EBC:   180A                                                                                    gosub                   10
0EBE:   08                                                                                      endif
0EBF:   00                                                                                      nop

off_0EC0:
0EC0:   06000A00                                                                                if                      0, off_0ECE
0EC4:   230007001C00                                                                            cmp                     0, 7, CMP_EQ, 28
0ECA:   1806                                                                                    gosub                   6
0ECC:   08                                                                                      endif
0ECD:   00                                                                                      nop

off_0ECE:
0ECE:   251007                                                                                  copy                    16, 7
0ED1:   00                                                                                      nop
0ED2:   260000100100                                                                            calc                    0, OP_ADD, 16, 1
0ED8:   250710                                                                                  copy                    7, 16
0EDB:   00                                                                                      nop
0EDC:   02                                                                                      evt_next
0EDD:   00                                                                                      nop
0EDE:   1000                                                                                    ewhile                  0

off_0EE0:
0EE0:   1808                                                                                    gosub                   8
0EE2:   2E0300                                                                                  work_set                WK_ENEMY, 0
0EE5:   00                                                                                      nop
0EE6:   34170100                                                                                member_set              23, 1, 0
0EEA:   0100                                                                                    evt_end                 0

.proc main_05
0EEC:   24060000                                                                                save                    6, 0
0EF0:   0D002C001600                                                                            for                     0, off_0F22, 22
0EF6:   1D040801                                                                                work_copy               4, 8, 1
0EFA:   1D060200                                                                                work_copy               6, 2, 0
0EFE:   6E0000000000                                                                            parts_set               0, 0, 0, 0
0F04:   1D050801                                                                                work_copy               5, 8, 1
0F08:   1D060200                                                                                work_copy               6, 2, 0
0F0C:   6E0000010000                                                                            parts_set               0, 0, 1, 0
0F12:   251006                                                                                  copy                    16, 6
0F15:   00                                                                                      nop
0F16:   260000100100                                                                            calc                    0, OP_ADD, 16, 1
0F1C:   250610                                                                                  copy                    6, 16
0F1F:   00                                                                                      nop
0F20:   0E00                                                                                    next                    0

off_0F22:
0F22:   0100                                                                                    evt_end                 0

.proc main_06
0F24:   6E0016020000                                                                            parts_set               0, 22, 2, 0
0F2A:   6E0008020000                                                                            parts_set               0, 8, 2, 0
0F30:   6E0009020000                                                                            parts_set               0, 9, 2, 0
0F36:   6E0007020000                                                                            parts_set               0, 7, 2, 0
0F3C:   6E0002020000                                                                            parts_set               0, 2, 2, 0
0F42:   6E0001020000                                                                            parts_set               0, 1, 2, 0
0F48:   6E0003020000                                                                            parts_set               0, 3, 2, 0
0F4E:   6E000A020000                                                                            parts_set               0, 10, 2, 0
0F54:   6E0004020000                                                                            parts_set               0, 4, 2, 0
0F5A:   6E0005020000                                                                            parts_set               0, 5, 2, 0
0F60:   6E0006020000                                                                            parts_set               0, 6, 2, 0
0F66:   6E000B020000                                                                            parts_set               0, 11, 2, 0
0F6C:   6E000C020000                                                                            parts_set               0, 12, 2, 0
0F72:   6E000D020000                                                                            parts_set               0, 13, 2, 0
0F78:   0100                                                                                    evt_end                 0

.proc main_07
0F7A:   6E0016020100                                                                            parts_set               0, 22, 2, 1
0F80:   6E0008020100                                                                            parts_set               0, 8, 2, 1
0F86:   6E0009020100                                                                            parts_set               0, 9, 2, 1
0F8C:   6E0007020100                                                                            parts_set               0, 7, 2, 1
0F92:   6E0002020100                                                                            parts_set               0, 2, 2, 1
0F98:   6E0001020100                                                                            parts_set               0, 1, 2, 1
0F9E:   6E0003020100                                                                            parts_set               0, 3, 2, 1
0FA4:   6E000A020100                                                                            parts_set               0, 10, 2, 1
0FAA:   6E0004020100                                                                            parts_set               0, 4, 2, 1
0FB0:   6E0005020100                                                                            parts_set               0, 5, 2, 1
0FB6:   6E0006020100                                                                            parts_set               0, 6, 2, 1
0FBC:   6E000B020100                                                                            parts_set               0, 11, 2, 1
0FC2:   6E000C020100                                                                            parts_set               0, 12, 2, 1
0FC8:   6E000D020100                                                                            parts_set               0, 13, 2, 1
0FCE:   0100                                                                                    evt_end                 0

.proc main_08
0FD0:   6E0012020000                                                                            parts_set               0, 18, 2, 0
0FD6:   6E0013020000                                                                            parts_set               0, 19, 2, 0
0FDC:   6E0014020000                                                                            parts_set               0, 20, 2, 0
0FE2:   6E0015020000                                                                            parts_set               0, 21, 2, 0
0FE8:   6E000E020000                                                                            parts_set               0, 14, 2, 0
0FEE:   6E000F020000                                                                            parts_set               0, 15, 2, 0
0FF4:   6E0010020000                                                                            parts_set               0, 16, 2, 0
0FFA:   6E0011020000                                                                            parts_set               0, 17, 2, 0
1000:   0100                                                                                    evt_end                 0

.proc main_09
1002:   6E0012020100                                                                            parts_set               0, 18, 2, 1
1008:   6E0013020100                                                                            parts_set               0, 19, 2, 1
100E:   6E000E020100                                                                            parts_set               0, 14, 2, 1
1014:   6E000F020100                                                                            parts_set               0, 15, 2, 1
101A:   0100                                                                                    evt_end                 0

.proc main_0A
101C:   6E0014020100                                                                            parts_set               0, 20, 2, 1
1022:   6E0015020100                                                                            parts_set               0, 21, 2, 1
1028:   6E0010020100                                                                            parts_set               0, 16, 2, 1
102E:   6E0011020100                                                                            parts_set               0, 17, 2, 1
1034:   0100                                                                                    evt_end                 0

.proc main_0B
1036:   3B00013100007BC518A4E0063011B29F000086BDC8DF010002000D0200000000                        door_aot_se             0, SCE_DOOR, SAT_PL | SAT_MANUAL | SAT_FRONT, 0, 0, -14981, -23528, 1760, 4400, -24654, 0, -17018, -8248, 1, 0, 2, 0, 13, 2, 0, 0, UNLOCKED, 0
1056:   3B0101310000EB9256975E062A08FC10000078BE200801040000090100000000                        door_aot_se             1, SCE_DOOR, SAT_PL | SAT_MANUAL | SAT_FRONT, 0, 0, -27925, -26794, 1630, 2090, 4348, 0, -16776, 2080, 1, 4, 0, 0, 9, 1, 0, 0, UNLOCKED, 0
1076:   2D0000000000000000000A00100079C75AFAEF9C000000080000000000000000000000000000            obj_model_set           0, 0, 0, 0, 0, 0, 0, 10, 16, -14471, -1446, -25361, 0, 2048, 0, 0, 0, 0, 0, 0, 0, 0, 0
109C:   440000260000000000FF5BC20000CF99900100000000                                            sce_em_set              0, 0, ENEMY_BABYSPIDER, 0, 0, 0, 0, 0, 255, -15781, 0, -26161, 400, 0, 0
10B2:   44000125000000100073299D0000109FB50B00000000                                            sce_em_set              0, 1, ENEMY_SPIDER, 0, 0, 0, 16, 0, 115, -25303, 0, -24816, 2997, 0, 0
10C8:   44000225000000100074E4A2000045B35B0F00000000                                            sce_em_set              0, 2, ENEMY_SPIDER, 0, 0, 0, 16, 0, 116, -23836, 0, -19643, 3931, 0, 0
10DE:   0100                                                                                    evt_end                 0
