.version 2

.init
.proc init
1B9A:   3B000131000045E8E2D2080798084DA6F8F821F4C800010004010D01008FFE00                        door_aot_se             0, SCE_DOOR, SAT_PL | SAT_MANUAL | SAT_FRONT, 0, 0, -6075, -11550, 1800, 2200, -22963, -1800, -3039, 200, 1, 0, 4, 1, 13, 1, 0, 143, UNLOCK, 0
1BBA:   3B0101310000D49FDADA0807080768A70000B898000C0109000008010083FF00                        door_aot_se             1, SCE_DOOR, SAT_PL | SAT_MANUAL | SAT_FRONT, 0, 0, -24620, -9510, 1800, 1800, -22680, 0, -26440, 3072, 1, 9, 0, 0, 8, 1, 0, 131, LOCKED, 0
1BDA:   3B140131000045E8E2D2080798084DA6F8F821F4C800010004010D0100000000                        door_aot_se             20, SCE_DOOR, SAT_PL | SAT_MANUAL | SAT_FRONT, 0, 0, -6075, -11550, 1800, 2200, -22963, -1800, -3039, 200, 1, 0, 4, 1, 13, 1, 0, 0, UNLOCKED, 0
1BFA:   0100                                                                                    evt_end                 0

.main
.proc main
1C18:   4E040231000000000000010001004000010071000200                                            item_aot_set            4, SCE_ITEM, SAT_PL | SAT_MANUAL | SAT_FRONT, 0, 0, 0, 0, 1, 1, ITEM_DETONATOR, 1, 113, 2, 0
1C2E:   06001A00                                                                                if                      0, off_1C4C
1C32:   21087100                                                                                ck                      FG_ITEM, 113, 0
1C36:   2C0705310000D49F08A308076C07FF0018020000                                                aot_set                 7, SCE_EVENT, SAT_PL | SAT_MANUAL | SAT_FRONT, 0, 0, -24620, -23800, 1800, 1900, 255, 0, I_GOSUB, main_02, 0, 0
1C4A:   08                                                                                      endif
1C4B:   00                                                                                      nop

off_1C4C:
1C4C:   2C080431000054AC1CDAF00AB00405000000FFFF                                                aot_set                 8, SCE_MESSAGE, SAT_PL | SAT_MANUAL | SAT_FRONT, 0, 0, -21420, -9700, 2800, 1200, 5, 0, 0, 0, 255, 255
1C60:   2C090431000070DBBEB0100E080706000000FFFF                                                aot_set                 9, SCE_MESSAGE, SAT_PL | SAT_MANUAL | SAT_FRONT, 0, 0, -9360, -20290, 3600, 1800, 6, 0, 0, 0, 255, 255
1C74:   2C0A043100008E9582B00807080707000000FFFF                                                aot_set                 10, SCE_MESSAGE, SAT_PL | SAT_MANUAL | SAT_FRONT, 0, 0, -27250, -20350, 1800, 1800, 7, 0, 0, 0, 255, 255
1C88:   2C0B0431000078A1B09B0807340808000000FFFF                                                aot_set                 11, SCE_MESSAGE, SAT_PL | SAT_MANUAL | SAT_FRONT, 0, 0, -24200, -25680, 1800, 2100, 8, 0, 0, 0, 255, 255
1C9C:   06001C00                                                                                if                      0, off_1CBC
1CA0:   21001900                                                                                ck                      FG_0, F_DIFFICULT, 0
1CA4:   2C0C0431000048EA52B80807BC0C09000000FFFF                                                aot_set                 12, SCE_MESSAGE, SAT_PL | SAT_MANUAL | SAT_FRONT, 0, 0, -5560, -18350, 1800, 3260, 9, 0, 0, 0, 255, 255
1CB8:   07001C00                                                                                else                    0, off_1CD4

off_1CBC:
1CBC:   4E0C0231000048EA52B80807BC0C14000F007300FF00                                            item_aot_set            12, SCE_ITEM, SAT_PL | SAT_MANUAL | SAT_FRONT, 0, 0, -5560, -18350, 1800, 3260, ITEM_HANDGUNAMMO, 15, 115, 255, 0
1CD2:   00                                                                                      nop
1CD3:   00                                                                                      nop

off_1CD4:
1CD4:   06004000                                                                                if                      0, off_1D18
1CD8:   21001900                                                                                ck                      FG_0, F_DIFFICULT, 0
1CDC:   06001E00                                                                                if                      0, off_1CFE
1CE0:   21010100                                                                                ck                      FG_GAME, F_SCENARIO, 0
1CE4:   4E0F0231000064AB98BD8C0A080714000F0074000400                                            item_aot_set            15, SCE_ITEM, SAT_PL | SAT_MANUAL | SAT_FRONT, 0, 0, -21660, -17000, 2700, 1800, ITEM_HANDGUNAMMO, 15, 116, 4, 0
1CFA:   07001C00                                                                                else                    0, off_1D16

off_1CFE:
1CFE:   4E0F0231000064AB98BD8C0A080714000F0074000400                                            item_aot_set            15, SCE_ITEM, SAT_PL | SAT_MANUAL | SAT_FRONT, 0, 0, -21660, -17000, 2700, 1800, ITEM_HANDGUNAMMO, 15, 116, 4, 0
1D14:   00                                                                                      nop
1D15:   00                                                                                      nop

off_1D16:
1D16:   08                                                                                      endif
1D17:   00                                                                                      nop

off_1D18:
1D18:   4E10023100002CCF3CC4080708076A0001006F000000                                            item_aot_set            16, SCE_ITEM, SAT_PL | SAT_MANUAL | SAT_FRONT, 0, 0, -12500, -15300, 1800, 1800, ITEM_6A, 1, 111, 0, 0
1D2E:   4E1202310000C496BCD0E803E8032600010072000301                                            item_aot_set            18, SCE_ITEM, SAT_PL | SAT_MANUAL | SAT_FRONT, 0, 0, -26940, -12100, 1000, 1000, ITEM_HERBG, 1, 114, 3, 1
1D44:   2D0000000000000000000A0010001AD288FA3EC7000000000000000000000000000000000000            obj_model_set           0, 0, 0, 0, 0, 0, 0, 10, 16, -11750, -1400, -14530, 0, 0, 0, 0, 0, 0, 0, 0, 0, 0, 0
1D6A:   2D0200000000000000000A001000EAA224FA6EA6000000000000000000000000000000000000            obj_model_set           2, 0, 0, 0, 0, 0, 0, 10, 16, -23830, -1500, -22930, 0, 0, 0, 0, 0, 0, 0, 0, 0, 0, 0
1D90:   2D0300000000000000000A0010007C980000B0D2000000000000000000000000000000000000            obj_model_set           3, 0, 0, 0, 0, 0, 0, 10, 16, -26500, 0, -11600, 0, 0, 0, 0, 0, 0, 0, 0, 0, 0, 0
1DB6:   06002C00                                                                                if                      0, off_1DE6
1DBA:   21001900                                                                                ck                      FG_0, F_DIFFICULT, 0
1DBE:   2D0400000000000000000A0010005EB188FA1CC1000000000000000000000000000000000000            obj_model_set           4, 0, 0, 0, 0, 0, 0, 10, 16, -20130, -1400, -16100, 0, 0, 0, 0, 0, 0, 0, 0, 0, 0, 0
1DE4:   08                                                                                      endif
1DE5:   00                                                                                      nop

off_1DE6:
1DE6:   06006A00                                                                                if                      0, off_1E54
1DEA:   21010100                                                                                ck                      FG_GAME, F_SCENARIO, 0
1DEE:   06001E00                                                                                if                      0, off_1E10
1DF2:   21040700                                                                                ck                      FG_GENERAL_1, 7, 0
1DF6:   4400004A00080000001C2CE800001CC1000805011400                                            sce_em_set              0, 0, ENEMY_MARVIN_BRANAGH, 0, 8, 0, 0, 0, 28, -6100, 0, -16100, 2048, 261, 20
1E0C:   07004400                                                                                else                    0, off_1E50

off_1E10:
1E10:   4400004A00000004001CA0AB0000B49C180D05011400                                            sce_em_set              0, 0, ENEMY_MARVIN_BRANAGH, 0, 0, 0, 4, 0, 28, -21600, 0, -25420, 3352, 261, 20
1E26:   4400011E0540000680FF14B00000C8B5C80200000000                                            sce_em_set              0, 1, ENEMY_ZOMBIE_GUY3, 5, 64, 0, 6, 128, 255, -20460, 0, -19000, 712, 0, 0
1E3C:   2E0301                                                                                  work_set                WK_ENEMY, 1
1E3F:   00                                                                                      nop
1E40:   3D1000                                                                                  member_copy             V_TEMP, 0
1E43:   00                                                                                      nop
1E44:   260005100200                                                                            calc                    0, OP_OR, V_TEMP, 2
1E4A:   350010                                                                                  member_set2             0, V_TEMP
1E4D:   00                                                                                      nop
1E4E:   00                                                                                      nop
1E4F:   00                                                                                      nop

off_1E50:
1E50:   07000201                                                                                else                    0, off_1F52

off_1E54:
1E54:   06008800                                                                                if                      0, off_1EE0
1E58:   211D0400                                                                                ck                      FG_LOCK, 4, 0
1E5C:   4400004A00000004001CA0AB0000B49C180D05011400                                            sce_em_set              0, 0, ENEMY_MARVIN_BRANAGH, 0, 0, 0, 4, 0, 28, -21600, 0, -25420, 3352, 261, 20
1E72:   4400011E0540000683FF14B00000C8B5C80200000000                                            sce_em_set              0, 1, ENEMY_ZOMBIE_GUY3, 5, 64, 0, 6, 131, 255, -20460, 0, -19000, 712, 0, 0
1E88:   2E0301                                                                                  work_set                WK_ENEMY, 1
1E8B:   00                                                                                      nop
1E8C:   3D1000                                                                                  member_copy             V_TEMP, 0
1E8F:   00                                                                                      nop
1E90:   260005100200                                                                            calc                    0, OP_OR, V_TEMP, 2
1E96:   350010                                                                                  member_set2             0, V_TEMP
1E99:   00                                                                                      nop
1E9A:   4400021E00000004831EC49A000068C6340C00000000                                            sce_em_set              0, 2, ENEMY_ZOMBIE_GUY3, 0, 0, 0, 4, 131, 30, -25916, 0, -14744, 3124, 0, 0
1EB0:   4400031E00000006831F9AC90000CEBAB80700000000                                            sce_em_set              0, 3, ENEMY_ZOMBIE_GUY3, 0, 0, 0, 6, 131, 31, -13926, 0, -17714, 1976, 0, 0
1EC6:   4400041E00000004837D0FB50000CED5D80800000000                                            sce_em_set              0, 4, ENEMY_ZOMBIE_GUY3, 0, 0, 0, 4, 131, 125, -19185, 0, -10802, 2264, 0, 0
1EDC:   07007400                                                                                else                    0, off_1F50

off_1EE0:
1EE0:   4400011F00000004831D0DAD00007B9D180D00000000                                            sce_em_set              0, 1, ENEMY_ZOMBIE_RANDOM, 0, 0, 0, 4, 131, 29, -21235, 0, -25221, 3352, 0, 0
1EF6:   4400021F00000006831E14B00000C8B5C80200000000                                            sce_em_set              0, 2, ENEMY_ZOMBIE_RANDOM, 0, 0, 0, 6, 131, 30, -20460, 0, -19000, 712, 0, 0
1F0C:   4400031F00000004831FC49A000068C6340C00000000                                            sce_em_set              0, 3, ENEMY_ZOMBIE_RANDOM, 0, 0, 0, 4, 131, 31, -25916, 0, -14744, 3124, 0, 0
1F22:   4400041F06000004837D9AC90000CEBAB80700000000                                            sce_em_set              0, 4, ENEMY_ZOMBIE_RANDOM, 6, 0, 0, 4, 131, 125, -13926, 0, -17714, 1976, 0, 0
1F38:   4400051F06000006837E0FB50000CED5D80800000000                                            sce_em_set              0, 5, ENEMY_ZOMBIE_RANDOM, 6, 0, 0, 6, 131, 126, -19185, 0, -10802, 2264, 0, 0
1F4E:   00                                                                                      nop
1F4F:   00                                                                                      nop

off_1F50:
1F50:   00                                                                                      nop
1F51:   00                                                                                      nop

off_1F52:
1F52:   06005E00                                                                                if                      0, off_1FB4
1F56:   21010100                                                                                ck                      FG_GAME, F_SCENARIO, 0
1F5A:   06000E00                                                                                if                      0, off_1F6C
1F5E:   21040700                                                                                ck                      FG_GENERAL_1, 7, 0
1F62:   180A                                                                                    gosub                   main_0A
1F64:   04FF1803                                                                                evt_exec                255, I_GOSUB, main_03
1F68:   07004800                                                                                else                    0, off_1FB0

off_1F6C:
1F6C:   06001C00                                                                                if                      0, off_1F8C
1F70:   21040900                                                                                ck                      FG_GENERAL_1, 9, 0
1F74:   2C0605410000DEA9BEA1C80AEE07FF0018040000                                                aot_set                 6, SCE_EVENT, SAT_PL | SAT_UNDER, 0, 0, -22050, -24130, 2760, 2030, 255, 0, I_GOSUB, main_04, 0, 0
1F88:   07002600                                                                                else                    0, off_1FAE

off_1F8C:
1F8C:   06001C00                                                                                if                      0, off_1FAC
1F90:   21061C00                                                                                ck                      FG_ENEMY, 28, 0
1F94:   2E0300                                                                                  work_set                WK_ENEMY, 0
1F97:   00                                                                                      nop
1F98:   3D1007                                                                                  member_copy             V_TEMP, 7
1F9B:   00                                                                                      nop
1F9C:   260005100002                                                                            calc                    0, OP_OR, V_TEMP, 512
1FA2:   350710                                                                                  member_set2             7, V_TEMP
1FA5:   00                                                                                      nop
1FA6:   04FF180C                                                                                evt_exec                255, I_GOSUB, main_0C
1FAA:   08                                                                                      endif
1FAB:   00                                                                                      nop

off_1FAC:
1FAC:   00                                                                                      nop
1FAD:   00                                                                                      nop

off_1FAE:
1FAE:   00                                                                                      nop
1FAF:   00                                                                                      nop

off_1FB0:
1FB0:   07002A00                                                                                else                    0, off_1FDA

off_1FB4:
1FB4:   06002000                                                                                if                      0, off_1FD8
1FB8:   211D0400                                                                                ck                      FG_LOCK, 4, 0
1FBC:   21061C00                                                                                ck                      FG_ENEMY, 28, 0
1FC0:   2E0300                                                                                  work_set                WK_ENEMY, 0
1FC3:   00                                                                                      nop
1FC4:   3D1007                                                                                  member_copy             V_TEMP, 7
1FC7:   00                                                                                      nop
1FC8:   260005100002                                                                            calc                    0, OP_OR, V_TEMP, 512
1FCE:   350710                                                                                  member_set2             7, V_TEMP
1FD1:   00                                                                                      nop
1FD2:   04FF180C                                                                                evt_exec                255, I_GOSUB, main_0C
1FD6:   08                                                                                      endif
1FD7:   00                                                                                      nop

off_1FD8:
1FD8:   00                                                                                      nop
1FD9:   00                                                                                      nop

off_1FDA:
1FDA:   0100                                                                                    evt_end                 0

.proc aot
1FDC:   06002800                                                                                if                      0, off_2008
1FE0:   21061C01                                                                                ck                      FG_ENEMY, 28, 1
1FE4:   06001000                                                                                if                      0, off_1FF8
1FE8:   21050C00                                                                                ck                      FG_GENERAL_2, 12, 0
1FEC:   510105000000                                                                            sce_bgm_control         1, 5, 0, 0, 0
1FF2:   22050C01                                                                                set                     FG_GENERAL_2, 12, 1
1FF6:   08                                                                                      endif
1FF7:   00                                                                                      nop

off_1FF8:
1FF8:   06000A00                                                                                if                      0, off_2006
1FFC:   21010100                                                                                ck                      FG_GAME, F_SCENARIO, 0
2000:   221D0401                                                                                set                     FG_LOCK, 4, 1
2004:   08                                                                                      endif
2005:   00                                                                                      nop

off_2006:
2006:   08                                                                                      endif
2007:   00                                                                                      nop

off_2008:
2008:   0100                                                                                    evt_end                 0

.proc main_02
200A:   22020701                                                                                set                     FG_STATE, 7, 1
200E:   4704                                                                                    aot_on                  4
2010:   090A0100                                                                                sleep                   10, 1
2014:   22020700                                                                                set                     FG_STATE, 7, 0
2018:   06002000                                                                                if                      0, off_203C
201C:   21087101                                                                                ck                      FG_ITEM, 113, 1
2020:   46070000000000000000                                                                    aot_reset               7, SCE_AUTO, SAT_AUTO, 0, 0, 0, 0, 0, 0
202A:   06000C00                                                                                if                      0, off_203A
202E:   21084900                                                                                ck                      FG_ITEM, 73, 0
2032:   2B000000FFFF                                                                            message_on              0, 0, 0, 255, 255
2038:   08                                                                                      endif
2039:   00                                                                                      nop

off_203A:
203A:   08                                                                                      endif
203B:   00                                                                                      nop

off_203C:
203C:   0100                                                                                    evt_end                 0

.proc main_03
203E:   22020701                                                                                set                     FG_STATE, 7, 1
2042:   22011B01                                                                                set                     FG_GAME, 27, 1
2046:   090A0100                                                                                sleep                   10, 1
204A:   59000000                                                                                xa_on                   0, 0
204E:   090A0A00                                                                                sleep                   10, 10
2052:   2E0100                                                                                  work_set                WK_PLAYER, 0
2055:   00                                                                                      nop
2056:   41012CE830F81CC13C1E                                                                    plc_neck                1, -6100, -2000, -16100, 60, 30
2060:   4000152100048000                                                                        plc_dest                0, 21, 33, 1024, 128
2068:   1807                                                                                    gosub                   main_07
206A:   3D1007                                                                                  member_copy             V_TEMP, 7
206D:   00                                                                                      nop
206E:   26000610FF00                                                                            calc                    0, OP_AND, V_TEMP, 255
2074:   351A10                                                                                  member_set2             26, V_TEMP
2077:   00                                                                                      nop
2078:   06000A00                                                                                if                      0, off_2086
207C:   3E001A050000                                                                            member_cmp              0, 26, 5, 0, 0
2082:   07000A00                                                                                else                    0, off_208C

off_2086:
2086:   3F020204                                                                                plc_motion              2, 2, 4
208A:   00                                                                                      nop
208B:   00                                                                                      nop

off_208C:
208C:   090A0F00                                                                                sleep                   10, 15
2090:   0B                                                                                      wsleep
2091:   0C                                                                                      wsleeping
2092:   2906                                                                                    cut_chg                 6
2094:   090A1E00                                                                                sleep                   10, 30
2098:   2900                                                                                    cut_chg                 0
209A:   090A0100                                                                                sleep                   10, 1
209E:   090A0F00                                                                                sleep                   10, 15
20A2:   2E0100                                                                                  work_set                WK_PLAYER, 0
20A5:   00                                                                                      nop
20A6:   3D1007                                                                                  member_copy             V_TEMP, 7
20A9:   00                                                                                      nop
20AA:   26000610FF00                                                                            calc                    0, OP_AND, V_TEMP, 255
20B0:   351A10                                                                                  member_set2             26, V_TEMP
20B3:   00                                                                                      nop
20B4:   06000800                                                                                if                      0, off_20C0
20B8:   3E001A050000                                                                            member_cmp              0, 26, 5, 0, 0
20BE:   08                                                                                      endif
20BF:   00                                                                                      nop

off_20C0:
20C0:   090A0A00                                                                                sleep                   10, 10
20C4:   3D1007                                                                                  member_copy             V_TEMP, 7
20C7:   00                                                                                      nop
20C8:   26000610FFEF                                                                            calc                    0, OP_AND, V_TEMP, -4097
20CE:   350710                                                                                  member_set2             7, V_TEMP
20D1:   00                                                                                      nop
20D2:   400005217ADB50C9                                                                        plc_dest                0, 5, 33, -9350, -14000
20DA:   43010400                                                                                plc_flg                 1, 4
20DE:   1807                                                                                    gosub                   main_07
20E0:   4000052196E23ABC                                                                        plc_dest                0, 5, 33, -7530, -17350
20E8:   1807                                                                                    gosub                   main_07
20EA:   3D1007                                                                                  member_copy             V_TEMP, 7
20ED:   00                                                                                      nop
20EE:   260005100010                                                                            calc                    0, OP_OR, V_TEMP, 4096
20F4:   350710                                                                                  member_set2             7, V_TEMP
20F7:   00                                                                                      nop
20F8:   40001521F7FE8000                                                                        plc_dest                0, 21, 33, -265, 128
2100:   1807                                                                                    gosub                   main_07
2102:   0B                                                                                      wsleep
2103:   0C                                                                                      wsleeping
2104:   2E0100                                                                                  work_set                WK_PLAYER, 0
2107:   00                                                                                      nop
2108:   32006CE200003DBD                                                                        pos_set                 0, -7572, 0, -17091
2110:   33000000970E0000                                                                        dir_set                 0, 0, 3735, 0
2118:   2909                                                                                    cut_chg                 9
211A:   090A0100                                                                                sleep                   10, 1
211E:   510005000000                                                                            sce_bgm_control         0, 5, 0, 0, 0
2124:   2B001F000000                                                                            message_on              0, 31, 0, 0, 0
212A:   59000100                                                                                xa_on                   0, 1
212E:   3F010600                                                                                plc_motion              1, 6, 0
2132:   090A1400                                                                                sleep                   10, 20
2136:   0B                                                                                      wsleep
2137:   0C                                                                                      wsleeping
2138:   2B0020000000                                                                            message_on              0, 32, 0, 0, 0
213E:   59000200                                                                                xa_on                   0, 2
2142:   090A0A00                                                                                sleep                   10, 10
2146:   2E0100                                                                                  work_set                WK_PLAYER, 0
2149:   3F000500                                                                                plc_motion              0, 5, 0
214D:   00                                                                                      nop
214E:   090A1E00                                                                                sleep                   10, 30
2152:   090A0A00                                                                                sleep                   10, 10
2156:   3F000580                                                                                plc_motion              0, 5, 128
215A:   2E0300                                                                                  work_set                WK_ENEMY, 0
215D:   00                                                                                      nop
215E:   410196E244FD3ABC3C1E                                                                    plc_neck                1, -7530, -700, -17350, 60, 30
2168:   090A1E00                                                                                sleep                   10, 30
216C:   0B                                                                                      wsleep
216D:   0C                                                                                      wsleeping
216E:   2B0021000000                                                                            message_on              0, 33, 0, 0, 0
2174:   59000300                                                                                xa_on                   0, 3
2178:   0B                                                                                      wsleep
2179:   0C                                                                                      wsleeping
217A:   2B0022000000                                                                            message_on              0, 34, 0, 0, 0
2180:   59000400                                                                                xa_on                   0, 4
2184:   090A0A00                                                                                sleep                   10, 10
2188:   2E0100                                                                                  work_set                WK_PLAYER, 0
218B:   3F000700                                                                                plc_motion              0, 7, 0
218F:   00                                                                                      nop
2190:   090A1400                                                                                sleep                   10, 20
2194:   090A1E00                                                                                sleep                   10, 30
2198:   3F000780                                                                                plc_motion              0, 7, 128
219C:   090A1400                                                                                sleep                   10, 20
21A0:   3F000500                                                                                plc_motion              0, 5, 0
21A4:   090A1E00                                                                                sleep                   10, 30
21A8:   3F000580                                                                                plc_motion              0, 5, 128
21AC:   090A1E00                                                                                sleep                   10, 30
21B0:   0B                                                                                      wsleep
21B1:   0C                                                                                      wsleeping
21B2:   2B0023000000                                                                            message_on              0, 35, 0, 0, 0
21B8:   59000500                                                                                xa_on                   0, 5
21BC:   090A7800                                                                                sleep                   10, 120
21C0:   0B                                                                                      wsleep
21C1:   0C                                                                                      wsleeping
21C2:   2B0024000000                                                                            message_on              0, 36, 0, 0, 0
21C8:   59000600                                                                                xa_on                   0, 6
21CC:   2E0300                                                                                  work_set                WK_ENEMY, 0
21CF:   3F000700                                                                                plc_motion              0, 7, 0
21D3:   00                                                                                      nop
21D4:   090A3C00                                                                                sleep                   10, 60
21D8:   3F000780                                                                                plc_motion              0, 7, 128
21DC:   090A2800                                                                                sleep                   10, 40
21E0:   3F000514                                                                                plc_motion              0, 5, 20
21E4:   0B                                                                                      wsleep
21E5:   0C                                                                                      wsleeping
21E6:   4000140000000000                                                                        plc_dest                0, 20, 0, 0, 0
21EE:   2B0025000000                                                                            message_on              0, 37, 0, 0, 0
21F4:   59000700                                                                                xa_on                   0, 7
21F8:   2E0100                                                                                  work_set                WK_PLAYER, 0
21FB:   3F000500                                                                                plc_motion              0, 5, 0
21FF:   00                                                                                      nop
2200:   090A1E00                                                                                sleep                   10, 30
2204:   3F000580                                                                                plc_motion              0, 5, 128
2208:   090A1E00                                                                                sleep                   10, 30
220C:   3F000814                                                                                plc_motion              0, 8, 20
2210:   0B                                                                                      wsleep
2211:   0C                                                                                      wsleeping
2212:   4000140000000000                                                                        plc_dest                0, 20, 0, 0, 0
221A:   290B                                                                                    cut_chg                 11
221C:   090A0100                                                                                sleep                   10, 1
2220:   2B0026000000                                                                            message_on              0, 38, 0, 0, 0
2226:   59000800                                                                                xa_on                   0, 8
222A:   2E0300                                                                                  work_set                WK_ENEMY, 0
222D:   3F000514                                                                                plc_motion              0, 5, 20
2231:   00                                                                                      nop
2232:   090A5A00                                                                                sleep                   10, 90
2236:   3F000700                                                                                plc_motion              0, 7, 0
223A:   090A3C00                                                                                sleep                   10, 60
223E:   3F000780                                                                                plc_motion              0, 7, 128
2242:   090A3C00                                                                                sleep                   10, 60
2246:   3F000514                                                                                plc_motion              0, 5, 20
224A:   090A5A00                                                                                sleep                   10, 90
224E:   3F000600                                                                                plc_motion              0, 6, 0
2252:   090A3C00                                                                                sleep                   10, 60
2256:   3F000680                                                                                plc_motion              0, 6, 128
225A:   090A3C00                                                                                sleep                   10, 60
225E:   3F000514                                                                                plc_motion              0, 5, 20
2262:   0B                                                                                      wsleep
2263:   0C                                                                                      wsleeping
2264:   2909                                                                                    cut_chg                 9
2266:   090A0100                                                                                sleep                   10, 1
226A:   2B0027000000                                                                            message_on              0, 39, 0, 0, 0
2270:   59000900                                                                                xa_on                   0, 9
2274:   090A1E00                                                                                sleep                   10, 30
2278:   2E0300                                                                                  work_set                WK_ENEMY, 0
227B:   3F000A00                                                                                plc_motion              0, 10, 0
227F:   00                                                                                      nop
2280:   090A3C00                                                                                sleep                   10, 60
2284:   3F000A80                                                                                plc_motion              0, 10, 128
2288:   090A3C00                                                                                sleep                   10, 60
228C:   3F000514                                                                                plc_motion              0, 5, 20
2290:   090A5A00                                                                                sleep                   10, 90
2294:   3F000700                                                                                plc_motion              0, 7, 0
2298:   090A3C00                                                                                sleep                   10, 60
229C:   3F000780                                                                                plc_motion              0, 7, 128
22A0:   090A3C00                                                                                sleep                   10, 60
22A4:   3F000514                                                                                plc_motion              0, 5, 20
22A8:   0B                                                                                      wsleep
22A9:   0C                                                                                      wsleeping
22AA:   4000140000000000                                                                        plc_dest                0, 20, 0, 0, 0
22B2:   090A0100                                                                                sleep                   10, 1
22B6:   59000000                                                                                xa_on                   0, 0
22BA:   2E0300                                                                                  work_set                WK_ENEMY, 0
22BD:   00                                                                                      nop
22BE:   410196E200003ABC3C1E                                                                    plc_neck                1, -7530, 0, -17350, 60, 30
22C8:   0B                                                                                      wsleep
22C9:   0C                                                                                      wsleeping
22CA:   2B0028000000                                                                            message_on              0, 40, 0, 0, 0
22D0:   59000A00                                                                                xa_on                   0, 10
22D4:   2E0100                                                                                  work_set                WK_PLAYER, 0
22D7:   3F000600                                                                                plc_motion              0, 6, 0
22DB:   00                                                                                      nop
22DC:   090A0F00                                                                                sleep                   10, 15
22E0:   3F000680                                                                                plc_motion              0, 6, 128
22E4:   090A0F00                                                                                sleep                   10, 15
22E8:   3F000814                                                                                plc_motion              0, 8, 20
22EC:   0B                                                                                      wsleep
22ED:   0C                                                                                      wsleeping
22EE:   4000140000000000                                                                        plc_dest                0, 20, 0, 0, 0
22F6:   290B                                                                                    cut_chg                 11
22F8:   090A0100                                                                                sleep                   10, 1
22FC:   2B0029000000                                                                            message_on              0, 41, 0, 0, 0
2302:   59000B00                                                                                xa_on                   0, 11
2306:   2E0300                                                                                  work_set                WK_ENEMY, 0
2309:   00                                                                                      nop
230A:   410196E244FD3ABC3C1E                                                                    plc_neck                1, -7530, -700, -17350, 60, 30
2314:   3F000600                                                                                plc_motion              0, 6, 0
2318:   090A5000                                                                                sleep                   10, 80
231C:   3F000680                                                                                plc_motion              0, 6, 128
2320:   090A5000                                                                                sleep                   10, 80
2324:   0B                                                                                      wsleep
2325:   0C                                                                                      wsleeping
2326:   090A1E00                                                                                sleep                   10, 30
232A:   59000C00                                                                                xa_on                   0, 12
232E:   2B002A000000                                                                            message_on              0, 42, 0, 0, 0
2334:   2E0300                                                                                  work_set                WK_ENEMY, 0
2337:   3F000700                                                                                plc_motion              0, 7, 0
233B:   00                                                                                      nop
233C:   090A1E00                                                                                sleep                   10, 30
2340:   090A3C00                                                                                sleep                   10, 60
2344:   2E0100                                                                                  work_set                WK_PLAYER, 0
2347:   3F000600                                                                                plc_motion              0, 6, 0
234B:   00                                                                                      nop
234C:   090A1400                                                                                sleep                   10, 20
2350:   090A1E00                                                                                sleep                   10, 30
2354:   2E0100                                                                                  work_set                WK_PLAYER, 0
2357:   3F000680                                                                                plc_motion              0, 6, 128
235B:   00                                                                                      nop
235C:   090A1400                                                                                sleep                   10, 20
2360:   2E0300                                                                                  work_set                WK_ENEMY, 0
2363:   3F000780                                                                                plc_motion              0, 7, 128
2367:   00                                                                                      nop
2368:   0B                                                                                      wsleep
2369:   0C                                                                                      wsleeping
236A:   763501                                                                                  sce_item_get            53, 1
236D:   22080501                                                                                set                     FG_ITEM, 5, 1
2371:   00                                                                                      nop
2372:   090A0100                                                                                sleep                   10, 1
2376:   2B002B000000                                                                            message_on              0, 43, 0, 0, 0
237C:   59000D00                                                                                xa_on                   0, 13
2380:   2E0100                                                                                  work_set                WK_PLAYER, 0
2383:   3F000500                                                                                plc_motion              0, 5, 0
2387:   00                                                                                      nop
2388:   090A1400                                                                                sleep                   10, 20
238C:   3F000580                                                                                plc_motion              0, 5, 128
2390:   0B                                                                                      wsleep
2391:   0C                                                                                      wsleeping
2392:   2909                                                                                    cut_chg                 9
2394:   090A0100                                                                                sleep                   10, 1
2398:   2E0300                                                                                  work_set                WK_ENEMY, 0
239B:   3F000C00                                                                                plc_motion              0, 12, 0
239F:   5B0B                                                                                    plc_cnt                 11
23A1:   2906                                                                                    cut_chg                 6
23A3:   00                                                                                      nop
23A4:   090A0100                                                                                sleep                   10, 1
23A8:   2B002C000000                                                                            message_on              0, 44, 0, 0, 0
23AE:   59000E00                                                                                xa_on                   0, 14
23B2:   090A1E00                                                                                sleep                   10, 30
23B6:   36020A000300000000000000                                                                se_on                   2, 10, 3, 0, 0, 0
23C2:   0B                                                                                      wsleep
23C3:   0C                                                                                      wsleeping
23C4:   090A3C00                                                                                sleep                   10, 60
23C8:   2B002D000000                                                                            message_on              0, 45, 0, 0, 0
23CE:   59000F00                                                                                xa_on                   0, 15
23D2:   2E0100                                                                                  work_set                WK_PLAYER, 0
23D5:   3F010680                                                                                plc_motion              1, 6, 128
23D9:   00                                                                                      nop
23DA:   090A1400                                                                                sleep                   10, 20
23DE:   3F020200                                                                                plc_motion              2, 2, 0
23E2:   0B                                                                                      wsleep
23E3:   0C                                                                                      wsleeping
23E4:   2E0100                                                                                  work_set                WK_PLAYER, 0
23E7:   00                                                                                      nop
23E8:   2B002E000000                                                                            message_on              0, 46, 0, 0, 0
23EE:   59001000                                                                                xa_on                   0, 16
23F2:   2E0100                                                                                  work_set                WK_PLAYER, 0
23F5:   3F000900                                                                                plc_motion              0, 9, 0
23F9:   2E0300                                                                                  work_set                WK_ENEMY, 0
23FC:   3F000C80                                                                                plc_motion              0, 12, 128
2400:   090A1700                                                                                sleep                   10, 23
2404:   4000140000000000                                                                        plc_dest                0, 20, 0, 0, 0
240C:   090A1400                                                                                sleep                   10, 20
2410:   2E0100                                                                                  work_set                WK_PLAYER, 0
2413:   3F000980                                                                                plc_motion              0, 9, 128
2417:   00                                                                                      nop
2418:   0B                                                                                      wsleep
2419:   0C                                                                                      wsleeping
241A:   2E0300                                                                                  work_set                WK_ENEMY, 0
241D:   3F000514                                                                                plc_motion              0, 5, 20
2421:   2E0100                                                                                  work_set                WK_PLAYER, 0
2424:   41000000000000000000                                                                    plc_neck                0, 0, 0, 0, 0, 0
242E:   3D1007                                                                                  member_copy             V_TEMP, 7
2431:   00                                                                                      nop
2432:   26000610FFEF                                                                            calc                    0, OP_AND, V_TEMP, -4097
2438:   350710                                                                                  member_set2             7, V_TEMP
243B:   00                                                                                      nop
243C:   40000521F8DF14D3                                                                        plc_dest                0, 5, 33, -8200, -11500
2444:   1807                                                                                    gosub                   main_07
2446:   3D1007                                                                                  member_copy             V_TEMP, 7
2449:   00                                                                                      nop
244A:   260005100010                                                                            calc                    0, OP_OR, V_TEMP, 4096
2450:   350710                                                                                  member_set2             7, V_TEMP
2453:   00                                                                                      nop
2454:   1809                                                                                    gosub                   main_09
2456:   57000202060300C0                                                                        sce_bgmtbl_set          0, 2, 2, 774, 49152
245E:   22040701                                                                                set                     FG_GENERAL_1, 7, 1
2462:   4714                                                                                    aot_on                  20
2464:   0100                                                                                    evt_end                 0

.proc main_04
2466:   46060041000000000000                                                                    aot_reset               6, SCE_AUTO, SAT_PL | SAT_UNDER, 0, 0, 0, 0, 0, 0
2470:   22020701                                                                                set                     FG_STATE, 7, 1
2474:   22011B01                                                                                set                     FG_GAME, 27, 1
2478:   510005000000                                                                            sce_bgm_control         0, 5, 0, 0, 0
247E:   2907                                                                                    cut_chg                 7
2480:   2E0100                                                                                  work_set                WK_PLAYER, 0
2483:   00                                                                                      nop
2484:   4000092114B2199F                                                                        plc_dest                0, 9, 33, -19948, -24807
248C:   58008000                                                                                plc_rot                 0, 128
2490:   1807                                                                                    gosub                   main_07
2492:   090A1E00                                                                                sleep                   10, 30
2496:   2905                                                                                    cut_chg                 5
2498:   2E0300                                                                                  work_set                WK_ENEMY, 0
249B:   00                                                                                      nop
249C:   3200B3AC00004F9D                                                                        pos_set                 0, -21325, 0, -25265
24A4:   33000000B80D0000                                                                        dir_set                 0, 0, 3512, 0
24AC:   3F000840                                                                                plc_motion              0, 8, 64
24B0:   5B14                                                                                    plc_cnt                 20
24B2:   090A0100                                                                                sleep                   10, 1
24B6:   3D1007                                                                                  member_copy             V_TEMP, 7
24B9:   00                                                                                      nop
24BA:   260005100080                                                                            calc                    0, OP_OR, V_TEMP, -32768
24C0:   350710                                                                                  member_set2             7, V_TEMP
24C3:   00                                                                                      nop
24C4:   2E0300                                                                                  work_set                WK_ENEMY, 0
24C7:   00                                                                                      nop
24C8:   410200000000E0FF3C1E                                                                    plc_neck                2, 0, 0, -32, 60, 30
24D2:   3D1007                                                                                  member_copy             V_TEMP, 7
24D5:   00                                                                                      nop
24D6:   26000610FF7F                                                                            calc                    0, OP_AND, V_TEMP, 32767
24DC:   350710                                                                                  member_set2             7, V_TEMP
24DF:   00                                                                                      nop
24E0:   3F000800                                                                                plc_motion              0, 8, 0
24E4:   5B14                                                                                    plc_cnt                 20
24E6:   090A2800                                                                                sleep                   10, 40
24EA:   090A0E00                                                                                sleep                   10, 14
24EE:   2908                                                                                    cut_chg                 8
24F0:   2E0100                                                                                  work_set                WK_PLAYER, 0
24F3:   00                                                                                      nop
24F4:   3200E0B10000D0A3                                                                        pos_set                 0, -20000, 0, -23600
24FC:   33000000E2040000                                                                        dir_set                 0, 0, 1250, 0
2504:   3F020204                                                                                plc_motion              2, 2, 4
2508:   090A0100                                                                                sleep                   10, 1
250C:   59000000                                                                                xa_on                   0, 0
2510:   510101000000                                                                            sce_bgm_control         1, 1, 0, 0, 0
2516:   2E0300                                                                                  work_set                WK_ENEMY, 0
2519:   00                                                                                      nop
251A:   3D1007                                                                                  member_copy             V_TEMP, 7
251D:   00                                                                                      nop
251E:   260005100002                                                                            calc                    0, OP_OR, V_TEMP, 512
2524:   350710                                                                                  member_set2             7, V_TEMP
2527:   00                                                                                      nop
2528:   320062AD0000EE9E                                                                        pos_set                 0, -21150, 0, -24850
2530:   33000000AC0D0000                                                                        dir_set                 0, 0, 3500, 0
2538:   090A0500                                                                                sleep                   10, 5
253C:   3F020014                                                                                plc_motion              2, 0, 20
2540:   11001800                                                                                do                      0, off_255C
2544:   3D1007                                                                                  member_copy             V_TEMP, 7
2547:   00                                                                                      nop
2548:   260006100002                                                                            calc                    0, OP_AND, V_TEMP, 512
254E:   351A10                                                                                  member_set2             26, V_TEMP
2551:   00                                                                                      nop
2552:   02                                                                                      evt_next
2553:   00                                                                                      nop
2554:   1206                                                                                    edwhile                 off_255C
2556:   3E001A050000                                                                            member_cmp              0, 26, 5, 0, 0

off_255C:
255C:   090A3C00                                                                                sleep                   10, 60
2560:   0B                                                                                      wsleep
2561:   0C                                                                                      wsleeping
2562:   2905                                                                                    cut_chg                 5
2564:   2E0300                                                                                  work_set                WK_ENEMY, 0
2567:   00                                                                                      nop
2568:   34061E00                                                                                member_set              6, 30, 0
256C:   34070000                                                                                member_set              7, 0, 0
2570:   34020000                                                                                member_set              2, 0, 0
2574:   34030000                                                                                member_set              3, 0, 0
2578:   34040000                                                                                member_set              4, 0, 0
257C:   34050000                                                                                member_set              5, 0, 0
2580:   090A0100                                                                                sleep                   10, 1
2584:   5700020206FF0000                                                                        sce_bgmtbl_set          0, 2, 2, 65286, 0
258C:   22040901                                                                                set                     FG_GENERAL_1, 9, 1
2590:   1809                                                                                    gosub                   main_09
2592:   0100                                                                                    evt_end                 0

.proc main_05
2594:   2E0300                                                                                  work_set                WK_ENEMY, 0
2597:   3F000800                                                                                plc_motion              0, 8, 0
259B:   5B14                                                                                    plc_cnt                 20
259D:   00                                                                                      nop
259E:   090A2800                                                                                sleep                   10, 40
25A2:   0100                                                                                    evt_end                 0

.proc main_06
25A4:   2E0100                                                                                  work_set                WK_PLAYER, 0
25A7:   00                                                                                      nop
25A8:   4000042434B3ECAF                                                                        plc_dest                0, 4, 36, -19660, -20500
25B0:   1808                                                                                    gosub                   main_08
25B2:   3F020204                                                                                plc_motion              2, 2, 4
25B6:   0100                                                                                    evt_end                 0

.proc main_07
25B8:   11000800                                                                                do                      0, off_25C4
25BC:   02                                                                                      evt_next
25BD:   00                                                                                      nop
25BE:   1204                                                                                    edwhile                 off_25C4
25C0:   21052100                                                                                ck                      FG_GENERAL_2, 33, 0

off_25C4:
25C4:   0100                                                                                    evt_end                 0

.proc main_08
25C6:   11000800                                                                                do                      0, off_25D2
25CA:   02                                                                                      evt_next
25CB:   00                                                                                      nop
25CC:   1204                                                                                    edwhile                 off_25D2
25CE:   21052400                                                                                ck                      FG_GENERAL_2, 36, 0

off_25D2:
25D2:   0100                                                                                    evt_end                 0

.proc main_09
25D4:   2E0100                                                                                  work_set                WK_PLAYER, 0
25D7:   42                                                                                      plc_ret
25D8:   22020700                                                                                set                     FG_STATE, 7, 0
25DC:   22011B00                                                                                set                     FG_GAME, 27, 0
25E0:   3C01                                                                                    cut_auto                1
25E2:   0100                                                                                    evt_end                 0

.proc main_0A
25E4:   2E0300                                                                                  work_set                WK_ENEMY, 0
25E7:   00                                                                                      nop
25E8:   3D1000                                                                                  member_copy             V_TEMP, 0
25EB:   00                                                                                      nop
25EC:   260005100400                                                                            calc                    0, OP_OR, V_TEMP, 4
25F2:   350010                                                                                  member_set2             0, V_TEMP
25F5:   00                                                                                      nop
25F6:   0100                                                                                    evt_end                 0

.proc main_0B
25F8:   090A0100                                                                                sleep                   10, 1
25FC:   2E0300                                                                                  work_set                WK_ENEMY, 0
25FF:   00                                                                                      nop
2600:   3D1007                                                                                  member_copy             V_TEMP, 7
2603:   00                                                                                      nop
2604:   260005100002                                                                            calc                    0, OP_OR, V_TEMP, 512
260A:   350710                                                                                  member_set2             7, V_TEMP
260D:   00                                                                                      nop
260E:   090A0500                                                                                sleep                   10, 5
2612:   3F020004                                                                                plc_motion              2, 0, 4
2616:   11001800                                                                                do                      0, off_2632
261A:   3D1007                                                                                  member_copy             V_TEMP, 7
261D:   00                                                                                      nop
261E:   260006100002                                                                            calc                    0, OP_AND, V_TEMP, 512
2624:   351A10                                                                                  member_set2             26, V_TEMP
2627:   00                                                                                      nop
2628:   02                                                                                      evt_next
2629:   00                                                                                      nop
262A:   1206                                                                                    edwhile                 off_2632
262C:   3E001A050000                                                                            member_cmp              0, 26, 5, 0, 0

off_2632:
2632:   090A0100                                                                                sleep                   10, 1
2636:   2E0300                                                                                  work_set                WK_ENEMY, 0
2639:   00                                                                                      nop
263A:   34061E00                                                                                member_set              6, 30, 0
263E:   34070000                                                                                member_set              7, 0, 0
2642:   34020000                                                                                member_set              2, 0, 0
2646:   34030000                                                                                member_set              3, 0, 0
264A:   34040000                                                                                member_set              4, 0, 0
264E:   34050000                                                                                member_set              5, 0, 0
2652:   0100                                                                                    evt_end                 0

.proc main_0C
2654:   090A0100                                                                                sleep                   10, 1
2658:   2E0300                                                                                  work_set                WK_ENEMY, 0
265B:   00                                                                                      nop
265C:   34061E00                                                                                member_set              6, 30, 0
2660:   34070000                                                                                member_set              7, 0, 0
2664:   34020000                                                                                member_set              2, 0, 0
2668:   34030000                                                                                member_set              3, 0, 0
266C:   34040000                                                                                member_set              4, 0, 0
2670:   34050000                                                                                member_set              5, 0, 0
2674:   0100                                                                                    evt_end                 0

.proc main_0D
2676:   11000800                                                                                do                      0, off_2682
267A:   02                                                                                      evt_next
267B:   00                                                                                      nop
267C:   1204                                                                                    edwhile                 off_2682
267E:   21052300                                                                                ck                      FG_GENERAL_2, 35, 0

off_2682:
2682:   0100                                                                                    evt_end                 0
