.version 2

.init
.proc init
06C6:   3B0001310000BF93ABA5D804A609A9C7000087E3E80701040400080000000000                        door_aot_se             ID_AOT_0, SCE_DOOR, SAT_PL | SAT_MANUAL | SAT_FRONT, 0, 0, -27713, -23125, 1240, 2470, -14423, 0, -7289, 2024, 1, 4, 4, 0, 8, 0, 0, 0, UNLOCKED, 0
06E6:   4E0602310000C6A59D9A9C09DC1E760001009900FF00                                            item_aot_set            ID_AOT_6, SCE_ITEM, SAT_PL | SAT_MANUAL | SAT_FRONT, 0, 0, -23098, -25955, 2460, 7900, ITEM_PATROLREPORT, 1, 153, ID_OBJ_255, IF_DEFAULT
06FC:   4E0202310000ED97E1B5AC034E071E00030023000100                                            item_aot_set            ID_AOT_2, SCE_ITEM, SAT_PL | SAT_MANUAL | SAT_FRONT, 0, 0, -26643, -18975, 940, 1870, ITEM_INKRIBBON, 3, 35, ID_OBJ_1, IF_DEFAULT
0712:   2D0100000000000000000A0010006B665FF76D47000000008001000000000000000000000000            obj_model_set           ID_OBJ_1, 0, 0, 0, 0, 0, 0, 10, 16, 26219, -2209, 18285, 0, 0, 384, 0, 0, 0, 0, 0, 0, 0, 0
0738:   2C0704310000C6A59D9A9C09DC1E00000000FFFF                                                aot_set                 ID_AOT_7, SCE_MESSAGE, SAT_PL | SAT_MANUAL | SAT_FRONT, 0, 0, -23098, -25955, 2460, 7900, ID_MSG_0, 0, 0, 0, 255, 255
074C:   2C0804310000049A67C6D61FB00401000000FFFF                                                aot_set                 ID_AOT_8, SCE_MESSAGE, SAT_PL | SAT_MANUAL | SAT_FRONT, 0, 0, -26108, -14745, 8150, 1200, ID_MSG_1, 0, 0, 0, 255, 255
0760:   2C0904310000E095D5B7B405780502000000FFFF                                                aot_set                 ID_AOT_9, SCE_MESSAGE, SAT_PL | SAT_MANUAL | SAT_FRONT, 0, 0, -27168, -18475, 1460, 1400, ID_MSG_2, 0, 0, 0, 255, 255
0774:   2C0B043100004FAE6398180B660303000000FFFF                                                aot_set                 ID_AOT_11, SCE_MESSAGE, SAT_PL | SAT_MANUAL | SAT_FRONT, 0, 0, -20913, -26525, 2840, 870, ID_MSG_3, 0, 0, 0, 255, 255
0788:   2C0D04310000029C3B989C09B00404000000FFFF                                                aot_set                 ID_AOT_13, SCE_MESSAGE, SAT_PL | SAT_MANUAL | SAT_FRONT, 0, 0, -25598, -26565, 2460, 1200, ID_MSG_4, 0, 0, 0, 255, 255
079C:   2D000200000000000000800100000FB7000098AD000000FC000032007CFC0000A30284035802            obj_model_set           ID_OBJ_0, 2, 0, 0, 0, 0, 0, 384, 0, -18673, 0, -21096, 0, -1024, 0, 50, -900, 0, 675, 132, 3, 88, 2
07C2:   0100                                                                                    evt_end                 0

.main
.proc main
07C8:   06004400                                                                                if                      0, off_0810
07CC:   21010100                                                                                ck                      FG_STATUS, F_SCENARIO, 0
07D0:   4E05023101007BAF6398F807660343000100BC000400                                            item_aot_set            ID_AOT_5, SCE_ITEM, SAT_PL | SAT_MANUAL | SAT_FRONT, 1, 0, -20613, -26525, 2040, 870, ITEM_CRANK, 1, 188, ID_OBJ_4, IF_DEFAULT
07E6:   2D0400000000000000000A00100015B460F0BA99000040FB0000000000000000000000000000            obj_model_set           ID_OBJ_4, 0, 0, 0, 0, 0, 0, 10, 16, -19435, -4000, -26182, 0, -1216, 0, 0, 0, 0, 0, 0, 0, 0, 0
080C:   07004200                                                                                else                    0, off_084E

off_0810:
0810:   4E05023101007BAF6398F80766032F00010027000500                                            item_aot_set            ID_AOT_5, SCE_ITEM, SAT_PL | SAT_MANUAL | SAT_FRONT, 1, 0, -20613, -26525, 2040, 870, ITEM_LIGHTER, 1, 39, ID_OBJ_5, IF_DEFAULT
0826:   2D0500000000000000000A00100015B460F0BA99000040FB0000000000000000000000000000            obj_model_set           ID_OBJ_5, 0, 0, 0, 0, 0, 0, 10, 16, -19435, -4000, -26182, 0, -1216, 0, 0, 0, 0, 0, 0, 0, 0, 0
084C:   00                                                                                      nop
084D:   00                                                                                      nop

off_084E:
084E:   0100                                                                                    evt_end                 0

.proc aot
0850:   0100                                                                                    evt_end                 0
0852:   049A                                                                                    db                      0x04, 0x9A
