.version 2
.init
.proc init_00
0CC2:   3B0001310000ABBF6A986E052607569B0000BF9E880E01070000080000000000                        door_aot_se             0, SCE_DOOR, SAT_PL | SAT_MANUAL | SAT_FRONT, 0, 0, -16469, -26518, 1390, 1830, -25770, 0, -24897, 3720, 1, 7, 0, 0, 8, 0, 0, 0, UNLOCKED, 0
0CE2:   3B070131000057A0E8926608A20367A50000FAD990030102030008000083FE00                        door_aot_se             7, SCE_DOOR, SAT_PL | SAT_MANUAL | SAT_FRONT, 0, 0, -24489, -27928, 2150, 930, -23193, 0, -9734, 912, 1, 2, 3, 0, 8, 0, 0, 131, UNLOCK, 0
0D02:   06001E00                                                                                if                      0, off_0D24
0D06:   21010100                                                                                ck                      1, 1, 0
0D0A:   4E020231000000000000000000004400010045000100                                            item_aot_set            2, SCE_ITEM, SAT_PL | SAT_MANUAL | SAT_FRONT, 0, 0, 0, 0, 0, 0, ITEM_FILMA, 1, 69, 1, 0
0D20:   07001C00                                                                                else                    0, off_0D3C

off_0D24:
0D24:   4E020231000000000000000000004500010046000100                                            item_aot_set            2, SCE_ITEM, SAT_PL | SAT_MANUAL | SAT_FRONT, 0, 0, 0, 0, 0, 0, ITEM_FILMB, 1, 70, 1, 0
0D3A:   00                                                                                      nop
0D3B:   00                                                                                      nop

off_0D3C:
0D3C:   2C0403310000F5A64CA5E8082003000000000000                                                aot_set                 4, SCE_NORMAL, SAT_PL | SAT_MANUAL | SAT_FRONT, 0, 0, -22795, -23220, 2280, 800, 0, 0, 0, 0, 0, 0
0D50:   2C0503310000F69E76AA5A0A3403000000000000                                                aot_set                 5, SCE_NORMAL, SAT_PL | SAT_MANUAL | SAT_FRONT, 0, 0, -24842, -21898, 2650, 820, 0, 0, 0, 0, 0, 0
0D64:   2C06033100004393329BFE06EA0B000000000000                                                aot_set                 6, SCE_NORMAL, SAT_PL | SAT_MANUAL | SAT_FRONT, 0, 0, -27837, -25806, 1790, 3050, 0, 0, 0, 0, 0, 0
0D78:   06008A00                                                                                if                      0, off_0E06
0D7C:   21010100                                                                                ck                      1, 1, 0
0D80:   4400001F0600000303837E9C0000C99D4F0000000000                                            sce_em_set              0, 0, ENEMY_ZOMBIERANDOM, 6, 0, 0, 3, 3, 131, -25474, 0, -25143, 79, 0, 0
0D96:   4400011F0600002A0384ECA6000083A31D0400000000                                            sce_em_set              0, 1, ENEMY_ZOMBIERANDOM, 6, 0, 0, 42, 3, 132, -22804, 0, -23677, 1053, 0, 0
0DAC:   4400021F060000030385CBB30000249F950700000000                                            sce_em_set              0, 2, ENEMY_ZOMBIERANDOM, 6, 0, 0, 3, 3, 133, -19509, 0, -24796, 1941, 0, 0
0DC2:   4400031F0600002A0386C4BD0000C1AC600700000000                                            sce_em_set              0, 3, ENEMY_ZOMBIERANDOM, 6, 0, 0, 42, 3, 134, -16956, 0, -21311, 1888, 0, 0
0DD8:   4400041F00000003038781AC0000B2AF680D00000000                                            sce_em_set              0, 4, ENEMY_ZOMBIERANDOM, 0, 0, 0, 3, 3, 135, -21375, 0, -20558, 3432, 0, 0
0DEE:   4400051F0000002A03882CA80000B1B3380000000000                                            sce_em_set              0, 5, ENEMY_ZOMBIERANDOM, 0, 0, 0, 42, 3, 136, -22484, 0, -19535, 56, 0, 0
0E04:   08                                                                                      endif
0E05:   00                                                                                      nop

off_0E06:
0E06:   0100                                                                                    evt_end                 0

.main
.proc main_00
0E14:   06001200                                                                                if                      0, off_0E2A
0E18:   21084800                                                                                ck                      8, 72, 0
0E1C:   46040531FF0018040000                                                                    aot_reset               4, SCE_EVENT, SAT_PL | SAT_MANUAL | SAT_FRONT, 255, 0, I_GOSUB, main_04, 0, 0
0E26:   07001000                                                                                else                    0, off_0E36

off_0E2A:
0E2A:   46040000000000000000                                                                    aot_reset               4, SCE_AUTO, SAT_AUTO, 0, 0, 0, 0, 0, 0
0E34:   00                                                                                      nop
0E35:   00                                                                                      nop

off_0E36:
0E36:   06002A00                                                                                if                      0, off_0E64
0E3A:   21010100                                                                                ck                      1, 1, 0
0E3E:   06001200                                                                                if                      0, off_0E54
0E42:   21084500                                                                                ck                      8, 69, 0
0E46:   46050531FF0018050000                                                                    aot_reset               5, SCE_EVENT, SAT_PL | SAT_MANUAL | SAT_FRONT, 255, 0, I_GOSUB, main_05, 0, 0
0E50:   07001000                                                                                else                    0, off_0E60

off_0E54:
0E54:   46050000000000000000                                                                    aot_reset               5, SCE_AUTO, SAT_AUTO, 0, 0, 0, 0, 0, 0
0E5E:   00                                                                                      nop
0E5F:   00                                                                                      nop

off_0E60:
0E60:   07002800                                                                                else                    0, off_0E88

off_0E64:
0E64:   06001200                                                                                if                      0, off_0E7A
0E68:   21084600                                                                                ck                      8, 70, 0
0E6C:   46050531FF0018050000                                                                    aot_reset               5, SCE_EVENT, SAT_PL | SAT_MANUAL | SAT_FRONT, 255, 0, I_GOSUB, main_05, 0, 0
0E76:   07001000                                                                                else                    0, off_0E86

off_0E7A:
0E7A:   46050000000000000000                                                                    aot_reset               5, SCE_AUTO, SAT_AUTO, 0, 0, 0, 0, 0, 0
0E84:   00                                                                                      nop
0E85:   00                                                                                      nop

off_0E86:
0E86:   00                                                                                      nop
0E87:   00                                                                                      nop

off_0E88:
0E88:   06001200                                                                                if                      0, off_0E9E
0E8C:   21032100                                                                                ck                      3, 33, 0
0E90:   46060531FF0018020000                                                                    aot_reset               6, SCE_EVENT, SAT_PL | SAT_MANUAL | SAT_FRONT, 255, 0, I_GOSUB, main_02, 0, 0
0E9A:   07002800                                                                                else                    0, off_0EC2

off_0E9E:
0E9E:   06001200                                                                                if                      0, off_0EB4
0EA2:   21084900                                                                                ck                      8, 73, 0
0EA6:   46060531FF0018030000                                                                    aot_reset               6, SCE_EVENT, SAT_PL | SAT_MANUAL | SAT_FRONT, 255, 0, I_GOSUB, main_03, 0, 0
0EB0:   07001000                                                                                else                    0, off_0EC0

off_0EB4:
0EB4:   46060000000000000000                                                                    aot_reset               6, SCE_AUTO, SAT_AUTO, 0, 0, 0, 0, 0, 0
0EBE:   00                                                                                      nop
0EBF:   00                                                                                      nop

off_0EC0:
0EC0:   00                                                                                      nop
0EC1:   00                                                                                      nop

off_0EC2:
0EC2:   4E010231000000000000000000001D00240048000000                                            item_aot_set            1, SCE_ITEM, SAT_PL | SAT_MANUAL | SAT_FRONT, 0, 0, 0, 0, 0, 0, ITEM_BOWGUNAMMO, 36, 72, 0, 0
0ED8:   06001E00                                                                                if                      0, off_0EFA
0EDC:   21010100                                                                                ck                      1, 1, 0
0EE0:   4E020231000000000000000000004400010045000100                                            item_aot_set            2, SCE_ITEM, SAT_PL | SAT_MANUAL | SAT_FRONT, 0, 0, 0, 0, 0, 0, ITEM_FILMA, 1, 69, 1, 0
0EF6:   07001C00                                                                                else                    0, off_0F12

off_0EFA:
0EFA:   4E020231000000000000000000004500010046000100                                            item_aot_set            2, SCE_ITEM, SAT_PL | SAT_MANUAL | SAT_FRONT, 0, 0, 0, 0, 0, 0, ITEM_FILMB, 1, 70, 1, 0
0F10:   00                                                                                      nop
0F11:   00                                                                                      nop

off_0F12:
0F12:   4E030231000000000000000000004100010049000200                                            item_aot_set            3, SCE_ITEM, SAT_PL | SAT_MANUAL | SAT_FRONT, 0, 0, 0, 0, 0, 0, ITEM_C4, 1, 73, 2, 0
0F28:   2D0000000000000000000A001000000000000000000000F50000000000000000000000000000            obj_model_set           0, 0, 0, 0, 0, 0, 0, 10, 16, 0, 0, 0, 0, -2816, 0, 0, 0, 0, 0, 0, 0, 0, 0
0F4E:   2D0100000000000000000A001000000000000000C00DC0EE82FA000000000000000000000000            obj_model_set           1, 0, 0, 0, 0, 0, 0, 10, 16, 0, 0, 0, 3520, -4416, -1406, 0, 0, 0, 0, 0, 0, 0, 0
0F74:   2D0200000000000000000A001000000000000000000000FE0000000000000000000000000000            obj_model_set           2, 0, 0, 0, 0, 0, 0, 10, 16, 0, 0, 0, 0, -512, 0, 0, 0, 0, 0, 0, 0, 0, 0
0F9A:   0100                                                                                    evt_end                 0

.proc main_01
0F9C:   06001000                                                                                if                      0, off_0FB0
0FA0:   21084901                                                                                ck                      8, 73, 1
0FA4:   46060000000000000000                                                                    aot_reset               6, SCE_AUTO, SAT_AUTO, 0, 0, 0, 0, 0, 0
0FAE:   08                                                                                      endif
0FAF:   00                                                                                      nop

off_0FB0:
0FB0:   0100                                                                                    evt_end                 0

.proc main_02
0FB2:   46060000000000000000                                                                    aot_reset               6, SCE_AUTO, SAT_AUTO, 0, 0, 0, 0, 0, 0
0FBC:   2B00040000FF                                                                            message_on              0, 4, 0, 0, 255
0FC2:   02                                                                                      evt_next
0FC3:   00                                                                                      nop
0FC4:   06002C00                                                                                if                      0, off_0FF4
0FC8:   210B1F00                                                                                ck                      11, 31, 0
0FCC:   360227010000779BF8F80AA1                                                                se_on                   2, 295, 0, -25737, -1800, -24310
0FD8:   22020701                                                                                set                     2, 7, 1
0FDC:   22020201                                                                                set                     2, 2, 1
0FE0:   2B00060000FF                                                                            message_on              0, 6, 0, 0, 255
0FE6:   02                                                                                      evt_next
0FE7:   22032101                                                                                set                     3, 33, 1
0FEB:   00                                                                                      nop
0FEC:   04FF1803                                                                                evt_exec                255, I_GOSUB, main_03
0FF0:   07001C00                                                                                else                    0, off_100C

off_0FF4:
0FF4:   360405010100000000000000                                                                se_on                   4, 261, 1, 0, 0, 0
1000:   46060531FF0018020000                                                                    aot_reset               6, SCE_EVENT, SAT_PL | SAT_MANUAL | SAT_FRONT, 255, 0, I_GOSUB, main_02, 0, 0
100A:   00                                                                                      nop
100B:   00                                                                                      nop

off_100C:
100C:   0100                                                                                    evt_end                 0

.proc main_03
100E:   46060000000000000000                                                                    aot_reset               6, SCE_AUTO, SAT_AUTO, 0, 0, 0, 0, 0, 0
1018:   22020701                                                                                set                     2, 7, 1
101C:   22020201                                                                                set                     2, 2, 1
1020:   2906                                                                                    cut_chg                 6
1022:   360228010000779BF8F835A1                                                                se_on                   2, 296, 0, -25737, -1800, -24267
102E:   2E0100                                                                                  work_set                WK_PLAYER, 0
1031:   00                                                                                      nop
1032:   3D1000                                                                                  member_copy             16, 0
1035:   00                                                                                      nop
1036:   260005100004                                                                            calc                    0, OP_OR, 16, 1024
103C:   350010                                                                                  member_set2             0, 16
103F:   00                                                                                      nop
1040:   3D1001                                                                                  member_copy             16, 1
1043:   00                                                                                      nop
1044:   260005100800                                                                            calc                    0, OP_OR, 16, 8
104A:   350110                                                                                  member_set2             1, 16
104D:   00                                                                                      nop
104E:   2E0402                                                                                  work_set                WK_OBJECT, 2
1051:   00                                                                                      nop
1052:   3200A09AE0FCE2A1                                                                        pos_set                 0, -25952, -800, -24094
105A:   3D1000                                                                                  member_copy             16, 0
105D:   00                                                                                      nop
105E:   260005101000                                                                            calc                    0, OP_OR, 16, 16
1064:   350010                                                                                  member_set2             0, 16
1067:   00                                                                                      nop
1068:   090A1E00                                                                                sleep                   10, 30
106C:   4703                                                                                    aot_on                  3
106E:   02                                                                                      evt_next
106F:   22020701                                                                                set                     2, 7, 1
1073:   22020201                                                                                set                     2, 2, 1
1077:   2A                                                                                      cut_old
1078:   2E0402                                                                                  work_set                WK_OBJECT, 2
107B:   00                                                                                      nop
107C:   3200000000000000                                                                        pos_set                 0, 0, 0, 0
1084:   2E0100                                                                                  work_set                WK_PLAYER, 0
1087:   00                                                                                      nop
1088:   3D1000                                                                                  member_copy             16, 0
108B:   00                                                                                      nop
108C:   26000610FFFB                                                                            calc                    0, OP_AND, 16, -1025
1092:   350010                                                                                  member_set2             0, 16
1095:   00                                                                                      nop
1096:   3D1001                                                                                  member_copy             16, 1
1099:   00                                                                                      nop
109A:   26000610F7FF                                                                            calc                    0, OP_AND, 16, -9
10A0:   350110                                                                                  member_set2             1, 16
10A3:   00                                                                                      nop
10A4:   3C01                                                                                    cut_auto                1
10A6:   06001000                                                                                if                      0, off_10BA
10AA:   21084900                                                                                ck                      8, 73, 0
10AE:   46060531FF0018030000                                                                    aot_reset               6, SCE_EVENT, SAT_PL | SAT_MANUAL | SAT_FRONT, 255, 0, I_GOSUB, main_03, 0, 0
10B8:   08                                                                                      endif
10B9:   00                                                                                      nop

off_10BA:
10BA:   06001800                                                                                if                      0, off_10D6
10BE:   21084901                                                                                ck                      8, 73, 1
10C2:   06000E00                                                                                if                      0, off_10D4
10C6:   21087100                                                                                ck                      8, 113, 0
10CA:   2B00070000FF                                                                            message_on              0, 7, 0, 0, 255
10D0:   02                                                                                      evt_next
10D1:   00                                                                                      nop
10D2:   08                                                                                      endif
10D3:   00                                                                                      nop

off_10D4:
10D4:   08                                                                                      endif
10D5:   00                                                                                      nop

off_10D6:
10D6:   22020700                                                                                set                     2, 7, 0
10DA:   22020200                                                                                set                     2, 2, 0
10DE:   0100                                                                                    evt_end                 0

.proc main_04
10E0:   46040000000000000000                                                                    aot_reset               4, SCE_AUTO, SAT_AUTO, 0, 0, 0, 0, 0, 0
10EA:   22020201                                                                                set                     2, 2, 1
10EE:   22020701                                                                                set                     2, 7, 1
10F2:   2904                                                                                    cut_chg                 4
10F4:   36022801000052ACF8F81AA5                                                                se_on                   2, 296, 0, -21422, -1800, -23270
1100:   2E0100                                                                                  work_set                WK_PLAYER, 0
1103:   00                                                                                      nop
1104:   3D1000                                                                                  member_copy             16, 0
1107:   00                                                                                      nop
1108:   260005100004                                                                            calc                    0, OP_OR, 16, 1024
110E:   350010                                                                                  member_set2             0, 16
1111:   00                                                                                      nop
1112:   3D1001                                                                                  member_copy             16, 1
1115:   00                                                                                      nop
1116:   260005100800                                                                            calc                    0, OP_OR, 16, 8
111C:   350110                                                                                  member_set2             1, 16
111F:   00                                                                                      nop
1120:   2E0400                                                                                  work_set                WK_OBJECT, 0
1123:   00                                                                                      nop
1124:   32001EB050FBBEA6                                                                        pos_set                 0, -20450, -1200, -22850
112C:   3D1000                                                                                  member_copy             16, 0
112F:   00                                                                                      nop
1130:   260005101000                                                                            calc                    0, OP_OR, 16, 16
1136:   350010                                                                                  member_set2             0, 16
1139:   00                                                                                      nop
113A:   090A1E00                                                                                sleep                   10, 30
113E:   4701                                                                                    aot_on                  1
1140:   02                                                                                      evt_next
1141:   22020701                                                                                set                     2, 7, 1
1145:   22020201                                                                                set                     2, 2, 1
1149:   2A                                                                                      cut_old
114A:   2E0100                                                                                  work_set                WK_PLAYER, 0
114D:   00                                                                                      nop
114E:   3D1000                                                                                  member_copy             16, 0
1151:   00                                                                                      nop
1152:   26000610FFFB                                                                            calc                    0, OP_AND, 16, -1025
1158:   350010                                                                                  member_set2             0, 16
115B:   00                                                                                      nop
115C:   3D1001                                                                                  member_copy             16, 1
115F:   00                                                                                      nop
1160:   26000610F7FF                                                                            calc                    0, OP_AND, 16, -9
1166:   350110                                                                                  member_set2             1, 16
1169:   00                                                                                      nop
116A:   2E0400                                                                                  work_set                WK_OBJECT, 0
116D:   00                                                                                      nop
116E:   3200000000000000                                                                        pos_set                 0, 0, 0, 0
1176:   3C01                                                                                    cut_auto                1
1178:   06001000                                                                                if                      0, off_118C
117C:   21084800                                                                                ck                      8, 72, 0
1180:   46040531FF0018040000                                                                    aot_reset               4, SCE_EVENT, SAT_PL | SAT_MANUAL | SAT_FRONT, 255, 0, I_GOSUB, main_04, 0, 0
118A:   08                                                                                      endif
118B:   00                                                                                      nop

off_118C:
118C:   22020700                                                                                set                     2, 7, 0
1190:   22020200                                                                                set                     2, 2, 0
1194:   0100                                                                                    evt_end                 0

.proc main_05
1196:   46050000000000000000                                                                    aot_reset               5, SCE_AUTO, SAT_AUTO, 0, 0, 0, 0, 0, 0
11A0:   22020201                                                                                set                     2, 2, 1
11A4:   22020701                                                                                set                     2, 7, 1
11A8:   2905                                                                                    cut_chg                 5
11AA:   36022801000081ABF8F84EAA                                                                se_on                   2, 296, 0, -21631, -1800, -21938
11B6:   2E0100                                                                                  work_set                WK_PLAYER, 0
11B9:   00                                                                                      nop
11BA:   3D1000                                                                                  member_copy             16, 0
11BD:   00                                                                                      nop
11BE:   260005100004                                                                            calc                    0, OP_OR, 16, 1024
11C4:   350010                                                                                  member_set2             0, 16
11C7:   00                                                                                      nop
11C8:   3D1001                                                                                  member_copy             16, 1
11CB:   00                                                                                      nop
11CC:   260005100800                                                                            calc                    0, OP_OR, 16, 8
11D2:   350110                                                                                  member_set2             1, 16
11D5:   00                                                                                      nop
11D6:   2E0401                                                                                  work_set                WK_OBJECT, 1
11D9:   00                                                                                      nop
11DA:   3200C4A5C0F904AC                                                                        pos_set                 0, -23100, -1600, -21500
11E2:   3D1000                                                                                  member_copy             16, 0
11E5:   00                                                                                      nop
11E6:   260005101000                                                                            calc                    0, OP_OR, 16, 16
11EC:   350010                                                                                  member_set2             0, 16
11EF:   00                                                                                      nop
11F0:   090A1E00                                                                                sleep                   10, 30
11F4:   4702                                                                                    aot_on                  2
11F6:   02                                                                                      evt_next
11F7:   22020701                                                                                set                     2, 7, 1
11FB:   22020201                                                                                set                     2, 2, 1
11FF:   2A                                                                                      cut_old
1200:   2E0401                                                                                  work_set                WK_OBJECT, 1
1203:   00                                                                                      nop
1204:   3200000000000000                                                                        pos_set                 0, 0, 0, 0
120C:   2E0100                                                                                  work_set                WK_PLAYER, 0
120F:   00                                                                                      nop
1210:   3D1000                                                                                  member_copy             16, 0
1213:   00                                                                                      nop
1214:   26000610FFFB                                                                            calc                    0, OP_AND, 16, -1025
121A:   350010                                                                                  member_set2             0, 16
121D:   00                                                                                      nop
121E:   3D1001                                                                                  member_copy             16, 1
1221:   00                                                                                      nop
1222:   26000610F7FF                                                                            calc                    0, OP_AND, 16, -9
1228:   350110                                                                                  member_set2             1, 16
122B:   00                                                                                      nop
122C:   3C01                                                                                    cut_auto                1
122E:   06001C00                                                                                if                      0, off_124E
1232:   21010100                                                                                ck                      1, 1, 0
1236:   06001000                                                                                if                      0, off_124A
123A:   21084500                                                                                ck                      8, 69, 0
123E:   46050531FF0018050000                                                                    aot_reset               5, SCE_EVENT, SAT_PL | SAT_MANUAL | SAT_FRONT, 255, 0, I_GOSUB, main_05, 0, 0
1248:   08                                                                                      endif
1249:   00                                                                                      nop

off_124A:
124A:   07001A00                                                                                else                    0, off_1264

off_124E:
124E:   06001000                                                                                if                      0, off_1262
1252:   21084600                                                                                ck                      8, 70, 0
1256:   46050531FF0018050000                                                                    aot_reset               5, SCE_EVENT, SAT_PL | SAT_MANUAL | SAT_FRONT, 255, 0, I_GOSUB, main_05, 0, 0
1260:   08                                                                                      endif
1261:   00                                                                                      nop

off_1262:
1262:   00                                                                                      nop
1263:   00                                                                                      nop

off_1264:
1264:   22020200                                                                                set                     2, 2, 0
1268:   22020700                                                                                set                     2, 7, 0
126C:   0100                                                                                    evt_end                 0
126E:   0000                                                                                    db                      0x00, 0x00
