.version 2

.init
.proc init
0822:   06005C00                                                                                if                      0, off_0882
0826:   21010601                                                                                ck                      FG_GAME, F_BONUS, 1
082A:   3B000131000092BD82BF40063E083EF4F8F8DCA10008010009010D0100000000                        door_aot_se             0, SCE_DOOR, SAT_PL | SAT_MANUAL | SAT_FRONT, 0, 0, -17006, -16510, 1600, 2110, -3010, -1800, -24100, 2048, 1, 0, 9, 1, 13, 1, 0, 0, UNLOCKED, 0
084A:   3B0101310000D4CC65D20807AC0D529A000068B60000010B0900040300000000                        door_aot_se             1, SCE_DOOR, SAT_PL | SAT_MANUAL | SAT_FRONT, 0, 0, -13100, -11675, 1800, 3500, -26030, 0, -18840, 0, 1, 11, 9, 0, 4, 3, 0, 0, UNLOCKED, 0
086A:   2C0204310000E422B0040807080706000000FFFF                                                aot_set                 2, SCE_MESSAGE, SAT_PL | SAT_MANUAL | SAT_FRONT, 0, 0, 8932, 1200, 1800, 1800, 6, 0, 0, 0, 255, 255
087E:   0100                                                                                    evt_end                 0
0880:   08                                                                                      endif
0881:   00                                                                                      nop

off_0882:
0882:   3B000131000092BD82BF40063E083EF4F8F8DCA10008010009010D010091FE00                        door_aot_se             0, SCE_DOOR, SAT_PL | SAT_MANUAL | SAT_FRONT, 0, 0, -17006, -16510, 1600, 2110, -3010, -1800, -24100, 2048, 1, 0, 9, 1, 13, 1, 0, 145, UNLOCK, 0
08A2:   3B0101310000D4CC65D20807AC0D529A000068B60000010B0900040300000000                        door_aot_se             1, SCE_DOOR, SAT_PL | SAT_MANUAL | SAT_FRONT, 0, 0, -13100, -11675, 1800, 3500, -26030, 0, -18840, 0, 1, 11, 9, 0, 4, 3, 0, 0, UNLOCKED, 0
08C2:   3B0201310000E422B0040807080728D80000D49A000C010C0000090000000000                        door_aot_se             2, SCE_DOOR, SAT_PL | SAT_MANUAL | SAT_FRONT, 0, 0, 8932, 1200, 1800, 1800, -10200, 0, -25900, 3072, 1, 12, 0, 0, 9, 0, 0, 0, UNLOCKED, 0
08E2:   0100                                                                                    evt_end                 0

.main
.proc main
08EC:   06008C00                                                                                if                      0, off_097C
08F0:   21010601                                                                                ck                      FG_GAME, F_BONUS, 1
08F4:   4400001F000000030061D3C80000FEBD910C00000000                                            sce_em_set              0, 0, ENEMY_ZOMBIE_RANDOM, 0, 0, 0, 3, 0, 97, -14125, 0, -16898, 3217, 0, 0
090A:   4400011F060000040062FDC10000E7F28D0300000000                                            sce_em_set              0, 1, ENEMY_ZOMBIE_RANDOM, 6, 0, 0, 4, 0, 98, -15875, 0, -3353, 909, 0, 0
0920:   4400021F060000030063BDC7000063F2BF1300000000                                            sce_em_set              0, 2, ENEMY_ZOMBIE_RANDOM, 6, 0, 0, 3, 0, 99, -14403, 0, -3485, 5055, 0, 0
0936:   4400031F06000004006440BF00001AD7380000000000                                            sce_em_set              0, 3, ENEMY_ZOMBIE_RANDOM, 6, 0, 0, 4, 0, 100, -16576, 0, -10470, 56, 0, 0
094C:   4400041F06000003006582C300008ABBCD0D00000000                                            sce_em_set              0, 4, ENEMY_ZOMBIE_RANDOM, 6, 0, 0, 3, 0, 101, -15486, 0, -17526, 3533, 0, 0
0962:   4400051F060000040066BFCC00003EC4BD0A00000000                                            sce_em_set              0, 5, ENEMY_ZOMBIE_RANDOM, 6, 0, 0, 4, 0, 102, -13121, 0, -15298, 2749, 0, 0
0978:   0100                                                                                    evt_end                 0
097A:   08                                                                                      endif
097B:   00                                                                                      nop

off_097C:
097C:   06001600                                                                                if                      0, off_0996
0980:   21010101                                                                                ck                      FG_GAME, F_SCENARIO, 1
0984:   21044F01                                                                                ck                      FG_GENERAL_1, 79, 1
0988:   22048001                                                                                set                     FG_GENERAL_1, 128, 1
098C:   57000C0207FF0000                                                                        sce_bgmtbl_set          0, 12, 2, 65287, 0
0994:   08                                                                                      endif
0995:   00                                                                                      nop

off_0996:
0996:   2C03043100000CCCE2EB0807800C01000000FFFF                                                aot_set                 3, SCE_MESSAGE, SAT_PL | SAT_MANUAL | SAT_FRONT, 0, 0, -13300, -5150, 1800, 3200, 1, 0, 0, 0, 255, 255
09AA:   2C04043100000ACE4614E411EE0702000000FFFF                                                aot_set                 4, SCE_MESSAGE, SAT_PL | SAT_MANUAL | SAT_FRONT, 0, 0, -12790, 5190, 4580, 2030, 2, 0, 0, 0, 255, 255
09BE:   2C0504310000C0E0FC080807540B03000000FFFF                                                aot_set                 5, SCE_MESSAGE, SAT_PL | SAT_MANUAL | SAT_FRONT, 0, 0, -8000, 2300, 1800, 2900, 3, 0, 0, 0, 255, 255
09D2:   2C0604310000422230F8D007980805000000FFFF                                                aot_set                 6, SCE_MESSAGE, SAT_PL | SAT_MANUAL | SAT_FRONT, 0, 0, 8770, -2000, 2000, 2200, 5, 0, 0, 0, 255, 255
09E6:   2C070431000026B70ECFD007701704000000FFFF                                                aot_set                 7, SCE_MESSAGE, SAT_PL | SAT_MANUAL | SAT_FRONT, 0, 0, -18650, -12530, 2000, 6000, 4, 0, 0, 0, 255, 255
09FA:   4E080231000068C0DA16E803E8032600010021000001                                            item_aot_set            8, SCE_ITEM, SAT_PL | SAT_MANUAL | SAT_FRONT, 0, 0, -16280, 5850, 1000, 1000, ITEM_HERBG, 1, 33, 0, 1
0A10:   2D0000000000000000000A001000F8C100003219000000000000000000000000000000000000            obj_model_set           0, 0, 0, 0, 0, 0, 0, 10, 16, -15880, 0, 6450, 0, 0, 0, 0, 0, 0, 0, 0, 0, 0, 0
0A36:   06008C00                                                                                if                      0, off_0AC6
0A3A:   21010100                                                                                ck                      FG_GAME, F_SCENARIO, 0
0A3E:   4400001F060000030020ADC200009B0E950300000000                                            sce_em_set              0, 0, ENEMY_ZOMBIE_RANDOM, 6, 0, 0, 3, 0, 32, -15699, 0, 3739, 917, 0, 0
0A54:   4400011F060000030021CBC10000C0F9A50300000000                                            sce_em_set              0, 1, ENEMY_ZOMBIE_RANDOM, 6, 0, 0, 3, 0, 33, -15925, 0, -1600, 933, 0, 0
0A6A:   4400021F0600000300220AD600009900F70700000000                                            sce_em_set              0, 2, ENEMY_ZOMBIE_RANDOM, 6, 0, 0, 3, 0, 34, -10742, 0, 153, 2039, 0, 0
0A80:   4400031F06000003007C62C600004E04C30300000000                                            sce_em_set              0, 3, ENEMY_ZOMBIE_RANDOM, 6, 0, 0, 3, 0, 124, -14750, 0, 1102, 963, 0, 0
0A96:   4400041F0600000300CDD5CA000007FC5D0400000000                                            sce_em_set              0, 4, ENEMY_ZOMBIE_RANDOM, 6, 0, 0, 3, 0, 205, -13611, 0, -1017, 1117, 0, 0
0AAC:   4400051F0600000300CE89D30000620B450500000000                                            sce_em_set              0, 5, ENEMY_ZOMBIE_RANDOM, 6, 0, 0, 3, 0, 206, -11383, 0, 2914, 1349, 0, 0
0AC2:   07008A00                                                                                else                    0, off_0B4C

off_0AC6:
0AC6:   4400001F00000003002007D6000046FDEF0B00000000                                            sce_em_set              0, 0, ENEMY_ZOMBIE_RANDOM, 0, 0, 0, 3, 0, 32, -10745, 0, -698, 3055, 0, 0
0ADC:   4400011F060000030021F0C1000050E8410300000000                                            sce_em_set              0, 1, ENEMY_ZOMBIE_RANDOM, 6, 0, 0, 3, 0, 33, -15888, 0, -6064, 833, 0, 0
0AF2:   4400021F0600000300224BCA0000E4F3CF0400000000                                            sce_em_set              0, 2, ENEMY_ZOMBIE_RANDOM, 6, 0, 0, 3, 0, 34, -13749, 0, -3100, 1231, 0, 0
0B08:   4400031F06000003007C8CC40000FCD0480100000000                                            sce_em_set              0, 3, ENEMY_ZOMBIE_RANDOM, 6, 0, 0, 3, 0, 124, -15220, 0, -12036, 328, 0, 0
0B1E:   4400041F0600000300CDD6CA000039BDF70900000000                                            sce_em_set              0, 4, ENEMY_ZOMBIE_RANDOM, 6, 0, 0, 3, 0, 205, -13610, 0, -17095, 2551, 0, 0
0B34:   4400051F0600000300CE5ACA0000ADE8080600000000                                            sce_em_set              0, 5, ENEMY_ZOMBIE_RANDOM, 6, 0, 0, 3, 0, 206, -13734, 0, -5971, 1544, 0, 0
0B4A:   00                                                                                      nop
0B4B:   00                                                                                      nop

off_0B4C:
0B4C:   0100                                                                                    evt_end                 0

.proc aot
0B4E:   0100                                                                                    evt_end                 0

.proc main_02
0B50:   2B000000FFFF                                                                            message_on              0, 0, 0, 255, 255
0B56:   3602160000000000F8F80000                                                                se_on                   2, 22, 0, 0, -1800, 0
0B62:   0100                                                                                    evt_end                 0

.proc main_03
0B64:   2B000000FFFF                                                                            message_on              0, 0, 0, 255, 255
0B6A:   3602160000000000F8F80000                                                                se_on                   2, 22, 0, 0, -1800, 0
0B76:   0100                                                                                    evt_end                 0
