.version 2
.init
.proc init_00
2F12:   3B00013100002391AEAED0070410B8CC00009ED981F8010A0000040200000000                        door_aot_se             0, SCE_DOOR, SAT_PL | SAT_MANUAL | SAT_FRONT, 0, 0, -28381, -20818, 2000, 4100, -13128, 0, -9826, -1919, 1, 10, 0, 0, 4, 2, 0, 0, UNLOCKED, 0
2F32:   06002800                                                                                if                      0, off_2F5E
2F36:   21010600                                                                                ck                      1, 6, 0
2F3A:   3B0101310000BFF43AD2D007E204199F0000469941FC010F0000050100845B00                        door_aot_se             1, SCE_DOOR, SAT_PL | SAT_MANUAL | SAT_FRONT, 0, 0, -2881, -11718, 2000, 1250, -24807, 0, -26298, -959, 1, 15, 0, 0, 5, 1, 0, 132, ITEM_HEARTKEY, 0
2F5A:   07002600                                                                                else                    0, off_2F80

off_2F5E:
2F5E:   3B0101310000BFF43AD2D007E204199F0000469941FC010F0000050100000000                        door_aot_se             1, SCE_DOOR, SAT_PL | SAT_MANUAL | SAT_FRONT, 0, 0, -2881, -11718, 2000, 1250, -24807, 0, -26298, -959, 1, 15, 0, 0, 5, 1, 0, 0, UNLOCKED, 0
2F7E:   00                                                                                      nop
2F7F:   00                                                                                      nop

off_2F80:
2F80:   3B0201310000E9FE3F984C04280ADCAE0000AF9D680000160000130000000000                        door_aot_se             2, SCE_DOOR, SAT_PL | SAT_MANUAL | SAT_FRONT, 0, 0, -279, -26561, 1100, 2600, -20772, 0, -25169, 104, 0, 22, 0, 0, 19, 0, 0, 0, UNLOCKED, 0
2FA0:   0600AC00                                                                                if                      0, off_3050
2FA4:   21010601                                                                                ck                      1, 6, 1
2FA8:   460204311200000000FF                                                                    aot_reset               2, SCE_MESSAGE, SAT_PL | SAT_MANUAL | SAT_FRONT, 18, 0, 0, 0, 0, 255
2FB2:   4400001F06000003034B99F9000054A9F50B00000000                                            sce_em_set              0, 0, ENEMY_ZOMBIERANDOM, 6, 0, 0, 3, 3, 75, -1639, 0, -22188, 3061, 0, 0
2FC8:   4400011F00000003034C81B3000044B8310000000000                                            sce_em_set              0, 1, ENEMY_ZOMBIERANDOM, 0, 0, 0, 3, 3, 76, -19583, 0, -18364, 49, 0, 0
2FDE:   4400021F00000003034D99C60000DBC9280400000000                                            sce_em_set              0, 2, ENEMY_ZOMBIERANDOM, 0, 0, 0, 3, 3, 77, -14695, 0, -13861, 1064, 0, 0
2FF4:   4400031F06000003034E25A000006A9EF10D00000000                                            sce_em_set              0, 3, ENEMY_ZOMBIERANDOM, 6, 0, 0, 3, 3, 78, -24539, 0, -24982, 3569, 0, 0
300A:   4400041F06000003034FFBA3000015C1D50400000000                                            sce_em_set              0, 4, ENEMY_ZOMBIERANDOM, 6, 0, 0, 3, 3, 79, -23557, 0, -16107, 1237, 0, 0
3020:   4400051F0000000303505FE80000E9A78B0B00000000                                            sce_em_set              0, 5, ENEMY_ZOMBIERANDOM, 0, 0, 0, 3, 3, 80, -6049, 0, -22551, 2955, 0, 0
3036:   4400061F06000003039A9CCA0000EE9BFF0F00000000                                            sce_em_set              0, 6, ENEMY_ZOMBIERANDOM, 6, 0, 0, 3, 3, 154, -13668, 0, -25618, 4095, 0, 0
304C:   07003C00                                                                                else                    0, off_3088

off_3050:
3050:   4400001F0240000303FF6FF7000075A0010E00000000                                            sce_em_set              0, 0, ENEMY_ZOMBIERANDOM, 2, 64, 0, 3, 3, 255, -2193, 0, -24459, 3585, 0, 0
3066:   2E0300                                                                                  work_set                WK_ENEMY, 0
3069:   00                                                                                      nop
306A:   3D1000                                                                                  member_copy             16, 0
306D:   00                                                                                      nop
306E:   260005100400                                                                            calc                    0, OP_OR, 16, 4
3074:   350010                                                                                  member_set2             0, 16
3077:   00                                                                                      nop
3078:   3D1000                                                                                  member_copy             16, 0
307B:   00                                                                                      nop
307C:   260005100200                                                                            calc                    0, OP_OR, 16, 2
3082:   350010                                                                                  member_set2             0, 16
3085:   00                                                                                      nop
3086:   00                                                                                      nop
3087:   00                                                                                      nop

off_3088:
3088:   2D0000000000000000000A00000064D57EEB18AB000000000000000000000000000000000000            obj_model_set           0, 0, 0, 0, 0, 0, 0, 10, 0, -10908, -5250, -21736, 0, 0, 0, 0, 0, 0, 0, 0, 0, 0, 0
30AE:   2D0100000000000000000A0000006AAB7EEB6AC6000000000000000000000000000000000000            obj_model_set           1, 0, 0, 0, 0, 0, 0, 10, 0, -21654, -5250, -14742, 0, 0, 0, 0, 0, 0, 0, 0, 0, 0, 0
30D4:   0100                                                                                    evt_end                 0
30D6:   760C                                                                                    db                      0x76, 0x0C

.main
.proc main_00
30F4:   06000C00                                                                                if                      0, off_3104
30F8:   21010601                                                                                ck                      1, 6, 1
30FC:   04FF1809                                                                                evt_exec                255, I_GOSUB, main_09
3100:   0100                                                                                    evt_end                 0
3102:   08                                                                                      endif
3103:   00                                                                                      nop

off_3104:
3104:   180B                                                                                    gosub                   11
3106:   1808                                                                                    gosub                   8
3108:   2C09033100004DCF5FCDBE05A406000000000000                                                aot_set                 9, SCE_NORMAL, SAT_PL | SAT_MANUAL | SAT_FRONT, 0, 0, -12467, -12961, 1470, 1700, 0, 0, 0, 0, 0, 0
311C:   2D0A00000000000000000A001000204E204E204E000080F70000000000000000000000000000            obj_model_set           10, 0, 0, 0, 0, 0, 0, 10, 16, 20000, 20000, 20000, 0, -2176, 0, 0, 0, 0, 0, 0, 0, 0, 0
3142:   4E0A02310000204E204EBE05A4061A0006004F000A00                                            item_aot_set            10, SCE_ITEM, SAT_PL | SAT_MANUAL | SAT_FRONT, 0, 0, 20000, 20000, 1470, 1700, ITEM_ACIDROUNDS, 6, 79, 10, 0
3158:   2D0800000000000000000A001000204E204E204E0000C0F80000000000000000000000000000            obj_model_set           8, 0, 0, 0, 0, 0, 0, 10, 16, 20000, 20000, 20000, 0, -1856, 0, 0, 0, 0, 0, 0, 0, 0, 0
317E:   2C0B05310000204E204EBE05A406FF00180A0000                                                aot_set                 11, SCE_EVENT, SAT_PL | SAT_MANUAL | SAT_FRONT, 0, 0, 20000, 20000, 1470, 1700, 255, 0, I_GOSUB, main_0A, 0, 0
3192:   06001200                                                                                if                      0, off_31A8
3196:   21042500                                                                                ck                      4, 37, 0
319A:   46090531FF0018020000                                                                    aot_reset               9, SCE_EVENT, SAT_PL | SAT_MANUAL | SAT_FRONT, 255, 0, I_GOSUB, main_02, 0, 0
31A4:   07002800                                                                                else                    0, off_31CC

off_31A8:
31A8:   46090531FF0018040000                                                                    aot_reset               9, SCE_EVENT, SAT_PL | SAT_MANUAL | SAT_FRONT, 255, 0, I_GOSUB, main_04, 0, 0
31B2:   06001400                                                                                if                      0, off_31CA
31B6:   21084F01                                                                                ck                      8, 79, 1
31BA:   21085301                                                                                ck                      8, 83, 1
31BE:   46090000000000000000                                                                    aot_reset               9, SCE_AUTO, SAT_AUTO, 0, 0, 0, 0, 0, 0
31C8:   08                                                                                      endif
31C9:   00                                                                                      nop

off_31CA:
31CA:   00                                                                                      nop
31CB:   00                                                                                      nop

off_31CC:
31CC:   06004200                                                                                if                      0, off_3212
31D0:   21010101                                                                                ck                      1, 1, 1
31D4:   2D0700000000000000000A001000F7EC56FADB98C0FC00F000FD000000000000000000000000            obj_model_set           7, 0, 0, 0, 0, 0, 0, 10, 16, -4873, -1450, -26405, -832, -4096, -768, 0, 0, 0, 0, 0, 0, 0, 0
31FA:   4E030231000013E95B9534087A083200010052000700                                            item_aot_set            3, SCE_ITEM, SAT_PL | SAT_MANUAL | SAT_FRONT, 0, 0, -5869, -27301, 2100, 2170, ITEM_VALVEHANDLE, 1, 82, 7, 0
3210:   08                                                                                      endif
3211:   00                                                                                      nop

off_3212:
3212:   04FF1809                                                                                evt_exec                255, I_GOSUB, main_09
3216:   04FF1807                                                                                evt_exec                255, I_GOSUB, main_07
321A:   0100                                                                                    evt_end                 0

.proc main_01
321C:   0100                                                                                    evt_end                 0

.proc main_02
321E:   22020201                                                                                set                     2, 2, 1
3222:   22020701                                                                                set                     2, 7, 1
3226:   290D                                                                                    cut_chg                 13
3228:   2E0100                                                                                  work_set                WK_PLAYER, 0
322B:   00                                                                                      nop
322C:   3D1000                                                                                  member_copy             16, 0
322F:   00                                                                                      nop
3230:   260005100004                                                                            calc                    0, OP_OR, 16, 1024
3236:   350010                                                                                  member_set2             0, 16
3239:   00                                                                                      nop
323A:   3D1001                                                                                  member_copy             16, 1
323D:   00                                                                                      nop
323E:   260005100800                                                                            calc                    0, OP_OR, 16, 8
3244:   350110                                                                                  member_set2             1, 16
3247:   00                                                                                      nop
3248:   22050500                                                                                set                     5, 5, 0
324C:   22050600                                                                                set                     5, 6, 0
3250:   22050700                                                                                set                     5, 7, 0
3254:   22050800                                                                                set                     5, 8, 0
3258:   2B000D00007F                                                                            message_on              0, 13, 0, 0, 127
325E:   02                                                                                      evt_next
325F:   00                                                                                      nop
3260:   04FF1803                                                                                evt_exec                255, I_GOSUB, main_03
3264:   06001E00                                                                                if                      0, off_3286
3268:   210B1D00                                                                                ck                      11, 29, 0
326C:   06001400                                                                                if                      0, off_3284
3270:   210B1E00                                                                                ck                      11, 30, 0
3274:   06000A00                                                                                if                      0, off_3282
3278:   210B1F01                                                                                ck                      11, 31, 1
327C:   22050501                                                                                set                     5, 5, 1
3280:   08                                                                                      endif
3281:   00                                                                                      nop

off_3282:
3282:   08                                                                                      endif
3283:   00                                                                                      nop

off_3284:
3284:   08                                                                                      endif
3285:   00                                                                                      nop

off_3286:
3286:   2B000E00007F                                                                            message_on              0, 14, 0, 0, 127
328C:   02                                                                                      evt_next
328D:   00                                                                                      nop
328E:   04FF1803                                                                                evt_exec                255, I_GOSUB, main_03
3292:   06001E00                                                                                if                      0, off_32B4
3296:   210B1D00                                                                                ck                      11, 29, 0
329A:   06001400                                                                                if                      0, off_32B2
329E:   210B1E00                                                                                ck                      11, 30, 0
32A2:   06000A00                                                                                if                      0, off_32B0
32A6:   210B1F01                                                                                ck                      11, 31, 1
32AA:   22050601                                                                                set                     5, 6, 1
32AE:   08                                                                                      endif
32AF:   00                                                                                      nop

off_32B0:
32B0:   08                                                                                      endif
32B1:   00                                                                                      nop

off_32B2:
32B2:   08                                                                                      endif
32B3:   00                                                                                      nop

off_32B4:
32B4:   2B000F00007F                                                                            message_on              0, 15, 0, 0, 127
32BA:   02                                                                                      evt_next
32BB:   00                                                                                      nop
32BC:   04FF1803                                                                                evt_exec                255, I_GOSUB, main_03
32C0:   06001E00                                                                                if                      0, off_32E2
32C4:   210B1D00                                                                                ck                      11, 29, 0
32C8:   06001400                                                                                if                      0, off_32E0
32CC:   210B1E01                                                                                ck                      11, 30, 1
32D0:   06000A00                                                                                if                      0, off_32DE
32D4:   210B1F00                                                                                ck                      11, 31, 0
32D8:   22050701                                                                                set                     5, 7, 1
32DC:   08                                                                                      endif
32DD:   00                                                                                      nop

off_32DE:
32DE:   08                                                                                      endif
32DF:   00                                                                                      nop

off_32E0:
32E0:   08                                                                                      endif
32E1:   00                                                                                      nop

off_32E2:
32E2:   2B001000007F                                                                            message_on              0, 16, 0, 0, 127
32E8:   02                                                                                      evt_next
32E9:   00                                                                                      nop
32EA:   04FF1803                                                                                evt_exec                255, I_GOSUB, main_03
32EE:   06001E00                                                                                if                      0, off_3310
32F2:   210B1D01                                                                                ck                      11, 29, 1
32F6:   06001400                                                                                if                      0, off_330E
32FA:   210B1E00                                                                                ck                      11, 30, 0
32FE:   06000A00                                                                                if                      0, off_330C
3302:   210B1F01                                                                                ck                      11, 31, 1
3306:   22050801                                                                                set                     5, 8, 1
330A:   08                                                                                      endif
330B:   00                                                                                      nop

off_330C:
330C:   08                                                                                      endif
330D:   00                                                                                      nop

off_330E:
330E:   08                                                                                      endif
330F:   00                                                                                      nop

off_3310:
3310:   06002800                                                                                if                      0, off_333C
3314:   21050501                                                                                ck                      5, 5, 1
3318:   06001E00                                                                                if                      0, off_333A
331C:   21050601                                                                                ck                      5, 6, 1
3320:   06001400                                                                                if                      0, off_3338
3324:   21050701                                                                                ck                      5, 7, 1
3328:   06000A00                                                                                if                      0, off_3336
332C:   21050801                                                                                ck                      5, 8, 1
3330:   22050901                                                                                set                     5, 9, 1
3334:   08                                                                                      endif
3335:   00                                                                                      nop

off_3336:
3336:   08                                                                                      endif
3337:   00                                                                                      nop

off_3338:
3338:   08                                                                                      endif
3339:   00                                                                                      nop

off_333A:
333A:   08                                                                                      endif
333B:   00                                                                                      nop

off_333C:
333C:   06002400                                                                                if                      0, off_3364
3340:   21050901                                                                                ck                      5, 9, 1
3344:   22042501                                                                                set                     4, 37, 1
3348:   36020B010100000000000000                                                                se_on                   2, 267, 1, 0, 0, 0
3354:   46090531FF0018040000                                                                    aot_reset               9, SCE_EVENT, SAT_PL | SAT_MANUAL | SAT_FRONT, 255, 0, I_GOSUB, main_04, 0, 0
335E:   4709                                                                                    aot_on                  9
3360:   07003200                                                                                else                    0, off_3392

off_3364:
3364:   290A                                                                                    cut_chg                 10
3366:   2E0100                                                                                  work_set                WK_PLAYER, 0
3369:   00                                                                                      nop
336A:   3D1000                                                                                  member_copy             16, 0
336D:   00                                                                                      nop
336E:   26000610FFFB                                                                            calc                    0, OP_AND, 16, -1025
3374:   350010                                                                                  member_set2             0, 16
3377:   00                                                                                      nop
3378:   3D1001                                                                                  member_copy             16, 1
337B:   00                                                                                      nop
337C:   26000610F7FF                                                                            calc                    0, OP_AND, 16, -9
3382:   350110                                                                                  member_set2             1, 16
3385:   00                                                                                      nop
3386:   22020700                                                                                set                     2, 7, 0
338A:   22020200                                                                                set                     2, 2, 0
338E:   3C01                                                                                    cut_auto                1
3390:   00                                                                                      nop
3391:   00                                                                                      nop

off_3392:
3392:   0100                                                                                    evt_end                 0

.proc main_03
3394:   36020A010100000000000000                                                                se_on                   2, 266, 1, 0, 0, 0
33A0:   090A0200                                                                                sleep                   10, 2
33A4:   0100                                                                                    evt_end                 0

.proc main_04
33A6:   46090000000000000000                                                                    aot_reset               9, SCE_AUTO, SAT_AUTO, 0, 0, 0, 0, 0, 0
33B0:   22020201                                                                                set                     2, 2, 1
33B4:   22020701                                                                                set                     2, 7, 1
33B8:   530202070010                                                                            sce_fade_set            2, 2, 7, 0, 16
33BE:   090A0700                                                                                sleep                   10, 7
33C2:   5302020700F0                                                                            sce_fade_set            2, 2, 7, 0, 240
33C8:   090A0100                                                                                sleep                   10, 1
33CC:   290E                                                                                    cut_chg                 14
33CE:   36020B010100000000000000                                                                se_on                   2, 267, 1, 0, 0, 0
33DA:   2E040A                                                                                  work_set                WK_OBJECT, 10
33DD:   00                                                                                      nop
33DE:   3200F9D29CFF2CD3                                                                        pos_set                 0, -11527, -100, -11476
33E6:   3D1000                                                                                  member_copy             16, 0
33E9:   00                                                                                      nop
33EA:   260005101000                                                                            calc                    0, OP_OR, 16, 16
33F0:   350010                                                                                  member_set2             0, 16
33F3:   00                                                                                      nop
33F4:   06002000                                                                                if                      0, off_3418
33F8:   21085300                                                                                ck                      8, 83, 0
33FC:   2E0408                                                                                  work_set                WK_OBJECT, 8
33FF:   00                                                                                      nop
3400:   3200F9D2CEFFFAD2                                                                        pos_set                 0, -11527, -50, -11526
3408:   3D1000                                                                                  member_copy             16, 0
340B:   00                                                                                      nop
340C:   260005101000                                                                            calc                    0, OP_OR, 16, 16
3412:   350010                                                                                  member_set2             0, 16
3415:   00                                                                                      nop
3416:   08                                                                                      endif
3417:   00                                                                                      nop

off_3418:
3418:   2E0100                                                                                  work_set                WK_PLAYER, 0
341B:   00                                                                                      nop
341C:   3D1000                                                                                  member_copy             16, 0
341F:   00                                                                                      nop
3420:   260005100004                                                                            calc                    0, OP_OR, 16, 1024
3426:   350010                                                                                  member_set2             0, 16
3429:   00                                                                                      nop
342A:   3D1001                                                                                  member_copy             16, 1
342D:   00                                                                                      nop
342E:   260005100800                                                                            calc                    0, OP_OR, 16, 8
3434:   350110                                                                                  member_set2             1, 16
3437:   00                                                                                      nop
3438:   090A1E00                                                                                sleep                   10, 30
343C:   06001600                                                                                if                      0, off_3456
3440:   21084F00                                                                                ck                      8, 79, 0
3444:   470A                                                                                    aot_on                  10
3446:   02                                                                                      evt_next
3447:   22020701                                                                                set                     2, 7, 1
344B:   22020201                                                                                set                     2, 2, 1
344F:   00                                                                                      nop
3450:   090A1D00                                                                                sleep                   10, 29
3454:   08                                                                                      endif
3455:   00                                                                                      nop

off_3456:
3456:   06001600                                                                                if                      0, off_3470
345A:   21085300                                                                                ck                      8, 83, 0
345E:   470B                                                                                    aot_on                  11
3460:   02                                                                                      evt_next
3461:   22020701                                                                                set                     2, 7, 1
3465:   22020201                                                                                set                     2, 2, 1
3469:   00                                                                                      nop
346A:   090A1D00                                                                                sleep                   10, 29
346E:   08                                                                                      endif
346F:   00                                                                                      nop

off_3470:
3470:   530202070010                                                                            sce_fade_set            2, 2, 7, 0, 16
3476:   090A0700                                                                                sleep                   10, 7
347A:   5302020700F0                                                                            sce_fade_set            2, 2, 7, 0, 240
3480:   090A0100                                                                                sleep                   10, 1
3484:   290A                                                                                    cut_chg                 10
3486:   36020C010100000000000000                                                                se_on                   2, 268, 1, 0, 0, 0
3492:   2E040A                                                                                  work_set                WK_OBJECT, 10
3495:   00                                                                                      nop
3496:   3200204E204E204E                                                                        pos_set                 0, 20000, 20000, 20000
349E:   2E0408                                                                                  work_set                WK_OBJECT, 8
34A1:   00                                                                                      nop
34A2:   3200204E204E204E                                                                        pos_set                 0, 20000, 20000, 20000
34AA:   2E0100                                                                                  work_set                WK_PLAYER, 0
34AD:   00                                                                                      nop
34AE:   3D1000                                                                                  member_copy             16, 0
34B1:   00                                                                                      nop
34B2:   26000610FFFB                                                                            calc                    0, OP_AND, 16, -1025
34B8:   350010                                                                                  member_set2             0, 16
34BB:   00                                                                                      nop
34BC:   3D1001                                                                                  member_copy             16, 1
34BF:   00                                                                                      nop
34C0:   26000610F7FF                                                                            calc                    0, OP_AND, 16, -9
34C6:   350110                                                                                  member_set2             1, 16
34C9:   00                                                                                      nop
34CA:   06001600                                                                                if                      0, off_34E4
34CE:   21084F01                                                                                ck                      8, 79, 1
34D2:   21085301                                                                                ck                      8, 83, 1
34D6:   46090000000000000000                                                                    aot_reset               9, SCE_AUTO, SAT_AUTO, 0, 0, 0, 0, 0, 0
34E0:   07001000                                                                                else                    0, off_34F0

off_34E4:
34E4:   46090531FF0018040000                                                                    aot_reset               9, SCE_EVENT, SAT_PL | SAT_MANUAL | SAT_FRONT, 255, 0, I_GOSUB, main_04, 0, 0
34EE:   00                                                                                      nop
34EF:   00                                                                                      nop

off_34F0:
34F0:   22020700                                                                                set                     2, 7, 0
34F4:   22020200                                                                                set                     2, 2, 0
34F8:   3C01                                                                                    cut_auto                1
34FA:   0100                                                                                    evt_end                 0

.proc main_05
34FC:   11002800                                                                                do                      0, off_3528
3500:   02                                                                                      evt_next
3501:   00                                                                                      nop
3502:   06000C00                                                                                if                      0, off_3512
3506:   23001A000500                                                                            cmp                     0, 26, CMP_EQ, 5
350C:   22052001                                                                                set                     5, 32, 1
3510:   08                                                                                      endif
3511:   00                                                                                      nop

off_3512:
3512:   06000C00                                                                                if                      0, off_3522
3516:   23001A000600                                                                            cmp                     0, 26, CMP_EQ, 6
351C:   22052001                                                                                set                     5, 32, 1
3520:   08                                                                                      endif
3521:   00                                                                                      nop

off_3522:
3522:   1204                                                                                    edwhile                 off_3528
3524:   21052000                                                                                ck                      5, 32, 0

off_3528:
3528:   2E0302                                                                                  work_set                WK_ENEMY, 2
352B:   00                                                                                      nop
352C:   3D1000                                                                                  member_copy             16, 0
352F:   00                                                                                      nop
3530:   26000610FBFF                                                                            calc                    0, OP_AND, 16, -5
3536:   350010                                                                                  member_set2             0, 16
3539:   00                                                                                      nop
353A:   3D1007                                                                                  member_copy             16, 7
353D:   00                                                                                      nop
353E:   26000610FFBF                                                                            calc                    0, OP_AND, 16, -16385
3544:   350710                                                                                  member_set2             7, 16
3547:   00                                                                                      nop
3548:   22041C01                                                                                set                     4, 28, 1
354C:   0100                                                                                    evt_end                 0

.proc main_06
354E:   11002800                                                                                do                      0, off_357A
3552:   02                                                                                      evt_next
3553:   00                                                                                      nop
3554:   06000C00                                                                                if                      0, off_3564
3558:   23001A000500                                                                            cmp                     0, 26, CMP_EQ, 5
355E:   22052101                                                                                set                     5, 33, 1
3562:   08                                                                                      endif
3563:   00                                                                                      nop

off_3564:
3564:   06000C00                                                                                if                      0, off_3574
3568:   23001A000600                                                                            cmp                     0, 26, CMP_EQ, 6
356E:   22052101                                                                                set                     5, 33, 1
3572:   08                                                                                      endif
3573:   00                                                                                      nop

off_3574:
3574:   1204                                                                                    edwhile                 off_357A
3576:   21052100                                                                                ck                      5, 33, 0

off_357A:
357A:   2E0303                                                                                  work_set                WK_ENEMY, 3
357D:   00                                                                                      nop
357E:   3D1000                                                                                  member_copy             16, 0
3581:   00                                                                                      nop
3582:   26000610FBFF                                                                            calc                    0, OP_AND, 16, -5
3588:   350010                                                                                  member_set2             0, 16
358B:   00                                                                                      nop
358C:   3D1007                                                                                  member_copy             16, 7
358F:   00                                                                                      nop
3590:   26000610FFBF                                                                            calc                    0, OP_AND, 16, -16385
3596:   350710                                                                                  member_set2             7, 16
3599:   00                                                                                      nop
359A:   22041D01                                                                                set                     4, 29, 1
359E:   0100                                                                                    evt_end                 0

.proc main_07
35A0:   510001010140                                                                            sce_bgm_control         0, 1, 1, 1, 64
35A6:   02                                                                                      evt_next
35A7:   00                                                                                      nop

off_35A8:
35A8:   131AE200                                                                                switch                  26, off_368E
35AC:   140008000000                                                                            case                    0, off_35BA, 0
35B2:   510000013240                                                                            sce_bgm_control         0, 0, 1, 50, 64
35B8:   1A00                                                                                    break                   0

off_35BA:
35BA:   140008000100                                                                            case                    0, off_35C8, 1
35C0:   51000001465A                                                                            sce_bgm_control         0, 0, 1, 70, 90
35C6:   1A00                                                                                    break                   0

off_35C8:
35C8:   140008000200                                                                            case                    0, off_35D6, 2
35CE:   510000013C64                                                                            sce_bgm_control         0, 0, 1, 60, 100
35D4:   1A00                                                                                    break                   0

off_35D6:
35D6:   140008000300                                                                            case                    0, off_35E4, 3
35DC:   510000014637                                                                            sce_bgm_control         0, 0, 1, 70, 55
35E2:   1A00                                                                                    break                   0

off_35E4:
35E4:   140008000400                                                                            case                    0, off_35F2, 4
35EA:   510000015A37                                                                            sce_bgm_control         0, 0, 1, 90, 55
35F0:   1A00                                                                                    break                   0

off_35F2:
35F2:   140008000500                                                                            case                    0, off_3600, 5
35F8:   510000014640                                                                            sce_bgm_control         0, 0, 1, 70, 64
35FE:   1A00                                                                                    break                   0

off_3600:
3600:   140008000600                                                                            case                    0, off_360E, 6
3606:   510000014650                                                                            sce_bgm_control         0, 0, 1, 70, 80
360C:   1A00                                                                                    break                   0

off_360E:
360E:   140008000700                                                                            case                    0, off_361C, 7
3614:   510000016E50                                                                            sce_bgm_control         0, 0, 1, 110, 80
361A:   1A00                                                                                    break                   0

off_361C:
361C:   140008000800                                                                            case                    0, off_362A, 8
3622:   510000015028                                                                            sce_bgm_control         0, 0, 1, 80, 40
3628:   1A00                                                                                    break                   0

off_362A:
362A:   140008000900                                                                            case                    0, off_3638, 9
3630:   510000015040                                                                            sce_bgm_control         0, 0, 1, 80, 64
3636:   1A00                                                                                    break                   0

off_3638:
3638:   140008000A00                                                                            case                    0, off_3646, 10
363E:   510000014628                                                                            sce_bgm_control         0, 0, 1, 70, 40
3644:   1A00                                                                                    break                   0

off_3646:
3646:   140008000B00                                                                            case                    0, off_3654, 11
364C:   510000013C64                                                                            sce_bgm_control         0, 0, 1, 60, 100
3652:   1A00                                                                                    break                   0

off_3654:
3654:   140008000C00                                                                            case                    0, off_3662, 12
365A:   510000015028                                                                            sce_bgm_control         0, 0, 1, 80, 40
3660:   1A00                                                                                    break                   0

off_3662:
3662:   140008000D00                                                                            case                    0, off_3670, 13
3668:   510000014628                                                                            sce_bgm_control         0, 0, 1, 70, 40
366E:   1A00                                                                                    break                   0

off_3670:
3670:   140008000E00                                                                            case                    0, off_367E, 14
3676:   510000014628                                                                            sce_bgm_control         0, 0, 1, 70, 40
367C:   1A00                                                                                    break                   0

off_367E:
367E:   140008000F00                                                                            case                    0, off_368C, 15
3684:   510000014628                                                                            sce_bgm_control         0, 0, 1, 70, 40
368A:   1A00                                                                                    break                   0

off_368C:
368C:   1600                                                                                    eswitch                 0

off_368E:
368E:   11000800                                                                                do                      0, off_369A
3692:   02                                                                                      evt_next
3693:   00                                                                                      nop
3694:   1204                                                                                    edwhile                 off_369A
3696:   21010B00                                                                                ck                      1, 11, 0

off_369A:
369A:   17FFFF000DFF                                                                            goto                    255, 255, 0, off_35A8 + 3
36A0:   0100                                                                                    evt_end                 0

.proc main_08
36A2:   4E040231000071F56D9EB004B00414000F004A00FF01                                            item_aot_set            4, SCE_ITEM, SAT_PL | SAT_MANUAL | SAT_FRONT, 0, 0, -2703, -24979, 1200, 1200, ITEM_HANDGUNAMMO, 15, 74, 255, 1
36B8:   2D0900000000000000000A001000A6C1F8F8C8BC000000000000000000000000000000000000            obj_model_set           9, 0, 0, 0, 0, 0, 0, 10, 16, -15962, -1800, -17208, 0, 0, 0, 0, 0, 0, 0, 0, 0, 0, 0
36DE:   4E0502310000EBBABFC0A40608071E00030054000900                                            item_aot_set            5, SCE_ITEM, SAT_PL | SAT_MANUAL | SAT_FRONT, 0, 0, -17685, -16193, 1700, 1800, ITEM_INKRIBBON, 3, 84, 9, 0
36F4:   06004200                                                                                if                      0, off_373A
36F8:   21010101                                                                                ck                      1, 1, 1
36FC:   2D0200000000000000000A00100087E524FA7DCB000080FE0000000000000000000000000000            obj_model_set           2, 0, 0, 0, 0, 0, 0, 10, 16, -6777, -1500, -13443, 0, -384, 0, 0, 0, 0, 0, 0, 0, 0, 0
3722:   4E1F023100005FE2D3C51405A40614000F0030000200                                            item_aot_set            31, SCE_ITEM, SAT_PL | SAT_MANUAL | SAT_FRONT, 0, 0, -7585, -14893, 1300, 1700, ITEM_HANDGUNAMMO, 15, 48, 2, 0
3738:   08                                                                                      endif
3739:   00                                                                                      nop

off_373A:
373A:   4E1D02310000A7EA49CA08074006260001005100FF01                                            item_aot_set            29, SCE_ITEM, SAT_PL | SAT_MANUAL | SAT_FRONT, 0, 0, -5465, -13751, 1800, 1600, ITEM_HERBG, 1, 81, 255, 1
3750:   06001C00                                                                                if                      0, off_3770
3754:   21001901                                                                                ck                      0, 25, 1
3758:   4E1C02310000A7EA49CA0807400626000100D900FF01                                            item_aot_set            28, SCE_ITEM, SAT_PL | SAT_MANUAL | SAT_FRONT, 0, 0, -5465, -13751, 1800, 1600, ITEM_HERBG, 1, 217, 255, 1
376E:   08                                                                                      endif
376F:   00                                                                                      nop

off_3770:
3770:   0100                                                                                    evt_end                 0

.proc main_09
3772:   2E0400                                                                                  work_set                WK_OBJECT, 0
3775:   00                                                                                      nop

off_3776:
3776:   06001200                                                                                if                      0, off_378C
377A:   23001A000100                                                                            cmp                     0, 26, CMP_EQ, 1
3780:   3200204E204E204E                                                                        pos_set                 0, 20000, 20000, 20000
3788:   07000E00                                                                                else                    0, off_3796

off_378C:
378C:   320064D57EEB18AB                                                                        pos_set                 0, -10908, -5250, -21736
3794:   00                                                                                      nop
3795:   00                                                                                      nop

off_3796:
3796:   2F043700                                                                                speed_set               4, 55
379A:   30                                                                                      add_speed
379B:   2E0401                                                                                  work_set                WK_OBJECT, 1
379E:   2F043300                                                                                speed_set               4, 51
37A2:   30                                                                                      add_speed
37A3:   02                                                                                      evt_next
37A4:   17FFFF00CEFF                                                                            goto                    255, 255, 0, off_3776
37AA:   0100                                                                                    evt_end                 0

.proc main_0A
37AC:   2B00000000FF                                                                            message_on              0, 0, 0, 0, 255
37B2:   02                                                                                      evt_next
37B3:   00                                                                                      nop
37B4:   06004400                                                                                if                      0, off_37FC
37B8:   210B1F00                                                                                ck                      11, 31, 0
37BC:   360406010408000000000000                                                                se_on                   4, 262, 2052, 0, 0, 0
37C8:   22085301                                                                                set                     8, 83, 1
37CC:   22210201                                                                                set                     33, 2, 1
37D0:   22210301                                                                                set                     33, 3, 1
37D4:   22210401                                                                                set                     33, 4, 1
37D8:   22230201                                                                                set                     35, 2, 1
37DC:   22230301                                                                                set                     35, 3, 1
37E0:   22230401                                                                                set                     35, 4, 1
37E4:   2E0408                                                                                  work_set                WK_OBJECT, 8
37E7:   00                                                                                      nop
37E8:   3200204E204E204E                                                                        pos_set                 0, 20000, 20000, 20000
37F0:   02                                                                                      evt_next
37F1:   00                                                                                      nop
37F2:   2B00110000FF                                                                            message_on              0, 17, 0, 0, 255
37F8:   07001200                                                                                else                    0, off_380A

off_37FC:
37FC:   360405010408000000000000                                                                se_on                   4, 261, 2052, 0, 0, 0
3808:   00                                                                                      nop
3809:   00                                                                                      nop

off_380A:
380A:   0100                                                                                    evt_end                 0

.proc main_0B
380C:   06000A00                                                                                if                      0, off_381A
3810:   21010100                                                                                ck                      1, 1, 0
3814:   180C                                                                                    gosub                   12
3816:   07003200                                                                                else                    0, off_3848

off_381A:
381A:   06000A00                                                                                if                      0, off_3828
381E:   21049900                                                                                ck                      4, 153, 0
3822:   180C                                                                                    gosub                   12
3824:   07002200                                                                                else                    0, off_3846

off_3828:
3828:   06000A00                                                                                if                      0, off_3836
382C:   211D0A01                                                                                ck                      29, 10, 1
3830:   180D                                                                                    gosub                   13
3832:   07001200                                                                                else                    0, off_3844

off_3836:
3836:   06000800                                                                                if                      0, off_3842
383A:   211D0900                                                                                ck                      29, 9, 0
383E:   180D                                                                                    gosub                   13
3840:   08                                                                                      endif
3841:   00                                                                                      nop

off_3842:
3842:   00                                                                                      nop
3843:   00                                                                                      nop

off_3844:
3844:   00                                                                                      nop
3845:   00                                                                                      nop

off_3846:
3846:   00                                                                                      nop
3847:   00                                                                                      nop

off_3848:
3848:   0100                                                                                    evt_end                 0

.proc main_0C
384A:   4400011F00000003034A30DE00003FCD910600000000                                            sce_em_set              0, 1, ENEMY_ZOMBIERANDOM, 0, 0, 0, 3, 3, 74, -8656, 0, -12993, 1681, 0, 0
3860:   4400021F06000003034B20C6000073BB030600000000                                            sce_em_set              0, 2, ENEMY_ZOMBIERANDOM, 6, 0, 0, 3, 3, 75, -14816, 0, -17549, 1539, 0, 0
3876:   4400031F010000030354DDC00000249D190800000000                                            sce_em_set              0, 3, ENEMY_ZOMBIERANDOM, 1, 0, 0, 3, 3, 84, -16163, 0, -25308, 2073, 0, 0
388C:   4400041F060000030395CAA80000EAC5890300000000                                            sce_em_set              0, 4, ENEMY_ZOMBIERANDOM, 6, 0, 0, 3, 3, 149, -22326, 0, -14870, 905, 0, 0
38A2:   4400051F0600000303CA01A0000091AA9F0F00000000                                            sce_em_set              0, 5, ENEMY_ZOMBIERANDOM, 6, 0, 0, 3, 3, 202, -24575, 0, -21871, 3999, 0, 0
38B8:   0100                                                                                    evt_end                 0

.proc main_0D
38BA:   4400011F0000000303B371F6000053BAB10000000000                                            sce_em_set              0, 1, ENEMY_ZOMBIERANDOM, 0, 0, 0, 3, 3, 179, -2447, 0, -17837, 177, 0, 0
38D0:   4400021F0000000303B4D3C700009EBEA00600000000                                            sce_em_set              0, 2, ENEMY_ZOMBIERANDOM, 0, 0, 0, 3, 3, 180, -14381, 0, -16738, 1696, 0, 0
38E6:   4400031F0600000303B568CD0000AD99190C00000000                                            sce_em_set              0, 3, ENEMY_ZOMBIERANDOM, 6, 0, 0, 3, 3, 181, -12952, 0, -26195, 3097, 0, 0
38FC:   4400041F0600000303B623AA000046C3510300000000                                            sce_em_set              0, 4, ENEMY_ZOMBIERANDOM, 6, 0, 0, 3, 3, 182, -21981, 0, -15546, 849, 0, 0
3912:   0100                                                                                    evt_end                 0
