.version 2
.init
.proc init_00
16A6:   06000800                                                                                if                      0, off_16B2
16AA:   21010601                                                                                ck                      1, 6, 1
16AE:   0100                                                                                    evt_end                 0
16B0:   08                                                                                      endif
16B1:   00                                                                                      nop

off_16B2:
16B2:   06001000                                                                                if                      0, off_16C6
16B6:   23001A050000                                                                            cmp                     0, 26, CMP_NE, 0
16BC:   370D0000                                                                                sca_id_set              13, 0, 0
16C0:   370E0000                                                                                sca_id_set              14, 0, 0
16C4:   08                                                                                      endif
16C5:   00                                                                                      nop

off_16C6:
16C6:   3B0201310000542296DCE40C08070ED40000A49BD0FB01120000060300000000                        door_aot_se             2, SCE_DOOR, SAT_PL | SAT_MANUAL | SAT_FRONT, 0, 0, 8788, -9066, 3300, 1800, -11250, 0, -25692, -1072, 1, 18, 0, 0, 6, 3, 0, 0, UNLOCKED, 0
16E6:   3B03013100006EC7C4CCD80E0807AFB40000C29993FB011300001D0200000000                        door_aot_se             3, SCE_DOOR, SAT_PL | SAT_MANUAL | SAT_FRONT, 0, 0, -14482, -13116, 3800, 1800, -19281, 0, -26174, -1133, 1, 19, 0, 0, 29, 2, 0, 0, UNLOCKED, 0
1706:   3B0801310000AEA5C4CC280A08072BCD00004FBDA09B01140000190000000000                        door_aot_se             8, SCE_DOOR, SAT_PL | SAT_MANUAL | SAT_FRONT, 0, 0, -23122, -13116, 2600, 1800, -13013, 0, -17073, -25696, 1, 20, 0, 0, 25, 0, 0, 0, UNLOCKED, 0
1726:   3B0601310000409114965807620C7431000075F01108011600001A0100000000                        door_aot_se             6, SCE_DOOR, SAT_PL | SAT_MANUAL | SAT_FRONT, 0, 0, -28352, -27116, 1880, 3170, 12660, 0, -3979, 2065, 1, 22, 0, 0, 26, 1, 0, 0, UNLOCKED, 0
1746:   3B0701310000DC03F8100807800CB0B60000AFF2908F010F0500120400000000                        door_aot_se             7, SCE_DOOR, SAT_PL | SAT_MANUAL | SAT_FRONT, 0, 0, 988, 4344, 1800, 3200, -18768, 0, -3409, -28784, 1, 15, 5, 0, 18, 4, 0, 0, UNLOCKED, 0
1766:   2C0A043100002291DCA06207400603000000FFFF                                                aot_set                 10, SCE_MESSAGE, SAT_PL | SAT_MANUAL | SAT_FRONT, 0, 0, -28382, -24356, 1890, 1600, 3, 0, 0, 0, 255, 255
177A:   06001C00                                                                                if                      0, off_179A
177E:   21001901                                                                                ck                      0, 25, 1
1782:   4E04023100004A2C62D4A406F00514000F00DD00FF01                                            item_aot_set            4, SCE_ITEM, SAT_PL | SAT_MANUAL | SAT_FRONT, 0, 0, 11338, -11166, 1700, 1520, ITEM_HANDGUNAMMO, 15, 221, 255, 1
1798:   08                                                                                      endif
1799:   00                                                                                      nop

off_179A:
179A:   0100                                                                                    evt_end                 0

.main
.proc main_00
17B4:   06000A00                                                                                if                      0, off_17C2
17B8:   21010601                                                                                ck                      1, 6, 1
17BC:   180B                                                                                    gosub                   11
17BE:   0100                                                                                    evt_end                 0
17C0:   08                                                                                      endif
17C1:   00                                                                                      nop

off_17C2:
17C2:   1803                                                                                    gosub                   3
17C4:   0100                                                                                    evt_end                 0

.proc main_01
17C6:   06000800                                                                                if                      0, off_17D2
17CA:   21010601                                                                                ck                      1, 6, 1
17CE:   0100                                                                                    evt_end                 0
17D0:   08                                                                                      endif
17D1:   00                                                                                      nop

off_17D2:
17D2:   1806                                                                                    gosub                   6
17D4:   1802                                                                                    gosub                   2
17D6:   0100                                                                                    evt_end                 0

.proc main_02
17D8:   06001000                                                                                if                      0, off_17EC
17DC:   23001A000400                                                                            cmp                     0, 26, CMP_EQ, 4
17E2:   370D0000                                                                                sca_id_set              13, 0, 0
17E6:   370E0000                                                                                sca_id_set              14, 0, 0
17EA:   08                                                                                      endif
17EB:   00                                                                                      nop

off_17EC:
17EC:   0100                                                                                    evt_end                 0

.proc main_03
17EE:   22120300                                                                                set                     18, 3, 0
17F2:   22130100                                                                                set                     19, 1, 0
17F6:   06003800                                                                                if                      0, off_1832
17FA:   21040E00                                                                                ck                      4, 14, 0
17FE:   2C050531000036A0C4CC6C070807FF00180A0000                                                aot_set                 5, SCE_EVENT, SAT_PL | SAT_MANUAL | SAT_FRONT, 0, 0, -24522, -13116, 1900, 1800, 255, 0, I_GOSUB, main_0A, 0, 0
1812:   2C090621000036A0C4CC6C0708070A0034000100                                                aot_set                 9, SCE_FLAG_CHG, SAT_PL | SAT_FRONT, 0, 0, -24522, -13116, 1900, 1800, 10, 0, 52, 0, 1, 0
1826:   46080531FF0018090000                                                                    aot_reset               8, SCE_EVENT, SAT_PL | SAT_MANUAL | SAT_FRONT, 255, 0, I_GOSUB, main_09, 0, 0
1830:   08                                                                                      endif
1831:   00                                                                                      nop

off_1832:
1832:   06002800                                                                                if                      0, off_185E
1836:   21043C00                                                                                ck                      4, 60, 0
183A:   640116000000B40B2CA288F596CE0000                                                        sce_espr_on2            1, 22, 0, 0, 0, 180, 11, 44, 162, 136, 245, 150, 206, 0, 0
184A:   640216000000B40B1CA388F596CE0000                                                        sce_espr_on2            2, 22, 0, 0, 0, 180, 11, 28, 163, 136, 245, 150, 206, 0, 0
185A:   07005400                                                                                else                    0, off_18AE

off_185E:
185E:   06002800                                                                                if                      0, off_188A
1862:   21040E00                                                                                ck                      4, 14, 0
1866:   640116100000B40B2CA288F596CE0000                                                        sce_espr_on2            1, 22, 16, 0, 0, 180, 11, 44, 162, 136, 245, 150, 206, 0, 0
1876:   640216100000B40B1CA388F596CE0000                                                        sce_espr_on2            2, 22, 16, 0, 0, 180, 11, 28, 163, 136, 245, 150, 206, 0, 0
1886:   07002600                                                                                else                    0, off_18AC

off_188A:
188A:   640116080000B40B2CA288F596CE0000                                                        sce_espr_on2            1, 22, 8, 0, 0, 180, 11, 44, 162, 136, 245, 150, 206, 0, 0
189A:   640216080000B40B1CA388F596CE0000                                                        sce_espr_on2            2, 22, 8, 0, 0, 180, 11, 28, 163, 136, 245, 150, 206, 0, 0
18AA:   00                                                                                      nop
18AB:   00                                                                                      nop

off_18AC:
18AC:   00                                                                                      nop
18AD:   00                                                                                      nop

off_18AE:
18AE:   2C0005310000470180BCB80B4A06FF0018070000                                                aot_set                 0, SCE_EVENT, SAT_PL | SAT_MANUAL | SAT_FRONT, 0, 0, 327, -17280, 3000, 1610, 255, 0, I_GOSUB, main_07, 0, 0
18C2:   3B0101310000470180BCB80B4A0639A7000031D46894011500001B03008E5C00                        door_aot_se             1, SCE_DOOR, SAT_PL | SAT_MANUAL | SAT_FRONT, 0, 0, 327, -17280, 3000, 1610, -22727, 0, -11215, -27544, 1, 21, 0, 0, 27, 3, 0, 142, ITEM_CLUBKEY, 0
18E2:   0600E200                                                                                if                      0, off_19C8
18E6:   21010100                                                                                ck                      1, 1, 0
18EA:   06008400                                                                                if                      0, off_1972
18EE:   21087700                                                                                ck                      8, 119, 0
18F2:   06003400                                                                                if                      0, off_192A
18F6:   21001900                                                                                ck                      0, 25, 0
18FA:   440000200000000C0064CF9B000041C641FC00000000                                            sce_em_set              0, 0, ENEMY_CEREBRUS, 0, 0, 0, 12, 0, 100, -25649, 0, -14783, -959, 0, 0
1910:   440001200000000C0065A226000075CA991800000000                                            sce_em_set              0, 1, ENEMY_CEREBRUS, 0, 0, 0, 12, 0, 101, 9890, 0, -13707, 6297, 0, 0
1926:   07004800                                                                                else                    0, off_196E

off_192A:
192A:   440000200000000C0064F328000068CF710500000000                                            sce_em_set              0, 0, ENEMY_CEREBRUS, 0, 0, 0, 12, 0, 100, 10483, 0, -12440, 1393, 0, 0
1940:   440001200000000C0065FFD80000A0C6490F00000000                                            sce_em_set              0, 1, ENEMY_CEREBRUS, 0, 0, 0, 12, 0, 101, -9985, 0, -14688, 3913, 0, 0
1956:   440002200000000C0066709D0000BBADF1FB00000000                                            sce_em_set              0, 2, ENEMY_CEREBRUS, 0, 0, 0, 12, 0, 102, -25232, 0, -21061, -1039, 0, 0
196C:   00                                                                                      nop
196D:   00                                                                                      nop

off_196E:
196E:   07005600                                                                                else                    0, off_19C4

off_1972:
1972:   06001E00                                                                                if                      0, off_1994
1976:   21001900                                                                                ck                      0, 25, 0
197A:   440000220000000E00B8A2F0000063C7F1FB00000000                                            sce_em_set              0, 0, ENEMY_LICKERRED, 0, 0, 0, 14, 0, 184, -3934, 0, -14493, -1039, 0, 0
1990:   07003200                                                                                else                    0, off_19C2

off_1994:
1994:   440000220000000E00B86AF50000DDC7311000000000                                            sce_em_set              0, 0, ENEMY_LICKERRED, 0, 0, 0, 14, 0, 184, -2710, 0, -14371, 4145, 0, 0
19AA:   440001220000000E00B9E8BD0000F1C72B0800000000                                            sce_em_set              0, 1, ENEMY_LICKERRED, 0, 0, 0, 14, 0, 185, -16920, 0, -14351, 2091, 0, 0
19C0:   00                                                                                      nop
19C1:   00                                                                                      nop

off_19C2:
19C2:   00                                                                                      nop
19C3:   00                                                                                      nop

off_19C4:
19C4:   07005E00                                                                                else                    0, off_1A22

off_19C8:
19C8:   06002800                                                                                if                      0, off_19F4
19CC:   211D0A01                                                                                ck                      29, 10, 1
19D0:   06001A00                                                                                if                      0, off_19EE
19D4:   21049901                                                                                ck                      4, 153, 1
19D8:   06000A00                                                                                if                      0, off_19E6
19DC:   21087700                                                                                ck                      8, 119, 0
19E0:   1804                                                                                    gosub                   4
19E2:   07000800                                                                                else                    0, off_19EA

off_19E6:
19E6:   1805                                                                                    gosub                   5
19E8:   00                                                                                      nop
19E9:   00                                                                                      nop

off_19EA:
19EA:   07000600                                                                                else                    0, off_19F0

off_19EE:
19EE:   00                                                                                      nop
19EF:   00                                                                                      nop

off_19F0:
19F0:   07003000                                                                                else                    0, off_1A20

off_19F4:
19F4:   06002600                                                                                if                      0, off_1A1E
19F8:   211D0900                                                                                ck                      29, 9, 0
19FC:   06001A00                                                                                if                      0, off_1A1A
1A00:   21049901                                                                                ck                      4, 153, 1
1A04:   06000A00                                                                                if                      0, off_1A12
1A08:   21087700                                                                                ck                      8, 119, 0
1A0C:   1804                                                                                    gosub                   4
1A0E:   07000800                                                                                else                    0, off_1A16

off_1A12:
1A12:   1805                                                                                    gosub                   5
1A14:   00                                                                                      nop
1A15:   00                                                                                      nop

off_1A16:
1A16:   07000600                                                                                else                    0, off_1A1C

off_1A1A:
1A1A:   00                                                                                      nop
1A1B:   00                                                                                      nop

off_1A1C:
1A1C:   08                                                                                      endif
1A1D:   00                                                                                      nop

off_1A1E:
1A1E:   00                                                                                      nop
1A1F:   00                                                                                      nop

off_1A20:
1A20:   00                                                                                      nop
1A21:   00                                                                                      nop

off_1A22:
1A22:   0100                                                                                    evt_end                 0

.proc main_04
1A24:   4400001F000000040164552B0000FCC9510900000000                                            sce_em_set              0, 0, ENEMY_ZOMBIERANDOM, 0, 0, 0, 4, 1, 100, 11093, 0, -13828, 2385, 0, 0
1A3A:   4400011F000000040165F6080000F2CD69F500000000                                            sce_em_set              0, 1, ENEMY_ZOMBIERANDOM, 0, 0, 0, 4, 1, 101, 2294, 0, -12814, -2711, 0, 0
1A50:   4400021F00000004016656DB000061C3D1EB00000000                                            sce_em_set              0, 2, ENEMY_ZOMBIERANDOM, 0, 0, 0, 4, 1, 102, -9386, 0, -15519, -5167, 0, 0
1A66:   4400031F0000000601B854BE0000C5CCD10300000000                                            sce_em_set              0, 3, ENEMY_ZOMBIERANDOM, 0, 0, 0, 6, 1, 184, -16812, 0, -13115, 977, 0, 0
1A7C:   4400041F0000000601B9E79B00004EC9A1E200000000                                            sce_em_set              0, 4, ENEMY_ZOMBIERANDOM, 0, 0, 0, 6, 1, 185, -25625, 0, -14002, -7519, 0, 0
1A92:   0100                                                                                    evt_end                 0

.proc main_05
1A94:   440001120000000401BCF6080000F2CD690500000000                                            sce_em_set              0, 1, ENEMY_ZOMBIEGUY1, 0, 0, 0, 4, 1, 188, 2294, 0, -12814, 1385, 0, 0
1AAA:   440004120000000601BD56DB000061C3D10B00000000                                            sce_em_set              0, 4, ENEMY_ZOMBIEGUY1, 0, 0, 0, 6, 1, 189, -9386, 0, -15519, 3025, 0, 0
1AC0:   0100                                                                                    evt_end                 0

.proc main_06
1AC2:   06003C00                                                                                if                      0, off_1B02
1AC6:   21040E00                                                                                ck                      4, 14, 0
1ACA:   06003200                                                                                if                      0, off_1B00
1ACE:   230000000900                                                                            cmp                     0, 0, CMP_EQ, 9
1AD4:   06002600                                                                                if                      0, off_1AFE
1AD8:   230002003400                                                                            cmp                     0, 2, CMP_EQ, 52
1ADE:   06001200                                                                                if                      0, off_1AF4
1AE2:   21043C01                                                                                ck                      4, 60, 1
1AE6:   22040E01                                                                                set                     4, 14, 1
1AEA:   6234                                                                                    sce_item_lost           52
1AEC:   04FF1808                                                                                evt_exec                255, I_GOSUB, main_08
1AF0:   07000C00                                                                                else                    0, off_1AFC

off_1AF4:
1AF4:   2B000100FFFF                                                                            message_on              0, 1, 0, 255, 255
1AFA:   00                                                                                      nop
1AFB:   00                                                                                      nop

off_1AFC:
1AFC:   08                                                                                      endif
1AFD:   00                                                                                      nop

off_1AFE:
1AFE:   08                                                                                      endif
1AFF:   00                                                                                      nop

off_1B00:
1B00:   08                                                                                      endif
1B01:   00                                                                                      nop

off_1B02:
1B02:   0100                                                                                    evt_end                 0

.proc main_07
1B04:   22020701                                                                                set                     2, 7, 1
1B08:   06000E00                                                                                if                      0, off_1B1A
1B0C:   211F0E00                                                                                ck                      31, 14, 0
1B10:   2B000400FFFF                                                                            message_on              0, 4, 0, 255, 255
1B16:   02                                                                                      evt_next
1B17:   00                                                                                      nop
1B18:   08                                                                                      endif
1B19:   00                                                                                      nop

off_1B1A:
1B1A:   4701                                                                                    aot_on                  1
1B1C:   02                                                                                      evt_next
1B1D:   22020700                                                                                set                     2, 7, 0
1B21:   00                                                                                      nop
1B22:   0100                                                                                    evt_end                 0

.proc main_08
1B24:   22020701                                                                                set                     2, 7, 1
1B28:   22020201                                                                                set                     2, 2, 1
1B2C:   290C                                                                                    cut_chg                 12
1B2E:   460801312BCD00004FBD                                                                    aot_reset               8, SCE_DOOR, SAT_PL | SAT_MANUAL | SAT_FRONT, 43, 205, 0, 0, 79, 189
1B38:   460500312BCD00004FBD                                                                    aot_reset               5, SCE_AUTO, SAT_PL | SAT_MANUAL | SAT_FRONT, 43, 205, 0, 0, 79, 189
1B42:   460900312BCD00004FBD                                                                    aot_reset               9, SCE_AUTO, SAT_PL | SAT_MANUAL | SAT_FRONT, 43, 205, 0, 0, 79, 189
1B4C:   36020C00000044A4F8F893CC                                                                se_on                   2, 12, 0, -23484, -1800, -13165
1B58:   090A0F00                                                                                sleep                   10, 15
1B5C:   36020D00000044A4F8F893CC                                                                se_on                   2, 13, 0, -23484, -1800, -13165
1B68:   6501                                                                                    sce_espr_kill2          1
1B6A:   6502                                                                                    sce_espr_kill2          2
1B6C:   640116080000B40B2CA288F596CE0000                                                        sce_espr_on2            1, 22, 8, 0, 0, 180, 11, 44, 162, 136, 245, 150, 206, 0, 0
1B7C:   640216080000B40B1CA388F596CE0000                                                        sce_espr_on2            2, 22, 8, 0, 0, 180, 11, 28, 163, 136, 245, 150, 206, 0, 0
1B8C:   090A0F00                                                                                sleep                   10, 15
1B90:   36020B00000044A4F8F893CC                                                                se_on                   2, 11, 0, -23484, -1800, -13165
1B9C:   2909                                                                                    cut_chg                 9
1B9E:   3C01                                                                                    cut_auto                1
1BA0:   22020700                                                                                set                     2, 7, 0
1BA4:   22020200                                                                                set                     2, 2, 0
1BA8:   0100                                                                                    evt_end                 0

.proc main_09
1BAA:   22020701                                                                                set                     2, 7, 1
1BAE:   2B000000FFFF                                                                            message_on              0, 0, 0, 255, 255
1BB4:   02                                                                                      evt_next
1BB5:   00                                                                                      nop
1BB6:   2B000600FFFF                                                                            message_on              0, 6, 0, 255, 255
1BBC:   36021600000044A4F8F893CC                                                                se_on                   2, 22, 0, -23484, -1800, -13165
1BC8:   02                                                                                      evt_next
1BC9:   22020700                                                                                set                     2, 7, 0
1BCD:   00                                                                                      nop
1BCE:   0100                                                                                    evt_end                 0

.proc main_0A
1BD0:   22020701                                                                                set                     2, 7, 1
1BD4:   290C                                                                                    cut_chg                 12
1BD6:   06001000                                                                                if                      0, off_1BEA
1BDA:   21043C01                                                                                ck                      4, 60, 1
1BDE:   2B000200FFFF                                                                            message_on              0, 2, 0, 255, 255
1BE4:   02                                                                                      evt_next
1BE5:   00                                                                                      nop
1BE6:   07000E00                                                                                else                    0, off_1BF4

off_1BEA:
1BEA:   2B000100FFFF                                                                            message_on              0, 1, 0, 255, 255
1BF0:   02                                                                                      evt_next
1BF1:   00                                                                                      nop
1BF2:   00                                                                                      nop
1BF3:   00                                                                                      nop

off_1BF4:
1BF4:   2909                                                                                    cut_chg                 9
1BF6:   3C01                                                                                    cut_auto                1
1BF8:   22020700                                                                                set                     2, 7, 0
1BFC:   0100                                                                                    evt_end                 0

.proc main_0B
1BFE:   370D0000                                                                                sca_id_set              13, 0, 0
1C02:   370E0000                                                                                sca_id_set              14, 0, 0
1C06:   22120300                                                                                set                     18, 3, 0
1C0A:   22130100                                                                                set                     19, 1, 0
1C0E:   2C0204310000542296DCE40C080705000000FFFF                                                aot_set                 2, SCE_MESSAGE, SAT_PL | SAT_MANUAL | SAT_FRONT, 0, 0, 8788, -9066, 3300, 1800, 5, 0, 0, 0, 255, 255
1C22:   2C03043100006EC7C4CCD80E080705000000FFFF                                                aot_set                 3, SCE_MESSAGE, SAT_PL | SAT_MANUAL | SAT_FRONT, 0, 0, -14482, -13116, 3800, 1800, 5, 0, 0, 0, 255, 255
1C36:   2C0804310000AEA5C4CC280A080705000000FFFF                                                aot_set                 8, SCE_MESSAGE, SAT_PL | SAT_MANUAL | SAT_FRONT, 0, 0, -23122, -13116, 2600, 1800, 5, 0, 0, 0, 255, 255
1C4A:   2C0104310000470180BCB80B4A0605000000FFFF                                                aot_set                 1, SCE_MESSAGE, SAT_PL | SAT_MANUAL | SAT_FRONT, 0, 0, 327, -17280, 3000, 1610, 5, 0, 0, 0, 255, 255
1C5E:   3B0601310000409114965807620C7431000075F01108011600001A0100000000                        door_aot_se             6, SCE_DOOR, SAT_PL | SAT_MANUAL | SAT_FRONT, 0, 0, -28352, -27116, 1880, 3170, 12660, 0, -3979, 2065, 1, 22, 0, 0, 26, 1, 0, 0, UNLOCKED, 0
1C7E:   3B0701310000DC03F8100807800CB0B60000AFF2908F010F0500120400000000                        door_aot_se             7, SCE_DOOR, SAT_PL | SAT_MANUAL | SAT_FRONT, 0, 0, 988, 4344, 1800, 3200, -18768, 0, -3409, -28784, 1, 15, 5, 0, 18, 4, 0, 0, UNLOCKED, 0
1C9E:   440000210000000D006C35BC3EFE0ECCC10200000000                                            sce_em_set              0, 0, ENEMY_CROW, 0, 0, 0, 13, 0, 108, -17355, -450, -13298, 705, 0, 0
1CB4:   440001210000000D006DD5B73EFEF1C7130200000000                                            sce_em_set              0, 1, ENEMY_CROW, 0, 0, 0, 13, 0, 109, -18475, -450, -14351, 531, 0, 0
1CCA:   440002210000000D006E20BD3EFE7CC4A00D00000000                                            sce_em_set              0, 2, ENEMY_CROW, 0, 0, 0, 13, 0, 110, -17120, -450, -15236, 3488, 0, 0
1CE0:   440003210000000D006F9AF23EFE8BD4A01400000000                                            sce_em_set              0, 3, ENEMY_CROW, 0, 0, 0, 13, 0, 111, -3430, -450, -11125, 5280, 0, 0
1CF6:   440004210000000D0070B1983EFE12B7E00200000000                                            sce_em_set              0, 4, ENEMY_CROW, 0, 0, 0, 13, 0, 112, -26447, -450, -18670, 736, 0, 0
1D0C:   440005210000000D00718E9D3EFEF5B7200000000000                                            sce_em_set              0, 5, ENEMY_CROW, 0, 0, 0, 13, 0, 113, -25202, -450, -18443, 32, 0, 0
1D22:   440006210000000D00722AA13EFED1B9C00800000000                                            sce_em_set              0, 6, ENEMY_CROW, 0, 0, 0, 13, 0, 114, -24278, -450, -17967, 2240, 0, 0
1D38:   440007210000000D009DFCEC000007D5D00300000000                                            sce_em_set              0, 7, ENEMY_CROW, 0, 0, 0, 13, 0, 157, -4868, 0, -11001, 976, 0, 0
1D4E:   440008210000000D009E2BF0000011D5700400000000                                            sce_em_set              0, 8, ENEMY_CROW, 0, 0, 0, 13, 0, 158, -4053, 0, -10991, 1136, 0, 0
1D64:   0100                                                                                    evt_end                 0
1D66:   0000                                                                                    db                      0x00, 0x00
