.version 2

.init
.proc init
0E82:   3B00013100006DAC0F92F8110807BFCD000093CC0004011107001D0300000000                        door_aot_se             0, SCE_DOOR, SAT_PL | SAT_MANUAL | SAT_FRONT, 0, 0, -21395, -28145, 4600, 1800, -12865, 0, -13165, 1024, 1, 17, 7, 0, 29, 3, 0, 0, UNLOCKED, 0
0EA2:   0100                                                                                    evt_end                 0

.main
.proc main
0EB2:   06006600                                                                                if                      0, off_0F1C
0EB6:   21010101                                                                                ck                      FG_GAME, F_SCENARIO, 1
0EBA:   06001E00                                                                                if                      0, off_0EDC
0EBE:   21001901                                                                                ck                      FG_0, F_DIFFICULT, 1
0EC2:   4E0202310000EAC5D4951A097206190006001800FF01                                            item_aot_set            2, SCE_ITEM, SAT_PL | SAT_MANUAL | SAT_FRONT, 0, 0, -14870, -27180, 2330, 1650, ITEM_FLAMEROUNDS, 6, 24, 255, 1
0ED8:   07004200                                                                                else                    0, off_0F1A

off_0EDC:
0EDC:   4E02023100007CACB8D4D80460041900060018000101                                            item_aot_set            2, SCE_ITEM, SAT_PL | SAT_MANUAL | SAT_FRONT, 0, 0, -21380, -11080, 1240, 1120, ITEM_FLAMEROUNDS, 6, 24, 1, 1
0EF2:   2D0100000000000000000A001000BAAF0000F6D7000000FC0000000000000000000000000000            obj_model_set           1, 0, 0, 0, 0, 0, 0, 10, 16, -20550, 0, -10250, 0, -1024, 0, 0, 0, 0, 0, 0, 0, 0, 0
0F18:   00                                                                                      nop
0F19:   00                                                                                      nop

off_0F1A:
0F1A:   08                                                                                      endif
0F1B:   00                                                                                      nop

off_0F1C:
0F1C:   1803                                                                                    gosub                   main_03
0F1E:   0100                                                                                    evt_end                 0

.proc aot
0F20:   1802                                                                                    gosub                   main_02
0F22:   0100                                                                                    evt_end                 0

.proc main_02
0F24:   06001000                                                                                if                      0, off_0F38
0F28:   21043C01                                                                                ck                      FG_GENERAL_1, 60, 1
0F2C:   460304310A000000FFFF                                                                    aot_reset               3, SCE_MESSAGE, SAT_PL | SAT_MANUAL | SAT_FRONT, 10, 0, 0, 0, 255, 255
0F36:   08                                                                                      endif
0F37:   00                                                                                      nop

off_0F38:
0F38:   1806                                                                                    gosub                   main_06
0F3A:   0100                                                                                    evt_end                 0

.proc main_03
0F3C:   06005600                                                                                if                      0, off_0F96
0F40:   21043C01                                                                                ck                      FG_GENERAL_1, 60, 1
0F44:   640116020000BA02C2A0CEF5C2D40000                                                        sce_espr_on2            1, 22, 2, 0, 0, 186, 2, 194, 160, 206, 245, 194, 212, 0, 0
0F54:   640216020000BA0214A1CEF5C2D40000                                                        sce_espr_on2            2, 22, 2, 0, 0, 186, 2, 20, 161, 206, 245, 194, 212, 0, 0
0F64:   640316020000BA026EA1CEF5C2D40000                                                        sce_espr_on2            3, 22, 2, 0, 0, 186, 2, 110, 161, 206, 245, 194, 212, 0, 0
0F74:   640416020000BA02C8A1CEF5C2D40000                                                        sce_espr_on2            4, 22, 2, 0, 0, 186, 2, 200, 161, 206, 245, 194, 212, 0, 0
0F84:   640516020000BA0222A2CEF5C2D40000                                                        sce_espr_on2            5, 22, 2, 0, 0, 186, 2, 34, 162, 206, 245, 194, 212, 0, 0
0F94:   08                                                                                      endif
0F95:   00                                                                                      nop

off_0F96:
0F96:   2C0305310000F89E14D36C070E06FF0018040000                                                aot_set                 3, SCE_EVENT, SAT_PL | SAT_MANUAL | SAT_FRONT, 0, 0, -24840, -11500, 1900, 1550, 255, 0, I_GOSUB, main_04, 0, 0
0FAA:   4E0602310000689D509750052E0426000100FD000901                                            item_aot_set            6, SCE_ITEM, SAT_PL | SAT_MANUAL | SAT_FRONT, 0, 0, -25240, -26800, 1360, 1070, ITEM_HERBG, 1, 253, 9, 1
0FC0:   06004000                                                                                if                      0, off_1004
0FC4:   21047A00                                                                                ck                      FG_GENERAL_1, 122, 0
0FC8:   2C050531000098BD6CD5B0042E04FF0018050000                                                aot_set                 5, SCE_EVENT, SAT_PL | SAT_MANUAL | SAT_FRONT, 0, 0, -17000, -10900, 1200, 1070, 255, 0, I_GOSUB, main_05, 0, 0
0FDC:   2D0000000000000000000A001000FCBD50FB60D7000080FC0000000000000000000000000000            obj_model_set           0, 0, 0, 0, 0, 0, 0, 10, 16, -16900, -1200, -10400, 0, -896, 0, 0, 0, 0, 0, 0, 0, 0, 0
1002:   08                                                                                      endif
1003:   00                                                                                      nop

off_1004:
1004:   2D0200000000000000000A001000AC9F3EF5C2D4800000FCC0F8000000000000000000000000            obj_model_set           2, 0, 0, 0, 0, 0, 0, 10, 16, -24660, -2754, -11070, 128, -1024, -1856, 0, 0, 0, 0, 0, 0, 0, 0
102A:   2D0300000000000000000A001000BAA084F6C2D400FC00FC0004000000000000000000000000            obj_model_set           3, 0, 0, 0, 0, 0, 0, 10, 16, -24390, -2428, -11070, -1024, -1024, 1024, 0, 0, 0, 0, 0, 0, 0, 0
1050:   2D0400000000000000000A00100014A184F6C2D400FC00FC0004000000000000000000000000            obj_model_set           4, 0, 0, 0, 0, 0, 0, 10, 16, -24300, -2428, -11070, -1024, -1024, 1024, 0, 0, 0, 0, 0, 0, 0, 0
1076:   2D0500000000000000000A0010006EA184F6C2D400FC00FC0004000000000000000000000000            obj_model_set           5, 0, 0, 0, 0, 0, 0, 10, 16, -24210, -2428, -11070, -1024, -1024, 1024, 0, 0, 0, 0, 0, 0, 0, 0
109C:   2D0600000000000000000A001000C8A184F6C2D400FC00FC0004000000000000000000000000            obj_model_set           6, 0, 0, 0, 0, 0, 0, 10, 16, -24120, -2428, -11070, -1024, -1024, 1024, 0, 0, 0, 0, 0, 0, 0, 0
10C2:   2D0700000000000000000A00100022A284F6C2D400FC00FC0004000000000000000000000000            obj_model_set           7, 0, 0, 0, 0, 0, 0, 10, 16, -24030, -2428, -11070, -1024, -1024, 1024, 0, 0, 0, 0, 0, 0, 0, 0
10E8:   2D0900000000000000000A001000129F0000B199000000000000000000000000000000000000            obj_model_set           9, 0, 0, 0, 0, 0, 0, 10, 16, -24814, 0, -26191, 0, 0, 0, 0, 0, 0, 0, 0, 0, 0, 0
110E:   0100                                                                                    evt_end                 0

.proc main_04
1110:   22020701                                                                                set                     FG_STATE, 7, 1
1114:   2B000B00FFEF                                                                            message_on              0, 11, 0, 255, 239
111A:   090A0100                                                                                sleep                   10, 1
111E:   2906                                                                                    cut_chg                 6
1120:   2E0100                                                                                  work_set                WK_PLAYER, 0
1123:   00                                                                                      nop
1124:   3200000030F80000                                                                        pos_set                 0, 0, -2000, 0
112C:   2E0402                                                                                  work_set                WK_OBJECT, 2
112F:   00                                                                                      nop
1130:   3200AC9F3EF5C2D4                                                                        pos_set                 0, -24660, -2754, -11070
1138:   24050000                                                                                save                    V_05, 0
113C:   24060000                                                                                save                    V_06, 0
1140:   2407AC9F                                                                                save                    V_07, -24660
1144:   2E0403                                                                                  work_set                WK_OBJECT, 3
1147:   00                                                                                      nop
1148:   330000FC00FC0004                                                                        dir_set                 0, -1024, -1024, 1024
1150:   2E0404                                                                                  work_set                WK_OBJECT, 4
1153:   00                                                                                      nop
1154:   330000FC00FC0004                                                                        dir_set                 0, -1024, -1024, 1024
115C:   2E0405                                                                                  work_set                WK_OBJECT, 5
115F:   00                                                                                      nop
1160:   330000FC00FC0004                                                                        dir_set                 0, -1024, -1024, 1024
1168:   2E0406                                                                                  work_set                WK_OBJECT, 6
116B:   00                                                                                      nop
116C:   330000FC00FC0004                                                                        dir_set                 0, -1024, -1024, 1024
1174:   2E0407                                                                                  work_set                WK_OBJECT, 7
1177:   00                                                                                      nop
1178:   330000FC00FC0004                                                                        dir_set                 0, -1024, -1024, 1024
1180:   6501                                                                                    sce_espr_kill2          1
1182:   6502                                                                                    sce_espr_kill2          2
1184:   6503                                                                                    sce_espr_kill2          3
1186:   6504                                                                                    sce_espr_kill2          4
1188:   6505                                                                                    sce_espr_kill2          5
118A:   2B000100FFEF                                                                            message_on              0, 1, 0, 255, 239
1190:   02                                                                                      evt_next
1191:   00                                                                                      nop
1192:   36020A0100009BA000FCF4D3                                                                se_on                   2, 266, 0, -24421, -1024, -11276
119E:   06007C00                                                                                if                      0, off_121E
11A2:   210B1F00                                                                                ck                      FG_INPUT, F_QUESTION, 0
11A6:   2E0403                                                                                  work_set                WK_OBJECT, 3
11A9:   00                                                                                      nop
11AA:   330000FC00FC4006                                                                        dir_set                 0, -1024, -1024, 1600
11B2:   250605                                                                                  copy                    V_06, V_05
11B5:   00                                                                                      nop
11B6:   251005                                                                                  copy                    V_TEMP, V_05
11B9:   00                                                                                      nop
11BA:   260000102400                                                                            calc                    0, OP_ADD, V_TEMP, 36
11C0:   250510                                                                                  copy                    V_05, V_TEMP
11C3:   00                                                                                      nop
11C4:   06000C00                                                                                if                      0, off_11D4
11C8:   230005026400                                                                            cmp                     0, V_05, CMP_GE, 100
11CE:   24056400                                                                                save                    V_05, 100
11D2:   08                                                                                      endif
11D3:   00                                                                                      nop

off_11D4:
11D4:   251005                                                                                  copy                    V_TEMP, V_05
11D7:   00                                                                                      nop
11D8:   27011006                                                                                calc2                   OP_SUB, V_TEMP, V_06
11DC:   250410                                                                                  copy                    V_04, V_TEMP
11DF:   00                                                                                      nop
11E0:   0F063600                                                                                while                   6, off_121A
11E4:   230004010000                                                                            cmp                     0, V_04, CMP_GT, 0
11EA:   251004                                                                                  copy                    V_TEMP, V_04
11ED:   00                                                                                      nop
11EE:   260001100100                                                                            calc                    0, OP_SUB, V_TEMP, 1
11F4:   250410                                                                                  copy                    V_04, V_TEMP
11F7:   00                                                                                      nop
11F8:   251007                                                                                  copy                    V_TEMP, V_07
11FB:   00                                                                                      nop
11FC:   260000100900                                                                            calc                    0, OP_ADD, V_TEMP, 9
1202:   250710                                                                                  copy                    V_07, V_TEMP
1205:   00                                                                                      nop
1206:   2E0402                                                                                  work_set                WK_OBJECT, 2
1209:   00                                                                                      nop
120A:   1D070201                                                                                work_copy               7, 2, 1
120E:   320000003EF5C2D4                                                                        pos_set                 0, 0, -2754, -11070
1216:   02                                                                                      evt_next
1217:   00                                                                                      nop
1218:   1000                                                                                    ewhile                  0

off_121A:
121A:   07007A00                                                                                else                    0, off_1294

off_121E:
121E:   2E0403                                                                                  work_set                WK_OBJECT, 3
1221:   00                                                                                      nop
1222:   330000FC00FC0302                                                                        dir_set                 0, -1024, -1024, 515
122A:   250605                                                                                  copy                    V_06, V_05
122D:   00                                                                                      nop
122E:   251005                                                                                  copy                    V_TEMP, V_05
1231:   00                                                                                      nop
1232:   260001100E00                                                                            calc                    0, OP_SUB, V_TEMP, 14
1238:   250510                                                                                  copy                    V_05, V_TEMP
123B:   00                                                                                      nop
123C:   06000C00                                                                                if                      0, off_124C
1240:   230005040000                                                                            cmp                     0, V_05, CMP_LE, 0
1246:   24050000                                                                                save                    V_05, 0
124A:   08                                                                                      endif
124B:   00                                                                                      nop

off_124C:
124C:   251006                                                                                  copy                    V_TEMP, V_06
124F:   00                                                                                      nop
1250:   27011005                                                                                calc2                   OP_SUB, V_TEMP, V_05
1254:   250410                                                                                  copy                    V_04, V_TEMP
1257:   00                                                                                      nop
1258:   0F063600                                                                                while                   6, off_1292
125C:   230004010000                                                                            cmp                     0, V_04, CMP_GT, 0
1262:   251004                                                                                  copy                    V_TEMP, V_04
1265:   00                                                                                      nop
1266:   260001100100                                                                            calc                    0, OP_SUB, V_TEMP, 1
126C:   250410                                                                                  copy                    V_04, V_TEMP
126F:   00                                                                                      nop
1270:   251007                                                                                  copy                    V_TEMP, V_07
1273:   00                                                                                      nop
1274:   260001100900                                                                            calc                    0, OP_SUB, V_TEMP, 9
127A:   250710                                                                                  copy                    V_07, V_TEMP
127D:   00                                                                                      nop
127E:   2E0402                                                                                  work_set                WK_OBJECT, 2
1281:   00                                                                                      nop
1282:   1D070201                                                                                work_copy               7, 2, 1
1286:   320000003EF5C2D4                                                                        pos_set                 0, 0, -2754, -11070
128E:   02                                                                                      evt_next
128F:   00                                                                                      nop
1290:   1000                                                                                    ewhile                  0

off_1292:
1292:   00                                                                                      nop
1293:   00                                                                                      nop

off_1294:
1294:   640116020000BA02C2A0CEF5C2D40000                                                        sce_espr_on2            1, 22, 2, 0, 0, 186, 2, 194, 160, 206, 245, 194, 212, 0, 0
12A4:   090A1E00                                                                                sleep                   10, 30
12A8:   2B000200FFEF                                                                            message_on              0, 2, 0, 255, 239
12AE:   02                                                                                      evt_next
12AF:   00                                                                                      nop
12B0:   36020A0100009BA000FCF4D3                                                                se_on                   2, 266, 0, -24421, -1024, -11276
12BC:   06007C00                                                                                if                      0, off_133C
12C0:   210B1F00                                                                                ck                      FG_INPUT, F_QUESTION, 0
12C4:   2E0404                                                                                  work_set                WK_OBJECT, 4
12C7:   00                                                                                      nop
12C8:   330000FC00FC4006                                                                        dir_set                 0, -1024, -1024, 1600
12D0:   250605                                                                                  copy                    V_06, V_05
12D3:   00                                                                                      nop
12D4:   251005                                                                                  copy                    V_TEMP, V_05
12D7:   00                                                                                      nop
12D8:   260000102400                                                                            calc                    0, OP_ADD, V_TEMP, 36
12DE:   250510                                                                                  copy                    V_05, V_TEMP
12E1:   00                                                                                      nop
12E2:   06000C00                                                                                if                      0, off_12F2
12E6:   230005026400                                                                            cmp                     0, V_05, CMP_GE, 100
12EC:   24056400                                                                                save                    V_05, 100
12F0:   08                                                                                      endif
12F1:   00                                                                                      nop

off_12F2:
12F2:   251005                                                                                  copy                    V_TEMP, V_05
12F5:   00                                                                                      nop
12F6:   27011006                                                                                calc2                   OP_SUB, V_TEMP, V_06
12FA:   250410                                                                                  copy                    V_04, V_TEMP
12FD:   00                                                                                      nop
12FE:   0F063600                                                                                while                   6, off_1338
1302:   230004010000                                                                            cmp                     0, V_04, CMP_GT, 0
1308:   251004                                                                                  copy                    V_TEMP, V_04
130B:   00                                                                                      nop
130C:   260001100100                                                                            calc                    0, OP_SUB, V_TEMP, 1
1312:   250410                                                                                  copy                    V_04, V_TEMP
1315:   00                                                                                      nop
1316:   251007                                                                                  copy                    V_TEMP, V_07
1319:   00                                                                                      nop
131A:   260000100900                                                                            calc                    0, OP_ADD, V_TEMP, 9
1320:   250710                                                                                  copy                    V_07, V_TEMP
1323:   00                                                                                      nop
1324:   2E0402                                                                                  work_set                WK_OBJECT, 2
1327:   00                                                                                      nop
1328:   1D070201                                                                                work_copy               7, 2, 1
132C:   320000003EF5C2D4                                                                        pos_set                 0, 0, -2754, -11070
1334:   02                                                                                      evt_next
1335:   00                                                                                      nop
1336:   1000                                                                                    ewhile                  0

off_1338:
1338:   07007A00                                                                                else                    0, off_13B2

off_133C:
133C:   2E0404                                                                                  work_set                WK_OBJECT, 4
133F:   00                                                                                      nop
1340:   330000FC00FC0302                                                                        dir_set                 0, -1024, -1024, 515
1348:   250605                                                                                  copy                    V_06, V_05
134B:   00                                                                                      nop
134C:   251005                                                                                  copy                    V_TEMP, V_05
134F:   00                                                                                      nop
1350:   260001100E00                                                                            calc                    0, OP_SUB, V_TEMP, 14
1356:   250510                                                                                  copy                    V_05, V_TEMP
1359:   00                                                                                      nop
135A:   06000C00                                                                                if                      0, off_136A
135E:   230005040000                                                                            cmp                     0, V_05, CMP_LE, 0
1364:   24050000                                                                                save                    V_05, 0
1368:   08                                                                                      endif
1369:   00                                                                                      nop

off_136A:
136A:   251006                                                                                  copy                    V_TEMP, V_06
136D:   00                                                                                      nop
136E:   27011005                                                                                calc2                   OP_SUB, V_TEMP, V_05
1372:   250410                                                                                  copy                    V_04, V_TEMP
1375:   00                                                                                      nop
1376:   0F063600                                                                                while                   6, off_13B0
137A:   230004010000                                                                            cmp                     0, V_04, CMP_GT, 0
1380:   251004                                                                                  copy                    V_TEMP, V_04
1383:   00                                                                                      nop
1384:   260001100100                                                                            calc                    0, OP_SUB, V_TEMP, 1
138A:   250410                                                                                  copy                    V_04, V_TEMP
138D:   00                                                                                      nop
138E:   251007                                                                                  copy                    V_TEMP, V_07
1391:   00                                                                                      nop
1392:   260001100900                                                                            calc                    0, OP_SUB, V_TEMP, 9
1398:   250710                                                                                  copy                    V_07, V_TEMP
139B:   00                                                                                      nop
139C:   2E0402                                                                                  work_set                WK_OBJECT, 2
139F:   00                                                                                      nop
13A0:   1D070201                                                                                work_copy               7, 2, 1
13A4:   320000003EF5C2D4                                                                        pos_set                 0, 0, -2754, -11070
13AC:   02                                                                                      evt_next
13AD:   00                                                                                      nop
13AE:   1000                                                                                    ewhile                  0

off_13B0:
13B0:   00                                                                                      nop
13B1:   00                                                                                      nop

off_13B2:
13B2:   640216020000BA0214A1CEF5C2D40000                                                        sce_espr_on2            2, 22, 2, 0, 0, 186, 2, 20, 161, 206, 245, 194, 212, 0, 0
13C2:   090A1E00                                                                                sleep                   10, 30
13C6:   2B000300FFEF                                                                            message_on              0, 3, 0, 255, 239
13CC:   02                                                                                      evt_next
13CD:   00                                                                                      nop
13CE:   36020A0100009BA000FCF4D3                                                                se_on                   2, 266, 0, -24421, -1024, -11276
13DA:   06007C00                                                                                if                      0, off_145A
13DE:   210B1F00                                                                                ck                      FG_INPUT, F_QUESTION, 0
13E2:   2E0405                                                                                  work_set                WK_OBJECT, 5
13E5:   00                                                                                      nop
13E6:   330000FC00FC4006                                                                        dir_set                 0, -1024, -1024, 1600
13EE:   250605                                                                                  copy                    V_06, V_05
13F1:   00                                                                                      nop
13F2:   251005                                                                                  copy                    V_TEMP, V_05
13F5:   00                                                                                      nop
13F6:   260000102400                                                                            calc                    0, OP_ADD, V_TEMP, 36
13FC:   250510                                                                                  copy                    V_05, V_TEMP
13FF:   00                                                                                      nop
1400:   06000C00                                                                                if                      0, off_1410
1404:   230005026400                                                                            cmp                     0, V_05, CMP_GE, 100
140A:   24056400                                                                                save                    V_05, 100
140E:   08                                                                                      endif
140F:   00                                                                                      nop

off_1410:
1410:   251005                                                                                  copy                    V_TEMP, V_05
1413:   00                                                                                      nop
1414:   27011006                                                                                calc2                   OP_SUB, V_TEMP, V_06
1418:   250410                                                                                  copy                    V_04, V_TEMP
141B:   00                                                                                      nop
141C:   0F063600                                                                                while                   6, off_1456
1420:   230004010000                                                                            cmp                     0, V_04, CMP_GT, 0
1426:   251004                                                                                  copy                    V_TEMP, V_04
1429:   00                                                                                      nop
142A:   260001100100                                                                            calc                    0, OP_SUB, V_TEMP, 1
1430:   250410                                                                                  copy                    V_04, V_TEMP
1433:   00                                                                                      nop
1434:   251007                                                                                  copy                    V_TEMP, V_07
1437:   00                                                                                      nop
1438:   260000100900                                                                            calc                    0, OP_ADD, V_TEMP, 9
143E:   250710                                                                                  copy                    V_07, V_TEMP
1441:   00                                                                                      nop
1442:   2E0402                                                                                  work_set                WK_OBJECT, 2
1445:   00                                                                                      nop
1446:   1D070201                                                                                work_copy               7, 2, 1
144A:   320000003EF5C2D4                                                                        pos_set                 0, 0, -2754, -11070
1452:   02                                                                                      evt_next
1453:   00                                                                                      nop
1454:   1000                                                                                    ewhile                  0

off_1456:
1456:   07007A00                                                                                else                    0, off_14D0

off_145A:
145A:   2E0405                                                                                  work_set                WK_OBJECT, 5
145D:   00                                                                                      nop
145E:   330000FC00FC0302                                                                        dir_set                 0, -1024, -1024, 515
1466:   250605                                                                                  copy                    V_06, V_05
1469:   00                                                                                      nop
146A:   251005                                                                                  copy                    V_TEMP, V_05
146D:   00                                                                                      nop
146E:   260001100E00                                                                            calc                    0, OP_SUB, V_TEMP, 14
1474:   250510                                                                                  copy                    V_05, V_TEMP
1477:   00                                                                                      nop
1478:   06000C00                                                                                if                      0, off_1488
147C:   230005040000                                                                            cmp                     0, V_05, CMP_LE, 0
1482:   24050000                                                                                save                    V_05, 0
1486:   08                                                                                      endif
1487:   00                                                                                      nop

off_1488:
1488:   251006                                                                                  copy                    V_TEMP, V_06
148B:   00                                                                                      nop
148C:   27011005                                                                                calc2                   OP_SUB, V_TEMP, V_05
1490:   250410                                                                                  copy                    V_04, V_TEMP
1493:   00                                                                                      nop
1494:   0F063600                                                                                while                   6, off_14CE
1498:   230004010000                                                                            cmp                     0, V_04, CMP_GT, 0
149E:   251004                                                                                  copy                    V_TEMP, V_04
14A1:   00                                                                                      nop
14A2:   260001100100                                                                            calc                    0, OP_SUB, V_TEMP, 1
14A8:   250410                                                                                  copy                    V_04, V_TEMP
14AB:   00                                                                                      nop
14AC:   251007                                                                                  copy                    V_TEMP, V_07
14AF:   00                                                                                      nop
14B0:   260001100900                                                                            calc                    0, OP_SUB, V_TEMP, 9
14B6:   250710                                                                                  copy                    V_07, V_TEMP
14B9:   00                                                                                      nop
14BA:   2E0402                                                                                  work_set                WK_OBJECT, 2
14BD:   00                                                                                      nop
14BE:   1D070201                                                                                work_copy               7, 2, 1
14C2:   320000003EF5C2D4                                                                        pos_set                 0, 0, -2754, -11070
14CA:   02                                                                                      evt_next
14CB:   00                                                                                      nop
14CC:   1000                                                                                    ewhile                  0

off_14CE:
14CE:   00                                                                                      nop
14CF:   00                                                                                      nop

off_14D0:
14D0:   640316020000BA026EA1CEF5C2D40000                                                        sce_espr_on2            3, 22, 2, 0, 0, 186, 2, 110, 161, 206, 245, 194, 212, 0, 0
14E0:   090A1E00                                                                                sleep                   10, 30
14E4:   2B000400FFEF                                                                            message_on              0, 4, 0, 255, 239
14EA:   02                                                                                      evt_next
14EB:   00                                                                                      nop
14EC:   36020A0100009BA000FCF4D3                                                                se_on                   2, 266, 0, -24421, -1024, -11276
14F8:   06007C00                                                                                if                      0, off_1578
14FC:   210B1F00                                                                                ck                      FG_INPUT, F_QUESTION, 0
1500:   2E0406                                                                                  work_set                WK_OBJECT, 6
1503:   00                                                                                      nop
1504:   330000FC00FC4006                                                                        dir_set                 0, -1024, -1024, 1600
150C:   250605                                                                                  copy                    V_06, V_05
150F:   00                                                                                      nop
1510:   251005                                                                                  copy                    V_TEMP, V_05
1513:   00                                                                                      nop
1514:   260000102400                                                                            calc                    0, OP_ADD, V_TEMP, 36
151A:   250510                                                                                  copy                    V_05, V_TEMP
151D:   00                                                                                      nop
151E:   06000C00                                                                                if                      0, off_152E
1522:   230005026400                                                                            cmp                     0, V_05, CMP_GE, 100
1528:   24056400                                                                                save                    V_05, 100
152C:   08                                                                                      endif
152D:   00                                                                                      nop

off_152E:
152E:   251005                                                                                  copy                    V_TEMP, V_05
1531:   00                                                                                      nop
1532:   27011006                                                                                calc2                   OP_SUB, V_TEMP, V_06
1536:   250410                                                                                  copy                    V_04, V_TEMP
1539:   00                                                                                      nop
153A:   0F063600                                                                                while                   6, off_1574
153E:   230004010000                                                                            cmp                     0, V_04, CMP_GT, 0
1544:   251004                                                                                  copy                    V_TEMP, V_04
1547:   00                                                                                      nop
1548:   260001100100                                                                            calc                    0, OP_SUB, V_TEMP, 1
154E:   250410                                                                                  copy                    V_04, V_TEMP
1551:   00                                                                                      nop
1552:   251007                                                                                  copy                    V_TEMP, V_07
1555:   00                                                                                      nop
1556:   260000100900                                                                            calc                    0, OP_ADD, V_TEMP, 9
155C:   250710                                                                                  copy                    V_07, V_TEMP
155F:   00                                                                                      nop
1560:   2E0402                                                                                  work_set                WK_OBJECT, 2
1563:   00                                                                                      nop
1564:   1D070201                                                                                work_copy               7, 2, 1
1568:   320000003EF5C2D4                                                                        pos_set                 0, 0, -2754, -11070
1570:   02                                                                                      evt_next
1571:   00                                                                                      nop
1572:   1000                                                                                    ewhile                  0

off_1574:
1574:   07007A00                                                                                else                    0, off_15EE

off_1578:
1578:   2E0406                                                                                  work_set                WK_OBJECT, 6
157B:   00                                                                                      nop
157C:   330000FC00FC0302                                                                        dir_set                 0, -1024, -1024, 515
1584:   250605                                                                                  copy                    V_06, V_05
1587:   00                                                                                      nop
1588:   251005                                                                                  copy                    V_TEMP, V_05
158B:   00                                                                                      nop
158C:   260001100E00                                                                            calc                    0, OP_SUB, V_TEMP, 14
1592:   250510                                                                                  copy                    V_05, V_TEMP
1595:   00                                                                                      nop
1596:   06000C00                                                                                if                      0, off_15A6
159A:   230005040000                                                                            cmp                     0, V_05, CMP_LE, 0
15A0:   24050000                                                                                save                    V_05, 0
15A4:   08                                                                                      endif
15A5:   00                                                                                      nop

off_15A6:
15A6:   251006                                                                                  copy                    V_TEMP, V_06
15A9:   00                                                                                      nop
15AA:   27011005                                                                                calc2                   OP_SUB, V_TEMP, V_05
15AE:   250410                                                                                  copy                    V_04, V_TEMP
15B1:   00                                                                                      nop
15B2:   0F063600                                                                                while                   6, off_15EC
15B6:   230004010000                                                                            cmp                     0, V_04, CMP_GT, 0
15BC:   251004                                                                                  copy                    V_TEMP, V_04
15BF:   00                                                                                      nop
15C0:   260001100100                                                                            calc                    0, OP_SUB, V_TEMP, 1
15C6:   250410                                                                                  copy                    V_04, V_TEMP
15C9:   00                                                                                      nop
15CA:   251007                                                                                  copy                    V_TEMP, V_07
15CD:   00                                                                                      nop
15CE:   260001100900                                                                            calc                    0, OP_SUB, V_TEMP, 9
15D4:   250710                                                                                  copy                    V_07, V_TEMP
15D7:   00                                                                                      nop
15D8:   2E0402                                                                                  work_set                WK_OBJECT, 2
15DB:   00                                                                                      nop
15DC:   1D070201                                                                                work_copy               7, 2, 1
15E0:   320000003EF5C2D4                                                                        pos_set                 0, 0, -2754, -11070
15E8:   02                                                                                      evt_next
15E9:   00                                                                                      nop
15EA:   1000                                                                                    ewhile                  0

off_15EC:
15EC:   00                                                                                      nop
15ED:   00                                                                                      nop

off_15EE:
15EE:   640416020000BA02C8A1CEF5C2D40000                                                        sce_espr_on2            4, 22, 2, 0, 0, 186, 2, 200, 161, 206, 245, 194, 212, 0, 0
15FE:   090A1E00                                                                                sleep                   10, 30
1602:   2B000500FFEF                                                                            message_on              0, 5, 0, 255, 239
1608:   02                                                                                      evt_next
1609:   00                                                                                      nop
160A:   36020A0100009BA000FCF4D3                                                                se_on                   2, 266, 0, -24421, -1024, -11276
1616:   06007C00                                                                                if                      0, off_1696
161A:   210B1F00                                                                                ck                      FG_INPUT, F_QUESTION, 0
161E:   2E0407                                                                                  work_set                WK_OBJECT, 7
1621:   00                                                                                      nop
1622:   330000FC00FC4006                                                                        dir_set                 0, -1024, -1024, 1600
162A:   250605                                                                                  copy                    V_06, V_05
162D:   00                                                                                      nop
162E:   251005                                                                                  copy                    V_TEMP, V_05
1631:   00                                                                                      nop
1632:   260000102400                                                                            calc                    0, OP_ADD, V_TEMP, 36
1638:   250510                                                                                  copy                    V_05, V_TEMP
163B:   00                                                                                      nop
163C:   06000C00                                                                                if                      0, off_164C
1640:   230005026400                                                                            cmp                     0, V_05, CMP_GE, 100
1646:   24056400                                                                                save                    V_05, 100
164A:   08                                                                                      endif
164B:   00                                                                                      nop

off_164C:
164C:   251005                                                                                  copy                    V_TEMP, V_05
164F:   00                                                                                      nop
1650:   27011006                                                                                calc2                   OP_SUB, V_TEMP, V_06
1654:   250410                                                                                  copy                    V_04, V_TEMP
1657:   00                                                                                      nop
1658:   0F063600                                                                                while                   6, off_1692
165C:   230004010000                                                                            cmp                     0, V_04, CMP_GT, 0
1662:   251004                                                                                  copy                    V_TEMP, V_04
1665:   00                                                                                      nop
1666:   260001100100                                                                            calc                    0, OP_SUB, V_TEMP, 1
166C:   250410                                                                                  copy                    V_04, V_TEMP
166F:   00                                                                                      nop
1670:   251007                                                                                  copy                    V_TEMP, V_07
1673:   00                                                                                      nop
1674:   260000100900                                                                            calc                    0, OP_ADD, V_TEMP, 9
167A:   250710                                                                                  copy                    V_07, V_TEMP
167D:   00                                                                                      nop
167E:   2E0402                                                                                  work_set                WK_OBJECT, 2
1681:   00                                                                                      nop
1682:   1D070201                                                                                work_copy               7, 2, 1
1686:   320000003EF5C2D4                                                                        pos_set                 0, 0, -2754, -11070
168E:   02                                                                                      evt_next
168F:   00                                                                                      nop
1690:   1000                                                                                    ewhile                  0

off_1692:
1692:   07007A00                                                                                else                    0, off_170C

off_1696:
1696:   2E0407                                                                                  work_set                WK_OBJECT, 7
1699:   00                                                                                      nop
169A:   330000FC00FC0302                                                                        dir_set                 0, -1024, -1024, 515
16A2:   250605                                                                                  copy                    V_06, V_05
16A5:   00                                                                                      nop
16A6:   251005                                                                                  copy                    V_TEMP, V_05
16A9:   00                                                                                      nop
16AA:   260001100E00                                                                            calc                    0, OP_SUB, V_TEMP, 14
16B0:   250510                                                                                  copy                    V_05, V_TEMP
16B3:   00                                                                                      nop
16B4:   06000C00                                                                                if                      0, off_16C4
16B8:   230005040000                                                                            cmp                     0, V_05, CMP_LE, 0
16BE:   24050000                                                                                save                    V_05, 0
16C2:   08                                                                                      endif
16C3:   00                                                                                      nop

off_16C4:
16C4:   251006                                                                                  copy                    V_TEMP, V_06
16C7:   00                                                                                      nop
16C8:   27011005                                                                                calc2                   OP_SUB, V_TEMP, V_05
16CC:   250410                                                                                  copy                    V_04, V_TEMP
16CF:   00                                                                                      nop
16D0:   0F063600                                                                                while                   6, off_170A
16D4:   230004010000                                                                            cmp                     0, V_04, CMP_GT, 0
16DA:   251004                                                                                  copy                    V_TEMP, V_04
16DD:   00                                                                                      nop
16DE:   260001100100                                                                            calc                    0, OP_SUB, V_TEMP, 1
16E4:   250410                                                                                  copy                    V_04, V_TEMP
16E7:   00                                                                                      nop
16E8:   251007                                                                                  copy                    V_TEMP, V_07
16EB:   00                                                                                      nop
16EC:   260001100900                                                                            calc                    0, OP_SUB, V_TEMP, 9
16F2:   250710                                                                                  copy                    V_07, V_TEMP
16F5:   00                                                                                      nop
16F6:   2E0402                                                                                  work_set                WK_OBJECT, 2
16F9:   00                                                                                      nop
16FA:   1D070201                                                                                work_copy               7, 2, 1
16FE:   320000003EF5C2D4                                                                        pos_set                 0, 0, -2754, -11070
1706:   02                                                                                      evt_next
1707:   00                                                                                      nop
1708:   1000                                                                                    ewhile                  0

off_170A:
170A:   00                                                                                      nop
170B:   00                                                                                      nop

off_170C:
170C:   640516020000BA0222A2CEF5C2D40000                                                        sce_espr_on2            5, 22, 2, 0, 0, 186, 2, 34, 162, 206, 245, 194, 212, 0, 0
171C:   090A1E00                                                                                sleep                   10, 30
1720:   2E0100                                                                                  work_set                WK_PLAYER, 0
1723:   00                                                                                      nop
1724:   32005BA00000AED3                                                                        pos_set                 0, -24485, 0, -11346
172C:   2904                                                                                    cut_chg                 4
172E:   06001C00                                                                                if                      0, off_174E
1732:   230005006400                                                                            cmp                     0, V_05, CMP_EQ, 100
1738:   2B000600FFFF                                                                            message_on              0, 6, 0, 255, 255
173E:   36020B0100009BA000FCF4D3                                                                se_on                   2, 267, 0, -24421, -1024, -11276
174A:   0700C600                                                                                else                    0, off_1810

off_174E:
174E:   06008000                                                                                if                      0, off_17D2
1752:   230005005000                                                                            cmp                     0, V_05, CMP_EQ, 80
1758:   2B000700FFFF                                                                            message_on              0, 7, 0, 255, 255
175E:   22043C01                                                                                set                     FG_GENERAL_1, 60, 1
1762:   36020C0100009BA000FCF4D3                                                                se_on                   2, 268, 0, -24421, -1024, -11276
176E:   090A1400                                                                                sleep                   10, 20
1772:   2908                                                                                    cut_chg                 8
1774:   640B16000000B40B2CA288F596CE0000                                                        sce_espr_on2            11, 22, 0, 0, 0, 180, 11, 44, 162, 136, 245, 150, 206, 0, 0
1784:   640C16000000B40B1CA388F596CE0000                                                        sce_espr_on2            12, 22, 0, 0, 0, 180, 11, 28, 163, 136, 245, 150, 206, 0, 0
1794:   090A1E00                                                                                sleep                   10, 30
1798:   36020F0100009BA000FCF4D3                                                                se_on                   2, 271, 0, -24421, -1024, -11276
17A4:   650B                                                                                    sce_espr_kill2          11
17A6:   650C                                                                                    sce_espr_kill2          12
17A8:   640D16100000B40B2CA288F596CE0000                                                        sce_espr_on2            13, 22, 16, 0, 0, 180, 11, 44, 162, 136, 245, 150, 206, 0, 0
17B8:   640E16100000B40B1CA388F596CE0000                                                        sce_espr_on2            14, 22, 16, 0, 0, 180, 11, 28, 163, 136, 245, 150, 206, 0, 0
17C8:   090A1E00                                                                                sleep                   10, 30
17CC:   2904                                                                                    cut_chg                 4
17CE:   07004000                                                                                else                    0, off_180E

off_17D2:
17D2:   06000E00                                                                                if                      0, off_17E4
17D6:   230005000000                                                                            cmp                     0, V_05, CMP_EQ, 0
17DC:   2B000900FFFF                                                                            message_on              0, 9, 0, 255, 255
17E2:   08                                                                                      endif
17E3:   00                                                                                      nop

off_17E4:
17E4:   06001000                                                                                if                      0, off_17F8
17E8:   230005015000                                                                            cmp                     0, V_05, CMP_GT, 80
17EE:   2B000600FFFF                                                                            message_on              0, 6, 0, 255, 255
17F4:   07000C00                                                                                else                    0, off_1800

off_17F8:
17F8:   2B000800FFFF                                                                            message_on              0, 8, 0, 255, 255
17FE:   00                                                                                      nop
17FF:   00                                                                                      nop

off_1800:
1800:   36020B0100009BA000FCF4D3                                                                se_on                   2, 267, 0, -24421, -1024, -11276
180C:   00                                                                                      nop
180D:   00                                                                                      nop

off_180E:
180E:   00                                                                                      nop
180F:   00                                                                                      nop

off_1810:
1810:   090A0100                                                                                sleep                   10, 1
1814:   650D                                                                                    sce_espr_kill2          13
1816:   650E                                                                                    sce_espr_kill2          14
1818:   22020700                                                                                set                     FG_STATE, 7, 0
181C:   3C01                                                                                    cut_auto                1
181E:   0100                                                                                    evt_end                 0

.proc main_05
1820:   22020701                                                                                set                     FG_STATE, 7, 1
1824:   2B000000FFEF                                                                            message_on              0, 0, 0, 255, 239
182A:   090A0100                                                                                sleep                   10, 1
182E:   06003200                                                                                if                      0, off_1864
1832:   210B1F00                                                                                ck                      FG_INPUT, F_QUESTION, 0
1836:   2E0400                                                                                  work_set                WK_OBJECT, 0
1839:   00                                                                                      nop
183A:   32000000E0AD0000                                                                        pos_set                 0, 0, -21024, 0
1842:   22210501                                                                                set                     33, 5, 1
1846:   22230501                                                                                set                     35, 5, 1
184A:   22047A01                                                                                set                     FG_GENERAL_1, 122, 1
184E:   46050031000000000000                                                                    aot_reset               5, SCE_AUTO, SAT_PL | SAT_MANUAL | SAT_FRONT, 0, 0, 0, 0, 0, 0
1858:   2B000C00FFEF                                                                            message_on              0, 12, 0, 255, 239
185E:   090A0100                                                                                sleep                   10, 1
1862:   08                                                                                      endif
1863:   00                                                                                      nop

off_1864:
1864:   22020700                                                                                set                     FG_STATE, 7, 0
1868:   0100                                                                                    evt_end                 0

.proc main_06

off_186A:
186A:   131A6400                                                                                switch                  26, off_18D2
186E:   140008000000                                                                            case                    0, off_187C, 0
1874:   510100015A28                                                                            sce_bgm_control         1, 0, 1, 90, 40
187A:   1A00                                                                                    break                   0

off_187C:
187C:   140008000100                                                                            case                    0, off_188A, 1
1882:   510100016E28                                                                            sce_bgm_control         1, 0, 1, 110, 40
1888:   1A00                                                                                    break                   0

off_188A:
188A:   140008000200                                                                            case                    0, off_1898, 2
1890:   510100016E50                                                                            sce_bgm_control         1, 0, 1, 110, 80
1896:   1A00                                                                                    break                   0

off_1898:
1898:   140008000300                                                                            case                    0, off_18A6, 3
189E:   510100016E50                                                                            sce_bgm_control         1, 0, 1, 110, 80
18A4:   1A00                                                                                    break                   0

off_18A6:
18A6:   140008000400                                                                            case                    0, off_18B4, 4
18AC:   51010001645A                                                                            sce_bgm_control         1, 0, 1, 100, 90
18B2:   1A00                                                                                    break                   0

off_18B4:
18B4:   140008000500                                                                            case                    0, off_18C2, 5
18BA:   510100015A5A                                                                            sce_bgm_control         1, 0, 1, 90, 90
18C0:   1A00                                                                                    break                   0

off_18C2:
18C2:   140008000600                                                                            case                    0, off_18D0, 6
18C8:   510100015A5A                                                                            sce_bgm_control         1, 0, 1, 90, 90
18CE:   1A00                                                                                    break                   0

off_18D0:
18D0:   1600                                                                                    eswitch                 0

off_18D2:
18D2:   11000A00                                                                                do                      0, off_18E0
18D6:   090A0100                                                                                sleep                   10, 1
18DA:   1204                                                                                    edwhile                 off_18E0
18DC:   21010B00                                                                                ck                      FG_GAME, 11, 0

off_18E0:
18E0:   17FFFF008AFF                                                                            goto                    255, 255, 0, off_186A
18E6:   0100                                                                                    evt_end                 0
