.version 2

.init
.proc init
0EBA:   3B0001310000403295EB0807FC08BD980000929D48FE01110B001A0000000000                        door_aot_se             0, SCE_DOOR, SAT_PL | SAT_MANUAL | SAT_FRONT, 0, 0, 12864, -5227, 1800, 2300, -26435, 0, -25198, -440, 1, 17, 11, 0, 26, 0, 0, 0, UNLOCKED, 0
0EDA:   3B0101310000D4A57FED0807FC08C9120000E6AD5508011900001C0100000000                        door_aot_se             1, SCE_DOOR, SAT_PL | SAT_MANUAL | SAT_FRONT, 0, 0, -23084, -4737, 1800, 2300, 4809, 0, -21018, 2133, 1, 25, 0, 0, 28, 1, 0, 0, UNLOCKED, 0
0EFA:   06000800                                                                                if                      0, off_0F06
0EFE:   21010601                                                                                ck                      FG_GAME, F_BONUS, 1
0F02:   0100                                                                                    evt_end                 0
0F04:   08                                                                                      endif
0F05:   00                                                                                      nop

off_0F06:
0F06:   06000A00                                                                                if                      0, off_0F14
0F0A:   21087701                                                                                ck                      FG_ITEM, 119, 1
0F0E:   22052001                                                                                set                     FG_GENERAL_2, 32, 1
0F12:   08                                                                                      endif
0F13:   00                                                                                      nop

off_0F14:
0F14:   06000A00                                                                                if                      0, off_0F22
0F18:   21087C01                                                                                ck                      FG_ITEM, 124, 1
0F1C:   22052001                                                                                set                     FG_GENERAL_2, 32, 1
0F20:   08                                                                                      endif
0F21:   00                                                                                      nop

off_0F22:
0F22:   06003C00                                                                                if                      0, off_0F62
0F26:   21010101                                                                                ck                      FG_GAME, F_SCENARIO, 1
0F2A:   06003200                                                                                if                      0, off_0F60
0F2E:   21052001                                                                                ck                      FG_GENERAL_2, 32, 1
0F32:   440000200000000C008904F70000C0EF2F0D00000000                                            sce_em_set              0, 0, ENEMY_ZOMBIE_DOG, 0, 0, 0, 12, 0, 137, -2300, 0, -4160, 3375, 0, 0
0F48:   440001200000000C008A18E300009CF52F0600000000                                            sce_em_set              0, 1, ENEMY_ZOMBIE_DOG, 0, 0, 0, 12, 0, 138, -7400, 0, -2660, 1583, 0, 0
0F5E:   08                                                                                      endif
0F5F:   00                                                                                      nop

off_0F60:
0F60:   08                                                                                      endif
0F61:   00                                                                                      nop

off_0F62:
0F62:   0100                                                                                    evt_end                 0

.main
.proc main
0F6C:   06007400                                                                                if                      0, off_0FE4
0F70:   21010601                                                                                ck                      FG_GAME, F_BONUS, 1
0F74:   440000200200000C0051BFBC0000C511E30400000000                                            sce_em_set              0, 0, ENEMY_ZOMBIE_DOG, 2, 0, 0, 12, 0, 81, -17217, 0, 4549, 1251, 0, 0
0F8A:   440001200200000C00520DE8ECFF4AEDA30900000000                                            sce_em_set              0, 1, ENEMY_ZOMBIE_DOG, 2, 0, 0, 12, 0, 82, -6131, -20, -4790, 2467, 0, 0
0FA0:   440002200200000C0053B7F7F6FFD9F58B0800000000                                            sce_em_set              0, 2, ENEMY_ZOMBIE_DOG, 2, 0, 0, 12, 0, 83, -2121, -10, -2599, 2187, 0, 0
0FB6:   2D000000000000000000000012001EBB000065D4000000F80000E0FCF8F81C07B80BC409200D            obj_model_set           0, 0, 0, 0, 0, 0, 0, 0, 18, -17634, 0, -11163, 0, -2048, 0, -800, -1800, 1820, 3000, 196, 9, 32, 13
0FDC:   371310BE                                                                                sca_id_set              19, 16, 190
0FE0:   0100                                                                                    evt_end                 0
0FE2:   08                                                                                      endif
0FE3:   00                                                                                      nop

off_0FE4:
0FE4:   0600C000                                                                                if                      0, off_10A8
0FE8:   21010101                                                                                ck                      FG_GAME, F_SCENARIO, 1
0FEC:   06005800                                                                                if                      0, off_1048
0FF0:   21045901                                                                                ck                      FG_GENERAL_1, 89, 1
0FF4:   2D000000000000000000000012001EBB000065D4000000F80000E0FCF8F81C07B80BC409200D            obj_model_set           0, 0, 0, 0, 0, 0, 0, 0, 18, -17634, 0, -11163, 0, -2048, 0, -800, -1800, 1820, 3000, 196, 9, 32, 13
101A:   2D010000000000C01000020010005CF9AEFCDEF4000000000000000000000000000000000000            obj_model_set           1, 0, 0, 0, 0, 49152, 16, 2, 16, -1700, -850, -2850, 0, 0, 0, 0, 0, 0, 0, 0, 0, 0, 0
1040:   371310BE                                                                                sca_id_set              19, 16, 190
1044:   07006000                                                                                else                    0, off_10A4

off_1048:
1048:   46010000000000000000                                                                    aot_reset               1, SCE_AUTO, SAT_AUTO, 0, 0, 0, 0, 0, 0
1052:   2D000000000000000000000012001EBB00005CE0000000F80000E0FCF8F81C07B80BC409200D            obj_model_set           0, 0, 0, 0, 0, 0, 0, 0, 18, -17634, 0, -8100, 0, -2048, 0, -800, -1800, 1820, 3000, 196, 9, 32, 13
1078:   2D010000000000C00000020010005CF9AEFCDEF4000000000000000000000000000000000000            obj_model_set           1, 0, 0, 0, 0, 49152, 0, 2, 16, -1700, -850, -2850, 0, 0, 0, 0, 0, 0, 0, 0, 0, 0, 0
109E:   37130000                                                                                sca_id_set              19, 0, 0
10A2:   00                                                                                      nop
10A3:   00                                                                                      nop

off_10A4:
10A4:   07006000                                                                                else                    0, off_1104

off_10A8:
10A8:   46010000000000000000                                                                    aot_reset               1, SCE_AUTO, SAT_AUTO, 0, 0, 0, 0, 0, 0
10B2:   2D000000000000000000000012001EBB00005CE0000000F80000E0FCF8F81C07B80BC409200D            obj_model_set           0, 0, 0, 0, 0, 0, 0, 0, 18, -17634, 0, -8100, 0, -2048, 0, -800, -1800, 1820, 3000, 196, 9, 32, 13
10D8:   2D010000000000C00000020010005CF9AEFCDEF4000000000000000000000000000000000000            obj_model_set           1, 0, 0, 0, 0, 49152, 0, 2, 16, -1700, -850, -2850, 0, 0, 0, 0, 0, 0, 0, 0, 0, 0, 0
10FE:   37130000                                                                                sca_id_set              19, 0, 0
1102:   00                                                                                      nop
1103:   00                                                                                      nop

off_1104:
1104:   1803                                                                                    gosub                   main_03
1106:   1802                                                                                    gosub                   main_02
1108:   0100                                                                                    evt_end                 0

.proc aot
110A:   0100                                                                                    evt_end                 0

.proc main_02
110C:   2C1C043100006DCCFA206009841C0B00000000FF                                                aot_set                 28, SCE_MESSAGE, SAT_PL | SAT_MANUAL | SAT_FRONT, 0, 0, -13203, 8442, 2400, 7300, 11, 0, 0, 0, 0, 255
1120:   06001A00                                                                                if                      0, off_113E
1124:   21045900                                                                                ck                      FG_GENERAL_1, 89, 0
1128:   2C1D04310000C9ACDCD57616A41F0C00000000FF                                                aot_set                 29, SCE_MESSAGE, SAT_PL | SAT_MANUAL | SAT_FRONT, 0, 0, -21303, -10788, 5750, 8100, 12, 0, 0, 0, 0, 255
113C:   08                                                                                      endif
113D:   00                                                                                      nop

off_113E:
113E:   0100                                                                                    evt_end                 0

.proc main_03
1140:   4E1B023100009CB4EC38B004B0042600010090000201                                            item_aot_set            27, SCE_ITEM, SAT_PL | SAT_MANUAL | SAT_FRONT, 0, 0, -19300, 14572, 1200, 1200, ITEM_HERBG, 1, 144, 2, 1
1156:   2D0200000000000000000A0010001CB70000263B000000080000000000000000000000000000            obj_model_set           2, 0, 0, 0, 0, 0, 0, 10, 16, -18660, 0, 15142, 0, 2048, 0, 0, 0, 0, 0, 0, 0, 0, 0
117C:   0100                                                                                    evt_end                 0
