.version 2

.init
.proc init
1A06:   3B000131000088967AC2AC0DE803589E0000F8C600FC01190500140100000000                        door_aot_se             ID_AOT_0, SCE_DOOR, SAT_PL | SAT_MANUAL | SAT_FRONT, 0, 0, -27000, -15750, 3500, 1000, -25000, 0, -14600, -1024, 1, 25, 5, 0, 20, 1, 0, 0, UNLOCKED, 0
1A26:   0100                                                                                    evt_end                 0

.main
.proc main
1A3A:   2D0000000000000000000A00100034A400003094000000000000000000000000000000000000            obj_model_set           ID_OBJ_0, 0, 0, 0, 0, 0, 0, 10, 16, -23500, 0, -27600, 0, 0, 0, 0, 0, 0, 0, 0, 0, 0, 0
1A60:   1806                                                                                    gosub                   main_06
1A62:   06003600                                                                                if                      0, off_1A9C
1A66:   21010101                                                                                ck                      FG_STATUS, F_SCENARIO, 1
1A6A:   440000440002000000FF7B9C00002B99D00C0001C000                                            sce_em_set              0, ID_EM_0, ENEMY_BEN_BERTOLUCCI_1, 0, AI_02, 0, SBK_0, 0, 255, -25477, 0, -26325, 3280, 256, 192
1A80:   04FF1802                                                                                evt_exec                255, I_GOSUB, main_02
1A84:   2C04053100000C9A5C9508070807FF0018070000                                                aot_set                 ID_AOT_4, SCE_EVENT, SAT_PL | SAT_MANUAL | SAT_FRONT, 0, 0, -26100, -27300, 1800, 1800, 255, 0, I_GOSUB, main_07, 0, 0
1A98:   07003400                                                                                else                    0, off_1ACC

off_1A9C:
1A9C:   440000440001000000FF14A1000010AA30091301C000                                            sce_em_set              0, ID_EM_0, ENEMY_BEN_BERTOLUCCI_1, 0, AI_01, 0, SBK_0, 0, 255, -24300, 0, -22000, 2352, 275, 192
1AB2:   04FF1803                                                                                evt_exec                255, I_GOSUB, main_03
1AB6:   2C0405310000209F6CA308070807FF0018080000                                                aot_set                 ID_AOT_4, SCE_EVENT, SAT_PL | SAT_MANUAL | SAT_FRONT, 0, 0, -24800, -23700, 1800, 1800, 255, 0, I_GOSUB, main_08, 0, 0
1ACA:   00                                                                                      nop
1ACB:   00                                                                                      nop

off_1ACC:
1ACC:   2E0300                                                                                  work_set                WK_ENEMY, ID_EM_0
1ACF:   00                                                                                      nop
1AD0:   3D1000                                                                                  member_copy             V_TEMP, M_POINTER
1AD3:   00                                                                                      nop
1AD4:   260005100400                                                                            calc                    0, OP_OR, V_TEMP, 4
1ADA:   350010                                                                                  member_set2             M_POINTER, V_TEMP
1ADD:   00                                                                                      nop
1ADE:   2D0300000000000000000A0010004499A0F6D08A00FC80020000000000000000000000000000            obj_model_set           ID_OBJ_3, 0, 0, 0, 0, 0, 0, 10, 16, -26300, -2400, -30000, -1024, 640, 0, 0, 0, 0, 0, 0, 0, 0, 0
1B04:   2D0100000000000000000A00100004C0000024BE000000000000000000000000000000000000            obj_model_set           ID_OBJ_1, 0, 0, 0, 0, 0, 0, 10, 16, -16380, 0, -16860, 0, 0, 0, 0, 0, 0, 0, 0, 0, 0, 0
1B2A:   2D0200000000000000000A00100004C00000DCB0000000000000000000000000000000000000            obj_model_set           ID_OBJ_2, 0, 0, 0, 0, 0, 0, 10, 16, -16380, 0, -20260, 0, 0, 0, 0, 0, 0, 0, 0, 0, 0, 0
1B50:   4E0502310000BA962E8CE803E8031D00240076000300                                            item_aot_set            ID_AOT_5, SCE_ITEM, SAT_PL | SAT_MANUAL | SAT_FRONT, 0, 0, -26950, -29650, 1000, 1000, ITEM_BOWGUNAMMO, 36, 118, ID_OBJ_3, IF_DEFAULT
1B66:   4E06023100007EBC32BC780578052800010088000101                                            item_aot_set            ID_AOT_6, SCE_ITEM, SAT_PL | SAT_MANUAL | SAT_FRONT, 0, 0, -17282, -17358, 1400, 1400, ITEM_HERBB, 1, 136, ID_OBJ_1, IF_FLOOR
1B7C:   4E07023100007EBCBEAD7805780526000100AC000201                                            item_aot_set            ID_AOT_7, SCE_ITEM, SAT_PL | SAT_MANUAL | SAT_FRONT, 0, 0, -17282, -21058, 1400, 1400, ITEM_HERBG, 1, 172, ID_OBJ_2, IF_FLOOR
1B92:   0100                                                                                    evt_end                 0

.proc aot
1B94:   0100                                                                                    evt_end                 0

.proc main_02
1B96:   2E0300                                                                                  work_set                WK_ENEMY, ID_EM_0
1B99:   00                                                                                      nop
1B9A:   090A0100                                                                                sleep                   10, 1
1B9E:   4000140000000000                                                                        plc_dest                0, 20, 0, 0, 0
1BA6:   0100                                                                                    evt_end                 0

.proc main_03
1BA8:   2E0300                                                                                  work_set                WK_ENEMY, ID_EM_0
1BAB:   00                                                                                      nop
1BAC:   090A0100                                                                                sleep                   10, 1
1BB0:   4000140000000000                                                                        plc_dest                0, 20, 0, 0, 0
1BB8:   0100                                                                                    evt_end                 0

.proc main_04
1BBA:   22020701                                                                                set                     FG_STOP, 7, 1
1BBE:   0100                                                                                    evt_end                 0

.proc main_05
1BC0:   2E0100                                                                                  work_set                WK_PLAYER, 0
1BC3:   42                                                                                      plc_ret
1BC4:   22020700                                                                                set                     FG_STOP, 7, 0
1BC8:   3C01                                                                                    cut_auto                1
1BCA:   0100                                                                                    evt_end                 0

.proc main_06
1BCC:   370B0000                                                                                sca_id_set              11, 0, 0
1BD0:   2E0400                                                                                  work_set                WK_OBJECT, ID_OBJ_0
1BD3:   00                                                                                      nop
1BD4:   320034A40000709A                                                                        pos_set                 0, -23500, 0, -26000
1BDC:   0100                                                                                    evt_end                 0

.proc main_07
1BDE:   22020701                                                                                set                     FG_STOP, 7, 1
1BE2:   2E0100                                                                                  work_set                WK_PLAYER, 0
1BE5:   3F010600                                                                                plc_motion              1, 6, 0
1BE9:   00                                                                                      nop
1BEA:   090A1400                                                                                sleep                   10, 20
1BEE:   2B000200FFFF                                                                            message_on              0, ID_MSG_2, 0, 255, 255
1BF4:   3F010680                                                                                plc_motion              1, 6, 128
1BF8:   090A1400                                                                                sleep                   10, 20
1BFC:   22020700                                                                                set                     FG_STOP, 7, 0
1C00:   2E0100                                                                                  work_set                WK_PLAYER, 0
1C03:   42                                                                                      plc_ret
1C04:   0100                                                                                    evt_end                 0

.proc main_08
1C06:   22020701                                                                                set                     FG_STOP, 7, 1
1C0A:   2E0100                                                                                  work_set                WK_PLAYER, 0
1C0D:   3F010600                                                                                plc_motion              1, 6, 0
1C11:   00                                                                                      nop
1C12:   090A1400                                                                                sleep                   10, 20
1C16:   2B000100FFFF                                                                            message_on              0, ID_MSG_1, 0, 255, 255
1C1C:   3F010680                                                                                plc_motion              1, 6, 128
1C20:   090A1400                                                                                sleep                   10, 20
1C24:   22020700                                                                                set                     FG_STOP, 7, 0
1C28:   2E0100                                                                                  work_set                WK_PLAYER, 0
1C2B:   42                                                                                      plc_ret
1C2C:   0100                                                                                    evt_end                 0
1C2E:   2500                                                                                    db                      0x25, 0x00
