.version 2
.init
.proc init_00
157A:   06000800                                                                                if                      0, off_1586
157E:   21010601                                                                                ck                      1, 6, 1
1582:   0100                                                                                    evt_end                 0
1584:   08                                                                                      endif
1585:   00                                                                                      nop

off_1586:
1586:   06002600                                                                                if                      0, off_15B0
158A:   2104FE01                                                                                ck                      4, 254, 1
158E:   22043900                                                                                set                     4, 57, 0
1592:   22066200                                                                                set                     6, 98, 0
1596:   22036500                                                                                set                     3, 101, 0
159A:   22036600                                                                                set                     3, 102, 0
159E:   22036700                                                                                set                     3, 103, 0
15A2:   22036800                                                                                set                     3, 104, 0
15A6:   22043A00                                                                                set                     4, 58, 0
15AA:   22043701                                                                                set                     4, 55, 1
15AE:   08                                                                                      endif
15AF:   00                                                                                      nop

off_15B0:
15B0:   3B0001310300BA95DACCCC0B0604E59DE0E3829A180C02040004260200000000                        door_aot_se             0, SCE_DOOR, SAT_PL | SAT_MANUAL | SAT_FRONT, 3, 0, -27206, -13094, 3020, 1030, -25115, -7200, -25982, 3096, 2, 4, 0, 4, 38, 2, 0, 0, UNLOCKED, 0
15D0:   3B01013103008A98CC94CC0B06044BC1000079EEF003020B0200240000000000                        door_aot_se             1, SCE_DOOR, SAT_PL | SAT_MANUAL | SAT_FRONT, 3, 0, -26486, -27444, 3020, 1030, -16053, 0, -4487, 1008, 2, 11, 2, 0, 36, 0, 0, 0, UNLOCKED, 0
15F0:   0100                                                                                    evt_end                 0
15F2:   0C92                                                                                    db                      0x0C, 0x92

.main
.proc main_00
15FA:   06000A00                                                                                if                      0, off_1608
15FE:   21010601                                                                                ck                      1, 6, 1
1602:   1802                                                                                    gosub                   2
1604:   0100                                                                                    evt_end                 0
1606:   08                                                                                      endif
1607:   00                                                                                      nop

off_1608:
1608:   0600F600                                                                                if                      0, off_1702
160C:   21010101                                                                                ck                      1, 1, 1
1610:   0600E000                                                                                if                      0, off_16F4
1614:   21045801                                                                                ck                      4, 88, 1
1618:   2D0000000000030000000A00100067A4DEE00CCF00FC00000000000000000000000000000000            obj_model_set           0, 0, 0, 0, 0, 3, 0, 10, 16, -23449, -7970, -12532, -1024, 0, 0, 0, 0, 0, 0, 0, 0, 0, 0
163E:   2D0100000000030000000A001000F8A472E10CCF00FC00000000000000000000000000000000            obj_model_set           1, 0, 0, 0, 0, 3, 0, 10, 16, -23304, -7822, -12532, -1024, 0, 0, 0, 0, 0, 0, 0, 0, 0, 0
1664:   2D0200000000030000000A0010008FA5DEE00CCF00FC00000000000000000000000000000000            obj_model_set           2, 0, 0, 0, 0, 3, 0, 10, 16, -23153, -7970, -12532, -1024, 0, 0, 0, 0, 0, 0, 0, 0, 0, 0
168A:   2D0300000000030000000A00100015A672E10CCF00FC00000000000000000000000000000000            obj_model_set           3, 0, 0, 0, 0, 3, 0, 10, 16, -23019, -7822, -12532, -1024, 0, 0, 0, 0, 0, 0, 0, 0, 0, 0
16B0:   3A0016020000000A53A488E10CCF0000                                                        sce_espr_on             0, 534, 0, 2560, -23469, -7800, -12532, 0
16C0:   3A0016020000000AE2A4E8E00CCF0000                                                        sce_espr_on             0, 534, 0, 2560, -23326, -7960, -12532, 0
16D0:   3A0016020000000A70A588E10CCF0000                                                        sce_espr_on             0, 534, 0, 2560, -23184, -7800, -12532, 0
16E0:   3A0016020000000AFEA5E8E00CCF0000                                                        sce_espr_on             0, 534, 0, 2560, -23042, -7960, -12532, 0
16F0:   07001000                                                                                else                    0, off_1700

off_16F4:
16F4:   4600043103000000FFFF                                                                    aot_reset               0, SCE_MESSAGE, SAT_PL | SAT_MANUAL | SAT_FRONT, 3, 0, 0, 0, 255, 255
16FE:   00                                                                                      nop
16FF:   00                                                                                      nop

off_1700:
1700:   08                                                                                      endif
1701:   00                                                                                      nop

off_1702:
1702:   2C0204310300529EDACC5208060401000000FFFF                                                aot_set                 2, SCE_MESSAGE, SAT_PL | SAT_MANUAL | SAT_FRONT, 3, 0, -25006, -13094, 2130, 1030, 1, 0, 0, 0, 255, 255
1716:   0100                                                                                    evt_end                 0

.proc main_01
1718:   06000800                                                                                if                      0, off_1724
171C:   21010601                                                                                ck                      1, 6, 1
1720:   0100                                                                                    evt_end                 0
1722:   08                                                                                      endif
1723:   00                                                                                      nop

off_1724:
1724:   0100                                                                                    evt_end                 0

.proc main_02
1726:   3B0001310300BA95DACCCC0B0604E59DE0E3829A180C02040004260200000000                        door_aot_se             0, SCE_DOOR, SAT_PL | SAT_MANUAL | SAT_FRONT, 3, 0, -27206, -13094, 3020, 1030, -25115, -7200, -25982, 3096, 2, 4, 0, 4, 38, 2, 0, 0, UNLOCKED, 0
1746:   3B01013103008A98CC94CC0B06044BC1000079EEF003020B0200240000000000                        door_aot_se             1, SCE_DOOR, SAT_PL | SAT_MANUAL | SAT_FRONT, 3, 0, -26486, -27444, 3020, 1030, -16053, 0, -4487, 1008, 2, 11, 2, 0, 36, 0, 0, 0, UNLOCKED, 0
1766:   440000130000030A0067ACB2E8EABEC7A00100000000                                            sce_em_set              0, 0, ENEMY_ZOMBIEGIRL, 0, 0, 3, 10, 0, 103, -19796, -5400, -14402, 416, 0, 0
177C:   4400011F00000303006849BAE8EAE3B1480B00000000                                            sce_em_set              0, 1, ENEMY_ZOMBIERANDOM, 0, 0, 3, 3, 0, 104, -17847, -5400, -19997, 2888, 0, 0
1792:   4400021F00000303006950A8E8EA8699C80E00000000                                            sce_em_set              0, 2, ENEMY_ZOMBIERANDOM, 0, 0, 3, 3, 0, 105, -22448, -5400, -26234, 3784, 0, 0
17A8:   4400031F00000303009FA3CCE8EA55C6F80700000000                                            sce_em_set              0, 3, ENEMY_ZOMBIERANDOM, 0, 0, 3, 3, 0, 159, -13149, -5400, -14763, 2040, 0, 0
17BE:   4400041F0000030300A055A1E8EAB1A0100000000000                                            sce_em_set              0, 4, ENEMY_ZOMBIERANDOM, 0, 0, 3, 3, 0, 160, -24235, -5400, -24399, 16, 0, 0
17D4:   0100                                                                                    evt_end                 0
17D6:   2000                                                                                    db                      0x20, 0x00
