.version 2

.init
.proc init
105A:   3B000131000024EEC9D8F604700812CB000060C12038020D0000080100000000                        door_aot_se             0, SCE_DOOR, SAT_PL | SAT_MANUAL | SAT_FRONT, 0, 0, -4572, -10039, 1270, 2160, -13550, 0, -16032, 14368, 2, 13, 0, 0, 8, 1, 0, 0, UNLOCKED, 0
107A:   3B0101310700CAF216B73E08E803D09E000074D6081001120400160400000000                        door_aot_se             1, SCE_DOOR, SAT_PL | SAT_MANUAL | SAT_FRONT, 7, 0, -3382, -18666, 2110, 1000, -24880, 0, -10636, 4104, 1, 18, 4, 0, 22, 4, 0, 0, UNLOCKED, 0
109A:   3B0201510000FCB8C21A06098C0A9808E8EA529ED81702050003280400000000                        door_aot_se             2, SCE_DOOR, SAT_PL | SAT_MANUAL | SAT_UNDER, 0, 0, -18180, 6850, 2310, 2700, 2200, -5400, -25006, 6104, 2, 5, 0, 3, 40, 4, 0, 0, UNLOCKED, 0
10BA:   0100                                                                                    evt_end                 0

.main
.proc main
10E8:   180E                                                                                    gosub                   main_0E
10EA:   06002400                                                                                if                      0, off_1112
10EE:   21038001                                                                                ck                      FG_3, 128, 1
10F2:   21038100                                                                                ck                      FG_3, 129, 0
10F6:   4400FF510040000000FFCAF3000043DC0ADF02030400                                            sce_em_set              0, 255, ENEMY_CLAIRE_REDFIELD, 0, 64, 0, 0, 0, 255, -3126, 0, -9149, -8438, 770, 4
110C:   04FF1802                                                                                evt_exec                255, I_GOSUB, main_02
1110:   08                                                                                      endif
1111:   00                                                                                      nop

off_1112:
1112:   0600A001                                                                                if                      0, off_12B6
1116:   21038201                                                                                ck                      FG_3, 130, 1
111A:   0507                                                                                    evt_kill                7
111C:   06009C00                                                                                if                      0, off_11BC
1120:   21038300                                                                                ck                      FG_3, 131, 0
1124:   06001E00                                                                                if                      0, off_1146
1128:   21010101                                                                                ck                      FG_GAME, F_SCENARIO, 1
112C:   4400FF450040000000FFCAF3000043DC0ADF02030400                                            sce_em_set              0, 255, ENEMY_SHERRY_PENDANT, 0, 64, 0, 0, 0, 255, -3126, 0, -9149, -8438, 770, 4
1142:   07001C00                                                                                else                    0, off_115E

off_1146:
1146:   4400FF450048000000FFCAF3000043DC0ADF02030400                                            sce_em_set              0, 255, ENEMY_SHERRY_PENDANT, 0, 72, 0, 0, 0, 255, -3126, 0, -9149, -8438, 770, 4
115C:   00                                                                                      nop
115D:   00                                                                                      nop

off_115E:
115E:   04FF1806                                                                                evt_exec                255, I_GOSUB, main_06
1162:   2D0000000000000000000A0010000000E0B1000080010000C00E000000000000000000000000            obj_model_set           0, 0, 0, 0, 0, 0, 0, 10, 16, 0, -20000, 0, 384, 0, 3776, 0, 0, 0, 0, 0, 0, 0, 0
1188:   06002C00                                                                                if                      0, off_11B8
118C:   2108C101                                                                                ck                      FG_ITEM, 193, 1
1190:   2D0200000000000000000A0010000000E0B1000080010000C00E000000000000000000000000            obj_model_set           2, 0, 0, 0, 0, 0, 0, 10, 16, 0, -20000, 0, 384, 0, 3776, 0, 0, 0, 0, 0, 0, 0, 0
11B6:   08                                                                                      endif
11B7:   00                                                                                      nop

off_11B8:
11B8:   07005C00                                                                                else                    0, off_1214

off_11BC:
11BC:   2D0000000000000000000A00100057DD000091F4800000FE40F8000000000000000000000000            obj_model_set           0, 0, 0, 0, 0, 0, 0, 10, 16, -8873, 0, -2927, 128, -512, -1984, 0, 0, 0, 0, 0, 0, 0, 0
11E2:   06002C00                                                                                if                      0, off_1212
11E6:   2108C101                                                                                ck                      FG_ITEM, 193, 1
11EA:   2D0200000000000000000A001000F3DC0000C9F3000000000000000000000000000000000000            obj_model_set           2, 0, 0, 0, 0, 0, 0, 10, 16, -8973, 0, -3127, 0, 0, 0, 0, 0, 0, 0, 0, 0, 0, 0
1210:   08                                                                                      endif
1211:   00                                                                                      nop

off_1212:
1212:   00                                                                                      nop
1213:   00                                                                                      nop

off_1214:
1214:   06006400                                                                                if                      0, off_127C
1218:   21010101                                                                                ck                      FG_GAME, F_SCENARIO, 1
121C:   4E030231000084DEB1F2380460045C0003007C0000A1                                            item_aot_set            3, SCE_ITEM, SAT_PL | SAT_MANUAL | SAT_FRONT, 0, 0, -8572, -3407, 1080, 1120, ITEM_CLUBKEY, 3, 124, 0, 161
1232:   06001C00                                                                                if                      0, off_1252
1236:   2108C101                                                                                ck                      FG_ITEM, 193, 1
123A:   4E050231000084DEB1F23804600418000600C2000201                                            item_aot_set            5, SCE_ITEM, SAT_PL | SAT_MANUAL | SAT_FRONT, 0, 0, -8572, -3407, 1080, 1120, ITEM_EXPLOSIVEROUNDS, 6, 194, 2, 1
1250:   08                                                                                      endif
1251:   00                                                                                      nop

off_1252:
1252:   2D0300000000000000000A0010000000E0B1000080010000C00E000000000000000000000000            obj_model_set           3, 0, 0, 0, 0, 0, 0, 10, 16, 0, -20000, 0, 384, 0, 3776, 0, 0, 0, 0, 0, 0, 0, 0
1278:   07003C00                                                                                else                    0, off_12B4

off_127C:
127C:   4E030231000084DEB1F2380460045C0003007C0000A1                                            item_aot_set            3, SCE_ITEM, SAT_PL | SAT_MANUAL | SAT_FRONT, 0, 0, -8572, -3407, 1080, 1120, ITEM_CLUBKEY, 3, 124, 0, 161
1292:   06001C00                                                                                if                      0, off_12B2
1296:   2108C101                                                                                ck                      FG_ITEM, 193, 1
129A:   4E050231000084DEB1F23804600418000600C2000201                                            item_aot_set            5, SCE_ITEM, SAT_PL | SAT_MANUAL | SAT_FRONT, 0, 0, -8572, -3407, 1080, 1120, ITEM_EXPLOSIVEROUNDS, 6, 194, 2, 1
12B0:   08                                                                                      endif
12B1:   00                                                                                      nop

off_12B2:
12B2:   00                                                                                      nop
12B3:   00                                                                                      nop

off_12B4:
12B4:   08                                                                                      endif
12B5:   00                                                                                      nop

off_12B6:
12B6:   0100                                                                                    evt_end                 0

.proc aot
12B8:   0100                                                                                    evt_end                 0

.proc main_02
12BA:   2E0200                                                                                  work_set                WK_SPLAYER, 0
12BD:   00                                                                                      nop
12BE:   3200CAF300004CDC                                                                        pos_set                 0, -3126, 0, -9140
12C6:   3300000068100000                                                                        dir_set                 0, 0, 4200, 0
12CE:   2E0100                                                                                  work_set                WK_PLAYER, 0
12D1:   00                                                                                      nop
12D2:   32001FF800003CF2                                                                        pos_set                 0, -2017, 0, -3524
12DA:   3300000020080000                                                                        dir_set                 0, 0, 2080, 0
12E2:   22020701                                                                                set                     FG_STATE, 7, 1
12E6:   2902                                                                                    cut_chg                 2
12E8:   090A0A00                                                                                sleep                   10, 10
12EC:   22011B01                                                                                set                     FG_GAME, 27, 1
12F0:   04FF1803                                                                                evt_exec                255, I_GOSUB, main_03
12F4:   04FF1805                                                                                evt_exec                255, I_GOSUB, main_05
12F8:   0100                                                                                    evt_end                 0

.proc main_03
12FA:   090A0500                                                                                sleep                   10, 5
12FE:   2E0200                                                                                  work_set                WK_SPLAYER, 0
1301:   00                                                                                      nop
1302:   410501000000000094CE                                                                    plc_neck                5, 1, 0, 0, 148, 206
130C:   3F010101                                                                                plc_motion              1, 1, 1
1310:   090A0500                                                                                sleep                   10, 5
1314:   3F001201                                                                                plc_motion              0, 18, 1
1318:   180D                                                                                    gosub                   main_0D
131A:   4000092048F4ECEB                                                                        plc_dest                0, 9, 32, -3000, -5140
1322:   180C                                                                                    gosub                   main_0C
1324:   59001500                                                                                xa_on                   0, 21
1328:   090A0200                                                                                sleep                   10, 2
132C:   2B0000000000                                                                            message_on              0, 0, 0, 0, 0
1332:   3F001301                                                                                plc_motion              0, 19, 1
1336:   090A1400                                                                                sleep                   10, 20
133A:   4000042048F478EC                                                                        plc_dest                0, 4, 32, -3000, -5000
1342:   180C                                                                                    gosub                   main_0C
1344:   3F001700                                                                                plc_motion              0, 23, 0
1348:   0100                                                                                    evt_end                 0

.proc main_04
134A:   090A2800                                                                                sleep                   10, 40
134E:   2E0200                                                                                  work_set                WK_SPLAYER, 0
1351:   00                                                                                      nop
1352:   400005208CE758F3                                                                        plc_dest                0, 5, 32, -6260, -3240
135A:   180C                                                                                    gosub                   main_0C
135C:   3F001001                                                                                plc_motion              0, 16, 1
1360:   090A1000                                                                                sleep                   10, 16
1364:   3F000F01                                                                                plc_motion              0, 15, 1
1368:   0100                                                                                    evt_end                 0

.proc main_05
136A:   090A0F00                                                                                sleep                   10, 15
136E:   2E0100                                                                                  work_set                WK_PLAYER, 0
1371:   00                                                                                      nop
1372:   41050200000000006060                                                                    plc_neck                5, 2, 0, 0, 96, 96
137C:   090A0300                                                                                sleep                   10, 3
1380:   4000092122F64CDC                                                                        plc_dest                0, 9, 33, -2526, -9140
1388:   180D                                                                                    gosub                   main_0D
138A:   180C                                                                                    gosub                   main_0C
138C:   180C                                                                                    gosub                   main_0C
138E:   0B                                                                                      wsleep
138F:   0C                                                                                      wsleeping
1390:   090A0A00                                                                                sleep                   10, 10
1394:   2902                                                                                    cut_chg                 2
1396:   090A1400                                                                                sleep                   10, 20
139A:   59002300                                                                                xa_on                   0, 35
139E:   090A0200                                                                                sleep                   10, 2
13A2:   2B000E000000                                                                            message_on              0, 14, 0, 0, 0
13A8:   2E0200                                                                                  work_set                WK_SPLAYER, 0
13AB:   00                                                                                      nop
13AC:   090A0300                                                                                sleep                   10, 3
13B0:   3F001001                                                                                plc_motion              0, 16, 1
13B4:   090A0A00                                                                                sleep                   10, 10
13B8:   3F000F01                                                                                plc_motion              0, 15, 1
13BC:   090A2D00                                                                                sleep                   10, 45
13C0:   3F001401                                                                                plc_motion              0, 20, 1
13C4:   090A1E00                                                                                sleep                   10, 30
13C8:   090A1E00                                                                                sleep                   10, 30
13CC:   3F000F01                                                                                plc_motion              0, 15, 1
13D0:   090A1400                                                                                sleep                   10, 20
13D4:   3F001301                                                                                plc_motion              0, 19, 1
13D8:   090A0500                                                                                sleep                   10, 5
13DC:   3F001601                                                                                plc_motion              0, 22, 1
13E0:   0B                                                                                      wsleep
13E1:   0C                                                                                      wsleeping
13E2:   090A0500                                                                                sleep                   10, 5
13E6:   2907                                                                                    cut_chg                 7
13E8:   410148F4A00FB8D96010                                                                    plc_neck                1, -3000, 4000, -9800, 96, 16
13F2:   090A1E00                                                                                sleep                   10, 30
13F6:   0B                                                                                      wsleep
13F7:   0C                                                                                      wsleeping
13F8:   090A0500                                                                                sleep                   10, 5
13FC:   41000000000000004040                                                                    plc_neck                0, 0, 0, 0, 64, 64
1406:   59001600                                                                                xa_on                   0, 22
140A:   090A0200                                                                                sleep                   10, 2
140E:   2B0001000000                                                                            message_on              0, 1, 0, 0, 0
1414:   2E0100                                                                                  work_set                WK_PLAYER, 0
1417:   00                                                                                      nop
1418:   41040200000000008040                                                                    plc_neck                4, 2, 0, 0, 128, 64
1422:   090A1400                                                                                sleep                   10, 20
1426:   41050200000000006060                                                                    plc_neck                5, 2, 0, 0, 96, 96
1430:   3F001C01                                                                                plc_motion              0, 28, 1
1434:   0B                                                                                      wsleep
1435:   0C                                                                                      wsleeping
1436:   3F020201                                                                                plc_motion              2, 2, 1
143A:   2902                                                                                    cut_chg                 2
143C:   090A0500                                                                                sleep                   10, 5
1440:   59001700                                                                                xa_on                   0, 23
1444:   2B0002000000                                                                            message_on              0, 2, 0, 0, 0
144A:   090A0500                                                                                sleep                   10, 5
144E:   2E0200                                                                                  work_set                WK_SPLAYER, 0
1451:   3F001201                                                                                plc_motion              0, 18, 1
1455:   00                                                                                      nop
1456:   090A0A00                                                                                sleep                   10, 10
145A:   090A1400                                                                                sleep                   10, 20
145E:   3F001301                                                                                plc_motion              0, 19, 1
1462:   090A1400                                                                                sleep                   10, 20
1466:   090A0A00                                                                                sleep                   10, 10
146A:   3F001401                                                                                plc_motion              0, 20, 1
146E:   0B                                                                                      wsleep
146F:   0C                                                                                      wsleeping
1470:   090A0500                                                                                sleep                   10, 5
1474:   3F001701                                                                                plc_motion              0, 23, 1
1478:   090A1400                                                                                sleep                   10, 20
147C:   2907                                                                                    cut_chg                 7
147E:   090A0A00                                                                                sleep                   10, 10
1482:   59001800                                                                                xa_on                   0, 24
1486:   2B0003000000                                                                            message_on              0, 3, 0, 0, 0
148C:   2E0100                                                                                  work_set                WK_PLAYER, 0
148F:   3F002000                                                                                plc_motion              0, 32, 0
1493:   00                                                                                      nop
1494:   090A0500                                                                                sleep                   10, 5
1498:   41040300000000008040                                                                    plc_neck                4, 3, 0, 0, 128, 64
14A2:   090A2D00                                                                                sleep                   10, 45
14A6:   41050200000000006060                                                                    plc_neck                5, 2, 0, 0, 96, 96
14B0:   3F001C00                                                                                plc_motion              0, 28, 0
14B4:   090A1E00                                                                                sleep                   10, 30
14B8:   3F002100                                                                                plc_motion              0, 33, 0
14BC:   090A3700                                                                                sleep                   10, 55
14C0:   3F002000                                                                                plc_motion              0, 32, 0
14C4:   090A0500                                                                                sleep                   10, 5
14C8:   410198BD0000A2F92020                                                                    plc_neck                1, -17000, 0, -1630, 32, 32
14D2:   090A0500                                                                                sleep                   10, 5
14D6:   3F001C00                                                                                plc_motion              0, 28, 0
14DA:   0B                                                                                      wsleep
14DB:   0C                                                                                      wsleeping
14DC:   090A0500                                                                                sleep                   10, 5
14E0:   3F002100                                                                                plc_motion              0, 33, 0
14E4:   090A0A00                                                                                sleep                   10, 10
14E8:   2902                                                                                    cut_chg                 2
14EA:   090A1400                                                                                sleep                   10, 20
14EE:   59001900                                                                                xa_on                   0, 25
14F2:   2B0004000000                                                                            message_on              0, 4, 0, 0, 0
14F8:   2E0100                                                                                  work_set                WK_PLAYER, 0
14FB:   3F002000                                                                                plc_motion              0, 32, 0
14FF:   00                                                                                      nop
1500:   090A0A00                                                                                sleep                   10, 10
1504:   3F002100                                                                                plc_motion              0, 33, 0
1508:   090A0F00                                                                                sleep                   10, 15
150C:   3F002100                                                                                plc_motion              0, 33, 0
1510:   090A0F00                                                                                sleep                   10, 15
1514:   3F002100                                                                                plc_motion              0, 33, 0
1518:   090A0F00                                                                                sleep                   10, 15
151C:   3F001C00                                                                                plc_motion              0, 28, 0
1520:   41000000000000004040                                                                    plc_neck                0, 0, 0, 0, 64, 64
152A:   41050200000000006060                                                                    plc_neck                5, 2, 0, 0, 96, 96
1534:   090A4100                                                                                sleep                   10, 65
1538:   410198BD0000A2F92020                                                                    plc_neck                1, -17000, 0, -1630, 32, 32
1542:   090A0500                                                                                sleep                   10, 5
1546:   40000521D0CB88F5                                                                        plc_dest                0, 5, 33, -13360, -2680
154E:   04FF1804                                                                                evt_exec                255, I_GOSUB, main_04
1552:   180D                                                                                    gosub                   main_0D
1554:   0B                                                                                      wsleep
1555:   0C                                                                                      wsleeping
1556:   2906                                                                                    cut_chg                 6
1558:   2E0100                                                                                  work_set                WK_PLAYER, 0
155B:   3F001B00                                                                                plc_motion              0, 27, 0
155F:   00                                                                                      nop
1560:   090A0500                                                                                sleep                   10, 5
1564:   59001A00                                                                                xa_on                   0, 26
1568:   2B0005000000                                                                            message_on              0, 5, 0, 0, 0
156E:   090A1400                                                                                sleep                   10, 20
1572:   36020C010400000000000000                                                                se_on                   2, 268, 4, 0, 0, 0
157E:   0B                                                                                      wsleep
157F:   0C                                                                                      wsleeping
1580:   090A0500                                                                                sleep                   10, 5
1584:   2904                                                                                    cut_chg                 4
1586:   320056C3000098F9                                                                        pos_set                 0, -15530, 0, -1640
158E:   3F001D00                                                                                plc_motion              0, 29, 0
1592:   090A0400                                                                                sleep                   10, 4
1596:   8A0002000000                                                                            nop_8a                  0, 2, 0, 0, 0
159C:   8BFF03000000                                                                            nop_8b                  255, 3, 0, 0, 0
15A2:   090A0100                                                                                sleep                   10, 1
15A6:   090A0500                                                                                sleep                   10, 5
15AA:   5F46                                                                                    xa_vol                  70
15AC:   59002800                                                                                xa_on                   0, 40
15B0:   090A0300                                                                                sleep                   10, 3
15B4:   2B0015000000                                                                            message_on              0, 21, 0, 0, 0
15BA:   0B                                                                                      wsleep
15BB:   0C                                                                                      wsleeping
15BC:   090A0A00                                                                                sleep                   10, 10
15C0:   22038101                                                                                set                     FG_3, 129, 1
15C4:   22200301                                                                                set                     32, 3, 1
15C8:   2E0100                                                                                  work_set                WK_PLAYER, 0
15CB:   42                                                                                      plc_ret
15CC:   22020700                                                                                set                     FG_STATE, 7, 0
15D0:   22011B00                                                                                set                     FG_GAME, 27, 0
15D4:   3C01                                                                                    cut_auto                1
15D6:   0100                                                                                    evt_end                 0

.proc main_06
15D8:   2E0200                                                                                  work_set                WK_SPLAYER, 0
15DB:   00                                                                                      nop
15DC:   32007EBD0000E41B                                                                        pos_set                 0, -17026, 0, 7140
15E4:   33000000E8030000                                                                        dir_set                 0, 0, 1000, 0
15EC:   2E0100                                                                                  work_set                WK_PLAYER, 0
15EF:   00                                                                                      nop
15F0:   32008AE4000054F0                                                                        pos_set                 0, -7030, 0, -4012
15F8:   3300000020080000                                                                        dir_set                 0, 0, 2080, 0
1600:   22020701                                                                                set                     FG_STATE, 7, 1
1604:   2905                                                                                    cut_chg                 5
1606:   090A0A00                                                                                sleep                   10, 10
160A:   22011B01                                                                                set                     FG_GAME, 27, 1
160E:   04FF1808                                                                                evt_exec                255, I_GOSUB, main_08
1612:   0100                                                                                    evt_end                 0

.proc main_07
1614:   2E0100                                                                                  work_set                WK_PLAYER, 0
1617:   00                                                                                      nop
1618:   4000092046F020F4                                                                        plc_dest                0, 9, 32, -4026, -3040
1620:   4101E6E6881340F76040                                                                    plc_neck                1, -6426, 5000, -2240, 96, 64
162A:   180C                                                                                    gosub                   main_0C
162C:   090A1400                                                                                sleep                   10, 20
1630:   4000092092BDF0FB                                                                        plc_dest                0, 9, 32, -17006, -1040
1638:   180C                                                                                    gosub                   main_0C
163A:   090A0500                                                                                sleep                   10, 5
163E:   4100E6E6881340F76040                                                                    plc_neck                0, -6426, 5000, -2240, 96, 64
1648:   4000092092BD50EC                                                                        plc_dest                0, 9, 32, -17006, -5040
1650:   180C                                                                                    gosub                   main_0C
1652:   59001F00                                                                                xa_on                   0, 31
1656:   2B000A000000                                                                            message_on              0, 10, 0, 0, 0
165C:   41018ECB78EC20F46040                                                                    plc_neck                1, -13426, -5000, -3040, 96, 64
1666:   3F001201                                                                                plc_motion              0, 18, 1
166A:   090A0F00                                                                                sleep                   10, 15
166E:   3F020201                                                                                plc_motion              2, 2, 1
1672:   090A1900                                                                                sleep                   10, 25
1676:   3F000F01                                                                                plc_motion              0, 15, 1
167A:   090A0F00                                                                                sleep                   10, 15
167E:   3F001001                                                                                plc_motion              0, 16, 1
1682:   090A1E00                                                                                sleep                   10, 30
1686:   3F001401                                                                                plc_motion              0, 20, 1
168A:   0B                                                                                      wsleep
168B:   0C                                                                                      wsleeping
168C:   090A0100                                                                                sleep                   10, 1
1690:   2904                                                                                    cut_chg                 4
1692:   090A1400                                                                                sleep                   10, 20
1696:   2E0200                                                                                  work_set                WK_SPLAYER, 0
1699:   00                                                                                      nop
169A:   410168C560F080E48060                                                                    plc_neck                1, -15000, -4000, -7040, 128, 96
16A4:   090A1E00                                                                                sleep                   10, 30
16A8:   410168C560F000008060                                                                    plc_neck                1, -15000, -4000, 0, 128, 96
16B2:   090A1E00                                                                                sleep                   10, 30
16B6:   59002000                                                                                xa_on                   0, 32
16BA:   2B000B000000                                                                            message_on              0, 11, 0, 0, 0
16C0:   090A0500                                                                                sleep                   10, 5
16C4:   41040300000000006040                                                                    plc_neck                4, 3, 0, 0, 96, 64
16CE:   3F002001                                                                                plc_motion              0, 32, 1
16D2:   090A1E00                                                                                sleep                   10, 30
16D6:   4101D8DC60F080F36040                                                                    plc_neck                1, -9000, -4000, -3200, 96, 64
16E0:   3F002101                                                                                plc_motion              0, 33, 1
16E4:   090A3C00                                                                                sleep                   10, 60
16E8:   4101EEBB00008A116040                                                                    plc_neck                1, -17426, 0, 4490, 96, 64
16F2:   090A1E00                                                                                sleep                   10, 30
16F6:   4101D8DC60F080F36040                                                                    plc_neck                1, -9000, -4000, -3200, 96, 64
1700:   0B                                                                                      wsleep
1701:   0C                                                                                      wsleeping
1702:   090A0A00                                                                                sleep                   10, 10
1706:   59002100                                                                                xa_on                   0, 33
170A:   2B000C000000                                                                            message_on              0, 12, 0, 0, 0
1710:   090A0500                                                                                sleep                   10, 5
1714:   3F001C01                                                                                plc_motion              0, 28, 1
1718:   090A1400                                                                                sleep                   10, 20
171C:   3F002001                                                                                plc_motion              0, 32, 1
1720:   090A0500                                                                                sleep                   10, 5
1724:   4100E6E6881340F76040                                                                    plc_neck                0, -6426, 5000, -2240, 96, 64
172E:   40000521D3BE0014                                                                        plc_dest                0, 5, 33, -16685, 5120
1736:   0B                                                                                      wsleep
1737:   0C                                                                                      wsleeping
1738:   2903                                                                                    cut_chg                 3
173A:   2E0100                                                                                  work_set                WK_PLAYER, 0
173D:   00                                                                                      nop
173E:   090A0500                                                                                sleep                   10, 5
1742:   3F001301                                                                                plc_motion              0, 19, 1
1746:   090A0A00                                                                                sleep                   10, 10
174A:   3F001401                                                                                plc_motion              0, 20, 1
174E:   090A0A00                                                                                sleep                   10, 10
1752:   3F001701                                                                                plc_motion              0, 23, 1
1756:   59002200                                                                                xa_on                   0, 34
175A:   2B000D000000                                                                            message_on              0, 13, 0, 0, 0
1760:   090A0500                                                                                sleep                   10, 5
1764:   3F000F01                                                                                plc_motion              0, 15, 1
1768:   090A0F00                                                                                sleep                   10, 15
176C:   3F001001                                                                                plc_motion              0, 16, 1
1770:   090A1400                                                                                sleep                   10, 20
1774:   3F001401                                                                                plc_motion              0, 20, 1
1778:   090A2800                                                                                sleep                   10, 40
177C:   3F000F01                                                                                plc_motion              0, 15, 1
1780:   0B                                                                                      wsleep
1781:   0C                                                                                      wsleeping
1782:   090A1400                                                                                sleep                   10, 20
1786:   22038301                                                                                set                     FG_3, 131, 1
178A:   06000A00                                                                                if                      0, off_1798
178E:   21010101                                                                                ck                      FG_GAME, F_SCENARIO, 1
1792:   0300180B                                                                                evt_chain               0, 24, 11
1796:   08                                                                                      endif
1797:   00                                                                                      nop

off_1798:
1798:   2E0100                                                                                  work_set                WK_PLAYER, 0
179B:   42                                                                                      plc_ret
179C:   22020700                                                                                set                     FG_STATE, 7, 0
17A0:   22011B00                                                                                set                     FG_GAME, 27, 0
17A4:   3C01                                                                                    cut_auto                1
17A6:   0100                                                                                    evt_end                 0

.proc main_08
17A8:   2E0200                                                                                  work_set                WK_SPLAYER, 0
17AB:   00                                                                                      nop
17AC:   40000521FFBF5CF9                                                                        plc_dest                0, 5, 33, -16385, -1700
17B4:   090A1400                                                                                sleep                   10, 20
17B8:   2904                                                                                    cut_chg                 4
17BA:   180D                                                                                    gosub                   main_0D
17BC:   4000092136E2500A                                                                        plc_dest                0, 9, 33, -7626, 2640
17C4:   180D                                                                                    gosub                   main_0D
17C6:   4101D8DC60F080F36040                                                                    plc_neck                1, -9000, -4000, -3200, 96, 64
17D0:   090A0300                                                                                sleep                   10, 3
17D4:   59001B00                                                                                xa_on                   0, 27
17D8:   2B0006000000                                                                            message_on              0, 6, 0, 0, 0
17DE:   0B                                                                                      wsleep
17DF:   0C                                                                                      wsleeping
17E0:   090A0100                                                                                sleep                   10, 1
17E4:   2903                                                                                    cut_chg                 3
17E6:   090A0200                                                                                sleep                   10, 2
17EA:   59001C00                                                                                xa_on                   0, 28
17EE:   2B0007000000                                                                            message_on              0, 7, 0, 0, 0
17F4:   2E0100                                                                                  work_set                WK_PLAYER, 0
17F7:   3F001001                                                                                plc_motion              0, 16, 1
17FB:   00                                                                                      nop
17FC:   090A1E00                                                                                sleep                   10, 30
1800:   3F000F01                                                                                plc_motion              0, 15, 1
1804:   090A1E00                                                                                sleep                   10, 30
1808:   3F001301                                                                                plc_motion              0, 19, 1
180C:   090A1E00                                                                                sleep                   10, 30
1810:   3F001401                                                                                plc_motion              0, 20, 1
1814:   090A0A00                                                                                sleep                   10, 10
1818:   3F001701                                                                                plc_motion              0, 23, 1
181C:   090A1400                                                                                sleep                   10, 20
1820:   0B                                                                                      wsleep
1821:   0C                                                                                      wsleeping
1822:   090A0100                                                                                sleep                   10, 1
1826:   2904                                                                                    cut_chg                 4
1828:   090A0200                                                                                sleep                   10, 2
182C:   59001D00                                                                                xa_on                   0, 29
1830:   2B0008000000                                                                            message_on              0, 8, 0, 0, 0
1836:   2E0200                                                                                  work_set                WK_SPLAYER, 0
1839:   3F002001                                                                                plc_motion              0, 32, 1
183D:   00                                                                                      nop
183E:   090A1400                                                                                sleep                   10, 20
1842:   3F002101                                                                                plc_motion              0, 33, 1
1846:   090A1E00                                                                                sleep                   10, 30
184A:   41040300000000006040                                                                    plc_neck                4, 3, 0, 0, 96, 64
1854:   090A1E00                                                                                sleep                   10, 30
1858:   3F001C01                                                                                plc_motion              0, 28, 1
185C:   4101D8DCA00F80F36040                                                                    plc_neck                1, -9000, 4000, -3200, 96, 64
1866:   090A1400                                                                                sleep                   10, 20
186A:   3F002101                                                                                plc_motion              0, 33, 1
186E:   4101D8DC60F080F36040                                                                    plc_neck                1, -9000, -4000, -3200, 96, 64
1878:   090A3C00                                                                                sleep                   10, 60
187C:   4101D8DC60F080F36040                                                                    plc_neck                1, -9000, -4000, -3200, 96, 64
1886:   3F001C01                                                                                plc_motion              0, 28, 1
188A:   090A1400                                                                                sleep                   10, 20
188E:   3F002101                                                                                plc_motion              0, 33, 1
1892:   0B                                                                                      wsleep
1893:   0C                                                                                      wsleeping
1894:   4101D8DC60F080F36040                                                                    plc_neck                1, -9000, -4000, -3200, 96, 64
189E:   4000072198BD5CF9                                                                        plc_dest                0, 7, 33, -17000, -1700
18A6:   180D                                                                                    gosub                   main_0D
18A8:   3F020201                                                                                plc_motion              2, 2, 1
18AC:   2908                                                                                    cut_chg                 8
18AE:   3F001A01                                                                                plc_motion              0, 26, 1
18B2:   090A0600                                                                                sleep                   10, 6
18B6:   04FF1809                                                                                evt_exec                255, I_GOSUB, main_09
18BA:   090A1E00                                                                                sleep                   10, 30
18BE:   06002200                                                                                if                      0, off_18E4
18C2:   2108C101                                                                                ck                      FG_ITEM, 193, 1
18C6:   59001E00                                                                                xa_on                   0, 30
18CA:   2B0009000000                                                                            message_on              0, 9, 0, 0, 0
18D0:   0B                                                                                      wsleep
18D1:   0C                                                                                      wsleeping
18D2:   3F001A01                                                                                plc_motion              0, 26, 1
18D6:   090A0600                                                                                sleep                   10, 6
18DA:   04FF180A                                                                                evt_exec                255, I_GOSUB, main_0A
18DE:   090A1E00                                                                                sleep                   10, 30
18E2:   08                                                                                      endif
18E3:   00                                                                                      nop

off_18E4:
18E4:   2903                                                                                    cut_chg                 3
18E6:   04FF1807                                                                                evt_exec                255, I_GOSUB, main_07
18EA:   0100                                                                                    evt_end                 0

.proc main_09
18EC:   090A1200                                                                                sleep                   10, 18
18F0:   36020B010400000000000000                                                                se_on                   2, 267, 4, 0, 0, 0
18FC:   2E0400                                                                                  work_set                WK_OBJECT, 0
18FF:   00                                                                                      nop
1900:   320008C676F372F5                                                                        pos_set                 0, -14840, -3210, -2702
1908:   3300800000FE40F8                                                                        dir_set                 0, 128, -512, -1984
1910:   2F00B400                                                                                speed_set               0, 180
1914:   2F011AFF                                                                                speed_set               1, -230
1918:   2F061E00                                                                                speed_set               6, 30
191C:   2F07ECFF                                                                                speed_set               7, -20
1920:   0D0006000600                                                                            for                     0, off_192C, 6
1926:   30                                                                                      add_speed
1927:   31                                                                                      add_aspeed
1928:   02                                                                                      evt_next
1929:   00                                                                                      nop
192A:   0E00                                                                                    next                    0

off_192C:
192C:   36020D010400000000000000                                                                se_on                   2, 269, 4, 0, 0, 0
1938:   3200000000000000                                                                        pos_set                 0, 0, 0, 0
1940:   090A0800                                                                                sleep                   10, 8
1944:   32008FDCAEFF1AF5                                                                        pos_set                 0, -9073, -82, -2790
194C:   090A0100                                                                                sleep                   10, 1
1950:   3200F3DCE0FFFCF4                                                                        pos_set                 0, -8973, -32, -2820
1958:   090A0100                                                                                sleep                   10, 1
195C:   320057DD000091F4                                                                        pos_set                 0, -8873, 0, -2927
1964:   0100                                                                                    evt_end                 0

.proc main_0A
1966:   090A1200                                                                                sleep                   10, 18
196A:   36020B010400000000000000                                                                se_on                   2, 267, 4, 0, 0, 0
1976:   2E0402                                                                                  work_set                WK_OBJECT, 2
1979:   00                                                                                      nop
197A:   320008C676F372F5                                                                        pos_set                 0, -14840, -3210, -2702
1982:   3300800000FE40F8                                                                        dir_set                 0, 128, -512, -1984
198A:   2F00B400                                                                                speed_set               0, 180
198E:   2F011AFF                                                                                speed_set               1, -230
1992:   2F061E00                                                                                speed_set               6, 30
1996:   2F07ECFF                                                                                speed_set               7, -20
199A:   0D0006000600                                                                            for                     0, off_19A6, 6
19A0:   30                                                                                      add_speed
19A1:   31                                                                                      add_aspeed
19A2:   02                                                                                      evt_next
19A3:   00                                                                                      nop
19A4:   0E00                                                                                    next                    0

off_19A6:
19A6:   36020A010400000000000000                                                                se_on                   2, 266, 4, 0, 0, 0
19B2:   3200000000000000                                                                        pos_set                 0, 0, 0, 0
19BA:   090A0800                                                                                sleep                   10, 8
19BE:   32008FDCAEFF1AF5                                                                        pos_set                 0, -9073, -82, -2790
19C6:   090A0100                                                                                sleep                   10, 1
19CA:   3200F3DCE0FFFCF4                                                                        pos_set                 0, -8973, -32, -2820
19D2:   090A0100                                                                                sleep                   10, 1
19D6:   3300000000000000                                                                        dir_set                 0, 0, 0, 0
19DE:   3200F3DC0000C9F3                                                                        pos_set                 0, -8973, 0, -3127
19E6:   0100                                                                                    evt_end                 0

.proc main_0B
19E8:   36020E010400000000000000                                                                se_on                   2, 270, 4, 0, 0, 0
19F4:   090A2800                                                                                sleep                   10, 40
19F8:   2E0403                                                                                  work_set                WK_OBJECT, 3
19FB:   00                                                                                      nop
19FC:   4800408E2000DA001200C0FB0000C0F8                                                        super_set               0, 64, 142, 32, 218, 18, -1088, 0, -1856
1A0C:   2E0100                                                                                  work_set                WK_PLAYER, 0
1A0F:   3F001F01                                                                                plc_motion              0, 31, 1
1A13:   00                                                                                      nop
1A14:   090A2300                                                                                sleep                   10, 35
1A18:   59002400                                                                                xa_on                   0, 36
1A1C:   2B000F000000                                                                            message_on              0, 15, 0, 0, 0
1A22:   0B                                                                                      wsleep
1A23:   0C                                                                                      wsleeping
1A24:   2E0100                                                                                  work_set                WK_PLAYER, 0
1A27:   00                                                                                      nop
1A28:   59002500                                                                                xa_on                   0, 37
1A2C:   0B                                                                                      wsleep
1A2D:   0C                                                                                      wsleeping
1A2E:   59002600                                                                                xa_on                   0, 38
1A32:   2B0011000000                                                                            message_on              0, 17, 0, 0, 0
1A38:   0B                                                                                      wsleep
1A39:   0C                                                                                      wsleeping
1A3A:   090A0A00                                                                                sleep                   10, 10
1A3E:   59002700                                                                                xa_on                   0, 39
1A42:   2B0012000000                                                                            message_on              0, 18, 0, 0, 0
1A48:   3F001E01                                                                                plc_motion              0, 30, 1
1A4C:   0B                                                                                      wsleep
1A4D:   0C                                                                                      wsleeping
1A4E:   090A0A00                                                                                sleep                   10, 10
1A52:   22045901                                                                                set                     FG_GENERAL_1, 89, 1
1A56:   2E0403                                                                                  work_set                WK_OBJECT, 3
1A59:   00                                                                                      nop
1A5A:   4900C0FB0000C0F8                                                                        super_reset             0, -1088, 0, -1856
1A62:   32000000E0B10000                                                                        pos_set                 0, 0, -20000, 0
1A6A:   22200D01                                                                                set                     32, 13, 1
1A6E:   2E0100                                                                                  work_set                WK_PLAYER, 0
1A71:   42                                                                                      plc_ret
1A72:   22020700                                                                                set                     FG_STATE, 7, 0
1A76:   22011B00                                                                                set                     FG_GAME, 27, 0
1A7A:   3C01                                                                                    cut_auto                1
1A7C:   8400                                                                                    unk                     132, 0
1A7E:   0100                                                                                    evt_end                 0

.proc main_0C
1A80:   11000800                                                                                do                      0, off_1A8C
1A84:   02                                                                                      evt_next
1A85:   00                                                                                      nop
1A86:   1204                                                                                    edwhile                 off_1A8C
1A88:   21052000                                                                                ck                      FG_GENERAL_2, 32, 0

off_1A8C:
1A8C:   0100                                                                                    evt_end                 0

.proc main_0D
1A8E:   11000800                                                                                do                      0, off_1A9A
1A92:   02                                                                                      evt_next
1A93:   00                                                                                      nop
1A94:   1204                                                                                    edwhile                 off_1A9A
1A96:   21052100                                                                                ck                      FG_GENERAL_2, 33, 0

off_1A9A:
1A9A:   0100                                                                                    evt_end                 0

.proc main_0E
1A9C:   2D0100000000000000000A00100034BD00001A1D000000E80000000000000000000000000000            obj_model_set           1, 0, 0, 0, 0, 0, 0, 10, 16, -17100, 0, 7450, 0, -6144, 0, 0, 0, 0, 0, 0, 0, 0, 0
1AC2:   06002000                                                                                if                      0, off_1AE6
1AC6:   23001B000503                                                                            cmp                     0, V_LAST_RDT, CMP_EQ, 773
1ACC:   06001000                                                                                if                      0, off_1AE0
1AD0:   21038201                                                                                ck                      FG_3, 130, 1
1AD4:   21038300                                                                                ck                      FG_3, 131, 0
1AD8:   17FFFF000E00                                                                            goto                    255, 255, 0, off_1AE6
1ADE:   08                                                                                      endif
1ADF:   00                                                                                      nop

off_1AE0:
1AE0:   0405180F                                                                                evt_exec                5, I_GOSUB, main_0F
1AE4:   08                                                                                      endif
1AE5:   00                                                                                      nop

off_1AE6:
1AE6:   2C060431000088C376E44C04280A13000000FFFF                                                aot_set                 6, SCE_MESSAGE, SAT_PL | SAT_MANUAL | SAT_FRONT, 0, 0, -15480, -7050, 1100, 2600, 19, 0, 0, 0, 255, 255
1AFA:   22100100                                                                                set                     16, 1, 0
1AFE:   2C070431000050C9B8F2C2014C0414000000FFFF                                                aot_set                 7, SCE_MESSAGE, SAT_PL | SAT_MANUAL | SAT_FRONT, 0, 0, -14000, -3400, 450, 1100, 20, 0, 0, 0, 255, 255
1B12:   2C0805310000CAF216B73E08E803FF0018150000                                                aot_set                 8, SCE_EVENT, SAT_PL | SAT_MANUAL | SAT_FRONT, 0, 0, -3382, -18666, 2110, 1000, 255, 0, I_GOSUB, main_15, 0, 0
1B26:   0100                                                                                    evt_end                 0

.proc main_0F
1B28:   22020701                                                                                set                     FG_STATE, 7, 1
1B2C:   04FF1810                                                                                evt_exec                255, I_GOSUB, main_10
1B30:   04FF1811                                                                                evt_exec                255, I_GOSUB, main_11
1B34:   1814                                                                                    gosub                   main_14
1B36:   090A0500                                                                                sleep                   10, 5
1B3A:   22020700                                                                                set                     FG_STATE, 7, 0
1B3E:   0100                                                                                    evt_end                 0

.proc main_10
1B40:   2E0401                                                                                  work_set                WK_OBJECT, 1
1B43:   00                                                                                      nop
1B44:   340B34BD                                                                                member_set              11, 52, 189
1B48:   340CA0F6                                                                                member_set              12, 160, 246
1B4C:   340D1A1D                                                                                member_set              13, 26, 29
1B50:   340F00E8                                                                                member_set              15, 0, 232
1B54:   1812                                                                                    gosub                   main_12
1B56:   0100                                                                                    evt_end                 0

.proc main_11
1B58:   2E0100                                                                                  work_set                WK_PLAYER, 0
1B5B:   00                                                                                      nop
1B5C:   3D1000                                                                                  member_copy             V_TEMP, 0
1B5F:   00                                                                                      nop
1B60:   260005100004                                                                            calc                    0, OP_OR, V_TEMP, 1024
1B66:   350010                                                                                  member_set2             0, V_TEMP
1B69:   00                                                                                      nop
1B6A:   340BAEBD                                                                                member_set              11, 174, 189
1B6E:   340CA0F6                                                                                member_set              12, 160, 246
1B72:   340D201E                                                                                member_set              13, 32, 30
1B76:   340F2F14                                                                                member_set              15, 47, 20
1B7A:   1812                                                                                    gosub                   main_12
1B7C:   06001400                                                                                if                      0, off_1B94
1B80:   21050101                                                                                ck                      FG_GENERAL_2, 1, 1
1B84:   3D1000                                                                                  member_copy             V_TEMP, 0
1B87:   00                                                                                      nop
1B88:   260001100004                                                                            calc                    0, OP_SUB, V_TEMP, 1024
1B8E:   350010                                                                                  member_set2             0, V_TEMP
1B91:   00                                                                                      nop
1B92:   08                                                                                      endif
1B93:   00                                                                                      nop

off_1B94:
1B94:   0100                                                                                    evt_end                 0

.proc main_12
1B96:   2F012800                                                                                speed_set               1, 40
1B9A:   0D0004000200                                                                            for                     0, off_1BA4, 2
1BA0:   30                                                                                      add_speed
1BA1:   02                                                                                      evt_next
1BA2:   0E00                                                                                    next                    0

off_1BA4:
1BA4:   8B645A000000                                                                            nop_8b                  100, 90, 0, 0, 0
1BAA:   8C00A05014005700                                                                        nop_8c                  0, 160, 80, 20, 0, 87, 0
1BB2:   8A0003005500                                                                            nop_8a                  0, 3, 0, 85, 0
1BB8:   360001000000000000000000                                                                se_on                   0, 1, 0, 0, 0, 0
1BC4:   0D0004000800                                                                            for                     0, off_1BCE, 8
1BCA:   30                                                                                      add_speed
1BCB:   02                                                                                      evt_next
1BCC:   0E00                                                                                    next                    0

off_1BCE:
1BCE:   2F012300                                                                                speed_set               1, 35
1BD2:   0D0004001400                                                                            for                     0, off_1BDC, 20
1BD8:   30                                                                                      add_speed
1BD9:   02                                                                                      evt_next
1BDA:   0E00                                                                                    next                    0

off_1BDC:
1BDC:   2F011E00                                                                                speed_set               1, 30
1BE0:   0D0004000F00                                                                            for                     0, off_1BEA, 15
1BE6:   30                                                                                      add_speed
1BE7:   02                                                                                      evt_next
1BE8:   0E00                                                                                    next                    0

off_1BEA:
1BEA:   2F011900                                                                                speed_set               1, 25
1BEE:   0D0004000F00                                                                            for                     0, off_1BF8, 15
1BF4:   30                                                                                      add_speed
1BF5:   02                                                                                      evt_next
1BF6:   0E00                                                                                    next                    0

off_1BF8:
1BF8:   2F011400                                                                                speed_set               1, 20
1BFC:   0D0004000F00                                                                            for                     0, off_1C06, 15
1C02:   30                                                                                      add_speed
1C03:   02                                                                                      evt_next
1C04:   0E00                                                                                    next                    0

off_1C06:
1C06:   2F010F00                                                                                speed_set               1, 15
1C0A:   0D0004000A00                                                                            for                     0, off_1C14, 10
1C10:   30                                                                                      add_speed
1C11:   02                                                                                      evt_next
1C12:   0E00                                                                                    next                    0

off_1C14:
1C14:   3D100C                                                                                  member_copy             V_TEMP, 12
1C17:   00                                                                                      nop
1C18:   260001100A00                                                                            calc                    0, OP_SUB, V_TEMP, 10
1C1E:   350C10                                                                                  member_set2             12, V_TEMP
1C21:   00                                                                                      nop
1C22:   090A0500                                                                                sleep                   10, 5
1C26:   3D100C                                                                                  member_copy             V_TEMP, 12
1C29:   00                                                                                      nop
1C2A:   260000102300                                                                            calc                    0, OP_ADD, V_TEMP, 35
1C30:   350C10                                                                                  member_set2             12, V_TEMP
1C33:   00                                                                                      nop
1C34:   22050101                                                                                set                     FG_GENERAL_2, 1, 1
1C38:   0100                                                                                    evt_end                 0

.proc main_13
1C3A:   11000800                                                                                do                      0, off_1C46
1C3E:   02                                                                                      evt_next
1C3F:   00                                                                                      nop
1C40:   1204                                                                                    edwhile                 off_1C46
1C42:   21050000                                                                                ck                      FG_GENERAL_2, 0, 0

off_1C46:
1C46:   22050000                                                                                set                     FG_GENERAL_2, 0, 0
1C4A:   0100                                                                                    evt_end                 0

.proc main_14
1C4C:   11000800                                                                                do                      0, off_1C58
1C50:   02                                                                                      evt_next
1C51:   00                                                                                      nop
1C52:   1204                                                                                    edwhile                 off_1C58
1C54:   21050100                                                                                ck                      FG_GENERAL_2, 1, 0

off_1C58:
1C58:   22050100                                                                                set                     FG_GENERAL_2, 1, 0
1C5C:   0100                                                                                    evt_end                 0

.proc main_15
1C5E:   2B001600FFEF                                                                            message_on              0, 22, 0, 255, 239
1C64:   02                                                                                      evt_next
1C65:   00                                                                                      nop
1C66:   06000800                                                                                if                      0, off_1C72
1C6A:   210B1F00                                                                                ck                      FG_INPUT, F_QUESTION, 0
1C6E:   4701                                                                                    aot_on                  1
1C70:   08                                                                                      endif
1C71:   00                                                                                      nop

off_1C72:
1C72:   0100                                                                                    evt_end                 0
