.version 2
.init
.proc init_00
1682:   06000E00                                                                                if                      0, off_1694
1686:   2104FE01                                                                                ck                      4, 254, 1
168A:   22036300                                                                                set                     3, 99, 0
168E:   22010301                                                                                set                     1, 3, 1
1692:   08                                                                                      endif
1693:   00                                                                                      nop

off_1694:
1694:   3B050131010072B996B69808640587BCE8EA8E06E80102090303160500000000                        door_aot_se             5, SCE_DOOR, SAT_PL | SAT_MANUAL | SAT_FRONT, 1, 0, -18062, -18794, 2200, 1380, -17273, -5400, 1678, 488, 2, 9, 3, 3, 22, 5, 0, 0, UNLOCKED, 0
16B4:   3B0601310000BCEC80C72607B60DCCE0E0E3899C28E8030000041F0000000000                        door_aot_se             6, SCE_DOOR, SAT_PL | SAT_MANUAL | SAT_FRONT, 0, 0, -4932, -14464, 1830, 3510, -7988, -7200, -25463, -6104, 3, 0, 0, 4, 31, 0, 0, 0, UNLOCKED, 0
16D4:   5D02                                                                                    mizu_div_set            2
16D6:   2D0001820404000001000A001A0022F244FDD0D5000000040000000000000000000000000000            obj_model_set           0, 1, 130, 4, 4, 0, 1, 10, 26, -3550, -700, -10800, 0, 1024, 0, 0, 0, 0, 0, 0, 0, 0, 0
16FC:   2D0100820404000000000A001A00B60344FD3CC4000000040000000000000000000000000000            obj_model_set           1, 0, 130, 4, 4, 0, 0, 10, 26, 950, -700, -15300, 0, 1024, 0, 0, 0, 0, 0, 0, 0, 0, 0
1722:   2C07074F0000BEEA9EBD942A141E44FD00000000                                                aot_set                 7, SCE_WATER, SAT_PL | SAT_EM | SAT_SPL | SAT_OB | SAT_UNDER, 0, 0, -5442, -16994, 10900, 7700, 68, 253, 0, 0, 0, 0
1736:   0100                                                                                    evt_end                 0

.main
.proc main_00
175E:   0600BC00                                                                                if                      0, off_181E
1762:   21036300                                                                                ck                      3, 99, 0
1766:   06001200                                                                                if                      0, off_177C
176A:   21010300                                                                                ck                      1, 3, 0
176E:   4606043100000000FFFF                                                                    aot_reset               6, SCE_MESSAGE, SAT_PL | SAT_MANUAL | SAT_FRONT, 0, 0, 0, 0, 255, 255
1778:   0700A200                                                                                else                    0, off_181A

off_177C:
177C:   06001E00                                                                                if                      0, off_179E
1780:   21010100                                                                                ck                      1, 1, 0
1784:   4400FF450004012000FFE2BBF8F85FC0000000000000                                            sce_em_set              0, 255, ENEMY_SHERRYWITHPENDANT, 0, 4, 1, 32, 0, 255, -17438, -1800, -16289, 0, 0, 0
179A:   07001C00                                                                                else                    0, off_17B6

off_179E:
179E:   4400FF45000C012000FFE2BBF8F85FC0000000000000                                            sce_em_set              0, 255, ENEMY_SHERRYWITHPENDANT, 0, 12, 1, 32, 0, 255, -17438, -1800, -16289, 0, 0, 0
17B4:   00                                                                                      nop
17B5:   00                                                                                      nop

off_17B6:
17B6:   2C0005410100B70475B44E20A424FF0018030000                                                aot_set                 0, SCE_EVENT, SAT_PL | SAT_UNDER, 1, 0, 1207, -19339, 8270, 9380, 255, 0, I_GOSUB, main_03, 0, 0
17CA:   2C0303480100270375B44E20A424000000000000                                                aot_set                 3, SCE_NORMAL, SAT_OB | SAT_UNDER, 1, 0, 807, -19339, 8270, 9380, 0, 0, 0, 0, 0, 0
17DE:   06001E00                                                                                if                      0, off_1800
17E2:   21010100                                                                                ck                      1, 1, 0
17E6:   440000300340041C00FF0000E0E30000000400000000                                            sce_em_set              0, 0, ENEMY_48, 3, 64, 4, 28, 0, 255, 0, -7200, 0, 1024, 0, 0
17FC:   07001C00                                                                                else                    0, off_1818

off_1800:
1800:   4400012A0140041200FF0000E0E30000100400000000                                            sce_em_set              0, 1, ENEMY_TYRANT1, 1, 64, 4, 18, 0, 255, 0, -7200, 0, 1040, 0, 0
1816:   00                                                                                      nop
1817:   00                                                                                      nop

off_1818:
1818:   00                                                                                      nop
1819:   00                                                                                      nop

off_181A:
181A:   07000A00                                                                                else                    0, off_1824

off_181E:
181E:   370D0000                                                                                sca_id_set              13, 0, 0
1822:   00                                                                                      nop
1823:   00                                                                                      nop

off_1824:
1824:   180F                                                                                    gosub                   15
1826:   0100                                                                                    evt_end                 0

.proc main_01
1828:   1812                                                                                    gosub                   18
182A:   0100                                                                                    evt_end                 0

.proc main_02
182C:   57000A030FFF0000                                                                        sce_bgmtbl_set          0, 10, 3, 65295, 0
1834:   0100                                                                                    evt_end                 0

.proc main_03
1836:   22011B01                                                                                set                     1, 27, 1
183A:   22020701                                                                                set                     2, 7, 1
183E:   46000041000000000000                                                                    aot_reset               0, SCE_AUTO, SAT_PL | SAT_UNDER, 0, 0, 0, 0, 0, 0
1848:   22036301                                                                                set                     3, 99, 1
184C:   2E0200                                                                                  work_set                WK_SPLAYER, 0
184F:   71                                                                                      splc_sce
1850:   3D1000                                                                                  member_copy             16, 0
1853:   00                                                                                      nop
1854:   260005100200                                                                            calc                    0, OP_OR, 16, 2
185A:   350010                                                                                  member_set2             0, 16
185D:   00                                                                                      nop
185E:   370D0000                                                                                sca_id_set              13, 0, 0
1862:   37040000                                                                                sca_id_set              4, 0, 0
1866:   1804                                                                                    gosub                   4
1868:   1807                                                                                    gosub                   7
186A:   1808                                                                                    gosub                   8
186C:   1809                                                                                    gosub                   9
186E:   180A                                                                                    gosub                   10
1870:   180B                                                                                    gosub                   11
1872:   180C                                                                                    gosub                   12
1874:   2E0200                                                                                  work_set                WK_SPLAYER, 0
1877:   70                                                                                      splc_ret
1878:   3D1000                                                                                  member_copy             16, 0
187B:   00                                                                                      nop
187C:   26000610FDFF                                                                            calc                    0, OP_AND, 16, -3
1882:   350010                                                                                  member_set2             0, 16
1885:   00                                                                                      nop
1886:   2E0100                                                                                  work_set                WK_PLAYER, 0
1889:   42                                                                                      plc_ret
188A:   06000A00                                                                                if                      0, off_1898
188E:   21010100                                                                                ck                      1, 1, 0
1892:   24200F00                                                                                save                    32, 15
1896:   08                                                                                      endif
1897:   00                                                                                      nop

off_1898:
1898:   3C01                                                                                    cut_auto                1
189A:   1802                                                                                    gosub                   2
189C:   22020700                                                                                set                     2, 7, 0
18A0:   22011B00                                                                                set                     1, 27, 0
18A4:   4702                                                                                    aot_on                  2
18A6:   0100                                                                                    evt_end                 0

.proc main_04
18A8:   2E0100                                                                                  work_set                WK_PLAYER, 0
18AB:   00                                                                                      nop
18AC:   400004219B0A5FC1                                                                        plc_dest                0, 4, 33, 2715, -16033
18B4:   180D                                                                                    gosub                   13
18B6:   2E0200                                                                                  work_set                WK_SPLAYER, 0
18B9:   00                                                                                      nop
18BA:   3D040B                                                                                  member_copy             4, 11
18BD:   00                                                                                      nop
18BE:   3D050D                                                                                  member_copy             5, 13
18C1:   00                                                                                      nop
18C2:   2E0100                                                                                  work_set                WK_PLAYER, 0
18C5:   00                                                                                      nop
18C6:   1D050A01                                                                                work_copy               5, 10, 1
18CA:   1D040401                                                                                work_copy               4, 4, 1
18CE:   4000092100000000                                                                        plc_dest                0, 9, 33, 0, 0
18D6:   41050200000000006060                                                                    plc_neck                5, 2, 0, 0, 96, 96
18E0:   04FF1805                                                                                evt_exec                255, I_GOSUB, main_05
18E4:   0F040800                                                                                while                   4, off_18F0
18E8:   21050000                                                                                ck                      5, 0, 0
18EC:   02                                                                                      evt_next
18ED:   00                                                                                      nop
18EE:   1000                                                                                    ewhile                  0

off_18F0:
18F0:   22050000                                                                                set                     5, 0, 0
18F4:   2E0100                                                                                  work_set                WK_PLAYER, 0
18F7:   00                                                                                      nop
18F8:   3D060B                                                                                  member_copy             6, 11
18FB:   00                                                                                      nop
18FC:   3D070D                                                                                  member_copy             7, 13
18FF:   00                                                                                      nop
1900:   2E0200                                                                                  work_set                WK_SPLAYER, 0
1903:   00                                                                                      nop
1904:   1D070A01                                                                                work_copy               7, 10, 1
1908:   1D060401                                                                                work_copy               6, 4, 1
190C:   4000092200000000                                                                        plc_dest                0, 9, 34, 0, 0
1914:   41050100000000006060                                                                    plc_neck                5, 1, 0, 0, 96, 96
191E:   2E0200                                                                                  work_set                WK_SPLAYER, 0
1921:   00                                                                                      nop
1922:   3D040B                                                                                  member_copy             4, 11
1925:   00                                                                                      nop
1926:   3D050D                                                                                  member_copy             5, 13
1929:   00                                                                                      nop
192A:   2E0100                                                                                  work_set                WK_PLAYER, 0
192D:   00                                                                                      nop
192E:   1D050A01                                                                                work_copy               5, 10, 1
1932:   1D040401                                                                                work_copy               4, 4, 1
1936:   4000092100000000                                                                        plc_dest                0, 9, 33, 0, 0
193E:   180D                                                                                    gosub                   13
1940:   59003100                                                                                xa_on                   0, 49
1944:   090A0200                                                                                sleep                   10, 2
1948:   2B0001000000                                                                            message_on              0, 1, 0, 0, 0
194E:   2E0100                                                                                  work_set                WK_PLAYER, 0
1951:   3F000F00                                                                                plc_motion              0, 15, 0
1955:   00                                                                                      nop
1956:   0B                                                                                      wsleep
1957:   0C                                                                                      wsleeping
1958:   2E0200                                                                                  work_set                WK_SPLAYER, 0
195B:   00                                                                                      nop
195C:   41020000000000014040                                                                    plc_neck                2, 0, 0, 256, 64, 64
1966:   090A0500                                                                                sleep                   10, 5
196A:   41050100000000006060                                                                    plc_neck                5, 1, 0, 0, 96, 96
1974:   090A1400                                                                                sleep                   10, 20
1978:   04FF1806                                                                                evt_exec                255, I_GOSUB, main_06
197C:   0F040800                                                                                while                   4, off_1988
1980:   21050000                                                                                ck                      5, 0, 0
1984:   02                                                                                      evt_next
1985:   00                                                                                      nop
1986:   1000                                                                                    ewhile                  0

off_1988:
1988:   2E0100                                                                                  work_set                WK_PLAYER, 0
198B:   00                                                                                      nop
198C:   400004216B0ADDC9                                                                        plc_dest                0, 4, 33, 2667, -13859
1994:   180D                                                                                    gosub                   13
1996:   0B                                                                                      wsleep
1997:   0C                                                                                      wsleeping
1998:   0100                                                                                    evt_end                 0

.proc main_05
199A:   2E0200                                                                                  work_set                WK_SPLAYER, 0
199D:   00                                                                                      nop
199E:   40000522E60743BD                                                                        plc_dest                0, 5, 34, 2022, -17085
19A6:   0F060A00                                                                                while                   6, off_19B4
19AA:   230001050300                                                                            cmp                     0, 1, CMP_NE, 3
19B0:   02                                                                                      evt_next
19B1:   00                                                                                      nop
19B2:   1000                                                                                    ewhile                  0

off_19B4:
19B4:   22050001                                                                                set                     5, 0, 1
19B8:   46030041000000000000                                                                    aot_reset               3, SCE_AUTO, SAT_PL | SAT_UNDER, 0, 0, 0, 0, 0, 0
19C2:   40000622E60743BD                                                                        plc_dest                0, 6, 34, 2022, -17085
19CA:   0100                                                                                    evt_end                 0

.proc main_06
19CC:   2E0200                                                                                  work_set                WK_SPLAYER, 0
19CF:   00                                                                                      nop
19D0:   40000522080A7CCE                                                                        plc_dest                0, 5, 34, 2568, -12676
19D8:   41020000000000004040                                                                    plc_neck                2, 0, 0, 0, 64, 64
19E2:   0F060A00                                                                                while                   6, off_19F0
19E6:   230001000300                                                                            cmp                     0, 1, CMP_EQ, 3
19EC:   02                                                                                      evt_next
19ED:   00                                                                                      nop
19EE:   1000                                                                                    ewhile                  0

off_19F0:
19F0:   090A5000                                                                                sleep                   10, 80
19F4:   22050001                                                                                set                     5, 0, 1
19F8:   180E                                                                                    gosub                   14
19FA:   22050000                                                                                set                     5, 0, 0
19FE:   2E0100                                                                                  work_set                WK_PLAYER, 0
1A01:   00                                                                                      nop
1A02:   3D060B                                                                                  member_copy             6, 11
1A05:   00                                                                                      nop
1A06:   3D070D                                                                                  member_copy             7, 13
1A09:   00                                                                                      nop
1A0A:   2E0200                                                                                  work_set                WK_SPLAYER, 0
1A0D:   00                                                                                      nop
1A0E:   1D070A01                                                                                work_copy               7, 10, 1
1A12:   1D060401                                                                                work_copy               6, 4, 1
1A16:   4000092200000000                                                                        plc_dest                0, 9, 34, 0, 0
1A1E:   41050100000000006060                                                                    plc_neck                5, 1, 0, 0, 96, 96
1A28:   0100                                                                                    evt_end                 0

.proc main_07
1A2A:   2E0100                                                                                  work_set                WK_PLAYER, 0
1A2D:   00                                                                                      nop
1A2E:   400004214E01EDCB                                                                        plc_dest                0, 4, 33, 334, -13331
1A36:   090A0500                                                                                sleep                   10, 5
1A3A:   2E0200                                                                                  work_set                WK_SPLAYER, 0
1A3D:   00                                                                                      nop
1A3E:   400004221202BCCF                                                                        plc_dest                0, 4, 34, 530, -12356
1A46:   36020A000000620CB0EBE8CC                                                                se_on                   2, 10, 0, 3170, -5200, -13080
1A52:   3A00190000000010620CC8E700C90000                                                        sce_espr_on             0, 25, 0, 4096, 3170, -6200, -14080, 0
1A62:   3A00190000000020620CB0EBE8CC0000                                                        sce_espr_on             0, 25, 0, 8192, 3170, -5200, -13080, 0
1A72:   3A00190000000010620CE0E3DCCE0000                                                        sce_espr_on             0, 25, 0, 4096, 3170, -7200, -12580, 0
1A82:   090A1E00                                                                                sleep                   10, 30
1A86:   2E0100                                                                                  work_set                WK_PLAYER, 0
1A89:   66                                                                                      plc_stop
1A8A:   2E0200                                                                                  work_set                WK_SPLAYER, 0
1A8D:   66                                                                                      plc_stop
1A8E:   2E0100                                                                                  work_set                WK_PLAYER, 0
1A91:   00                                                                                      nop
1A92:   41020000000080FF4040                                                                    plc_neck                2, 0, 0, -128, 64, 64
1A9C:   2E0200                                                                                  work_set                WK_SPLAYER, 0
1A9F:   00                                                                                      nop
1AA0:   41020000000080FF4040                                                                    plc_neck                2, 0, 0, -128, 64, 64
1AAA:   090A0800                                                                                sleep                   10, 8
1AAE:   510101000000                                                                            sce_bgm_control         1, 1, 0, 0, 0
1AB4:   090A0C00                                                                                sleep                   10, 12
1AB8:   0100                                                                                    evt_end                 0

.proc main_08
1ABA:   2906                                                                                    cut_chg                 6
1ABC:   06000C00                                                                                if                      0, off_1ACC
1AC0:   21010100                                                                                ck                      1, 1, 0
1AC4:   2E0300                                                                                  work_set                WK_ENEMY, 0
1AC7:   00                                                                                      nop
1AC8:   07000A00                                                                                else                    0, off_1AD2

off_1ACC:
1ACC:   2E0301                                                                                  work_set                WK_ENEMY, 1
1ACF:   00                                                                                      nop
1AD0:   00                                                                                      nop
1AD1:   00                                                                                      nop

off_1AD2:
1AD2:   32007511E0E3F9D4                                                                        pos_set                 0, 4469, -7200, -11015
1ADA:   3300000000040000                                                                        dir_set                 0, 0, 1024, 0
1AE2:   34170100                                                                                member_set              23, 1, 0
1AE6:   2E0100                                                                                  work_set                WK_PLAYER, 0
1AE9:   00                                                                                      nop
1AEA:   32004E010000EDCB                                                                        pos_set                 0, 334, 0, -13331
1AF2:   33000000F5090000                                                                        dir_set                 0, 0, 2549, 0
1AFA:   2E0200                                                                                  work_set                WK_SPLAYER, 0
1AFD:   00                                                                                      nop
1AFE:   32005803000082CE                                                                        pos_set                 0, 856, 0, -12670
1B06:   330000007D070000                                                                        dir_set                 0, 0, 1917, 0
1B0E:   02                                                                                      evt_next
1B0F:   00                                                                                      nop
1B10:   06000C00                                                                                if                      0, off_1B20
1B14:   21010100                                                                                ck                      1, 1, 0
1B18:   2E0300                                                                                  work_set                WK_ENEMY, 0
1B1B:   00                                                                                      nop
1B1C:   07000A00                                                                                else                    0, off_1B26

off_1B20:
1B20:   2E0301                                                                                  work_set                WK_ENEMY, 1
1B23:   00                                                                                      nop
1B24:   00                                                                                      nop
1B25:   00                                                                                      nop

off_1B26:
1B26:   32007511E0E3F9D4                                                                        pos_set                 0, 4469, -7200, -11015
1B2E:   3300000000040000                                                                        dir_set                 0, 0, 1024, 0
1B36:   06002400                                                                                if                      0, off_1B5E
1B3A:   21010100                                                                                ck                      1, 1, 0
1B3E:   2E0100                                                                                  work_set                WK_PLAYER, 0
1B41:   00                                                                                      nop
1B42:   41050300000000006060                                                                    plc_neck                5, 3, 0, 0, 96, 96
1B4C:   2E0200                                                                                  work_set                WK_SPLAYER, 0
1B4F:   00                                                                                      nop
1B50:   41050300000000006060                                                                    plc_neck                5, 3, 0, 0, 96, 96
1B5A:   07002200                                                                                else                    0, off_1B7C

off_1B5E:
1B5E:   2E0100                                                                                  work_set                WK_PLAYER, 0
1B61:   00                                                                                      nop
1B62:   41050300010000006060                                                                    plc_neck                5, 3, 1, 0, 96, 96
1B6C:   2E0200                                                                                  work_set                WK_SPLAYER, 0
1B6F:   00                                                                                      nop
1B70:   41050300010000006060                                                                    plc_neck                5, 3, 1, 0, 96, 96
1B7A:   00                                                                                      nop
1B7B:   00                                                                                      nop

off_1B7C:
1B7C:   090A0500                                                                                sleep                   10, 5
1B80:   2E0100                                                                                  work_set                WK_PLAYER, 0
1B83:   00                                                                                      nop
1B84:   40000921933D8ECD                                                                        plc_dest                0, 9, 33, 15763, -12914
1B8C:   2E0200                                                                                  work_set                WK_SPLAYER, 0
1B8F:   00                                                                                      nop
1B90:   40000922933D8ECD                                                                        plc_dest                0, 9, 34, 15763, -12914
1B98:   090A0F00                                                                                sleep                   10, 15
1B9C:   2E0100                                                                                  work_set                WK_PLAYER, 0
1B9F:   3F010100                                                                                plc_motion              1, 1, 0
1BA3:   00                                                                                      nop
1BA4:   090A0500                                                                                sleep                   10, 5
1BA8:   2E0200                                                                                  work_set                WK_SPLAYER, 0
1BAB:   3F010100                                                                                plc_motion              1, 1, 0
1BAF:   00                                                                                      nop
1BB0:   090A0500                                                                                sleep                   10, 5
1BB4:   2E0100                                                                                  work_set                WK_PLAYER, 0
1BB7:   66                                                                                      plc_stop
1BB8:   090A0500                                                                                sleep                   10, 5
1BBC:   2E0200                                                                                  work_set                WK_SPLAYER, 0
1BBF:   66                                                                                      plc_stop
1BC0:   0100                                                                                    evt_end                 0

.proc main_09
1BC2:   2907                                                                                    cut_chg                 7
1BC4:   090A0A00                                                                                sleep                   10, 10
1BC8:   06000C00                                                                                if                      0, off_1BD8
1BCC:   21010100                                                                                ck                      1, 1, 0
1BD0:   2E0300                                                                                  work_set                WK_ENEMY, 0
1BD3:   00                                                                                      nop
1BD4:   07000A00                                                                                else                    0, off_1BDE

off_1BD8:
1BD8:   2E0301                                                                                  work_set                WK_ENEMY, 1
1BDB:   00                                                                                      nop
1BDC:   00                                                                                      nop
1BDD:   00                                                                                      nop

off_1BDE:
1BDE:   34170200                                                                                member_set              23, 2, 0
1BE2:   090A3C00                                                                                sleep                   10, 60
1BE6:   0100                                                                                    evt_end                 0

.proc main_0A
1BE8:   2906                                                                                    cut_chg                 6
1BEA:   2E0100                                                                                  work_set                WK_PLAYER, 0
1BED:   00                                                                                      nop
1BEE:   33000000450D0000                                                                        dir_set                 0, 0, 3397, 0
1BF6:   3F010140                                                                                plc_motion              1, 1, 64
1BFA:   2E0200                                                                                  work_set                WK_SPLAYER, 0
1BFD:   00                                                                                      nop
1BFE:   32005803000082CE                                                                        pos_set                 0, 856, 0, -12670
1C06:   330000005D050000                                                                        dir_set                 0, 0, 1373, 0
1C0E:   41020000000000014040                                                                    plc_neck                2, 0, 0, 256, 64, 64
1C18:   090A0100                                                                                sleep                   10, 1
1C1C:   2E0100                                                                                  work_set                WK_PLAYER, 0
1C1F:   66                                                                                      plc_stop
1C20:   59003200                                                                                xa_on                   0, 50
1C24:   090A0100                                                                                sleep                   10, 1
1C28:   2B0003000000                                                                            message_on              0, 3, 0, 0, 0
1C2E:   090A0400                                                                                sleep                   10, 4
1C32:   2E0100                                                                                  work_set                WK_PLAYER, 0
1C35:   00                                                                                      nop
1C36:   3D060B                                                                                  member_copy             6, 11
1C39:   00                                                                                      nop
1C3A:   3D070D                                                                                  member_copy             7, 13
1C3D:   00                                                                                      nop
1C3E:   2E0200                                                                                  work_set                WK_SPLAYER, 0
1C41:   00                                                                                      nop
1C42:   400005228000CEC9                                                                        plc_dest                0, 5, 34, 128, -13874
1C4A:   090A0500                                                                                sleep                   10, 5
1C4E:   3300000021050000                                                                        dir_set                 0, 0, 1313, 0
1C56:   2E0200                                                                                  work_set                WK_SPLAYER, 0
1C59:   3F000F00                                                                                plc_motion              0, 15, 0
1C5D:   00                                                                                      nop
1C5E:   090A0500                                                                                sleep                   10, 5
1C62:   2E0100                                                                                  work_set                WK_PLAYER, 0
1C65:   00                                                                                      nop
1C66:   41050200000000006060                                                                    plc_neck                5, 2, 0, 0, 96, 96
1C70:   090A0500                                                                                sleep                   10, 5
1C74:   2E0200                                                                                  work_set                WK_SPLAYER, 0
1C77:   00                                                                                      nop
1C78:   41050100000000002020                                                                    plc_neck                5, 1, 0, 0, 32, 32
1C82:   090A1E00                                                                                sleep                   10, 30
1C86:   2E0100                                                                                  work_set                WK_PLAYER, 0
1C89:   3F001010                                                                                plc_motion              0, 16, 16
1C8D:   00                                                                                      nop
1C8E:   090A0C00                                                                                sleep                   10, 12
1C92:   66                                                                                      plc_stop
1C93:   00                                                                                      nop
1C94:   090A0500                                                                                sleep                   10, 5
1C98:   06001200                                                                                if                      0, off_1CAE
1C9C:   21010100                                                                                ck                      1, 1, 0
1CA0:   41050300000000002020                                                                    plc_neck                5, 3, 0, 0, 32, 32
1CAA:   07001000                                                                                else                    0, off_1CBA

off_1CAE:
1CAE:   41050300010000002020                                                                    plc_neck                5, 3, 1, 0, 32, 32
1CB8:   00                                                                                      nop
1CB9:   00                                                                                      nop

off_1CBA:
1CBA:   090A1E00                                                                                sleep                   10, 30
1CBE:   0B                                                                                      wsleep
1CBF:   0C                                                                                      wsleeping
1CC0:   0100                                                                                    evt_end                 0

.proc main_0B
1CC2:   2907                                                                                    cut_chg                 7
1CC4:   090A0A00                                                                                sleep                   10, 10
1CC8:   06000C00                                                                                if                      0, off_1CD8
1CCC:   21010100                                                                                ck                      1, 1, 0
1CD0:   2E0300                                                                                  work_set                WK_ENEMY, 0
1CD3:   00                                                                                      nop
1CD4:   07000A00                                                                                else                    0, off_1CDE

off_1CD8:
1CD8:   2E0301                                                                                  work_set                WK_ENEMY, 1
1CDB:   00                                                                                      nop
1CDC:   00                                                                                      nop
1CDD:   00                                                                                      nop

off_1CDE:
1CDE:   34170400                                                                                member_set              23, 4, 0
1CE2:   090A3C00                                                                                sleep                   10, 60
1CE6:   0100                                                                                    evt_end                 0

.proc main_0C
1CE8:   2904                                                                                    cut_chg                 4
1CEA:   2E0100                                                                                  work_set                WK_PLAYER, 0
1CED:   00                                                                                      nop
1CEE:   41050200000000006060                                                                    plc_neck                5, 2, 0, 0, 96, 96
1CF8:   3F001108                                                                                plc_motion              0, 17, 8
1CFC:   02                                                                                      evt_next
1CFD:   00                                                                                      nop
1CFE:   59003300                                                                                xa_on                   0, 51
1D02:   090A0200                                                                                sleep                   10, 2
1D06:   2B0002000000                                                                            message_on              0, 2, 0, 0, 0
1D0C:   090A0300                                                                                sleep                   10, 3
1D10:   2E0200                                                                                  work_set                WK_SPLAYER, 0
1D13:   00                                                                                      nop
1D14:   400007224809D5D1                                                                        plc_dest                0, 7, 34, 2376, -11819
1D1C:   090A0A00                                                                                sleep                   10, 10
1D20:   66                                                                                      plc_stop
1D21:   00                                                                                      nop
1D22:   090A0500                                                                                sleep                   10, 5
1D26:   41020000000000014040                                                                    plc_neck                2, 0, 0, 256, 64, 64
1D30:   090A0500                                                                                sleep                   10, 5
1D34:   41050100000000006060                                                                    plc_neck                5, 1, 0, 0, 96, 96
1D3E:   090A0A00                                                                                sleep                   10, 10
1D42:   0B                                                                                      wsleep
1D43:   0C                                                                                      wsleeping
1D44:   2905                                                                                    cut_chg                 5
1D46:   2E0100                                                                                  work_set                WK_PLAYER, 0
1D49:   00                                                                                      nop
1D4A:   4000052116F509CD                                                                        plc_dest                0, 5, 33, -2794, -13047
1D52:   090A0500                                                                                sleep                   10, 5
1D56:   2E0200                                                                                  work_set                WK_SPLAYER, 0
1D59:   00                                                                                      nop
1D5A:   4000052220F4AAD0                                                                        plc_dest                0, 5, 34, -3040, -12118
1D62:   180D                                                                                    gosub                   13
1D64:   0100                                                                                    evt_end                 0

.proc main_0D
1D66:   11000800                                                                                do                      0, off_1D72
1D6A:   02                                                                                      evt_next
1D6B:   00                                                                                      nop
1D6C:   1204                                                                                    edwhile                 off_1D72
1D6E:   21052100                                                                                ck                      5, 33, 0

off_1D72:
1D72:   0100                                                                                    evt_end                 0

.proc main_0E
1D74:   11000800                                                                                do                      0, off_1D80
1D78:   02                                                                                      evt_next
1D79:   00                                                                                      nop
1D7A:   1204                                                                                    edwhile                 off_1D80
1D7C:   21052200                                                                                ck                      5, 34, 0

off_1D80:
1D80:   0100                                                                                    evt_end                 0

.proc main_0F
1D82:   24081000                                                                                save                    8, 16
1D86:   510000020100                                                                            sce_bgm_control         0, 0, 2, 1, 0
1D8C:   1812                                                                                    gosub                   18
1D8E:   2C010531010072B996B698086405FF0018100000                                                aot_set                 1, SCE_EVENT, SAT_PL | SAT_MANUAL | SAT_FRONT, 1, 0, -18062, -18794, 2200, 1380, 255, 0, I_GOSUB, main_10, 0, 0
1DA2:   2C0205310000BCEC80C72607B60DFF0018110000                                                aot_set                 2, SCE_EVENT, SAT_PL | SAT_MANUAL | SAT_FRONT, 0, 0, -4932, -14464, 1830, 3510, 255, 0, I_GOSUB, main_11, 0, 0
1DB6:   0100                                                                                    evt_end                 0

.proc main_10
1DB8:   2B000400FFFF                                                                            message_on              0, 4, 0, 255, 255
1DBE:   02                                                                                      evt_next
1DBF:   00                                                                                      nop
1DC0:   06000800                                                                                if                      0, off_1DCC
1DC4:   210B1F00                                                                                ck                      11, 31, 0
1DC8:   4705                                                                                    aot_on                  5
1DCA:   08                                                                                      endif
1DCB:   00                                                                                      nop

off_1DCC:
1DCC:   0100                                                                                    evt_end                 0

.proc main_11
1DCE:   4706                                                                                    aot_on                  6
1DD0:   0100                                                                                    evt_end                 0

.proc main_12
1DD2:   06008600                                                                                if                      0, off_1E5C
1DD6:   1D080401                                                                                work_copy               8, 4, 1
1DDA:   23001A050000                                                                            cmp                     0, 26, CMP_NE, 0
1DE0:   131A7200                                                                                switch                  26, off_1E56
1DE4:   140008000000                                                                            case                    0, off_1DF2, 0
1DEA:   510000013240                                                                            sce_bgm_control         0, 0, 1, 50, 64
1DF0:   1A00                                                                                    break                   0

off_1DF2:
1DF2:   140008000100                                                                            case                    0, off_1E00, 1
1DF8:   510000013C40                                                                            sce_bgm_control         0, 0, 1, 60, 64
1DFE:   1A00                                                                                    break                   0

off_1E00:
1E00:   140008000200                                                                            case                    0, off_1E0E, 2
1E06:   510000014640                                                                            sce_bgm_control         0, 0, 1, 70, 64
1E0C:   1A00                                                                                    break                   0

off_1E0E:
1E0E:   140008000300                                                                            case                    0, off_1E1C, 3
1E14:   510000015A28                                                                            sce_bgm_control         0, 0, 1, 90, 40
1E1A:   1A00                                                                                    break                   0

off_1E1C:
1E1C:   140008000400                                                                            case                    0, off_1E2A, 4
1E22:   510000016440                                                                            sce_bgm_control         0, 0, 1, 100, 64
1E28:   1A00                                                                                    break                   0

off_1E2A:
1E2A:   140008000500                                                                            case                    0, off_1E38, 5
1E30:   510000016440                                                                            sce_bgm_control         0, 0, 1, 100, 64
1E36:   1A00                                                                                    break                   0

off_1E38:
1E38:   140008000600                                                                            case                    0, off_1E46, 6
1E3E:   510000016440                                                                            sce_bgm_control         0, 0, 1, 100, 64
1E44:   1A00                                                                                    break                   0

off_1E46:
1E46:   140008000700                                                                            case                    0, off_1E54, 7
1E4C:   510000016440                                                                            sce_bgm_control         0, 0, 1, 100, 64
1E52:   1A00                                                                                    break                   0

off_1E54:
1E54:   1600                                                                                    eswitch                 0

off_1E56:
1E56:   25081A                                                                                  copy                    8, 26
1E59:   00                                                                                      nop
1E5A:   08                                                                                      endif
1E5B:   00                                                                                      nop

off_1E5C:
1E5C:   0100                                                                                    evt_end                 0
1E5E:   0000                                                                                    db                      0x00, 0x00
