.version 2

.init
.proc init
0B2E:   3B000131000088BC71EF98087805849FE8EA189BE00E02030003240100000000                        door_aot_se             ID_AOT_0, SCE_DOOR, SAT_PL | SAT_MANUAL | SAT_FRONT, 0, 0, -17272, -4239, 2200, 1400, -24700, -5400, -25832, 3808, 2, 3, 0, 3, 36, 1, 0, 0, UNLOCKED, 0
0B4E:   3B010131000018FA5AE612072008A19AE8EAA09B081002050503080000000000                        door_aot_se             ID_AOT_1, SCE_DOOR, SAT_PL | SAT_MANUAL | SAT_FRONT, 0, 0, -1512, -6566, 1810, 2080, -25951, -5400, -25696, 4104, 2, 5, 5, 3, 8, 0, 0, 0, UNLOCKED, 0
0B6E:   3B02013100001CBA26B6AC085A05FEDF00001A137D03020204000E0500000000                        door_aot_se             ID_AOT_2, SCE_DOOR, SAT_PL | SAT_MANUAL | SAT_FRONT, 0, 0, -17892, -18906, 2220, 1370, -8194, 0, 4890, 893, 2, 2, 4, 0, 14, 5, 0, 0, UNLOCKED, 0
0B8E:   06001C00                                                                                if                      0, off_0BAE
0B92:   21010601                                                                                ck                      FG_STATUS, F_BONUS, 1
0B96:   2C03043100002CB424C7AE06A40B0E000000FFFF                                                aot_set                 ID_AOT_3, SCE_MESSAGE, SAT_PL | SAT_MANUAL | SAT_FRONT, 0, 0, -19412, -14556, 1710, 2980, ID_MSG_14, 0, 0, 0, 255, 255
0BAA:   07002600                                                                                else                    0, off_0BD0

off_0BAE:
0BAE:   3B03013100002CB424C7AE06A40B64CC0000C7C158F8020C0000080100000000                        door_aot_se             ID_AOT_3, SCE_DOOR, SAT_PL | SAT_MANUAL | SAT_FRONT, 0, 0, -19412, -14556, 1710, 2980, -13212, 0, -15929, -1960, 2, 12, 0, 0, 8, 1, 0, 0, UNLOCKED, 0
0BCE:   00                                                                                      nop
0BCF:   00                                                                                      nop

off_0BD0:
0BD0:   0100                                                                                    evt_end                 0
0BD2:   2605                                                                                    db                      0x26, 0x05

.main
.proc main
0BDC:   1802                                                                                    gosub                   main_02
0BDE:   4E050231000040E1C2ED4006DC0518000600C1000101                                            item_aot_set            ID_AOT_5, SCE_ITEM, SAT_PL | SAT_MANUAL | SAT_FRONT, 0, 0, -7872, -4670, 1600, 1500, ITEM_EXPLOSIVEROUNDS, 6, 193, ID_OBJ_1, IF_FLOOR
0BF4:   2D0100000000000000000A001000DBE4000061EF000000000000000000000000000000000000            obj_model_set           ID_OBJ_1, 0, 0, 0, 0, 0, 0, 10, 16, -6949, 0, -4255, 0, 0, 0, 0, 0, 0, 0, 0, 0, 0, 0
0C1A:   0100                                                                                    evt_end                 0

.proc aot
0C1C:   1803                                                                                    gosub                   main_03
0C1E:   0100                                                                                    evt_end                 0

.proc main_02
0C20:   06006000                                                                                if                      0, off_0C84
0C24:   21010601                                                                                ck                      FG_STATUS, F_BONUS, 1
0C28:   44000112000000050029B4D500005BEDA70700000000                                            sce_em_set              0, ID_EM_1, ENEMY_ZOMBIE_GUY1, 0, AI_DEFAULT, 0, SBK_5, 0, 41, -10828, 0, -4773, 1959, 0, 0
0C3E:   4400021200000005002AF4C6000057DF070800000000                                            sce_em_set              0, ID_EM_2, ENEMY_ZOMBIE_GUY1, 0, AI_DEFAULT, 0, SBK_5, 0, 42, -14604, 0, -8361, 2055, 0, 0
0C54:   4400031200000005002B35C4000099C5C70700000000                                            sce_em_set              0, ID_EM_3, ENEMY_ZOMBIE_GUY1, 0, AI_DEFAULT, 0, SBK_5, 0, 43, -15307, 0, -14951, 1991, 0, 0
0C6A:   4400041200000005002C91BC000034D2C70700000000                                            sce_em_set              0, ID_EM_4, ENEMY_ZOMBIE_GUY1, 0, AI_DEFAULT, 0, SBK_5, 0, 44, -17263, 0, -11724, 1991, 0, 0
0C80:   07002E00                                                                                else                    0, off_0CAE

off_0C84:
0C84:   2C0604310000F6C38AB7540B78050F000000FFFF                                                aot_set                 ID_AOT_6, SCE_MESSAGE, SAT_PL | SAT_MANUAL | SAT_FRONT, 0, 0, -15370, -18550, 2900, 1400, ID_MSG_15, 0, 0, 0, 255, 255
0C98:   2C070431000068D91EE2A406F81110000000FFFF                                                aot_set                 ID_AOT_7, SCE_MESSAGE, SAT_PL | SAT_MANUAL | SAT_FRONT, 0, 0, -9880, -7650, 1700, 4600, ID_MSG_16, 0, 0, 0, 255, 255
0CAC:   00                                                                                      nop
0CAD:   00                                                                                      nop

off_0CAE:
0CAE:   0100                                                                                    evt_end                 0

.proc main_03
0CB0:   06000800                                                                                if                      0, off_0CBC
0CB4:   21010601                                                                                ck                      FG_STATUS, F_BONUS, 1
0CB8:   0100                                                                                    evt_end                 0
0CBA:   08                                                                                      endif
0CBB:   00                                                                                      nop

off_0CBC:
0CBC:   131AEC00                                                                                switch                  26, off_0DAC
0CC0:   140014000000                                                                            case                    0, off_0CDA, 0
0CC6:   510000014640                                                                            sce_bgm_control         BGM_CHANNEL_MAIN, BGM_OP_NOP, BGM_TYPE_PROG0_VOL, 70, 64
0CCC:   510000020140                                                                            sce_bgm_control         BGM_CHANNEL_MAIN, BGM_OP_NOP, BGM_TYPE_PROG1_VOL, 1, 64
0CD2:   510000030140                                                                            sce_bgm_control         BGM_CHANNEL_MAIN, BGM_OP_NOP, BGM_TYPE_PROG2_VOL, 1, 64
0CD8:   1A00                                                                                    break                   0

off_0CDA:
0CDA:   140014000100                                                                            case                    0, off_0CF4, 1
0CE0:   510000013C40                                                                            sce_bgm_control         BGM_CHANNEL_MAIN, BGM_OP_NOP, BGM_TYPE_PROG0_VOL, 60, 64
0CE6:   510000020140                                                                            sce_bgm_control         BGM_CHANNEL_MAIN, BGM_OP_NOP, BGM_TYPE_PROG1_VOL, 1, 64
0CEC:   510000030140                                                                            sce_bgm_control         BGM_CHANNEL_MAIN, BGM_OP_NOP, BGM_TYPE_PROG2_VOL, 1, 64
0CF2:   1A00                                                                                    break                   0

off_0CF4:
0CF4:   140014000200                                                                            case                    0, off_0D0E, 2
0CFA:   510000013240                                                                            sce_bgm_control         BGM_CHANNEL_MAIN, BGM_OP_NOP, BGM_TYPE_PROG0_VOL, 50, 64
0D00:   510000020140                                                                            sce_bgm_control         BGM_CHANNEL_MAIN, BGM_OP_NOP, BGM_TYPE_PROG1_VOL, 1, 64
0D06:   510000030140                                                                            sce_bgm_control         BGM_CHANNEL_MAIN, BGM_OP_NOP, BGM_TYPE_PROG2_VOL, 1, 64
0D0C:   1A00                                                                                    break                   0

off_0D0E:
0D0E:   140014000300                                                                            case                    0, off_0D28, 3
0D14:   51000001285A                                                                            sce_bgm_control         BGM_CHANNEL_MAIN, BGM_OP_NOP, BGM_TYPE_PROG0_VOL, 40, 90
0D1A:   510000020140                                                                            sce_bgm_control         BGM_CHANNEL_MAIN, BGM_OP_NOP, BGM_TYPE_PROG1_VOL, 1, 64
0D20:   510000030140                                                                            sce_bgm_control         BGM_CHANNEL_MAIN, BGM_OP_NOP, BGM_TYPE_PROG2_VOL, 1, 64
0D26:   1A00                                                                                    break                   0

off_0D28:
0D28:   140014000400                                                                            case                    0, off_0D42, 4
0D2E:   51000001015A                                                                            sce_bgm_control         BGM_CHANNEL_MAIN, BGM_OP_NOP, BGM_TYPE_PROG0_VOL, 1, 90
0D34:   510000020140                                                                            sce_bgm_control         BGM_CHANNEL_MAIN, BGM_OP_NOP, BGM_TYPE_PROG1_VOL, 1, 64
0D3A:   510000030140                                                                            sce_bgm_control         BGM_CHANNEL_MAIN, BGM_OP_NOP, BGM_TYPE_PROG2_VOL, 1, 64
0D40:   1A00                                                                                    break                   0

off_0D42:
0D42:   140014000500                                                                            case                    0, off_0D5C, 5
0D48:   51000001015A                                                                            sce_bgm_control         BGM_CHANNEL_MAIN, BGM_OP_NOP, BGM_TYPE_PROG0_VOL, 1, 90
0D4E:   510000020140                                                                            sce_bgm_control         BGM_CHANNEL_MAIN, BGM_OP_NOP, BGM_TYPE_PROG1_VOL, 1, 64
0D54:   510000030140                                                                            sce_bgm_control         BGM_CHANNEL_MAIN, BGM_OP_NOP, BGM_TYPE_PROG2_VOL, 1, 64
0D5A:   1A00                                                                                    break                   0

off_0D5C:
0D5C:   140014000600                                                                            case                    0, off_0D76, 6
0D62:   51000001015A                                                                            sce_bgm_control         BGM_CHANNEL_MAIN, BGM_OP_NOP, BGM_TYPE_PROG0_VOL, 1, 90
0D68:   510000020140                                                                            sce_bgm_control         BGM_CHANNEL_MAIN, BGM_OP_NOP, BGM_TYPE_PROG1_VOL, 1, 64
0D6E:   510000030140                                                                            sce_bgm_control         BGM_CHANNEL_MAIN, BGM_OP_NOP, BGM_TYPE_PROG2_VOL, 1, 64
0D74:   1A00                                                                                    break                   0

off_0D76:
0D76:   140014000700                                                                            case                    0, off_0D90, 7
0D7C:   51000001015A                                                                            sce_bgm_control         BGM_CHANNEL_MAIN, BGM_OP_NOP, BGM_TYPE_PROG0_VOL, 1, 90
0D82:   510000020140                                                                            sce_bgm_control         BGM_CHANNEL_MAIN, BGM_OP_NOP, BGM_TYPE_PROG1_VOL, 1, 64
0D88:   510000030140                                                                            sce_bgm_control         BGM_CHANNEL_MAIN, BGM_OP_NOP, BGM_TYPE_PROG2_VOL, 1, 64
0D8E:   1A00                                                                                    break                   0

off_0D90:
0D90:   140014000800                                                                            case                    0, off_0DAA, 8
0D96:   51000001015A                                                                            sce_bgm_control         BGM_CHANNEL_MAIN, BGM_OP_NOP, BGM_TYPE_PROG0_VOL, 1, 90
0D9C:   510000020140                                                                            sce_bgm_control         BGM_CHANNEL_MAIN, BGM_OP_NOP, BGM_TYPE_PROG1_VOL, 1, 64
0DA2:   510000030140                                                                            sce_bgm_control         BGM_CHANNEL_MAIN, BGM_OP_NOP, BGM_TYPE_PROG2_VOL, 1, 64
0DA8:   1A00                                                                                    break                   0

off_0DAA:
0DAA:   1600                                                                                    eswitch                 0

off_0DAC:
0DAC:   11000A00                                                                                do                      0, off_0DBA
0DB0:   090A0100                                                                                sleep                   10, 1
0DB4:   1204                                                                                    edwhile                 off_0DBA
0DB6:   21010B00                                                                                ck                      FG_STATUS, 11, 0

off_0DBA:
0DBA:   17FFFF0002FF                                                                            goto                    255, 255, 0, off_0CBC
0DC0:   0100                                                                                    evt_end                 0
0DC2:   1900                                                                                    db                      0x19, 0x00
