.version 2

.init
.proc init
21D2:   3B00013100004494F3BFE803D0076DE10000189E9008030F00001E0000000000                        door_aot_se             ID_AOT_0, SCE_DOOR, SAT_PL | SAT_MANUAL | SAT_FRONT, 0, 0, -27580, -16397, 1000, 2000, -7827, 0, -25064, 2192, 3, 15, 0, 0, 30, 0, 0, 0, UNLOCKED, 0
21F2:   3B010131000008B77BA1FC08E80351A8F8F872C5680203000901060000000000                        door_aot_se             ID_AOT_1, SCE_DOOR, SAT_PL | SAT_MANUAL | SAT_FRONT, 0, 0, -18680, -24197, 2300, 1000, -22447, -1800, -14990, 616, 3, 0, 9, 1, 6, 0, 0, 0, UNLOCKED, 0
2212:   3B02013104005DAC45A29C092003A69BD8DC15C4180403000405060000000000                        door_aot_se             ID_AOT_2, SCE_DOOR, SAT_PL | SAT_MANUAL | SAT_FRONT, 4, 0, -21411, -23995, 2460, 800, -25690, -9000, -15339, 1048, 3, 0, 4, 5, 6, 0, 0, 0, UNLOCKED, 0
2232:   3B030151040089C699C6C409C40947D00000A297F00B03040600280500000000                        door_aot_se             ID_AOT_3, SCE_DOOR, SAT_PL | SAT_MANUAL | SAT_UNDER, 4, 0, -14711, -14695, 2500, 2500, -12217, 0, -26718, 3056, 3, 4, 6, 0, 40, 5, 0, 0, UNLOCKED, 0
2252:   3B1401510000204E204E0100010098D000006EB74B0803010400160500000000                        door_aot_se             ID_AOT_20, SCE_DOOR, SAT_PL | SAT_MANUAL | SAT_UNDER, 0, 0, 20000, 20000, 1, 1, -12136, 0, -18578, 2123, 3, 1, 4, 0, 22, 5, 0, 0, UNLOCKED, 0
2272:   3B1501510000204E204E0100010098D0E0E36EB74B0803010204160400000000                        door_aot_se             ID_AOT_21, SCE_DOOR, SAT_PL | SAT_MANUAL | SAT_UNDER, 0, 0, 20000, 20000, 1, 1, -12136, -7200, -18578, 2123, 3, 1, 2, 4, 22, 4, 0, 0, UNLOCKED, 0
2292:   2C040A3104002E9632ABA4069808000001000000                                                aot_set                 ID_AOT_4, SCE_ITEMBOX, SAT_PL | SAT_MANUAL | SAT_FRONT, 4, 0, -27090, -21710, 1700, 2200, 0, 0, 1, 0, 0, 0
22A6:   2D0000000000040000000A001000519718DE28B1000000000000000000000000000000000000            obj_model_set           ID_OBJ_0, 0, 0, 0, 0, 4, 0, 10, 16, -26799, -8680, -20184, 0, 0, 0, 0, 0, 0, 0, 0, 0, 0, 0
22CC:   2D0200000000040000000A0010004FCFE0E308BD000000F80000000000000000000000000000            obj_model_set           ID_OBJ_2, 0, 0, 0, 0, 4, 0, 10, 16, -12465, -7200, -17144, 0, -2048, 0, 0, 0, 0, 0, 0, 0, 0, 0
22F2:   2D0300000000040000000A001000FDCBE0E382CA000000000000000000000000000000000000            obj_model_set           ID_OBJ_3, 0, 0, 0, 0, 4, 0, 10, 16, -13315, -7200, -13694, 0, 0, 0, 0, 0, 0, 0, 0, 0, 0, 0
2318:   2C0509310400C6A4A499E8037805050000000000                                                aot_set                 ID_AOT_5, SCE_SAVE, SAT_PL | SAT_MANUAL | SAT_FRONT, 4, 0, -23354, -26204, 1000, 1400, 5, 0, 0, 0, 0, 0
232C:   220F0200                                                                                set                     FG_PBF02, 2, 0
2330:   220F0400                                                                                set                     FG_PBF02, 4, 0
2334:   0100                                                                                    evt_end                 0
2336:   8E1C                                                                                    db                      0x8E, 0x1C

.main
.proc main
2362:   06006000                                                                                if                      0, off_23C6
2366:   21043401                                                                                ck                      FG_COMMON, 52, 1
236A:   21044D00                                                                                ck                      FG_COMMON, 77, 0
236E:   2E0100                                                                                  work_set                WK_PLAYER, 0
2371:   00                                                                                      nop
2372:   06002000                                                                                if                      0, off_2396
2376:   3E0011000400                                                                            member_cmp              0, 17, 0, 4, 0
237C:   4400FF450004042000FF5FC4E0E33AC6000000000000                                            sce_em_set              0, ID_EM_255, ENEMY_SHERRY_PENDANT, 0, AI_04, 4, SBK_32, 0, 255, -15265, -7200, -14790, 0, 0, 0
2392:   07001C00                                                                                else                    0, off_23AE

off_2396:
2396:   4400001800100006020419AC0000DEBBD50C00000000                                            sce_em_set              0, ID_EM_0, ENEMY_ZOMBIE_GUY2, 0, AI_10, 0, SBK_6, 2, 4, -21479, 0, -17442, 3285, 0, 0
23AC:   00                                                                                      nop
23AD:   00                                                                                      nop

off_23AE:
23AE:   46010531FF00180E0000                                                                    aot_reset               ID_AOT_1, SCE_EVENT, SAT_PL | SAT_MANUAL | SAT_FRONT, 255, 0, I_GOSUB, main_0E, 0, 0
23B8:   46020531FF00180F0000                                                                    aot_reset               ID_AOT_2, SCE_EVENT, SAT_PL | SAT_MANUAL | SAT_FRONT, 255, 0, I_GOSUB, main_0F, 0, 0
23C2:   07002C00                                                                                else                    0, off_23EE

off_23C6:
23C6:   2E0100                                                                                  work_set                WK_PLAYER, 0
23C9:   00                                                                                      nop
23CA:   06001E00                                                                                if                      0, off_23EC
23CE:   3E0011000000                                                                            member_cmp              0, 17, 0, 0, 0
23D4:   4400001800100006020419AC0000DEBBD50C00000000                                            sce_em_set              0, ID_EM_0, ENEMY_ZOMBIE_GUY2, 0, AI_10, 0, SBK_6, 2, 4, -21479, 0, -17442, 3285, 0, 0
23EA:   08                                                                                      endif
23EB:   00                                                                                      nop

off_23EC:
23EC:   00                                                                                      nop
23ED:   00                                                                                      nop

off_23EE:
23EE:   1803                                                                                    gosub                   main_03
23F0:   4E080231040035951B98B0044006230001008100FF00                                            item_aot_set            ID_AOT_8, SCE_ITEM, SAT_PL | SAT_MANUAL | SAT_FRONT, 4, 0, -27339, -26597, 1200, 1600, ITEM_FAIDSPRAY, 1, 129, ID_OBJ_255, IF_DEFAULT
2406:   06001000                                                                                if                      0, off_241A
240A:   21088100                                                                                ck                      FG_ITEM, 129, 0
240E:   46080531FF0018020000                                                                    aot_reset               ID_AOT_8, SCE_EVENT, SAT_PL | SAT_MANUAL | SAT_FRONT, 255, 0, I_GOSUB, main_02, 0, 0
2418:   08                                                                                      endif
2419:   00                                                                                      nop

off_241A:
241A:   4E090231040077BD52BC4006340814001E008200FF00                                            item_aot_set            ID_AOT_9, SCE_ITEM, SAT_PL | SAT_MANUAL | SAT_FRONT, 4, 0, -17033, -17326, 1600, 2100, ITEM_HANDGUNAMMO, 30, 130, ID_OBJ_255, IF_DEFAULT
2430:   2D0700000000000000000A00100003A04EF3139B000000FE4000000000000000000000000000            obj_model_set           ID_OBJ_7, 0, 0, 0, 0, 0, 0, 10, 16, -24573, -3250, -25837, 0, -512, 64, 0, 0, 0, 0, 0, 0, 0, 0
2456:   4E0B02310000E5991B986C0740061800060083000700                                            item_aot_set            ID_AOT_11, SCE_ITEM, SAT_PL | SAT_MANUAL | SAT_FRONT, 0, 0, -26139, -26597, 1900, 1600, ITEM_EXPLOSIVEROUNDS, 6, 131, ID_OBJ_7, IF_DEFAULT
246C:   2D0600000000000000000A001000BABBACF425B180FBC0F00000000000000000000000000000            obj_model_set           ID_OBJ_6, 0, 0, 0, 0, 0, 0, 10, 16, -17478, -2900, -20187, -1152, -3904, 0, 0, 0, 0, 0, 0, 0, 0, 0
2492:   4E0C023100000CBA9BAE84036C071D002400A9000600                                            item_aot_set            ID_AOT_12, SCE_ITEM, SAT_PL | SAT_MANUAL | SAT_FRONT, 0, 0, -17908, -20837, 900, 1900, ITEM_BOWGUNAMMO, 36, 169, ID_OBJ_6, IF_DEFAULT
24A8:   2D0500000000000000000A00100087B2CCDEBCBB0000800000FC000000000000000000000000            obj_model_set           ID_OBJ_5, 0, 0, 0, 0, 0, 0, 10, 16, -19833, -8500, -17476, 0, 128, -1024, 0, 0, 0, 0, 0, 0, 0, 0
24CE:   4E070231040029AC80BB3408FC087A00010084000500                                            item_aot_set            ID_AOT_7, SCE_ITEM, SAT_PL | SAT_MANUAL | SAT_FRONT, 4, 0, -21463, -17536, 2100, 2300, ITEM_SEWERMANAGERFAX, 1, 132, ID_OBJ_5, IF_DEFAULT
24E4:   2C170531040023CE45B20807F00AFF00180A0000                                                aot_set                 ID_AOT_23, SCE_EVENT, SAT_PL | SAT_MANUAL | SAT_FRONT, 4, 0, -12765, -19899, 1800, 2800, 255, 0, I_GOSUB, main_0A, 0, 0
24F8:   2C190531040067D045B278058403FF00180A0000                                                aot_set                 ID_AOT_25, SCE_EVENT, SAT_PL | SAT_MANUAL | SAT_FRONT, 4, 0, -12185, -19899, 1400, 900, 255, 0, I_GOSUB, main_0A, 0, 0
250C:   2C180531000067D045B278058403FF0018080000                                                aot_set                 ID_AOT_24, SCE_EVENT, SAT_PL | SAT_MANUAL | SAT_FRONT, 0, 0, -12185, -19899, 1400, 900, 255, 0, I_GOSUB, main_08, 0, 0
2520:   1804                                                                                    gosub                   main_04
2522:   06001600                                                                                if                      0, off_253C
2526:   21042200                                                                                ck                      FG_COMMON, 34, 0
252A:   46170531FF0018060000                                                                    aot_reset               ID_AOT_23, SCE_EVENT, SAT_PL | SAT_MANUAL | SAT_FRONT, 255, 0, I_GOSUB, main_06, 0, 0
2534:   370080FE                                                                                sca_id_set              0, 128, 254
2538:   07002000                                                                                else                    0, off_2558

off_253C:
253C:   46170000000000000000                                                                    aot_reset               ID_AOT_23, SCE_AUTO, SAT_AUTO, 0, 0, 0, 0, 0, 0
2546:   2E0402                                                                                  work_set                WK_OBJECT, ID_OBJ_2
2549:   00                                                                                      nop
254A:   3200204E204E204E                                                                        pos_set                 0, 20000, 20000, 20000
2552:   37000000                                                                                sca_id_set              0, 0, 0
2556:   00                                                                                      nop
2557:   00                                                                                      nop

off_2558:
2558:   2E0100                                                                                  work_set                WK_PLAYER, 0
255B:   00                                                                                      nop
255C:   06002C00                                                                                if                      0, off_258C
2560:   3E0006050F00                                                                            member_cmp              0, 6, 5, 15, 0
2566:   06001200                                                                                if                      0, off_257C
256A:   21010100                                                                                ck                      FG_STATUS, F_SCENARIO, 0
256E:   460004310500000000FF                                                                    aot_reset               ID_AOT_0, SCE_MESSAGE, SAT_PL | SAT_MANUAL | SAT_FRONT, ID_MSG_5, 0, 0, 0, 0, 255
2578:   07001000                                                                                else                    0, off_2588

off_257C:
257C:   46000000000000000000                                                                    aot_reset               ID_AOT_0, SCE_AUTO, SAT_AUTO, 0, 0, 0, 0, 0, 0
2586:   00                                                                                      nop
2587:   00                                                                                      nop

off_2588:
2588:   07005400                                                                                else                    0, off_25DC

off_258C:
258C:   461804310600000000FF                                                                    aot_reset               ID_AOT_24, SCE_MESSAGE, SAT_PL | SAT_MANUAL | SAT_FRONT, ID_MSG_6, 0, 0, 0, 0, 255
2596:   06001200                                                                                if                      0, off_25AC
259A:   21088300                                                                                ck                      FG_ITEM, 131, 0
259E:   460B04310700000000FF                                                                    aot_reset               ID_AOT_11, SCE_MESSAGE, SAT_PL | SAT_MANUAL | SAT_FRONT, ID_MSG_7, 0, 0, 0, 0, 255
25A8:   07001000                                                                                else                    0, off_25B8

off_25AC:
25AC:   460B0000000000000000                                                                    aot_reset               ID_AOT_11, SCE_AUTO, SAT_AUTO, 0, 0, 0, 0, 0, 0
25B6:   00                                                                                      nop
25B7:   00                                                                                      nop

off_25B8:
25B8:   06001200                                                                                if                      0, off_25CE
25BC:   2108A900                                                                                ck                      FG_ITEM, 169, 0
25C0:   460C04310700000000FF                                                                    aot_reset               ID_AOT_12, SCE_MESSAGE, SAT_PL | SAT_MANUAL | SAT_FRONT, ID_MSG_7, 0, 0, 0, 0, 255
25CA:   07001000                                                                                else                    0, off_25DA

off_25CE:
25CE:   460C0000000000000000                                                                    aot_reset               ID_AOT_12, SCE_AUTO, SAT_AUTO, 0, 0, 0, 0, 0, 0
25D8:   00                                                                                      nop
25D9:   00                                                                                      nop

off_25DA:
25DA:   00                                                                                      nop
25DB:   00                                                                                      nop

off_25DC:
25DC:   04FF1805                                                                                evt_exec                255, I_GOSUB, main_05
25E0:   06002200                                                                                if                      0, off_2606
25E4:   23001B000404                                                                            cmp                     0, V_LAST_RDT, CMP_EQ, 1028
25EA:   22050501                                                                                set                     FG_ROOM, 5, 1
25EE:   04FF1810                                                                                evt_exec                255, I_GOSUB, main_10
25F2:   22050001                                                                                set                     FG_ROOM, 0, 1
25F6:   22050200                                                                                set                     FG_ROOM, 2, 0
25FA:   22020201                                                                                set                     FG_STOP, 2, 1
25FE:   22020100                                                                                set                     FG_STOP, 1, 0
2602:   07000A00                                                                                else                    0, off_260C

off_2606:
2606:   22050301                                                                                set                     FG_ROOM, 3, 1
260A:   00                                                                                      nop
260B:   00                                                                                      nop

off_260C:
260C:   04FF180C                                                                                evt_exec                255, I_GOSUB, main_0C
2610:   0100                                                                                    evt_end                 0

.proc aot
2612:   0100                                                                                    evt_end                 0

.proc main_02
2614:   46080231230001008100                                                                    aot_reset               ID_AOT_8, SCE_ITEM, SAT_PL | SAT_MANUAL | SAT_FRONT, 35, 0, 1, 0, 129, 0
261E:   360228010100000000000000                                                                se_on                   2, 296, 1, 0, 0, 0
262A:   4708                                                                                    aot_on                  ID_AOT_8
262C:   02                                                                                      evt_next
262D:   00                                                                                      nop
262E:   06001000                                                                                if                      0, off_2642
2632:   21088100                                                                                ck                      FG_ITEM, 129, 0
2636:   46080531FF0018020000                                                                    aot_reset               ID_AOT_8, SCE_EVENT, SAT_PL | SAT_MANUAL | SAT_FRONT, 255, 0, I_GOSUB, main_02, 0, 0
2640:   08                                                                                      endif
2641:   00                                                                                      nop

off_2642:
2642:   0100                                                                                    evt_end                 0

.proc main_03
2644:   2D0400000000040000000A0010001BAB36DEF29940FF00000000000000000000000000000000            obj_model_set           ID_OBJ_4, 0, 0, 0, 0, 4, 0, 10, 16, -21733, -8650, -26126, -192, 0, 0, 0, 0, 0, 0, 0, 0, 0, 0
266A:   4E06023104005FA88E99B004DC051E00030080000400                                            item_aot_set            ID_AOT_6, SCE_ITEM, SAT_PL | SAT_MANUAL | SAT_FRONT, 4, 0, -22433, -26226, 1200, 1500, ITEM_INKRIBBON, 3, 128, ID_OBJ_4, IF_DEFAULT
2680:   0100                                                                                    evt_end                 0

.proc main_04
2682:   2C1A043104007D94C6B4540B901A0800000000FF                                                aot_set                 ID_AOT_26, SCE_MESSAGE, SAT_PL | SAT_MANUAL | SAT_FRONT, 4, 0, -27523, -19258, 2900, 6800, ID_MSG_8, 0, 0, 0, 0, 255
2696:   2C1B04310000B7B4DAB6C40978050B00000000FF                                                aot_set                 ID_AOT_27, SCE_MESSAGE, SAT_PL | SAT_MANUAL | SAT_FRONT, 0, 0, -19273, -18726, 2500, 1400, ID_MSG_11, 0, 0, 0, 0, 255
26AA:   2C1C04310000A1A204B5B004280A0C00000000FF                                                aot_set                 ID_AOT_28, SCE_MESSAGE, SAT_PL | SAT_MANUAL | SAT_FRONT, 0, 0, -23903, -19196, 1200, 2600, ID_MSG_12, 0, 0, 0, 0, 255
26BE:   2C1D043100007FA6E6B4BC02901A0B00000000FF                                                aot_set                 ID_AOT_29, SCE_MESSAGE, SAT_PL | SAT_MANUAL | SAT_FRONT, 0, 0, -22913, -19226, 700, 6800, ID_MSG_11, 0, 0, 0, 0, 255
26D2:   2C1E0431040077BD52BCB004B0040900000000FF                                                aot_set                 ID_AOT_30, SCE_MESSAGE, SAT_PL | SAT_MANUAL | SAT_FRONT, 4, 0, -17033, -17326, 1200, 1200, ID_MSG_9, 0, 0, 0, 0, 255
26E6:   2C1F0431040035951B98800C40060A00000000FF                                                aot_set                 ID_AOT_31, SCE_MESSAGE, SAT_PL | SAT_MANUAL | SAT_FRONT, 4, 0, -27339, -26597, 3200, 1600, ID_MSG_10, 0, 0, 0, 0, 255
26FA:   0100                                                                                    evt_end                 0

.proc main_05
26FC:   02                                                                                      evt_next
26FD:   00                                                                                      nop
26FE:   06001000                                                                                if                      0, off_2712
2702:   23001B000404                                                                            cmp                     0, V_LAST_RDT, CMP_EQ, 1028
2708:   510001005540                                                                            sce_bgm_control         BGM_CHANNEL_MAIN, BGM_OP_START, BGM_TYPE_MAIN_VOL, 85, 64
270E:   07001C00                                                                                else                    0, off_272A

off_2712:
2712:   2E0100                                                                                  work_set                WK_PLAYER, 0
2715:   00                                                                                      nop
2716:   06000E00                                                                                if                      0, off_2728
271A:   3E0011000400                                                                            member_cmp              0, 17, 0, 4, 0
2720:   510001005540                                                                            sce_bgm_control         BGM_CHANNEL_MAIN, BGM_OP_START, BGM_TYPE_MAIN_VOL, 85, 64
2726:   08                                                                                      endif
2727:   00                                                                                      nop

off_2728:
2728:   00                                                                                      nop
2729:   00                                                                                      nop

off_272A:
272A:   0100                                                                                    evt_end                 0

.proc main_06
272C:   46170000000000000000                                                                    aot_reset               ID_AOT_23, SCE_AUTO, SAT_AUTO, 0, 0, 0, 0, 0, 0
2736:   22020701                                                                                set                     FG_STOP, 7, 1
273A:   06001400                                                                                if                      0, off_2752
273E:   21010000                                                                                ck                      FG_STATUS, F_PLAYER, 0
2742:   06000800                                                                                if                      0, off_274E
2746:   5E1F                                                                                    keep_item_ck            ITEM_SMALLKEY
2748:   22052001                                                                                set                     FG_ROOM, 32, 1
274C:   08                                                                                      endif
274D:   00                                                                                      nop

off_274E:
274E:   07000A00                                                                                else                    0, off_2758

off_2752:
2752:   22052001                                                                                set                     FG_ROOM, 32, 1
2756:   00                                                                                      nop
2757:   00                                                                                      nop

off_2758:
2758:   06007200                                                                                if                      0, off_27CE
275C:   21052001                                                                                ck                      FG_ROOM, 32, 1
2760:   2B00010000FF                                                                            message_on              0, ID_MSG_1, 0, 0, 255
2766:   02                                                                                      evt_next
2767:   00                                                                                      nop
2768:   06004600                                                                                if                      0, off_27B2
276C:   210B1F00                                                                                ck                      FG_MESSAGE, F_QUESTION, 0
2770:   360406010100000000000000                                                                se_on                   4, 262, 1, 0, 0, 0
277C:   06001200                                                                                if                      0, off_2792
2780:   21010000                                                                                ck                      FG_STATUS, F_PLAYER, 0
2784:   881F01                                                                                  sce_item_ck_lost        ITEM_SMALLKEY, 1
2787:   00                                                                                      nop
2788:   2B000D0000FF                                                                            message_on              0, ID_MSG_13, 0, 0, 255
278E:   07000C00                                                                                else                    0, off_279A

off_2792:
2792:   2B000E0000FF                                                                            message_on              0, ID_MSG_14, 0, 0, 255
2798:   00                                                                                      nop
2799:   00                                                                                      nop

off_279A:
279A:   02                                                                                      evt_next
279B:   22042201                                                                                set                     FG_COMMON, 34, 1
279F:   00                                                                                      nop
27A0:   360225010100000000000000                                                                se_on                   2, 293, 1, 0, 0, 0
27AC:   1807                                                                                    gosub                   main_07
27AE:   07001C00                                                                                else                    0, off_27CA

off_27B2:
27B2:   360405010100000000000000                                                                se_on                   4, 261, 1, 0, 0, 0
27BE:   46170531FF0018060000                                                                    aot_reset               ID_AOT_23, SCE_EVENT, SAT_PL | SAT_MANUAL | SAT_FRONT, 255, 0, I_GOSUB, main_06, 0, 0
27C8:   00                                                                                      nop
27C9:   00                                                                                      nop

off_27CA:
27CA:   07002400                                                                                else                    0, off_27EE

off_27CE:
27CE:   46170531FF0018060000                                                                    aot_reset               ID_AOT_23, SCE_EVENT, SAT_PL | SAT_MANUAL | SAT_FRONT, 255, 0, I_GOSUB, main_06, 0, 0
27D8:   2B00000000FF                                                                            message_on              0, ID_MSG_0, 0, 0, 255
27DE:   360216010100000000000000                                                                se_on                   2, 278, 1, 0, 0, 0
27EA:   02                                                                                      evt_next
27EB:   00                                                                                      nop
27EC:   00                                                                                      nop
27ED:   00                                                                                      nop

off_27EE:
27EE:   22020700                                                                                set                     FG_STOP, 7, 0
27F2:   0100                                                                                    evt_end                 0

.proc main_07
27F4:   220F0201                                                                                set                     FG_PBF02, 2, 1
27F8:   8C00504637000D00                                                                        nop_8c                  0, 80, 70, 55, 0, 13, 0
2800:   8B7805004300                                                                            nop_8b                  120, 5, 0, 67, 0
2806:   090A1100                                                                                sleep                   10, 17
280A:   2E0402                                                                                  work_set                WK_OBJECT, ID_OBJ_2
280D:   00                                                                                      nop
280E:   2F020000                                                                                speed_set               2, 0
2812:   2F08ECFF                                                                                speed_set               8, -20
2816:   36020A010402000000000000                                                                se_on                   2, 266, 516, 0, 0, 0
2822:   0D0006000300                                                                            for                     0, off_282E, 3
2828:   30                                                                                      add_speed
2829:   31                                                                                      add_aspeed
282A:   02                                                                                      evt_next
282B:   00                                                                                      nop
282C:   0E00                                                                                    next                    0

off_282E:
282E:   0D0004002D00                                                                            for                     0, off_2838, 45
2834:   30                                                                                      add_speed
2835:   02                                                                                      evt_next
2836:   0E00                                                                                    next                    0

off_2838:
2838:   46170000000000000000                                                                    aot_reset               ID_AOT_23, SCE_AUTO, SAT_AUTO, 0, 0, 0, 0, 0, 0
2842:   3200204E204E204E                                                                        pos_set                 0, 20000, 20000, 20000
284A:   220F0200                                                                                set                     FG_PBF02, 2, 0
284E:   37000000                                                                                sca_id_set              0, 0, 0
2852:   0100                                                                                    evt_end                 0

.proc main_08
2854:   22020701                                                                                set                     FG_STOP, 7, 1
2858:   46180000000000000000                                                                    aot_reset               ID_AOT_24, SCE_AUTO, SAT_AUTO, 0, 0, 0, 0, 0, 0
2862:   2B00040000FF                                                                            message_on              0, ID_MSG_4, 0, 0, 255
2868:   02                                                                                      evt_next
2869:   00                                                                                      nop
286A:   06001600                                                                                if                      0, off_2884
286E:   210B1F00                                                                                ck                      FG_MESSAGE, F_QUESTION, 0
2872:   360406010100000000000000                                                                se_on                   4, 262, 1, 0, 0, 0
287E:   1809                                                                                    gosub                   main_09
2880:   07001C00                                                                                else                    0, off_289C

off_2884:
2884:   360405010100000000000000                                                                se_on                   4, 261, 1, 0, 0, 0
2890:   46180531FF0018080000                                                                    aot_reset               ID_AOT_24, SCE_EVENT, SAT_PL | SAT_MANUAL | SAT_FRONT, 255, 0, I_GOSUB, main_08, 0, 0
289A:   00                                                                                      nop
289B:   00                                                                                      nop

off_289C:
289C:   22020700                                                                                set                     FG_STOP, 7, 0
28A0:   0100                                                                                    evt_end                 0

.proc main_09
28A2:   46180000000000000000                                                                    aot_reset               ID_AOT_24, SCE_AUTO, SAT_AUTO, 0, 0, 0, 0, 0, 0
28AC:   06000E00                                                                                if                      0, off_28BE
28B0:   21043401                                                                                ck                      FG_COMMON, 52, 1
28B4:   21044D00                                                                                ck                      FG_COMMON, 77, 0
28B8:   22010301                                                                                set                     FG_STATUS, 3, 1
28BC:   08                                                                                      endif
28BD:   00                                                                                      nop

off_28BE:
28BE:   4715                                                                                    aot_on                  ID_AOT_21
28C0:   0100                                                                                    evt_end                 0

.proc main_0A
28C2:   22020701                                                                                set                     FG_STOP, 7, 1
28C6:   46190000000000000000                                                                    aot_reset               ID_AOT_25, SCE_AUTO, SAT_AUTO, 0, 0, 0, 0, 0, 0
28D0:   2B00030000FF                                                                            message_on              0, ID_MSG_3, 0, 0, 255
28D6:   02                                                                                      evt_next
28D7:   00                                                                                      nop
28D8:   06001600                                                                                if                      0, off_28F2
28DC:   210B1F00                                                                                ck                      FG_MESSAGE, F_QUESTION, 0
28E0:   360406010100000000000000                                                                se_on                   4, 262, 1, 0, 0, 0
28EC:   180B                                                                                    gosub                   main_0B
28EE:   07001C00                                                                                else                    0, off_290A

off_28F2:
28F2:   360405010100000000000000                                                                se_on                   4, 261, 1, 0, 0, 0
28FE:   46190531FF00180A0000                                                                    aot_reset               ID_AOT_25, SCE_EVENT, SAT_PL | SAT_MANUAL | SAT_FRONT, 255, 0, I_GOSUB, main_0A, 0, 0
2908:   00                                                                                      nop
2909:   00                                                                                      nop

off_290A:
290A:   22020700                                                                                set                     FG_STOP, 7, 0
290E:   0100                                                                                    evt_end                 0

.proc main_0B
2910:   46190000000000000000                                                                    aot_reset               ID_AOT_25, SCE_AUTO, SAT_AUTO, 0, 0, 0, 0, 0, 0
291A:   22010300                                                                                set                     FG_STATUS, 3, 0
291E:   510002000140                                                                            sce_bgm_control         BGM_CHANNEL_MAIN, BGM_OP_STOP, BGM_TYPE_MAIN_VOL, 1, 64
2924:   4714                                                                                    aot_on                  ID_AOT_20
2926:   0100                                                                                    evt_end                 0

.proc main_0C
2928:   02                                                                                      evt_next

off_2929:
2929:   2E0100                                                                                  work_set                WK_PLAYER, 0
292C:   06002C00                                                                                if                      0, off_295C
2930:   3E0011000000                                                                            member_cmp              0, 17, 0, 0, 0
2936:   06000E00                                                                                if                      0, off_2948
293A:   21050200                                                                                ck                      FG_ROOM, 2, 0
293E:   22050201                                                                                set                     FG_ROOM, 2, 1
2942:   04FF180D                                                                                evt_exec                255, I_GOSUB, main_0D
2946:   08                                                                                      endif
2947:   00                                                                                      nop

off_2948:
2948:   22020200                                                                                set                     FG_STOP, 2, 0
294C:   22020101                                                                                set                     FG_STOP, 1, 1
2950:   22098401                                                                                set                     FG_MAP, 132, 1
2954:   22230801                                                                                set                     35, 8, 1
2958:   07001E00                                                                                else                    0, off_2976

off_295C:
295C:   22050001                                                                                set                     FG_ROOM, 0, 1
2960:   22050200                                                                                set                     FG_ROOM, 2, 0
2964:   22020201                                                                                set                     FG_STOP, 2, 1
2968:   22020100                                                                                set                     FG_STOP, 1, 0
296C:   22098301                                                                                set                     FG_MAP, 131, 1
2970:   22230701                                                                                set                     35, 7, 1
2974:   00                                                                                      nop
2975:   00                                                                                      nop

off_2976:
2976:   02                                                                                      evt_next
2977:   00                                                                                      nop
2978:   17FFFF00B1FF                                                                            goto                    255, 255, 0, off_2929
297E:   0100                                                                                    evt_end                 0

.proc main_0D
2980:   0F04BC00                                                                                while                   4, off_2A40
2984:   21050201                                                                                ck                      FG_ROOM, 2, 1
2988:   25041D                                                                                  copy                    V_04, V_RNG
298B:   00                                                                                      nop
298C:   251004                                                                                  copy                    V_TEMP, V_04
298F:   00                                                                                      nop
2990:   26000610FF1F                                                                            calc                    0, OP_AND, V_TEMP, 8191
2996:   250410                                                                                  copy                    V_04, V_TEMP
2999:   00                                                                                      nop
299A:   251004                                                                                  copy                    V_TEMP, V_04
299D:   00                                                                                      nop
299E:   26000110F055                                                                            calc                    0, OP_SUB, V_TEMP, 22000
29A4:   250410                                                                                  copy                    V_04, V_TEMP
29A7:   00                                                                                      nop
29A8:   28                                                                                      sce_rnd
29A9:   00                                                                                      nop
29AA:   25051D                                                                                  copy                    V_05, V_RNG
29AD:   00                                                                                      nop
29AE:   251005                                                                                  copy                    V_TEMP, V_05
29B1:   00                                                                                      nop
29B2:   26000610FF1F                                                                            calc                    0, OP_AND, V_TEMP, 8191
29B8:   250510                                                                                  copy                    V_05, V_TEMP
29BB:   00                                                                                      nop
29BC:   251005                                                                                  copy                    V_TEMP, V_05
29BF:   00                                                                                      nop
29C0:   26000110F055                                                                            calc                    0, OP_SUB, V_TEMP, 22000
29C6:   250510                                                                                  copy                    V_05, V_TEMP
29C9:   00                                                                                      nop
29CA:   1D051001                                                                                work_copy               5, 16, 1
29CE:   1D040801                                                                                work_copy               4, 8, 1
29D2:   3A0000150000000800006CEE00000000                                                        sce_espr_on             0, 5376, 0, 2048, 0, -4500, 0, 0
29E2:   090A1E00                                                                                sleep                   10, 30
29E6:   1D050E01                                                                                work_copy               5, 14, 1
29EA:   1D040601                                                                                work_copy               4, 6, 1
29EE:   36020B01000000006CEE0000                                                                se_on                   2, 267, 0, 0, -4500, 0
29FA:   25051D                                                                                  copy                    V_05, V_RNG
29FD:   00                                                                                      nop
29FE:   06002200                                                                                if                      0, off_2A24
2A02:   230005020000                                                                            cmp                     0, V_05, CMP_GE, 0
2A08:   06000E00                                                                                if                      0, off_2A1A
2A0C:   23000502983A                                                                            cmp                     0, V_05, CMP_GE, 15000
2A12:   090A1400                                                                                sleep                   10, 20
2A16:   07000A00                                                                                else                    0, off_2A20

off_2A1A:
2A1A:   090A2800                                                                                sleep                   10, 40
2A1E:   00                                                                                      nop
2A1F:   00                                                                                      nop

off_2A20:
2A20:   07001E00                                                                                else                    0, off_2A3E

off_2A24:
2A24:   06000E00                                                                                if                      0, off_2A36
2A28:   2300050268C5                                                                            cmp                     0, V_05, CMP_GE, -15000
2A2E:   090A1900                                                                                sleep                   10, 25
2A32:   07000A00                                                                                else                    0, off_2A3C

off_2A36:
2A36:   090A0F00                                                                                sleep                   10, 15
2A3A:   00                                                                                      nop
2A3B:   00                                                                                      nop

off_2A3C:
2A3C:   00                                                                                      nop
2A3D:   00                                                                                      nop

off_2A3E:
2A3E:   1000                                                                                    ewhile                  0

off_2A40:
2A40:   0100                                                                                    evt_end                 0

.proc main_0E
2A42:   22020701                                                                                set                     FG_STOP, 7, 1
2A46:   4601013151A8F8F872C5                                                                    aot_reset               ID_AOT_1, SCE_DOOR, SAT_PL | SAT_MANUAL | SAT_FRONT, 81, 168, 248, 248, 114, 197
2A50:   22010300                                                                                set                     FG_STATUS, 3, 0
2A54:   4701                                                                                    aot_on                  ID_AOT_1
2A56:   22020700                                                                                set                     FG_STOP, 7, 0
2A5A:   0100                                                                                    evt_end                 0

.proc main_0F
2A5C:   22020701                                                                                set                     FG_STOP, 7, 1
2A60:   46020131A69BD8DC15C4                                                                    aot_reset               ID_AOT_2, SCE_DOOR, SAT_PL | SAT_MANUAL | SAT_FRONT, 166, 155, 216, 220, 21, 196
2A6A:   22010300                                                                                set                     FG_STATUS, 3, 0
2A6E:   4702                                                                                    aot_on                  ID_AOT_2
2A70:   22020700                                                                                set                     FG_STOP, 7, 0
2A74:   0100                                                                                    evt_end                 0

.proc main_10
2A76:   22020701                                                                                set                     FG_STOP, 7, 1
2A7A:   220F0401                                                                                set                     FG_PBF02, 4, 1
2A7E:   04FF1811                                                                                evt_exec                255, I_GOSUB, main_11
2A82:   04FF1812                                                                                evt_exec                255, I_GOSUB, main_12
2A86:   06000E00                                                                                if                      0, off_2A98
2A8A:   21043401                                                                                ck                      FG_COMMON, 52, 1
2A8E:   21044D00                                                                                ck                      FG_COMMON, 77, 0
2A92:   04FF1813                                                                                evt_exec                255, I_GOSUB, main_13
2A96:   08                                                                                      endif
2A97:   00                                                                                      nop

off_2A98:
2A98:   090A5A00                                                                                sleep                   10, 90
2A9C:   22050500                                                                                set                     FG_ROOM, 5, 0
2AA0:   22020700                                                                                set                     FG_STOP, 7, 0
2AA4:   220F0400                                                                                set                     FG_PBF02, 4, 0
2AA8:   0100                                                                                    evt_end                 0

.proc main_11
2AAA:   2E0403                                                                                  work_set                WK_OBJECT, ID_OBJ_3
2AAD:   00                                                                                      nop
2AAE:   340C40ED                                                                                member_set              M_Y_POS, -4800
2AB2:   2F01D8FF                                                                                speed_set               1, -40
2AB6:   0D0004000200                                                                            for                     0, off_2AC0, 2
2ABC:   30                                                                                      add_speed
2ABD:   02                                                                                      evt_next
2ABE:   0E00                                                                                    next                    0

off_2AC0:
2AC0:   8B645A000000                                                                            nop_8b                  100, 90, 0, 0, 0
2AC6:   8C00A05014005700                                                                        nop_8c                  0, 160, 80, 20, 0, 87, 0
2ACE:   8A0003005500                                                                            nop_8a                  0, 3, 0, 85, 0
2AD4:   360001000000000000000000                                                                se_on                   0, 1, 0, 0, 0, 0
2AE0:   0D0004000800                                                                            for                     0, off_2AEA, 8
2AE6:   30                                                                                      add_speed
2AE7:   02                                                                                      evt_next
2AE8:   0E00                                                                                    next                    0

off_2AEA:
2AEA:   2F01DDFF                                                                                speed_set               1, -35
2AEE:   0D0004001400                                                                            for                     0, off_2AF8, 20
2AF4:   30                                                                                      add_speed
2AF5:   02                                                                                      evt_next
2AF6:   0E00                                                                                    next                    0

off_2AF8:
2AF8:   2F01E2FF                                                                                speed_set               1, -30
2AFC:   0D0004000F00                                                                            for                     0, off_2B06, 15
2B02:   30                                                                                      add_speed
2B03:   02                                                                                      evt_next
2B04:   0E00                                                                                    next                    0

off_2B06:
2B06:   2F01E7FF                                                                                speed_set               1, -25
2B0A:   0D0004000F00                                                                            for                     0, off_2B14, 15
2B10:   30                                                                                      add_speed
2B11:   02                                                                                      evt_next
2B12:   0E00                                                                                    next                    0

off_2B14:
2B14:   2F01ECFF                                                                                speed_set               1, -20
2B18:   0D0004000F00                                                                            for                     0, off_2B22, 15
2B1E:   30                                                                                      add_speed
2B1F:   02                                                                                      evt_next
2B20:   0E00                                                                                    next                    0

off_2B22:
2B22:   2F01F1FF                                                                                speed_set               1, -15
2B26:   0D0004000A00                                                                            for                     0, off_2B30, 10
2B2C:   30                                                                                      add_speed
2B2D:   02                                                                                      evt_next
2B2E:   0E00                                                                                    next                    0

off_2B30:
2B30:   3D100C                                                                                  member_copy             V_TEMP, M_Y_POS
2B33:   00                                                                                      nop
2B34:   260000100A00                                                                            calc                    0, OP_ADD, V_TEMP, 10
2B3A:   350C10                                                                                  member_set2             M_Y_POS, V_TEMP
2B3D:   00                                                                                      nop
2B3E:   090A0500                                                                                sleep                   10, 5
2B42:   3D100C                                                                                  member_copy             V_TEMP, M_Y_POS
2B45:   00                                                                                      nop
2B46:   260001102300                                                                            calc                    0, OP_SUB, V_TEMP, 35
2B4C:   350C10                                                                                  member_set2             M_Y_POS, V_TEMP
2B4F:   00                                                                                      nop
2B50:   0100                                                                                    evt_end                 0

.proc main_12
2B52:   2E0100                                                                                  work_set                WK_PLAYER, 0
2B55:   00                                                                                      nop
2B56:   3200C3CA40ED3BCD                                                                        pos_set                 0, -13629, -4800, -12997
2B5E:   340F0008                                                                                member_set              M_Y_DIR, 2048
2B62:   3D1000                                                                                  member_copy             V_TEMP, M_POINTER
2B65:   00                                                                                      nop
2B66:   260005100004                                                                            calc                    0, OP_OR, V_TEMP, 1024
2B6C:   350010                                                                                  member_set2             M_POINTER, V_TEMP
2B6F:   00                                                                                      nop
2B70:   1814                                                                                    gosub                   main_14
2B72:   3D1000                                                                                  member_copy             V_TEMP, M_POINTER
2B75:   00                                                                                      nop
2B76:   26000610FFFB                                                                            calc                    0, OP_AND, V_TEMP, -1025
2B7C:   350010                                                                                  member_set2             M_POINTER, V_TEMP
2B7F:   00                                                                                      nop
2B80:   0100                                                                                    evt_end                 0

.proc main_13
2B82:   2E0200                                                                                  work_set                WK_SPLAYER, 0
2B85:   00                                                                                      nop
2B86:   3200DBCB40ED4BCA                                                                        pos_set                 0, -13349, -4800, -13749
2B8E:   340F0008                                                                                member_set              M_Y_DIR, 2048
2B92:   3D1000                                                                                  member_copy             V_TEMP, M_POINTER
2B95:   00                                                                                      nop
2B96:   260005100004                                                                            calc                    0, OP_OR, V_TEMP, 1024
2B9C:   350010                                                                                  member_set2             M_POINTER, V_TEMP
2B9F:   00                                                                                      nop
2BA0:   1814                                                                                    gosub                   main_14
2BA2:   3D1000                                                                                  member_copy             V_TEMP, M_POINTER
2BA5:   00                                                                                      nop
2BA6:   26000610FFFB                                                                            calc                    0, OP_AND, V_TEMP, -1025
2BAC:   350010                                                                                  member_set2             M_POINTER, V_TEMP
2BAF:   00                                                                                      nop
2BB0:   0100                                                                                    evt_end                 0

.proc main_14
2BB2:   2F01D8FF                                                                                speed_set               1, -40
2BB6:   0D0004000A00                                                                            for                     0, off_2BC0, 10
2BBC:   30                                                                                      add_speed
2BBD:   02                                                                                      evt_next
2BBE:   0E00                                                                                    next                    0

off_2BC0:
2BC0:   2F01DDFF                                                                                speed_set               1, -35
2BC4:   0D0004001400                                                                            for                     0, off_2BCE, 20
2BCA:   30                                                                                      add_speed
2BCB:   02                                                                                      evt_next
2BCC:   0E00                                                                                    next                    0

off_2BCE:
2BCE:   2F01E2FF                                                                                speed_set               1, -30
2BD2:   0D0004000F00                                                                            for                     0, off_2BDC, 15
2BD8:   30                                                                                      add_speed
2BD9:   02                                                                                      evt_next
2BDA:   0E00                                                                                    next                    0

off_2BDC:
2BDC:   2F01E7FF                                                                                speed_set               1, -25
2BE0:   0D0004000F00                                                                            for                     0, off_2BEA, 15
2BE6:   30                                                                                      add_speed
2BE7:   02                                                                                      evt_next
2BE8:   0E00                                                                                    next                    0

off_2BEA:
2BEA:   2F01ECFF                                                                                speed_set               1, -20
2BEE:   0D0004000F00                                                                            for                     0, off_2BF8, 15
2BF4:   30                                                                                      add_speed
2BF5:   02                                                                                      evt_next
2BF6:   0E00                                                                                    next                    0

off_2BF8:
2BF8:   2F01F1FF                                                                                speed_set               1, -15
2BFC:   0D0004000A00                                                                            for                     0, off_2C06, 10
2C02:   30                                                                                      add_speed
2C03:   02                                                                                      evt_next
2C04:   0E00                                                                                    next                    0

off_2C06:
2C06:   3D100C                                                                                  member_copy             V_TEMP, M_Y_POS
2C09:   00                                                                                      nop
2C0A:   260000100A00                                                                            calc                    0, OP_ADD, V_TEMP, 10
2C10:   350C10                                                                                  member_set2             M_Y_POS, V_TEMP
2C13:   00                                                                                      nop
2C14:   090A0500                                                                                sleep                   10, 5
2C18:   3D100C                                                                                  member_copy             V_TEMP, M_Y_POS
2C1B:   00                                                                                      nop
2C1C:   260001102300                                                                            calc                    0, OP_SUB, V_TEMP, 35
2C22:   350C10                                                                                  member_set2             M_Y_POS, V_TEMP
2C25:   00                                                                                      nop
2C26:   0100                                                                                    evt_end                 0
