.version 2

.init
.proc init
0846:   3B01013100000DB84E938412DE032BE100001FA82805020403001F0100000000                        door_aot_se             1, SCE_DOOR, SAT_PL | SAT_MANUAL | SAT_FRONT, 0, 0, -18419, -27826, 4740, 990, -7893, 0, -22497, 1320, 2, 4, 3, 0, 31, 1, 0, 0, UNLOCKED, 0
0866:   3B0201310100359502DA2E096E0551B1E0E30EA7300C03030004060100000000                        door_aot_se             2, SCE_DOOR, SAT_PL | SAT_MANUAL | SAT_FRONT, 1, 0, -27339, -9726, 2350, 1390, -20143, -7200, -22770, 3120, 3, 3, 0, 4, 6, 1, 0, 0, UNLOCKED, 0
0886:   0100                                                                                    evt_end                 0

.main
.proc main
0894:   1802                                                                                    gosub                   main_02
0896:   1805                                                                                    gosub                   main_05
0898:   06004800                                                                                if                      0, off_08E4
089C:   21010101                                                                                ck                      FG_GAME, F_SCENARIO, 1
08A0:   4400001F06000024000592BB000055B3930000000000                                            sce_em_set              0, 0, ENEMY_ZOMBIE_RANDOM, 6, 0, 0, 36, 0, 5, -17518, 0, -19627, 147, 0, 0
08B6:   4400011F00000024000648C600005AA5530900000000                                            sce_em_set              0, 1, ENEMY_ZOMBIE_RANDOM, 0, 0, 0, 36, 0, 6, -14776, 0, -23206, 2387, 0, 0
08CC:   4400021F000000240007B2C000001DE8BF0300000000                                            sce_em_set              0, 2, ENEMY_ZOMBIE_RANDOM, 0, 0, 0, 36, 0, 7, -16206, 0, -6115, 959, 0, 0
08E2:   08                                                                                      endif
08E3:   00                                                                                      nop

off_08E4:
08E4:   0100                                                                                    evt_end                 0

.proc aot
08E6:   1804                                                                                    gosub                   main_04
08E8:   0100                                                                                    evt_end                 0

.proc main_02
08EA:   5D02                                                                                    mizu_div_set            2
08EC:   2D0001820404000005000A001A0095B944FD2A94000000000000000000000000000000000000            obj_model_set           0, 1, 130, 4, 4, 0, 5, 10, 26, -18027, -700, -27606, 0, 0, 0, 0, 0, 0, 0, 0, 0, 0, 0
0912:   2C00074F0000BBB8CF949411485844FD00000000                                                aot_set                 0, SCE_WATER, SAT_PL | SAT_EM | SAT_SPL | SAT_OB | SAT_UNDER, 0, 0, -18245, -27441, 4500, 22600, 68, 253, 0, 0, 0, 0
0926:   2C050431000011B8BFE81013080700000000FFFF                                                aot_set                 5, SCE_MESSAGE, SAT_PL | SAT_MANUAL | SAT_FRONT, 0, 0, -18415, -5953, 4880, 1800, 0, 0, 0, 0, 255, 255
093A:   3A001C010000001078BAA0F68CBF0000                                                        sce_espr_on             0, 284, 0, 4096, -17800, -2400, -16500, 0
094A:   3A001C0100000010DCBAA0F690E80000                                                        sce_espr_on             0, 284, 0, 4096, -17700, -2400, -6000, 0
095A:   1803                                                                                    gosub                   main_03
095C:   2404FF00                                                                                save                    V_04, 255
0960:   510000016440                                                                            sce_bgm_control         0, 0, 1, 100, 64
0966:   0100                                                                                    evt_end                 0

.proc main_03
0968:   3A0022000000001014C02EF067980000                                                        sce_espr_on             0, 34, 0, 4096, -16364, -4050, -26521, 0
0978:   3A0022000000001080C198EF67980000                                                        sce_espr_on             0, 34, 0, 4096, -16000, -4200, -26521, 0
0988:   3A0022000000001048C260F067980000                                                        sce_espr_on             0, 34, 0, 4096, -15800, -4000, -26521, 0
0998:   3A002200000000100FAF46ECAFD20000                                                        sce_espr_on             0, 34, 0, 4096, -20721, -5050, -11601, 0
09A8:   3A00220000000010A8B2B0EBAFD20000                                                        sce_espr_on             0, 34, 0, 4096, -19800, -5200, -11601, 0
09B8:   3A00220000000010C0AE78ECAFD20000                                                        sce_espr_on             0, 34, 0, 4096, -20800, -5000, -11601, 0
09C8:   3A002200000000106C9A46EC3DD20000                                                        sce_espr_on             0, 34, 0, 4096, -26004, -5050, -11715, 0
09D8:   3A002200000000104099B0EB3DD20000                                                        sce_espr_on             0, 34, 0, 4096, -26304, -5200, -11715, 0
09E8:   3A00220000000010B49778EC3DD20000                                                        sce_espr_on             0, 34, 0, 4096, -26700, -5000, -11715, 0
09F8:   0100                                                                                    evt_end                 0

.proc main_04
09FA:   06009800                                                                                if                      0, off_0A96
09FE:   1D040401                                                                                work_copy               4, 4, 1
0A02:   23001A050000                                                                            cmp                     0, V_CUT, CMP_NE, 0
0A08:   25041A                                                                                  copy                    V_04, V_CUT
0A0B:   00                                                                                      nop
0A0C:   131A8400                                                                                switch                  26, off_0A94
0A10:   140014000000                                                                            case                    0, off_0A2A, 0
0A16:   510000015A40                                                                            sce_bgm_control         0, 0, 1, 90, 64
0A1C:   510000023C5A                                                                            sce_bgm_control         0, 0, 2, 60, 90
0A22:   510000030040                                                                            sce_bgm_control         0, 0, 3, 0, 64
0A28:   1A00                                                                                    break                   0

off_0A2A:
0A2A:   140014000100                                                                            case                    0, off_0A44, 1
0A30:   510000015A40                                                                            sce_bgm_control         0, 0, 1, 90, 64
0A36:   510000024640                                                                            sce_bgm_control         0, 0, 2, 70, 64
0A3C:   510000030040                                                                            sce_bgm_control         0, 0, 3, 0, 64
0A42:   1A00                                                                                    break                   0

off_0A44:
0A44:   140014000200                                                                            case                    0, off_0A5E, 2
0A4A:   510000015A40                                                                            sce_bgm_control         0, 0, 1, 90, 64
0A50:   51000002641E                                                                            sce_bgm_control         0, 0, 2, 100, 30
0A56:   510000030040                                                                            sce_bgm_control         0, 0, 3, 0, 64
0A5C:   1A00                                                                                    break                   0

off_0A5E:
0A5E:   140014000300                                                                            case                    0, off_0A78, 3
0A64:   510000015A40                                                                            sce_bgm_control         0, 0, 1, 90, 64
0A6A:   510000026428                                                                            sce_bgm_control         0, 0, 2, 100, 40
0A70:   510000030040                                                                            sce_bgm_control         0, 0, 3, 0, 64
0A76:   1A00                                                                                    break                   0

off_0A78:
0A78:   140014000400                                                                            case                    0, off_0A92, 4
0A7E:   510000014640                                                                            sce_bgm_control         0, 0, 1, 70, 64
0A84:   510000024640                                                                            sce_bgm_control         0, 0, 2, 70, 64
0A8A:   510000030040                                                                            sce_bgm_control         0, 0, 3, 0, 64
0A90:   1A00                                                                                    break                   0

off_0A92:
0A92:   1600                                                                                    eswitch                 0

off_0A94:
0A94:   08                                                                                      endif
0A95:   00                                                                                      nop

off_0A96:
0A96:   0100                                                                                    evt_end                 0

.proc main_05
0A98:   06005E00                                                                                if                      0, off_0AFA
0A9C:   21010301                                                                                ck                      FG_GAME, 3, 1
0AA0:   06002000                                                                                if                      0, off_0AC4
0AA4:   23001B000403                                                                            cmp                     0, V_LAST_RDT, CMP_EQ, 772
0AAA:   4400FF450004002000FF41C40000729A380B00000000                                            sce_em_set              0, 255, ENEMY_SHERRY_PENDANT, 0, 4, 0, 32, 0, 255, -15295, 0, -25998, 2872, 0, 0
0AC0:   07001C00                                                                                else                    0, off_0ADC

off_0AC4:
0AC4:   4400FF450004012000FFBD99F8F856DAF90000000000                                            sce_em_set              0, 255, ENEMY_SHERRY_PENDANT, 0, 4, 1, 32, 0, 255, -26179, -1800, -9642, 249, 0, 0
0ADA:   00                                                                                      nop
0ADB:   00                                                                                      nop

off_0ADC:
0ADC:   06001800                                                                                if                      0, off_0AF8
0AE0:   21010101                                                                                ck                      FG_GAME, F_SCENARIO, 1
0AE4:   2E0200                                                                                  work_set                WK_SPLAYER, 0
0AE7:   00                                                                                      nop
0AE8:   3D1007                                                                                  member_copy             V_TEMP, 7
0AEB:   00                                                                                      nop
0AEC:   260005100008                                                                            calc                    0, OP_OR, V_TEMP, 2048
0AF2:   350710                                                                                  member_set2             7, V_TEMP
0AF5:   00                                                                                      nop
0AF6:   08                                                                                      endif
0AF7:   00                                                                                      nop

off_0AF8:
0AF8:   08                                                                                      endif
0AF9:   00                                                                                      nop

off_0AFA:
0AFA:   0100                                                                                    evt_end                 0
