.version 2

.init
.proc init
21C2:   3B0001310400BBAC9F9F8007FA05839BF8F880DA000403020401060000000000                        door_aot_se             0, SCE_DOOR, SAT_PL | SAT_MANUAL | SAT_FRONT, 4, 0, -21317, -24673, 1920, 1530, -25725, -1800, -9600, 1024, 3, 2, 4, 1, 6, 0, 0, 0, UNLOCKED, 0
21E2:   3B040131040000000000010001004A93000058B7000003030400160500000000                        door_aot_se             4, SCE_DOOR, SAT_PL | SAT_MANUAL | SAT_FRONT, 4, 0, 0, 0, 1, 1, -27830, 0, -18600, 0, 3, 3, 4, 0, 22, 5, 0, 0, UNLOCKED, 0
2202:   3B050131040000000000010001004A93000058B7000003030800160500000000                        door_aot_se             5, SCE_DOOR, SAT_PL | SAT_MANUAL | SAT_FRONT, 4, 0, 0, 0, 1, 1, -27830, 0, -18600, 0, 3, 3, 8, 0, 22, 5, 0, 0, UNLOCKED, 0
2222:   3B06013100000000000001000100A092E0E38AB7000003030204160400000000                        door_aot_se             6, SCE_DOOR, SAT_PL | SAT_MANUAL | SAT_FRONT, 0, 0, 0, 0, 1, 1, -28000, -7200, -18550, 0, 3, 3, 2, 4, 22, 4, 0, 0, UNLOCKED, 0
2242:   3B010151040011964496A40626074ACF0000C2FC000403040200280500000000                        door_aot_se             1, SCE_DOOR, SAT_PL | SAT_MANUAL | SAT_UNDER, 4, 0, -27119, -27068, 1700, 1830, -12470, 0, -830, 1024, 3, 4, 2, 0, 40, 5, 0, 0, UNLOCKED, 0
2262:   2D0000000000040000000A001000CECD04DE7CCA000000080000000000000000000000000000            obj_model_set           0, 0, 0, 0, 0, 4, 0, 10, 16, -12850, -8700, -13700, 0, 2048, 0, 0, 0, 0, 0, 0, 0, 0, 0
2288:   2C020A31040075C734C5E20E5609000001000000                                                aot_set                 2, SCE_ITEMBOX, SAT_PL | SAT_MANUAL | SAT_FRONT, 4, 0, -14475, -15052, 3810, 2390, 0, 0, 1, 0, 0, 0
229C:   2C0D0931040039C7F2BD9808DC05060000000000                                                aot_set                 13, SCE_SAVE, SAT_PL | SAT_MANUAL | SAT_FRONT, 4, 0, -14535, -16910, 2200, 1500, 6, 0, 0, 0, 0, 0
22B0:   0100                                                                                    evt_end                 0

.main
.proc main
22E8:   2E0100                                                                                  work_set                WK_PLAYER, 0
22EB:   00                                                                                      nop
22EC:   0600BE00                                                                                if                      0, off_23AE
22F0:   3E0011000400                                                                            member_cmp              0, 17, 0, 4, 0
22F6:   1816                                                                                    gosub                   main_16
22F8:   1817                                                                                    gosub                   main_17
22FA:   2C0705310400938A74AD42090807FF0018020000                                                aot_set                 7, SCE_EVENT, SAT_PL | SAT_MANUAL | SAT_FRONT, 4, 0, -30061, -21132, 2370, 1800, 255, 0, I_GOSUB, main_02, 0, 0
230E:   2C0C05310400DF8E88B24209F00AFF0018080000                                                aot_set                 12, SCE_EVENT, SAT_PL | SAT_MANUAL | SAT_FRONT, 4, 0, -28961, -19832, 2370, 2800, 255, 0, I_GOSUB, main_08, 0, 0
2322:   2C1E04310400B3A5A3960807F00A07000000FFFF                                                aot_set                 30, SCE_MESSAGE, SAT_PL | SAT_MANUAL | SAT_FRONT, 4, 0, -23117, -26973, 1800, 2800, 7, 0, 0, 0, 255, 255
2336:   2C1F04310400E1C455A508079C1805000000FFFF                                                aot_set                 31, SCE_MESSAGE, SAT_PL | SAT_MANUAL | SAT_FRONT, 4, 0, -15135, -23211, 1800, 6300, 5, 0, 0, 0, 255, 255
234A:   06000C00                                                                                if                      0, off_235A
234E:   23001B000404                                                                            cmp                     0, V_LAST_RDT, CMP_EQ, 1028
2354:   04FF1809                                                                                evt_exec                255, I_GOSUB, main_09
2358:   08                                                                                      endif
2359:   00                                                                                      nop

off_235A:
235A:   06000E00                                                                                if                      0, off_236C
235E:   2104A101                                                                                ck                      FG_GENERAL_1, 161, 1
2362:   2E0402                                                                                  work_set                WK_OBJECT, 2
2365:   00                                                                                      nop
2366:   340D9CC3                                                                                member_set              13, 156, 195
236A:   08                                                                                      endif
236B:   00                                                                                      nop

off_236C:
236C:   06000E00                                                                                if                      0, off_237E
2370:   2104A201                                                                                ck                      FG_GENERAL_1, 162, 1
2374:   2E0402                                                                                  work_set                WK_OBJECT, 2
2377:   00                                                                                      nop
2378:   340DBCAD                                                                                member_set              13, 188, 173
237C:   08                                                                                      endif
237D:   00                                                                                      nop

off_237E:
237E:   06002000                                                                                if                      0, off_23A2
2382:   2104A301                                                                                ck                      FG_GENERAL_1, 163, 1
2386:   37140018                                                                                sca_id_set              20, 0, 24
238A:   460C0031000000000000                                                                    aot_reset               12, SCE_AUTO, SAT_PL | SAT_MANUAL | SAT_FRONT, 0, 0, 0, 0, 0, 0
2394:   2E0404                                                                                  work_set                WK_OBJECT, 4
2397:   00                                                                                      nop
2398:   3200008300830083                                                                        pos_set                 0, -32000, -32000, -32000
23A0:   08                                                                                      endif
23A1:   00                                                                                      nop

off_23A2:
23A2:   22098501                                                                                set                     FG_9, 133, 1
23A6:   22230701                                                                                set                     35, 7, 1
23AA:   07003000                                                                                else                    0, off_23DA

off_23AE:
23AE:   1818                                                                                    gosub                   main_18
23B0:   1819                                                                                    gosub                   main_19
23B2:   2C0705310000938A74AD42090807FF0018030000                                                aot_set                 7, SCE_EVENT, SAT_PL | SAT_MANUAL | SAT_FRONT, 0, 0, -30061, -21132, 2370, 1800, 255, 0, I_GOSUB, main_03, 0, 0
23C6:   37140018                                                                                sca_id_set              20, 0, 24
23CA:   22098601                                                                                set                     FG_9, 134, 1
23CE:   22230801                                                                                set                     35, 8, 1
23D2:   510002000000                                                                            sce_bgm_control         0, 2, 0, 0, 0
23D8:   00                                                                                      nop
23D9:   00                                                                                      nop

off_23DA:
23DA:   24040000                                                                                save                    V_04, 0
23DE:   24050000                                                                                save                    V_05, 0
23E2:   24060000                                                                                save                    V_06, 0
23E6:   24070000                                                                                save                    V_07, 0
23EA:   0100                                                                                    evt_end                 0

.proc aot
23EC:   1805                                                                                    gosub                   main_05
23EE:   1804                                                                                    gosub                   main_04
23F0:   180E                                                                                    gosub                   main_0E
23F2:   0100                                                                                    evt_end                 0

.proc main_02
23F4:   2B000100FFFF                                                                            message_on              0, 1, 0, 255, 255
23FA:   02                                                                                      evt_next
23FB:   00                                                                                      nop
23FC:   06002400                                                                                if                      0, off_2424
2400:   210B1F00                                                                                ck                      FG_INPUT, F_QUESTION, 0
2404:   22020701                                                                                set                     FG_STATE, 7, 1
2408:   3C00                                                                                    cut_auto                0
240A:   06000A00                                                                                if                      0, off_2418
240E:   21047C00                                                                                ck                      FG_GENERAL_1, 124, 0
2412:   4704                                                                                    aot_on                  4
2414:   07000800                                                                                else                    0, off_241C

off_2418:
2418:   4705                                                                                    aot_on                  5
241A:   00                                                                                      nop
241B:   00                                                                                      nop

off_241C:
241C:   3C01                                                                                    cut_auto                1
241E:   22020700                                                                                set                     FG_STATE, 7, 0
2422:   08                                                                                      endif
2423:   00                                                                                      nop

off_2424:
2424:   0100                                                                                    evt_end                 0

.proc main_03
2426:   2B000200FFFF                                                                            message_on              0, 2, 0, 255, 255
242C:   02                                                                                      evt_next
242D:   00                                                                                      nop
242E:   06001400                                                                                if                      0, off_2446
2432:   210B1F00                                                                                ck                      FG_INPUT, F_QUESTION, 0
2436:   22020701                                                                                set                     FG_STATE, 7, 1
243A:   3C00                                                                                    cut_auto                0
243C:   4706                                                                                    aot_on                  6
243E:   3C01                                                                                    cut_auto                1
2440:   22020700                                                                                set                     FG_STATE, 7, 0
2444:   08                                                                                      endif
2445:   00                                                                                      nop

off_2446:
2446:   0100                                                                                    evt_end                 0

.proc main_04
2448:   2E0100                                                                                  work_set                WK_PLAYER, 0
244B:   00                                                                                      nop
244C:   06000C00                                                                                if                      0, off_245C
2450:   3E000B03E0B1                                                                            member_cmp              0, 11, 3, 224, 177
2456:   1812                                                                                    gosub                   main_12
2458:   07000800                                                                                else                    0, off_2460

off_245C:
245C:   1813                                                                                    gosub                   main_13
245E:   00                                                                                      nop
245F:   00                                                                                      nop

off_2460:
2460:   0100                                                                                    evt_end                 0

.proc main_05
2462:   2E0402                                                                                  work_set                WK_OBJECT, 2
2465:   00                                                                                      nop
2466:   06001200                                                                                if                      0, off_247C
246A:   3E000D03A8B2                                                                            member_cmp              0, 13, 3, 168, 178
2470:   2204A201                                                                                set                     FG_GENERAL_1, 162, 1
2474:   371B0000                                                                                sca_id_set              27, 0, 0
2478:   07002A00                                                                                else                    0, off_24A2

off_247C:
247C:   06001200                                                                                if                      0, off_2492
2480:   3E000D01A4BB                                                                            member_cmp              0, 13, 1, 164, 187
2486:   2204A101                                                                                set                     FG_GENERAL_1, 161, 1
248A:   371B0000                                                                                sca_id_set              27, 0, 0
248E:   07001200                                                                                else                    0, off_24A0

off_2492:
2492:   2204A100                                                                                set                     FG_GENERAL_1, 161, 0
2496:   2204A200                                                                                set                     FG_GENERAL_1, 162, 0
249A:   371B0098                                                                                sca_id_set              27, 0, 152
249E:   00                                                                                      nop
249F:   00                                                                                      nop

off_24A0:
24A0:   00                                                                                      nop
24A1:   00                                                                                      nop

off_24A2:
24A2:   06002C00                                                                                if                      0, off_24D2
24A6:   2104A300                                                                                ck                      FG_GENERAL_1, 163, 0
24AA:   06001600                                                                                if                      0, off_24C4
24AE:   2104A100                                                                                ck                      FG_GENERAL_1, 161, 0
24B2:   2104A200                                                                                ck                      FG_GENERAL_1, 162, 0
24B6:   460C0031000000000000                                                                    aot_reset               12, SCE_AUTO, SAT_PL | SAT_MANUAL | SAT_FRONT, 0, 0, 0, 0, 0, 0
24C0:   07001000                                                                                else                    0, off_24D0

off_24C4:
24C4:   460C0531FF0018080000                                                                    aot_reset               12, SCE_EVENT, SAT_PL | SAT_MANUAL | SAT_FRONT, 255, 0, I_GOSUB, main_08, 0, 0
24CE:   00                                                                                      nop
24CF:   00                                                                                      nop

off_24D0:
24D0:   08                                                                                      endif
24D1:   00                                                                                      nop

off_24D2:
24D2:   0100                                                                                    evt_end                 0

.proc main_06
24D4:   22010300                                                                                set                     FG_GAME, 3, 0
24D8:   46000121629BF8F892D7                                                                    aot_reset               0, SCE_DOOR, SAT_PL | SAT_FRONT, 98, 155, 248, 248, 146, 215
24E2:   46080021000000000000                                                                    aot_reset               8, SCE_AUTO, SAT_PL | SAT_FRONT, 0, 0, 0, 0, 0, 0
24EC:   0100                                                                                    evt_end                 0

.proc main_07
24EE:   22010301                                                                                set                     FG_GAME, 3, 1
24F2:   460101411AD00000B8FB                                                                    aot_reset               1, SCE_DOOR, SAT_PL | SAT_UNDER, 26, 208, 0, 0, 184, 251
24FC:   0100                                                                                    evt_end                 0

.proc main_08
24FE:   2B000000FFFF                                                                            message_on              0, 0, 0, 255, 255
2504:   02                                                                                      evt_next
2505:   00                                                                                      nop
2506:   06008E00                                                                                if                      0, off_2598
250A:   210B1F00                                                                                ck                      FG_INPUT, F_QUESTION, 0
250E:   22020701                                                                                set                     FG_STATE, 7, 1
2512:   22011B01                                                                                set                     FG_GAME, 27, 1
2516:   36020B00000044CB1CF334BD                                                                se_on                   2, 11, 0, -13500, -3300, -17100
2522:   2E0404                                                                                  work_set                WK_OBJECT, 4
2525:   00                                                                                      nop
2526:   2F021400                                                                                speed_set               2, 20
252A:   2F00F6FF                                                                                speed_set               0, -10
252E:   2F080100                                                                                speed_set               8, 1
2532:   3D100B                                                                                  member_copy             V_TEMP, 11
2535:   00                                                                                      nop
2536:   260001106400                                                                            calc                    0, OP_SUB, V_TEMP, 100
253C:   350B10                                                                                  member_set2             11, V_TEMP
253F:   00                                                                                      nop
2540:   8C0050462B000000                                                                        nop_8c                  0, 80, 70, 43, 0, 0, 0
2548:   8B7805002B00                                                                            nop_8b                  120, 5, 0, 43, 0
254E:   0F061800                                                                                while                   6, off_256A
2552:   3E000D0402BD                                                                            member_cmp              0, 13, 4, 2, 189
2558:   06000A00                                                                                if                      0, off_2566
255C:   3E0002042800                                                                            member_cmp              0, 2, 4, 40, 0
2562:   31                                                                                      add_aspeed
2563:   00                                                                                      nop
2564:   08                                                                                      endif
2565:   00                                                                                      nop

off_2566:
2566:   30                                                                                      add_speed
2567:   02                                                                                      evt_next
2568:   1000                                                                                    ewhile                  0

off_256A:
256A:   3200008300830083                                                                        pos_set                 0, -32000, -32000, -32000
2572:   37140018                                                                                sca_id_set              20, 0, 24
2576:   460C0031000000000000                                                                    aot_reset               12, SCE_AUTO, SAT_PL | SAT_MANUAL | SAT_FRONT, 0, 0, 0, 0, 0, 0
2580:   46070531FF0018020000                                                                    aot_reset               7, SCE_EVENT, SAT_PL | SAT_MANUAL | SAT_FRONT, 255, 0, I_GOSUB, main_02, 0, 0
258A:   2204A301                                                                                set                     FG_GENERAL_1, 163, 1
258E:   22020700                                                                                set                     FG_STATE, 7, 0
2592:   22011B00                                                                                set                     FG_GAME, 27, 0
2596:   08                                                                                      endif
2597:   00                                                                                      nop

off_2598:
2598:   0100                                                                                    evt_end                 0

.proc main_09
259A:   22020701                                                                                set                     FG_STATE, 7, 1
259E:   04FF1811                                                                                evt_exec                255, I_GOSUB, main_11
25A2:   360001000403000000000000                                                                se_on                   0, 1, 772, 0, 0, 0
25AE:   04FF180A                                                                                evt_exec                255, I_GOSUB, main_0A
25B2:   04FF180B                                                                                evt_exec                255, I_GOSUB, main_0B
25B6:   06000A00                                                                                if                      0, off_25C4
25BA:   21010301                                                                                ck                      FG_GAME, 3, 1
25BE:   04FF180C                                                                                evt_exec                255, I_GOSUB, main_0C
25C2:   08                                                                                      endif
25C3:   00                                                                                      nop

off_25C4:
25C4:   090A5A00                                                                                sleep                   10, 90
25C8:   22020700                                                                                set                     FG_STATE, 7, 0
25CC:   0100                                                                                    evt_end                 0

.proc main_0A
25CE:   2E0403                                                                                  work_set                WK_OBJECT, 3
25D1:   00                                                                                      nop
25D2:   340C40ED                                                                                member_set              12, 64, 237
25D6:   180D                                                                                    gosub                   main_0D
25D8:   0100                                                                                    evt_end                 0

.proc main_0B
25DA:   2E0100                                                                                  work_set                WK_PLAYER, 0
25DD:   00                                                                                      nop
25DE:   3200749B40ED569B                                                                        pos_set                 0, -25740, -4800, -25770
25E6:   340F0000                                                                                member_set              15, 0, 0
25EA:   3D1000                                                                                  member_copy             V_TEMP, 0
25ED:   00                                                                                      nop
25EE:   260005100004                                                                            calc                    0, OP_OR, V_TEMP, 1024
25F4:   350010                                                                                  member_set2             0, V_TEMP
25F7:   00                                                                                      nop
25F8:   180D                                                                                    gosub                   main_0D
25FA:   3D1000                                                                                  member_copy             V_TEMP, 0
25FD:   00                                                                                      nop
25FE:   26000610FFFB                                                                            calc                    0, OP_AND, V_TEMP, -1025
2604:   350010                                                                                  member_set2             0, V_TEMP
2607:   00                                                                                      nop
2608:   0100                                                                                    evt_end                 0

.proc main_0C
260A:   2E0200                                                                                  work_set                WK_SPLAYER, 0
260D:   00                                                                                      nop
260E:   3200AE9840EDC298                                                                        pos_set                 0, -26450, -4800, -26430
2616:   340F0000                                                                                member_set              15, 0, 0
261A:   3D1000                                                                                  member_copy             V_TEMP, 0
261D:   00                                                                                      nop
261E:   260005100004                                                                            calc                    0, OP_OR, V_TEMP, 1024
2624:   350010                                                                                  member_set2             0, V_TEMP
2627:   00                                                                                      nop
2628:   180D                                                                                    gosub                   main_0D
262A:   3D1000                                                                                  member_copy             V_TEMP, 0
262D:   00                                                                                      nop
262E:   26000610FFFB                                                                            calc                    0, OP_AND, V_TEMP, -1025
2634:   350010                                                                                  member_set2             0, V_TEMP
2637:   00                                                                                      nop
2638:   0100                                                                                    evt_end                 0

.proc main_0D
263A:   2F01D8FF                                                                                speed_set               1, -40
263E:   0D0004000A00                                                                            for                     0, off_2648, 10
2644:   30                                                                                      add_speed
2645:   02                                                                                      evt_next
2646:   0E00                                                                                    next                    0

off_2648:
2648:   2F01DDFF                                                                                speed_set               1, -35
264C:   0D0004001400                                                                            for                     0, off_2656, 20
2652:   30                                                                                      add_speed
2653:   02                                                                                      evt_next
2654:   0E00                                                                                    next                    0

off_2656:
2656:   2F01E2FF                                                                                speed_set               1, -30
265A:   0D0004000F00                                                                            for                     0, off_2664, 15
2660:   30                                                                                      add_speed
2661:   02                                                                                      evt_next
2662:   0E00                                                                                    next                    0

off_2664:
2664:   2F01E7FF                                                                                speed_set               1, -25
2668:   0D0004000F00                                                                            for                     0, off_2672, 15
266E:   30                                                                                      add_speed
266F:   02                                                                                      evt_next
2670:   0E00                                                                                    next                    0

off_2672:
2672:   2F01ECFF                                                                                speed_set               1, -20
2676:   0D0004000F00                                                                            for                     0, off_2680, 15
267C:   30                                                                                      add_speed
267D:   02                                                                                      evt_next
267E:   0E00                                                                                    next                    0

off_2680:
2680:   2F01F1FF                                                                                speed_set               1, -15
2684:   0D0004000A00                                                                            for                     0, off_268E, 10
268A:   30                                                                                      add_speed
268B:   02                                                                                      evt_next
268C:   0E00                                                                                    next                    0

off_268E:
268E:   3D100C                                                                                  member_copy             V_TEMP, 12
2691:   00                                                                                      nop
2692:   260000100A00                                                                            calc                    0, OP_ADD, V_TEMP, 10
2698:   350C10                                                                                  member_set2             12, V_TEMP
269B:   00                                                                                      nop
269C:   090A0500                                                                                sleep                   10, 5
26A0:   3D100C                                                                                  member_copy             V_TEMP, 12
26A3:   00                                                                                      nop
26A4:   260001102300                                                                            calc                    0, OP_SUB, V_TEMP, 35
26AA:   350C10                                                                                  member_set2             12, V_TEMP
26AD:   00                                                                                      nop
26AE:   0100                                                                                    evt_end                 0

.proc main_0E
26B0:   2E0100                                                                                  work_set                WK_PLAYER, 0
26B3:   00                                                                                      nop
26B4:   06001000                                                                                if                      0, off_26C8
26B8:   3E0011000000                                                                            member_cmp              0, 17, 0, 0, 0
26BE:   370D0000                                                                                sca_id_set              13, 0, 0
26C2:   180F                                                                                    gosub                   main_0F
26C4:   07000A00                                                                                else                    0, off_26CE

off_26C8:
26C8:   370D80FC                                                                                sca_id_set              13, 128, 252
26CC:   00                                                                                      nop
26CD:   00                                                                                      nop

off_26CE:
26CE:   0100                                                                                    evt_end                 0

.proc main_0F
26D0:   2E0100                                                                                  work_set                WK_PLAYER, 0
26D3:   00                                                                                      nop
26D4:   0600FA02                                                                                if                      0, off_29D2
26D8:   3E0011000000                                                                            member_cmp              0, 17, 0, 0, 0
26DE:   0600DE02                                                                                if                      0, off_29C0
26E2:   230007000000                                                                            cmp                     0, V_07, CMP_EQ, 0
26E8:   28                                                                                      sce_rnd
26E9:   00                                                                                      nop
26EA:   25101D                                                                                  copy                    V_TEMP, V_1D
26ED:   00                                                                                      nop
26EE:   260006100700                                                                            calc                    0, OP_AND, V_TEMP, 7
26F4:   250610                                                                                  copy                    V_06, V_TEMP
26F7:   00                                                                                      nop
26F8:   0600BC02                                                                                if                      0, off_29B8
26FC:   230006000000                                                                            cmp                     0, V_06, CMP_EQ, 0
2702:   28                                                                                      sce_rnd
2703:   00                                                                                      nop
2704:   25101D                                                                                  copy                    V_TEMP, V_1D
2707:   00                                                                                      nop
2708:   260004102800                                                                            calc                    0, OP_MOD, V_TEMP, 40
270E:   250610                                                                                  copy                    V_06, V_TEMP
2711:   00                                                                                      nop
2712:   13068202                                                                                switch                  6, off_2998
2716:   14000A000000                                                                            case                    0, off_2726, 0
271C:   2404E8C7                                                                                save                    V_04, -14360
2720:   2405C0AE                                                                                save                    V_05, -20800
2724:   1A00                                                                                    break                   0

off_2726:
2726:   14000A000100                                                                            case                    0, off_2736, 1
272C:   2404B6B3                                                                                save                    V_04, -19530
2730:   240562AD                                                                                save                    V_05, -21150
2734:   1A00                                                                                    break                   0

off_2736:
2736:   14000A000200                                                                            case                    0, off_2746, 2
273C:   24040AC9                                                                                save                    V_04, -14070
2740:   240528BA                                                                                save                    V_05, -17880
2744:   1A00                                                                                    break                   0

off_2746:
2746:   14000A000300                                                                            case                    0, off_2756, 3
274C:   24042EBE                                                                                save                    V_04, -16850
2750:   2405B0B9                                                                                save                    V_05, -18000
2754:   1A00                                                                                    break                   0

off_2756:
2756:   14000A000400                                                                            case                    0, off_2766, 4
275C:   240436B6                                                                                save                    V_04, -18890
2760:   240538B4                                                                                save                    V_05, -19400
2764:   1A00                                                                                    break                   0

off_2766:
2766:   14000A000500                                                                            case                    0, off_2776, 5
276C:   24047CB1                                                                                save                    V_04, -20100
2770:   240564BA                                                                                save                    V_05, -17820
2774:   1A00                                                                                    break                   0

off_2776:
2776:   14000A000600                                                                            case                    0, off_2786, 6
277C:   240496B0                                                                                save                    V_04, -20330
2780:   240558C1                                                                                save                    V_05, -16040
2784:   1A00                                                                                    break                   0

off_2786:
2786:   14000A000700                                                                            case                    0, off_2796, 7
278C:   2404FCBD                                                                                save                    V_04, -16900
2790:   240558C1                                                                                save                    V_05, -16040
2794:   1A00                                                                                    break                   0

off_2796:
2796:   14000A000800                                                                            case                    0, off_27A6, 8
279C:   2404D8BE                                                                                save                    V_04, -16680
27A0:   2405DEC7                                                                                save                    V_05, -14370
27A4:   1A00                                                                                    break                   0

off_27A6:
27A6:   14000A000900                                                                            case                    0, off_27B6, 9
27AC:   240426B7                                                                                save                    V_04, -18650
27B0:   2405D6C5                                                                                save                    V_05, -14890
27B4:   1A00                                                                                    break                   0

off_27B6:
27B6:   14000A000A00                                                                            case                    0, off_27C6, 10
27BC:   24040ABF                                                                                save                    V_04, -16630
27C0:   2405B8C0                                                                                save                    V_05, -16200
27C4:   1A00                                                                                    break                   0

off_27C6:
27C6:   14000A000B00                                                                            case                    0, off_27D6, 11
27CC:   2404A4C5                                                                                save                    V_04, -14940
27D0:   24056EB5                                                                                save                    V_05, -19090
27D4:   1A00                                                                                    break                   0

off_27D6:
27D6:   14000A000C00                                                                            case                    0, off_27E6, 12
27DC:   2404D0BC                                                                                save                    V_04, -17200
27E0:   240518CA                                                                                save                    V_05, -13800
27E4:   1A00                                                                                    break                   0

off_27E6:
27E6:   14000A000D00                                                                            case                    0, off_27F6, 13
27EC:   240430A3                                                                                save                    V_04, -23760
27F0:   2405DACB                                                                                save                    V_05, -13350
27F4:   1A00                                                                                    break                   0

off_27F6:
27F6:   14000A000E00                                                                            case                    0, off_2806, 14
27FC:   240402A9                                                                                save                    V_04, -22270
2800:   2405DAC6                                                                                save                    V_05, -14630
2804:   1A00                                                                                    break                   0

off_2806:
2806:   14000A000F00                                                                            case                    0, off_2816, 15
280C:   240456AF                                                                                save                    V_04, -20650
2810:   240580CB                                                                                save                    V_05, -13440
2814:   1A00                                                                                    break                   0

off_2816:
2816:   14000A001000                                                                            case                    0, off_2826, 16
281C:   240406B4                                                                                save                    V_04, -19450
2820:   2405B8C5                                                                                save                    V_05, -14920
2824:   1A00                                                                                    break                   0

off_2826:
2826:   14000A001100                                                                            case                    0, off_2836, 17
282C:   24042CA2                                                                                save                    V_04, -24020
2830:   2405C2C5                                                                                save                    V_05, -14910
2834:   1A00                                                                                    break                   0

off_2836:
2836:   14000A001200                                                                            case                    0, off_2846, 18
283C:   24040899                                                                                save                    V_04, -26360
2840:   2405A4BB                                                                                save                    V_05, -17500
2844:   1A00                                                                                    break                   0

off_2846:
2846:   14000A001300                                                                            case                    0, off_2856, 19
284C:   2404849F                                                                                save                    V_04, -24700
2850:   240592BE                                                                                save                    V_05, -16750
2854:   1A00                                                                                    break                   0

off_2856:
2856:   14000A001400                                                                            case                    0, off_2866, 20
285C:   2404BC99                                                                                save                    V_04, -26180
2860:   2405F4C5                                                                                save                    V_05, -14860
2864:   1A00                                                                                    break                   0

off_2866:
2866:   14000A001500                                                                            case                    0, off_2876, 21
286C:   24044A9D                                                                                save                    V_04, -25270
2870:   2405B4C9                                                                                save                    V_05, -13900
2874:   1A00                                                                                    break                   0

off_2876:
2876:   14000A001600                                                                            case                    0, off_2886, 22
287C:   2404B29E                                                                                save                    V_04, -24910
2880:   2405ACC2                                                                                save                    V_05, -15700
2884:   1A00                                                                                    break                   0

off_2886:
2886:   14000A001700                                                                            case                    0, off_2896, 23
288C:   2404DCA1                                                                                save                    V_04, -24100
2890:   2405BC9E                                                                                save                    V_05, -24900
2894:   1A00                                                                                    break                   0

off_2896:
2896:   14000A001800                                                                            case                    0, off_28A6, 24
289C:   2404709A                                                                                save                    V_04, -26000
28A0:   240528A6                                                                                save                    V_05, -23000
28A4:   1A00                                                                                    break                   0

off_28A6:
28A6:   14000A001900                                                                            case                    0, off_28B6, 25
28AC:   24044499                                                                                save                    V_04, -26300
28B0:   240504AC                                                                                save                    V_05, -21500
28B4:   1A00                                                                                    break                   0

off_28B6:
28B6:   14000A001A00                                                                            case                    0, off_28C6, 26
28BC:   2404169F                                                                                save                    V_04, -24810
28C0:   240520AE                                                                                save                    V_05, -20960
28C4:   1A00                                                                                    break                   0

off_28C6:
28C6:   14000A001B00                                                                            case                    0, off_28D6, 27
28CC:   2404AAA1                                                                                save                    V_04, -24150
28D0:   2405E4B2                                                                                save                    V_05, -19740
28D4:   1A00                                                                                    break                   0

off_28D6:
28D6:   14000A001C00                                                                            case                    0, off_28E6, 28
28DC:   2404AE9D                                                                                save                    V_04, -25170
28E0:   24051EB5                                                                                save                    V_05, -19170
28E4:   1A00                                                                                    break                   0

off_28E6:
28E6:   14000A001D00                                                                            case                    0, off_28F6, 29
28EC:   2404829C                                                                                save                    V_04, -25470
28F0:   2405BEBA                                                                                save                    V_05, -17730
28F4:   1A00                                                                                    break                   0

off_28F6:
28F6:   14000A001E00                                                                            case                    0, off_2906, 30
28FC:   2404E6A1                                                                                save                    V_04, -24090
2900:   240564B5                                                                                save                    V_05, -19100
2904:   1A00                                                                                    break                   0

off_2906:
2906:   14000A001F00                                                                            case                    0, off_2916, 31
290C:   240454C0                                                                                save                    V_04, -16300
2910:   24059CB4                                                                                save                    V_05, -19300
2914:   1A00                                                                                    break                   0

off_2916:
2916:   14000A002000                                                                            case                    0, off_2926, 32
291C:   2404F4B1                                                                                save                    V_04, -19980
2920:   2405F6BE                                                                                save                    V_05, -16650
2924:   1A00                                                                                    break                   0

off_2926:
2926:   14000A002100                                                                            case                    0, off_2936, 33
292C:   240472C5                                                                                save                    V_04, -14990
2930:   2405D8C3                                                                                save                    V_05, -15400
2934:   1A00                                                                                    break                   0

off_2936:
2936:   14000A002200                                                                            case                    0, off_2946, 34
293C:   240402AE                                                                                save                    V_04, -20990
2940:   2405D4B8                                                                                save                    V_05, -18220
2944:   1A00                                                                                    break                   0

off_2946:
2946:   14000A002300                                                                            case                    0, off_2956, 35
294C:   240470BD                                                                                save                    V_04, -17040
2950:   240538B4                                                                                save                    V_05, -19400
2954:   1A00                                                                                    break                   0

off_2956:
2956:   14000A002400                                                                            case                    0, off_2966, 36
295C:   240408BC                                                                                save                    V_04, -17400
2960:   240594C6                                                                                save                    V_05, -14700
2964:   1A00                                                                                    break                   0

off_2966:
2966:   14000A002500                                                                            case                    0, off_2976, 37
296C:   24048AB2                                                                                save                    V_04, -19830
2970:   2405C6BC                                                                                save                    V_05, -17210
2974:   1A00                                                                                    break                   0

off_2976:
2976:   14000A002600                                                                            case                    0, off_2986, 38
297C:   240498B8                                                                                save                    V_04, -18280
2980:   2405CCC5                                                                                save                    V_05, -14900
2984:   1A00                                                                                    break                   0

off_2986:
2986:   14000A002700                                                                            case                    0, off_2996, 39
298C:   2404FAA1                                                                                save                    V_04, -24070
2990:   240524C8                                                                                save                    V_05, -14300
2994:   1A00                                                                                    break                   0

off_2996:
2996:   1600                                                                                    eswitch                 0

off_2998:
2998:   1D051001                                                                                work_copy               5, 16, 1
299C:   1D040801                                                                                work_copy               4, 8, 1
29A0:   3A000015000000100000D0E900000000                                                        sce_espr_on             0, 5376, 0, 4096, 0, -5680, 0, 0
29B0:   04FF1810                                                                                evt_exec                255, I_GOSUB, main_10
29B4:   1C                                                                                      break_point
29B5:   00                                                                                      nop
29B6:   08                                                                                      endif
29B7:   00                                                                                      nop

off_29B8:
29B8:   24071000                                                                                save                    V_07, 16
29BC:   07001400                                                                                else                    0, off_29D0

off_29C0:
29C0:   251007                                                                                  copy                    V_TEMP, V_07
29C3:   00                                                                                      nop
29C4:   260001100100                                                                            calc                    0, OP_SUB, V_TEMP, 1
29CA:   250710                                                                                  copy                    V_07, V_TEMP
29CD:   00                                                                                      nop
29CE:   00                                                                                      nop
29CF:   00                                                                                      nop

off_29D0:
29D0:   08                                                                                      endif
29D1:   00                                                                                      nop

off_29D2:
29D2:   0100                                                                                    evt_end                 0

.proc main_10
29D4:   090A2600                                                                                sleep                   10, 38
29D8:   1D050E01                                                                                work_copy               5, 14, 1
29DC:   1D040601                                                                                work_copy               4, 6, 1
29E0:   36020C000000000000000000                                                                se_on                   2, 12, 0, 0, 0, 0
29EC:   0100                                                                                    evt_end                 0

.proc main_11
29EE:   02                                                                                      evt_next
29EF:   00                                                                                      nop
29F0:   8B645A000000                                                                            nop_8b                  100, 90, 0, 0, 0
29F6:   8C00A05014005700                                                                        nop_8c                  0, 160, 80, 20, 0, 87, 0
29FE:   8A0003005500                                                                            nop_8a                  0, 3, 0, 85, 0
2A04:   0100                                                                                    evt_end                 0

.proc main_12
2A06:   06006C00                                                                                if                      0, off_2A76
2A0A:   21047C00                                                                                ck                      FG_GENERAL_1, 124, 0
2A0E:   230002002F00                                                                            cmp                     0, V_USED_ITEM, CMP_EQ, 47
2A14:   5301020700F8                                                                            sce_fade_set            1, 2, 7, 0, 248
2A1A:   3C00                                                                                    cut_auto                0
2A1C:   61040200                                                                                cut_be_set              4, 2, 0
2A20:   610C0100                                                                                cut_be_set              12, 1, 0
2A24:   2908                                                                                    cut_chg                 8
2A26:   4B0408                                                                                  cut_replace             4, 8
2A29:   4B0509                                                                                  cut_replace             5, 9
2A2C:   2E040B                                                                                  work_set                WK_OBJECT, 11
2A2F:   00                                                                                      nop
2A30:   32006CA3FEF764A1                                                                        pos_set                 0, -23700, -2050, -24220
2A38:   22047C01                                                                                set                     FG_GENERAL_1, 124, 1
2A3C:   04FF1814                                                                                evt_exec                255, I_GOSUB, main_14
2A40:   4613023118000600AF00                                                                    aot_reset               19, SCE_ITEM, SAT_PL | SAT_MANUAL | SAT_FRONT, 24, 0, 6, 0, 175, 0
2A4A:   4619003109000000FFFF                                                                    aot_reset               25, SCE_AUTO, SAT_PL | SAT_MANUAL | SAT_FRONT, 9, 0, 0, 0, 255, 255
2A54:   461A0031000000000000                                                                    aot_reset               26, SCE_AUTO, SAT_PL | SAT_MANUAL | SAT_FRONT, 0, 0, 0, 0, 0, 0
2A5E:   46080031000000000000                                                                    aot_reset               8, SCE_AUTO, SAT_PL | SAT_MANUAL | SAT_FRONT, 0, 0, 0, 0, 0, 0
2A68:   46090031000000000000                                                                    aot_reset               9, SCE_AUTO, SAT_PL | SAT_MANUAL | SAT_FRONT, 0, 0, 0, 0, 0, 0
2A72:   3C01                                                                                    cut_auto                1
2A74:   08                                                                                      endif
2A75:   00                                                                                      nop

off_2A76:
2A76:   0100                                                                                    evt_end                 0

.proc main_13
2A78:   06007E00                                                                                if                      0, off_2AFA
2A7C:   21047D00                                                                                ck                      FG_GENERAL_1, 125, 0
2A80:   230002002F00                                                                            cmp                     0, V_USED_ITEM, CMP_EQ, 47
2A86:   5301020700F8                                                                            sce_fade_set            1, 2, 7, 0, 248
2A8C:   3C00                                                                                    cut_auto                0
2A8E:   61070200                                                                                cut_be_set              7, 2, 0
2A92:   610D0100                                                                                cut_be_set              13, 1, 0
2A96:   610D0200                                                                                cut_be_set              13, 2, 0
2A9A:   610D0300                                                                                cut_be_set              13, 3, 0
2A9E:   290B                                                                                    cut_chg                 11
2AA0:   4B060A                                                                                  cut_replace             6, 10
2AA3:   4B070B                                                                                  cut_replace             7, 11
2AA6:   2E0408                                                                                  work_set                WK_OBJECT, 8
2AA9:   00                                                                                      nop
2AAA:   32009CC33CF64CAA                                                                        pos_set                 0, -15460, -2500, -21940
2AB2:   22047D01                                                                                set                     FG_GENERAL_1, 125, 1
2AB6:   04FF1815                                                                                evt_exec                255, I_GOSUB, main_15
2ABA:   46100231190006003300                                                                    aot_reset               16, SCE_ITEM, SAT_PL | SAT_MANUAL | SAT_FRONT, 25, 0, 6, 0, 51, 0
2AC4:   461B003109000000FFFF                                                                    aot_reset               27, SCE_AUTO, SAT_PL | SAT_MANUAL | SAT_FRONT, 9, 0, 0, 0, 255, 255
2ACE:   461D003108000000FFFF                                                                    aot_reset               29, SCE_AUTO, SAT_PL | SAT_MANUAL | SAT_FRONT, 8, 0, 0, 0, 255, 255
2AD8:   461C0031000000000000                                                                    aot_reset               28, SCE_AUTO, SAT_PL | SAT_MANUAL | SAT_FRONT, 0, 0, 0, 0, 0, 0
2AE2:   460A0031000000000000                                                                    aot_reset               10, SCE_AUTO, SAT_PL | SAT_MANUAL | SAT_FRONT, 0, 0, 0, 0, 0, 0
2AEC:   460B0031000000000000                                                                    aot_reset               11, SCE_AUTO, SAT_PL | SAT_MANUAL | SAT_FRONT, 0, 0, 0, 0, 0, 0
2AF6:   3C01                                                                                    cut_auto                1
2AF8:   08                                                                                      endif
2AF9:   00                                                                                      nop

off_2AFA:
2AFA:   0100                                                                                    evt_end                 0

.proc main_14
2AFC:   36020A000100209A1CF3589E                                                                se_on                   2, 10, 1, -26080, -3300, -25000
2B08:   090A0A00                                                                                sleep                   10, 10
2B0C:   360208000100209A1CF3589E                                                                se_on                   2, 8, 1, -26080, -3300, -25000
2B18:   0100                                                                                    evt_end                 0

.proc main_15
2B1A:   36020A00010044CB1CF334BD                                                                se_on                   2, 10, 1, -13500, -3300, -17100
2B26:   090A0A00                                                                                sleep                   10, 10
2B2A:   36020800010044CB1CF334BD                                                                se_on                   2, 8, 1, -13500, -3300, -17100
2B36:   0100                                                                                    evt_end                 0

.proc main_16
2B38:   2D020000000004000000800010005598E0E306B9000000000000000000000000C2018C0A4605            obj_model_set           2, 0, 0, 0, 0, 4, 0, 128, 16, -26539, -7200, -18170, 0, 0, 0, 0, 0, 0, 450, 140, 10, 70, 5
2B5E:   2D04000000000400000080001000C095E0E3C6B2000000000000000000000000000000000000            obj_model_set           4, 0, 0, 0, 0, 4, 0, 128, 16, -27200, -7200, -19770, 0, 0, 0, 0, 0, 0, 0, 0, 0, 0, 0
2B84:   2D03000000000400000080001000A899E0E3709A000000080000000000000000000000000000            obj_model_set           3, 0, 0, 0, 0, 4, 0, 128, 16, -26200, -7200, -26000, 0, 2048, 0, 0, 0, 0, 0, 0, 0, 0, 0
2BAA:   0100                                                                                    evt_end                 0

.proc main_17
2BAC:   2D0500000000040000000A0010002CBBE0E3D4CC000000000000000000000000000000000000            obj_model_set           5, 0, 0, 0, 0, 4, 0, 10, 16, -17620, -7200, -13100, 0, 0, 0, 0, 0, 0, 0, 0, 0, 0, 0
2BD2:   2D0600000000040000000A00100050B5E0E3D4CC000000000000000000000000000000000000            obj_model_set           6, 0, 0, 0, 0, 4, 0, 10, 16, -19120, -7200, -13100, 0, 0, 0, 0, 0, 0, 0, 0, 0, 0, 0
2BF8:   2D0700000000040000000A00100074AFE0E3D4CC000000000000000000000000000000000000            obj_model_set           7, 0, 0, 0, 0, 4, 0, 10, 16, -20620, -7200, -13100, 0, 0, 0, 0, 0, 0, 0, 0, 0, 0, 0
2C1E:   4E0302310400A8B72ACC080708072600010035000501                                            item_aot_set            3, SCE_ITEM, SAT_PL | SAT_MANUAL | SAT_FRONT, 4, 0, -18520, -13270, 1800, 1800, ITEM_HERBG, 1, 53, 5, 1
2C34:   4E0E02310400CCB12ACC0807080726000100AD000601                                            item_aot_set            14, SCE_ITEM, SAT_PL | SAT_MANUAL | SAT_FRONT, 4, 0, -20020, -13270, 1800, 1800, ITEM_HERBG, 1, 173, 6, 1
2C4A:   4E0F02310400F0AB2ACC0807080726000100AE000701                                            item_aot_set            15, SCE_ITEM, SAT_PL | SAT_MANUAL | SAT_FRONT, 4, 0, -21520, -13270, 1800, 1800, ITEM_HERBG, 1, 174, 7, 1
2C60:   4E140231040083946BC90807080714000F00B000FF00                                            item_aot_set            20, SCE_ITEM, SAT_PL | SAT_MANUAL | SAT_FRONT, 4, 0, -27517, -13973, 1800, 1800, ITEM_HANDGUNAMMO, 15, 176, 255, 0
2C76:   0100                                                                                    evt_end                 0

.proc main_18
2C78:   2D0B00000000000000000A0010006CA3FEF764A1000000000000000000000000000000000000            obj_model_set           11, 0, 0, 0, 0, 0, 0, 10, 16, -23700, -2050, -24220, 0, 0, 0, 0, 0, 0, 0, 0, 0, 0, 0
2C9E:   2D0800000000000000000A0010009CC33CF64CAA000000000000000000000000000000000000            obj_model_set           8, 0, 0, 0, 0, 0, 0, 10, 16, -15460, -2500, -21940, 0, 0, 0, 0, 0, 0, 0, 0, 0, 0, 0
2CC4:   4E1002310000ECBE1AA5D007D0071900060033000800                                            item_aot_set            16, SCE_ITEM, SAT_PL | SAT_MANUAL | SAT_FRONT, 0, 0, -16660, -23270, 2000, 2000, ITEM_FLAMEROUNDS, 6, 51, 8, 0
2CDA:   4E13023100000F9FAB9D0807080718000600AF000B00                                            item_aot_set            19, SCE_ITEM, SAT_PL | SAT_MANUAL | SAT_FRONT, 0, 0, -24817, -25173, 1800, 1800, ITEM_EXPLOSIVEROUNDS, 6, 175, 11, 0
2CF0:   0100                                                                                    evt_end                 0

.proc main_19
2CF2:   06003C00                                                                                if                      0, off_2D32
2CF6:   21047C00                                                                                ck                      FG_GENERAL_1, 124, 0
2CFA:   2C08043100006695039A8007DC0503000000FFFF                                                aot_set                 8, SCE_MESSAGE, SAT_PL | SAT_MANUAL | SAT_FRONT, 0, 0, -27290, -26109, 1920, 1500, 3, 0, 0, 0, 255, 255
2D0E:   2C09062100006695039A8007DC050A002F000100                                                aot_set                 9, SCE_FLAG_CHG, SAT_PL | SAT_FRONT, 0, 0, -27290, -26109, 1920, 1500, 10, 0, ITEM_LIGHTER, 0, aot, 0
2D22:   2E040B                                                                                  work_set                WK_OBJECT, 11
2D25:   00                                                                                      nop
2D26:   3200008300830083                                                                        pos_set                 0, -32000, -32000, -32000
2D2E:   07001400                                                                                else                    0, off_2D42

off_2D32:
2D32:   61040200                                                                                cut_be_set              4, 2, 0
2D36:   610C0100                                                                                cut_be_set              12, 1, 0
2D3A:   4B0408                                                                                  cut_replace             4, 8
2D3D:   4B0509                                                                                  cut_replace             5, 9
2D40:   00                                                                                      nop
2D41:   00                                                                                      nop

off_2D42:
2D42:   06003C00                                                                                if                      0, off_2D82
2D46:   21047D00                                                                                ck                      FG_GENERAL_1, 125, 0
2D4A:   2C0A043100001EC90EBB90069C0403000000FFFF                                                aot_set                 10, SCE_MESSAGE, SAT_PL | SAT_MANUAL | SAT_FRONT, 0, 0, -14050, -17650, 1680, 1180, 3, 0, 0, 0, 255, 255
2D5E:   2C0B062100001EC90EBB90069C040A002F000100                                                aot_set                 11, SCE_FLAG_CHG, SAT_PL | SAT_FRONT, 0, 0, -14050, -17650, 1680, 1180, 10, 0, ITEM_LIGHTER, 0, aot, 0
2D72:   2E0408                                                                                  work_set                WK_OBJECT, 8
2D75:   00                                                                                      nop
2D76:   3200008300830083                                                                        pos_set                 0, -32000, -32000, -32000
2D7E:   07001C00                                                                                else                    0, off_2D9A

off_2D82:
2D82:   61070200                                                                                cut_be_set              7, 2, 0
2D86:   610D0100                                                                                cut_be_set              13, 1, 0
2D8A:   610D0200                                                                                cut_be_set              13, 2, 0
2D8E:   610D0300                                                                                cut_be_set              13, 3, 0
2D92:   4B060A                                                                                  cut_replace             6, 10
2D95:   4B070B                                                                                  cut_replace             7, 11
2D98:   00                                                                                      nop
2D99:   00                                                                                      nop

off_2D9A:
2D9A:   06003800                                                                                if                      0, off_2DD6
2D9E:   21047C00                                                                                ck                      FG_GENERAL_1, 124, 0
2DA2:   2C19043100008BA2899E0807BC2504000000FFFF                                                aot_set                 25, SCE_MESSAGE, SAT_PL | SAT_MANUAL | SAT_FRONT, 0, 0, -23925, -24951, 1800, 9660, 4, 0, 0, 0, 255, 255
2DB6:   2C1A043100000F9FAB9D0807080704000000FFFF                                                aot_set                 26, SCE_MESSAGE, SAT_PL | SAT_MANUAL | SAT_FRONT, 0, 0, -24817, -25173, 1800, 1800, 4, 0, 0, 0, 255, 255
2DCA:   46130031180006003600                                                                    aot_reset               19, SCE_AUTO, SAT_PL | SAT_MANUAL | SAT_FRONT, 24, 0, 6, 0, 54, 0
2DD4:   08                                                                                      endif
2DD5:   00                                                                                      nop

off_2DD6:
2DD6:   06004C00                                                                                if                      0, off_2E26
2DDA:   21047D00                                                                                ck                      FG_GENERAL_1, 125, 0
2DDE:   2C1B043100000FA6899E0807BC2504000000FFFF                                                aot_set                 27, SCE_MESSAGE, SAT_PL | SAT_MANUAL | SAT_FRONT, 0, 0, -23025, -24951, 1800, 9660, 4, 0, 0, 0, 255, 255
2DF2:   2C1C0431000023ABF5A5F023080704000000FFFF                                                aot_set                 28, SCE_MESSAGE, SAT_PL | SAT_MANUAL | SAT_FRONT, 0, 0, -21725, -23051, 9200, 1800, 4, 0, 0, 0, 255, 255
2E06:   2C1D04310000B3C521C00807CC1004000000FFFF                                                aot_set                 29, SCE_MESSAGE, SAT_PL | SAT_MANUAL | SAT_FRONT, 0, 0, -14925, -16351, 1800, 4300, 4, 0, 0, 0, 255, 255
2E1A:   46100031190006003300                                                                    aot_reset               16, SCE_AUTO, SAT_PL | SAT_MANUAL | SAT_FRONT, 25, 0, 6, 0, 51, 0
2E24:   08                                                                                      endif
2E25:   00                                                                                      nop

off_2E26:
2E26:   0100                                                                                    evt_end                 0
