.version 2
.init
.proc init_00
0EDA:   3B000131010007DF3C981405B0041C99F8F8EEAE00F003070001220100000000                        door_aot_se             0, SCE_DOOR, SAT_PL | SAT_MANUAL | SAT_FRONT, 1, 0, -8441, -26564, 1300, 1200, -26340, -1800, -20754, -4096, 3, 7, 0, 1, 34, 1, 0, 0, UNLOCKED, 0
0EFA:   3B0101310000029888C8DC05D00745A10000B39BE00B030E0000070100000000                        door_aot_se             1, SCE_DOOR, SAT_PL | SAT_MANUAL | SAT_FRONT, 0, 0, -26622, -14200, 1500, 2000, -24251, 0, -25677, 3040, 3, 14, 0, 0, 7, 1, 0, 0, UNLOCKED, 0
0F1A:   0100                                                                                    evt_end                 0

.main
.proc main_00
0F2A:   1802                                                                                    gosub                   2
0F2C:   1806                                                                                    gosub                   6
0F2E:   0100                                                                                    evt_end                 0

.proc main_01
0F30:   0100                                                                                    evt_end                 0

.proc main_02
0F32:   06001A00                                                                                if                      0, off_0F50
0F36:   21044900                                                                                ck                      4, 73, 0
0F3A:   2C0205410100DBB6DC936009100EFF0018030000                                                aot_set                 2, SCE_EVENT, SAT_PL | SAT_UNDER, 1, 0, -18725, -27684, 2400, 3600, 255, 0, I_GOSUB, main_03, 0, 0
0F4E:   08                                                                                      endif
0F4F:   00                                                                                      nop

off_0F50:
0F50:   0100                                                                                    evt_end                 0

.proc main_03
0F52:   22044901                                                                                set                     4, 73, 1
0F56:   46020000000000000000                                                                    aot_reset               2, SCE_AUTO, SAT_AUTO, 0, 0, 0, 0, 0, 0
0F60:   36020A000000B0B988E1589E                                                                se_on                   2, 10, 0, -18000, -7800, -25000
0F6C:   8BC80F000000                                                                            nop_8b                  200, 15, 0, 0, 0
0F72:   04FF1804                                                                                evt_exec                255, I_GOSUB, main_04
0F76:   5C0001                                                                                  sce_shake_on            0, 1
0F79:   00                                                                                      nop
0F7A:   090A0200                                                                                sleep                   10, 2
0F7E:   5C0001                                                                                  sce_shake_on            0, 1
0F81:   00                                                                                      nop
0F82:   090A0200                                                                                sleep                   10, 2
0F86:   5C0002                                                                                  sce_shake_on            0, 2
0F89:   00                                                                                      nop
0F8A:   090A0800                                                                                sleep                   10, 8
0F8E:   04FF1805                                                                                evt_exec                255, I_GOSUB, main_05
0F92:   0100                                                                                    evt_end                 0

.proc main_04
0F94:   3A0019000000000BB0B988E15CAE0000                                                        sce_espr_on             0, 25, 0, 2816, -18000, -7800, -20900, 0
0FA4:   3A0019010000001098BDB4E2BC9E0000                                                        sce_espr_on             0, 281, 0, 4096, -17000, -7500, -24900, 0
0FB4:   3A00190000000018C8B5A8E4EC960000                                                        sce_espr_on             0, 25, 0, 6144, -19000, -7000, -26900, 0
0FC4:   3A00190100000010B0B918E374AA0000                                                        sce_espr_on             0, 281, 0, 4096, -18000, -7400, -21900, 0
0FD4:   3A00190000000020E0B1A8E4BC9E0000                                                        sce_espr_on             0, 25, 0, 8192, -20000, -7000, -24900, 0
0FE4:   0100                                                                                    evt_end                 0

.proc main_05
0FE6:   3A0019000000000BB0B988E18CA60000                                                        sce_espr_on             0, 25, 0, 2816, -18000, -7800, -22900, 0
0FF6:   3A0019010000001068C5E0E31C8F0000                                                        sce_espr_on             0, 281, 0, 4096, -15000, -7200, -28900, 0
1006:   3A0019000000001898BDA8E4D49A0000                                                        sce_espr_on             0, 25, 0, 6144, -17000, -7000, -25900, 0
1016:   3A00190100000010B0B9B4E25CAE0000                                                        sce_espr_on             0, 281, 0, 4096, -18000, -7500, -20900, 0
1026:   3A00190000000020E0B1A8E4A4A20000                                                        sce_espr_on             0, 25, 0, 8192, -20000, -7000, -23900, 0
1036:   0100                                                                                    evt_end                 0

.proc main_06
1038:   06005E00                                                                                if                      0, off_109A
103C:   21010301                                                                                ck                      1, 3, 1
1040:   06002000                                                                                if                      0, off_1064
1044:   23001B000704                                                                            cmp                     0, 27, CMP_EQ, 1031
104A:   4400FF450004012000FFE4DFF8F87498710800000000                                            sce_em_set              0, 255, ENEMY_SHERRYWITHPENDANT, 0, 4, 1, 32, 0, 255, -8220, -1800, -26508, 2161, 0, 0
1060:   07001C00                                                                                else                    0, off_107C

off_1064:
1064:   4400FF450004002000FFE89820FFC6C6180300000000                                            sce_em_set              0, 255, ENEMY_SHERRYWITHPENDANT, 0, 4, 0, 32, 0, 255, -26392, -224, -14650, 792, 0, 0
107A:   00                                                                                      nop
107B:   00                                                                                      nop

off_107C:
107C:   06001800                                                                                if                      0, off_1098
1080:   21010101                                                                                ck                      1, 1, 1
1084:   2E0200                                                                                  work_set                WK_SPLAYER, 0
1087:   00                                                                                      nop
1088:   3D1007                                                                                  member_copy             16, 7
108B:   00                                                                                      nop
108C:   260005100008                                                                            calc                    0, OP_OR, 16, 2048
1092:   350710                                                                                  member_set2             7, 16
1095:   00                                                                                      nop
1096:   08                                                                                      endif
1097:   00                                                                                      nop

off_1098:
1098:   08                                                                                      endif
1099:   00                                                                                      nop

off_109A:
109A:   0100                                                                                    evt_end                 0
