.version 2
.init
.proc init_00
1302:   3B0001310000CE318CA6AC0D0807008300830083540B030E0A002C0200000000                        door_aot_se             0, SCE_DOOR, SAT_PL | SAT_MANUAL | SAT_FRONT, 0, 0, 12750, -22900, 3500, 1800, -32000, -32000, -32000, 2900, 3, 14, 10, 0, 44, 2, 0, 0, UNLOCKED, 0
1322:   3B01013100003168E99C7805D007389B0000B2C60000040200001A0100000000                        door_aot_se             1, SCE_DOOR, SAT_PL | SAT_MANUAL | SAT_FRONT, 0, 0, 26673, -25367, 1400, 2000, -25800, 0, -14670, 0, 4, 2, 0, 0, 26, 1, 0, 0, UNLOCKED, 0
1342:   2D0100000000000000000A00000000830000F49D000000000000000000000000000000000000            obj_model_set           1, 0, 0, 0, 0, 0, 0, 10, 0, -32000, 0, -25100, 0, 0, 0, 0, 0, 0, 0, 0, 0, 0, 0
1368:   0100                                                                                    evt_end                 0
136A:   0390                                                                                    db                      0x03, 0x90

.main
.proc main_00
1386:   06003400                                                                                if                      0, off_13BE
138A:   21010301                                                                                ck                      1, 3, 1
138E:   4400FF450004002000FF1C660000709FC40900000000                                            sce_em_set              0, 255, ENEMY_SHERRYWITHPENDANT, 0, 4, 0, 32, 0, 255, 26140, 0, -24720, 2500, 0, 0
13A4:   06001400                                                                                if                      0, off_13BC
13A8:   23001B050205                                                                            cmp                     0, 27, CMP_NE, 1282
13AE:   2E03FF                                                                                  work_set                WK_ENEMY, 255
13B1:   00                                                                                      nop
13B2:   3200008300830083                                                                        pos_set                 0, -32000, -32000, -32000
13BA:   08                                                                                      endif
13BB:   00                                                                                      nop

off_13BC:
13BC:   08                                                                                      endif
13BD:   00                                                                                      nop

off_13BE:
13BE:   2D0000000000000000000A0000000083000000830000000000F8000000000000000000000000            obj_model_set           0, 0, 0, 0, 0, 0, 0, 10, 0, -32000, 0, -32000, 0, 0, -2048, 0, 0, 0, 0, 0, 0, 0, 0
13E4:   4E0202310000DE2116BC080778053F00010012000001                                            item_aot_set            2, SCE_ITEM, SAT_PL | SAT_MANUAL | SAT_FRONT, 0, 0, 8670, -17386, 1800, 1400, ITEM_WEAPONBOXKEY, 1, 18, 0, 1
13FA:   06000A00                                                                                if                      0, off_1408
13FE:   21221200                                                                                ck                      34, 18, 0
1402:   04FF1802                                                                                evt_exec                255, I_GOSUB, main_02
1406:   08                                                                                      endif
1407:   00                                                                                      nop

off_1408:
1408:   06003000                                                                                if                      0, off_143C
140C:   2104BB00                                                                                ck                      4, 187, 0
1410:   2C0705310000231EFAAE08070807FF0018070000                                                aot_set                 7, SCE_EVENT, SAT_PL | SAT_MANUAL | SAT_FRONT, 0, 0, 7715, -20742, 1800, 1800, 255, 0, I_GOSUB, main_07, 0, 0
1424:   2C0606210000231EFAAE080708070A002F000100                                                aot_set                 6, SCE_FLAG_CHG, SAT_PL | SAT_FRONT, 0, 0, 7715, -20742, 1800, 1800, 10, 0, 47, 0, 1, 0
1438:   07004800                                                                                else                    0, off_1480

off_143C:
143C:   2C0705310000231EFAAE08070807FF0018080000                                                aot_set                 7, SCE_EVENT, SAT_PL | SAT_MANUAL | SAT_FRONT, 0, 0, 7715, -20742, 1800, 1800, 255, 0, I_GOSUB, main_08, 0, 0
1450:   06002A00                                                                                if                      0, off_147E
1454:   21221200                                                                                ck                      34, 18, 0
1458:   2E0400                                                                                  work_set                WK_OBJECT, 0
145B:   00                                                                                      nop
145C:   3200FE2500000BBF                                                                        pos_set                 0, 9726, 0, -16629
1464:   33000000000000F8                                                                        dir_set                 0, 0, 0, -2048
146C:   3A000517040000200000000000000000                                                        sce_espr_on             0, 5893, 4, 8192, 0, 0, 0, 0
147C:   08                                                                                      endif
147D:   00                                                                                      nop

off_147E:
147E:   00                                                                                      nop
147F:   00                                                                                      nop

off_1480:
1480:   06001800                                                                                if                      0, off_149C
1484:   23001B000E04                                                                            cmp                     0, 27, CMP_EQ, 1038
148A:   06000A00                                                                                if                      0, off_1498
148E:   21046701                                                                                ck                      4, 103, 1
1492:   04FF1804                                                                                evt_exec                255, I_GOSUB, main_04
1496:   08                                                                                      endif
1497:   00                                                                                      nop

off_1498:
1498:   07000800                                                                                else                    0, off_14A0

off_149C:
149C:   1805                                                                                    gosub                   5
149E:   00                                                                                      nop
149F:   00                                                                                      nop

off_14A0:
14A0:   06001800                                                                                if                      0, off_14BC
14A4:   21010101                                                                                ck                      1, 1, 1
14A8:   2E0200                                                                                  work_set                WK_SPLAYER, 0
14AB:   00                                                                                      nop
14AC:   3D1007                                                                                  member_copy             16, 7
14AF:   00                                                                                      nop
14B0:   260000100008                                                                            calc                    0, OP_ADD, 16, 2048
14B6:   350710                                                                                  member_set2             7, 16
14B9:   00                                                                                      nop
14BA:   08                                                                                      endif
14BB:   00                                                                                      nop

off_14BC:
14BC:   0100                                                                                    evt_end                 0

.proc main_01
14BE:   180A                                                                                    gosub                   10
14C0:   0100                                                                                    evt_end                 0

.proc main_02
14C2:   11000800                                                                                do                      0, off_14CE
14C6:   02                                                                                      evt_next
14C7:   00                                                                                      nop
14C8:   1204                                                                                    edwhile                 off_14CE
14CA:   21221200                                                                                ck                      34, 18, 0

off_14CE:
14CE:   4C05170400                                                                              sce_espr_kill           5, 23, 4, 0
14D3:   00                                                                                      nop
14D4:   0100                                                                                    evt_end                 0

.proc main_03
14D6:   2E0401                                                                                  work_set                WK_OBJECT, 1
14D9:   00                                                                                      nop
14DA:   3200A00F0000F49D                                                                        pos_set                 0, 4000, 0, -25100
14E2:   04FF180B                                                                                evt_exec                255, I_GOSUB, main_0B
14E6:   180C                                                                                    gosub                   12
14E8:   2E0401                                                                                  work_set                WK_OBJECT, 1
14EB:   00                                                                                      nop
14EC:   36020B000401000000000000                                                                se_on                   2, 11, 260, 0, 0, 0
14F8:   2F006400                                                                                speed_set               0, 100
14FC:   0D0004004300                                                                            for                     0, off_1506, 67
1502:   30                                                                                      add_speed
1503:   02                                                                                      evt_next
1504:   0E00                                                                                    next                    0

off_1506:
1506:   2F005000                                                                                speed_set               0, 80
150A:   0D0004000A00                                                                            for                     0, off_1514, 10
1510:   30                                                                                      add_speed
1511:   02                                                                                      evt_next
1512:   0E00                                                                                    next                    0

off_1514:
1514:   2F005000                                                                                speed_set               0, 80
1518:   0D0004001400                                                                            for                     0, off_1522, 20
151E:   30                                                                                      add_speed
151F:   02                                                                                      evt_next
1520:   0E00                                                                                    next                    0

off_1522:
1522:   360001000401000000000000                                                                se_on                   0, 1, 260, 0, 0, 0
152E:   090A3C00                                                                                sleep                   10, 60
1532:   53000207FF02                                                                            sce_fade_set            0, 2, 7, 255, 2
1538:   0100                                                                                    evt_end                 0

.proc main_04
153A:   22020701                                                                                set                     2, 7, 1
153E:   22011B01                                                                                set                     1, 27, 1
1542:   02                                                                                      evt_next
1543:   2E0100                                                                                  work_set                WK_PLAYER, 0
1546:   3200008300830083                                                                        pos_set                 0, -32000, -32000, -32000
154E:   06001800                                                                                if                      0, off_156A
1552:   21010301                                                                                ck                      1, 3, 1
1556:   2E0200                                                                                  work_set                WK_SPLAYER, 0
1559:   00                                                                                      nop
155A:   3D1007                                                                                  member_copy             16, 7
155D:   00                                                                                      nop
155E:   260000100080                                                                            calc                    0, OP_ADD, 16, -32768
1564:   350710                                                                                  member_set2             7, 16
1567:   00                                                                                      nop
1568:   08                                                                                      endif
1569:   00                                                                                      nop

off_156A:
156A:   3C00                                                                                    cut_auto                0
156C:   2908                                                                                    cut_chg                 8
156E:   1803                                                                                    gosub                   3
1570:   53000207FFF1                                                                            sce_fade_set            0, 2, 7, 255, 241
1576:   2E0401                                                                                  work_set                WK_OBJECT, 1
1579:   00                                                                                      nop
157A:   3200008300830083                                                                        pos_set                 0, -32000, -32000, -32000
1582:   2E0100                                                                                  work_set                WK_PLAYER, 0
1585:   00                                                                                      nop
1586:   3200F03700009AB1                                                                        pos_set                 0, 14320, 0, -20070
158E:   33000000000C0000                                                                        dir_set                 0, 0, 3072, 0
1596:   06002800                                                                                if                      0, off_15C2
159A:   21010301                                                                                ck                      1, 3, 1
159E:   2E0200                                                                                  work_set                WK_SPLAYER, 0
15A1:   00                                                                                      nop
15A2:   320054330000AAB0                                                                        pos_set                 0, 13140, 0, -20310
15AA:   33000000000C0000                                                                        dir_set                 0, 0, 3072, 0
15B2:   3D1007                                                                                  member_copy             16, 7
15B5:   00                                                                                      nop
15B6:   260001100080                                                                            calc                    0, OP_SUB, 16, -32768
15BC:   350710                                                                                  member_set2             7, 16
15BF:   00                                                                                      nop
15C0:   08                                                                                      endif
15C1:   00                                                                                      nop

off_15C2:
15C2:   1805                                                                                    gosub                   5
15C4:   2905                                                                                    cut_chg                 5
15C6:   3C01                                                                                    cut_auto                1
15C8:   090A1000                                                                                sleep                   10, 16
15CC:   22020700                                                                                set                     2, 7, 0
15D0:   22011B00                                                                                set                     1, 27, 0
15D4:   0100                                                                                    evt_end                 0

.proc main_05
15D6:   4B0004                                                                                  cut_replace             0, 4
15D9:   4B0105                                                                                  cut_replace             1, 5
15DC:   4B0206                                                                                  cut_replace             2, 6
15DF:   4B0307                                                                                  cut_replace             3, 7
15E2:   06000E00                                                                                if                      0, off_15F4
15E6:   23001B000205                                                                            cmp                     0, 27, CMP_EQ, 1282
15EC:   2907                                                                                    cut_chg                 7
15EE:   3C01                                                                                    cut_auto                1
15F0:   07001600                                                                                else                    0, off_1606

off_15F4:
15F4:   06000C00                                                                                if                      0, off_1604
15F8:   23001B050E04                                                                            cmp                     0, 27, CMP_NE, 1038
15FE:   2904                                                                                    cut_chg                 4
1600:   3C01                                                                                    cut_auto                1
1602:   08                                                                                      endif
1603:   00                                                                                      nop

off_1604:
1604:   00                                                                                      nop
1605:   00                                                                                      nop

off_1606:
1606:   0100                                                                                    evt_end                 0

.proc main_06
1608:   22020701                                                                                set                     2, 7, 1
160C:   22011B01                                                                                set                     1, 27, 1
1610:   06001A00                                                                                if                      0, off_162E
1614:   21010301                                                                                ck                      1, 3, 1
1618:   2E0200                                                                                  work_set                WK_SPLAYER, 0
161B:   00                                                                                      nop
161C:   3200C02B0000D7B0                                                                        pos_set                 0, 11200, 0, -20265
1624:   3300000000080000                                                                        dir_set                 0, 0, 2048, 0
162C:   08                                                                                      endif
162D:   00                                                                                      nop

off_162E:
162E:   2E0100                                                                                  work_set                WK_PLAYER, 0
1631:   00                                                                                      nop
1632:   3200142800009CB4                                                                        pos_set                 0, 10260, 0, -19300
163A:   3300000000080000                                                                        dir_set                 0, 0, 2048, 0
1642:   41020000000000001E1E                                                                    plc_neck                2, 0, 0, 0, 30, 30
164C:   090A0A00                                                                                sleep                   10, 10
1650:   3F010600                                                                                plc_motion              1, 6, 0
1654:   090A1900                                                                                sleep                   10, 25
1658:   36020D000100000000000000                                                                se_on                   2, 13, 1, 0, 0, 0
1664:   090A1900                                                                                sleep                   10, 25
1668:   04FF1809                                                                                evt_exec                255, I_GOSUB, main_09
166C:   090A0100                                                                                sleep                   10, 1
1670:   8BC805000000                                                                            nop_8b                  200, 5, 0, 0, 0
1676:   090A0400                                                                                sleep                   10, 4
167A:   41020000000000FE001E                                                                    plc_neck                2, 0, 0, -512, 0, 30
1684:   06001400                                                                                if                      0, off_169C
1688:   21010301                                                                                ck                      1, 3, 1
168C:   2E0200                                                                                  work_set                WK_SPLAYER, 0
168F:   00                                                                                      nop
1690:   41020000000000001414                                                                    plc_neck                2, 0, 0, 0, 20, 20
169A:   08                                                                                      endif
169B:   00                                                                                      nop

off_169C:
169C:   36020A000100000000000000                                                                se_on                   2, 10, 1, 0, 0, 0
16A8:   090A2D00                                                                                sleep                   10, 45
16AC:   290C                                                                                    cut_chg                 12
16AE:   06001A00                                                                                if                      0, off_16CC
16B2:   21221200                                                                                ck                      34, 18, 0
16B6:   2E0400                                                                                  work_set                WK_OBJECT, 0
16B9:   00                                                                                      nop
16BA:   3200FE2500000BBF                                                                        pos_set                 0, 9726, 0, -16629
16C2:   33000000000000F8                                                                        dir_set                 0, 0, 0, -2048
16CA:   08                                                                                      endif
16CB:   00                                                                                      nop

off_16CC:
16CC:   06001400                                                                                if                      0, off_16E4
16D0:   21010301                                                                                ck                      1, 3, 1
16D4:   2E0200                                                                                  work_set                WK_SPLAYER, 0
16D7:   00                                                                                      nop
16D8:   4102000020FE0001641E                                                                    plc_neck                2, 0, -480, 256, 100, 30
16E2:   08                                                                                      endif
16E3:   00                                                                                      nop

off_16E4:
16E4:   2E0100                                                                                  work_set                WK_PLAYER, 0
16E7:   00                                                                                      nop
16E8:   41020000E0010001641E                                                                    plc_neck                2, 0, 480, 256, 100, 30
16F2:   02                                                                                      evt_next
16F3:   00                                                                                      nop
16F4:   36020C000100000000000000                                                                se_on                   2, 12, 1, 0, 0, 0
1700:   090A3C00                                                                                sleep                   10, 60
1704:   06004000                                                                                if                      0, off_1748
1708:   21221200                                                                                ck                      34, 18, 0
170C:   3A000517040000200000000000000000                                                        sce_espr_on             0, 5893, 4, 8192, 0, 0, 0, 0
171C:   090A0500                                                                                sleep                   10, 5
1720:   3A000517040000200000000000000000                                                        sce_espr_on             0, 5893, 4, 8192, 0, 0, 0, 0
1730:   090A0500                                                                                sleep                   10, 5
1734:   3A000517040000200000000000000000                                                        sce_espr_on             0, 5893, 4, 8192, 0, 0, 0, 0
1744:   07000A00                                                                                else                    0, off_174E

off_1748:
1748:   090A0A00                                                                                sleep                   10, 10
174C:   00                                                                                      nop
174D:   00                                                                                      nop

off_174E:
174E:   090A1E00                                                                                sleep                   10, 30
1752:   06000C00                                                                                if                      0, off_1762
1756:   21221200                                                                                ck                      34, 18, 0
175A:   4C05170400                                                                              sce_espr_kill           5, 23, 4, 0
175F:   00                                                                                      nop
1760:   08                                                                                      endif
1761:   00                                                                                      nop

off_1762:
1762:   530103070000                                                                            sce_fade_set            1, 3, 7, 0, 0
1768:   0D000E000600                                                                            for                     0, off_177C, 6
176E:   74010010                                                                                sce_fade_adjust         1, 0, 16
1772:   02                                                                                      evt_next
1773:   00                                                                                      nop
1774:   74010000                                                                                sce_fade_adjust         1, 0, 0
1778:   02                                                                                      evt_next
1779:   00                                                                                      nop
177A:   0E00                                                                                    next                    0

off_177C:
177C:   2A                                                                                      cut_old
177D:   00                                                                                      nop
177E:   090A1400                                                                                sleep                   10, 20
1782:   3C01                                                                                    cut_auto                1
1784:   06001400                                                                                if                      0, off_179C
1788:   21010301                                                                                ck                      1, 3, 1
178C:   2E0200                                                                                  work_set                WK_SPLAYER, 0
178F:   00                                                                                      nop
1790:   41060000000000000000                                                                    plc_neck                6, 0, 0, 0, 0, 0
179A:   08                                                                                      endif
179B:   00                                                                                      nop

off_179C:
179C:   2E0100                                                                                  work_set                WK_PLAYER, 0
179F:   3F010680                                                                                plc_motion              1, 6, 128
17A3:   00                                                                                      nop
17A4:   41060000000000000000                                                                    plc_neck                6, 0, 0, 0, 0, 0
17AE:   090A1900                                                                                sleep                   10, 25
17B2:   42                                                                                      plc_ret
17B3:   22020700                                                                                set                     2, 7, 0
17B7:   22011B00                                                                                set                     1, 27, 0
17BB:   00                                                                                      nop
17BC:   0100                                                                                    evt_end                 0

.proc main_07
17BE:   3C00                                                                                    cut_auto                0
17C0:   290A                                                                                    cut_chg                 10
17C2:   2B000200FFFF                                                                            message_on              0, 2, 0, 255, 255
17C8:   02                                                                                      evt_next
17C9:   2A                                                                                      cut_old
17CA:   3C01                                                                                    cut_auto                1
17CC:   0100                                                                                    evt_end                 0

.proc main_08
17CE:   3C00                                                                                    cut_auto                0
17D0:   290A                                                                                    cut_chg                 10
17D2:   2B000300FFFF                                                                            message_on              0, 3, 0, 255, 255
17D8:   02                                                                                      evt_next
17D9:   2A                                                                                      cut_old
17DA:   3C01                                                                                    cut_auto                1
17DC:   0100                                                                                    evt_end                 0

.proc main_09
17DE:   3A00271000000010641D52F9DAB3CA07                                                        sce_espr_on             0, 4135, 0, 4096, 7524, -1710, -19494, 1994
17EE:   3A00271000000010641D52F9DAB3CA07                                                        sce_espr_on             0, 4135, 0, 4096, 7524, -1710, -19494, 1994
17FE:   090A3200                                                                                sleep                   10, 50
1802:   4C27100000                                                                              sce_espr_kill           39, 16, 0, 0
1807:   00                                                                                      nop
1808:   0100                                                                                    evt_end                 0

.proc main_0A
180A:   06004600                                                                                if                      0, off_1854
180E:   2104BB00                                                                                ck                      4, 187, 0
1812:   230002002F00                                                                            cmp                     0, 2, CMP_EQ, 47
1818:   04FF1806                                                                                evt_exec                255, I_GOSUB, main_06
181C:   2204BB01                                                                                set                     4, 187, 1
1820:   46060031000000000000                                                                    aot_reset               6, SCE_AUTO, SAT_PL | SAT_MANUAL | SAT_FRONT, 0, 0, 0, 0, 0, 0
182A:   46050031000000000000                                                                    aot_reset               5, SCE_AUTO, SAT_PL | SAT_MANUAL | SAT_FRONT, 0, 0, 0, 0, 0, 0
1834:   46070031000000000000                                                                    aot_reset               7, SCE_AUTO, SAT_PL | SAT_MANUAL | SAT_FRONT, 0, 0, 0, 0, 0, 0
183E:   2C0705310000231EFAAE08070807FF0018080000                                                aot_set                 7, SCE_EVENT, SAT_PL | SAT_MANUAL | SAT_FRONT, 0, 0, 7715, -20742, 1800, 1800, 255, 0, I_GOSUB, main_08, 0, 0
1852:   08                                                                                      endif
1853:   00                                                                                      nop

off_1854:
1854:   0100                                                                                    evt_end                 0

.proc main_0B
1856:   24040000                                                                                save                    4, 0
185A:   24050000                                                                                save                    5, 0
185E:   11005E00                                                                                do                      0, off_18C0
1862:   2E0401                                                                                  work_set                WK_OBJECT, 1
1865:   00                                                                                      nop
1866:   3D100B                                                                                  member_copy             16, 11
1869:   00                                                                                      nop
186A:   26000110803E                                                                            calc                    0, OP_SUB, 16, 16000
1870:   250410                                                                                  copy                    4, 16
1873:   00                                                                                      nop
1874:   6B00204E                                                                                light_kido_set          0, 20000
1878:   6B015046                                                                                light_kido_set          1, 18000
187C:   6A00000C7CFC                                                                            light_pos_set           0, 0, 12, -900
1882:   6A00000D08A3                                                                            light_pos_set           0, 0, 13, -23800
1888:   1D040401                                                                                work_copy               4, 4, 1
188C:   6A00000B0000                                                                            light_pos_set           0, 0, 11, 0
1892:   6A00010C6CEE                                                                            light_pos_set           0, 1, 12, -4500
1898:   6A00010D08A3                                                                            light_pos_set           0, 1, 13, -23800
189E:   1D040401                                                                                work_copy               4, 4, 1
18A2:   6A00010B0000                                                                            light_pos_set           0, 1, 11, 0
18A8:   251004                                                                                  copy                    16, 4
18AB:   00                                                                                      nop
18AC:   26000110C409                                                                            calc                    0, OP_SUB, 16, 2500
18B2:   250510                                                                                  copy                    5, 16
18B5:   00                                                                                      nop
18B6:   02                                                                                      evt_next
18B7:   00                                                                                      nop
18B8:   1206                                                                                    edwhile                 off_18C0
18BA:   23001A000800                                                                            cmp                     0, 26, CMP_EQ, 8

off_18C0:
18C0:   0100                                                                                    evt_end                 0

.proc main_0C
18C2:   8B5005000000                                                                            nop_8b                  80, 5, 0, 0, 0
18C8:   8C00323C1E000000                                                                        nop_8c                  0, 50, 60, 30, 0, 0, 0
18D0:   8C003C281E001400                                                                        nop_8c                  0, 60, 40, 30, 0, 20, 0
18D8:   8C00283C1E002800                                                                        nop_8c                  0, 40, 60, 30, 0, 40, 0
18E0:   8C003C2814003C00                                                                        nop_8c                  0, 60, 40, 20, 0, 60, 0
18E8:   8C003C001B004600                                                                        nop_8c                  0, 60, 0, 27, 0, 70, 0
18F0:   0100                                                                                    evt_end                 0
18F2:   4020                                                                                    db                      0x40, 0x20
