.version 2

.init
.proc init
078A:   2C0C0431000063AFC0B4C008E40203000000FFFF                                                aot_set                 ID_AOT_12, SCE_MESSAGE, SAT_PL | SAT_MANUAL | SAT_FRONT, 0, 0, -20637, -19264, 2240, 740, ID_MSG_3, 0, 0, 0, 255, 255
079E:   3B0001310000000000000000000051AB000023FC680404080600160500000000                        door_aot_se             ID_AOT_0, SCE_DOOR, SAT_PL | SAT_MANUAL | SAT_FRONT, 0, 0, 0, 0, 0, 0, -21679, 0, -989, 1128, 4, 8, 6, 0, 22, 5, 0, 0, UNLOCKED, 0
07BE:   06002800                                                                                if                      0, off_07EA
07C2:   21010100                                                                                ck                      FG_STATUS, F_SCENARIO, 0
07C6:   3B01013100000D9D54B59808E8030BC50000EAAE600C04040000070100000000                        door_aot_se             ID_AOT_1, SCE_DOOR, SAT_PL | SAT_MANUAL | SAT_FRONT, 0, 0, -25331, -19116, 2200, 1000, -15093, 0, -20758, 3168, 4, 4, 0, 0, 7, 1, 0, 0, UNLOCKED, 0
07E6:   07004600                                                                                else                    0, off_082C

off_07EA:
07EA:   3B01013100000D9D54B59808E80343C4A8B23DAF600C0406000B070100000000                        door_aot_se             ID_AOT_1, SCE_DOOR, SAT_PL | SAT_MANUAL | SAT_FRONT, 0, 0, -25331, -19116, 2200, 1000, -15293, -19800, -20675, 3168, 4, 6, 0, 11, 7, 1, 0, 0, UNLOCKED, 0
080A:   3B07013100000D9D54B59808E803D6C4000067B1700C04040000070100000000                        door_aot_se             ID_AOT_7, SCE_DOOR, SAT_PL | SAT_MANUAL | SAT_FRONT, 0, 0, -25331, -19116, 2200, 1000, -15146, 0, -20121, 3184, 4, 4, 0, 0, 7, 1, 0, 0, UNLOCKED, 0
082A:   00                                                                                      nop
082B:   00                                                                                      nop

off_082C:
082C:   2C020A3100007AB88495280AC409000001000000                                                aot_set                 ID_AOT_2, SCE_ITEMBOX, SAT_PL | SAT_MANUAL | SAT_FRONT, 0, 0, -18310, -27260, 2600, 2500, 0, 0, 1, 0, 0, 0
0840:   2D0000000000000000000A00100064BF38FA2E9B000000F80000000000000000000000000000            obj_model_set           ID_OBJ_0, 0, 0, 0, 0, 0, 0, 10, 16, -16540, -1480, -25810, 0, -2048, 0, 0, 0, 0, 0, 0, 0, 0, 0
0866:   2C10093100008CACF7A0A406DC05080000000000                                                aot_set                 ID_AOT_16, SCE_SAVE, SAT_PL | SAT_MANUAL | SAT_FRONT, 0, 0, -21364, -24329, 1700, 1500, 8, 0, 0, 0, 0, 0
087A:   0100                                                                                    evt_end                 0

.main
.proc main
0894:   1802                                                                                    gosub                   main_02
0896:   1803                                                                                    gosub                   main_03
0898:   0100                                                                                    evt_end                 0

.proc aot
089A:   1809                                                                                    gosub                   main_09
089C:   0100                                                                                    evt_end                 0

.proc main_02
089E:   2C0A05310000D99484948C0A8C0AFF0018040000                                                aot_set                 ID_AOT_10, SCE_EVENT, SAT_PL | SAT_MANUAL | SAT_FRONT, 0, 0, -27431, -27516, 2700, 2700, 255, 0, I_GOSUB, main_04, 0, 0
08B2:   2C0605310000DBBA85ABDC054006FF0018080000                                                aot_set                 ID_AOT_6, SCE_EVENT, SAT_PL | SAT_MANUAL | SAT_FRONT, 0, 0, -17701, -21627, 1500, 1600, 255, 0, I_GOSUB, main_08, 0, 0
08C6:   0600DC00                                                                                if                      0, off_09A6
08CA:   21010101                                                                                ck                      FG_STATUS, F_SCENARIO, 1
08CE:   2C0B06210000DBBA85ABDC0540060A005E000100                                                aot_set                 ID_AOT_11, SCE_FLAG_CHG, SAT_PL | SAT_FRONT, 0, 0, -17701, -21627, 1500, 1600, 10, 0, ITEM_UPKEY, 0, aot, 0
08E2:   06002600                                                                                if                      0, off_090C
08E6:   21043F00                                                                                ck                      FG_COMMON, 63, 0
08EA:   22043F01                                                                                set                     FG_COMMON, 63, 1
08EE:   4400FF450008000000FF7DA20000FC9CA80B00000000                                            sce_em_set              0, ID_EM_255, ENEMY_SHERRY_PENDANT, 0, AI_08, 0, SBK_0, 0, 255, -23939, 0, -25348, 2984, 0, 0
0904:   04FF1806                                                                                evt_exec                255, I_GOSUB, main_06
0908:   07004C00                                                                                else                    0, off_0954

off_090C:
090C:   06003E00                                                                                if                      0, off_094E
0910:   21044001                                                                                ck                      FG_COMMON, 64, 1
0914:   4400FF450008000000FF7DA20000FC9CA80B00000000                                            sce_em_set              0, ID_EM_255, ENEMY_SHERRY_PENDANT, 0, AI_08, 0, SBK_0, 0, 255, -23939, 0, -25348, 2984, 0, 0
092A:   2E0200                                                                                  work_set                WK_SPLAYER, 0
092D:   00                                                                                      nop
092E:   3D1000                                                                                  member_copy             V_TEMP, M_POINTER
0931:   00                                                                                      nop
0932:   260005100400                                                                            calc                    0, OP_OR, V_TEMP, 4
0938:   350010                                                                                  member_set2             M_POINTER, V_TEMP
093B:   00                                                                                      nop
093C:   06000A00                                                                                if                      0, off_094A
0940:   21220901                                                                                ck                      FG_ITEM_2, 9, 1
0944:   04FF1807                                                                                evt_exec                255, I_GOSUB, main_07
0948:   08                                                                                      endif
0949:   00                                                                                      nop

off_094A:
094A:   07000800                                                                                else                    0, off_0952

off_094E:
094E:   1805                                                                                    gosub                   main_05
0950:   00                                                                                      nop
0951:   00                                                                                      nop

off_0952:
0952:   00                                                                                      nop
0953:   00                                                                                      nop

off_0954:
0954:   06003E00                                                                                if                      0, off_0996
0958:   21046201                                                                                ck                      FG_COMMON, 98, 1
095C:   46010000000000000000                                                                    aot_reset               ID_AOT_1, SCE_AUTO, SAT_AUTO, 0, 0, 0, 0, 0, 0
0966:   5400160000000004D0BC94F8C0AE0000840300000000                                            sce_espr3d_on           0, 22, 0, 1024, -17200, -1900, -20800, 0, 900, 0, 0
097C:   5400152800000010D0BCCCF7B4B00000E80300000000                                            sce_espr3d_on           0, 10261, 0, 4096, -17200, -2100, -20300, 0, 1000, 0, 0
0992:   07001000                                                                                else                    0, off_09A2

off_0996:
0996:   46070000000000000000                                                                    aot_reset               ID_AOT_7, SCE_AUTO, SAT_AUTO, 0, 0, 0, 0, 0, 0
09A0:   00                                                                                      nop
09A1:   00                                                                                      nop

off_09A2:
09A2:   07000800                                                                                else                    0, off_09AA

off_09A6:
09A6:   1805                                                                                    gosub                   main_05
09A8:   00                                                                                      nop
09A9:   00                                                                                      nop

off_09AA:
09AA:   0100                                                                                    evt_end                 0

.proc main_03
09AC:   4E040231000078B751A80C03B6031900060002000200                                            item_aot_set            ID_AOT_4, SCE_ITEM, SAT_PL | SAT_MANUAL | SAT_FRONT, 0, 0, -18568, -22447, 780, 950, ITEM_FLAMEROUNDS, 6, 2, ID_OBJ_2, IF_DEFAULT
09C2:   2D0200000000000000000A0010003CB5AEF776A8C0FF00F80000000000000000000000000000            obj_model_set           ID_OBJ_2, 0, 0, 0, 0, 0, 0, 10, 16, -19140, -2130, -22410, -64, -2048, 0, 0, 0, 0, 0, 0, 0, 0, 0
09E8:   06004400                                                                                if                      0, off_0A30
09EC:   21010101                                                                                ck                      FG_STATUS, F_SCENARIO, 1
09F0:   4E05023100009EB451A8C60252031A00060003000500                                            item_aot_set            ID_AOT_5, SCE_ITEM, SAT_PL | SAT_MANUAL | SAT_FRONT, 0, 0, -19298, -22447, 710, 850, ITEM_ACIDROUNDS, 6, 3, ID_OBJ_5, IF_DEFAULT
0A06:   2D0500000000000000000A001000AEB3E0F776A8C0FF00F80000000000000000000000000000            obj_model_set           ID_OBJ_5, 0, 0, 0, 0, 0, 0, 10, 16, -19538, -2080, -22410, -64, -2048, 0, 0, 0, 0, 0, 0, 0, 0, 0
0A2C:   07004200                                                                                else                    0, off_0A6E

off_0A30:
0A30:   4E05023100009EB451A8C60252031800060003000300                                            item_aot_set            ID_AOT_5, SCE_ITEM, SAT_PL | SAT_MANUAL | SAT_FRONT, 0, 0, -19298, -22447, 710, 850, ITEM_EXPLOSIVEROUNDS, 6, 3, ID_OBJ_3, IF_DEFAULT
0A46:   2D0300000000000000000A001000AEB3E0F776A8C0FF00F80000000000000000000000000000            obj_model_set           ID_OBJ_3, 0, 0, 0, 0, 0, 0, 10, 16, -19538, -2080, -22410, -64, -2048, 0, 0, 0, 0, 0, 0, 0, 0, 0
0A6C:   00                                                                                      nop
0A6D:   00                                                                                      nop

off_0A6E:
0A6E:   4E0F02310000AE97C5ACB0043804230001001A000400                                            item_aot_set            ID_AOT_15, SCE_ITEM, SAT_PL | SAT_MANUAL | SAT_FRONT, 0, 0, -26706, -21307, 1200, 1080, ITEM_FAIDSPRAY, 1, 26, ID_OBJ_4, IF_DEFAULT
0A84:   2D0400000000000000000A0010009B965EF758B0000040FE0000000000000000000000000000            obj_model_set           ID_OBJ_4, 0, 0, 0, 0, 0, 0, 10, 16, -26981, -2210, -20392, 0, -448, 0, 0, 0, 0, 0, 0, 0, 0, 0
0AAA:   4E03023100008CACF7A0A406DC051E00030050000600                                            item_aot_set            ID_AOT_3, SCE_ITEM, SAT_PL | SAT_MANUAL | SAT_FRONT, 0, 0, -21364, -24329, 1700, 1500, ITEM_INKRIBBON, 3, 80, ID_OBJ_6, IF_DEFAULT
0AC0:   2D0600000000000000000A001000DEAF7EFA17A4000000000000000000000000000000000000            obj_model_set           ID_OBJ_6, 0, 0, 0, 0, 0, 0, 10, 16, -20514, -1410, -23529, 0, 0, 0, 0, 0, 0, 0, 0, 0, 0, 0
0AE6:   0100                                                                                    evt_end                 0

.proc main_04
0AE8:   2B000400FFFF                                                                            message_on              0, ID_MSG_4, 0, 255, 255
0AEE:   02                                                                                      evt_next
0AEF:   00                                                                                      nop
0AF0:   06001000                                                                                if                      0, off_0B04
0AF4:   210B1F00                                                                                ck                      FG_MESSAGE, F_QUESTION, 0
0AF8:   22010300                                                                                set                     FG_STATUS, 3, 0
0AFC:   22047101                                                                                set                     FG_COMMON, 113, 1
0B00:   4700                                                                                    aot_on                  ID_AOT_0
0B02:   08                                                                                      endif
0B03:   00                                                                                      nop

off_0B04:
0B04:   0100                                                                                    evt_end                 0

.proc main_05
0B06:   06006000                                                                                if                      0, off_0B6A
0B0A:   21010301                                                                                ck                      FG_STATUS, 3, 1
0B0E:   06002000                                                                                if                      0, off_0B32
0B12:   23001B000805                                                                            cmp                     0, V_LAST_RDT, CMP_EQ, 1288
0B18:   4400FF450004002000FFB69F00009599E80D00000000                                            sce_em_set              0, ID_EM_255, ENEMY_SHERRY_PENDANT, 0, AI_04, 0, SBK_32, 0, 255, -24650, 0, -26219, 3560, 0, 0
0B2E:   07001C00                                                                                else                    0, off_0B4A

off_0B32:
0B32:   4400FF450004002000FF679F0000ACB4E80D00000000                                            sce_em_set              0, ID_EM_255, ENEMY_SHERRY_PENDANT, 0, AI_04, 0, SBK_32, 0, 255, -24729, 0, -19284, 3560, 0, 0
0B48:   00                                                                                      nop
0B49:   00                                                                                      nop

off_0B4A:
0B4A:   06001800                                                                                if                      0, off_0B66
0B4E:   21010101                                                                                ck                      FG_STATUS, F_SCENARIO, 1
0B52:   2E0200                                                                                  work_set                WK_SPLAYER, 0
0B55:   00                                                                                      nop
0B56:   3D1007                                                                                  member_copy             V_TEMP, M_TYPE
0B59:   00                                                                                      nop
0B5A:   260005100008                                                                            calc                    0, OP_OR, V_TEMP, 2048
0B60:   350710                                                                                  member_set2             M_TYPE, V_TEMP
0B63:   00                                                                                      nop
0B64:   08                                                                                      endif
0B65:   00                                                                                      nop

off_0B66:
0B66:   07004200                                                                                else                    0, off_0BA8

off_0B6A:
0B6A:   06003800                                                                                if                      0, off_0BA6
0B6E:   21047101                                                                                ck                      FG_COMMON, 113, 1
0B72:   4400FF450004002000FFB69F00009599E80D00000000                                            sce_em_set              0, ID_EM_255, ENEMY_SHERRY_PENDANT, 0, AI_04, 0, SBK_32, 0, 255, -24650, 0, -26219, 3560, 0, 0
0B88:   06001800                                                                                if                      0, off_0BA4
0B8C:   21010101                                                                                ck                      FG_STATUS, F_SCENARIO, 1
0B90:   2E0200                                                                                  work_set                WK_SPLAYER, 0
0B93:   00                                                                                      nop
0B94:   3D1007                                                                                  member_copy             V_TEMP, M_TYPE
0B97:   00                                                                                      nop
0B98:   260005100008                                                                            calc                    0, OP_OR, V_TEMP, 2048
0B9E:   350710                                                                                  member_set2             M_TYPE, V_TEMP
0BA1:   00                                                                                      nop
0BA2:   08                                                                                      endif
0BA3:   00                                                                                      nop

off_0BA4:
0BA4:   08                                                                                      endif
0BA5:   00                                                                                      nop

off_0BA6:
0BA6:   00                                                                                      nop
0BA7:   00                                                                                      nop

off_0BA8:
0BA8:   0100                                                                                    evt_end                 0

.proc main_06
0BAA:   2E0100                                                                                  work_set                WK_PLAYER, 0
0BAD:   00                                                                                      nop
0BAE:   3200C6A400000A9E                                                                        pos_set                 0, -23354, 0, -25078
0BB6:   340FA80B                                                                                member_set              M_Y_DIR, 2984
0BBA:   22020701                                                                                set                     FG_STOP, 7, 1
0BBE:   22011B01                                                                                set                     FG_STATUS, 27, 1
0BC2:   02                                                                                      evt_next
0BC3:   2E0100                                                                                  work_set                WK_PLAYER, 0
0BC6:   400004210CA93CA2                                                                        plc_dest                0, 4, 33, -22260, -24004
0BCE:   090A1200                                                                                sleep                   10, 18
0BD2:   41020000000100041414                                                                    plc_neck                2, 0, 256, 1024, 20, 20
0BDC:   090A1200                                                                                sleep                   10, 18
0BE0:   2E0100                                                                                  work_set                WK_PLAYER, 0
0BE3:   00                                                                                      nop
0BE4:   41020000000000FC1414                                                                    plc_neck                2, 0, 0, -1024, 20, 20
0BEE:   090A0800                                                                                sleep                   10, 8
0BF2:   2E0200                                                                                  work_set                WK_SPLAYER, 0
0BF5:   00                                                                                      nop
0BF6:   41020000000000041414                                                                    plc_neck                2, 0, 0, 1024, 20, 20
0C00:   2901                                                                                    cut_chg                 1
0C02:   090A1E00                                                                                sleep                   10, 30
0C06:   2E0100                                                                                  work_set                WK_PLAYER, 0
0C09:   3F001600                                                                                plc_motion              0, 22, 0
0C0D:   00                                                                                      nop
0C0E:   090A1D00                                                                                sleep                   10, 29
0C12:   3D100F                                                                                  member_copy             V_TEMP, M_Y_DIR
0C15:   00                                                                                      nop
0C16:   2600001000FC                                                                            calc                    0, OP_ADD, V_TEMP, -1024
0C1C:   350F10                                                                                  member_set2             M_Y_DIR, V_TEMP
0C1F:   00                                                                                      nop
0C20:   090A0A00                                                                                sleep                   10, 10
0C24:   2E0100                                                                                  work_set                WK_PLAYER, 0
0C27:   00                                                                                      nop
0C28:   41050200000000001E1E                                                                    plc_neck                5, 2, 0, 0, 30, 30
0C32:   090A0800                                                                                sleep                   10, 8
0C36:   2E0200                                                                                  work_set                WK_SPLAYER, 0
0C39:   00                                                                                      nop
0C3A:   41050100000000001E1E                                                                    plc_neck                5, 1, 0, 0, 30, 30
0C44:   090A1400                                                                                sleep                   10, 20
0C48:   59000100                                                                                xa_on                   0, 1
0C4C:   090A0200                                                                                sleep                   10, 2
0C50:   2B0007000000                                                                            message_on              0, ID_MSG_7, 0, 0, 0
0C56:   2E0100                                                                                  work_set                WK_PLAYER, 0
0C59:   3F001000                                                                                plc_motion              0, 16, 0
0C5D:   00                                                                                      nop
0C5E:   090A2800                                                                                sleep                   10, 40
0C62:   3F001100                                                                                plc_motion              0, 17, 0
0C66:   090A3200                                                                                sleep                   10, 50
0C6A:   3F001400                                                                                plc_motion              0, 20, 0
0C6E:   0B                                                                                      wsleep
0C6F:   0C                                                                                      wsleeping
0C70:   59000200                                                                                xa_on                   0, 2
0C74:   090A0200                                                                                sleep                   10, 2
0C78:   2B0008000000                                                                            message_on              0, ID_MSG_8, 0, 0, 0
0C7E:   2E0200                                                                                  work_set                WK_SPLAYER, 0
0C81:   00                                                                                      nop
0C82:   41030100000000004646                                                                    plc_neck                3, 1, 0, 0, 70, 70
0C8C:   090A0A00                                                                                sleep                   10, 10
0C90:   41050100000000005050                                                                    plc_neck                5, 1, 0, 0, 80, 80
0C9A:   090A0A00                                                                                sleep                   10, 10
0C9E:   3D1000                                                                                  member_copy             V_TEMP, M_POINTER
0CA1:   00                                                                                      nop
0CA2:   260005100400                                                                            calc                    0, OP_OR, V_TEMP, 4
0CA8:   350010                                                                                  member_set2             M_POINTER, V_TEMP
0CAB:   00                                                                                      nop
0CAC:   0B                                                                                      wsleep
0CAD:   0C                                                                                      wsleeping
0CAE:   2E0100                                                                                  work_set                WK_PLAYER, 0
0CB1:   00                                                                                      nop
0CB2:   41060000000000005050                                                                    plc_neck                6, 0, 0, 0, 80, 80
0CBC:   2900                                                                                    cut_chg                 0
0CBE:   3C01                                                                                    cut_auto                1
0CC0:   22010300                                                                                set                     FG_STATUS, 3, 0
0CC4:   22044001                                                                                set                     FG_COMMON, 64, 1
0CC8:   2E0100                                                                                  work_set                WK_PLAYER, 0
0CCB:   42                                                                                      plc_ret
0CCC:   22020700                                                                                set                     FG_STOP, 7, 0
0CD0:   22011B00                                                                                set                     FG_STATUS, 27, 0
0CD4:   0100                                                                                    evt_end                 0

.proc main_07
0CD6:   02                                                                                      evt_next
0CD7:   2E0200                                                                                  work_set                WK_SPLAYER, 0
0CDA:   70                                                                                      splc_ret
0CDB:   22044000                                                                                set                     FG_COMMON, 64, 0
0CDF:   00                                                                                      nop
0CE0:   0100                                                                                    evt_end                 0

.proc main_08
0CE2:   06001800                                                                                if                      0, off_0CFE
0CE6:   21010101                                                                                ck                      FG_STATUS, F_SCENARIO, 1
0CEA:   06000C00                                                                                if                      0, off_0CFA
0CEE:   21046200                                                                                ck                      FG_COMMON, 98, 0
0CF2:   2B000100FFFF                                                                            message_on              0, ID_MSG_1, 0, 255, 255
0CF8:   08                                                                                      endif
0CF9:   00                                                                                      nop

off_0CFA:
0CFA:   07000C00                                                                                else                    0, off_0D06

off_0CFE:
0CFE:   2B000000FFFF                                                                            message_on              0, ID_MSG_0, 0, 255, 255
0D04:   00                                                                                      nop
0D05:   00                                                                                      nop

off_0D06:
0D06:   0100                                                                                    evt_end                 0

.proc main_09
0D08:   06002600                                                                                if                      0, off_0D32
0D0C:   21046200                                                                                ck                      FG_COMMON, 98, 0
0D10:   06001C00                                                                                if                      0, off_0D30
0D14:   230000000B00                                                                            cmp                     0, V_00, CMP_EQ, 11
0D1A:   06001000                                                                                if                      0, off_0D2E
0D1E:   230002005E00                                                                            cmp                     0, V_USED_ITEM, CMP_EQ, 94
0D24:   22046201                                                                                set                     FG_COMMON, 98, 1
0D28:   04FF180A                                                                                evt_exec                255, I_GOSUB, main_0A
0D2C:   08                                                                                      endif
0D2D:   00                                                                                      nop

off_0D2E:
0D2E:   08                                                                                      endif
0D2F:   00                                                                                      nop

off_0D30:
0D30:   08                                                                                      endif
0D31:   00                                                                                      nop

off_0D32:
0D32:   0100                                                                                    evt_end                 0

.proc main_0A
0D34:   625E                                                                                    sce_item_lost           ITEM_UPKEY
0D36:   460B0000000000000000                                                                    aot_reset               ID_AOT_11, SCE_AUTO, SAT_AUTO, 0, 0, 0, 0, 0, 0
0D40:   22020701                                                                                set                     FG_STOP, 7, 1
0D44:   22011B01                                                                                set                     FG_STATUS, 27, 1
0D48:   2E0100                                                                                  work_set                WK_PLAYER, 0
0D4B:   00                                                                                      nop
0D4C:   3200E0B90000A7AC                                                                        pos_set                 0, -17952, 0, -21337
0D54:   330000006D0D0000                                                                        dir_set                 0, 0, 3437, 0
0D5C:   2E0200                                                                                  work_set                WK_SPLAYER, 0
0D5F:   00                                                                                      nop
0D60:   3200CAB80000A8B1                                                                        pos_set                 0, -18230, 0, -20056
0D68:   330000003D120000                                                                        dir_set                 0, 0, 4669, 0
0D70:   71                                                                                      splc_sce
0D71:   00                                                                                      nop
0D72:   5400160000000004D0BC94F8C0AE0000840300000000                                            sce_espr3d_on           0, 22, 0, 1024, -17200, -1900, -20800, 0, 900, 0, 0
0D88:   22046201                                                                                set                     FG_COMMON, 98, 1
0D8C:   36020A000100000000000000                                                                se_on                   2, 10, 1, 0, 0, 0
0D98:   090A0F00                                                                                sleep                   10, 15
0D9C:   36020B000100000000000000                                                                se_on                   2, 11, 1, 0, 0, 0
0DA8:   090A6400                                                                                sleep                   10, 100
0DAC:   5400152800000010D0BCCCF7B4B00000E80300000000                                            sce_espr3d_on           0, 10261, 0, 4096, -17200, -2100, -20300, 0, 1000, 0, 0
0DC2:   2E0100                                                                                  work_set                WK_PLAYER, 0
0DC5:   00                                                                                      nop
0DC6:   4101D0BCCCF7B4B02020                                                                    plc_neck                1, -17200, -2100, -20300, 32, 32
0DD0:   090A3200                                                                                sleep                   10, 50
0DD4:   41050200000000002020                                                                    plc_neck                5, 2, 0, 0, 32, 32
0DDE:   400009215EB590B0                                                                        plc_dest                0, 9, 33, -19106, -20336
0DE6:   090A0600                                                                                sleep                   10, 6
0DEA:   59000300                                                                                xa_on                   0, 3
0DEE:   02                                                                                      evt_next
0DEF:   00                                                                                      nop
0DF0:   2B0009000000                                                                            message_on              0, ID_MSG_9, 0, 0, 0
0DF6:   2E0100                                                                                  work_set                WK_PLAYER, 0
0DF9:   3F001100                                                                                plc_motion              0, 17, 0
0DFD:   00                                                                                      nop
0DFE:   090A1E00                                                                                sleep                   10, 30
0E02:   3F001008                                                                                plc_motion              0, 16, 8
0E06:   0B                                                                                      wsleep
0E07:   0C                                                                                      wsleeping
0E08:   46070131D6C4000067B1                                                                    aot_reset               ID_AOT_7, SCE_DOOR, SAT_PL | SAT_MANUAL | SAT_FRONT, 214, 196, 0, 0, 103, 177
0E12:   46010000000000000000                                                                    aot_reset               ID_AOT_1, SCE_AUTO, SAT_AUTO, 0, 0, 0, 0, 0, 0
0E1C:   22095D01                                                                                set                     FG_MAP, 93, 1
0E20:   2E0100                                                                                  work_set                WK_PLAYER, 0
0E23:   42                                                                                      plc_ret
0E24:   2E0200                                                                                  work_set                WK_SPLAYER, 0
0E27:   70                                                                                      splc_ret
0E28:   22020700                                                                                set                     FG_STOP, 7, 0
0E2C:   22011B00                                                                                set                     FG_STATUS, 27, 0
0E30:   0100                                                                                    evt_end                 0

.proc main_0B
0E32:   11000800                                                                                do                      0, off_0E3E
0E36:   02                                                                                      evt_next
0E37:   00                                                                                      nop
0E38:   1204                                                                                    edwhile                 off_0E3E
0E3A:   21050000                                                                                ck                      FG_ROOM, 0, 0

off_0E3E:
0E3E:   22050000                                                                                set                     FG_ROOM, 0, 0
0E42:   0100                                                                                    evt_end                 0
