.version 2
.init
.proc init_00
13C2:   06005600                                                                                if                      0, off_141C
13C6:   21010001                                                                                ck                      1, 0, 1
13CA:   06002800                                                                                if                      0, off_13F6
13CE:   21010100                                                                                ck                      1, 1, 0
13D2:   3B00013100004B92429708079808EBE80000DB9AD0F7040205001A0100000000                        door_aot_se             0, SCE_DOOR, SAT_PL | SAT_MANUAL | SAT_FRONT, 0, 0, -28085, -26814, 1800, 2200, -5909, 0, -25893, -2096, 4, 2, 5, 0, 26, 1, 0, 0, UNLOCKED, 0
13F2:   07002600                                                                                else                    0, off_1418

off_13F6:
13F6:   3B00013100004B92429708079808EBE80000DB9AD0F704020B001A0100000000                        door_aot_se             0, SCE_DOOR, SAT_PL | SAT_MANUAL | SAT_FRONT, 0, 0, -28085, -26814, 1800, 2200, -5909, 0, -25893, -2096, 4, 2, 11, 0, 26, 1, 0, 0, UNLOCKED, 0
1416:   00                                                                                      nop
1417:   00                                                                                      nop

off_1418:
1418:   07002600                                                                                else                    0, off_143E

off_141C:
141C:   3B00013100004B92429708079808EBE80000DB9AD0F704020B001A0100000000                        door_aot_se             0, SCE_DOOR, SAT_PL | SAT_MANUAL | SAT_FRONT, 0, 0, -28085, -26814, 1800, 2200, -5909, 0, -25893, -2096, 4, 2, 11, 0, 26, 1, 0, 0, UNLOCKED, 0
143C:   00                                                                                      nop
143D:   00                                                                                      nop

off_143E:
143E:   3B01013100000000000000000000E8A000003D9B40FF04030000160400000000                        door_aot_se             1, SCE_DOOR, SAT_PL | SAT_MANUAL | SAT_FRONT, 0, 0, 0, 0, 0, 0, -24344, 0, -25795, -192, 4, 3, 0, 0, 22, 4, 0, 0, UNLOCKED, 0
145E:   06006000                                                                                if                      0, off_14C2
1462:   21010101                                                                                ck                      1, 1, 1
1466:   4400001F06000005010BACB7000063C42DFF00000000                                            sce_em_set              0, 0, ENEMY_ZOMBIERANDOM, 6, 0, 0, 5, 1, 11, -18516, 0, -15261, -211, 0, 0
147C:   4400011F06000005010C36B90000A7CB470200000000                                            sce_em_set              0, 1, ENEMY_ZOMBIERANDOM, 6, 0, 0, 5, 1, 12, -18122, 0, -13401, 583, 0, 0
1492:   4400021F06000005010DB8AE000041EE0D0700000000                                            sce_em_set              0, 2, ENEMY_ZOMBIERANDOM, 6, 0, 0, 5, 1, 13, -20808, 0, -4543, 1805, 0, 0
14A8:   4400031F06000005023762D400005EC7CD0700000000                                            sce_em_set              0, 3, ENEMY_ZOMBIERANDOM, 6, 0, 0, 5, 2, 55, -11166, 0, -14498, 1997, 0, 0
14BE:   07005E00                                                                                else                    0, off_151C

off_14C2:
14C2:   4400001F00000005010B69B10000B8C5510E00000000                                            sce_em_set              0, 0, ENEMY_ZOMBIERANDOM, 0, 0, 0, 5, 1, 11, -20119, 0, -14920, 3665, 0, 0
14D8:   4400011F00000005010CB5EE00009BE7BF0300000000                                            sce_em_set              0, 1, ENEMY_ZOMBIERANDOM, 0, 0, 0, 5, 1, 12, -4427, 0, -6245, 959, 0, 0
14EE:   4400021F06000005010DF0AE000006EC310700000000                                            sce_em_set              0, 2, ENEMY_ZOMBIERANDOM, 6, 0, 0, 5, 1, 13, -20752, 0, -5114, 1841, 0, 0
1504:   4400031F06000005023798E0000042C9730700000000                                            sce_em_set              0, 3, ENEMY_ZOMBIERANDOM, 6, 0, 0, 5, 2, 55, -8040, 0, -14014, 1907, 0, 0
151A:   00                                                                                      nop
151B:   00                                                                                      nop

off_151C:
151C:   0100                                                                                    evt_end                 0
151E:   2000                                                                                    db                      0x20, 0x00

.main
.proc main_00
152A:   2C060531000028A6B4FBB80BF005FF0018030000                                                aot_set                 6, SCE_EVENT, SAT_PL | SAT_MANUAL | SAT_FRONT, 0, 0, -23000, -1100, 3000, 1520, 255, 0, I_GOSUB, main_03, 0, 0
153E:   06000C00                                                                                if                      0, off_154E
1542:   21010101                                                                                ck                      1, 1, 1
1546:   4B020A                                                                                  cut_replace             2, 10
1549:   4B030B                                                                                  cut_replace             3, 11
154C:   08                                                                                      endif
154D:   00                                                                                      nop

off_154E:
154E:   1804                                                                                    gosub                   4
1550:   1802                                                                                    gosub                   2
1552:   0100                                                                                    evt_end                 0

.proc main_01
1554:   0100                                                                                    evt_end                 0

.proc main_02
1556:   4E0202310000D9E67EE6F00582052600010040000001                                            item_aot_set            2, SCE_ITEM, SAT_PL | SAT_MANUAL | SAT_FRONT, 0, 0, -6439, -6530, 1520, 1410, ITEM_HERBG, 1, 64, 0, 1
156C:   2D0000000000000000000A0010008FEA00000EE8000000080000000000000000000000000000            obj_model_set           0, 0, 0, 0, 0, 0, 0, 10, 16, -5489, 0, -6130, 0, 2048, 0, 0, 0, 0, 0, 0, 0, 0, 0
1592:   06004400                                                                                if                      0, off_15DA
1596:   21010100                                                                                ck                      1, 1, 0
159A:   4E03023100006BF000E76E0540062600010041000101                                            item_aot_set            3, SCE_ITEM, SAT_PL | SAT_MANUAL | SAT_FRONT, 0, 0, -3989, -6400, 1390, 1600, ITEM_HERBG, 1, 65, 1, 1
15B0:   2D0100000000000000000A001000F5F2000026E9000000080000000000000000000000000000            obj_model_set           1, 0, 0, 0, 0, 0, 0, 10, 16, -3339, 0, -5850, 0, 2048, 0, 0, 0, 0, 0, 0, 0, 0, 0
15D6:   07004200                                                                                else                    0, off_1618

off_15DA:
15DA:   4E03023100006BF000E76E0540062800010041000201                                            item_aot_set            3, SCE_ITEM, SAT_PL | SAT_MANUAL | SAT_FRONT, 0, 0, -3989, -6400, 1390, 1600, ITEM_HERBB, 1, 65, 2, 1
15F0:   2D0200000000000000000A001000F5F2000026E9000000080000000000000000000000000000            obj_model_set           2, 0, 0, 0, 0, 0, 0, 10, 16, -3339, 0, -5850, 0, 2048, 0, 0, 0, 0, 0, 0, 0, 0, 0
1616:   00                                                                                      nop
1617:   00                                                                                      nop

off_1618:
1618:   0100                                                                                    evt_end                 0

.proc main_03
161A:   2B000000FFFF                                                                            message_on              0, 0, 0, 255, 255
1620:   02                                                                                      evt_next
1621:   00                                                                                      nop
1622:   06000800                                                                                if                      0, off_162E
1626:   210B1F00                                                                                ck                      11, 31, 0
162A:   4701                                                                                    aot_on                  1
162C:   08                                                                                      endif
162D:   00                                                                                      nop

off_162E:
162E:   0100                                                                                    evt_end                 0

.proc main_04
1630:   06005E00                                                                                if                      0, off_1692
1634:   21010301                                                                                ck                      1, 3, 1
1638:   06002000                                                                                if                      0, off_165C
163C:   23001B000205                                                                            cmp                     0, 27, CMP_EQ, 1282
1642:   4400FF450004002000FF53990000E698500F00000000                                            sce_em_set              0, 255, ENEMY_SHERRYWITHPENDANT, 0, 4, 0, 32, 0, 255, -26285, 0, -26394, 3920, 0, 0
1658:   07001C00                                                                                else                    0, off_1674

off_165C:
165C:   4400FF450004002000FFF5A7000023FC200300000000                                            sce_em_set              0, 255, ENEMY_SHERRYWITHPENDANT, 0, 4, 0, 32, 0, 255, -22539, 0, -989, 800, 0, 0
1672:   00                                                                                      nop
1673:   00                                                                                      nop

off_1674:
1674:   06001800                                                                                if                      0, off_1690
1678:   21010101                                                                                ck                      1, 1, 1
167C:   2E0200                                                                                  work_set                WK_SPLAYER, 0
167F:   00                                                                                      nop
1680:   3D1007                                                                                  member_copy             16, 7
1683:   00                                                                                      nop
1684:   260005100008                                                                            calc                    0, OP_OR, 16, 2048
168A:   350710                                                                                  member_set2             7, 16
168D:   00                                                                                      nop
168E:   08                                                                                      endif
168F:   00                                                                                      nop

off_1690:
1690:   08                                                                                      endif
1691:   00                                                                                      nop

off_1692:
1692:   0100                                                                                    evt_end                 0
