.version 2

.init
.proc init
085A:   06002800                                                                                if                      0, off_0886
085E:   21049101                                                                                ck                      FG_COMMON, 145, 1
0862:   3B030131000004B05CF28205D81387AD00009CA400F805010000270000000000                        door_aot_se             ID_AOT_3, SCE_DOOR, SAT_PL | SAT_MANUAL | SAT_FRONT, 0, 0, -20476, -3492, 1410, 5080, -21113, 0, -23396, -2048, 5, 1, 0, 0, 39, 0, 0, 0, UNLOCKED, 0
0882:   07001A00                                                                                else                    0, off_089C

off_0886:
0886:   2C030431000004B05CF28205D81309000000FFFF                                                aot_set                 ID_AOT_3, SCE_MESSAGE, SAT_PL | SAT_MANUAL | SAT_FRONT, 0, 0, -20476, -3492, 1410, 5080, ID_MSG_9, 0, 0, 0, 255, 255
089A:   00                                                                                      nop
089B:   00                                                                                      nop

off_089C:
089C:   3B040131000084CB4CA30C17380473A4E8EAD0EE681205030003260000000000                        door_aot_se             ID_AOT_4, SCE_DOOR, SAT_PL | SAT_MANUAL | SAT_FRONT, 0, 0, -13436, -23732, 5900, 1080, -23437, -5400, -4400, 4712, 5, 3, 0, 3, 38, 0, 0, 0, UNLOCKED, 0
08BC:   2D0000000000000000000A000000EED30000B9FD000000000000000000000000000000000000            obj_model_set           ID_OBJ_0, 0, 0, 0, 0, 0, 0, 10, 0, -11282, 0, -583, 0, 0, 0, 0, 0, 0, 0, 0, 0, 0, 0
08E2:   2D0100000000000000000A000000ACD7B0B936D9000000000000000000000000000000000000            obj_model_set           ID_OBJ_1, 0, 0, 0, 0, 0, 0, 10, 0, -10324, -18000, -9930, 0, 0, 0, 0, 0, 0, 0, 0, 0, 0, 0
0908:   2D0200000000000000000A0000001AD80000F1C4000000000000000000000000000000000000            obj_model_set           ID_OBJ_2, 0, 0, 0, 0, 0, 0, 10, 0, -10214, 0, -15119, 0, 0, 0, 0, 0, 0, 0, 0, 0, 0, 0
092E:   0100                                                                                    evt_end                 0

.main
.proc main
0944:   1802                                                                                    gosub                   main_02
0946:   2E0401                                                                                  work_set                WK_OBJECT, ID_OBJ_1
0949:   00                                                                                      nop
094A:   32000000B0B90000                                                                        pos_set                 0, 0, -18000, 0
0952:   2E0402                                                                                  work_set                WK_OBJECT, ID_OBJ_2
0955:   00                                                                                      nop
0956:   32000000B0B90000                                                                        pos_set                 0, 0, -18000, 0
095E:   0100                                                                                    evt_end                 0

.proc aot
0960:   1805                                                                                    gosub                   main_05
0962:   0100                                                                                    evt_end                 0

.proc main_02
0964:   06000C00                                                                                if                      0, off_0974
0968:   23001B000006                                                                            cmp                     0, V_LAST_RDT, CMP_EQ, 1536
096E:   04FF1806                                                                                evt_exec                255, I_GOSUB, main_06
0972:   08                                                                                      endif
0973:   00                                                                                      nop

off_0974:
0974:   24061000                                                                                save                    V_06, 16
0978:   1805                                                                                    gosub                   main_05
097A:   06001A00                                                                                if                      0, off_0998
097E:   21049101                                                                                ck                      FG_COMMON, 145, 1
0982:   2C010531000004B05CF28205D813FF0018030000                                                aot_set                 ID_AOT_1, SCE_EVENT, SAT_PL | SAT_MANUAL | SAT_FRONT, 0, 0, -20476, -3492, 1410, 5080, 255, 0, I_GOSUB, main_03, 0, 0
0996:   08                                                                                      endif
0997:   00                                                                                      nop

off_0998:
0998:   2C020531000084CB4CA30C173804FF0018040000                                                aot_set                 ID_AOT_2, SCE_EVENT, SAT_PL | SAT_MANUAL | SAT_FRONT, 0, 0, -13436, -23732, 5900, 1080, 255, 0, I_GOSUB, main_04, 0, 0
09AC:   0100                                                                                    evt_end                 0

.proc main_03
09AE:   4703                                                                                    aot_on                  ID_AOT_3
09B0:   0100                                                                                    evt_end                 0

.proc main_04
09B2:   4704                                                                                    aot_on                  ID_AOT_4
09B4:   0100                                                                                    evt_end                 0

.proc main_05
09B6:   06009400                                                                                if                      0, off_0A4E
09BA:   1D060401                                                                                work_copy               6, 4, 1
09BE:   23001A050000                                                                            cmp                     0, V_CUT, CMP_NE, 0
09C4:   131A8000                                                                                switch                  26, off_0A48
09C8:   140008000000                                                                            case                    0, off_09D6, 0
09CE:   510100013C40                                                                            sce_bgm_control         BGM_CHANNEL_SUB0, BGM_OP_NOP, BGM_TYPE_PROG0_VOL, 60, 64
09D4:   1A00                                                                                    break                   0

off_09D6:
09D6:   140008000100                                                                            case                    0, off_09E4, 1
09DC:   510100013240                                                                            sce_bgm_control         BGM_CHANNEL_SUB0, BGM_OP_NOP, BGM_TYPE_PROG0_VOL, 50, 64
09E2:   1A00                                                                                    break                   0

off_09E4:
09E4:   140008000200                                                                            case                    0, off_09F2, 2
09EA:   510100013240                                                                            sce_bgm_control         BGM_CHANNEL_SUB0, BGM_OP_NOP, BGM_TYPE_PROG0_VOL, 50, 64
09F0:   1A00                                                                                    break                   0

off_09F2:
09F2:   140008000300                                                                            case                    0, off_0A00, 3
09F8:   510100012840                                                                            sce_bgm_control         BGM_CHANNEL_SUB0, BGM_OP_NOP, BGM_TYPE_PROG0_VOL, 40, 64
09FE:   1A00                                                                                    break                   0

off_0A00:
0A00:   140008000400                                                                            case                    0, off_0A0E, 4
0A06:   510100012840                                                                            sce_bgm_control         BGM_CHANNEL_SUB0, BGM_OP_NOP, BGM_TYPE_PROG0_VOL, 40, 64
0A0C:   1A00                                                                                    break                   0

off_0A0E:
0A0E:   140008000500                                                                            case                    0, off_0A1C, 5
0A14:   510100012814                                                                            sce_bgm_control         BGM_CHANNEL_SUB0, BGM_OP_NOP, BGM_TYPE_PROG0_VOL, 40, 20
0A1A:   1A00                                                                                    break                   0

off_0A1C:
0A1C:   140008000600                                                                            case                    0, off_0A2A, 6
0A22:   510100013C40                                                                            sce_bgm_control         BGM_CHANNEL_SUB0, BGM_OP_NOP, BGM_TYPE_PROG0_VOL, 60, 64
0A28:   1A00                                                                                    break                   0

off_0A2A:
0A2A:   140008000700                                                                            case                    0, off_0A38, 7
0A30:   510100013240                                                                            sce_bgm_control         BGM_CHANNEL_SUB0, BGM_OP_NOP, BGM_TYPE_PROG0_VOL, 50, 64
0A36:   1A00                                                                                    break                   0

off_0A38:
0A38:   140008000800                                                                            case                    0, off_0A46, 8
0A3E:   510100013240                                                                            sce_bgm_control         BGM_CHANNEL_SUB0, BGM_OP_NOP, BGM_TYPE_PROG0_VOL, 50, 64
0A44:   1A00                                                                                    break                   0

off_0A46:
0A46:   1600                                                                                    eswitch                 0

off_0A48:
0A48:   25061A                                                                                  copy                    V_06, V_CUT
0A4B:   00                                                                                      nop
0A4C:   08                                                                                      endif
0A4D:   00                                                                                      nop

off_0A4E:
0A4E:   0100                                                                                    evt_end                 0

.proc main_06
0A50:   02                                                                                      evt_next
0A51:   22020701                                                                                set                     FG_STOP, 7, 1
0A55:   22011B01                                                                                set                     FG_STATUS, 27, 1
0A59:   2903                                                                                    cut_chg                 3
0A5B:   2E0100                                                                                  work_set                WK_PLAYER, 0
0A5E:   320087D890E8B9FD                                                                        pos_set                 0, -10105, -6000, -583
0A66:   3300000088F80000                                                                        dir_set                 0, 0, -1912, 0
0A6E:   3F000F00                                                                                plc_motion              0, 15, 0
0A72:   04FF1808                                                                                evt_exec                255, I_GOSUB, main_08
0A76:   090A0A00                                                                                sleep                   10, 10
0A7A:   04FF1807                                                                                evt_exec                255, I_GOSUB, main_07
0A7E:   24040000                                                                                save                    V_04, 0
0A82:   0D001E000A00                                                                            for                     0, off_0AA6, 10
0A88:   3D100C                                                                                  member_copy             V_TEMP, M_Y_POS
0A8B:   00                                                                                      nop
0A8C:   27001004                                                                                calc2                   OP_ADD, V_TEMP, V_04
0A90:   350C10                                                                                  member_set2             M_Y_POS, V_TEMP
0A93:   00                                                                                      nop
0A94:   251004                                                                                  copy                    V_TEMP, V_04
0A97:   00                                                                                      nop
0A98:   260000105A00                                                                            calc                    0, OP_ADD, V_TEMP, 90
0A9E:   250410                                                                                  copy                    V_04, V_TEMP
0AA1:   00                                                                                      nop
0AA2:   02                                                                                      evt_next
0AA3:   00                                                                                      nop
0AA4:   0E00                                                                                    next                    0

off_0AA6:
0AA6:   3F001000                                                                                plc_motion              0, 16, 0
0AAA:   36021D00000087D80000B9FD                                                                se_on                   2, 29, 0, -10105, 0, -583
0AB6:   8A0003000000                                                                            nop_8a                  0, 3, 0, 0, 0
0ABC:   8BFF05000000                                                                            nop_8b                  255, 5, 0, 0, 0
0AC2:   3D100C                                                                                  member_copy             V_TEMP, M_Y_POS
0AC5:   00                                                                                      nop
0AC6:   27001004                                                                                calc2                   OP_ADD, V_TEMP, V_04
0ACA:   350C10                                                                                  member_set2             M_Y_POS, V_TEMP
0ACD:   00                                                                                      nop
0ACE:   251004                                                                                  copy                    V_TEMP, V_04
0AD1:   00                                                                                      nop
0AD2:   260000105A00                                                                            calc                    0, OP_ADD, V_TEMP, 90
0AD8:   250410                                                                                  copy                    V_04, V_TEMP
0ADB:   00                                                                                      nop
0ADC:   02                                                                                      evt_next
0ADD:   00                                                                                      nop
0ADE:   3D100C                                                                                  member_copy             V_TEMP, M_Y_POS
0AE1:   00                                                                                      nop
0AE2:   27001004                                                                                calc2                   OP_ADD, V_TEMP, V_04
0AE6:   350C10                                                                                  member_set2             M_Y_POS, V_TEMP
0AE9:   00                                                                                      nop
0AEA:   251004                                                                                  copy                    V_TEMP, V_04
0AED:   00                                                                                      nop
0AEE:   260000105A00                                                                            calc                    0, OP_ADD, V_TEMP, 90
0AF4:   250410                                                                                  copy                    V_04, V_TEMP
0AF7:   00                                                                                      nop
0AF8:   02                                                                                      evt_next
0AF9:   00                                                                                      nop
0AFA:   320087D80000B9FD                                                                        pos_set                 0, -10105, 0, -583
0B02:   090A1900                                                                                sleep                   10, 25
0B06:   41020000000000FC6060                                                                    plc_neck                2, 0, 0, -1024, 96, 96
0B10:   090A1700                                                                                sleep                   10, 23
0B14:   3F001100                                                                                plc_motion              0, 17, 0
0B18:   090A1E00                                                                                sleep                   10, 30
0B1C:   41020000000080001010                                                                    plc_neck                2, 0, 0, 128, 16, 16
0B26:   3F001180                                                                                plc_motion              0, 17, 128
0B2A:   090A1400                                                                                sleep                   10, 20
0B2E:   36020C0000001AD80000F1C4                                                                se_on                   2, 12, 0, -10214, 0, -15119
0B3A:   090A0A00                                                                                sleep                   10, 10
0B3E:   41020000000000006060                                                                    plc_neck                2, 0, 0, 0, 96, 96
0B48:   090A1400                                                                                sleep                   10, 20
0B4C:   41020000000400002020                                                                    plc_neck                2, 0, 1024, 0, 32, 32
0B56:   090A1400                                                                                sleep                   10, 20
0B5A:   4102000000FC00002020                                                                    plc_neck                2, 0, -1024, 0, 32, 32
0B64:   090A1400                                                                                sleep                   10, 20
0B68:   41020000000400002020                                                                    plc_neck                2, 0, 1024, 0, 32, 32
0B72:   090A2800                                                                                sleep                   10, 40
0B76:   4000092078EC91FE                                                                        plc_dest                0, 9, 32, -5000, -367
0B7E:   5800C800                                                                                plc_rot                 0, 200
0B82:   41020000000000002020                                                                    plc_neck                2, 0, 0, 0, 32, 32
0B8C:   090A2800                                                                                sleep                   10, 40
0B90:   41020000000000FC2020                                                                    plc_neck                2, 0, 0, -1024, 32, 32
0B9A:   090A2800                                                                                sleep                   10, 40
0B9E:   510102000000                                                                            sce_bgm_control         BGM_CHANNEL_SUB0, BGM_OP_STOP, BGM_TYPE_MAIN_VOL, 0, 0
0BA4:   02                                                                                      evt_next
0BA5:   6F07                                                                                    movie_on                7
0BA7:   02                                                                                      evt_next
0BA8:   510101012840                                                                            sce_bgm_control         BGM_CHANNEL_SUB0, BGM_OP_START, BGM_TYPE_PROG0_VOL, 40, 64
0BAE:   2E0100                                                                                  work_set                WK_PLAYER, 0
0BB1:   00                                                                                      nop
0BB2:   4000052078EC91FE                                                                        plc_dest                0, 5, 32, -5000, -367
0BBA:   090A0800                                                                                sleep                   10, 8
0BBE:   4000062078EC91FE                                                                        plc_dest                0, 6, 32, -5000, -367
0BC6:   090A1E00                                                                                sleep                   10, 30
0BCA:   41020000000000002020                                                                    plc_neck                2, 0, 0, 0, 32, 32
0BD4:   090A0A00                                                                                sleep                   10, 10
0BD8:   2E0100                                                                                  work_set                WK_PLAYER, 0
0BDB:   42                                                                                      plc_ret
0BDC:   3C01                                                                                    cut_auto                1
0BDE:   22020700                                                                                set                     FG_STOP, 7, 0
0BE2:   22011B00                                                                                set                     FG_STATUS, 27, 0
0BE6:   0100                                                                                    evt_end                 0

.proc main_07
0BE8:   36021000000087D890E8B9FD                                                                se_on                   2, 16, 0, -10105, -6000, -583
0BF4:   3A0019000000001087D890E8B9FD0000                                                        sce_espr_on             0, 25, 0, 4096, -10105, -6000, -583, 0
0C04:   090A0300                                                                                sleep                   10, 3
0C08:   3A0019000000001087D890E8B9FD0000                                                        sce_espr_on             0, 25, 0, 4096, -10105, -6000, -583, 0
0C18:   090A0500                                                                                sleep                   10, 5
0C1C:   3A001900000000109FD490E8B9FD0000                                                        sce_espr_on             0, 25, 0, 4096, -11105, -6000, -583, 0
0C2C:   090A0200                                                                                sleep                   10, 2
0C30:   3A001900000000109FD490E8B9FD0000                                                        sce_espr_on             0, 25, 0, 4096, -11105, -6000, -583, 0
0C40:   090A0500                                                                                sleep                   10, 5
0C44:   3A00190000000010A7DB90E8D1F90000                                                        sce_espr_on             0, 25, 0, 4096, -9305, -6000, -1583, 0
0C54:   090A0400                                                                                sleep                   10, 4
0C58:   0100                                                                                    evt_end                 0

.proc main_08
0C5A:   2E0400                                                                                  work_set                WK_OBJECT, ID_OBJ_0
0C5D:   00                                                                                      nop
0C5E:   3200CBD5BCE9B9FD                                                                        pos_set                 0, -10805, -5700, -583
0C66:   3300000000000000                                                                        dir_set                 0, 0, 0, 0
0C6E:   24050000                                                                                save                    V_05, 0
0C72:   0D002C000900                                                                            for                     0, off_0CA4, 9
0C78:   3D100C                                                                                  member_copy             V_TEMP, M_Y_POS
0C7B:   00                                                                                      nop
0C7C:   27001005                                                                                calc2                   OP_ADD, V_TEMP, V_05
0C80:   350C10                                                                                  member_set2             M_Y_POS, V_TEMP
0C83:   00                                                                                      nop
0C84:   3D1010                                                                                  member_copy             V_TEMP, M_Z_DIR
0C87:   00                                                                                      nop
0C88:   260000102800                                                                            calc                    0, OP_ADD, V_TEMP, 40
0C8E:   351010                                                                                  member_set2             M_Z_DIR, V_TEMP
0C91:   00                                                                                      nop
0C92:   251005                                                                                  copy                    V_TEMP, V_05
0C95:   00                                                                                      nop
0C96:   260000105A00                                                                            calc                    0, OP_ADD, V_TEMP, 90
0C9C:   250510                                                                                  copy                    V_05, V_TEMP
0C9F:   00                                                                                      nop
0CA0:   02                                                                                      evt_next
0CA1:   00                                                                                      nop
0CA2:   0E00                                                                                    next                    0

off_0CA4:
0CA4:   0D002C000200                                                                            for                     0, off_0CD6, 2
0CAA:   3D100C                                                                                  member_copy             V_TEMP, M_Y_POS
0CAD:   00                                                                                      nop
0CAE:   27001005                                                                                calc2                   OP_ADD, V_TEMP, V_05
0CB2:   350C10                                                                                  member_set2             M_Y_POS, V_TEMP
0CB5:   00                                                                                      nop
0CB6:   3D1010                                                                                  member_copy             V_TEMP, M_Z_DIR
0CB9:   00                                                                                      nop
0CBA:   260001105000                                                                            calc                    0, OP_SUB, V_TEMP, 80
0CC0:   351010                                                                                  member_set2             M_Z_DIR, V_TEMP
0CC3:   00                                                                                      nop
0CC4:   251005                                                                                  copy                    V_TEMP, V_05
0CC7:   00                                                                                      nop
0CC8:   260000105A00                                                                            calc                    0, OP_ADD, V_TEMP, 90
0CCE:   250510                                                                                  copy                    V_05, V_TEMP
0CD1:   00                                                                                      nop
0CD2:   02                                                                                      evt_next
0CD3:   00                                                                                      nop
0CD4:   0E00                                                                                    next                    0

off_0CD6:
0CD6:   36020E010000CBD5BCE9B9FD                                                                se_on                   2, 270, 0, -10805, -5700, -583
0CE2:   8A0005000000                                                                            nop_8a                  0, 5, 0, 0, 0
0CE8:   8BFA05000000                                                                            nop_8b                  250, 5, 0, 0, 0
0CEE:   8C00C8320A000500                                                                        nop_8c                  0, 200, 50, 10, 0, 5, 0
0CF6:   340C0000                                                                                member_set              M_Y_POS, 0
0CFA:   3D100B                                                                                  member_copy             V_TEMP, M_X_POS
0CFD:   00                                                                                      nop
0CFE:   260001103200                                                                            calc                    0, OP_SUB, V_TEMP, 50
0D04:   350B10                                                                                  member_set2             M_X_POS, V_TEMP
0D07:   00                                                                                      nop
0D08:   3D1010                                                                                  member_copy             V_TEMP, M_Z_DIR
0D0B:   00                                                                                      nop
0D0C:   260001105000                                                                            calc                    0, OP_SUB, V_TEMP, 80
0D12:   351010                                                                                  member_set2             M_Z_DIR, V_TEMP
0D15:   00                                                                                      nop
0D16:   02                                                                                      evt_next
0D17:   00                                                                                      nop
0D18:   2405C0FE                                                                                save                    V_05, -320
0D1C:   0D003A000600                                                                            for                     0, off_0D5C, 6
0D22:   3D100C                                                                                  member_copy             V_TEMP, M_Y_POS
0D25:   00                                                                                      nop
0D26:   27001005                                                                                calc2                   OP_ADD, V_TEMP, V_05
0D2A:   350C10                                                                                  member_set2             M_Y_POS, V_TEMP
0D2D:   00                                                                                      nop
0D2E:   3D100B                                                                                  member_copy             V_TEMP, M_X_POS
0D31:   00                                                                                      nop
0D32:   260001103200                                                                            calc                    0, OP_SUB, V_TEMP, 50
0D38:   350B10                                                                                  member_set2             M_X_POS, V_TEMP
0D3B:   00                                                                                      nop
0D3C:   3D1010                                                                                  member_copy             V_TEMP, M_Z_DIR
0D3F:   00                                                                                      nop
0D40:   260001105000                                                                            calc                    0, OP_SUB, V_TEMP, 80
0D46:   351010                                                                                  member_set2             M_Z_DIR, V_TEMP
0D49:   00                                                                                      nop
0D4A:   251005                                                                                  copy                    V_TEMP, V_05
0D4D:   00                                                                                      nop
0D4E:   260000105A00                                                                            calc                    0, OP_ADD, V_TEMP, 90
0D54:   250510                                                                                  copy                    V_05, V_TEMP
0D57:   00                                                                                      nop
0D58:   02                                                                                      evt_next
0D59:   00                                                                                      nop
0D5A:   0E00                                                                                    next                    0

off_0D5C:
0D5C:   0D003A000200                                                                            for                     0, off_0D9C, 2
0D62:   3D100C                                                                                  member_copy             V_TEMP, M_Y_POS
0D65:   00                                                                                      nop
0D66:   27001005                                                                                calc2                   OP_ADD, V_TEMP, V_05
0D6A:   350C10                                                                                  member_set2             M_Y_POS, V_TEMP
0D6D:   00                                                                                      nop
0D6E:   3D100B                                                                                  member_copy             V_TEMP, M_X_POS
0D71:   00                                                                                      nop
0D72:   260001102800                                                                            calc                    0, OP_SUB, V_TEMP, 40
0D78:   350B10                                                                                  member_set2             M_X_POS, V_TEMP
0D7B:   00                                                                                      nop
0D7C:   3D1010                                                                                  member_copy             V_TEMP, M_Z_DIR
0D7F:   00                                                                                      nop
0D80:   260000105000                                                                            calc                    0, OP_ADD, V_TEMP, 80
0D86:   351010                                                                                  member_set2             M_Z_DIR, V_TEMP
0D89:   00                                                                                      nop
0D8A:   251005                                                                                  copy                    V_TEMP, V_05
0D8D:   00                                                                                      nop
0D8E:   260000105A00                                                                            calc                    0, OP_ADD, V_TEMP, 90
0D94:   250510                                                                                  copy                    V_05, V_TEMP
0D97:   00                                                                                      nop
0D98:   02                                                                                      evt_next
0D99:   00                                                                                      nop
0D9A:   0E00                                                                                    next                    0

off_0D9C:
0D9C:   34100000                                                                                member_set              M_Z_DIR, 0
0DA0:   340C0000                                                                                member_set              M_Y_POS, 0
0DA4:   02                                                                                      evt_next
0DA5:   00                                                                                      nop
0DA6:   3D1010                                                                                  member_copy             V_TEMP, M_Z_DIR
0DA9:   00                                                                                      nop
0DAA:   260000105000                                                                            calc                    0, OP_ADD, V_TEMP, 80
0DB0:   351010                                                                                  member_set2             M_Z_DIR, V_TEMP
0DB3:   00                                                                                      nop
0DB4:   3D100B                                                                                  member_copy             V_TEMP, M_X_POS
0DB7:   00                                                                                      nop
0DB8:   260001100A00                                                                            calc                    0, OP_SUB, V_TEMP, 10
0DBE:   350B10                                                                                  member_set2             M_X_POS, V_TEMP
0DC1:   00                                                                                      nop
0DC2:   02                                                                                      evt_next
0DC3:   00                                                                                      nop
0DC4:   3D1010                                                                                  member_copy             V_TEMP, M_Z_DIR
0DC7:   00                                                                                      nop
0DC8:   260000100000                                                                            calc                    0, OP_ADD, V_TEMP, 0
0DCE:   351010                                                                                  member_set2             M_Z_DIR, V_TEMP
0DD1:   00                                                                                      nop
0DD2:   3D100B                                                                                  member_copy             V_TEMP, M_X_POS
0DD5:   00                                                                                      nop
0DD6:   260001100A00                                                                            calc                    0, OP_SUB, V_TEMP, 10
0DDC:   350B10                                                                                  member_set2             M_X_POS, V_TEMP
0DDF:   00                                                                                      nop
0DE0:   02                                                                                      evt_next
0DE1:   00                                                                                      nop
0DE2:   3D1010                                                                                  member_copy             V_TEMP, M_Z_DIR
0DE5:   00                                                                                      nop
0DE6:   260001105000                                                                            calc                    0, OP_SUB, V_TEMP, 80
0DEC:   351010                                                                                  member_set2             M_Z_DIR, V_TEMP
0DEF:   00                                                                                      nop
0DF0:   3D100B                                                                                  member_copy             V_TEMP, M_X_POS
0DF3:   00                                                                                      nop
0DF4:   260001100A00                                                                            calc                    0, OP_SUB, V_TEMP, 10
0DFA:   350B10                                                                                  member_set2             M_X_POS, V_TEMP
0DFD:   00                                                                                      nop
0DFE:   02                                                                                      evt_next
0DFF:   00                                                                                      nop
0E00:   3D1010                                                                                  member_copy             V_TEMP, M_Z_DIR
0E03:   00                                                                                      nop
0E04:   260000102800                                                                            calc                    0, OP_ADD, V_TEMP, 40
0E0A:   351010                                                                                  member_set2             M_Z_DIR, V_TEMP
0E0D:   00                                                                                      nop
0E0E:   3D100B                                                                                  member_copy             V_TEMP, M_X_POS
0E11:   00                                                                                      nop
0E12:   260001100500                                                                            calc                    0, OP_SUB, V_TEMP, 5
0E18:   350B10                                                                                  member_set2             M_X_POS, V_TEMP
0E1B:   00                                                                                      nop
0E1C:   02                                                                                      evt_next
0E1D:   00                                                                                      nop
0E1E:   3D1010                                                                                  member_copy             V_TEMP, M_Z_DIR
0E21:   00                                                                                      nop
0E22:   260000100000                                                                            calc                    0, OP_ADD, V_TEMP, 0
0E28:   351010                                                                                  member_set2             M_Z_DIR, V_TEMP
0E2B:   00                                                                                      nop
0E2C:   3D100B                                                                                  member_copy             V_TEMP, M_X_POS
0E2F:   00                                                                                      nop
0E30:   260001100500                                                                            calc                    0, OP_SUB, V_TEMP, 5
0E36:   350B10                                                                                  member_set2             M_X_POS, V_TEMP
0E39:   00                                                                                      nop
0E3A:   02                                                                                      evt_next
0E3B:   00                                                                                      nop
0E3C:   3D1010                                                                                  member_copy             V_TEMP, M_Z_DIR
0E3F:   00                                                                                      nop
0E40:   260001102800                                                                            calc                    0, OP_SUB, V_TEMP, 40
0E46:   351010                                                                                  member_set2             M_Z_DIR, V_TEMP
0E49:   00                                                                                      nop
0E4A:   3D100B                                                                                  member_copy             V_TEMP, M_X_POS
0E4D:   00                                                                                      nop
0E4E:   260001100500                                                                            calc                    0, OP_SUB, V_TEMP, 5
0E54:   350B10                                                                                  member_set2             M_X_POS, V_TEMP
0E57:   00                                                                                      nop
0E58:   02                                                                                      evt_next
0E59:   00                                                                                      nop
0E5A:   3D1010                                                                                  member_copy             V_TEMP, M_Z_DIR
0E5D:   00                                                                                      nop
0E5E:   260000101400                                                                            calc                    0, OP_ADD, V_TEMP, 20
0E64:   351010                                                                                  member_set2             M_Z_DIR, V_TEMP
0E67:   00                                                                                      nop
0E68:   3D100B                                                                                  member_copy             V_TEMP, M_X_POS
0E6B:   00                                                                                      nop
0E6C:   260001100200                                                                            calc                    0, OP_SUB, V_TEMP, 2
0E72:   350B10                                                                                  member_set2             M_X_POS, V_TEMP
0E75:   00                                                                                      nop
0E76:   02                                                                                      evt_next
0E77:   00                                                                                      nop
0E78:   34100000                                                                                member_set              M_Z_DIR, 0
0E7C:   0100                                                                                    evt_end                 0

.proc main_09
0E7E:   11000800                                                                                do                      0, off_0E8A
0E82:   02                                                                                      evt_next
0E83:   00                                                                                      nop
0E84:   1204                                                                                    edwhile                 off_0E8A
0E86:   21052000                                                                                ck                      FG_ROOM, 32, 0

off_0E8A:
0E8A:   0100                                                                                    evt_end                 0
