.version 2

.init
.proc init
0B3E:   3B0001310000B2AD209F0807080732D300009ECB000005060500290100000000                        door_aot_se             0, SCE_DOOR, SAT_PL | SAT_MANUAL | SAT_FRONT, 0, 0, -21070, -24800, 1800, 1800, -11470, 0, -13410, 0, 5, 6, 5, 0, 41, 1, 0, 0, UNLOCKED, 0
0B5E:   06002600                                                                                if                      0, off_0B88
0B62:   21010000                                                                                ck                      FG_GAME, F_PLAYER, 0
0B66:   3B01013100000000000001000100E6AC0000FFA3100805010000270000000000                        door_aot_se             1, SCE_DOOR, SAT_PL | SAT_MANUAL | SAT_FRONT, 0, 0, 0, 0, 1, 1, -21274, 0, -23553, 2064, 5, 1, 0, 0, 39, 0, 0, 0, UNLOCKED, 0
0B86:   08                                                                                      endif
0B87:   00                                                                                      nop

off_0B88:
0B88:   2D0000000000000000000A0010003CABBAFA4A980000000C0000000000000000000000000000            obj_model_set           0, 0, 0, 0, 0, 0, 0, 10, 16, -21700, -1350, -26550, 0, 3072, 0, 0, 0, 0, 0, 0, 0, 0, 0
0BAE:   2C020A310000AAA6469760090807000001000000                                                aot_set                 2, SCE_ITEMBOX, SAT_PL | SAT_MANUAL | SAT_FRONT, 0, 0, -22870, -26810, 2400, 1800, 0, 0, 1, 0, 0, 0
0BC2:   2C090931000033A02C9D0807A4060A0000000000                                                aot_set                 9, SCE_SAVE, SAT_PL | SAT_MANUAL | SAT_FRONT, 0, 0, -24525, -25300, 1800, 1700, 10, 0, 0, 0, 0, 0
0BD6:   0100                                                                                    evt_end                 0

.main
.proc main
0BF4:   2D0300000000000000000A00100066A414FB969C000000000000000000000000000000000000            obj_model_set           3, 0, 0, 0, 0, 0, 0, 10, 16, -23450, -1260, -25450, 0, 0, 0, 0, 0, 0, 0, 0, 0, 0, 0
0C1A:   2D0200000000000000000A00100064B504F764BF000000000000000000000000000000000000            obj_model_set           2, 0, 0, 0, 0, 0, 0, 10, 16, -19100, -2300, -16540, 0, 0, 0, 0, 0, 0, 0, 0, 0, 0, 0
0C40:   4E030231000033A02C9D0807A4061E0003001B000300                                            item_aot_set            3, SCE_ITEM, SAT_PL | SAT_MANUAL | SAT_FRONT, 0, 0, -24525, -25300, 1800, 1700, ITEM_INKRIBBON, 3, 27, 3, 0
0C56:   4E0402310000D0B2C2BBD007D0072600010034000200                                            item_aot_set            4, SCE_ITEM, SAT_PL | SAT_MANUAL | SAT_FRONT, 0, 0, -19760, -17470, 2000, 2000, ITEM_HERBG, 1, 52, 2, 0
0C6C:   06005A00                                                                                if                      0, off_0CCA
0C70:   21010100                                                                                ck                      FG_GAME, F_SCENARIO, 0
0C74:   2D0500000000000000000A001000649C14FB36AC000080050000000000000000000000000000            obj_model_set           5, 0, 0, 0, 0, 0, 0, 10, 16, -25500, -1260, -21450, 0, 1408, 0, 0, 0, 0, 0, 0, 0, 0, 0
0C9A:   4E0602310000599896AB080708071A00060036000500                                            item_aot_set            6, SCE_ITEM, SAT_PL | SAT_MANUAL | SAT_FRONT, 0, 0, -26535, -21610, 1800, 1800, ITEM_ACIDROUNDS, 6, 54, 5, 0
0CB0:   4E05023100000083008301000100190006003500FF00                                            item_aot_set            5, SCE_ITEM, SAT_PL | SAT_MANUAL | SAT_FRONT, 0, 0, -32000, -32000, 1, 1, ITEM_FLAMEROUNDS, 6, 53, 255, 0
0CC6:   07005800                                                                                else                    0, off_0D1E

off_0CCA:
0CCA:   2D0400000000000000000A001000649C14FB36AC000080050000000000000000000000000000            obj_model_set           4, 0, 0, 0, 0, 0, 0, 10, 16, -25500, -1260, -21450, 0, 1408, 0, 0, 0, 0, 0, 0, 0, 0, 0
0CF0:   4E0502310000008300830100010014000F003500FF00                                            item_aot_set            5, SCE_ITEM, SAT_PL | SAT_MANUAL | SAT_FRONT, 0, 0, -32000, -32000, 1, 1, ITEM_HANDGUNAMMO, 15, 53, 255, 0
0D06:   4E0602310000599896AB080708071900060036000400                                            item_aot_set            6, SCE_ITEM, SAT_PL | SAT_MANUAL | SAT_FRONT, 0, 0, -26535, -21610, 1800, 1800, ITEM_FLAMEROUNDS, 6, 54, 4, 0
0D1C:   00                                                                                      nop
0D1D:   00                                                                                      nop

off_0D1E:
0D1E:   06001A00                                                                                if                      0, off_0D3C
0D22:   21223500                                                                                ck                      34, 53, 0
0D26:   2C0A05310000D49F13C098080807FF00180D0000                                                aot_set                 10, SCE_EVENT, SAT_PL | SAT_MANUAL | SAT_FRONT, 0, 0, -24620, -16365, 2200, 1800, 255, 0, I_GOSUB, main_0D, 0, 0
0D3A:   08                                                                                      endif
0D3B:   00                                                                                      nop

off_0D3C:
0D3C:   2C08043100005998F2A40807401F12000000FFFF                                                aot_set                 8, SCE_MESSAGE, SAT_PL | SAT_MANUAL | SAT_FRONT, 0, 0, -26535, -23310, 1800, 8000, 18, 0, 0, 0, 255, 255
0D50:   0600C200                                                                                if                      0, off_0E16
0D54:   21048200                                                                                ck                      FG_GENERAL_1, 130, 0
0D58:   06003A00                                                                                if                      0, off_0D96
0D5C:   21010100                                                                                ck                      FG_GAME, F_SCENARIO, 0
0D60:   4400FF4F0000000000FF96B55A0076B2000000015400                                            sce_em_set              0, 255, ENEMY_SHERRY_JACKET, 0, 0, 0, 0, 0, 255, -19050, 90, -19850, 0, 256, 84
0D76:   2E0200                                                                                  work_set                WK_SPLAYER, 0
0D79:   00                                                                                      nop
0D7A:   3D1000                                                                                  member_copy             V_TEMP, 0
0D7D:   00                                                                                      nop
0D7E:   260005100004                                                                            calc                    0, OP_OR, V_TEMP, 1024
0D84:   350010                                                                                  member_set2             0, V_TEMP
0D87:   00                                                                                      nop
0D88:   510101000000                                                                            sce_bgm_control         1, 1, 0, 0, 0
0D8E:   04FF1802                                                                                evt_exec                255, I_GOSUB, main_02
0D92:   07008000                                                                                else                    0, off_0E12

off_0D96:
0D96:   06004A00                                                                                if                      0, off_0DE4
0D9A:   21221D01                                                                                ck                      34, 29, 1
0D9E:   06001C00                                                                                if                      0, off_0DBE
0DA2:   5E62                                                                                    keep_item_ck            ITEM_MASTERKEY
0DA4:   4400FF4F0004002000FFDBAC000047A0820A00000000                                            sce_em_set              0, 255, ENEMY_SHERRY_JACKET, 0, 4, 0, 32, 0, 255, -21285, 0, -24505, 2690, 0, 0
0DBA:   07001C00                                                                                else                    0, off_0DD6

off_0DBE:
0DBE:   4400FF4F0004002000FF60A5000076B2A00300000000                                            sce_em_set              0, 255, ENEMY_SHERRY_JACKET, 0, 4, 0, 32, 0, 255, -23200, 0, -19850, 928, 0, 0
0DD4:   00                                                                                      nop
0DD5:   00                                                                                      nop

off_0DD6:
0DD6:   46000531FF00180C0000                                                                    aot_reset               0, SCE_EVENT, SAT_PL | SAT_MANUAL | SAT_FRONT, 255, 0, I_GOSUB, main_0C, 0, 0
0DE0:   07003000                                                                                else                    0, off_0E10

off_0DE4:
0DE4:   06002600                                                                                if                      0, off_0E0E
0DE8:   21010301                                                                                ck                      FG_GAME, 3, 1
0DEC:   4400FF4F0004002000FFDBAC000047A0820A00000000                                            sce_em_set              0, 255, ENEMY_SHERRY_JACKET, 0, 4, 0, 32, 0, 255, -21285, 0, -24505, 2690, 0, 0
0E02:   46000531FF00180C0000                                                                    aot_reset               0, SCE_EVENT, SAT_PL | SAT_MANUAL | SAT_FRONT, 255, 0, I_GOSUB, main_0C, 0, 0
0E0C:   08                                                                                      endif
0E0D:   00                                                                                      nop

off_0E0E:
0E0E:   00                                                                                      nop
0E0F:   00                                                                                      nop

off_0E10:
0E10:   00                                                                                      nop
0E11:   00                                                                                      nop

off_0E12:
0E12:   07005000                                                                                else                    0, off_0E62

off_0E16:
0E16:   06003000                                                                                if                      0, off_0E4A
0E1A:   21038400                                                                                ck                      FG_3, 132, 0
0E1E:   4400FF4F0000000000FF96B55A0076B2000000015400                                            sce_em_set              0, 255, ENEMY_SHERRY_JACKET, 0, 0, 0, 0, 0, 255, -19050, 90, -19850, 0, 256, 84
0E34:   2E0200                                                                                  work_set                WK_SPLAYER, 0
0E37:   00                                                                                      nop
0E38:   3D1000                                                                                  member_copy             V_TEMP, 0
0E3B:   00                                                                                      nop
0E3C:   260005100004                                                                            calc                    0, OP_OR, V_TEMP, 1024
0E42:   350010                                                                                  member_set2             0, V_TEMP
0E45:   00                                                                                      nop
0E46:   07001A00                                                                                else                    0, off_0E60

off_0E4A:
0E4A:   2C07043100000AB036AC0807100E14000000FFFF                                                aot_set                 7, SCE_MESSAGE, SAT_PL | SAT_MANUAL | SAT_FRONT, 0, 0, -20470, -21450, 1800, 3600, 20, 0, 0, 0, 255, 255
0E5E:   00                                                                                      nop
0E5F:   00                                                                                      nop

off_0E60:
0E60:   00                                                                                      nop
0E61:   00                                                                                      nop

off_0E62:
0E62:   0100                                                                                    evt_end                 0

.proc aot
0E64:   0100                                                                                    evt_end                 0

.proc main_02
0E66:   02                                                                                      evt_next
0E67:   00                                                                                      nop
0E68:   5301020700F8                                                                            sce_fade_set            1, 2, 7, 0, 248
0E6E:   22020701                                                                                set                     FG_STATE, 7, 1
0E72:   22011B01                                                                                set                     FG_GAME, 27, 1
0E76:   22048201                                                                                set                     FG_GENERAL_1, 130, 1
0E7A:   2E0100                                                                                  work_set                WK_PLAYER, 0
0E7D:   00                                                                                      nop
0E7E:   320016AE0000C4B4                                                                        pos_set                 0, -20970, 0, -19260
0E86:   3300000090010000                                                                        dir_set                 0, 0, 400, 0
0E8E:   4105020000000000F4F4                                                                    plc_neck                5, 2, 0, 0, 244, 244
0E98:   3C00                                                                                    cut_auto                0
0E9A:   2901                                                                                    cut_chg                 1
0E9C:   3F0106C0                                                                                plc_motion              1, 6, 192
0EA0:   5B05                                                                                    plc_cnt                 5
0EA2:   090A1400                                                                                sleep                   10, 20
0EA6:   2E0200                                                                                  work_set                WK_SPLAYER, 0
0EA9:   00                                                                                      nop
0EAA:   410200000000400100FF                                                                    plc_neck                2, 0, 0, 320, 0, 255
0EB4:   090A1400                                                                                sleep                   10, 20
0EB8:   2E0100                                                                                  work_set                WK_PLAYER, 0
0EBB:   00                                                                                      nop
0EBC:   59000E00                                                                                xa_on                   0, 14
0EC0:   090A2800                                                                                sleep                   10, 40
0EC4:   41060000000000000000                                                                    plc_neck                6, 0, 0, 0, 0, 0
0ECE:   1803                                                                                    gosub                   main_03
0ED0:   2E0100                                                                                  work_set                WK_PLAYER, 0
0ED3:   42                                                                                      plc_ret
0ED4:   3C01                                                                                    cut_auto                1
0ED6:   22020700                                                                                set                     FG_STATE, 7, 0
0EDA:   22011B00                                                                                set                     FG_GAME, 27, 0
0EDE:   0100                                                                                    evt_end                 0

.proc main_03
0EE0:   04FF1804                                                                                evt_exec                255, I_GOSUB, main_04
0EE4:   2E0100                                                                                  work_set                WK_PLAYER, 0
0EE7:   00                                                                                      nop
0EE8:   40000420CCAC89A7                                                                        plc_dest                0, 4, 32, -21300, -22647
0EF0:   11000800                                                                                do                      0, off_0EFC
0EF4:   02                                                                                      evt_next
0EF5:   00                                                                                      nop
0EF6:   1204                                                                                    edwhile                 off_0EFC
0EF8:   21052000                                                                                ck                      FG_GENERAL_2, 32, 0

off_0EFC:
0EFC:   3F001600                                                                                plc_motion              0, 22, 0
0F00:   090A0600                                                                                sleep                   10, 6
0F04:   41050200000000001E1E                                                                    plc_neck                5, 2, 0, 0, 30, 30
0F0E:   090A0300                                                                                sleep                   10, 3
0F12:   0B                                                                                      wsleep
0F13:   0C                                                                                      wsleeping
0F14:   2904                                                                                    cut_chg                 4
0F16:   2E0100                                                                                  work_set                WK_PLAYER, 0
0F19:   00                                                                                      nop
0F1A:   320036AC000084A9                                                                        pos_set                 0, -21450, 0, -22140
0F22:   33000000C8000000                                                                        dir_set                 0, 0, 200, 0
0F2A:   3F001600                                                                                plc_motion              0, 22, 0
0F2E:   5801D8FF                                                                                plc_rot                 1, 65496
0F32:   090A0C00                                                                                sleep                   10, 12
0F36:   59000F00                                                                                xa_on                   0, 15
0F3A:   2B000A000000                                                                            message_on              0, 10, 0, 0, 0
0F40:   02                                                                                      evt_next
0F41:   00                                                                                      nop
0F42:   40000420E0AE6CB2                                                                        plc_dest                0, 4, 32, -20768, -19860
0F4A:   11000800                                                                                do                      0, off_0F56
0F4E:   02                                                                                      evt_next
0F4F:   00                                                                                      nop
0F50:   1204                                                                                    edwhile                 off_0F56
0F52:   21052000                                                                                ck                      FG_GENERAL_2, 32, 0

off_0F56:
0F56:   04FF1805                                                                                evt_exec                255, I_GOSUB, main_05
0F5A:   40001520C8003200                                                                        plc_dest                0, 21, 32, 200, 50
0F62:   11000800                                                                                do                      0, off_0F6E
0F66:   02                                                                                      evt_next
0F67:   00                                                                                      nop
0F68:   1204                                                                                    edwhile                 off_0F6E
0F6A:   21052000                                                                                ck                      FG_GENERAL_2, 32, 0

off_0F6E:
0F6E:   3F001100                                                                                plc_motion              0, 17, 0
0F72:   090A1800                                                                                sleep                   10, 24
0F76:   3F001284                                                                                plc_motion              0, 18, 132
0F7A:   0B                                                                                      wsleep
0F7B:   0C                                                                                      wsleeping
0F7C:   04FF1806                                                                                evt_exec                255, I_GOSUB, main_06
0F80:   02                                                                                      evt_next
0F81:   00                                                                                      nop
0F82:   0B                                                                                      wsleep
0F83:   0C                                                                                      wsleeping
0F84:   02                                                                                      evt_next
0F85:   00                                                                                      nop
0F86:   59001100                                                                                xa_on                   0, 17
0F8A:   2B000C000000                                                                            message_on              0, 12, 0, 0, 0
0F90:   02                                                                                      evt_next
0F91:   00                                                                                      nop
0F92:   090A0F00                                                                                sleep                   10, 15
0F96:   3F001000                                                                                plc_motion              0, 16, 0
0F9A:   090A3700                                                                                sleep                   10, 55
0F9E:   3F001300                                                                                plc_motion              0, 19, 0
0FA2:   090A1E00                                                                                sleep                   10, 30
0FA6:   3F001380                                                                                plc_motion              0, 19, 128
0FAA:   090A0F00                                                                                sleep                   10, 15
0FAE:   3F001100                                                                                plc_motion              0, 17, 0
0FB2:   090A1800                                                                                sleep                   10, 24
0FB6:   0B                                                                                      wsleep
0FB7:   0C                                                                                      wsleeping
0FB8:   2903                                                                                    cut_chg                 3
0FBA:   090A0100                                                                                sleep                   10, 1
0FBE:   3F010600                                                                                plc_motion              1, 6, 0
0FC2:   41020000000000FF141E                                                                    plc_neck                2, 0, 0, -256, 20, 30
0FCC:   04FF1807                                                                                evt_exec                255, I_GOSUB, main_07
0FD0:   02                                                                                      evt_next
0FD1:   00                                                                                      nop
0FD2:   0B                                                                                      wsleep
0FD3:   0C                                                                                      wsleeping
0FD4:   2906                                                                                    cut_chg                 6
0FD6:   02                                                                                      evt_next
0FD7:   00                                                                                      nop
0FD8:   04FF1808                                                                                evt_exec                255, I_GOSUB, main_08
0FDC:   02                                                                                      evt_next
0FDD:   00                                                                                      nop
0FDE:   090A1E00                                                                                sleep                   10, 30
0FE2:   4102000000000000000A                                                                    plc_neck                2, 0, 0, 0, 0, 10
0FEC:   090A0A00                                                                                sleep                   10, 10
0FF0:   41020000000000FF000A                                                                    plc_neck                2, 0, 0, -256, 0, 10
0FFA:   090A2800                                                                                sleep                   10, 40
0FFE:   4102000000000000000A                                                                    plc_neck                2, 0, 0, 0, 0, 10
1008:   090A0A00                                                                                sleep                   10, 10
100C:   41020000000000FF000A                                                                    plc_neck                2, 0, 0, -256, 0, 10
1016:   090A6400                                                                                sleep                   10, 100
101A:   4102000000000000000A                                                                    plc_neck                2, 0, 0, 0, 0, 10
1024:   090A0A00                                                                                sleep                   10, 10
1028:   41020000000000FF000A                                                                    plc_neck                2, 0, 0, -256, 0, 10
1032:   090A2800                                                                                sleep                   10, 40
1036:   4102000000000000000A                                                                    plc_neck                2, 0, 0, 0, 0, 10
1040:   090A1400                                                                                sleep                   10, 20
1044:   41020000800000000A00                                                                    plc_neck                2, 0, 128, 0, 10, 0
104E:   090A0F00                                                                                sleep                   10, 15
1052:   4102000000FF00000A00                                                                    plc_neck                2, 0, -256, 0, 10, 0
105C:   090A0F00                                                                                sleep                   10, 15
1060:   41020000000100000A00                                                                    plc_neck                2, 0, 256, 0, 10, 0
106A:   090A0F00                                                                                sleep                   10, 15
106E:   4102000080FF00000A00                                                                    plc_neck                2, 0, -128, 0, 10, 0
1078:   090A0F00                                                                                sleep                   10, 15
107C:   41020000000000FF000A                                                                    plc_neck                2, 0, 0, -256, 0, 10
1086:   090A0A00                                                                                sleep                   10, 10
108A:   41020000F00000011414                                                                    plc_neck                2, 0, 240, 256, 20, 20
1094:   090A1E00                                                                                sleep                   10, 30
1098:   0B                                                                                      wsleep
1099:   0C                                                                                      wsleeping
109A:   04FF1809                                                                                evt_exec                255, I_GOSUB, main_09
109E:   090A1400                                                                                sleep                   10, 20
10A2:   41020000000000FF1E14                                                                    plc_neck                2, 0, 0, -256, 30, 20
10AC:   090A1E00                                                                                sleep                   10, 30
10B0:   0B                                                                                      wsleep
10B1:   0C                                                                                      wsleeping
10B2:   090A2800                                                                                sleep                   10, 40
10B6:   290A                                                                                    cut_chg                 10
10B8:   02                                                                                      evt_next
10B9:   00                                                                                      nop
10BA:   04FF180A                                                                                evt_exec                255, I_GOSUB, main_0A
10BE:   02                                                                                      evt_next
10BF:   00                                                                                      nop
10C0:   0B                                                                                      wsleep
10C1:   0C                                                                                      wsleeping
10C2:   290A                                                                                    cut_chg                 10
10C4:   02                                                                                      evt_next
10C5:   00                                                                                      nop
10C6:   59001600                                                                                xa_on                   0, 22
10CA:   2B0010000000                                                                            message_on              0, 16, 0, 0, 0
10D0:   02                                                                                      evt_next
10D1:   00                                                                                      nop
10D2:   41020000800000000A00                                                                    plc_neck                2, 0, 128, 0, 10, 0
10DC:   090A0F00                                                                                sleep                   10, 15
10E0:   4102000000FF00000A00                                                                    plc_neck                2, 0, -256, 0, 10, 0
10EA:   090A0F00                                                                                sleep                   10, 15
10EE:   41020000000100000A00                                                                    plc_neck                2, 0, 256, 0, 10, 0
10F8:   090A0F00                                                                                sleep                   10, 15
10FC:   4102000080FF00000A00                                                                    plc_neck                2, 0, -128, 0, 10, 0
1106:   090A0A00                                                                                sleep                   10, 10
110A:   090A0A00                                                                                sleep                   10, 10
110E:   0B                                                                                      wsleep
110F:   0C                                                                                      wsleeping
1110:   2904                                                                                    cut_chg                 4
1112:   3F010680                                                                                plc_motion              1, 6, 128
1116:   41050200000000001E1E                                                                    plc_neck                5, 2, 0, 0, 30, 30
1120:   090A1900                                                                                sleep                   10, 25
1124:   59000D00                                                                                xa_on                   0, 13
1128:   2B0011000000                                                                            message_on              0, 17, 0, 0, 0
112E:   02                                                                                      evt_next
112F:   00                                                                                      nop
1130:   04FF180B                                                                                evt_exec                255, I_GOSUB, main_0B
1134:   3F001700                                                                                plc_motion              0, 23, 0
1138:   090A1400                                                                                sleep                   10, 20
113C:   3F001780                                                                                plc_motion              0, 23, 128
1140:   090A1400                                                                                sleep                   10, 20
1144:   3F001300                                                                                plc_motion              0, 19, 0
1148:   090A1E00                                                                                sleep                   10, 30
114C:   3F001380                                                                                plc_motion              0, 19, 128
1150:   090A1E00                                                                                sleep                   10, 30
1154:   3F001400                                                                                plc_motion              0, 20, 0
1158:   090A1E00                                                                                sleep                   10, 30
115C:   3F001480                                                                                plc_motion              0, 20, 128
1160:   41060000000000000000                                                                    plc_neck                6, 0, 0, 0, 0, 0
116A:   090A1E00                                                                                sleep                   10, 30
116E:   0B                                                                                      wsleep
116F:   0C                                                                                      wsleeping
1170:   2901                                                                                    cut_chg                 1
1172:   570007060CFF0000                                                                        sce_bgmtbl_set          0, 7, 6, 65292, 0
117A:   02                                                                                      evt_next
117B:   00                                                                                      nop
117C:   0100                                                                                    evt_end                 0

.proc main_04
117E:   090A1E00                                                                                sleep                   10, 30
1182:   2B0009000000                                                                            message_on              0, 9, 0, 0, 0
1188:   02                                                                                      evt_next
1189:   00                                                                                      nop
118A:   0100                                                                                    evt_end                 0

.proc main_05
118C:   2E0200                                                                                  work_set                WK_SPLAYER, 0
118F:   00                                                                                      nop
1190:   4102000000FE40011E1E                                                                    plc_neck                2, 0, -512, 320, 30, 30
119A:   0100                                                                                    evt_end                 0

.proc main_06
119C:   59001000                                                                                xa_on                   0, 16
11A0:   2B000B000000                                                                            message_on              0, 11, 0, 0, 0
11A6:   2E0200                                                                                  work_set                WK_SPLAYER, 0
11A9:   00                                                                                      nop
11AA:   41020000000000041E32                                                                    plc_neck                2, 0, 0, 1024, 30, 50
11B4:   090A1400                                                                                sleep                   10, 20
11B8:   4102000000FE40011E1E                                                                    plc_neck                2, 0, -512, 320, 30, 30
11C2:   090A0A00                                                                                sleep                   10, 10
11C6:   0100                                                                                    evt_end                 0

.proc main_07
11C8:   59001200                                                                                xa_on                   0, 18
11CC:   2B000D000000                                                                            message_on              0, 13, 0, 0, 0
11D2:   090A0A00                                                                                sleep                   10, 10
11D6:   0100                                                                                    evt_end                 0

.proc main_08
11D8:   59001300                                                                                xa_on                   0, 19
11DC:   2B000E000000                                                                            message_on              0, 14, 0, 0, 0
11E2:   090A0A00                                                                                sleep                   10, 10
11E6:   2E0200                                                                                  work_set                WK_SPLAYER, 0
11E9:   00                                                                                      nop
11EA:   4102000000000001001E                                                                    plc_neck                2, 0, 0, 256, 0, 30
11F4:   090A5A00                                                                                sleep                   10, 90
11F8:   41020000000340011414                                                                    plc_neck                2, 0, 768, 320, 20, 20
1202:   090A3C00                                                                                sleep                   10, 60
1206:   4102000000000002000F                                                                    plc_neck                2, 0, 0, 512, 0, 15
1210:   090A6E00                                                                                sleep                   10, 110
1214:   4102000000004001281E                                                                    plc_neck                2, 0, 0, 320, 40, 30
121E:   090A6E00                                                                                sleep                   10, 110
1222:   0100                                                                                    evt_end                 0

.proc main_09
1224:   59001400                                                                                xa_on                   0, 20
1228:   2B000F000000                                                                            message_on              0, 15, 0, 0, 0
122E:   02                                                                                      evt_next
122F:   2E0200                                                                                  work_set                WK_SPLAYER, 0
1232:   4102000000000002001E                                                                    plc_neck                2, 0, 0, 512, 0, 30
123C:   090A5000                                                                                sleep                   10, 80
1240:   4102000000FE00011E14                                                                    plc_neck                2, 0, -512, 256, 30, 20
124A:   090A4E00                                                                                sleep                   10, 78
124E:   0100                                                                                    evt_end                 0

.proc main_0A
1250:   59001500                                                                                xa_on                   0, 21
1254:   02                                                                                      evt_next
1255:   00                                                                                      nop
1256:   4102000020034001281E                                                                    plc_neck                2, 0, 800, 320, 40, 30
1260:   090A2800                                                                                sleep                   10, 40
1264:   41020000000304010014                                                                    plc_neck                2, 0, 768, 260, 0, 20
126E:   090A0500                                                                                sleep                   10, 5
1272:   41020000000340010014                                                                    plc_neck                2, 0, 768, 320, 0, 20
127C:   090A0A00                                                                                sleep                   10, 10
1280:   41020000000304010014                                                                    plc_neck                2, 0, 768, 260, 0, 20
128A:   090A0500                                                                                sleep                   10, 5
128E:   41020000000340010014                                                                    plc_neck                2, 0, 768, 320, 0, 20
1298:   090A1E00                                                                                sleep                   10, 30
129C:   41020000000304010014                                                                    plc_neck                2, 0, 768, 260, 0, 20
12A6:   090A0500                                                                                sleep                   10, 5
12AA:   41020000000340010014                                                                    plc_neck                2, 0, 768, 320, 0, 20
12B4:   090A0A00                                                                                sleep                   10, 10
12B8:   41020000000304010014                                                                    plc_neck                2, 0, 768, 260, 0, 20
12C2:   090A0500                                                                                sleep                   10, 5
12C6:   41020000000340010014                                                                    plc_neck                2, 0, 768, 320, 0, 20
12D0:   090A0500                                                                                sleep                   10, 5
12D4:   0100                                                                                    evt_end                 0

.proc main_0B
12D6:   090A0A00                                                                                sleep                   10, 10
12DA:   41020000C0FE2C011E14                                                                    plc_neck                2, 0, -320, 300, 30, 20
12E4:   090A1E00                                                                                sleep                   10, 30
12E8:   0100                                                                                    evt_end                 0

.proc main_0C
12EA:   06000600                                                                                if                      0, off_12F4
12EE:   5E62                                                                                    keep_item_ck            ITEM_MASTERKEY
12F0:   07001400                                                                                else                    0, off_1304

off_12F4:
12F4:   06000A00                                                                                if                      0, off_1302
12F8:   21048B00                                                                                ck                      FG_GENERAL_1, 139, 0
12FC:   22010300                                                                                set                     FG_GAME, 3, 0
1300:   08                                                                                      endif
1301:   00                                                                                      nop

off_1302:
1302:   00                                                                                      nop
1303:   00                                                                                      nop

off_1304:
1304:   4600013132D300009ECB                                                                    aot_reset               0, SCE_DOOR, SAT_PL | SAT_MANUAL | SAT_FRONT, 50, 211, 0, 0, 158, 203
130E:   4700                                                                                    aot_on                  0
1310:   0100                                                                                    evt_end                 0

.proc main_0D
1312:   360228000100000000000000                                                                se_on                   2, 40, 1, 0, 0, 0
131E:   4705                                                                                    aot_on                  5
1320:   02                                                                                      evt_next
1321:   00                                                                                      nop
1322:   06001000                                                                                if                      0, off_1336
1326:   21223501                                                                                ck                      34, 53, 1
132A:   460A0031000000000000                                                                    aot_reset               10, SCE_AUTO, SAT_PL | SAT_MANUAL | SAT_FRONT, 0, 0, 0, 0, 0, 0
1334:   08                                                                                      endif
1335:   00                                                                                      nop

off_1336:
1336:   0100                                                                                    evt_end                 0
