.version 2
.init
.proc init_00
0716:   3B0001310000F4B6DCBA080794115E1A0000D19D0000050C0400260000000000                        door_aot_se             0, SCE_DOOR, SAT_PL | SAT_MANUAL | SAT_FRONT, 0, 0, -18700, -17700, 1800, 4500, 6750, 0, -25135, 0, 5, 12, 4, 0, 38, 0, 0, 0, UNLOCKED, 0
0736:   0100                                                                                    evt_end                 0

.main
.proc main_00
0740:   06000A00                                                                                if                      0, off_074E
0744:   2104A401                                                                                ck                      4, 164, 1
0748:   22010C01                                                                                set                     1, 12, 1
074C:   08                                                                                      endif
074D:   00                                                                                      nop

off_074E:
074E:   4400002400000033003BB9A5000043CD371100000000                                            sce_em_set              0, 0, ENEMY_LICKERGREY, 0, 0, 0, 51, 0, 59, -23111, 0, -12989, 4407, 0, 0
0764:   4400012400000033003C86BB0000B8AA88FA00000000                                            sce_em_set              0, 1, ENEMY_LICKERGREY, 0, 0, 0, 51, 0, 60, -17530, 0, -21832, -1400, 0, 0
077A:   4400022400000033003DCED0000021A6400800000000                                            sce_em_set              0, 2, ENEMY_LICKERGREY, 0, 0, 0, 51, 0, 61, -12082, 0, -23007, 2112, 0, 0
0790:   06004400                                                                                if                      0, off_07D8
0794:   21083E00                                                                                ck                      8, 62, 0
0798:   2D0000000000000000000A001000B0D20000D8AF0000C00080FE000000000000000000000000            obj_model_set           0, 0, 0, 0, 0, 0, 0, 10, 16, -11600, 0, -20520, 0, 192, -384, 0, 0, 0, 0, 0, 0, 0, 0
07BE:   4E020231000060CDBAAAD007D0070F0064001E000001                                            item_aot_set            2, SCE_ITEM, SAT_PL | SAT_MANUAL | SAT_FRONT, 0, 0, -12960, -21830, 2000, 2000, ITEM_SMG, 100, 30, 0, 1
07D4:   07004200                                                                                else                    0, off_0816

off_07D8:
07D8:   2D0200000000000000000A00100078D39CFF74AF0004400A0004000000000000000000000000            obj_model_set           2, 0, 0, 0, 0, 0, 0, 10, 16, -11400, -100, -20620, 1024, 2624, 1024, 0, 0, 0, 0, 0, 0, 0, 0
07FE:   4E020231000060CDBAAAD007D0071B0064001E000201                                            item_aot_set            2, SCE_ITEM, SAT_PL | SAT_MANUAL | SAT_FRONT, 0, 0, -12960, -21830, 2000, 2000, ITEM_SMGAMMO, 100, 30, 2, 1
0814:   00                                                                                      nop
0815:   00                                                                                      nop

off_0816:
0816:   2C05043100005DD559A2C409980800000000FFFF                                                aot_set                 5, SCE_MESSAGE, SAT_PL | SAT_MANUAL | SAT_FRONT, 0, 0, -10915, -23975, 2500, 2200, 0, 0, 0, 0, 255, 255
082A:   2C0604310000FD9919CEB414600901000000FFFF                                                aot_set                 6, SCE_MESSAGE, SAT_PL | SAT_MANUAL | SAT_FRONT, 0, 0, -26115, -12775, 5300, 2400, 1, 0, 0, 0, 255, 255
083E:   2C0704310000FD9909C06009D41701000000FFFF                                                aot_set                 7, SCE_MESSAGE, SAT_PL | SAT_MANUAL | SAT_FRONT, 0, 0, -26115, -16375, 2400, 6100, 1, 0, 0, 0, 255, 255
0852:   2C0804310000C1BCE19C6009340803000000FFFF                                                aot_set                 8, SCE_MESSAGE, SAT_PL | SAT_MANUAL | SAT_FRONT, 0, 0, -17215, -25375, 2400, 2100, 3, 0, 0, 0, 255, 255
0866:   2C030531000060CDBAAAD007D007FF0018030000                                                aot_set                 3, SCE_EVENT, SAT_PL | SAT_MANUAL | SAT_FRONT, 0, 0, -12960, -21830, 2000, 2000, 255, 0, I_GOSUB, main_03, 0, 0
087A:   0100                                                                                    evt_end                 0

.proc main_01
087C:   0100                                                                                    evt_end                 0

.proc main_02
087E:   2B000100FFFF                                                                            message_on              0, 1, 0, 255, 255
0884:   02                                                                                      evt_next
0885:   00                                                                                      nop
0886:   06006400                                                                                if                      0, off_08EE
088A:   210B1F00                                                                                ck                      11, 31, 0
088E:   06004400                                                                                if                      0, off_08D6
0892:   21073B01                                                                                ck                      7, 59, 1
0896:   21073C01                                                                                ck                      7, 60, 1
089A:   21073D01                                                                                ck                      7, 61, 1
089E:   22020701                                                                                set                     2, 7, 1
08A2:   2E0100                                                                                  work_set                WK_PLAYER, 0
08A5:   3F010600                                                                                plc_motion              1, 6, 0
08A9:   00                                                                                      nop
08AA:   090A1900                                                                                sleep                   10, 25
08AE:   2B000000FFFF                                                                            message_on              0, 0, 0, 255, 255
08B4:   22083F01                                                                                set                     8, 63, 1
08B8:   02                                                                                      evt_next
08B9:   3F010680                                                                                plc_motion              1, 6, 128
08BD:   00                                                                                      nop
08BE:   090A1900                                                                                sleep                   10, 25
08C2:   46030531FF0018030000                                                                    aot_reset               3, SCE_EVENT, SAT_PL | SAT_MANUAL | SAT_FRONT, 255, 0, I_GOSUB, main_03, 0, 0
08CC:   42                                                                                      plc_ret
08CD:   22020700                                                                                set                     2, 7, 0
08D1:   00                                                                                      nop
08D2:   07001A00                                                                                else                    0, off_08EC

off_08D6:
08D6:   2B000000FFFF                                                                            message_on              0, 0, 0, 255, 255
08DC:   22083F01                                                                                set                     8, 63, 1
08E0:   46030531FF0018030000                                                                    aot_reset               3, SCE_EVENT, SAT_PL | SAT_MANUAL | SAT_FRONT, 255, 0, I_GOSUB, main_03, 0, 0
08EA:   00                                                                                      nop
08EB:   00                                                                                      nop

off_08EC:
08EC:   08                                                                                      endif
08ED:   00                                                                                      nop

off_08EE:
08EE:   0100                                                                                    evt_end                 0

.proc main_03
08F0:   06003600                                                                                if                      0, off_092A
08F4:   21073B01                                                                                ck                      7, 59, 1
08F8:   21073C01                                                                                ck                      7, 60, 1
08FC:   21073D01                                                                                ck                      7, 61, 1
0900:   22020701                                                                                set                     2, 7, 1
0904:   2E0100                                                                                  work_set                WK_PLAYER, 0
0907:   3F010600                                                                                plc_motion              1, 6, 0
090B:   00                                                                                      nop
090C:   090A1900                                                                                sleep                   10, 25
0910:   2B000200FFFF                                                                            message_on              0, 2, 0, 255, 255
0916:   02                                                                                      evt_next
0917:   3F010680                                                                                plc_motion              1, 6, 128
091B:   00                                                                                      nop
091C:   090A1900                                                                                sleep                   10, 25
0920:   42                                                                                      plc_ret
0921:   22020700                                                                                set                     2, 7, 0
0925:   00                                                                                      nop
0926:   07000E00                                                                                else                    0, off_0934

off_092A:
092A:   2B000200FFFF                                                                            message_on              0, 2, 0, 255, 255
0930:   02                                                                                      evt_next
0931:   00                                                                                      nop
0932:   00                                                                                      nop
0933:   00                                                                                      nop

off_0934:
0934:   0100                                                                                    evt_end                 0
0936:   0000                                                                                    db                      0x00, 0x00
