.version 2
.init
.proc init_00
0EFE:   06003000                                                                                if                      0, off_0F32
0F02:   21046000                                                                                ck                      4, 96, 0
0F06:   6800013100004099A2C4569644C64E9C84CC509FABCB9E3C0000BCB5170A050C0700290000000000        door_aot_set_4p         0, SCE_DOOR, SAT_PL | SAT_MANUAL | SAT_FRONT, 0, 0, -26304, -15198, -27050, -14780, -25522, -13180, -24752, -13397, 15518, 0, -19012, 2583, 5, 12, 7, 0, 41, 0, 0, 0, UNLOCKED, 0
0F2E:   07002E00                                                                                else                    0, off_0F5C

off_0F32:
0F32:   6800013100004099A2C4569644C64E9C84CC509FABCB9E3C0000BCB5170A050C0500290000000000        door_aot_set_4p         0, SCE_DOOR, SAT_PL | SAT_MANUAL | SAT_FRONT, 0, 0, -26304, -15198, -27050, -14780, -25522, -13180, -24752, -13397, 15518, 0, -19012, 2583, 5, 12, 5, 0, 41, 0, 0, 0, UNLOCKED, 0
0F5A:   00                                                                                      nop
0F5B:   00                                                                                      nop

off_0F5C:
0F5C:   06000A00                                                                                if                      0, off_0F6A
0F60:   2104A401                                                                                ck                      4, 164, 1
0F64:   22010C01                                                                                set                     1, 12, 1
0F68:   08                                                                                      endif
0F69:   00                                                                                      nop

off_0F6A:
0F6A:   0100                                                                                    evt_end                 0

.main
.proc main_00
0F90:   1804                                                                                    gosub                   4
0F92:   1802                                                                                    gosub                   2
0F94:   180A                                                                                    gosub                   10
0F96:   06000A00                                                                                if                      0, off_0FA4
0F9A:   21010101                                                                                ck                      1, 1, 1
0F9E:   1805                                                                                    gosub                   5
0FA0:   07000800                                                                                else                    0, off_0FA8

off_0FA4:
0FA4:   1809                                                                                    gosub                   9
0FA6:   00                                                                                      nop
0FA7:   00                                                                                      nop

off_0FA8:
0FA8:   180B                                                                                    gosub                   11
0FAA:   0100                                                                                    evt_end                 0

.proc main_01
0FAC:   06000800                                                                                if                      0, off_0FB8
0FB0:   21010100                                                                                ck                      1, 1, 0
0FB4:   180D                                                                                    gosub                   13
0FB6:   08                                                                                      endif
0FB7:   00                                                                                      nop

off_0FB8:
0FB8:   0100                                                                                    evt_end                 0

.proc main_02
0FBA:   2C010531000089CDA2BC7607F406FF0018030000                                                aot_set                 1, SCE_EVENT, SAT_PL | SAT_MANUAL | SAT_FRONT, 0, 0, -12919, -17246, 1910, 1780, 255, 0, I_GOSUB, main_03, 0, 0
0FCE:   0100                                                                                    evt_end                 0

.proc main_03
0FD0:   0600CC00                                                                                if                      0, off_10A0
0FD4:   21046400                                                                                ck                      4, 100, 0
0FD8:   2B000000FFFF                                                                            message_on              0, 0, 0, 255, 255
0FDE:   090A0100                                                                                sleep                   10, 1
0FE2:   0600A800                                                                                if                      0, off_108E
0FE6:   210B1F00                                                                                ck                      11, 31, 0
0FEA:   22046401                                                                                set                     4, 100, 1
0FEE:   06002A00                                                                                if                      0, off_101C
0FF2:   21010000                                                                                ck                      1, 0, 0
0FF6:   06001200                                                                                if                      0, off_100C
0FFA:   21010100                                                                                ck                      1, 1, 0
0FFE:   46060231600001000E00                                                                    aot_reset               6, SCE_ITEM, SAT_PL | SAT_MANUAL | SAT_FRONT, 96, 0, 1, 0, 14, 0
1008:   07001000                                                                                else                    0, off_1018

off_100C:
100C:   46060231160010002D00                                                                    aot_reset               6, SCE_ITEM, SAT_PL | SAT_MANUAL | SAT_FRONT, 22, 0, 16, 0, 45, 0
1016:   00                                                                                      nop
1017:   00                                                                                      nop

off_1018:
1018:   07002800                                                                                else                    0, off_1040

off_101C:
101C:   06001200                                                                                if                      0, off_1032
1020:   21010100                                                                                ck                      1, 1, 0
1024:   46060231600001000E00                                                                    aot_reset               6, SCE_ITEM, SAT_PL | SAT_MANUAL | SAT_FRONT, 96, 0, 1, 0, 14, 0
102E:   07001000                                                                                else                    0, off_103E

off_1032:
1032:   46060231180006002E00                                                                    aot_reset               6, SCE_ITEM, SAT_PL | SAT_MANUAL | SAT_FRONT, 24, 0, 6, 0, 46, 0
103C:   00                                                                                      nop
103D:   00                                                                                      nop

off_103E:
103E:   00                                                                                      nop
103F:   00                                                                                      nop

off_1040:
1040:   36020A000100000000000000                                                                se_on                   2, 10, 1, 0, 0, 0
104C:   6501                                                                                    sce_espr_kill2          1
104E:   7501161000000010D4CC1EF60CC2000018FC00000000                                            sce_espr3d_on2          1, 22, 16, 0, 0, 0, 16, 212, 204, 30, 246, 12, 194, 0, 0, 24, 252, 0, 0, 0, 0
1064:   540015000000002044CB68F784B80000E0FC00000000                                            sce_espr3d_on           0, 21, 0, 8192, -13500, -2200, -18300, 0, -800, 0, 0
107A:   1808                                                                                    gosub                   8
107C:   4B0601                                                                                  cut_replace             6, 1
107F:   4B0702                                                                                  cut_replace             7, 2
1082:   4B0803                                                                                  cut_replace             8, 3
1085:   2901                                                                                    cut_chg                 1
1087:   3C01                                                                                    cut_auto                1
1089:   00                                                                                      nop
108A:   07001200                                                                                else                    0, off_109C

off_108E:
108E:   360405000100000000000000                                                                se_on                   4, 5, 1, 0, 0, 0
109A:   00                                                                                      nop
109B:   00                                                                                      nop

off_109C:
109C:   07000C00                                                                                else                    0, off_10A8

off_10A0:
10A0:   2B000100FFFF                                                                            message_on              0, 1, 0, 255, 255
10A6:   00                                                                                      nop
10A7:   00                                                                                      nop

off_10A8:
10A8:   0100                                                                                    evt_end                 0

.proc main_04
10AA:   06002A00                                                                                if                      0, off_10D8
10AE:   21046400                                                                                ck                      4, 100, 0
10B2:   7501160000000010D4CC1EF60CC2000018FC00000000                                            sce_espr3d_on2          1, 22, 0, 0, 0, 0, 16, 212, 204, 30, 246, 12, 194, 0, 0, 24, 252, 0, 0, 0, 0
10C8:   4B0106                                                                                  cut_replace             1, 6
10CB:   4B0207                                                                                  cut_replace             2, 7
10CE:   4B0308                                                                                  cut_replace             3, 8
10D1:   3C01                                                                                    cut_auto                1
10D3:   00                                                                                      nop
10D4:   07004400                                                                                else                    0, off_1118

off_10D8:
10D8:   7501161000000010D4CC1EF60CC2000018FC00000000                                            sce_espr3d_on2          1, 22, 16, 0, 0, 0, 16, 212, 204, 30, 246, 12, 194, 0, 0, 24, 252, 0, 0, 0, 0
10EE:   540015000000002044CB68F784B80000E0FC00000000                                            sce_espr3d_on           0, 21, 0, 8192, -13500, -2200, -18300, 0, -800, 0, 0
1104:   1808                                                                                    gosub                   8
1106:   06000C00                                                                                if                      0, off_1116
110A:   21046901                                                                                ck                      4, 105, 1
110E:   4B0109                                                                                  cut_replace             1, 9
1111:   4B020A                                                                                  cut_replace             2, 10
1114:   08                                                                                      endif
1115:   00                                                                                      nop

off_1116:
1116:   00                                                                                      nop
1117:   00                                                                                      nop

off_1118:
1118:   0100                                                                                    evt_end                 0

.proc main_05
111A:   06000A00                                                                                if                      0, off_1128
111E:   21010100                                                                                ck                      1, 1, 0
1122:   1806                                                                                    gosub                   6
1124:   07001800                                                                                else                    0, off_113C

off_1128:
1128:   06000A00                                                                                if                      0, off_1136
112C:   211D0E01                                                                                ck                      29, 14, 1
1130:   1807                                                                                    gosub                   7
1132:   07000800                                                                                else                    0, off_113A

off_1136:
1136:   1806                                                                                    gosub                   6
1138:   00                                                                                      nop
1139:   00                                                                                      nop

off_113A:
113A:   00                                                                                      nop
113B:   00                                                                                      nop

off_113C:
113C:   4400022F0020001300FFDDB1000053A5A00E00000000                                            sce_em_set              0, 2, ENEMY_VINES, 0, 32, 0, 19, 0, 255, -20003, 0, -23213, 3744, 0, 0
1152:   4400032F0020001300FF1DCC00000AC2E00700000000                                            sce_em_set              0, 3, ENEMY_VINES, 0, 32, 0, 19, 0, 255, -13283, 0, -15862, 2016, 0, 0
1168:   0100                                                                                    evt_end                 0

.proc main_06
116A:   4400002E100000130019DDB1000053A5A00E00000000                                            sce_em_set              0, 0, ENEMY_IVY, 16, 0, 0, 19, 0, 25, -20003, 0, -23213, 3744, 0, 0
1180:   4400012E10000013001A1DCC00000AC2E00700000000                                            sce_em_set              0, 1, ENEMY_IVY, 16, 0, 0, 19, 0, 26, -13283, 0, -15862, 2016, 0, 0
1196:   0100                                                                                    evt_end                 0

.proc main_07
1198:   44000039100000130019DDB1000053A5A00E00000000                                            sce_em_set              0, 0, ENEMY_IVYPURPLE, 16, 0, 0, 19, 0, 25, -20003, 0, -23213, 3744, 0, 0
11AE:   4400013910000013001A1DCC00000AC2E00700000000                                            sce_em_set              0, 1, ENEMY_IVYPURPLE, 16, 0, 0, 19, 0, 26, -13283, 0, -15862, 2016, 0, 0
11C4:   0100                                                                                    evt_end                 0

.proc main_08
11C6:   06003E00                                                                                if                      0, off_1208
11CA:   21010000                                                                                ck                      1, 0, 0
11CE:   06001C00                                                                                if                      0, off_11EE
11D2:   21010100                                                                                ck                      1, 1, 0
11D6:   2E0400                                                                                  work_set                WK_OBJECT, 0
11D9:   00                                                                                      nop
11DA:   3200A9AF24FAADA2                                                                        pos_set                 0, -20567, -1500, -23891
11E2:   3300C0F600000008                                                                        dir_set                 0, -2368, 0, 2048
11EA:   07001A00                                                                                else                    0, off_1204

off_11EE:
11EE:   2E0402                                                                                  work_set                WK_OBJECT, 2
11F1:   00                                                                                      nop
11F2:   3200A9AF24FAADA2                                                                        pos_set                 0, -20567, -1500, -23891
11FA:   330000FC40F840FD                                                                        dir_set                 0, -1024, -1984, -704
1202:   00                                                                                      nop
1203:   00                                                                                      nop

off_1204:
1204:   07003C00                                                                                else                    0, off_1240

off_1208:
1208:   06001C00                                                                                if                      0, off_1228
120C:   21010100                                                                                ck                      1, 1, 0
1210:   2E0400                                                                                  work_set                WK_OBJECT, 0
1213:   00                                                                                      nop
1214:   3200A9AF24FAADA2                                                                        pos_set                 0, -20567, -1500, -23891
121C:   3300C0F600000008                                                                        dir_set                 0, -2368, 0, 2048
1224:   07001A00                                                                                else                    0, off_123E

off_1228:
1228:   2E0403                                                                                  work_set                WK_OBJECT, 3
122B:   00                                                                                      nop
122C:   320089AC1EFB1DA1                                                                        pos_set                 0, -21367, -1250, -24291
1234:   3300000000000000                                                                        dir_set                 0, 0, 0, 0
123C:   00                                                                                      nop
123D:   00                                                                                      nop

off_123E:
123E:   00                                                                                      nop
123F:   00                                                                                      nop

off_1240:
1240:   0100                                                                                    evt_end                 0

.proc main_09
1242:   440000150000002F8019D3B1000078AC290000000000                                            sce_em_set              0, 0, ENEMY_ZOMBIETESTSUBJECT, 0, 0, 0, 47, 128, 25, -20013, 0, -21384, 41, 0, 0
1258:   440001150600002F801AB9CA00002DC0DD1700000000                                            sce_em_set              0, 1, ENEMY_ZOMBIETESTSUBJECT, 6, 0, 0, 47, 128, 26, -13639, 0, -16339, 6109, 0, 0
126E:   440002150000002F80806CAB0000A298C1FE00000000                                            sce_em_set              0, 2, ENEMY_ZOMBIETESTSUBJECT, 0, 0, 0, 47, 128, 128, -21652, 0, -26462, -319, 0, 0
1284:   440003160000002F808119B10000F8A3E11000000000                                            sce_em_set              0, 3, ENEMY_ZOMBIESCIENTIST, 0, 0, 0, 47, 128, 129, -20199, 0, -23560, 4321, 0, 0
129A:   440004160000002F808D19B10000F8A3E11000000000                                            sce_em_set              0, 4, ENEMY_ZOMBIESCIENTIST, 0, 0, 0, 47, 128, 141, -20199, 0, -23560, 4321, 0, 0
12B0:   0100                                                                                    evt_end                 0

.proc main_0A
12B2:   06007000                                                                                if                      0, off_1326
12B6:   21010100                                                                                ck                      1, 1, 0
12BA:   06001A00                                                                                if                      0, off_12D8
12BE:   21046900                                                                                ck                      4, 105, 0
12C2:   2C020531000041A8289590062003FF00180C0000                                                aot_set                 2, SCE_EVENT, SAT_PL | SAT_MANUAL | SAT_FRONT, 0, 0, -22463, -27352, 1680, 800, 255, 0, I_GOSUB, main_0C, 0, 0
12D6:   08                                                                                      endif
12D7:   00                                                                                      nop

off_12D8:
12D8:   06003000                                                                                if                      0, off_130C
12DC:   21046800                                                                                ck                      4, 104, 0
12E0:   2C0806210000B4C50AB69A0692040A004F000100                                                aot_set                 8, SCE_FLAG_CHG, SAT_PL | SAT_FRONT, 0, 0, -14924, -18934, 1690, 1170, 10, 0, 79, 0, 1, 0
12F4:   2C0904310000B4C50AB69A06920407000000FFFF                                                aot_set                 9, SCE_MESSAGE, SAT_PL | SAT_MANUAL | SAT_FRONT, 0, 0, -14924, -18934, 1690, 1170, 7, 0, 0, 0, 255, 255
1308:   07001A00                                                                                else                    0, off_1322

off_130C:
130C:   2C0904310000B4C50AB69A06920406000000FFFF                                                aot_set                 9, SCE_MESSAGE, SAT_PL | SAT_MANUAL | SAT_FRONT, 0, 0, -14924, -18934, 1690, 1170, 6, 0, 0, 0, 255, 255
1320:   00                                                                                      nop
1321:   00                                                                                      nop

off_1322:
1322:   07001A00                                                                                else                    0, off_133C

off_1326:
1326:   2C0904310000B4C50AB69A06920406000000FFFF                                                aot_set                 9, SCE_MESSAGE, SAT_PL | SAT_MANUAL | SAT_FRONT, 0, 0, -14924, -18934, 1690, 1170, 6, 0, 0, 0, 255, 255
133A:   00                                                                                      nop
133B:   00                                                                                      nop

off_133C:
133C:   0100                                                                                    evt_end                 0

.proc main_0B
133E:   06003A01                                                                                if                      0, off_147C
1342:   21010100                                                                                ck                      1, 1, 0
1346:   4E0602310000BBAC23A0B004DC05600001000E0000A0                                            item_aot_set            6, SCE_ITEM, SAT_PL | SAT_MANUAL | SAT_FRONT, 0, 0, -21317, -24541, 1200, 1500, ITEM_MODISK, 1, 14, 0, 160
135C:   2D0000000000000000000A001000A9AF24FAADA2C0F600000008000000000000000000000000            obj_model_set           0, 0, 0, 0, 0, 0, 0, 10, 16, -20567, -1500, -23891, -2368, 0, 2048, 0, 0, 0, 0, 0, 0, 0, 0
1382:   4E04023100000BA7BFB80604C4044F0001000F0002A0                                            item_aot_set            4, SCE_ITEM, SAT_PL | SAT_MANUAL | SAT_FRONT, 0, 0, -22773, -18241, 1030, 1220, ITEM_VACCINECART, 1, 15, 2, 160
1398:   2D0200000000000000000A00100030ACFEF7A4BB000000000000000000000000000000000000            obj_model_set           2, 0, 0, 0, 0, 0, 0, 10, 16, -21456, -2050, -17500, 0, 0, 0, 0, 0, 0, 0, 0, 0, 0, 0
13BE:   06002800                                                                                if                      0, off_13EA
13C2:   21046801                                                                                ck                      4, 104, 1
13C6:   2E0402                                                                                  work_set                WK_OBJECT, 2
13C9:   00                                                                                      nop
13CA:   3D1000                                                                                  member_copy             16, 0
13CD:   00                                                                                      nop
13CE:   260000100B00                                                                            calc                    0, OP_ADD, 16, 11
13D4:   350010                                                                                  member_set2             0, 16
13D7:   00                                                                                      nop
13D8:   320070CB2AF9FAB5                                                                        pos_set                 0, -13456, -1750, -18950
13E0:   3300C0FD00000000                                                                        dir_set                 0, -576, 0, 0
13E8:   08                                                                                      endif
13E9:   00                                                                                      nop

off_13EA:
13EA:   4E0500310000B4C50AB69A06920451000100110002A0                                            item_aot_set            5, SCE_AUTO, SAT_PL | SAT_MANUAL | SAT_FRONT, 0, 0, -14924, -18934, 1690, 1170, ITEM_VACCINEBASE, 1, 17, 2, 160
1400:   06002A00                                                                                if                      0, off_142E
1404:   21221100                                                                                ck                      34, 17, 0
1408:   06001200                                                                                if                      0, off_141E
140C:   21046900                                                                                ck                      4, 105, 0
1410:   46050000000000000000                                                                    aot_reset               5, SCE_AUTO, SAT_AUTO, 0, 0, 0, 0, 0, 0
141A:   07001000                                                                                else                    0, off_142A

off_141E:
141E:   46050231510001001100                                                                    aot_reset               5, SCE_ITEM, SAT_PL | SAT_MANUAL | SAT_FRONT, 81, 0, 1, 0, 17, 0
1428:   00                                                                                      nop
1429:   00                                                                                      nop

off_142A:
142A:   07001200                                                                                else                    0, off_143C

off_142E:
142E:   2E0402                                                                                  work_set                WK_OBJECT, 2
1431:   00                                                                                      nop
1432:   3200000000000000                                                                        pos_set                 0, 0, 0, 0
143A:   00                                                                                      nop
143B:   00                                                                                      nop

off_143C:
143C:   4E03023100004F9FD3B828055604180006002E000300                                            item_aot_set            3, SCE_ITEM, SAT_PL | SAT_MANUAL | SAT_FRONT, 0, 0, -24753, -18221, 1320, 1110, ITEM_EXPLOSIVEROUNDS, 6, 46, 3, 0
1452:   2D0300000000000000000A00100028A5F8F8DCBA80FF000040FE000000000000000000000000            obj_model_set           3, 0, 0, 0, 0, 0, 0, 10, 16, -23256, -1800, -17700, -128, 0, -448, 0, 0, 0, 0, 0, 0, 0, 0
1478:   07004200                                                                                else                    0, off_14BA

off_147C:
147C:   4E0602310000BBAC23A0B004DC05180006002E000300                                            item_aot_set            6, SCE_ITEM, SAT_PL | SAT_MANUAL | SAT_FRONT, 0, 0, -21317, -24541, 1200, 1500, ITEM_EXPLOSIVEROUNDS, 6, 46, 3, 0
1492:   2D0300000000000000000A00100089AC1EFB1DA1000000000000000000000000000000000000            obj_model_set           3, 0, 0, 0, 0, 0, 0, 10, 16, -21367, -1250, -24291, 0, 0, 0, 0, 0, 0, 0, 0, 0, 0, 0
14B8:   00                                                                                      nop
14B9:   00                                                                                      nop

off_14BA:
14BA:   06003600                                                                                if                      0, off_14F4
14BE:   21046400                                                                                ck                      4, 100, 0
14C2:   46060000000000000000                                                                    aot_reset               6, SCE_AUTO, SAT_AUTO, 0, 0, 0, 0, 0, 0
14CC:   06001400                                                                                if                      0, off_14E4
14D0:   21010100                                                                                ck                      1, 1, 0
14D4:   2E0400                                                                                  work_set                WK_OBJECT, 0
14D7:   00                                                                                      nop
14D8:   3200000000000000                                                                        pos_set                 0, 0, 0, 0
14E0:   07001200                                                                                else                    0, off_14F2

off_14E4:
14E4:   2E0403                                                                                  work_set                WK_OBJECT, 3
14E7:   00                                                                                      nop
14E8:   3200000000000000                                                                        pos_set                 0, 0, 0, 0
14F0:   00                                                                                      nop
14F1:   00                                                                                      nop

off_14F2:
14F2:   08                                                                                      endif
14F3:   00                                                                                      nop

off_14F4:
14F4:   0100                                                                                    evt_end                 0

.proc main_0C
14F6:   06001C00                                                                                if                      0, off_1516
14FA:   21046401                                                                                ck                      4, 100, 1
14FE:   2E0100                                                                                  work_set                WK_PLAYER, 0
1501:   00                                                                                      nop
1502:   3200E9AB00000D98                                                                        pos_set                 0, -21527, 0, -26611
150A:   3300000020030000                                                                        dir_set                 0, 0, 800, 0
1512:   2904                                                                                    cut_chg                 4
1514:   08                                                                                      endif
1515:   00                                                                                      nop

off_1516:
1516:   06001000                                                                                if                      0, off_152A
151A:   21046400                                                                                ck                      4, 100, 0
151E:   2B000200FFFF                                                                            message_on              0, 2, 0, 255, 255
1524:   02                                                                                      evt_next
1525:   00                                                                                      nop
1526:   0700AC00                                                                                else                    0, off_15D2

off_152A:
152A:   06009800                                                                                if                      0, off_15C6
152E:   21010100                                                                                ck                      1, 1, 0
1532:   06008200                                                                                if                      0, off_15B8
1536:   21046900                                                                                ck                      4, 105, 0
153A:   2B000300FFFF                                                                            message_on              0, 3, 0, 255, 255
1540:   02                                                                                      evt_next
1541:   00                                                                                      nop
1542:   06006000                                                                                if                      0, off_15A6
1546:   210B1F00                                                                                ck                      11, 31, 0
154A:   36020B000100000000000000                                                                se_on                   2, 11, 1, 0, 0, 0
1556:   06003E00                                                                                if                      0, off_1598
155A:   21046801                                                                                ck                      4, 104, 1
155E:   22046901                                                                                set                     4, 105, 1
1562:   8C00287896000000                                                                        nop_8c                  0, 40, 120, 150, 0, 0, 0
156A:   8C00780028009600                                                                        nop_8c                  0, 120, 0, 40, 0, 150, 0
1572:   36020D000100000000000000                                                                se_on                   2, 13, 1, 0, 0, 0
157E:   46050231510001001100                                                                    aot_reset               5, SCE_ITEM, SAT_PL | SAT_MANUAL | SAT_FRONT, 81, 0, 1, 0, 17, 0
1588:   46020000000000000000                                                                    aot_reset               2, SCE_AUTO, SAT_AUTO, 0, 0, 0, 0, 0, 0
1592:   180F                                                                                    gosub                   15
1594:   07000E00                                                                                else                    0, off_15A2

off_1598:
1598:   2B000400FFFF                                                                            message_on              0, 4, 0, 255, 255
159E:   02                                                                                      evt_next
159F:   00                                                                                      nop
15A0:   00                                                                                      nop
15A1:   00                                                                                      nop

off_15A2:
15A2:   07001200                                                                                else                    0, off_15B4

off_15A6:
15A6:   360405000100000000000000                                                                se_on                   4, 5, 1, 0, 0, 0
15B2:   00                                                                                      nop
15B3:   00                                                                                      nop

off_15B4:
15B4:   07000E00                                                                                else                    0, off_15C2

off_15B8:
15B8:   2B000500FFFF                                                                            message_on              0, 5, 0, 255, 255
15BE:   02                                                                                      evt_next
15BF:   00                                                                                      nop
15C0:   00                                                                                      nop
15C1:   00                                                                                      nop

off_15C2:
15C2:   07000E00                                                                                else                    0, off_15D0

off_15C6:
15C6:   2B000500FFFF                                                                            message_on              0, 5, 0, 255, 255
15CC:   02                                                                                      evt_next
15CD:   00                                                                                      nop
15CE:   00                                                                                      nop
15CF:   00                                                                                      nop

off_15D0:
15D0:   00                                                                                      nop
15D1:   00                                                                                      nop

off_15D2:
15D2:   06000C00                                                                                if                      0, off_15E2
15D6:   21046401                                                                                ck                      4, 100, 1
15DA:   0B                                                                                      wsleep
15DB:   0C                                                                                      wsleeping
15DC:   2903                                                                                    cut_chg                 3
15DE:   3C01                                                                                    cut_auto                1
15E0:   08                                                                                      endif
15E1:   00                                                                                      nop

off_15E2:
15E2:   0100                                                                                    evt_end                 0

.proc main_0D
15E4:   06002600                                                                                if                      0, off_160E
15E8:   21046800                                                                                ck                      4, 104, 0
15EC:   06001C00                                                                                if                      0, off_160C
15F0:   230000000800                                                                            cmp                     0, 0, CMP_EQ, 8
15F6:   06001000                                                                                if                      0, off_160A
15FA:   230002004F00                                                                            cmp                     0, 2, CMP_EQ, 79
1600:   22046801                                                                                set                     4, 104, 1
1604:   04FF180E                                                                                evt_exec                255, I_GOSUB, main_0E
1608:   08                                                                                      endif
1609:   00                                                                                      nop

off_160A:
160A:   08                                                                                      endif
160B:   00                                                                                      nop

off_160C:
160C:   08                                                                                      endif
160D:   00                                                                                      nop

off_160E:
160E:   0100                                                                                    evt_end                 0

.proc main_0E
1610:   624F                                                                                    sce_item_lost           79
1612:   46080000000000000000                                                                    aot_reset               8, SCE_AUTO, SAT_AUTO, 0, 0, 0, 0, 0, 0
161C:   4609043106000000FFFF                                                                    aot_reset               9, SCE_MESSAGE, SAT_PL | SAT_MANUAL | SAT_FRONT, 6, 0, 0, 0, 255, 255
1626:   36020C000100000000000000                                                                se_on                   2, 12, 1, 0, 0, 0
1632:   2E0402                                                                                  work_set                WK_OBJECT, 2
1635:   00                                                                                      nop
1636:   3D1000                                                                                  member_copy             16, 0
1639:   00                                                                                      nop
163A:   260000100B00                                                                            calc                    0, OP_ADD, 16, 11
1640:   350010                                                                                  member_set2             0, 16
1643:   00                                                                                      nop
1644:   320070CB2AF9FAB5                                                                        pos_set                 0, -13456, -1750, -18950
164C:   3300C0FD00000000                                                                        dir_set                 0, -576, 0, 0
1654:   0100                                                                                    evt_end                 0

.proc main_0F
1656:   22020701                                                                                set                     2, 7, 1
165A:   22011B01                                                                                set                     1, 27, 1
165E:   22020201                                                                                set                     2, 2, 1
1662:   2E0100                                                                                  work_set                WK_PLAYER, 0
1665:   00                                                                                      nop
1666:   3D1001                                                                                  member_copy             16, 1
1669:   00                                                                                      nop
166A:   260005100800                                                                            calc                    0, OP_OR, 16, 8
1670:   350110                                                                                  member_set2             1, 16
1673:   00                                                                                      nop
1674:   1811                                                                                    gosub                   17
1676:   4B0109                                                                                  cut_replace             1, 9
1679:   4B020A                                                                                  cut_replace             2, 10
167C:   22020200                                                                                set                     2, 2, 0
1680:   2E0100                                                                                  work_set                WK_PLAYER, 0
1683:   00                                                                                      nop
1684:   3D1001                                                                                  member_copy             16, 1
1687:   00                                                                                      nop
1688:   26000610F7FF                                                                            calc                    0, OP_AND, 16, -9
168E:   350110                                                                                  member_set2             1, 16
1691:   00                                                                                      nop
1692:   3C01                                                                                    cut_auto                1
1694:   2E0100                                                                                  work_set                WK_PLAYER, 0
1697:   42                                                                                      plc_ret
1698:   22020700                                                                                set                     2, 7, 0
169C:   22011B00                                                                                set                     1, 27, 0
16A0:   0100                                                                                    evt_end                 0

.proc main_10
16A2:   11000800                                                                                do                      0, off_16AE
16A6:   02                                                                                      evt_next
16A7:   00                                                                                      nop
16A8:   1204                                                                                    edwhile                 off_16AE
16AA:   21052000                                                                                ck                      5, 32, 0

off_16AE:
16AE:   0100                                                                                    evt_end                 0

.proc main_11
16B0:   540016000000000804B110F550970000000000000000                                            sce_espr3d_on           0, 22, 0, 2048, -20220, -2800, -26800, 0, 0, 0, 0
16C6:   36020E01000004B110F55097                                                                se_on                   2, 270, 0, -20220, -2800, -26800
16D2:   090A0F00                                                                                sleep                   10, 15
16D6:   5400160D000000079AB160F550970000000000000000                                            sce_espr3d_on           0, 3350, 0, 1792, -20070, -2720, -26800, 0, 0, 0, 0
16EC:   36020F0100009AB160F55097                                                                se_on                   2, 271, 0, -20070, -2720, -26800
16F8:   090A0F00                                                                                sleep                   10, 15
16FC:   5400160D00000007B4B060F550970000000000000000                                            sce_espr3d_on           0, 3350, 0, 1792, -20300, -2720, -26800, 0, 0, 0, 0
1712:   36020F010000B4B060F55097                                                                se_on                   2, 271, 0, -20300, -2720, -26800
171E:   090A0F00                                                                                sleep                   10, 15
1722:   5400160D00000007D8AF60F550970000000000000000                                            sce_espr3d_on           0, 3350, 0, 1792, -20520, -2720, -26800, 0, 0, 0, 0
1738:   36020F010000D8AF60F55097                                                                se_on                   2, 271, 0, -20520, -2720, -26800
1744:   090A0F00                                                                                sleep                   10, 15
1748:   5400160D00000007F2AE60F550970000000000000000                                            sce_espr3d_on           0, 3350, 0, 1792, -20750, -2720, -26800, 0, 0, 0, 0
175E:   36020F010000F2AE60F55097                                                                se_on                   2, 271, 0, -20750, -2720, -26800
176A:   090A0F00                                                                                sleep                   10, 15
176E:   5400160D000000070CAE60F550970000000000000000                                            sce_espr3d_on           0, 3350, 0, 1792, -20980, -2720, -26800, 0, 0, 0, 0
1784:   36020F0100000CAE60F55097                                                                se_on                   2, 271, 0, -20980, -2720, -26800
1790:   4C16000000                                                                              sce_espr_kill           22, 0, 0, 0
1795:   00                                                                                      nop
1796:   540016180000000860AF10F550970000000000000000                                            sce_espr3d_on           0, 6166, 0, 2048, -20640, -2800, -26800, 0, 0, 0, 0
17AC:   36020E01000060AF10F55097                                                                se_on                   2, 270, 0, -20640, -2800, -26800
17B8:   090A0F00                                                                                sleep                   10, 15
17BC:   5400160D000000079AB100F650970000000000000000                                            sce_espr3d_on           0, 3350, 0, 1792, -20070, -2560, -26800, 0, 0, 0, 0
17D2:   36020F0100009AB100F65097                                                                se_on                   2, 271, 0, -20070, -2560, -26800
17DE:   090A0F00                                                                                sleep                   10, 15
17E2:   5400160D00000007B4B000F650970000000000000000                                            sce_espr3d_on           0, 3350, 0, 1792, -20300, -2560, -26800, 0, 0, 0, 0
17F8:   36020F010000B4B000F65097                                                                se_on                   2, 271, 0, -20300, -2560, -26800
1804:   090A0F00                                                                                sleep                   10, 15
1808:   5400160D00000007D8AF00F650970000000000000000                                            sce_espr3d_on           0, 3350, 0, 1792, -20520, -2560, -26800, 0, 0, 0, 0
181E:   36020F010000D8AF00F65097                                                                se_on                   2, 271, 0, -20520, -2560, -26800
182A:   090A0F00                                                                                sleep                   10, 15
182E:   5400160D00000007F2AE00F650970000000000000000                                            sce_espr3d_on           0, 3350, 0, 1792, -20750, -2560, -26800, 0, 0, 0, 0
1844:   36020F010000F2AE00F65097                                                                se_on                   2, 271, 0, -20750, -2560, -26800
1850:   090A0F00                                                                                sleep                   10, 15
1854:   5400160D000000070CAE00F650970000000000000000                                            sce_espr3d_on           0, 3350, 0, 1792, -20980, -2560, -26800, 0, 0, 0, 0
186A:   36020F0100000CAE00F65097                                                                se_on                   2, 271, 0, -20980, -2560, -26800
1876:   4C16180000                                                                              sce_espr_kill           22, 24, 0, 0
187B:   00                                                                                      nop
187C:   5400161000000008C6AD10F550970000000000000000                                            sce_espr3d_on           0, 4118, 0, 2048, -21050, -2800, -26800, 0, 0, 0, 0
1892:   360210010000C6AD10F55097                                                                se_on                   2, 272, 0, -21050, -2800, -26800
189E:   090A1400                                                                                sleep                   10, 20
18A2:   4C16100000                                                                              sce_espr_kill           22, 16, 0, 0
18A7:   00                                                                                      nop
18A8:   0100                                                                                    evt_end                 0
18AA:   1517                                                                                    db                      0x15, 0x17
