.version 2

.init
.proc init
0E1A:   06002600                                                                                if                      0, off_0E44
0E1E:   2104FE01                                                                                ck                      FG_COMMON, 254, 1
0E22:   22045A00                                                                                set                     FG_COMMON, 90, 0
0E26:   22071000                                                                                set                     FG_ENEMY_2, 16, 0
0E2A:   22072100                                                                                set                     FG_ENEMY_2, 33, 0
0E2E:   22072200                                                                                set                     FG_ENEMY_2, 34, 0
0E32:   22072300                                                                                set                     FG_ENEMY_2, 35, 0
0E36:   22072400                                                                                set                     FG_ENEMY_2, 36, 0
0E3A:   22072500                                                                                set                     FG_ENEMY_2, 37, 0
0E3E:   22045B00                                                                                set                     FG_COMMON, 91, 0
0E42:   08                                                                                      endif
0E43:   00                                                                                      nop

off_0E44:
0E44:   3B00013100003391AFB5CC06640AE9A400002D02F3B505140500250000000000                        door_aot_se             ID_AOT_0, SCE_DOOR, SAT_PL | SAT_MANUAL | SAT_FRONT, 0, 0, -28365, -19025, 1740, 2660, -23319, 0, 557, -18957, 5, 20, 5, 0, 37, 0, 0, 0, UNLOCKED, 0
0E64:   2C020E3100000000000001000100010006000000                                                aot_set                 ID_AOT_2, SCE_WINDOWS, SAT_PL | SAT_MANUAL | SAT_FRONT, 0, 0, 0, 0, 1, 1, 1, 0, 6, 0, 0, 0
0E78:   4400013A1000001700102CCCACF4DCAA000000000000                                            sce_em_set              0, ID_EM_1, ENEMY_GIANT_MOTH, 16, AI_DEFAULT, 0, SBK_23, 0, 16, -13268, -2900, -21796, 0, 0, 0
0E8E:   0100                                                                                    evt_end                 0

.main
.proc main
0E98:   06001A00                                                                                if                      0, off_0EB6
0E9C:   21045B00                                                                                ck                      FG_COMMON, 91, 0
0EA0:   2C01053100003FCFBFB86A090807FF0018030000                                                aot_set                 ID_AOT_1, SCE_EVENT, SAT_PL | SAT_MANUAL | SAT_FRONT, 0, 0, -12481, -18241, 2410, 1800, 255, 0, I_GOSUB, main_03, 0, 0
0EB4:   08                                                                                      endif
0EB5:   00                                                                                      nop

off_0EB6:
0EB6:   5400150000002E19DAD0C6F822BD000040010A000000                                            sce_espr3d_on           0, 21, 0, 6446, -12070, -1850, -17118, 0, 320, 10, 0
0ECC:   4400023B082000280021E8D150FBD0BC000000000000                                            sce_em_set              0, ID_EM_2, ENEMY_MAGGOTS, 8, AI_20, 0, SBK_40, 0, 33, -11800, -1200, -17200, 0, 0, 0
0EE2:   4400033B08200028002258D050FB98BD000000000000                                            sce_em_set              0, ID_EM_3, ENEMY_MAGGOTS, 8, AI_20, 0, SBK_40, 0, 34, -12200, -1200, -17000, 0, 0, 0
0EF8:   4400043B082000280023E8D150FB34BD000000000000                                            sce_em_set              0, ID_EM_4, ENEMY_MAGGOTS, 8, AI_20, 0, SBK_40, 0, 35, -11800, -1200, -17100, 0, 0, 0
0F0E:   4400053B08200028002414D350FB98BD000000000000                                            sce_em_set              0, ID_EM_5, ENEMY_MAGGOTS, 8, AI_20, 0, SBK_40, 0, 36, -11500, -1200, -17000, 0, 0, 0
0F24:   4400063B082000280025BCD050FB98BD000000000000                                            sce_em_set              0, ID_EM_6, ENEMY_MAGGOTS, 8, AI_20, 0, SBK_40, 0, 37, -12100, -1200, -17000, 0, 0, 0
0F3A:   4400073B08200028002E2CCF50FB98BD000000000000                                            sce_em_set              0, ID_EM_7, ENEMY_MAGGOTS, 8, AI_20, 0, SBK_40, 0, 46, -12500, -1200, -17000, 0, 0, 0
0F50:   06001A00                                                                                if                      0, off_0F6E
0F54:   21071000                                                                                ck                      FG_ENEMY_2, 16, 0
0F58:   2C030541000027BA2599F0141027FF0018020000                                                aot_set                 ID_AOT_3, SCE_EVENT, SAT_PL | SAT_UNDER, 0, 0, -17881, -26331, 5360, 10000, 255, 0, I_GOSUB, main_02, 0, 0
0F6C:   08                                                                                      endif
0F6D:   00                                                                                      nop

off_0F6E:
0F6E:   0100                                                                                    evt_end                 0

.proc aot
0F70:   0100                                                                                    evt_end                 0

.proc main_02
0F72:   06001800                                                                                if                      0, off_0F8E
0F76:   21071000                                                                                ck                      FG_ENEMY_2, 16, 0
0F7A:   2E0301                                                                                  work_set                WK_ENEMY, ID_EM_1
0F7D:   00                                                                                      nop
0F7E:   34170100                                                                                member_set              M_SCE_FREE0, 1
0F82:   46030031000000000000                                                                    aot_reset               ID_AOT_3, SCE_AUTO, SAT_PL | SAT_MANUAL | SAT_FRONT, 0, 0, 0, 0, 0, 0
0F8C:   08                                                                                      endif
0F8D:   00                                                                                      nop

off_0F8E:
0F8E:   0100                                                                                    evt_end                 0

.proc main_03
0F90:   22020701                                                                                set                     FG_STOP, 7, 1
0F94:   2904                                                                                    cut_chg                 4
0F96:   06003C00                                                                                if                      0, off_0FD6
0F9A:   21072101                                                                                ck                      FG_ENEMY_2, 33, 1
0F9E:   06003200                                                                                if                      0, off_0FD4
0FA2:   21072201                                                                                ck                      FG_ENEMY_2, 34, 1
0FA6:   06002800                                                                                if                      0, off_0FD2
0FAA:   21072301                                                                                ck                      FG_ENEMY_2, 35, 1
0FAE:   06001E00                                                                                if                      0, off_0FD0
0FB2:   21072401                                                                                ck                      FG_ENEMY_2, 36, 1
0FB6:   06001400                                                                                if                      0, off_0FCE
0FBA:   21072501                                                                                ck                      FG_ENEMY_2, 37, 1
0FBE:   06000A00                                                                                if                      0, off_0FCC
0FC2:   21072E01                                                                                ck                      FG_ENEMY_2, 46, 1
0FC6:   22045A01                                                                                set                     FG_COMMON, 90, 1
0FCA:   08                                                                                      endif
0FCB:   00                                                                                      nop

off_0FCC:
0FCC:   08                                                                                      endif
0FCD:   00                                                                                      nop

off_0FCE:
0FCE:   08                                                                                      endif
0FCF:   00                                                                                      nop

off_0FD0:
0FD0:   08                                                                                      endif
0FD1:   00                                                                                      nop

off_0FD2:
0FD2:   08                                                                                      endif
0FD3:   00                                                                                      nop

off_0FD4:
0FD4:   08                                                                                      endif
0FD5:   00                                                                                      nop

off_0FD6:
0FD6:   06003400                                                                                if                      0, off_100E
0FDA:   21071000                                                                                ck                      FG_ENEMY_2, 16, 0
0FDE:   2E0301                                                                                  work_set                WK_ENEMY, ID_EM_1
0FE1:   00                                                                                      nop
0FE2:   3D1001                                                                                  member_copy             V_TEMP, M_BE_FLAG
0FE5:   00                                                                                      nop
0FE6:   260005100800                                                                            calc                    0, OP_OR, V_TEMP, 8
0FEC:   350110                                                                                  member_set2             M_BE_FLAG, V_TEMP
0FEF:   00                                                                                      nop
0FF0:   3D1000                                                                                  member_copy             V_TEMP, M_POINTER
0FF3:   00                                                                                      nop
0FF4:   260005100200                                                                            calc                    0, OP_OR, V_TEMP, 2
0FFA:   350010                                                                                  member_set2             M_POINTER, V_TEMP
0FFD:   00                                                                                      nop
0FFE:   3D1007                                                                                  member_copy             V_TEMP, M_TYPE
1001:   00                                                                                      nop
1002:   260005100080                                                                            calc                    0, OP_OR, V_TEMP, -32768
1008:   350710                                                                                  member_set2             M_TYPE, V_TEMP
100B:   00                                                                                      nop
100C:   08                                                                                      endif
100D:   00                                                                                      nop

off_100E:
100E:   06001000                                                                                if                      0, off_1022
1012:   21045A00                                                                                ck                      FG_COMMON, 90, 0
1016:   2B000100FFCF                                                                            message_on              0, ID_MSG_1, 0, 255, 207
101C:   02                                                                                      evt_next
101D:   00                                                                                      nop
101E:   07007C00                                                                                else                    0, off_109A

off_1022:
1022:   2B000000FFCF                                                                            message_on              0, ID_MSG_0, 0, 255, 207
1028:   02                                                                                      evt_next
1029:   00                                                                                      nop
102A:   06006A00                                                                                if                      0, off_1098
102E:   210B1F00                                                                                ck                      FG_MESSAGE, F_QUESTION, 0
1032:   820600                                                                                  unk                     130, 6, 0
1035:   4702                                                                                    aot_on                  ID_AOT_2
1037:   02                                                                                      evt_next
1038:   5400150000002E19DAD0C6F822BD000040010A000000                                            sce_espr3d_on           0, 21, 0, 6446, -12070, -1850, -17118, 0, 320, 10, 0
104E:   06004400                                                                                if                      0, off_1096
1052:   21045B01                                                                                ck                      FG_COMMON, 91, 1
1056:   22020201                                                                                set                     FG_STOP, 2, 1
105A:   2905                                                                                    cut_chg                 5
105C:   2E0100                                                                                  work_set                WK_PLAYER, 0
105F:   00                                                                                      nop
1060:   32009ED0000015B8                                                                        pos_set                 0, -12130, 0, -18411
1068:   33000000250C0000                                                                        dir_set                 0, 0, 3109, 0
1070:   3F000F00                                                                                plc_motion              0, 15, 0
1074:   090A2300                                                                                sleep                   10, 35
1078:   66                                                                                      plc_stop
1079:   00                                                                                      nop
107A:   090A1E00                                                                                sleep                   10, 30
107E:   4702                                                                                    aot_on                  ID_AOT_2
1080:   02                                                                                      evt_next
1081:   00                                                                                      nop
1082:   46010031000000000000                                                                    aot_reset               ID_AOT_1, SCE_AUTO, SAT_PL | SAT_MANUAL | SAT_FRONT, 0, 0, 0, 0, 0, 0
108C:   2E0100                                                                                  work_set                WK_PLAYER, 0
108F:   42                                                                                      plc_ret
1090:   22020200                                                                                set                     FG_STOP, 2, 0
1094:   08                                                                                      endif
1095:   00                                                                                      nop

off_1096:
1096:   08                                                                                      endif
1097:   00                                                                                      nop

off_1098:
1098:   00                                                                                      nop
1099:   00                                                                                      nop

off_109A:
109A:   06003400                                                                                if                      0, off_10D2
109E:   21071000                                                                                ck                      FG_ENEMY_2, 16, 0
10A2:   2E0301                                                                                  work_set                WK_ENEMY, ID_EM_1
10A5:   00                                                                                      nop
10A6:   3D1000                                                                                  member_copy             V_TEMP, M_POINTER
10A9:   00                                                                                      nop
10AA:   26000610FDFF                                                                            calc                    0, OP_AND, V_TEMP, -3
10B0:   350010                                                                                  member_set2             M_POINTER, V_TEMP
10B3:   00                                                                                      nop
10B4:   3D1001                                                                                  member_copy             V_TEMP, M_BE_FLAG
10B7:   00                                                                                      nop
10B8:   26000610F7FF                                                                            calc                    0, OP_AND, V_TEMP, -9
10BE:   350110                                                                                  member_set2             M_BE_FLAG, V_TEMP
10C1:   00                                                                                      nop
10C2:   3D1007                                                                                  member_copy             V_TEMP, M_TYPE
10C5:   00                                                                                      nop
10C6:   26000610FF7F                                                                            calc                    0, OP_AND, V_TEMP, 32767
10CC:   350710                                                                                  member_set2             M_TYPE, V_TEMP
10CF:   00                                                                                      nop
10D0:   08                                                                                      endif
10D1:   00                                                                                      nop

off_10D2:
10D2:   2905                                                                                    cut_chg                 5
10D4:   3C01                                                                                    cut_auto                1
10D6:   22020700                                                                                set                     FG_STOP, 7, 0
10DA:   0100                                                                                    evt_end                 0
