.version 2

.init
.proc init
2B96:   3B000131000020930FCA08079A101BB0000084A214F805140600260000000000                        door_aot_se             ID_AOT_0, SCE_DOOR, SAT_PL | SAT_MANUAL | SAT_FRONT, 0, 0, -27872, -13809, 1800, 4250, -20453, 0, -23932, -2028, 5, 20, 6, 0, 38, 0, 0, 0, UNLOCKED, 0
2BB6:   0100                                                                                    evt_end                 0

.main
.proc main
2BD8:   1808                                                                                    gosub                   main_08
2BDA:   1809                                                                                    gosub                   main_09
2BDC:   2D0400000000000000000A001000C8AA70FFFEDD000040F80000000000000000000000000000            obj_model_set           ID_OBJ_4, 0, 0, 0, 0, 0, 0, 10, 16, -21816, -144, -8706, 0, -1984, 0, 0, 0, 0, 0, 0, 0, 0, 0
2C02:   2D0500000000000000000A001000EEAC70FF94DE0000C0F70000000000000000000000000000            obj_model_set           ID_OBJ_5, 0, 0, 0, 0, 0, 0, 10, 16, -21266, -144, -8556, 0, -2112, 0, 0, 0, 0, 0, 0, 0, 0, 0
2C28:   4E070201030000000000010001001800060029000400                                            item_aot_set            ID_AOT_7, SCE_ITEM, SAT_PL, 3, 0, 0, 0, 1, 1, ITEM_EXPLOSIVEROUNDS, 6, 41, ID_OBJ_4, IF_DEFAULT
2C3E:   4E08020103000000000001000100180006002A000500                                            item_aot_set            ID_AOT_8, SCE_ITEM, SAT_PL, 3, 0, 0, 0, 1, 1, ITEM_EXPLOSIVEROUNDS, 6, 42, ID_OBJ_5, IF_DEFAULT
2C54:   2D060080140000000000000010000000E0B10000000000000000000000000000000000000000            obj_model_set           ID_OBJ_6, 0, 128, 20, 0, 0, 0, 0, 16, 0, -20000, 0, 0, 0, 0, 0, 0, 0, 0, 0, 0, 0, 0
2C7A:   2D070000000000000000000010000000E0B10000000000000000000000000000000000000000            obj_model_set           ID_OBJ_7, 0, 0, 0, 0, 0, 0, 0, 16, 0, -20000, 0, 0, 0, 0, 0, 0, 0, 0, 0, 0, 0, 0
2CA0:   4E060231030000000000010001004E0001002C000700                                            item_aot_set            ID_AOT_6, SCE_ITEM, SAT_PL | SAT_MANUAL | SAT_FRONT, 3, 0, 0, 0, 1, 1, ITEM_VACCINE, 1, 44, ID_OBJ_7, IF_DEFAULT
2CB6:   06001C00                                                                                if                      0, off_2CD6
2CBA:   21010101                                                                                ck                      FG_STATUS, F_SCENARIO, 1
2CBE:   2C0C0431000096FB6C99220B400607000000FFEF                                                aot_set                 ID_AOT_12, SCE_MESSAGE, SAT_PL | SAT_MANUAL | SAT_FRONT, 0, 0, -1130, -26260, 2850, 1600, ID_MSG_7, 0, 0, 0, 255, 239
2CD2:   0700BC00                                                                                else                    0, off_2D8E

off_2CD6:
2CD6:   06006200                                                                                if                      0, off_2D3C
2CDA:   21049D01                                                                                ck                      FG_COMMON, 157, 1
2CDE:   06002E00                                                                                if                      0, off_2D10
2CE2:   21049E01                                                                                ck                      FG_COMMON, 158, 1
2CE6:   2D020000000000000000000012000000E0B10000ED0900000000000000000000000000000000            obj_model_set           ID_OBJ_2, 0, 0, 0, 0, 0, 0, 0, 18, 0, -20000, 0, 2541, 0, 0, 0, 0, 0, 0, 0, 0, 0, 0
2D0C:   07002C00                                                                                else                    0, off_2D38

off_2D10:
2D10:   2D020000000000000000000012001A04E3FAA39CED0900000000000000000000000000000000            obj_model_set           ID_OBJ_2, 0, 0, 0, 0, 0, 0, 0, 18, 1050, -1309, -25437, 2541, 0, 0, 0, 0, 0, 0, 0, 0, 0, 0
2D36:   00                                                                                      nop
2D37:   00                                                                                      nop

off_2D38:
2D38:   07002C00                                                                                else                    0, off_2D64

off_2D3C:
2D3C:   2D020000000000000000000012000000E0B10000ED0900000000000000000000000000000000            obj_model_set           ID_OBJ_2, 0, 0, 0, 0, 0, 0, 0, 18, 0, -20000, 0, 2541, 0, 0, 0, 0, 0, 0, 0, 0, 0, 0
2D62:   00                                                                                      nop
2D63:   00                                                                                      nop

off_2D64:
2D64:   2C040621000096FB6C99220B40060A0051000100                                                aot_set                 ID_AOT_4, SCE_FLAG_CHG, SAT_PL | SAT_FRONT, 0, 0, -1130, -26260, 2850, 1600, 10, 0, ITEM_VACCINEBASE, 0, aot, 0
2D78:   2C0C0431000096FB6C99220B400609000000FFEF                                                aot_set                 ID_AOT_12, SCE_MESSAGE, SAT_PL | SAT_MANUAL | SAT_FRONT, 0, 0, -1130, -26260, 2850, 1600, ID_MSG_9, 0, 0, 0, 255, 239
2D8C:   00                                                                                      nop
2D8D:   00                                                                                      nop

off_2D8E:
2D8E:   06007200                                                                                if                      0, off_2E04
2D92:   21049D01                                                                                ck                      FG_COMMON, 157, 1
2D96:   06003E00                                                                                if                      0, off_2DD8
2D9A:   21049E01                                                                                ck                      FG_COMMON, 158, 1
2D9E:   2E0406                                                                                  work_set                WK_OBJECT, ID_OBJ_6
2DA1:   00                                                                                      nop
2DA2:   32000000E0B10000                                                                        pos_set                 0, 0, -20000, 0
2DAA:   2E0407                                                                                  work_set                WK_OBJECT, ID_OBJ_7
2DAD:   00                                                                                      nop
2DAE:   32003804CCFA209C                                                                        pos_set                 0, 1080, -1332, -25568
2DB6:   460C043108000000FFEF                                                                    aot_reset               ID_AOT_12, SCE_MESSAGE, SAT_PL | SAT_MANUAL | SAT_FRONT, ID_MSG_8, 0, 0, 0, 255, 239
2DC0:   6403160A000060086C00CCFAA69C0000                                                        sce_espr_on2            3, 22, 10, 0, 0, 96, 8, 108, 0, 204, 250, 166, 156, 0, 0
2DD0:   22048401                                                                                set                     FG_COMMON, 132, 1
2DD4:   07001E00                                                                                else                    0, off_2DF2

off_2DD8:
2DD8:   2E0406                                                                                  work_set                WK_OBJECT, ID_OBJ_6
2DDB:   00                                                                                      nop
2DDC:   32003804CCFA209C                                                                        pos_set                 0, 1080, -1332, -25568
2DE4:   2E0407                                                                                  work_set                WK_OBJECT, ID_OBJ_7
2DE7:   00                                                                                      nop
2DE8:   32000000E0B10000                                                                        pos_set                 0, 0, -20000, 0
2DF0:   00                                                                                      nop
2DF1:   00                                                                                      nop

off_2DF2:
2DF2:   6401161200000009C201B0FAA69C0000                                                        sce_espr_on2            1, 22, 18, 0, 0, 0, 9, 194, 1, 176, 250, 166, 156, 0, 0
2E02:   08                                                                                      endif
2E03:   00                                                                                      nop

off_2E04:
2E04:   06001E00                                                                                if                      0, off_2E26
2E08:   21001901                                                                                ck                      FG_SYSTEM, F_DIFFICULT, 1
2E0C:   4E0D023100008CA698BDA208B806230001003700FF00                                            item_aot_set            ID_AOT_13, SCE_ITEM, SAT_PL | SAT_MANUAL | SAT_FRONT, 0, 0, -22900, -17000, 2210, 1720, ITEM_FAIDSPRAY, 1, 55, ID_OBJ_255, IF_DEFAULT
2E22:   07004200                                                                                else                    0, off_2E64

off_2E26:
2E26:   4E0D023100008CA698BDA208B8062300010037000900                                            item_aot_set            ID_AOT_13, SCE_ITEM, SAT_PL | SAT_MANUAL | SAT_FRONT, 0, 0, -22900, -17000, 2210, 1720, ITEM_FAIDSPRAY, 1, 55, ID_OBJ_9, IF_DEFAULT
2E3C:   2D09000000000000000000001000ECAAF8F8D8C0000080000000000000000000000000000000            obj_model_set           ID_OBJ_9, 0, 0, 0, 0, 0, 0, 0, 16, -21780, -1800, -16168, 0, 128, 0, 0, 0, 0, 0, 0, 0, 0, 0
2E62:   00                                                                                      nop
2E63:   00                                                                                      nop

off_2E64:
2E64:   06004400                                                                                if                      0, off_2EAC
2E68:   21010101                                                                                ck                      FG_STATUS, F_SCENARIO, 1
2E6C:   2D08000000000000000000001000BAF1B0F8B6BCC0FF00070006000000000000000000000000            obj_model_set           ID_OBJ_8, 0, 0, 0, 0, 0, 0, 0, 16, -3654, -1872, -17226, -64, 1792, 1536, 0, 0, 0, 0, 0, 0, 0, 0
2E92:   4E05023100008EEF4CB9E60548085F0001002B000880                                            item_aot_set            ID_AOT_5, SCE_ITEM, SAT_PL | SAT_MANUAL | SAT_FRONT, 0, 0, -4210, -18100, 1510, 2120, ITEM_POWERROOMKEY, 1, 43, ID_OBJ_8, 128
2EA8:   07004200                                                                                else                    0, off_2EEA

off_2EAC:
2EAC:   2D03000000000000000000001000BAF1B0F8B6BC0000000C0000000000000000000000000000            obj_model_set           ID_OBJ_3, 0, 0, 0, 0, 0, 0, 0, 16, -3654, -1872, -17226, 0, 3072, 0, 0, 0, 0, 0, 0, 0, 0, 0
2ED2:   4E05023100008EEF4CB9E6054808610002002B0003E0                                            item_aot_set            ID_AOT_5, SCE_ITEM, SAT_PL | SAT_MANUAL | SAT_FRONT, 0, 0, -4210, -18100, 1510, 2120, ITEM_UMBRELLAKEYCARD, 2, 43, ID_OBJ_3, IF_GLINT_RED
2EE8:   00                                                                                      nop
2EE9:   00                                                                                      nop

off_2EEA:
2EEA:   0100                                                                                    evt_end                 0

.proc aot
2EEC:   06000E00                                                                                if                      0, off_2EFE
2EF0:   230002005100                                                                            cmp                     0, V_USED_ITEM, CMP_EQ, 81
2EF6:   6251                                                                                    sce_item_lost           ITEM_VACCINEBASE
2EF8:   04FF1803                                                                                evt_exec                255, I_GOSUB, main_03
2EFC:   08                                                                                      endif
2EFD:   00                                                                                      nop

off_2EFE:
2EFE:   06005200                                                                                if                      0, off_2F54
2F02:   21049D01                                                                                ck                      FG_COMMON, 157, 1
2F06:   06003C00                                                                                if                      0, off_2F46
2F0A:   21049E01                                                                                ck                      FG_COMMON, 158, 1
2F0E:   06001200                                                                                if                      0, off_2F24
2F12:   21222C00                                                                                ck                      FG_ITEM_2, 44, 0
2F16:   46040531FF0018020000                                                                    aot_reset               ID_AOT_4, SCE_EVENT, SAT_PL | SAT_MANUAL | SAT_FRONT, 255, 0, I_GOSUB, main_02, 0, 0
2F20:   07002200                                                                                else                    0, off_2F42

off_2F24:
2F24:   46040031000000000000                                                                    aot_reset               ID_AOT_4, SCE_AUTO, SAT_PL | SAT_MANUAL | SAT_FRONT, 0, 0, 0, 0, 0, 0
2F2E:   460C043108000000FFEF                                                                    aot_reset               ID_AOT_12, SCE_MESSAGE, SAT_PL | SAT_MANUAL | SAT_FRONT, ID_MSG_8, 0, 0, 0, 255, 239
2F38:   22048401                                                                                set                     FG_COMMON, 132, 1
2F3C:   6501                                                                                    sce_espr_kill2          1
2F3E:   6503                                                                                    sce_espr_kill2          3
2F40:   00                                                                                      nop
2F41:   00                                                                                      nop

off_2F42:
2F42:   07001000                                                                                else                    0, off_2F52

off_2F46:
2F46:   46040531FF0018040000                                                                    aot_reset               ID_AOT_4, SCE_EVENT, SAT_PL | SAT_MANUAL | SAT_FRONT, 255, 0, I_GOSUB, main_04, 0, 0
2F50:   00                                                                                      nop
2F51:   00                                                                                      nop

off_2F52:
2F52:   08                                                                                      endif
2F53:   00                                                                                      nop

off_2F54:
2F54:   06001400                                                                                if                      0, off_2F6C
2F58:   21222901                                                                                ck                      FG_ITEM_2, 41, 1
2F5C:   21222A01                                                                                ck                      FG_ITEM_2, 42, 1
2F60:   46030000000000000000                                                                    aot_reset               ID_AOT_3, SCE_AUTO, SAT_AUTO, 0, 0, 0, 0, 0, 0
2F6A:   08                                                                                      endif
2F6B:   00                                                                                      nop

off_2F6C:
2F6C:   06002800                                                                                if                      0, off_2F98
2F70:   21010101                                                                                ck                      FG_STATUS, F_SCENARIO, 1
2F74:   06001C00                                                                                if                      0, off_2F94
2F78:   21222B01                                                                                ck                      FG_ITEM_2, 43, 1
2F7C:   06001200                                                                                if                      0, off_2F92
2F80:   2104C200                                                                                ck                      FG_COMMON, 194, 0
2F84:   57001206222B00C0                                                                        sce_bgmtbl_set          0, 18, 6, 11042, 49152
2F8C:   2204C201                                                                                set                     FG_COMMON, 194, 1
2F90:   08                                                                                      endif
2F91:   00                                                                                      nop

off_2F92:
2F92:   08                                                                                      endif
2F93:   00                                                                                      nop

off_2F94:
2F94:   07002600                                                                                else                    0, off_2FBA

off_2F98:
2F98:   06001C00                                                                                if                      0, off_2FB8
2F9C:   21222B01                                                                                ck                      FG_ITEM_2, 43, 1
2FA0:   06001200                                                                                if                      0, off_2FB6
2FA4:   2104C200                                                                                ck                      FG_COMMON, 194, 0
2FA8:   57001406112A40C0                                                                        sce_bgmtbl_set          0, 20, 6, 10769, 49216
2FB0:   2204C201                                                                                set                     FG_COMMON, 194, 1
2FB4:   08                                                                                      endif
2FB5:   00                                                                                      nop

off_2FB6:
2FB6:   08                                                                                      endif
2FB7:   00                                                                                      nop

off_2FB8:
2FB8:   00                                                                                      nop
2FB9:   00                                                                                      nop

off_2FBA:
2FBA:   180A                                                                                    gosub                   main_0A
2FBC:   0100                                                                                    evt_end                 0

.proc main_02
2FBE:   22020701                                                                                set                     FG_STOP, 7, 1
2FC2:   22020201                                                                                set                     FG_STOP, 2, 1
2FC6:   4706                                                                                    aot_on                  ID_AOT_6
2FC8:   06000A00                                                                                if                      0, off_2FD6
2FCC:   21222C00                                                                                ck                      FG_ITEM_2, 44, 0
2FD0:   090A0100                                                                                sleep                   10, 1
2FD4:   08                                                                                      endif
2FD5:   00                                                                                      nop

off_2FD6:
2FD6:   22020700                                                                                set                     FG_STOP, 7, 0
2FDA:   22020200                                                                                set                     FG_STOP, 2, 0
2FDE:   0100                                                                                    evt_end                 0

.proc main_03
2FE0:   22020701                                                                                set                     FG_STOP, 7, 1
2FE4:   22020201                                                                                set                     FG_STOP, 2, 1
2FE8:   290C                                                                                    cut_chg                 12
2FEA:   090A1400                                                                                sleep                   10, 20
2FEE:   2E0406                                                                                  work_set                WK_OBJECT, ID_OBJ_6
2FF1:   00                                                                                      nop
2FF2:   32003804CCFA209C                                                                        pos_set                 0, 1080, -1332, -25568
2FFA:   36020B0000003E00000078A1                                                                se_on                   2, 11, 0, 62, 0, -24200
3006:   090A0A00                                                                                sleep                   10, 10
300A:   36020C0000003E00000078A1                                                                se_on                   2, 12, 0, 62, 0, -24200
3016:   2E0402                                                                                  work_set                WK_OBJECT, ID_OBJ_2
3019:   00                                                                                      nop
301A:   32001A043BFD979E                                                                        pos_set                 0, 1050, -709, -24937
3022:   0D0020003200                                                                            for                     0, off_3048, 50
3028:   3D100D                                                                                  member_copy             V_TEMP, M_Z_POS
302B:   00                                                                                      nop
302C:   260001100A00                                                                            calc                    0, OP_SUB, V_TEMP, 10
3032:   350D10                                                                                  member_set2             M_Z_POS, V_TEMP
3035:   00                                                                                      nop
3036:   3D100C                                                                                  member_copy             V_TEMP, M_Y_POS
3039:   00                                                                                      nop
303A:   260001100C00                                                                            calc                    0, OP_SUB, V_TEMP, 12
3040:   350C10                                                                                  member_set2             M_Y_POS, V_TEMP
3043:   00                                                                                      nop
3044:   02                                                                                      evt_next
3045:   00                                                                                      nop
3046:   0E00                                                                                    next                    0

off_3048:
3048:   090A0500                                                                                sleep                   10, 5
304C:   6401161200000009C201B0FAA69C0000                                                        sce_espr_on2            1, 22, 18, 0, 0, 0, 9, 194, 1, 176, 250, 166, 156, 0, 0
305C:   090A1E00                                                                                sleep                   10, 30
3060:   290B                                                                                    cut_chg                 11
3062:   2B000300FFFF                                                                            message_on              0, ID_MSG_3, 0, 255, 255
3068:   090A0100                                                                                sleep                   10, 1
306C:   0600D600                                                                                if                      0, off_3146
3070:   210B1F00                                                                                ck                      FG_MESSAGE, F_QUESTION, 0
3074:   290C                                                                                    cut_chg                 12
3076:   090A0A00                                                                                sleep                   10, 10
307A:   8C00C846A0000A00                                                                        nop_8c                  0, 200, 70, 160, 0, 10, 0
3082:   36020D0000003E00000078A1                                                                se_on                   2, 13, 0, 62, 0, -24200
308E:   6402160200006008FC00CCFAA69C0000                                                        sce_espr_on2            2, 22, 2, 0, 0, 96, 8, 252, 0, 204, 250, 166, 156, 0, 0
309E:   2E0406                                                                                  work_set                WK_OBJECT, ID_OBJ_6
30A1:   4501001407                                                                              col_chg_set             1, 0, 20, 7
30A6:   090A0A00                                                                                sleep                   10, 10
30AA:   36020E0000003E00000078A1                                                                se_on                   2, 14, 0, 62, 0, -24200
30B6:   090A6E00                                                                                sleep                   10, 110
30BA:   2E0406                                                                                  work_set                WK_OBJECT, ID_OBJ_6
30BD:   00                                                                                      nop
30BE:   32000000E0B10000                                                                        pos_set                 0, 0, -20000, 0
30C6:   2E0407                                                                                  work_set                WK_OBJECT, ID_OBJ_7
30C9:   00                                                                                      nop
30CA:   32003804CCFA209C                                                                        pos_set                 0, 1080, -1332, -25568
30D2:   090A1E00                                                                                sleep                   10, 30
30D6:   6502                                                                                    sce_espr_kill2          2
30D8:   6403160A000060086C00CCFAA69C0000                                                        sce_espr_on2            3, 22, 10, 0, 0, 96, 8, 108, 0, 204, 250, 166, 156, 0, 0
30E8:   36020F0000003E00000078A1                                                                se_on                   2, 15, 0, 62, 0, -24200
30F4:   090A0A00                                                                                sleep                   10, 10
30F8:   2E0402                                                                                  work_set                WK_OBJECT, ID_OBJ_2
30FB:   00                                                                                      nop
30FC:   36020C0000003E00000078A1                                                                se_on                   2, 12, 0, 62, 0, -24200
3108:   32001A04E3FAA39C                                                                        pos_set                 0, 1050, -1309, -25437
3110:   0D0020003200                                                                            for                     0, off_3136, 50
3116:   3D100D                                                                                  member_copy             V_TEMP, M_Z_POS
3119:   00                                                                                      nop
311A:   260000100A00                                                                            calc                    0, OP_ADD, V_TEMP, 10
3120:   350D10                                                                                  member_set2             M_Z_POS, V_TEMP
3123:   00                                                                                      nop
3124:   3D100C                                                                                  member_copy             V_TEMP, M_Y_POS
3127:   00                                                                                      nop
3128:   260000100C00                                                                            calc                    0, OP_ADD, V_TEMP, 12
312E:   350C10                                                                                  member_set2             M_Y_POS, V_TEMP
3131:   00                                                                                      nop
3132:   02                                                                                      evt_next
3133:   00                                                                                      nop
3134:   0E00                                                                                    next                    0

off_3136:
3136:   4706                                                                                    aot_on                  ID_AOT_6
3138:   02                                                                                      evt_next
3139:   22049E01                                                                                set                     FG_COMMON, 158, 1
313D:   00                                                                                      nop
313E:   090A1E00                                                                                sleep                   10, 30
3142:   290B                                                                                    cut_chg                 11
3144:   08                                                                                      endif
3145:   00                                                                                      nop

off_3146:
3146:   22049D01                                                                                set                     FG_COMMON, 157, 1
314A:   22020700                                                                                set                     FG_STOP, 7, 0
314E:   22020200                                                                                set                     FG_STOP, 2, 0
3152:   3C01                                                                                    cut_auto                1
3154:   0100                                                                                    evt_end                 0

.proc main_04
3156:   22020701                                                                                set                     FG_STOP, 7, 1
315A:   22020201                                                                                set                     FG_STOP, 2, 1
315E:   090A0A00                                                                                sleep                   10, 10
3162:   2E0406                                                                                  work_set                WK_OBJECT, ID_OBJ_6
3165:   00                                                                                      nop
3166:   32003804CCFA209C                                                                        pos_set                 0, 1080, -1332, -25568
316E:   2E0407                                                                                  work_set                WK_OBJECT, ID_OBJ_7
3171:   00                                                                                      nop
3172:   32000000E0B10000                                                                        pos_set                 0, 0, -20000, 0
317A:   2B000300FFFF                                                                            message_on              0, ID_MSG_3, 0, 255, 255
3180:   090A0100                                                                                sleep                   10, 1
3184:   0600D600                                                                                if                      0, off_325E
3188:   210B1F00                                                                                ck                      FG_MESSAGE, F_QUESTION, 0
318C:   290C                                                                                    cut_chg                 12
318E:   090A0A00                                                                                sleep                   10, 10
3192:   8C00C846A0000A00                                                                        nop_8c                  0, 200, 70, 160, 0, 10, 0
319A:   36020D0000003E00000078A1                                                                se_on                   2, 13, 0, 62, 0, -24200
31A6:   6402160200006008FC00CCFAA69C0000                                                        sce_espr_on2            2, 22, 2, 0, 0, 96, 8, 252, 0, 204, 250, 166, 156, 0, 0
31B6:   2E0406                                                                                  work_set                WK_OBJECT, ID_OBJ_6
31B9:   4501001407                                                                              col_chg_set             1, 0, 20, 7
31BE:   090A0A00                                                                                sleep                   10, 10
31C2:   36020E0000003E00000078A1                                                                se_on                   2, 14, 0, 62, 0, -24200
31CE:   090A6E00                                                                                sleep                   10, 110
31D2:   2E0406                                                                                  work_set                WK_OBJECT, ID_OBJ_6
31D5:   00                                                                                      nop
31D6:   32000000E0B10000                                                                        pos_set                 0, 0, -20000, 0
31DE:   2E0407                                                                                  work_set                WK_OBJECT, ID_OBJ_7
31E1:   00                                                                                      nop
31E2:   32003804CCFA209C                                                                        pos_set                 0, 1080, -1332, -25568
31EA:   090A1E00                                                                                sleep                   10, 30
31EE:   6502                                                                                    sce_espr_kill2          2
31F0:   6403160A000060086C00CCFAA69C0000                                                        sce_espr_on2            3, 22, 10, 0, 0, 96, 8, 108, 0, 204, 250, 166, 156, 0, 0
3200:   36020F0000003E00000078A1                                                                se_on                   2, 15, 0, 62, 0, -24200
320C:   090A0A00                                                                                sleep                   10, 10
3210:   2E0402                                                                                  work_set                WK_OBJECT, ID_OBJ_2
3213:   00                                                                                      nop
3214:   36020C0000003E00000078A1                                                                se_on                   2, 12, 0, 62, 0, -24200
3220:   32001A04E3FAA39C                                                                        pos_set                 0, 1050, -1309, -25437
3228:   0D0020003200                                                                            for                     0, off_324E, 50
322E:   3D100D                                                                                  member_copy             V_TEMP, M_Z_POS
3231:   00                                                                                      nop
3232:   260000100A00                                                                            calc                    0, OP_ADD, V_TEMP, 10
3238:   350D10                                                                                  member_set2             M_Z_POS, V_TEMP
323B:   00                                                                                      nop
323C:   3D100C                                                                                  member_copy             V_TEMP, M_Y_POS
323F:   00                                                                                      nop
3240:   260000100C00                                                                            calc                    0, OP_ADD, V_TEMP, 12
3246:   350C10                                                                                  member_set2             M_Y_POS, V_TEMP
3249:   00                                                                                      nop
324A:   02                                                                                      evt_next
324B:   00                                                                                      nop
324C:   0E00                                                                                    next                    0

off_324E:
324E:   4706                                                                                    aot_on                  ID_AOT_6
3250:   02                                                                                      evt_next
3251:   22049E01                                                                                set                     FG_COMMON, 158, 1
3255:   00                                                                                      nop
3256:   090A1E00                                                                                sleep                   10, 30
325A:   290B                                                                                    cut_chg                 11
325C:   08                                                                                      endif
325D:   00                                                                                      nop

off_325E:
325E:   22020700                                                                                set                     FG_STOP, 7, 0
3262:   22020200                                                                                set                     FG_STOP, 2, 0
3266:   3C01                                                                                    cut_auto                1
3268:   0100                                                                                    evt_end                 0

.proc main_05
326A:   22020701                                                                                set                     FG_STOP, 7, 1
326E:   22020201                                                                                set                     FG_STOP, 2, 1
3272:   06002A00                                                                                if                      0, off_32A0
3276:   21049F01                                                                                ck                      FG_COMMON, 159, 1
327A:   290D                                                                                    cut_chg                 13
327C:   36022801000020AC00001CDA                                                                se_on                   2, 296, 0, -21472, 0, -9700
3288:   623F                                                                                    sce_item_lost           ITEM_WEAPONBOXKEY
328A:   090A1E00                                                                                sleep                   10, 30
328E:   4707                                                                                    aot_on                  ID_AOT_7
3290:   090A2800                                                                                sleep                   10, 40
3294:   4708                                                                                    aot_on                  ID_AOT_8
3296:   090A0100                                                                                sleep                   10, 1
329A:   2900                                                                                    cut_chg                 0
329C:   07006600                                                                                else                    0, off_3302

off_32A0:
32A0:   06005000                                                                                if                      0, off_32F4
32A4:   5E3F                                                                                    keep_item_ck            ITEM_WEAPONBOXKEY
32A6:   2B000A00FFFF                                                                            message_on              0, ID_MSG_10, 0, 255, 255
32AC:   090A0100                                                                                sleep                   10, 1
32B0:   06003C00                                                                                if                      0, off_32F0
32B4:   210B1F00                                                                                ck                      FG_MESSAGE, F_QUESTION, 0
32B8:   22049F01                                                                                set                     FG_COMMON, 159, 1
32BC:   36022701000020AC00001CDA                                                                se_on                   2, 295, 0, -21472, 0, -9700
32C8:   623F                                                                                    sce_item_lost           ITEM_WEAPONBOXKEY
32CA:   090A1E00                                                                                sleep                   10, 30
32CE:   290D                                                                                    cut_chg                 13
32D0:   36022801000020AC00001CDA                                                                se_on                   2, 296, 0, -21472, 0, -9700
32DC:   090A1E00                                                                                sleep                   10, 30
32E0:   4707                                                                                    aot_on                  ID_AOT_7
32E2:   090A2800                                                                                sleep                   10, 40
32E6:   4708                                                                                    aot_on                  ID_AOT_8
32E8:   090A0100                                                                                sleep                   10, 1
32EC:   2900                                                                                    cut_chg                 0
32EE:   08                                                                                      endif
32EF:   00                                                                                      nop

off_32F0:
32F0:   07001000                                                                                else                    0, off_3300

off_32F4:
32F4:   2B000000FFFF                                                                            message_on              0, ID_MSG_0, 0, 255, 255
32FA:   090A0100                                                                                sleep                   10, 1
32FE:   00                                                                                      nop
32FF:   00                                                                                      nop

off_3300:
3300:   00                                                                                      nop
3301:   00                                                                                      nop

off_3302:
3302:   22020700                                                                                set                     FG_STOP, 7, 0
3306:   22020200                                                                                set                     FG_STOP, 2, 0
330A:   3C01                                                                                    cut_auto                1
330C:   0100                                                                                    evt_end                 0

.proc main_06
330E:   22020701                                                                                set                     FG_STOP, 7, 1
3312:   22020201                                                                                set                     FG_STOP, 2, 1
3316:   4705                                                                                    aot_on                  ID_AOT_5
3318:   06000A00                                                                                if                      0, off_3326
331C:   21222B00                                                                                ck                      FG_ITEM_2, 43, 0
3320:   090A0100                                                                                sleep                   10, 1
3324:   08                                                                                      endif
3325:   00                                                                                      nop

off_3326:
3326:   22020700                                                                                set                     FG_STOP, 7, 0
332A:   22020200                                                                                set                     FG_STOP, 2, 0
332E:   0100                                                                                    evt_end                 0

.proc main_07
3330:   22020701                                                                                set                     FG_STOP, 7, 1
3334:   22020201                                                                                set                     FG_STOP, 2, 1
3338:   4705                                                                                    aot_on                  ID_AOT_5
333A:   06000A00                                                                                if                      0, off_3348
333E:   21222B00                                                                                ck                      FG_ITEM_2, 43, 0
3342:   090A0100                                                                                sleep                   10, 1
3346:   08                                                                                      endif
3347:   00                                                                                      nop

off_3348:
3348:   22020700                                                                                set                     FG_STOP, 7, 0
334C:   22020200                                                                                set                     FG_STOP, 2, 0
3350:   0100                                                                                    evt_end                 0

.proc main_08
3352:   06007600                                                                                if                      0, off_33CC
3356:   21010101                                                                                ck                      FG_STATUS, F_SCENARIO, 1
335A:   440000170000002E0029FECB0000F1B11A0300000000                                            sce_em_set              0, ID_EM_0, ENEMY_ZOMBIE_NAKED, 0, AI_DEFAULT, 0, SBK_46, 0, 41, -13314, 0, -19983, 794, 0, 0
3370:   440001170000002E002A10C00000669A7A0700000000                                            sce_em_set              0, ID_EM_1, ENEMY_ZOMBIE_NAKED, 0, AI_DEFAULT, 0, SBK_46, 0, 42, -16368, 0, -26010, 1914, 0, 0
3386:   440002170000002E002BCEC1000032B77A0500000000                                            sce_em_set              0, ID_EM_2, ENEMY_ZOMBIE_NAKED, 0, AI_DEFAULT, 0, SBK_46, 0, 43, -15922, 0, -18638, 1402, 0, 0
339C:   440003170000002E002C20D200004DBF5F0700000000                                            sce_em_set              0, ID_EM_3, ENEMY_ZOMBIE_NAKED, 0, AI_DEFAULT, 0, SBK_46, 0, 44, -11744, 0, -16563, 1887, 0, 0
33B2:   440004170000002E002DEAD70000E7A27A0900000000                                            sce_em_set              0, ID_EM_4, ENEMY_ZOMBIE_NAKED, 0, AI_DEFAULT, 0, SBK_46, 0, 45, -10262, 0, -23833, 2426, 0, 0
33C8:   07007400                                                                                else                    0, off_343C

off_33CC:
33CC:   440000160000002F00298EA100004EA2FA0900000000                                            sce_em_set              0, ID_EM_0, ENEMY_ZOMBIE_SCIENTIST, 0, AI_DEFAULT, 0, SBK_47, 0, 41, -24178, 0, -23986, 2554, 0, 0
33E2:   440001160000002F002A10C00000669A7A0700000000                                            sce_em_set              0, ID_EM_1, ENEMY_ZOMBIE_SCIENTIST, 0, AI_DEFAULT, 0, SBK_47, 0, 42, -16368, 0, -26010, 1914, 0, 0
33F8:   440002160000002F002B2ECB0000B2C3620900000000                                            sce_em_set              0, ID_EM_2, ENEMY_ZOMBIE_SCIENTIST, 0, AI_DEFAULT, 0, SBK_47, 0, 43, -13522, 0, -15438, 2402, 0, 0
340E:   440003160000002F002C58E0000079C7070400000000                                            sce_em_set              0, ID_EM_3, ENEMY_ZOMBIE_SCIENTIST, 0, AI_DEFAULT, 0, SBK_47, 0, 44, -8104, 0, -14471, 1031, 0, 0
3424:   440004160000002F002D83FE000021BDFA0500000000                                            sce_em_set              0, ID_EM_4, ENEMY_ZOMBIE_SCIENTIST, 0, AI_DEFAULT, 0, SBK_47, 0, 45, -381, 0, -17119, 1530, 0, 0
343A:   00                                                                                      nop
343B:   00                                                                                      nop

off_343C:
343C:   0100                                                                                    evt_end                 0

.proc main_09
343E:   2D00000000000000000008001000EE980000A8BB000000040000000000000000000000000000            obj_model_set           ID_OBJ_0, 0, 0, 0, 0, 0, 0, 8, 16, -26386, 0, -17496, 0, 1024, 0, 0, 0, 0, 0, 0, 0, 0, 0
3464:   2D010000000000000000000010007EB30000B298000000000000000000000000000000000000            obj_model_set           ID_OBJ_1, 0, 0, 0, 0, 0, 0, 0, 16, -19586, 0, -26446, 0, 0, 0, 0, 0, 0, 0, 0, 0, 0, 0
348A:   2C0906430000129964B5280A300C050020000100                                                aot_set                 ID_AOT_9, SCE_FLAG_CHG, SAT_PL | SAT_EM | SAT_UNDER, 0, 0, -26350, -19100, 2600, 3120, 5, 0, ITEM_HANDGUNPARTS, 0, aot, 0
349E:   2C0A06430000F8AD7298FC0DD007050021000100                                                aot_set                 ID_AOT_10, SCE_FLAG_CHG, SAT_PL | SAT_EM | SAT_UNDER, 0, 0, -21000, -26510, 3580, 2000, 5, 0, ITEM_MAGNUMPARTS, 0, aot, 0
34B2:   6407160A00000010A0AB78EC34D60000                                                        sce_espr_on2            7, 22, 10, 0, 0, 0, 16, 160, 171, 120, 236, 52, 214, 0, 0
34C2:   6408160A00000010D8AA78EC34D60000                                                        sce_espr_on2            8, 22, 10, 0, 0, 0, 16, 216, 170, 120, 236, 52, 214, 0, 0
34D2:   2C0305310000B0AA7CD9D606A406FF0018050000                                                aot_set                 ID_AOT_3, SCE_EVENT, SAT_PL | SAT_MANUAL | SAT_FRONT, 0, 0, -21840, -9860, 1750, 1700, 255, 0, I_GOSUB, main_05, 0, 0
34E6:   2C0B04310000D89B72D9020D640501000000FFEF                                                aot_set                 ID_AOT_11, SCE_MESSAGE, SAT_PL | SAT_MANUAL | SAT_FRONT, 0, 0, -25640, -9870, 3330, 1380, ID_MSG_1, 0, 0, 0, 255, 239
34FA:   2C0F0431000010B416C78804640502000000FFEF                                                aot_set                 ID_AOT_15, SCE_MESSAGE, SAT_PL | SAT_MANUAL | SAT_FRONT, 0, 0, -19440, -14570, 1160, 1380, ID_MSG_2, 0, 0, 0, 255, 239
350E:   2C100431000010B4AEB68804640502000000FFEF                                                aot_set                 ID_AOT_16, SCE_MESSAGE, SAT_PL | SAT_MANUAL | SAT_FRONT, 0, 0, -19440, -18770, 1160, 1380, ID_MSG_2, 0, 0, 0, 255, 239
3522:   2C110431000010B446A68804640502000000FFEF                                                aot_set                 ID_AOT_17, SCE_MESSAGE, SAT_PL | SAT_MANUAL | SAT_FRONT, 0, 0, -19440, -22970, 1160, 1380, ID_MSG_2, 0, 0, 0, 255, 239
3536:   2C12043100005EB694DFB80B300C02000000FFEF                                                aot_set                 ID_AOT_18, SCE_MESSAGE, SAT_PL | SAT_MANUAL | SAT_FRONT, 0, 0, -18850, -8300, 3000, 3120, ID_MSG_2, 0, 0, 0, 255, 239
354A:   2C1304310000FA0088AFB80B841702000000FFEF                                                aot_set                 ID_AOT_19, SCE_MESSAGE, SAT_PL | SAT_MANUAL | SAT_FRONT, 0, 0, 250, -20600, 3000, 6020, ID_MSG_2, 0, 0, 0, 255, 239
355E:   06001C00                                                                                if                      0, off_357E
3562:   21001901                                                                                ck                      FG_SYSTEM, F_DIFFICULT, 1
3566:   4E140231000082D8B0D2E605FC031E0003005200FF00                                            item_aot_set            ID_AOT_20, SCE_ITEM, SAT_PL | SAT_MANUAL | SAT_FRONT, 0, 0, -10110, -11600, 1510, 1020, ITEM_INKRIBBON, 3, 82, ID_OBJ_255, IF_DEFAULT
357C:   08                                                                                      endif
357D:   00                                                                                      nop

off_357E:
357E:   0100                                                                                    evt_end                 0

.proc main_0A
3580:   06003000                                                                                if                      0, off_35B4
3584:   21052001                                                                                ck                      FG_ROOM, 32, 1
3588:   06002400                                                                                if                      0, off_35B0
358C:   21050000                                                                                ck                      FG_ROOM, 0, 0
3590:   06001600                                                                                if                      0, off_35AA
3594:   21050300                                                                                ck                      FG_ROOM, 3, 0
3598:   22050301                                                                                set                     FG_ROOM, 3, 1
359C:   36020A020000499C0000B2BC                                                                se_on                   2, 522, 0, -25527, 0, -17230
35A8:   08                                                                                      endif
35A9:   00                                                                                      nop

off_35AA:
35AA:   0406180B                                                                                evt_exec                6, I_GOSUB, main_0B
35AE:   08                                                                                      endif
35AF:   00                                                                                      nop

off_35B0:
35B0:   07002E00                                                                                else                    0, off_35DE

off_35B4:
35B4:   06002400                                                                                if                      0, off_35DC
35B8:   21050001                                                                                ck                      FG_ROOM, 0, 1
35BC:   06001600                                                                                if                      0, off_35D6
35C0:   21050300                                                                                ck                      FG_ROOM, 3, 0
35C4:   22050301                                                                                set                     FG_ROOM, 3, 1
35C8:   36020A020000499C0000B2BC                                                                se_on                   2, 522, 0, -25527, 0, -17230
35D4:   08                                                                                      endif
35D5:   00                                                                                      nop

off_35D6:
35D6:   0407180C                                                                                evt_exec                7, I_GOSUB, main_0C
35DA:   08                                                                                      endif
35DB:   00                                                                                      nop

off_35DC:
35DC:   00                                                                                      nop
35DD:   00                                                                                      nop

off_35DE:
35DE:   06003000                                                                                if                      0, off_3612
35E2:   21052101                                                                                ck                      FG_ROOM, 33, 1
35E6:   06002400                                                                                if                      0, off_360E
35EA:   21050200                                                                                ck                      FG_ROOM, 2, 0
35EE:   06001600                                                                                if                      0, off_3608
35F2:   21050400                                                                                ck                      FG_ROOM, 4, 0
35F6:   22050401                                                                                set                     FG_ROOM, 4, 1
35FA:   36020A02000016B30000BF9B                                                                se_on                   2, 522, 0, -19690, 0, -25665
3606:   08                                                                                      endif
3607:   00                                                                                      nop

off_3608:
3608:   0408180D                                                                                evt_exec                8, I_GOSUB, main_0D
360C:   08                                                                                      endif
360D:   00                                                                                      nop

off_360E:
360E:   07002E00                                                                                else                    0, off_363C

off_3612:
3612:   06002400                                                                                if                      0, off_363A
3616:   21050201                                                                                ck                      FG_ROOM, 2, 1
361A:   06001600                                                                                if                      0, off_3634
361E:   21050400                                                                                ck                      FG_ROOM, 4, 0
3622:   22050401                                                                                set                     FG_ROOM, 4, 1
3626:   36020A02000016B30000BF9B                                                                se_on                   2, 522, 0, -19690, 0, -25665
3632:   08                                                                                      endif
3633:   00                                                                                      nop

off_3634:
3634:   0409180E                                                                                evt_exec                9, I_GOSUB, main_0E
3638:   08                                                                                      endif
3639:   00                                                                                      nop

off_363A:
363A:   00                                                                                      nop
363B:   00                                                                                      nop

off_363C:
363C:   180F                                                                                    gosub                   main_0F
363E:   0100                                                                                    evt_end                 0

.proc main_0B
3640:   0507                                                                                    evt_kill                7
3642:   2E0400                                                                                  work_set                WK_OBJECT, ID_OBJ_0
3645:   00                                                                                      nop
3646:   3D040C                                                                                  member_copy             V_04, M_Y_POS
3649:   00                                                                                      nop
364A:   24050A00                                                                                save                    V_05, 10
364E:   0F063A00                                                                                while                   6, off_368C
3652:   230004018CF1                                                                            cmp                     0, V_04, CMP_GT, -3700
3658:   3D100C                                                                                  member_copy             V_TEMP, M_Y_POS
365B:   00                                                                                      nop
365C:   26000110B400                                                                            calc                    0, OP_SUB, V_TEMP, 180
3662:   350C10                                                                                  member_set2             M_Y_POS, V_TEMP
3665:   00                                                                                      nop
3666:   3D040C                                                                                  member_copy             V_04, M_Y_POS
3669:   00                                                                                      nop
366A:   251005                                                                                  copy                    V_TEMP, V_05
366D:   00                                                                                      nop
366E:   260001100100                                                                            calc                    0, OP_SUB, V_TEMP, 1
3674:   250510                                                                                  copy                    V_05, V_TEMP
3677:   00                                                                                      nop
3678:   06000C00                                                                                if                      0, off_3688
367C:   2300040310F5                                                                            cmp                     0, V_04, CMP_LT, -2800
3682:   37130000                                                                                sca_id_set              19, 0, 0
3686:   08                                                                                      endif
3687:   00                                                                                      nop

off_3688:
3688:   02                                                                                      evt_next
3689:   00                                                                                      nop
368A:   1000                                                                                    ewhile                  0

off_368C:
368C:   22050001                                                                                set                     FG_ROOM, 0, 1
3690:   22050300                                                                                set                     FG_ROOM, 3, 0
3694:   0100                                                                                    evt_end                 0

.proc main_0C
3696:   0506                                                                                    evt_kill                6
3698:   371380FC                                                                                sca_id_set              19, 128, 252
369C:   2E0400                                                                                  work_set                WK_OBJECT, ID_OBJ_0
369F:   00                                                                                      nop
36A0:   3D040C                                                                                  member_copy             V_04, M_Y_POS
36A3:   00                                                                                      nop
36A4:   0F061C00                                                                                while                   6, off_36C4
36A8:   230004030000                                                                            cmp                     0, V_04, CMP_LT, 0
36AE:   3D100C                                                                                  member_copy             V_TEMP, M_Y_POS
36B1:   00                                                                                      nop
36B2:   26000010B400                                                                            calc                    0, OP_ADD, V_TEMP, 180
36B8:   350C10                                                                                  member_set2             M_Y_POS, V_TEMP
36BB:   00                                                                                      nop
36BC:   3D040C                                                                                  member_copy             V_04, M_Y_POS
36BF:   00                                                                                      nop
36C0:   02                                                                                      evt_next
36C1:   00                                                                                      nop
36C2:   1000                                                                                    ewhile                  0

off_36C4:
36C4:   340C0000                                                                                member_set              M_Y_POS, 0
36C8:   22050000                                                                                set                     FG_ROOM, 0, 0
36CC:   22050300                                                                                set                     FG_ROOM, 3, 0
36D0:   0100                                                                                    evt_end                 0

.proc main_0D
36D2:   0509                                                                                    evt_kill                9
36D4:   2E0401                                                                                  work_set                WK_OBJECT, ID_OBJ_1
36D7:   00                                                                                      nop
36D8:   3D040C                                                                                  member_copy             V_04, M_Y_POS
36DB:   00                                                                                      nop
36DC:   24050A00                                                                                save                    V_05, 10
36E0:   0F063A00                                                                                while                   6, off_371E
36E4:   230004018CF1                                                                            cmp                     0, V_04, CMP_GT, -3700
36EA:   3D100C                                                                                  member_copy             V_TEMP, M_Y_POS
36ED:   00                                                                                      nop
36EE:   26000110B400                                                                            calc                    0, OP_SUB, V_TEMP, 180
36F4:   350C10                                                                                  member_set2             M_Y_POS, V_TEMP
36F7:   00                                                                                      nop
36F8:   3D040C                                                                                  member_copy             V_04, M_Y_POS
36FB:   00                                                                                      nop
36FC:   251005                                                                                  copy                    V_TEMP, V_05
36FF:   00                                                                                      nop
3700:   260001100100                                                                            calc                    0, OP_SUB, V_TEMP, 1
3706:   250510                                                                                  copy                    V_05, V_TEMP
3709:   00                                                                                      nop
370A:   06000C00                                                                                if                      0, off_371A
370E:   2300040310F5                                                                            cmp                     0, V_04, CMP_LT, -2800
3714:   37140000                                                                                sca_id_set              20, 0, 0
3718:   08                                                                                      endif
3719:   00                                                                                      nop

off_371A:
371A:   02                                                                                      evt_next
371B:   00                                                                                      nop
371C:   1000                                                                                    ewhile                  0

off_371E:
371E:   22050201                                                                                set                     FG_ROOM, 2, 1
3722:   22050400                                                                                set                     FG_ROOM, 4, 0
3726:   0100                                                                                    evt_end                 0

.proc main_0E
3728:   0508                                                                                    evt_kill                8
372A:   371480FC                                                                                sca_id_set              20, 128, 252
372E:   2E0401                                                                                  work_set                WK_OBJECT, ID_OBJ_1
3731:   00                                                                                      nop
3732:   3D040C                                                                                  member_copy             V_04, M_Y_POS
3735:   00                                                                                      nop
3736:   0F061C00                                                                                while                   6, off_3756
373A:   230004030000                                                                            cmp                     0, V_04, CMP_LT, 0
3740:   3D100C                                                                                  member_copy             V_TEMP, M_Y_POS
3743:   00                                                                                      nop
3744:   26000010B400                                                                            calc                    0, OP_ADD, V_TEMP, 180
374A:   350C10                                                                                  member_set2             M_Y_POS, V_TEMP
374D:   00                                                                                      nop
374E:   3D040C                                                                                  member_copy             V_04, M_Y_POS
3751:   00                                                                                      nop
3752:   02                                                                                      evt_next
3753:   00                                                                                      nop
3754:   1000                                                                                    ewhile                  0

off_3756:
3756:   340C0000                                                                                member_set              M_Y_POS, 0
375A:   22050200                                                                                set                     FG_ROOM, 2, 0
375E:   22050400                                                                                set                     FG_ROOM, 4, 0
3762:   0100                                                                                    evt_end                 0

.proc main_0F

off_3764:
3764:   131AC600                                                                                switch                  26, off_382E
3768:   140008000000                                                                            case                    0, off_3776, 0
376E:   510100011E40                                                                            sce_bgm_control         BGM_CHANNEL_SUB0, BGM_OP_NOP, BGM_TYPE_PROG0_VOL, 30, 64
3774:   1A00                                                                                    break                   0

off_3776:
3776:   140008000100                                                                            case                    0, off_3784, 1
377C:   510100013240                                                                            sce_bgm_control         BGM_CHANNEL_SUB0, BGM_OP_NOP, BGM_TYPE_PROG0_VOL, 50, 64
3782:   1A00                                                                                    break                   0

off_3784:
3784:   140008000200                                                                            case                    0, off_3792, 2
378A:   510100012840                                                                            sce_bgm_control         BGM_CHANNEL_SUB0, BGM_OP_NOP, BGM_TYPE_PROG0_VOL, 40, 64
3790:   1A00                                                                                    break                   0

off_3792:
3792:   140008000300                                                                            case                    0, off_37A0, 3
3798:   510100012840                                                                            sce_bgm_control         BGM_CHANNEL_SUB0, BGM_OP_NOP, BGM_TYPE_PROG0_VOL, 40, 64
379E:   1A00                                                                                    break                   0

off_37A0:
37A0:   140008000400                                                                            case                    0, off_37AE, 4
37A6:   510100012840                                                                            sce_bgm_control         BGM_CHANNEL_SUB0, BGM_OP_NOP, BGM_TYPE_PROG0_VOL, 40, 64
37AC:   1A00                                                                                    break                   0

off_37AE:
37AE:   140008000500                                                                            case                    0, off_37BC, 5
37B4:   510100013240                                                                            sce_bgm_control         BGM_CHANNEL_SUB0, BGM_OP_NOP, BGM_TYPE_PROG0_VOL, 50, 64
37BA:   1A00                                                                                    break                   0

off_37BC:
37BC:   140008000600                                                                            case                    0, off_37CA, 6
37C2:   510100013240                                                                            sce_bgm_control         BGM_CHANNEL_SUB0, BGM_OP_NOP, BGM_TYPE_PROG0_VOL, 50, 64
37C8:   1A00                                                                                    break                   0

off_37CA:
37CA:   140008000700                                                                            case                    0, off_37D8, 7
37D0:   510100013240                                                                            sce_bgm_control         BGM_CHANNEL_SUB0, BGM_OP_NOP, BGM_TYPE_PROG0_VOL, 50, 64
37D6:   1A00                                                                                    break                   0

off_37D8:
37D8:   140008000800                                                                            case                    0, off_37E6, 8
37DE:   510100013240                                                                            sce_bgm_control         BGM_CHANNEL_SUB0, BGM_OP_NOP, BGM_TYPE_PROG0_VOL, 50, 64
37E4:   1A00                                                                                    break                   0

off_37E6:
37E6:   140008000900                                                                            case                    0, off_37F4, 9
37EC:   510100013240                                                                            sce_bgm_control         BGM_CHANNEL_SUB0, BGM_OP_NOP, BGM_TYPE_PROG0_VOL, 50, 64
37F2:   1A00                                                                                    break                   0

off_37F4:
37F4:   140008000A00                                                                            case                    0, off_3802, 10
37FA:   510100013240                                                                            sce_bgm_control         BGM_CHANNEL_SUB0, BGM_OP_NOP, BGM_TYPE_PROG0_VOL, 50, 64
3800:   1A00                                                                                    break                   0

off_3802:
3802:   140008000B00                                                                            case                    0, off_3810, 11
3808:   510100013240                                                                            sce_bgm_control         BGM_CHANNEL_SUB0, BGM_OP_NOP, BGM_TYPE_PROG0_VOL, 50, 64
380E:   1A00                                                                                    break                   0

off_3810:
3810:   140008000C00                                                                            case                    0, off_381E, 12
3816:   510100013240                                                                            sce_bgm_control         BGM_CHANNEL_SUB0, BGM_OP_NOP, BGM_TYPE_PROG0_VOL, 50, 64
381C:   1A00                                                                                    break                   0

off_381E:
381E:   140008000D00                                                                            case                    0, off_382C, 13
3824:   510100011E40                                                                            sce_bgm_control         BGM_CHANNEL_SUB0, BGM_OP_NOP, BGM_TYPE_PROG0_VOL, 30, 64
382A:   1A00                                                                                    break                   0

off_382C:
382C:   1600                                                                                    eswitch                 0

off_382E:
382E:   11000A00                                                                                do                      0, off_383C
3832:   090A0100                                                                                sleep                   10, 1
3836:   1204                                                                                    edwhile                 off_383C
3838:   21010B00                                                                                ck                      FG_STATUS, 11, 0

off_383C:
383C:   17FFFF0028FF                                                                            goto                    255, 255, 0, off_3764
3842:   0100                                                                                    evt_end                 0
