.version 2

.init
.proc init
143A:   3B00013100003BE977DB0807280A0DE90000E4E00008060100002E01009A6300                        door_aot_se             ID_AOT_0, SCE_DOOR, SAT_PL | SAT_MANUAL | SAT_FRONT, 0, 0, -5829, -9353, 1800, 2600, -5875, 0, -7964, 2048, 6, 1, 0, 0, 46, 1, 0, 154, ITEM_PLATFORMKEY, 0
145A:   3B0101310000B7FE23D09808080700CB0000C8AF1005060300002A0000000000                        door_aot_se             ID_AOT_1, SCE_DOOR, SAT_PL | SAT_MANUAL | SAT_FRONT, 0, 0, -329, -12253, 2200, 1800, -13568, 0, -20536, 1296, 6, 3, 0, 0, 42, 0, 0, 0, UNLOCKED, 0
147A:   0100                                                                                    evt_end                 0

.main
.proc main
1492:   06002E00                                                                                if                      0, off_14C4
1496:   21010101                                                                                ck                      FG_STATUS, F_SCENARIO, 1
149A:   06002400                                                                                if                      0, off_14C2
149E:   21048A00                                                                                ck                      FG_COMMON, 138, 0
14A2:   22048A01                                                                                set                     FG_COMMON, 138, 1
14A6:   4400FF4F0004000000FF18FC0000A9E8080300000000                                            sce_em_set              0, ID_EM_255, ENEMY_SHERRY_JACKET, 0, AI_04, 0, SBK_0, 0, 255, -1000, 0, -5975, 776, 0, 0
14BC:   04FF1808                                                                                evt_exec                255, I_GOSUB, main_08
14C0:   08                                                                                      endif
14C1:   00                                                                                      nop

off_14C2:
14C2:   08                                                                                      endif
14C3:   00                                                                                      nop

off_14C4:
14C4:   1802                                                                                    gosub                   main_02
14C6:   0100                                                                                    evt_end                 0

.proc aot
14C8:   0100                                                                                    evt_end                 0

.proc main_02
14CA:   06001A00                                                                                if                      0, off_14E8
14CE:   21010100                                                                                ck                      FG_STATUS, F_SCENARIO, 0
14D2:   2C0205410000842DECF2A816B80BFF0018070000                                                aot_set                 ID_AOT_2, SCE_EVENT, SAT_PL | SAT_UNDER, 0, 0, 11652, -3348, 5800, 3000, 255, 0, I_GOSUB, main_07, 0, 0
14E6:   08                                                                                      endif
14E7:   00                                                                                      nop

off_14E8:
14E8:   2C030531000048491AE308070807FF0018030000                                                aot_set                 ID_AOT_3, SCE_EVENT, SAT_PL | SAT_MANUAL | SAT_FRONT, 0, 0, 18760, -7398, 1800, 1800, 255, 0, I_GOSUB, main_03, 0, 0
14FC:   2C0404310000830F376BA00F080700000000FFFF                                                aot_set                 ID_AOT_4, SCE_MESSAGE, SAT_PL | SAT_MANUAL | SAT_FRONT, 0, 0, 3971, 27447, 4000, 1800, ID_MSG_0, 0, 0, 0, 255, 255
1510:   2C05043100004BF044E9100E080700000000FFFF                                                aot_set                 ID_AOT_5, SCE_MESSAGE, SAT_PL | SAT_MANUAL | SAT_FRONT, 0, 0, -4021, -5820, 3600, 1800, ID_MSG_0, 0, 0, 0, 255, 255
1524:   2D0000000000000000000A000000B451100E58D8000000000000000000000000000000000000            obj_model_set           ID_OBJ_0, 0, 0, 0, 0, 0, 0, 10, 0, 20916, 3600, -10152, 0, 0, 0, 0, 0, 0, 0, 0, 0, 0, 0
154A:   2D0100000000000000000A000000B451100E94B7000000080000000000000000000000000000            obj_model_set           ID_OBJ_1, 0, 0, 0, 0, 0, 0, 10, 0, 20916, 3600, -18540, 0, 2048, 0, 0, 0, 0, 0, 0, 0, 0, 0
1570:   2D0200000000000000000A000000B4514AFC90D7000000000000000000000000000000000000            obj_model_set           ID_OBJ_2, 0, 0, 0, 0, 0, 0, 10, 0, 20916, -950, -10352, 0, 0, 0, 0, 0, 0, 0, 0, 0, 0, 0
1596:   2D0300000000000000000A000000B4514C0490D7000000000000000000000000000000000000            obj_model_set           ID_OBJ_3, 0, 0, 0, 0, 0, 0, 10, 0, 20916, 1100, -10352, 0, 0, 0, 0, 0, 0, 0, 0, 0, 0, 0
15BC:   2D0400000000000000000A000000B4514AFC5CB8000000080000000000000000000000000000            obj_model_set           ID_OBJ_4, 0, 0, 0, 0, 0, 0, 10, 0, 20916, -950, -18340, 0, 2048, 0, 0, 0, 0, 0, 0, 0, 0, 0
15E2:   2D0500000000000000000A000000B4514C045CB8000000080000000000000000000000000000            obj_model_set           ID_OBJ_5, 0, 0, 0, 0, 0, 0, 10, 0, 20916, 1100, -18340, 0, 2048, 0, 0, 0, 0, 0, 0, 0, 0, 0
1608:   06001C00                                                                                if                      0, off_1628
160C:   21048801                                                                                ck                      FG_COMMON, 136, 1
1610:   5400160800000010384C2AFA52E70000000400000000                                            sce_espr3d_on           0, 2070, 0, 4096, 19512, -1494, -6318, 0, 1024, 0, 0
1626:   08                                                                                      endif
1627:   00                                                                                      nop

off_1628:
1628:   06001E00                                                                                if                      0, off_164A
162C:   21048C00                                                                                ck                      FG_COMMON, 140, 0
1630:   540016040000000AA04D78F614E70000000400000000                                            sce_espr3d_on           0, 1046, 0, 2560, 19872, -2440, -6380, 0, 1024, 0, 0
1646:   07002C00                                                                                else                    0, off_1672

off_164A:
164A:   540016140000000AA04D78F61AE60000000400000000                                            sce_espr3d_on           0, 5142, 0, 2560, 19872, -2440, -6630, 0, 1024, 0, 0
1660:   2E0400                                                                                  work_set                WK_OBJECT, ID_OBJ_0
1663:   00                                                                                      nop
1664:   340F00FC                                                                                member_set              M_Y_DIR, -1024
1668:   2E0401                                                                                  work_set                WK_OBJECT, ID_OBJ_1
166B:   00                                                                                      nop
166C:   340F000C                                                                                member_set              M_Y_DIR, 3072
1670:   00                                                                                      nop
1671:   00                                                                                      nop

off_1672:
1672:   06007800                                                                                if                      0, off_16EE
1676:   21010101                                                                                ck                      FG_STATUS, F_SCENARIO, 1
167A:   21048801                                                                                ck                      FG_COMMON, 136, 1
167E:   440000170600002E00A6B415000041E68B0700000000                                            sce_em_set              0, ID_EM_0, ENEMY_ZOMBIE_NAKED, 6, AI_DEFAULT, 0, SBK_46, 0, 166, 5556, 0, -6591, 1931, 0, 0
1694:   440001170600002E00A712340000FA010B0400000000                                            sce_em_set              0, ID_EM_1, ENEMY_ZOMBIE_NAKED, 6, AI_DEFAULT, 0, SBK_46, 0, 167, 13330, 0, 506, 1035, 0, 0
16AA:   440002170600002E00A8733B0000D8FA3B0400000000                                            sce_em_set              0, ID_EM_2, ENEMY_ZOMBIE_NAKED, 6, AI_DEFAULT, 0, SBK_46, 0, 168, 15219, 0, -1320, 1083, 0, 0
16C0:   440003170600002E00A9B737000018EC4B0300000000                                            sce_em_set              0, ID_EM_3, ENEMY_ZOMBIE_NAKED, 6, AI_DEFAULT, 0, SBK_46, 0, 169, 14263, 0, -5096, 843, 0, 0
16D6:   440004170600002E00AA9749000002DBDB0700000000                                            sce_em_set              0, ID_EM_4, ENEMY_ZOMBIE_NAKED, 6, AI_DEFAULT, 0, SBK_46, 0, 170, 18839, 0, -9470, 2011, 0, 0
16EC:   08                                                                                      endif
16ED:   00                                                                                      nop

off_16EE:
16EE:   0100                                                                                    evt_end                 0

.proc main_03
16F0:   06000E00                                                                                if                      0, off_1702
16F4:   21048800                                                                                ck                      FG_COMMON, 136, 0
16F8:   2B000100FFFF                                                                            message_on              0, ID_MSG_1, 0, 255, 255
16FE:   07002400                                                                                else                    0, off_1722

off_1702:
1702:   06001A00                                                                                if                      0, off_1720
1706:   21048C00                                                                                ck                      FG_COMMON, 140, 0
170A:   2B000200FFFF                                                                            message_on              0, ID_MSG_2, 0, 255, 255
1710:   02                                                                                      evt_next
1711:   00                                                                                      nop
1712:   06000800                                                                                if                      0, off_171E
1716:   210B1F00                                                                                ck                      FG_MESSAGE, F_QUESTION, 0
171A:   1804                                                                                    gosub                   main_04
171C:   08                                                                                      endif
171D:   00                                                                                      nop

off_171E:
171E:   08                                                                                      endif
171F:   00                                                                                      nop

off_1720:
1720:   00                                                                                      nop
1721:   00                                                                                      nop

off_1722:
1722:   0100                                                                                    evt_end                 0

.proc main_04
1724:   22020701                                                                                set                     FG_STOP, 7, 1
1728:   22048C01                                                                                set                     FG_COMMON, 140, 1
172C:   36020A000100000000000000                                                                se_on                   2, 10, 1, 0, 0, 0
1738:   2909                                                                                    cut_chg                 9
173A:   2E0300                                                                                  work_set                WK_ENEMY, ID_EM_0
173D:   00                                                                                      nop
173E:   1805                                                                                    gosub                   main_05
1740:   2E0301                                                                                  work_set                WK_ENEMY, ID_EM_1
1743:   00                                                                                      nop
1744:   1805                                                                                    gosub                   main_05
1746:   2E0302                                                                                  work_set                WK_ENEMY, ID_EM_2
1749:   00                                                                                      nop
174A:   1805                                                                                    gosub                   main_05
174C:   2E0303                                                                                  work_set                WK_ENEMY, ID_EM_3
174F:   00                                                                                      nop
1750:   1805                                                                                    gosub                   main_05
1752:   2E0304                                                                                  work_set                WK_ENEMY, ID_EM_4
1755:   00                                                                                      nop
1756:   1805                                                                                    gosub                   main_05
1758:   090A1E00                                                                                sleep                   10, 30
175C:   8BC805000000                                                                            nop_8b                  200, 5, 0, 0, 0
1762:   8B6421000500                                                                            nop_8b                  100, 33, 0, 5, 0
1768:   8C00644614002600                                                                        nop_8c                  0, 100, 70, 20, 0, 38, 0
1770:   8C00466414003A00                                                                        nop_8c                  0, 70, 100, 20, 0, 58, 0
1778:   8C00644614004E00                                                                        nop_8c                  0, 100, 70, 20, 0, 78, 0
1780:   8C00466414006200                                                                        nop_8c                  0, 70, 100, 20, 0, 98, 0
1788:   8C00644614007600                                                                        nop_8c                  0, 100, 70, 20, 0, 118, 0
1790:   8A0002001900                                                                            nop_8a                  0, 2, 0, 25, 0
1796:   8A0002004100                                                                            nop_8a                  0, 2, 0, 65, 0
179C:   8A0002004600                                                                            nop_8a                  0, 2, 0, 70, 0
17A2:   8A0003005D00                                                                            nop_8a                  0, 3, 0, 93, 0
17A8:   8A0002007800                                                                            nop_8a                  0, 2, 0, 120, 0
17AE:   8A0004008200                                                                            nop_8a                  0, 4, 0, 130, 0
17B4:   8BC80A008200                                                                            nop_8b                  200, 10, 0, 130, 0
17BA:   8C00C8640A008C00                                                                        nop_8c                  0, 200, 100, 10, 0, 140, 0
17C2:   36020B010000B451100EB8C8                                                                se_on                   2, 267, 0, 20916, 3600, -14152
17CE:   0D0028001000                                                                            for                     0, off_17FC, 16
17D4:   2E0400                                                                                  work_set                WK_OBJECT, ID_OBJ_0
17D7:   00                                                                                      nop
17D8:   3D100F                                                                                  member_copy             V_TEMP, M_Y_DIR
17DB:   00                                                                                      nop
17DC:   260001100400                                                                            calc                    0, OP_SUB, V_TEMP, 4
17E2:   350F10                                                                                  member_set2             M_Y_DIR, V_TEMP
17E5:   00                                                                                      nop
17E6:   2E0401                                                                                  work_set                WK_OBJECT, ID_OBJ_1
17E9:   00                                                                                      nop
17EA:   3D100F                                                                                  member_copy             V_TEMP, M_Y_DIR
17ED:   00                                                                                      nop
17EE:   260000100400                                                                            calc                    0, OP_ADD, V_TEMP, 4
17F4:   350F10                                                                                  member_set2             M_Y_DIR, V_TEMP
17F7:   00                                                                                      nop
17F8:   02                                                                                      evt_next
17F9:   00                                                                                      nop
17FA:   0E00                                                                                    next                    0

off_17FC:
17FC:   0D0028007A00                                                                            for                     0, off_182A, 122
1802:   2E0400                                                                                  work_set                WK_OBJECT, ID_OBJ_0
1805:   00                                                                                      nop
1806:   3D100F                                                                                  member_copy             V_TEMP, M_Y_DIR
1809:   00                                                                                      nop
180A:   260001100800                                                                            calc                    0, OP_SUB, V_TEMP, 8
1810:   350F10                                                                                  member_set2             M_Y_DIR, V_TEMP
1813:   00                                                                                      nop
1814:   2E0401                                                                                  work_set                WK_OBJECT, ID_OBJ_1
1817:   00                                                                                      nop
1818:   3D100F                                                                                  member_copy             V_TEMP, M_Y_DIR
181B:   00                                                                                      nop
181C:   260000100800                                                                            calc                    0, OP_ADD, V_TEMP, 8
1822:   350F10                                                                                  member_set2             M_Y_DIR, V_TEMP
1825:   00                                                                                      nop
1826:   02                                                                                      evt_next
1827:   00                                                                                      nop
1828:   0E00                                                                                    next                    0

off_182A:
182A:   0D0028000800                                                                            for                     0, off_1858, 8
1830:   2E0400                                                                                  work_set                WK_OBJECT, ID_OBJ_0
1833:   00                                                                                      nop
1834:   3D100F                                                                                  member_copy             V_TEMP, M_Y_DIR
1837:   00                                                                                      nop
1838:   260000100200                                                                            calc                    0, OP_ADD, V_TEMP, 2
183E:   350F10                                                                                  member_set2             M_Y_DIR, V_TEMP
1841:   00                                                                                      nop
1842:   2E0401                                                                                  work_set                WK_OBJECT, ID_OBJ_1
1845:   00                                                                                      nop
1846:   3D100F                                                                                  member_copy             V_TEMP, M_Y_DIR
1849:   00                                                                                      nop
184A:   260001100200                                                                            calc                    0, OP_SUB, V_TEMP, 2
1850:   350F10                                                                                  member_set2             M_Y_DIR, V_TEMP
1853:   00                                                                                      nop
1854:   02                                                                                      evt_next
1855:   00                                                                                      nop
1856:   0E00                                                                                    next                    0

off_1858:
1858:   090A1E00                                                                                sleep                   10, 30
185C:   4C16040000                                                                              sce_espr_kill           22, 4, 0, 0
1861:   00                                                                                      nop
1862:   540016140000000AA04D78F61AE60000000400000000                                            sce_espr3d_on           0, 5142, 0, 2560, 19872, -2440, -6630, 0, 1024, 0, 0
1878:   2E0300                                                                                  work_set                WK_ENEMY, ID_EM_0
187B:   00                                                                                      nop
187C:   1806                                                                                    gosub                   main_06
187E:   2E0301                                                                                  work_set                WK_ENEMY, ID_EM_1
1881:   00                                                                                      nop
1882:   1806                                                                                    gosub                   main_06
1884:   2E0302                                                                                  work_set                WK_ENEMY, ID_EM_2
1887:   00                                                                                      nop
1888:   1806                                                                                    gosub                   main_06
188A:   2E0303                                                                                  work_set                WK_ENEMY, ID_EM_3
188D:   00                                                                                      nop
188E:   1806                                                                                    gosub                   main_06
1890:   2E0304                                                                                  work_set                WK_ENEMY, ID_EM_4
1893:   00                                                                                      nop
1894:   1806                                                                                    gosub                   main_06
1896:   2906                                                                                    cut_chg                 6
1898:   3C01                                                                                    cut_auto                1
189A:   22020700                                                                                set                     FG_STOP, 7, 0
189E:   0100                                                                                    evt_end                 0

.proc main_05
18A0:   06003200                                                                                if                      0, off_18D6
18A4:   3E0000060100                                                                            member_cmp              0, 0, 6, 1, 0
18AA:   3D1007                                                                                  member_copy             V_TEMP, M_TYPE
18AD:   00                                                                                      nop
18AE:   260005100080                                                                            calc                    0, OP_OR, V_TEMP, -32768
18B4:   350710                                                                                  member_set2             M_TYPE, V_TEMP
18B7:   00                                                                                      nop
18B8:   3D1000                                                                                  member_copy             V_TEMP, M_POINTER
18BB:   00                                                                                      nop
18BC:   260005100004                                                                            calc                    0, OP_OR, V_TEMP, 1024
18C2:   350010                                                                                  member_set2             M_POINTER, V_TEMP
18C5:   00                                                                                      nop
18C6:   3D1001                                                                                  member_copy             V_TEMP, M_BE_FLAG
18C9:   00                                                                                      nop
18CA:   260005100800                                                                            calc                    0, OP_OR, V_TEMP, 8
18D0:   350110                                                                                  member_set2             M_BE_FLAG, V_TEMP
18D3:   00                                                                                      nop
18D4:   08                                                                                      endif
18D5:   00                                                                                      nop

off_18D6:
18D6:   0100                                                                                    evt_end                 0

.proc main_06
18D8:   06003200                                                                                if                      0, off_190E
18DC:   3E0000060100                                                                            member_cmp              0, 0, 6, 1, 0
18E2:   3D1007                                                                                  member_copy             V_TEMP, M_TYPE
18E5:   00                                                                                      nop
18E6:   26000610FF7F                                                                            calc                    0, OP_AND, V_TEMP, 32767
18EC:   350710                                                                                  member_set2             M_TYPE, V_TEMP
18EF:   00                                                                                      nop
18F0:   3D1000                                                                                  member_copy             V_TEMP, M_POINTER
18F3:   00                                                                                      nop
18F4:   26000610FFFB                                                                            calc                    0, OP_AND, V_TEMP, -1025
18FA:   350010                                                                                  member_set2             M_POINTER, V_TEMP
18FD:   00                                                                                      nop
18FE:   3D1001                                                                                  member_copy             V_TEMP, M_BE_FLAG
1901:   00                                                                                      nop
1902:   26000610F7FF                                                                            calc                    0, OP_AND, V_TEMP, -9
1908:   350110                                                                                  member_set2             M_BE_FLAG, V_TEMP
190B:   00                                                                                      nop
190C:   08                                                                                      endif
190D:   00                                                                                      nop

off_190E:
190E:   0100                                                                                    evt_end                 0

.proc main_07
1910:   46020000000000000000                                                                    aot_reset               ID_AOT_2, SCE_AUTO, SAT_AUTO, 0, 0, 0, 0, 0, 0
191A:   22010400                                                                                set                     FG_STATUS, 4, 0
191E:   22020701                                                                                set                     FG_STOP, 7, 1
1922:   510002005B41                                                                            sce_bgm_control         BGM_CHANNEL_MAIN, BGM_OP_STOP, BGM_TYPE_MAIN_VOL, 91, 65
1928:   510102005B41                                                                            sce_bgm_control         BGM_CHANNEL_SUB0, BGM_OP_STOP, BGM_TYPE_MAIN_VOL, 91, 65
192E:   510202005B41                                                                            sce_bgm_control         BGM_CHANNEL_SUB1, BGM_OP_STOP, BGM_TYPE_MAIN_VOL, 91, 65
1934:   02                                                                                      evt_next
1935:   00                                                                                      nop
1936:   530102071101                                                                            sce_fade_set            1, 2, 7, 17, 1
193C:   7401FF7F                                                                                sce_fade_adjust         1, 255, 127
1940:   6F0C                                                                                    movie_on                12
1942:   02                                                                                      evt_next
1943:   22000A01                                                                                set                     FG_SYSTEM, 10, 1

off_1947:
1947:   00                                                                                      nop
1948:   7401FF7F                                                                                sce_fade_adjust         1, 255, 127
194C:   02                                                                                      evt_next
194D:   00                                                                                      nop
194E:   17FFFF00F9FF                                                                            goto                    255, 255, 0, off_1947
1954:   0100                                                                                    evt_end                 0

.proc main_08
1956:   22020701                                                                                set                     FG_STOP, 7, 1
195A:   22011B01                                                                                set                     FG_STATUS, 27, 1
195E:   2E0100                                                                                  work_set                WK_PLAYER, 0
1961:   00                                                                                      nop
1962:   32004AFA000013E8                                                                        pos_set                 0, -1462, 0, -6125
196A:   340F6302                                                                                member_set              M_Y_DIR, 611
196E:   02                                                                                      evt_next
196F:   2904                                                                                    cut_chg                 4
1971:   3F000000                                                                                plc_motion              0, 0, 0
1975:   00                                                                                      nop
1976:   41020000000000FF0505                                                                    plc_neck                2, 0, 0, -256, 5, 5
1980:   090A1800                                                                                sleep                   10, 24
1984:   3F000110                                                                                plc_motion              0, 1, 16
1988:   090A1A00                                                                                sleep                   10, 26
198C:   41020000000200FF0A0A                                                                    plc_neck                2, 0, 512, -256, 10, 10
1996:   090A2800                                                                                sleep                   10, 40
199A:   4102000000FE00FF0808                                                                    plc_neck                2, 0, -512, -256, 8, 8
19A4:   090A2800                                                                                sleep                   10, 40
19A8:   2903                                                                                    cut_chg                 3
19AA:   090A1400                                                                                sleep                   10, 20
19AE:   4102000000FE00000A0A                                                                    plc_neck                2, 0, -512, 0, 10, 10
19B8:   090A2800                                                                                sleep                   10, 40
19BC:   41020000000200001010                                                                    plc_neck                2, 0, 512, 0, 16, 16
19C6:   090A2800                                                                                sleep                   10, 40
19CA:   2904                                                                                    cut_chg                 4
19CC:   40000520C402CDD8                                                                        plc_dest                0, 5, 32, 708, -10035
19D4:   1809                                                                                    gosub                   main_09
19D6:   22020700                                                                                set                     FG_STOP, 7, 0
19DA:   22011B00                                                                                set                     FG_STATUS, 27, 0
19DE:   22010300                                                                                set                     FG_STATUS, 3, 0
19E2:   4701                                                                                    aot_on                  ID_AOT_1
19E4:   0100                                                                                    evt_end                 0

.proc main_09
19E6:   11000800                                                                                do                      0, off_19F2
19EA:   02                                                                                      evt_next
19EB:   00                                                                                      nop
19EC:   1204                                                                                    edwhile                 off_19F2
19EE:   21052000                                                                                ck                      FG_ROOM, 32, 0

off_19F2:
19F2:   0100                                                                                    evt_end                 0

.proc main_0A
19F4:   11000800                                                                                do                      0, off_1A00
19F8:   02                                                                                      evt_next
19F9:   00                                                                                      nop
19FA:   1204                                                                                    edwhile                 off_1A00
19FC:   21052100                                                                                ck                      FG_ROOM, 33, 0

off_1A00:
1A00:   0100                                                                                    evt_end                 0
1A02:   00A0                                                                                    db                      0x00, 0xA0
