.version 2
.init
.proc init_00
1106:   3B0001310000B8D95CC7080708070C9A000060A50000060106001A0000000000                        door_aot_se             0, SCE_DOOR, SAT_PL | SAT_MANUAL | SAT_FRONT, 0, 0, -9800, -14500, 1800, 1800, -26100, 0, -23200, 0, 6, 1, 6, 0, 26, 0, 0, 0, UNLOCKED, 0
1126:   0100                                                                                    evt_end                 0

.main
.proc main_00
1150:   2D0000000000000000000A0000007C98C8CED4B300FC00000004000000000000000000000000            obj_model_set           0, 0, 0, 0, 0, 0, 0, 10, 0, -26500, -12600, -19500, -1024, 0, 1024, 0, 0, 0, 0, 0, 0, 0, 0
1176:   2C01053100002A958E9508070807FF0018030000                                                aot_set                 1, SCE_EVENT, SAT_PL | SAT_MANUAL | SAT_FRONT, 0, 0, -27350, -27250, 1800, 1800, 255, 0, I_GOSUB, main_03, 0, 0
118A:   2C0B05310000A6916A9B08076009FF0018030000                                                aot_set                 11, SCE_EVENT, SAT_PL | SAT_MANUAL | SAT_FRONT, 0, 0, -28250, -25750, 1800, 2400, 255, 0, I_GOSUB, main_03, 0, 0
119E:   2C0205310000B8D95CC708070807FF0018060000                                                aot_set                 2, SCE_EVENT, SAT_PL | SAT_MANUAL | SAT_FRONT, 0, 0, -9800, -14500, 1800, 1800, 255, 0, I_GOSUB, main_06, 0, 0
11B2:   2C03062100002A958E95080708070A0054000100                                                aot_set                 3, SCE_FLAG_CHG, SAT_PL | SAT_FRONT, 0, 0, -27350, -27250, 1800, 1800, 10, 0, 84, 0, 1, 0
11C6:   2C0D06210000A6916A9B080760090A0054000100                                                aot_set                 13, SCE_FLAG_CHG, SAT_PL | SAT_FRONT, 0, 0, -28250, -25750, 1800, 2400, 10, 0, 84, 0, 1, 0
11DA:   2C04062100002A958E95080708070A0055000100                                                aot_set                 4, SCE_FLAG_CHG, SAT_PL | SAT_FRONT, 0, 0, -27350, -27250, 1800, 1800, 10, 0, 85, 0, 1, 0
11EE:   2C0E06210000A6916A9B080760090A0055000100                                                aot_set                 14, SCE_FLAG_CHG, SAT_PL | SAT_FRONT, 0, 0, -28250, -25750, 1800, 2400, 10, 0, 85, 0, 1, 0
1202:   4E0502310000A89960A5480DC4091100020028000001                                            item_aot_set            5, SCE_ITEM, SAT_PL | SAT_MANUAL | SAT_FRONT, 0, 0, -26200, -23200, 3400, 2500, ITEM_ROCKETLAUNCHER, 2, 40, 0, 1
1218:   06004600                                                                                if                      0, off_1262
121C:   21049700                                                                                ck                      4, 151, 0
1220:   4400FF410002060000FFA092C8CE14BA400600000000                                            sce_em_set              0, 255, ENEMY_ADAWONG1, 0, 2, 6, 0, 0, 255, -28000, -12600, -17900, 1600, 0, 0
1236:   4400002B0000001A0028C0E02823589E000000000000                                            sce_em_set              0, 0, ENEMY_TYRANT2, 0, 0, 0, 26, 0, 40, -8000, 9000, -25000, 0, 0, 0
124C:   2E0200                                                                                  work_set                WK_SPLAYER, 0
124F:   00                                                                                      nop
1250:   3D1000                                                                                  member_copy             16, 0
1253:   00                                                                                      nop
1254:   260005100004                                                                            calc                    0, OP_OR, 16, 1024
125A:   350010                                                                                  member_set2             0, 16
125D:   00                                                                                      nop
125E:   1811                                                                                    gosub                   17
1260:   08                                                                                      endif
1261:   00                                                                                      nop

off_1262:
1262:   46020000000000000000                                                                    aot_reset               2, SCE_AUTO, SAT_AUTO, 0, 0, 0, 0, 0, 0
126C:   06003C00                                                                                if                      0, off_12AC
1270:   21048801                                                                                ck                      4, 136, 1
1274:   46030000000000000000                                                                    aot_reset               3, SCE_AUTO, SAT_AUTO, 0, 0, 0, 0, 0, 0
127E:   46040000000000000000                                                                    aot_reset               4, SCE_AUTO, SAT_AUTO, 0, 0, 0, 0, 0, 0
1288:   460D0000000000000000                                                                    aot_reset               13, SCE_AUTO, SAT_AUTO, 0, 0, 0, 0, 0, 0
1292:   460E0000000000000000                                                                    aot_reset               14, SCE_AUTO, SAT_AUTO, 0, 0, 0, 0, 0, 0
129C:   220F0601                                                                                set                     15, 6, 1
12A0:   22100101                                                                                set                     16, 1, 1
12A4:   22110101                                                                                set                     17, 1, 1
12A8:   07001200                                                                                else                    0, off_12BA

off_12AC:
12AC:   220F0600                                                                                set                     15, 6, 0
12B0:   22100100                                                                                set                     16, 1, 0
12B4:   22110100                                                                                set                     17, 1, 0
12B8:   00                                                                                      nop
12B9:   00                                                                                      nop

off_12BA:
12BA:   46050000000000000000                                                                    aot_reset               5, SCE_AUTO, SAT_AUTO, 0, 0, 0, 0, 0, 0
12C4:   06000A00                                                                                if                      0, off_12D2
12C8:   2104A000                                                                                ck                      4, 160, 0
12CC:   04FF1802                                                                                evt_exec                255, I_GOSUB, main_02
12D0:   08                                                                                      endif
12D1:   00                                                                                      nop

off_12D2:
12D2:   540016020000000DFE985CF96A9900FF000000000000                                            sce_espr3d_on           0, 534, 0, 3328, -26370, -1700, -26262, -256, 0, 0, 0
12E8:   04FF1809                                                                                evt_exec                255, I_GOSUB, main_09
12EC:   1813                                                                                    gosub                   19
12EE:   0100                                                                                    evt_end                 0

.proc main_01
12F0:   06000800                                                                                if                      0, off_12FC
12F4:   21010B01                                                                                ck                      1, 11, 1
12F8:   1813                                                                                    gosub                   19
12FA:   08                                                                                      endif
12FB:   00                                                                                      nop

off_12FC:
12FC:   06004A00                                                                                if                      0, off_134A
1300:   21048800                                                                                ck                      4, 136, 0
1304:   06001E00                                                                                if                      0, off_1326
1308:   230002005400                                                                            cmp                     0, 2, CMP_EQ, 84
130E:   06000C00                                                                                if                      0, off_131E
1312:   5E54                                                                                    keep_item_ck            84
1314:   5E55                                                                                    keep_item_ck            85
1316:   04FF1804                                                                                evt_exec                255, I_GOSUB, main_04
131A:   07000A00                                                                                else                    0, off_1324

off_131E:
131E:   04FF1805                                                                                evt_exec                255, I_GOSUB, main_05
1322:   00                                                                                      nop
1323:   00                                                                                      nop

off_1324:
1324:   08                                                                                      endif
1325:   00                                                                                      nop

off_1326:
1326:   06001E00                                                                                if                      0, off_1348
132A:   230002005500                                                                            cmp                     0, 2, CMP_EQ, 85
1330:   06000C00                                                                                if                      0, off_1340
1334:   5E54                                                                                    keep_item_ck            84
1336:   5E55                                                                                    keep_item_ck            85
1338:   04FF1804                                                                                evt_exec                255, I_GOSUB, main_04
133C:   07000A00                                                                                else                    0, off_1346

off_1340:
1340:   04FF1805                                                                                evt_exec                255, I_GOSUB, main_05
1344:   00                                                                                      nop
1345:   00                                                                                      nop

off_1346:
1346:   08                                                                                      endif
1347:   00                                                                                      nop

off_1348:
1348:   08                                                                                      endif
1349:   00                                                                                      nop

off_134A:
134A:   06001200                                                                                if                      0, off_1360
134E:   21072800                                                                                ck                      7, 40, 0
1352:   21049700                                                                                ck                      4, 151, 0
1356:   21050D00                                                                                ck                      5, 13, 0
135A:   04FF180B                                                                                evt_exec                255, I_GOSUB, main_0B
135E:   08                                                                                      endif
135F:   00                                                                                      nop

off_1360:
1360:   06001200                                                                                if                      0, off_1376
1364:   21072800                                                                                ck                      7, 40, 0
1368:   21049700                                                                                ck                      4, 151, 0
136C:   21050B00                                                                                ck                      5, 11, 0
1370:   04FF180E                                                                                evt_exec                255, I_GOSUB, main_0E
1374:   08                                                                                      endif
1375:   00                                                                                      nop

off_1376:
1376:   06001600                                                                                if                      0, off_1390
137A:   21072801                                                                                ck                      7, 40, 1
137E:   21049700                                                                                ck                      4, 151, 0
1382:   21050C00                                                                                ck                      5, 12, 0
1386:   22050C01                                                                                set                     5, 12, 1
138A:   04FF1810                                                                                evt_exec                255, I_GOSUB, main_10
138E:   08                                                                                      endif
138F:   00                                                                                      nop

off_1390:
1390:   0100                                                                                    evt_end                 0

.proc main_02
1392:   22020701                                                                                set                     2, 7, 1
1396:   22011B01                                                                                set                     1, 27, 1
139A:   090A1E00                                                                                sleep                   10, 30
139E:   8A000A000000                                                                            nop_8a                  0, 10, 0, 0, 0
13A4:   8BB40A000500                                                                            nop_8b                  180, 10, 0, 5, 0
13AA:   8BFA05000A00                                                                            nop_8b                  250, 5, 0, 10, 0
13B0:   22011D01                                                                                set                     1, 29, 1
13B4:   360211000000000000000000                                                                se_on                   2, 17, 0, 0, 0, 0
13C0:   2E0100                                                                                  work_set                WK_PLAYER, 0
13C3:   00                                                                                      nop
13C4:   090A1E00                                                                                sleep                   10, 30
13C8:   4102000000FE00FE3C1E                                                                    plc_neck                2, 0, -512, -512, 60, 30
13D2:   22011D00                                                                                set                     1, 29, 0
13D6:   090A1E00                                                                                sleep                   10, 30
13DA:   41020000000200FE3C1E                                                                    plc_neck                2, 0, 512, -512, 60, 30
13E4:   0B                                                                                      wsleep
13E5:   0C                                                                                      wsleeping
13E6:   41020000000000FF3C1E                                                                    plc_neck                2, 0, 0, -256, 60, 30
13F0:   090A1E00                                                                                sleep                   10, 30
13F4:   41020000000000FE3C1E                                                                    plc_neck                2, 0, 0, -512, 60, 30
13FE:   2204A001                                                                                set                     4, 160, 1
1402:   1812                                                                                    gosub                   18
1404:   0100                                                                                    evt_end                 0

.proc main_03
1406:   06001600                                                                                if                      0, off_1420
140A:   21048800                                                                                ck                      4, 136, 0
140E:   2904                                                                                    cut_chg                 4
1410:   2B000000FFFF                                                                            message_on              0, 0, 0, 255, 255
1416:   090A0100                                                                                sleep                   10, 1
141A:   2A                                                                                      cut_old
141B:   00                                                                                      nop
141C:   07003A00                                                                                else                    0, off_1456

off_1420:
1420:   06002400                                                                                if                      0, off_1448
1424:   21072800                                                                                ck                      7, 40, 0
1428:   54001501000000280493C4F05097A0FF200190000000                                            sce_espr3d_on           0, 277, 0, 10240, -27900, -3900, -26800, -96, 288, 144, 0
143E:   2B000100FFFF                                                                            message_on              0, 1, 0, 255, 255
1444:   07000C00                                                                                else                    0, off_1450

off_1448:
1448:   2B000300FFFF                                                                            message_on              0, 3, 0, 255, 255
144E:   00                                                                                      nop
144F:   00                                                                                      nop

off_1450:
1450:   090A0100                                                                                sleep                   10, 1
1454:   00                                                                                      nop
1455:   00                                                                                      nop

off_1456:
1456:   0100                                                                                    evt_end                 0

.proc main_04
1458:   2904                                                                                    cut_chg                 4
145A:   36020A000000000000000000                                                                se_on                   2, 10, 0, 0, 0, 0
1466:   22048801                                                                                set                     4, 136, 1
146A:   220F0601                                                                                set                     15, 6, 1
146E:   22100101                                                                                set                     16, 1, 1
1472:   22110101                                                                                set                     17, 1, 1
1476:   6254                                                                                    sce_item_lost           84
1478:   6255                                                                                    sce_item_lost           85
147A:   46030000000000000000                                                                    aot_reset               3, SCE_AUTO, SAT_AUTO, 0, 0, 0, 0, 0, 0
1484:   46040000000000000000                                                                    aot_reset               4, SCE_AUTO, SAT_AUTO, 0, 0, 0, 0, 0, 0
148E:   460D0000000000000000                                                                    aot_reset               13, SCE_AUTO, SAT_AUTO, 0, 0, 0, 0, 0, 0
1498:   460E0000000000000000                                                                    aot_reset               14, SCE_AUTO, SAT_AUTO, 0, 0, 0, 0, 0, 0
14A2:   22020701                                                                                set                     2, 7, 1
14A6:   090A0A00                                                                                sleep                   10, 10
14AA:   36020C000000000000000000                                                                se_on                   2, 12, 0, 0, 0, 0
14B6:   090A1400                                                                                sleep                   10, 20
14BA:   2903                                                                                    cut_chg                 3
14BC:   22020700                                                                                set                     2, 7, 0
14C0:   54001500000000280493C4F05097A0FF200190000000                                            sce_espr3d_on           0, 21, 0, 10240, -27900, -3900, -26800, -96, 288, 144, 0
14D6:   54001608000000280493C4F05097A0FF200190000000                                            sce_espr3d_on           0, 2070, 0, 10240, -27900, -3900, -26800, -96, 288, 144, 0
14EC:   360213000000000000000000                                                                se_on                   2, 19, 0, 0, 0, 0
14F8:   2B000100FFEF                                                                            message_on              0, 1, 0, 255, 239
14FE:   090A0100                                                                                sleep                   10, 1
1502:   4C15000000                                                                              sce_espr_kill           21, 0, 0, 0
1507:   4C16080000                                                                              sce_espr_kill           22, 8, 0, 0
150C:   090A0100                                                                                sleep                   10, 1
1510:   46020531FF0018060000                                                                    aot_reset               2, SCE_EVENT, SAT_PL | SAT_MANUAL | SAT_FRONT, 255, 0, I_GOSUB, main_06, 0, 0
151A:   46000000000000000000                                                                    aot_reset               0, SCE_AUTO, SAT_AUTO, 0, 0, 0, 0, 0, 0
1524:   4B000C                                                                                  cut_replace             0, 12
1527:   4B010D                                                                                  cut_replace             1, 13
152A:   4B020E                                                                                  cut_replace             2, 14
152D:   4B030F                                                                                  cut_replace             3, 15
1530:   290F                                                                                    cut_chg                 15
1532:   36020B000000000000000000                                                                se_on                   2, 11, 0, 0, 0, 0
153E:   3C01                                                                                    cut_auto                1
1540:   22020701                                                                                set                     2, 7, 1
1544:   04FF1807                                                                                evt_exec                255, I_GOSUB, main_07
1548:   0100                                                                                    evt_end                 0

.proc main_05
154A:   54001500000000280493C4F05097A0FF200190000000                                            sce_espr3d_on           0, 21, 0, 10240, -27900, -3900, -26800, -96, 288, 144, 0
1560:   54001600000000280493C4F05097A0FF200190000000                                            sce_espr3d_on           0, 22, 0, 10240, -27900, -3900, -26800, -96, 288, 144, 0
1576:   360212000000000000000000                                                                se_on                   2, 18, 0, 0, 0, 0
1582:   2B000400FFEF                                                                            message_on              0, 4, 0, 255, 239
1588:   090A0100                                                                                sleep                   10, 1
158C:   4C15000000                                                                              sce_espr_kill           21, 0, 0, 0
1591:   4C16000000                                                                              sce_espr_kill           22, 0, 0, 0
1596:   0100                                                                                    evt_end                 0

.proc main_06
1598:   2B000200FFFF                                                                            message_on              0, 2, 0, 255, 255
159E:   360216000000000000000000                                                                se_on                   2, 22, 0, 0, 0, 0
15AA:   0100                                                                                    evt_end                 0

.proc main_07
15AC:   22020701                                                                                set                     2, 7, 1
15B0:   22011B01                                                                                set                     1, 27, 1
15B4:   2E0100                                                                                  work_set                WK_PLAYER, 0
15B7:   00                                                                                      nop
15B8:   4000152100088000                                                                        plc_dest                0, 21, 33, 2048, 128
15C0:   4102000000FE00FE3C1E                                                                    plc_neck                2, 0, -512, -512, 60, 30
15CA:   090A1E00                                                                                sleep                   10, 30
15CE:   41020000000200FE3C1E                                                                    plc_neck                2, 0, 512, -512, 60, 30
15D8:   090A1E00                                                                                sleep                   10, 30
15DC:   41020000000000FF3C1E                                                                    plc_neck                2, 0, 0, -256, 60, 30
15E6:   090A1E00                                                                                sleep                   10, 30
15EA:   41000000000000003C1E                                                                    plc_neck                0, 0, 0, 0, 60, 30
15F4:   2E0300                                                                                  work_set                WK_ENEMY, 0
15F7:   00                                                                                      nop
15F8:   3200A8B2000070B3                                                                        pos_set                 0, -19800, 0, -19600
1600:   3300000078050000                                                                        dir_set                 0, 0, 1400, 0
1608:   3427A8B2                                                                                member_set              39, 168, 178
160C:   342870B3                                                                                member_set              40, 112, 179
1610:   2E0300                                                                                  work_set                WK_ENEMY, 0
1613:   00                                                                                      nop
1614:   34170100                                                                                member_set              23, 1, 0
1618:   090A0A00                                                                                sleep                   10, 10
161C:   04FF1808                                                                                evt_exec                255, I_GOSUB, main_08
1620:   510002000000                                                                            sce_bgm_control         0, 2, 0, 0, 0
1626:   8A0008000000                                                                            nop_8a                  0, 8, 0, 0, 0
162C:   8BB401000000                                                                            nop_8b                  180, 1, 0, 0, 0
1632:   8BFA05000100                                                                            nop_8b                  250, 5, 0, 1, 0
1638:   36020D000000000000000000                                                                se_on                   2, 13, 0, 0, 0, 0
1644:   22011C01                                                                                set                     1, 28, 1
1648:   090A1400                                                                                sleep                   10, 20
164C:   22011C00                                                                                set                     1, 28, 0
1650:   2905                                                                                    cut_chg                 5
1652:   2E0100                                                                                  work_set                WK_PLAYER, 0
1655:   00                                                                                      nop
1656:   32004CA00000C89C                                                                        pos_set                 0, -24500, 0, -25400
165E:   3300000000080000                                                                        dir_set                 0, 0, 2048, 0
1666:   40001521100E8000                                                                        plc_dest                0, 21, 33, 3600, 128
166E:   2E0300                                                                                  work_set                WK_ENEMY, 0
1671:   00                                                                                      nop
1672:   3200B0B90000B0B9                                                                        pos_set                 0, -18000, 0, -18000
167A:   3300000078050000                                                                        dir_set                 0, 0, 1400, 0
1682:   3427B0B9                                                                                member_set              39, 176, 185
1686:   3428B0B9                                                                                member_set              40, 176, 185
168A:   090A3C00                                                                                sleep                   10, 60
168E:   2906                                                                                    cut_chg                 6
1690:   2E0300                                                                                  work_set                WK_ENEMY, 0
1693:   00                                                                                      nop
1694:   34170200                                                                                member_set              23, 2, 0
1698:   22010400                                                                                set                     1, 4, 0
169C:   090A0100                                                                                sleep                   10, 1
16A0:   59000500                                                                                xa_on                   0, 5
16A4:   090AA000                                                                                sleep                   10, 160
16A8:   090A2800                                                                                sleep                   10, 40
16AC:   090A5A00                                                                                sleep                   10, 90
16B0:   0B                                                                                      wsleep
16B1:   0C                                                                                      wsleeping
16B2:   22010401                                                                                set                     1, 4, 1
16B6:   2E0300                                                                                  work_set                WK_ENEMY, 0
16B9:   00                                                                                      nop
16BA:   34170300                                                                                member_set              23, 3, 0
16BE:   290F                                                                                    cut_chg                 15
16C0:   04FF180A                                                                                evt_exec                255, I_GOSUB, main_0A
16C4:   510201000000                                                                            sce_bgm_control         2, 1, 0, 0, 0
16CA:   1812                                                                                    gosub                   18
16CC:   0100                                                                                    evt_end                 0

.proc main_08
16CE:   090A0F00                                                                                sleep                   10, 15
16D2:   360210000000000000000000                                                                se_on                   2, 16, 0, 0, 0, 0
16DE:   3A001A0D0000003014D318FC28A60000                                                        sce_espr_on             0, 3354, 0, 12288, -11500, -1000, -23000, 0
16EE:   3A001A0D00000020BCD02C0110AA0000                                                        sce_espr_on             0, 3354, 0, 8192, -12100, 300, -22000, 0
16FE:   3A001A0D000000202CCF2C0128A60000                                                        sce_espr_on             0, 3354, 0, 8192, -12500, 300, -23000, 0
170E:   3A001A0D000000202CCF2C0140A20000                                                        sce_espr_on             0, 3354, 0, 8192, -12500, 300, -24000, 0
171E:   0100                                                                                    evt_end                 0

.proc main_09
1720:   25101D                                                                                  copy                    16, 29
1723:   00                                                                                      nop
1724:   260004100500                                                                            calc                    0, OP_MOD, 16, 5
172A:   250B10                                                                                  copy                    11, 16
172D:   00                                                                                      nop
172E:   25100B                                                                                  copy                    16, 11
1731:   00                                                                                      nop
1732:   260000100500                                                                            calc                    0, OP_ADD, 16, 5
1738:   250B10                                                                                  copy                    11, 16
173B:   00                                                                                      nop
173C:   0D0006000B00                                                                            for                     0, off_1748, 11
1742:   090A0A00                                                                                sleep                   10, 10
1746:   0E00                                                                                    next                    0

off_1748:
1748:   090A5A00                                                                                sleep                   10, 90
174C:   06003800                                                                                if                      0, off_1788
1750:   21051400                                                                                ck                      5, 20, 0
1754:   3A001A0D0000003040A2F40144CB0000                                                        sce_espr_on             0, 3354, 0, 12288, -24000, 500, -13500, 0
1764:   360210000000000000000000                                                                se_on                   2, 16, 0, 0, 0, 0
1770:   22011C01                                                                                set                     1, 28, 1
1774:   8A0008000000                                                                            nop_8a                  0, 8, 0, 0, 0
177A:   8B5A01000000                                                                            nop_8b                  90, 1, 0, 0, 0
1780:   8B9605000100                                                                            nop_8b                  150, 5, 0, 1, 0
1786:   08                                                                                      endif
1787:   00                                                                                      nop

off_1788:
1788:   25101D                                                                                  copy                    16, 29
178B:   00                                                                                      nop
178C:   260004100500                                                                            calc                    0, OP_MOD, 16, 5
1792:   250B10                                                                                  copy                    11, 16
1795:   00                                                                                      nop
1796:   25100B                                                                                  copy                    16, 11
1799:   00                                                                                      nop
179A:   260000100500                                                                            calc                    0, OP_ADD, 16, 5
17A0:   250B10                                                                                  copy                    11, 16
17A3:   00                                                                                      nop
17A4:   0D0006000B00                                                                            for                     0, off_17B0, 11
17AA:   090A0400                                                                                sleep                   10, 4
17AE:   0E00                                                                                    next                    0

off_17B0:
17B0:   06001200                                                                                if                      0, off_17C6
17B4:   21051400                                                                                ck                      5, 20, 0
17B8:   360211000000000000000000                                                                se_on                   2, 17, 0, 0, 0, 0
17C4:   08                                                                                      endif
17C5:   00                                                                                      nop

off_17C6:
17C6:   090A1E00                                                                                sleep                   10, 30
17CA:   22011C00                                                                                set                     1, 28, 0
17CE:   04FF1809                                                                                evt_exec                255, I_GOSUB, main_09
17D2:   0100                                                                                    evt_end                 0

.proc main_0A
17D4:   090A0807                                                                                sleep                   10, 1800
17D8:   22050F01                                                                                set                     5, 15, 1
17DC:   0100                                                                                    evt_end                 0

.proc main_0B
17DE:   2E0300                                                                                  work_set                WK_ENEMY, 0
17E1:   00                                                                                      nop
17E2:   06001600                                                                                if                      0, off_17FC
17E6:   3E0019000100                                                                            member_cmp              0, 25, 0, 1, 0
17EC:   3E001A000100                                                                            member_cmp              0, 26, 0, 1, 0
17F2:   22050D01                                                                                set                     5, 13, 1
17F6:   04FF180C                                                                                evt_exec                255, I_GOSUB, main_0C
17FA:   08                                                                                      endif
17FB:   00                                                                                      nop

off_17FC:
17FC:   06001800                                                                                if                      0, off_1818
1800:   21050F01                                                                                ck                      5, 15, 1
1804:   3E001A000100                                                                            member_cmp              0, 26, 0, 1, 0
180A:   21050D00                                                                                ck                      5, 13, 0
180E:   22050D01                                                                                set                     5, 13, 1
1812:   04FF180C                                                                                evt_exec                255, I_GOSUB, main_0C
1816:   08                                                                                      endif
1817:   00                                                                                      nop

off_1818:
1818:   0100                                                                                    evt_end                 0

.proc main_0C
181A:   22020701                                                                                set                     2, 7, 1
181E:   22011B01                                                                                set                     1, 27, 1
1822:   2E0300                                                                                  work_set                WK_ENEMY, 0
1825:   00                                                                                      nop
1826:   34070080                                                                                member_set              7, 0, 128
182A:   25041A                                                                                  copy                    4, 26
182D:   00                                                                                      nop
182E:   2E0100                                                                                  work_set                WK_PLAYER, 0
1831:   00                                                                                      nop
1832:   3D050B                                                                                  member_copy             5, 11
1835:   00                                                                                      nop
1836:   3D060D                                                                                  member_copy             6, 13
1839:   00                                                                                      nop
183A:   3D070F                                                                                  member_copy             7, 15
183D:   00                                                                                      nop
183E:   2E0300                                                                                  work_set                WK_ENEMY, 0
1841:   00                                                                                      nop
1842:   3D080B                                                                                  member_copy             8, 11
1845:   00                                                                                      nop
1846:   3D090D                                                                                  member_copy             9, 13
1849:   00                                                                                      nop
184A:   3D0A0F                                                                                  member_copy             10, 15
184D:   00                                                                                      nop
184E:   2907                                                                                    cut_chg                 7
1850:   2E0400                                                                                  work_set                WK_OBJECT, 0
1853:   00                                                                                      nop
1854:   4800818A00005802CEFF80FC00000004                                                        super_set               0, 129, 138, 0, 600, -50, -896, 0, 1024
1864:   2E0200                                                                                  work_set                WK_SPLAYER, 0
1867:   00                                                                                      nop
1868:   3200A092B4E214BA                                                                        pos_set                 0, -28000, -7500, -17900
1870:   33000000740E0000                                                                        dir_set                 0, 0, 3700, 0
1878:   3F0A1240                                                                                plc_motion              10, 18, 64
187C:   090A0100                                                                                sleep                   10, 1
1880:   4000140000000000                                                                        plc_dest                0, 20, 0, 0, 0
1888:   59000000                                                                                xa_on                   0, 0
188C:   2B0005000000                                                                            message_on              0, 5, 0, 0, 0
1892:   090A1E00                                                                                sleep                   10, 30
1896:   2E0200                                                                                  work_set                WK_SPLAYER, 0
1899:   00                                                                                      nop
189A:   3200A092B4E214BA                                                                        pos_set                 0, -28000, -7500, -17900
18A2:   33000000740E0000                                                                        dir_set                 0, 0, 3700, 0
18AA:   3F0A1240                                                                                plc_motion              10, 18, 64
18AE:   090A1400                                                                                sleep                   10, 20
18B2:   2E0400                                                                                  work_set                WK_OBJECT, 0
18B5:   00                                                                                      nop
18B6:   490040FB40020004                                                                        super_reset             0, -1216, 576, 1024
18BE:   04FF180D                                                                                evt_exec                255, I_GOSUB, main_0D
18C2:   0B                                                                                      wsleep
18C3:   0C                                                                                      wsleeping
18C4:   11000800                                                                                do                      0, off_18D0
18C8:   02                                                                                      evt_next
18C9:   00                                                                                      nop
18CA:   1204                                                                                    edwhile                 off_18D0
18CC:   21050E00                                                                                ck                      5, 14, 0

off_18D0:
18D0:   090A0F00                                                                                sleep                   10, 15
18D4:   2E0100                                                                                  work_set                WK_PLAYER, 0
18D7:   00                                                                                      nop
18D8:   320058B700003CAB                                                                        pos_set                 0, -18600, 0, -21700
18E0:   33000000F8F80000                                                                        dir_set                 0, 0, -1800, 0
18E8:   2E0300                                                                                  work_set                WK_ENEMY, 0
18EB:   00                                                                                      nop
18EC:   3200C0E00000589E                                                                        pos_set                 0, -8000, 0, -25000
18F4:   3300000000000000                                                                        dir_set                 0, 0, 0, 0
18FC:   290B                                                                                    cut_chg                 11
18FE:   090A0100                                                                                sleep                   10, 1
1902:   06001200                                                                                if                      0, off_1918
1906:   21010000                                                                                ck                      1, 0, 0
190A:   59000100                                                                                xa_on                   0, 1
190E:   2B0006000000                                                                            message_on              0, 6, 0, 0, 0
1914:   07001000                                                                                else                    0, off_1924

off_1918:
1918:   59000100                                                                                xa_on                   0, 1
191C:   2B0008000000                                                                            message_on              0, 8, 0, 0, 0
1922:   00                                                                                      nop
1923:   00                                                                                      nop

off_1924:
1924:   2E0100                                                                                  work_set                WK_PLAYER, 0
1927:   00                                                                                      nop
1928:   41020000000044FD3C1E                                                                    plc_neck                2, 0, 0, -700, 60, 30
1932:   3F001140                                                                                plc_motion              0, 17, 64
1936:   2E0200                                                                                  work_set                WK_SPLAYER, 0
1939:   00                                                                                      nop
193A:   4000152340066000                                                                        plc_dest                0, 21, 35, 1600, 96
1942:   0B                                                                                      wsleep
1943:   0C                                                                                      wsleeping
1944:   1D040100                                                                                work_copy               4, 1, 0
1948:   2900                                                                                    cut_chg                 0
194A:   46050231110002002800                                                                    aot_reset               5, SCE_ITEM, SAT_PL | SAT_MANUAL | SAT_FRONT, 17, 0, 2, 0, 40, 0
1954:   2E0200                                                                                  work_set                WK_SPLAYER, 0
1957:   00                                                                                      nop
1958:   3200A092C8CE14BA                                                                        pos_set                 0, -28000, -12600, -17900
1960:   3300000040060000                                                                        dir_set                 0, 0, 1600, 0
1968:   2E0300                                                                                  work_set                WK_ENEMY, 0
196B:   00                                                                                      nop
196C:   3D1007                                                                                  member_copy             16, 7
196F:   00                                                                                      nop
1970:   26000610FF7F                                                                            calc                    0, OP_AND, 16, 32767
1976:   350710                                                                                  member_set2             7, 16
1979:   00                                                                                      nop
197A:   2E0100                                                                                  work_set                WK_PLAYER, 0
197D:   00                                                                                      nop
197E:   350B05                                                                                  member_set2             11, 5
1981:   00                                                                                      nop
1982:   350D06                                                                                  member_set2             13, 6
1985:   00                                                                                      nop
1986:   350F07                                                                                  member_set2             15, 7
1989:   00                                                                                      nop
198A:   352705                                                                                  member_set2             39, 5
198D:   00                                                                                      nop
198E:   352806                                                                                  member_set2             40, 6
1991:   00                                                                                      nop
1992:   2E0300                                                                                  work_set                WK_ENEMY, 0
1995:   00                                                                                      nop
1996:   350B08                                                                                  member_set2             11, 8
1999:   00                                                                                      nop
199A:   350D09                                                                                  member_set2             13, 9
199D:   00                                                                                      nop
199E:   350F0A                                                                                  member_set2             15, 10
19A1:   00                                                                                      nop
19A2:   352708                                                                                  member_set2             39, 8
19A5:   00                                                                                      nop
19A6:   352809                                                                                  member_set2             40, 9
19A9:   00                                                                                      nop
19AA:   090A0100                                                                                sleep                   10, 1
19AE:   1812                                                                                    gosub                   18
19B0:   0100                                                                                    evt_end                 0

.proc main_0D
19B2:   2E0400                                                                                  work_set                WK_OBJECT, 0
19B5:   00                                                                                      nop
19B6:   2F020A00                                                                                speed_set               2, 10
19BA:   2F011400                                                                                speed_set               1, 20
19BE:   2F001900                                                                                speed_set               0, 25
19C2:   2F080000                                                                                speed_set               8, 0
19C6:   2F071400                                                                                speed_set               7, 20
19CA:   2F060500                                                                                speed_set               6, 5
19CE:   11000C00                                                                                do                      0, off_19DE
19D2:   02                                                                                      evt_next
19D3:   30                                                                                      add_speed
19D4:   31                                                                                      add_aspeed
19D5:   00                                                                                      nop
19D6:   1206                                                                                    edwhile                 off_19DE
19D8:   3E000C03E0FC                                                                            member_cmp              0, 12, 3, 224, 252

off_19DE:
19DE:   22050E01                                                                                set                     5, 14, 1
19E2:   36020E000000000000000000                                                                se_on                   2, 14, 0, 0, 0, 0
19EE:   2E0400                                                                                  work_set                WK_OBJECT, 0
19F1:   00                                                                                      nop
19F2:   3200B69F000010AA                                                                        pos_set                 0, -24650, 0, -22000
19FA:   330000FC00000004                                                                        dir_set                 0, -1024, 0, 1024
1A02:   340A1000                                                                                member_set              10, 16, 0
1A06:   0100                                                                                    evt_end                 0

.proc main_0E
1A08:   2E0300                                                                                  work_set                WK_ENEMY, 0
1A0B:   00                                                                                      nop
1A0C:   06001000                                                                                if                      0, off_1A20
1A10:   3E0018000100                                                                            member_cmp              0, 24, 0, 1, 0
1A16:   22050B01                                                                                set                     5, 11, 1
1A1A:   04FF180F                                                                                evt_exec                255, I_GOSUB, main_0F
1A1E:   08                                                                                      endif
1A1F:   00                                                                                      nop

off_1A20:
1A20:   0100                                                                                    evt_end                 0

.proc main_0F
1A22:   510202000000                                                                            sce_bgm_control         2, 2, 0, 0, 0
1A28:   22051401                                                                                set                     5, 20, 1
1A2C:   22010400                                                                                set                     1, 4, 0
1A30:   090A0F00                                                                                sleep                   10, 15
1A34:   06001200                                                                                if                      0, off_1A4A
1A38:   21010000                                                                                ck                      1, 0, 0
1A3C:   59000200                                                                                xa_on                   0, 2
1A40:   2B0007000000                                                                            message_on              0, 7, 0, 0, 0
1A46:   07001000                                                                                else                    0, off_1A56

off_1A4A:
1A4A:   59000200                                                                                xa_on                   0, 2
1A4E:   2B0009000000                                                                            message_on              0, 9, 0, 0, 0
1A54:   00                                                                                      nop
1A55:   00                                                                                      nop

off_1A56:
1A56:   0B                                                                                      wsleep
1A57:   0C                                                                                      wsleeping
1A58:   2E0300                                                                                  work_set                WK_ENEMY, 0
1A5B:   00                                                                                      nop
1A5C:   34180200                                                                                member_set              24, 2, 0
1A60:   090A2000                                                                                sleep                   10, 32
1A64:   090A0500                                                                                sleep                   10, 5
1A68:   2E0300                                                                                  work_set                WK_ENEMY, 0
1A6B:   00                                                                                      nop
1A6C:   34180300                                                                                member_set              24, 3, 0
1A70:   0100                                                                                    evt_end                 0

.proc main_10
1A72:   22020701                                                                                set                     2, 7, 1
1A76:   22011B01                                                                                set                     1, 27, 1
1A7A:   22051400                                                                                set                     5, 20, 0
1A7E:   2E0300                                                                                  work_set                WK_ENEMY, 0
1A81:   00                                                                                      nop
1A82:   34180400                                                                                member_set              24, 4, 0
1A86:   090A0100                                                                                sleep                   10, 1
1A8A:   22020701                                                                                set                     2, 7, 1
1A8E:   090A3C00                                                                                sleep                   10, 60
1A92:   4B0C00                                                                                  cut_replace             12, 0
1A95:   4B0D01                                                                                  cut_replace             13, 1
1A98:   4B0E02                                                                                  cut_replace             14, 2
1A9B:   4B0F03                                                                                  cut_replace             15, 3
1A9E:   22010401                                                                                set                     1, 4, 1
1AA2:   510001000000                                                                            sce_bgm_control         0, 1, 0, 0, 0
1AA8:   57000207112F0080                                                                        sce_bgmtbl_set          0, 2, 7, 12049, 32768
1AB0:   57000307232C4080                                                                        sce_bgmtbl_set          0, 3, 7, 11299, 32832
1AB8:   36020B000000000000000000                                                                se_on                   2, 11, 0, 0, 0, 0
1AC4:   06000A00                                                                                if                      0, off_1AD2
1AC8:   23001A000C00                                                                            cmp                     0, 26, CMP_EQ, 12
1ACE:   2900                                                                                    cut_chg                 0
1AD0:   08                                                                                      endif
1AD1:   00                                                                                      nop

off_1AD2:
1AD2:   06000A00                                                                                if                      0, off_1AE0
1AD6:   23001A000D00                                                                            cmp                     0, 26, CMP_EQ, 13
1ADC:   2901                                                                                    cut_chg                 1
1ADE:   08                                                                                      endif
1ADF:   00                                                                                      nop

off_1AE0:
1AE0:   06000A00                                                                                if                      0, off_1AEE
1AE4:   23001A000E00                                                                            cmp                     0, 26, CMP_EQ, 14
1AEA:   2902                                                                                    cut_chg                 2
1AEC:   08                                                                                      endif
1AED:   00                                                                                      nop

off_1AEE:
1AEE:   06000A00                                                                                if                      0, off_1AFC
1AF2:   23001A000F00                                                                            cmp                     0, 26, CMP_EQ, 15
1AF8:   2903                                                                                    cut_chg                 3
1AFA:   08                                                                                      endif
1AFB:   00                                                                                      nop

off_1AFC:
1AFC:   460001310C9A000060A5                                                                    aot_reset               0, SCE_DOOR, SAT_PL | SAT_MANUAL | SAT_FRONT, 12, 154, 0, 0, 96, 165
1B06:   46020000000000000000                                                                    aot_reset               2, SCE_AUTO, SAT_AUTO, 0, 0, 0, 0, 0, 0
1B10:   22049701                                                                                set                     4, 151, 1
1B14:   510101017F40                                                                            sce_bgm_control         1, 1, 1, 127, 64
1B1A:   510100017F40                                                                            sce_bgm_control         1, 0, 1, 127, 64
1B20:   1812                                                                                    gosub                   18
1B22:   0100                                                                                    evt_end                 0

.proc main_11
1B24:   240B0000                                                                                save                    11, 0
1B28:   0D0024000F00                                                                            for                     0, off_1B52, 15
1B2E:   1D0B0200                                                                                work_copy               11, 2, 0
1B32:   6E0000002020                                                                            parts_set               0, 0, 0, 8224
1B38:   1D0B0200                                                                                work_copy               11, 2, 0
1B3C:   6E0000012000                                                                            parts_set               0, 0, 1, 32
1B42:   25100B                                                                                  copy                    16, 11
1B45:   00                                                                                      nop
1B46:   260000100100                                                                            calc                    0, OP_ADD, 16, 1
1B4C:   250B10                                                                                  copy                    11, 16
1B4F:   00                                                                                      nop
1B50:   0E00                                                                                    next                    0

off_1B52:
1B52:   0100                                                                                    evt_end                 0

.proc main_12
1B54:   2E0100                                                                                  work_set                WK_PLAYER, 0
1B57:   42                                                                                      plc_ret
1B58:   22020700                                                                                set                     2, 7, 0
1B5C:   22011B00                                                                                set                     1, 27, 0
1B60:   3C01                                                                                    cut_auto                1
1B62:   0100                                                                                    evt_end                 0

.proc main_13
1B64:   06009400                                                                                if                      0, off_1BFC
1B68:   21049700                                                                                ck                      4, 151, 0
1B6C:   131A8A00                                                                                switch                  26, off_1BFA
1B70:   140000000000                                                                            case                    0, off_1B76, 0

off_1B76:
1B76:   140008000100                                                                            case                    0, off_1B84, 1
1B7C:   510100013C40                                                                            sce_bgm_control         1, 0, 1, 60, 64
1B82:   1A00                                                                                    break                   0

off_1B84:
1B84:   140008000200                                                                            case                    0, off_1B92, 2
1B8A:   510100014640                                                                            sce_bgm_control         1, 0, 1, 70, 64
1B90:   1A00                                                                                    break                   0

off_1B92:
1B92:   140008000300                                                                            case                    0, off_1BA0, 3
1B98:   510100015040                                                                            sce_bgm_control         1, 0, 1, 80, 64
1B9E:   1A00                                                                                    break                   0

off_1BA0:
1BA0:   140008000400                                                                            case                    0, off_1BAE, 4
1BA6:   510100015A40                                                                            sce_bgm_control         1, 0, 1, 90, 64
1BAC:   1A00                                                                                    break                   0

off_1BAE:
1BAE:   140000000500                                                                            case                    0, off_1BB4, 5

off_1BB4:
1BB4:   140000000600                                                                            case                    0, off_1BBA, 6

off_1BBA:
1BBA:   140000000700                                                                            case                    0, off_1BC0, 7

off_1BC0:
1BC0:   140000000800                                                                            case                    0, off_1BC6, 8

off_1BC6:
1BC6:   140000000900                                                                            case                    0, off_1BCC, 9

off_1BCC:
1BCC:   140000000A00                                                                            case                    0, off_1BD2, 10

off_1BD2:
1BD2:   140000000B00                                                                            case                    0, off_1BD8, 11

off_1BD8:
1BD8:   140000000C00                                                                            case                    0, off_1BDE, 12

off_1BDE:
1BDE:   140000000D00                                                                            case                    0, off_1BE4, 13

off_1BE4:
1BE4:   140000000E00                                                                            case                    0, off_1BEA, 14

off_1BEA:
1BEA:   140008000F00                                                                            case                    0, off_1BF8, 15
1BF0:   510102010040                                                                            sce_bgm_control         1, 2, 1, 0, 64
1BF6:   1A00                                                                                    break                   0

off_1BF8:
1BF8:   1600                                                                                    eswitch                 0

off_1BFA:
1BFA:   08                                                                                      endif
1BFB:   00                                                                                      nop

off_1BFC:
1BFC:   0100                                                                                    evt_end                 0
1BFE:   3939                                                                                    db                      0x39, 0x39
